000 (9055917.000.000) 11/09 13:10:18 Job submitted from host: <188.184.90.62:9618?addrs=188.184.90.62-9618+[2001-1458-201-e4--100-238]-9618&alias=bigbird16.cern.ch&noUDP&sock=schedd_4073970_23e3>
...
040 (9055917.000.000) 11/09 13:22:25 Started transferring input files
	Transferring to host: <128.142.61.82:9618?addrs=128.142.61.82-9618+[2001-1458-301-23--100-51]-9618&alias=b7s06p9949.cern.ch&noUDP&sock=slot1_21_8097_d1a2_63257>
...
040 (9055917.000.000) 11/09 13:22:25 Finished transferring input files
...
001 (9055917.000.000) 11/09 13:22:26 Job executing on host: <128.142.61.82:9618?addrs=128.142.61.82-9618+[2001-1458-301-23--100-51]-9618&alias=b7s06p9949.cern.ch&noUDP&sock=startd_8059_61d5>
...
006 (9055917.000.000) 11/09 13:22:34 Image size of job updated: 287396
	137  -  MemoryUsage of job (MB)
	140116  -  ResidentSetSize of job (KB)
...
006 (9055917.000.000) 11/09 13:27:34 Image size of job updated: 1304604
	253  -  MemoryUsage of job (MB)
	258580  -  ResidentSetSize of job (KB)
...
006 (9055917.000.000) 11/09 13:29:45 Image size of job updated: 1305372
	253  -  MemoryUsage of job (MB)
	258580  -  ResidentSetSize of job (KB)
...
040 (9055917.000.000) 11/09 13:29:45 Started transferring output files
...
040 (9055917.000.000) 11/09 13:29:45 Finished transferring output files
...
005 (9055917.000.000) 11/09 13:29:45 Job terminated.
	(1) Normal termination (return value 0)
		Usr 0 00:04:07, Sys 0 00:00:03  -  Run Remote Usage
		Usr 0 00:00:00, Sys 0 00:00:00  -  Run Local Usage
		Usr 0 00:04:07, Sys 0 00:00:03  -  Total Remote Usage
		Usr 0 00:00:00, Sys 0 00:00:00  -  Total Local Usage
	5313  -  Run Bytes Sent By Job
	10615  -  Run Bytes Received By Job
	5313  -  Total Bytes Sent By Job
	10615  -  Total Bytes Received By Job
	Partitionable Resources :    Usage  Request Allocated 
	   Cpus                 :     1.00        1         1 
	   Disk (KB)            :    37          12   2935584 
	   Memory (MB)          :   253        2000      2000 

	Job terminated of its own accord at 2023-11-09T12:29:45Z.
...
000 (9055951.000.000) 11/09 14:11:04 Job submitted from host: <188.184.90.62:9618?addrs=188.184.90.62-9618+[2001-1458-201-e4--100-238]-9618&alias=bigbird16.cern.ch&noUDP&sock=schedd_4073970_23e3>
...
000 (9055958.000.000) 11/09 14:11:32 Job submitted from host: <188.184.90.62:9618?addrs=188.184.90.62-9618+[2001-1458-201-e4--100-238]-9618&alias=bigbird16.cern.ch&noUDP&sock=schedd_4073970_23e3>
...
040 (9055951.000.000) 11/09 14:34:05 Started transferring input files
	Transferring to host: <188.184.160.59:9618?addrs=188.184.160.59-9618+[2001-1458-301-48--100-35]-9618&alias=b7s09p9483.cern.ch&noUDP&sock=slot1_2_122554_2131_271331>
...
040 (9055951.000.000) 11/09 14:34:05 Finished transferring input files
...
001 (9055951.000.000) 11/09 14:34:06 Job executing on host: <188.184.160.59:9618?addrs=188.184.160.59-9618+[2001-1458-301-48--100-35]-9618&alias=b7s09p9483.cern.ch&noUDP&sock=startd_28486_9ae8>
...
040 (9055958.000.000) 11/09 14:34:09 Started transferring input files
	Transferring to host: <188.184.160.180:9618?addrs=188.184.160.180-9618+[2001-1458-301-48--100-ae]-9618&alias=b7s09p5375.cern.ch&noUDP&sock=slot1_41_122699_4b97_272339>
...
040 (9055958.000.000) 11/09 14:34:09 Finished transferring input files
...
001 (9055958.000.000) 11/09 14:34:10 Job executing on host: <188.184.160.180:9618?addrs=188.184.160.180-9618+[2001-1458-301-48--100-ae]-9618&alias=b7s09p5375.cern.ch&noUDP&sock=startd_90908_e7b2>
...
006 (9055951.000.000) 11/09 14:34:15 Image size of job updated: 732716
	137  -  MemoryUsage of job (MB)
	140112  -  ResidentSetSize of job (KB)
...
006 (9055958.000.000) 11/09 14:34:19 Image size of job updated: 315720
	149  -  MemoryUsage of job (MB)
	152540  -  ResidentSetSize of job (KB)
...
006 (9055951.000.000) 11/09 14:39:16 Image size of job updated: 1304624
	235  -  MemoryUsage of job (MB)
	239960  -  ResidentSetSize of job (KB)
...
006 (9055958.000.000) 11/09 14:39:20 Image size of job updated: 1304624
	235  -  MemoryUsage of job (MB)
	239964  -  ResidentSetSize of job (KB)
...
006 (9055951.000.000) 11/09 14:44:17 Image size of job updated: 1304624
	248  -  MemoryUsage of job (MB)
	252948  -  ResidentSetSize of job (KB)
...
006 (9055958.000.000) 11/09 14:44:21 Image size of job updated: 1304624
	248  -  MemoryUsage of job (MB)
	253264  -  ResidentSetSize of job (KB)
...
006 (9055951.000.000) 11/09 14:49:17 Image size of job updated: 1305856
	249  -  MemoryUsage of job (MB)
	254468  -  ResidentSetSize of job (KB)
...
006 (9055958.000.000) 11/09 14:49:21 Image size of job updated: 1305840
	250  -  MemoryUsage of job (MB)
	255120  -  ResidentSetSize of job (KB)
...
006 (9055951.000.000) 11/09 14:54:17 Image size of job updated: 1305856
	249  -  MemoryUsage of job (MB)
	254532  -  ResidentSetSize of job (KB)
...
006 (9055958.000.000) 11/09 14:54:21 Image size of job updated: 1305840
	250  -  MemoryUsage of job (MB)
	255220  -  ResidentSetSize of job (KB)
...
006 (9055951.000.000) 11/09 14:59:18 Image size of job updated: 1306112
	249  -  MemoryUsage of job (MB)
	254608  -  ResidentSetSize of job (KB)
...
006 (9055958.000.000) 11/09 14:59:22 Image size of job updated: 1306096
	250  -  MemoryUsage of job (MB)
	255312  -  ResidentSetSize of job (KB)
...
006 (9055951.000.000) 11/09 15:04:18 Image size of job updated: 1306112
	249  -  MemoryUsage of job (MB)
	254796  -  ResidentSetSize of job (KB)
...
006 (9055951.000.000) 11/09 15:09:18 Image size of job updated: 1306112
	249  -  MemoryUsage of job (MB)
	254804  -  ResidentSetSize of job (KB)
...
006 (9055958.000.000) 11/09 15:09:22 Image size of job updated: 1306096
	250  -  MemoryUsage of job (MB)
	255328  -  ResidentSetSize of job (KB)
...
006 (9055951.000.000) 11/09 15:14:19 Image size of job updated: 1306112
	249  -  MemoryUsage of job (MB)
	254808  -  ResidentSetSize of job (KB)
...
006 (9055951.000.000) 11/09 15:19:19 Image size of job updated: 1306112
	249  -  MemoryUsage of job (MB)
	254824  -  ResidentSetSize of job (KB)
...
006 (9055958.000.000) 11/09 15:19:24 Image size of job updated: 1306096
	250  -  MemoryUsage of job (MB)
	255364  -  ResidentSetSize of job (KB)
...
006 (9055951.000.000) 11/09 15:24:19 Image size of job updated: 1306112
	254  -  MemoryUsage of job (MB)
	259680  -  ResidentSetSize of job (KB)
...
006 (9055958.000.000) 11/09 15:24:24 Image size of job updated: 1306096
	254  -  MemoryUsage of job (MB)
	259604  -  ResidentSetSize of job (KB)
...
006 (9055951.000.000) 11/09 15:29:20 Image size of job updated: 1306112
	254  -  MemoryUsage of job (MB)
	259700  -  ResidentSetSize of job (KB)
...
006 (9055958.000.000) 11/09 15:29:25 Image size of job updated: 1306096
	254  -  MemoryUsage of job (MB)
	259656  -  ResidentSetSize of job (KB)
...
006 (9055951.000.000) 11/09 15:34:21 Image size of job updated: 1306112
	254  -  MemoryUsage of job (MB)
	259704  -  ResidentSetSize of job (KB)
...
006 (9055958.000.000) 11/09 15:34:26 Image size of job updated: 1306096
	254  -  MemoryUsage of job (MB)
	259668  -  ResidentSetSize of job (KB)
...
006 (9055951.000.000) 11/09 15:39:21 Image size of job updated: 1306112
	254  -  MemoryUsage of job (MB)
	259748  -  ResidentSetSize of job (KB)
...
006 (9055958.000.000) 11/09 15:39:26 Image size of job updated: 1306096
	254  -  MemoryUsage of job (MB)
	259844  -  ResidentSetSize of job (KB)
...
006 (9055951.000.000) 11/09 15:44:22 Image size of job updated: 1306112
	254  -  MemoryUsage of job (MB)
	259752  -  ResidentSetSize of job (KB)
...
006 (9055958.000.000) 11/09 15:44:26 Image size of job updated: 1306096
	254  -  MemoryUsage of job (MB)
	259860  -  ResidentSetSize of job (KB)
...
006 (9055951.000.000) 11/09 15:49:23 Image size of job updated: 1306368
	254  -  MemoryUsage of job (MB)
	260040  -  ResidentSetSize of job (KB)
...
006 (9055958.000.000) 11/09 15:49:27 Image size of job updated: 1306352
	254  -  MemoryUsage of job (MB)
	259928  -  ResidentSetSize of job (KB)
...
006 (9055951.000.000) 11/09 15:54:23 Image size of job updated: 1306624
	254  -  MemoryUsage of job (MB)
	260064  -  ResidentSetSize of job (KB)
...
006 (9055951.000.000) 11/09 16:29:26 Image size of job updated: 1306624
	257  -  MemoryUsage of job (MB)
	262276  -  ResidentSetSize of job (KB)
...
006 (9055951.000.000) 11/09 16:39:27 Image size of job updated: 1306624
	257  -  MemoryUsage of job (MB)
	262516  -  ResidentSetSize of job (KB)
...
006 (9055958.000.000) 11/09 16:39:33 Image size of job updated: 1306352
	256  -  MemoryUsage of job (MB)
	261868  -  ResidentSetSize of job (KB)
...
006 (9055951.000.000) 11/09 16:44:27 Image size of job updated: 1306624
	257  -  MemoryUsage of job (MB)
	262532  -  ResidentSetSize of job (KB)
...
006 (9055958.000.000) 11/09 16:44:34 Image size of job updated: 1306608
	256  -  MemoryUsage of job (MB)
	262140  -  ResidentSetSize of job (KB)
...
006 (9055951.000.000) 11/09 16:49:27 Image size of job updated: 1306624
	257  -  MemoryUsage of job (MB)
	262596  -  ResidentSetSize of job (KB)
...
006 (9055951.000.000) 11/09 16:54:29 Image size of job updated: 1306880
	257  -  MemoryUsage of job (MB)
	262772  -  ResidentSetSize of job (KB)
...
006 (9055951.000.000) 11/09 16:59:29 Image size of job updated: 1306880
	257  -  MemoryUsage of job (MB)
	262864  -  ResidentSetSize of job (KB)
...
006 (9055958.000.000) 11/09 17:04:35 Image size of job updated: 1306608
	257  -  MemoryUsage of job (MB)
	262264  -  ResidentSetSize of job (KB)
...
006 (9055958.000.000) 11/09 17:09:35 Image size of job updated: 1306608
	257  -  MemoryUsage of job (MB)
	262408  -  ResidentSetSize of job (KB)
...
006 (9055958.000.000) 11/09 17:54:40 Image size of job updated: 1306864
	257  -  MemoryUsage of job (MB)
	262412  -  ResidentSetSize of job (KB)
...
006 (9055951.000.000) 11/09 18:09:35 Image size of job updated: 1306880
	258  -  MemoryUsage of job (MB)
	263684  -  ResidentSetSize of job (KB)
...
006 (9055951.000.000) 11/09 18:14:36 Image size of job updated: 1306880
	258  -  MemoryUsage of job (MB)
	263688  -  ResidentSetSize of job (KB)
...
006 (9055958.000.000) 11/09 18:24:43 Image size of job updated: 1306864
	257  -  MemoryUsage of job (MB)
	262464  -  ResidentSetSize of job (KB)
...
040 (9055951.000.000) 11/09 18:29:43 Started transferring output files
...
040 (9055951.000.000) 11/09 18:29:43 Finished transferring output files
...
005 (9055951.000.000) 11/09 18:29:43 Job terminated.
	(1) Normal termination (return value 0)
		Usr 0 03:32:04, Sys 0 00:00:15  -  Run Remote Usage
		Usr 0 00:00:00, Sys 0 00:00:00  -  Run Local Usage
		Usr 0 03:32:04, Sys 0 00:00:15  -  Total Remote Usage
		Usr 0 00:00:00, Sys 0 00:00:00  -  Total Local Usage
	13634  -  Run Bytes Sent By Job
	10615  -  Run Bytes Received By Job
	13634  -  Total Bytes Sent By Job
	10615  -  Total Bytes Received By Job
	Partitionable Resources :    Usage  Request Allocated 
	   Cpus                 :     0.97        1         1 
	   Disk (KB)            :    45          12   3115682 
	   Memory (MB)          :   258        2000      2000 

	Job terminated of its own accord at 2023-11-09T17:29:43Z.
...
040 (9055958.000.000) 11/09 18:41:07 Started transferring output files
...
040 (9055958.000.000) 11/09 18:41:07 Finished transferring output files
...
005 (9055958.000.000) 11/09 18:41:07 Job terminated.
	(1) Normal termination (return value 0)
		Usr 0 03:44:08, Sys 0 00:00:58  -  Run Remote Usage
		Usr 0 00:00:00, Sys 0 00:00:00  -  Run Local Usage
		Usr 0 03:44:08, Sys 0 00:00:58  -  Total Remote Usage
		Usr 0 00:00:00, Sys 0 00:00:00  -  Total Local Usage
	13634  -  Run Bytes Sent By Job
	10615  -  Run Bytes Received By Job
	13634  -  Total Bytes Sent By Job
	10615  -  Total Bytes Received By Job
	Partitionable Resources :    Usage  Request Allocated 
	   Cpus                 :     0.84        1         1 
	   Disk (KB)            :    45          12   2809354 
	   Memory (MB)          :   257        2000      2000 

	Job terminated of its own accord at 2023-11-09T17:41:07Z.
...
000 (9074408.000.000) 11/15 18:06:17 Job submitted from host: <188.184.90.62:9618?addrs=188.184.90.62-9618+[2001-1458-201-e4--100-238]-9618&alias=bigbird16.cern.ch&noUDP&sock=schedd_4073970_23e3>
...
040 (9074408.000.000) 11/16 00:49:11 Started transferring input files
	Transferring to host: <128.142.57.15:9618?addrs=128.142.57.15-9618+[2001-1458-301-7--100-e]-9618&alias=b7s02p3008.cern.ch&noUDP&sock=slot1_1_6143_0c93_190089>
...
040 (9074408.000.000) 11/16 00:49:11 Finished transferring input files
...
001 (9074408.000.000) 11/16 00:49:12 Job executing on host: <128.142.57.15:9618?addrs=128.142.57.15-9618+[2001-1458-301-7--100-e]-9618&alias=b7s02p3008.cern.ch&noUDP&sock=startd_6105_19c6>
...
006 (9074408.000.000) 11/16 00:49:21 Image size of job updated: 951552
	63  -  MemoryUsage of job (MB)
	64084  -  ResidentSetSize of job (KB)
...
006 (9074408.000.000) 11/16 00:52:31 Image size of job updated: 1304368
	63  -  MemoryUsage of job (MB)
	64084  -  ResidentSetSize of job (KB)
...
040 (9074408.000.000) 11/16 00:52:31 Started transferring output files
...
040 (9074408.000.000) 11/16 00:52:31 Finished transferring output files
...
005 (9074408.000.000) 11/16 00:52:31 Job terminated.
	(1) Normal termination (return value 0)
		Usr 0 00:00:16, Sys 0 00:00:02  -  Run Remote Usage
		Usr 0 00:00:00, Sys 0 00:00:00  -  Run Local Usage
		Usr 0 00:00:16, Sys 0 00:00:02  -  Total Remote Usage
		Usr 0 00:00:00, Sys 0 00:00:00  -  Total Local Usage
	5033  -  Run Bytes Sent By Job
	10615  -  Run Bytes Received By Job
	5033  -  Total Bytes Sent By Job
	10615  -  Total Bytes Received By Job
	Partitionable Resources :    Usage  Request Allocated 
	   Cpus                 :     0.03        1         1 
	   Disk (KB)            :    37          12   2938311 
	   Memory (MB)          :    63        2000      2000 

	Job terminated of its own accord at 2023-11-15T23:52:31Z.
...
000 (9075731.000.000) 11/16 10:27:47 Job submitted from host: <188.184.90.62:9618?addrs=188.184.90.62-9618+[2001-1458-201-e4--100-238]-9618&alias=bigbird16.cern.ch&noUDP&sock=schedd_4073970_23e3>
...
040 (9075731.000.000) 11/16 13:32:26 Started transferring input files
	Transferring to host: <128.142.248.54:9618?addrs=128.142.248.54-9618+[2001-1458-301-73--100-126]-9618&alias=b7g23p3578.cern.ch&noUDP&sock=slot1_39_5017_ae25_198129>
...
040 (9075731.000.000) 11/16 13:32:26 Finished transferring input files
...
001 (9075731.000.000) 11/16 13:32:27 Job executing on host: <128.142.248.54:9618?addrs=128.142.248.54-9618+[2001-1458-301-73--100-126]-9618&alias=b7g23p3578.cern.ch&noUDP&sock=startd_3422_c92d>
...
006 (9075731.000.000) 11/16 13:32:36 Image size of job updated: 577896
	60  -  MemoryUsage of job (MB)
	60896  -  ResidentSetSize of job (KB)
...
006 (9075731.000.000) 11/16 13:37:37 Image size of job updated: 1304740
	236  -  MemoryUsage of job (MB)
	240692  -  ResidentSetSize of job (KB)
...
006 (9075731.000.000) 11/16 13:42:37 Image size of job updated: 1304892
	244  -  MemoryUsage of job (MB)
	249028  -  ResidentSetSize of job (KB)
...
006 (9075731.000.000) 11/16 13:47:38 Image size of job updated: 1305148
	253  -  MemoryUsage of job (MB)
	258896  -  ResidentSetSize of job (KB)
...
006 (9075731.000.000) 11/16 13:57:39 Image size of job updated: 1305148
	253  -  MemoryUsage of job (MB)
	259064  -  ResidentSetSize of job (KB)
...
006 (9075731.000.000) 11/16 14:02:39 Image size of job updated: 1305148
	254  -  MemoryUsage of job (MB)
	259104  -  ResidentSetSize of job (KB)
...
006 (9075731.000.000) 11/16 14:07:40 Image size of job updated: 1305404
	256  -  MemoryUsage of job (MB)
	261184  -  ResidentSetSize of job (KB)
...
006 (9075731.000.000) 11/16 14:12:41 Image size of job updated: 1305404
	256  -  MemoryUsage of job (MB)
	261344  -  ResidentSetSize of job (KB)
...
006 (9075731.000.000) 11/16 14:17:41 Image size of job updated: 1305660
	256  -  MemoryUsage of job (MB)
	261348  -  ResidentSetSize of job (KB)
...
006 (9075731.000.000) 11/16 14:22:42 Image size of job updated: 1305660
	256  -  MemoryUsage of job (MB)
	261356  -  ResidentSetSize of job (KB)
...
006 (9075731.000.000) 11/16 14:32:43 Image size of job updated: 1305660
	256  -  MemoryUsage of job (MB)
	261360  -  ResidentSetSize of job (KB)
...
006 (9075731.000.000) 11/16 14:47:44 Image size of job updated: 1305660
	256  -  MemoryUsage of job (MB)
	261372  -  ResidentSetSize of job (KB)
...
006 (9075731.000.000) 11/16 15:02:46 Image size of job updated: 1305660
	256  -  MemoryUsage of job (MB)
	261488  -  ResidentSetSize of job (KB)
...
006 (9075731.000.000) 11/16 15:12:46 Image size of job updated: 1305916
	256  -  MemoryUsage of job (MB)
	261844  -  ResidentSetSize of job (KB)
...
040 (9075731.000.000) 11/16 17:18:48 Started transferring output files
...
040 (9075731.000.000) 11/16 17:18:48 Finished transferring output files
...
005 (9075731.000.000) 11/16 17:18:48 Job terminated.
	(1) Normal termination (return value 0)
		Usr 0 03:30:21, Sys 0 00:00:19  -  Run Remote Usage
		Usr 0 00:00:00, Sys 0 00:00:00  -  Run Local Usage
		Usr 0 03:30:21, Sys 0 00:00:19  -  Total Remote Usage
		Usr 0 00:00:00, Sys 0 00:00:00  -  Total Local Usage
	13291  -  Run Bytes Sent By Job
	10615  -  Run Bytes Received By Job
	13291  -  Total Bytes Sent By Job
	10615  -  Total Bytes Received By Job
	Partitionable Resources :    Usage  Request Allocated 
	   Cpus                 :     0.97        1         1 
	   Disk (KB)            :    45          12   3001603 
	   Memory (MB)          :   256        2000      2000 

	Job terminated of its own accord at 2023-11-16T16:18:47Z.
...
000 (9076161.000.000) 11/17 08:46:37 Job submitted from host: <188.184.90.62:9618?addrs=188.184.90.62-9618+[2001-1458-201-e4--100-238]-9618&alias=bigbird16.cern.ch&noUDP&sock=schedd_4073970_23e3>
...
040 (9076161.000.000) 11/17 12:54:44 Started transferring input files
	Transferring to host: <128.142.130.207:9618?addrs=128.142.130.207-9618+[2001-1458-301-58--100-c3]-9618&alias=b7g20p3828.cern.ch&noUDP&sock=slot1_2_4247_2546_3430>
...
040 (9076161.000.000) 11/17 12:54:44 Finished transferring input files
...
001 (9076161.000.000) 11/17 12:54:45 Job executing on host: <128.142.130.207:9618?addrs=128.142.130.207-9618+[2001-1458-301-58--100-c3]-9618&alias=b7g20p3828.cern.ch&noUDP&sock=startd_3703_874a>
...
006 (9076161.000.000) 11/17 12:54:54 Image size of job updated: 122264
	65  -  MemoryUsage of job (MB)
	65884  -  ResidentSetSize of job (KB)
...
006 (9076161.000.000) 11/17 12:59:55 Image size of job updated: 1304332
	235  -  MemoryUsage of job (MB)
	240408  -  ResidentSetSize of job (KB)
...
006 (9076161.000.000) 11/17 13:04:56 Image size of job updated: 1304728
	236  -  MemoryUsage of job (MB)
	240712  -  ResidentSetSize of job (KB)
...
006 (9076161.000.000) 11/17 13:09:56 Image size of job updated: 1304872
	236  -  MemoryUsage of job (MB)
	241092  -  ResidentSetSize of job (KB)
...
006 (9076161.000.000) 11/17 13:14:57 Image size of job updated: 1305128
	243  -  MemoryUsage of job (MB)
	248236  -  ResidentSetSize of job (KB)
...
006 (9076161.000.000) 11/17 13:19:58 Image size of job updated: 1305128
	252  -  MemoryUsage of job (MB)
	258028  -  ResidentSetSize of job (KB)
...
006 (9076161.000.000) 11/17 13:24:58 Image size of job updated: 1305128
	253  -  MemoryUsage of job (MB)
	258284  -  ResidentSetSize of job (KB)
...
006 (9076161.000.000) 11/17 13:29:59 Image size of job updated: 1305128
	253  -  MemoryUsage of job (MB)
	258392  -  ResidentSetSize of job (KB)
...
006 (9076161.000.000) 11/17 13:35:00 Image size of job updated: 1305384
	253  -  MemoryUsage of job (MB)
	258392  -  ResidentSetSize of job (KB)
...
006 (9076161.000.000) 11/17 13:50:01 Image size of job updated: 1305384
	255  -  MemoryUsage of job (MB)
	260820  -  ResidentSetSize of job (KB)
...
006 (9076161.000.000) 11/17 13:55:01 Image size of job updated: 1305384
	255  -  MemoryUsage of job (MB)
	261076  -  ResidentSetSize of job (KB)
...
006 (9076161.000.000) 11/17 14:10:03 Image size of job updated: 1305896
	255  -  MemoryUsage of job (MB)
	261076  -  ResidentSetSize of job (KB)
...
006 (9076161.000.000) 11/17 14:30:05 Image size of job updated: 1306408
	255  -  MemoryUsage of job (MB)
	261076  -  ResidentSetSize of job (KB)
...
006 (9076161.000.000) 11/17 15:45:13 Image size of job updated: 1306408
	256  -  MemoryUsage of job (MB)
	261204  -  ResidentSetSize of job (KB)
...
006 (9076161.000.000) 11/17 15:50:14 Image size of job updated: 1306408
	256  -  MemoryUsage of job (MB)
	261308  -  ResidentSetSize of job (KB)
...
040 (9076161.000.000) 11/17 20:23:16 Started transferring output files
...
040 (9076161.000.000) 11/17 20:23:16 Finished transferring output files
...
005 (9076161.000.000) 11/17 20:23:17 Job terminated.
	(1) Normal termination (return value 0)
		Usr 0 07:02:17, Sys 0 00:01:22  -  Run Remote Usage
		Usr 0 00:00:00, Sys 0 00:00:00  -  Run Local Usage
		Usr 0 07:02:17, Sys 0 00:01:22  -  Total Remote Usage
		Usr 0 00:00:00, Sys 0 00:00:00  -  Total Local Usage
	5833  -  Run Bytes Sent By Job
	11188  -  Run Bytes Received By Job
	5833  -  Total Bytes Sent By Job
	11188  -  Total Bytes Received By Job
	Partitionable Resources :    Usage  Request Allocated 
	   Cpus                 :     0.98        1         1 
	   Disk (KB)            :    38          12   1591529 
	   Memory (MB)          :   256        2000      2000 

	Job terminated of its own accord at 2023-11-17T19:23:16Z.
...
000 (9093013.000.000) 11/23 21:30:06 Job submitted from host: <188.184.90.62:9618?addrs=188.184.90.62-9618+[2001-1458-201-e4--100-238]-9618&alias=bigbird16.cern.ch&noUDP&sock=schedd_4073970_23e3>
...
040 (9093013.000.000) 11/24 00:00:56 Started transferring input files
	Transferring to host: <128.142.248.122:9618?addrs=128.142.248.122-9618+[2001-1458-301-73--100-16a]-9618&alias=b7g23p1073.cern.ch&noUDP&sock=slot1_29_3693_cd6f_18862>
...
040 (9093013.000.000) 11/24 00:00:56 Finished transferring input files
...
001 (9093013.000.000) 11/24 00:00:57 Job executing on host: <128.142.248.122:9618?addrs=128.142.248.122-9618+[2001-1458-301-73--100-16a]-9618&alias=b7g23p1073.cern.ch&noUDP&sock=startd_3085_a1c2>
...
006 (9093013.000.000) 11/24 00:01:06 Image size of job updated: 269264
	82  -  MemoryUsage of job (MB)
	83772  -  ResidentSetSize of job (KB)
...
006 (9093013.000.000) 11/24 00:06:07 Image size of job updated: 1304728
	236  -  MemoryUsage of job (MB)
	240676  -  ResidentSetSize of job (KB)
...
006 (9093013.000.000) 11/24 00:11:08 Image size of job updated: 1305004
	236  -  MemoryUsage of job (MB)
	241364  -  ResidentSetSize of job (KB)
...
006 (9093013.000.000) 11/24 00:16:08 Image size of job updated: 1305004
	243  -  MemoryUsage of job (MB)
	248060  -  ResidentSetSize of job (KB)
...
006 (9093013.000.000) 11/24 00:21:09 Image size of job updated: 1305260
	252  -  MemoryUsage of job (MB)
	257996  -  ResidentSetSize of job (KB)
...
006 (9093013.000.000) 11/24 00:31:10 Image size of job updated: 1305260
	252  -  MemoryUsage of job (MB)
	258044  -  ResidentSetSize of job (KB)
...
006 (9093013.000.000) 11/24 00:36:11 Image size of job updated: 1305260
	253  -  MemoryUsage of job (MB)
	258252  -  ResidentSetSize of job (KB)
...
006 (9093013.000.000) 11/24 00:41:12 Image size of job updated: 1305260
	253  -  MemoryUsage of job (MB)
	258276  -  ResidentSetSize of job (KB)
...
006 (9093013.000.000) 11/24 00:46:12 Image size of job updated: 1305260
	255  -  MemoryUsage of job (MB)
	260940  -  ResidentSetSize of job (KB)
...
006 (9093013.000.000) 11/24 00:51:12 Image size of job updated: 1305516
	255  -  MemoryUsage of job (MB)
	260940  -  ResidentSetSize of job (KB)
...
006 (9093013.000.000) 11/24 00:56:13 Image size of job updated: 1305516
	255  -  MemoryUsage of job (MB)
	261044  -  ResidentSetSize of job (KB)
...
006 (9093013.000.000) 11/24 01:06:13 Image size of job updated: 1305516
	255  -  MemoryUsage of job (MB)
	261080  -  ResidentSetSize of job (KB)
...
006 (9093013.000.000) 11/24 01:36:16 Image size of job updated: 1305772
	255  -  MemoryUsage of job (MB)
	261080  -  ResidentSetSize of job (KB)
...
006 (9093013.000.000) 11/24 01:41:17 Image size of job updated: 1305772
	255  -  MemoryUsage of job (MB)
	261116  -  ResidentSetSize of job (KB)
...
006 (9093013.000.000) 11/24 01:51:18 Image size of job updated: 1305772
	256  -  MemoryUsage of job (MB)
	261136  -  ResidentSetSize of job (KB)
...
006 (9093013.000.000) 11/24 02:06:19 Image size of job updated: 1305772
	256  -  MemoryUsage of job (MB)
	261316  -  ResidentSetSize of job (KB)
...
006 (9093013.000.000) 11/24 03:46:30 Image size of job updated: 1305772
	256  -  MemoryUsage of job (MB)
	261320  -  ResidentSetSize of job (KB)
...
006 (9093013.000.000) 11/24 05:06:38 Image size of job updated: 1305772
	256  -  MemoryUsage of job (MB)
	261324  -  ResidentSetSize of job (KB)
...
040 (9093013.000.000) 11/24 05:10:35 Started transferring output files
...
040 (9093013.000.000) 11/24 05:10:35 Finished transferring output files
...
005 (9093013.000.000) 11/24 05:10:35 Job terminated.
	(1) Normal termination (return value 0)
		Usr 0 04:50:35, Sys 0 00:00:36  -  Run Remote Usage
		Usr 0 00:00:00, Sys 0 00:00:00  -  Run Local Usage
		Usr 0 04:50:35, Sys 0 00:00:36  -  Total Remote Usage
		Usr 0 00:00:00, Sys 0 00:00:00  -  Total Local Usage
	5833  -  Run Bytes Sent By Job
	11220  -  Run Bytes Received By Job
	5833  -  Total Bytes Sent By Job
	11220  -  Total Bytes Received By Job
	Partitionable Resources :    Usage  Request Allocated 
	   Cpus                 :     0.92        1         1 
	   Disk (KB)            :    38          12   2937322 
	   Memory (MB)          :   256        2000      2000 

	Job terminated of its own accord at 2023-11-24T04:10:35Z.
...
