000 (9055920.000.000) 11/09 13:10:23 Job submitted from host: <188.184.90.62:9618?addrs=188.184.90.62-9618+[2001-1458-201-e4--100-238]-9618&alias=bigbird16.cern.ch&noUDP&sock=schedd_4073970_23e3>
...
040 (9055920.000.000) 11/09 13:22:25 Started transferring input files
	Transferring to host: <128.142.60.45:9618?addrs=128.142.60.45-9618+[2001-1458-301-22--100-2c]-9618&alias=b7s05p3924.cern.ch&noUDP&sock=slot1_17_1102_3566_92460>
...
040 (9055920.000.000) 11/09 13:22:25 Finished transferring input files
...
001 (9055920.000.000) 11/09 13:22:26 Job executing on host: <128.142.60.45:9618?addrs=128.142.60.45-9618+[2001-1458-301-22--100-2c]-9618&alias=b7s05p3924.cern.ch&noUDP&sock=startd_2898_5d8c>
...
006 (9055920.000.000) 11/09 13:22:35 Image size of job updated: 126244
	16  -  MemoryUsage of job (MB)
	15952  -  ResidentSetSize of job (KB)
...
006 (9055920.000.000) 11/09 13:26:32 Image size of job updated: 1271048
	16  -  MemoryUsage of job (MB)
	15952  -  ResidentSetSize of job (KB)
...
040 (9055920.000.000) 11/09 13:26:32 Started transferring output files
...
040 (9055920.000.000) 11/09 13:26:32 Finished transferring output files
...
005 (9055920.000.000) 11/09 13:26:32 Job terminated.
	(1) Normal termination (return value 0)
		Usr 0 00:01:02, Sys 0 00:00:00  -  Run Remote Usage
		Usr 0 00:00:00, Sys 0 00:00:00  -  Run Local Usage
		Usr 0 00:01:02, Sys 0 00:00:00  -  Total Remote Usage
		Usr 0 00:00:00, Sys 0 00:00:00  -  Total Local Usage
	4894  -  Run Bytes Sent By Job
	10626  -  Run Bytes Received By Job
	4894  -  Total Bytes Sent By Job
	10626  -  Total Bytes Received By Job
	Partitionable Resources :    Usage  Request Allocated 
	   Cpus                 :     0.02        1         1 
	   Disk (KB)            :    37          12   2913683 
	   Memory (MB)          :    16        2000      2000 

	Job terminated of its own accord at 2023-11-09T12:26:32Z.
...
000 (9055954.000.000) 11/09 14:11:09 Job submitted from host: <188.184.90.62:9618?addrs=188.184.90.62-9618+[2001-1458-201-e4--100-238]-9618&alias=bigbird16.cern.ch&noUDP&sock=schedd_4073970_23e3>
...
000 (9055961.000.000) 11/09 14:11:38 Job submitted from host: <188.184.90.62:9618?addrs=188.184.90.62-9618+[2001-1458-201-e4--100-238]-9618&alias=bigbird16.cern.ch&noUDP&sock=schedd_4073970_23e3>
...
040 (9055954.000.000) 11/09 14:34:07 Started transferring input files
	Transferring to host: <188.184.160.167:9618?addrs=188.184.160.167-9618+[2001-1458-301-48--100-a1]-9618&alias=b7s09p8471.cern.ch&noUDP&sock=slot1_12_38731_3e40_132451>
...
040 (9055954.000.000) 11/09 14:34:07 Finished transferring input files
...
001 (9055954.000.000) 11/09 14:34:08 Job executing on host: <188.184.160.167:9618?addrs=188.184.160.167-9618+[2001-1458-301-48--100-a1]-9618&alias=b7s09p8471.cern.ch&noUDP&sock=startd_38693_c214>
...
040 (9055961.000.000) 11/09 14:34:10 Started transferring input files
	Transferring to host: <188.184.160.149:9618?addrs=188.184.160.149-9618+[2001-1458-301-48--100-8f]-9618&alias=b7s09p4556.cern.ch&noUDP&sock=slot1_2_197270_4f8f_259416>
...
040 (9055961.000.000) 11/09 14:34:10 Finished transferring input files
...
001 (9055961.000.000) 11/09 14:34:11 Job executing on host: <188.184.160.149:9618?addrs=188.184.160.149-9618+[2001-1458-301-48--100-8f]-9618&alias=b7s09p4556.cern.ch&noUDP&sock=startd_197232_534e>
...
006 (9055954.000.000) 11/09 14:34:16 Image size of job updated: 270580
	125  -  MemoryUsage of job (MB)
	127756  -  ResidentSetSize of job (KB)
...
006 (9055961.000.000) 11/09 14:34:20 Image size of job updated: 16924
	1  -  MemoryUsage of job (MB)
	876  -  ResidentSetSize of job (KB)
...
006 (9055954.000.000) 11/09 14:39:16 Image size of job updated: 1272220
	206  -  MemoryUsage of job (MB)
	210088  -  ResidentSetSize of job (KB)
...
006 (9055961.000.000) 11/09 14:39:21 Image size of job updated: 1271304
	205  -  MemoryUsage of job (MB)
	208944  -  ResidentSetSize of job (KB)
...
006 (9055954.000.000) 11/09 14:44:17 Image size of job updated: 1273240
	208  -  MemoryUsage of job (MB)
	212124  -  ResidentSetSize of job (KB)
...
006 (9055961.000.000) 11/09 14:44:22 Image size of job updated: 1272220
	205  -  MemoryUsage of job (MB)
	209712  -  ResidentSetSize of job (KB)
...
006 (9055954.000.000) 11/09 14:49:17 Image size of job updated: 1273240
	208  -  MemoryUsage of job (MB)
	212268  -  ResidentSetSize of job (KB)
...
006 (9055961.000.000) 11/09 14:49:22 Image size of job updated: 1273060
	207  -  MemoryUsage of job (MB)
	211900  -  ResidentSetSize of job (KB)
...
006 (9055954.000.000) 11/09 14:54:17 Image size of job updated: 1273240
	208  -  MemoryUsage of job (MB)
	212328  -  ResidentSetSize of job (KB)
...
006 (9055961.000.000) 11/09 14:54:23 Image size of job updated: 1273060
	208  -  MemoryUsage of job (MB)
	212076  -  ResidentSetSize of job (KB)
...
006 (9055954.000.000) 11/09 14:59:19 Image size of job updated: 1273240
	208  -  MemoryUsage of job (MB)
	212348  -  ResidentSetSize of job (KB)
...
006 (9055961.000.000) 11/09 14:59:24 Image size of job updated: 1273060
	208  -  MemoryUsage of job (MB)
	212152  -  ResidentSetSize of job (KB)
...
006 (9055954.000.000) 11/09 15:04:19 Image size of job updated: 1273240
	208  -  MemoryUsage of job (MB)
	212376  -  ResidentSetSize of job (KB)
...
006 (9055961.000.000) 11/09 15:04:24 Image size of job updated: 1273316
	208  -  MemoryUsage of job (MB)
	212384  -  ResidentSetSize of job (KB)
...
006 (9055954.000.000) 11/09 15:09:19 Image size of job updated: 1273240
	208  -  MemoryUsage of job (MB)
	212620  -  ResidentSetSize of job (KB)
...
006 (9055961.000.000) 11/09 15:09:25 Image size of job updated: 1273316
	208  -  MemoryUsage of job (MB)
	212404  -  ResidentSetSize of job (KB)
...
006 (9055954.000.000) 11/09 15:14:20 Image size of job updated: 1273240
	208  -  MemoryUsage of job (MB)
	212640  -  ResidentSetSize of job (KB)
...
006 (9055961.000.000) 11/09 15:14:26 Image size of job updated: 1273316
	208  -  MemoryUsage of job (MB)
	212664  -  ResidentSetSize of job (KB)
...
006 (9055954.000.000) 11/09 15:19:21 Image size of job updated: 1273240
	208  -  MemoryUsage of job (MB)
	212656  -  ResidentSetSize of job (KB)
...
006 (9055961.000.000) 11/09 15:19:26 Image size of job updated: 1273316
	208  -  MemoryUsage of job (MB)
	212676  -  ResidentSetSize of job (KB)
...
040 (9055954.000.000) 11/09 15:20:15 Started transferring output files
...
040 (9055954.000.000) 11/09 15:20:15 Finished transferring output files
...
005 (9055954.000.000) 11/09 15:20:15 Job terminated.
	(1) Normal termination (return value 0)
		Usr 0 00:43:44, Sys 0 00:00:04  -  Run Remote Usage
		Usr 0 00:00:00, Sys 0 00:00:00  -  Run Local Usage
		Usr 0 00:43:44, Sys 0 00:00:04  -  Total Remote Usage
		Usr 0 00:00:00, Sys 0 00:00:00  -  Total Local Usage
	7914  -  Run Bytes Sent By Job
	10626  -  Run Bytes Received By Job
	7914  -  Total Bytes Sent By Job
	10626  -  Total Bytes Received By Job
	Partitionable Resources :    Usage  Request Allocated 
	   Cpus                 :     1.00        1         1 
	   Disk (KB)            :    40          12   2546471 
	   Memory (MB)          :   208        2000      2000 

	Job terminated of its own accord at 2023-11-09T14:20:15Z.
...
006 (9055961.000.000) 11/09 15:29:27 Image size of job updated: 1273316
	208  -  MemoryUsage of job (MB)
	212752  -  ResidentSetSize of job (KB)
...
040 (9055961.000.000) 11/09 15:29:48 Started transferring output files
...
040 (9055961.000.000) 11/09 15:29:48 Finished transferring output files
...
005 (9055961.000.000) 11/09 15:29:48 Job terminated.
	(1) Normal termination (return value 0)
		Usr 0 00:50:13, Sys 0 00:00:03  -  Run Remote Usage
		Usr 0 00:00:00, Sys 0 00:00:00  -  Run Local Usage
		Usr 0 00:50:13, Sys 0 00:00:03  -  Total Remote Usage
		Usr 0 00:00:00, Sys 0 00:00:00  -  Total Local Usage
	7914  -  Run Bytes Sent By Job
	10626  -  Run Bytes Received By Job
	7914  -  Total Bytes Sent By Job
	10626  -  Total Bytes Received By Job
	Partitionable Resources :    Usage  Request Allocated 
	   Cpus                 :     0.95        1         1 
	   Disk (KB)            :    40          12   2979509 
	   Memory (MB)          :   208        2000      2000 

	Job terminated of its own accord at 2023-11-09T14:29:47Z.
...
000 (9075734.000.000) 11/16 10:27:53 Job submitted from host: <188.184.90.62:9618?addrs=188.184.90.62-9618+[2001-1458-201-e4--100-238]-9618&alias=bigbird16.cern.ch&noUDP&sock=schedd_4073970_23e3>
...
040 (9075734.000.000) 11/16 13:32:27 Started transferring input files
	Transferring to host: <188.184.160.54:9618?addrs=188.184.160.54-9618+[2001-1458-301-48--100-30]-9618&alias=b7s09p8766.cern.ch&noUDP&sock=slot1_22_4235_b0c5_38774>
...
040 (9075734.000.000) 11/16 13:32:27 Finished transferring input files
...
001 (9075734.000.000) 11/16 13:32:28 Job executing on host: <188.184.160.54:9618?addrs=188.184.160.54-9618+[2001-1458-301-48--100-30]-9618&alias=b7s09p8766.cern.ch&noUDP&sock=startd_3037_b536>
...
006 (9075734.000.000) 11/16 13:32:37 Image size of job updated: 940708
	138  -  MemoryUsage of job (MB)
	140660  -  ResidentSetSize of job (KB)
...
006 (9075734.000.000) 11/16 13:37:38 Image size of job updated: 1273016
	208  -  MemoryUsage of job (MB)
	212280  -  ResidentSetSize of job (KB)
...
006 (9075734.000.000) 11/16 13:42:38 Image size of job updated: 1273156
	208  -  MemoryUsage of job (MB)
	212536  -  ResidentSetSize of job (KB)
...
006 (9075734.000.000) 11/16 13:47:38 Image size of job updated: 1273156
	208  -  MemoryUsage of job (MB)
	212676  -  ResidentSetSize of job (KB)
...
006 (9075734.000.000) 11/16 13:52:39 Image size of job updated: 1273156
	208  -  MemoryUsage of job (MB)
	212740  -  ResidentSetSize of job (KB)
...
006 (9075734.000.000) 11/16 13:57:40 Image size of job updated: 1273300
	208  -  MemoryUsage of job (MB)
	212888  -  ResidentSetSize of job (KB)
...
006 (9075734.000.000) 11/16 14:02:40 Image size of job updated: 1273300
	208  -  MemoryUsage of job (MB)
	212936  -  ResidentSetSize of job (KB)
...
006 (9075734.000.000) 11/16 14:07:41 Image size of job updated: 1273300
	208  -  MemoryUsage of job (MB)
	212992  -  ResidentSetSize of job (KB)
...
006 (9075734.000.000) 11/16 14:12:42 Image size of job updated: 1273300
	209  -  MemoryUsage of job (MB)
	213072  -  ResidentSetSize of job (KB)
...
006 (9075734.000.000) 11/16 14:17:42 Image size of job updated: 1273300
	209  -  MemoryUsage of job (MB)
	213100  -  ResidentSetSize of job (KB)
...
006 (9075734.000.000) 11/16 14:22:42 Image size of job updated: 1273300
	209  -  MemoryUsage of job (MB)
	213108  -  ResidentSetSize of job (KB)
...
006 (9075734.000.000) 11/16 14:27:43 Image size of job updated: 1273300
	209  -  MemoryUsage of job (MB)
	213112  -  ResidentSetSize of job (KB)
...
006 (9075734.000.000) 11/16 14:32:44 Image size of job updated: 1273300
	209  -  MemoryUsage of job (MB)
	213124  -  ResidentSetSize of job (KB)
...
006 (9075734.000.000) 11/16 14:37:44 Image size of job updated: 1273300
	209  -  MemoryUsage of job (MB)
	213136  -  ResidentSetSize of job (KB)
...
006 (9075734.000.000) 11/16 14:42:45 Image size of job updated: 1273300
	209  -  MemoryUsage of job (MB)
	213200  -  ResidentSetSize of job (KB)
...
006 (9075734.000.000) 11/16 14:47:46 Image size of job updated: 1273300
	209  -  MemoryUsage of job (MB)
	213212  -  ResidentSetSize of job (KB)
...
006 (9075734.000.000) 11/16 14:52:46 Image size of job updated: 1273300
	209  -  MemoryUsage of job (MB)
	213224  -  ResidentSetSize of job (KB)
...
006 (9075734.000.000) 11/16 15:02:47 Image size of job updated: 1273300
	209  -  MemoryUsage of job (MB)
	213284  -  ResidentSetSize of job (KB)
...
006 (9075734.000.000) 11/16 15:12:47 Image size of job updated: 1273300
	209  -  MemoryUsage of job (MB)
	213292  -  ResidentSetSize of job (KB)
...
006 (9075734.000.000) 11/16 15:17:48 Image size of job updated: 1273580
	209  -  MemoryUsage of job (MB)
	213500  -  ResidentSetSize of job (KB)
...
006 (9075734.000.000) 11/16 15:22:49 Image size of job updated: 1273580
	209  -  MemoryUsage of job (MB)
	213512  -  ResidentSetSize of job (KB)
...
006 (9075734.000.000) 11/16 15:27:49 Image size of job updated: 1273580
	209  -  MemoryUsage of job (MB)
	213632  -  ResidentSetSize of job (KB)
...
006 (9075734.000.000) 11/16 15:32:49 Image size of job updated: 1273580
	210  -  MemoryUsage of job (MB)
	215004  -  ResidentSetSize of job (KB)
...
006 (9075734.000.000) 11/16 15:37:50 Image size of job updated: 1274100
	220  -  MemoryUsage of job (MB)
	224836  -  ResidentSetSize of job (KB)
...
006 (9075734.000.000) 11/16 15:47:50 Image size of job updated: 1274100
	221  -  MemoryUsage of job (MB)
	225312  -  ResidentSetSize of job (KB)
...
006 (9075734.000.000) 11/16 15:52:51 Image size of job updated: 1274100
	221  -  MemoryUsage of job (MB)
	225420  -  ResidentSetSize of job (KB)
...
006 (9075734.000.000) 11/16 15:57:52 Image size of job updated: 1274100
	221  -  MemoryUsage of job (MB)
	225424  -  ResidentSetSize of job (KB)
...
006 (9075734.000.000) 11/16 16:02:52 Image size of job updated: 1274100
	221  -  MemoryUsage of job (MB)
	225556  -  ResidentSetSize of job (KB)
...
006 (9075734.000.000) 11/16 16:07:53 Image size of job updated: 1274100
	221  -  MemoryUsage of job (MB)
	225632  -  ResidentSetSize of job (KB)
...
040 (9075734.000.000) 11/16 16:10:24 Started transferring output files
...
040 (9075734.000.000) 11/16 16:10:27 Finished transferring output files
...
005 (9075734.000.000) 11/16 16:10:27 Job terminated.
	(1) Normal termination (return value 0)
		Usr 0 02:01:31, Sys 0 00:00:16  -  Run Remote Usage
		Usr 0 00:00:00, Sys 0 00:00:00  -  Run Local Usage
		Usr 0 02:01:31, Sys 0 00:00:16  -  Total Remote Usage
		Usr 0 00:00:00, Sys 0 00:00:00  -  Total Local Usage
	2962973  -  Run Bytes Sent By Job
	10626  -  Run Bytes Received By Job
	2962973  -  Total Bytes Sent By Job
	10626  -  Total Bytes Received By Job
	Partitionable Resources :    Usage  Request Allocated 
	   Cpus                 :     0.97        1         1 
	   Disk (KB)            :  2926          12   2946426 
	   Memory (MB)          :   221        2000      2000 

	Job terminated of its own accord at 2023-11-16T15:10:23Z.
...
000 (9076164.000.000) 11/17 08:46:43 Job submitted from host: <188.184.90.62:9618?addrs=188.184.90.62-9618+[2001-1458-201-e4--100-238]-9618&alias=bigbird16.cern.ch&noUDP&sock=schedd_4073970_23e3>
...
040 (9076164.000.000) 11/17 12:54:44 Started transferring input files
	Transferring to host: <128.142.130.200:9618?addrs=128.142.130.200-9618+[2001-1458-301-58--100-bc]-9618&alias=b7g20p4175.cern.ch&noUDP&sock=slot1_29_3187_479b_168408>
...
040 (9076164.000.000) 11/17 12:54:44 Finished transferring input files
...
001 (9076164.000.000) 11/17 12:54:45 Job executing on host: <128.142.130.200:9618?addrs=128.142.130.200-9618+[2001-1458-301-58--100-bc]-9618&alias=b7g20p4175.cern.ch&noUDP&sock=startd_2693_c0a2>
...
006 (9076164.000.000) 11/17 12:54:54 Image size of job updated: 569248
	12  -  MemoryUsage of job (MB)
	11544  -  ResidentSetSize of job (KB)
...
006 (9076164.000.000) 11/17 12:59:55 Image size of job updated: 1271636
	205  -  MemoryUsage of job (MB)
	209256  -  ResidentSetSize of job (KB)
...
006 (9076164.000.000) 11/17 13:04:56 Image size of job updated: 1272172
	205  -  MemoryUsage of job (MB)
	209872  -  ResidentSetSize of job (KB)
...
006 (9076164.000.000) 11/17 13:09:56 Image size of job updated: 1272308
	206  -  MemoryUsage of job (MB)
	210168  -  ResidentSetSize of job (KB)
...
006 (9076164.000.000) 11/17 13:14:57 Image size of job updated: 1273384
	207  -  MemoryUsage of job (MB)
	211628  -  ResidentSetSize of job (KB)
...
006 (9076164.000.000) 11/17 13:19:58 Image size of job updated: 1273796
	208  -  MemoryUsage of job (MB)
	212636  -  ResidentSetSize of job (KB)
...
006 (9076164.000.000) 11/17 13:29:59 Image size of job updated: 1273796
	208  -  MemoryUsage of job (MB)
	212664  -  ResidentSetSize of job (KB)
...
006 (9076164.000.000) 11/17 13:35:00 Image size of job updated: 1273796
	208  -  MemoryUsage of job (MB)
	212952  -  ResidentSetSize of job (KB)
...
006 (9076164.000.000) 11/17 13:40:00 Image size of job updated: 1273796
	208  -  MemoryUsage of job (MB)
	212972  -  ResidentSetSize of job (KB)
...
006 (9076164.000.000) 11/17 13:45:01 Image size of job updated: 1273796
	209  -  MemoryUsage of job (MB)
	213392  -  ResidentSetSize of job (KB)
...
006 (9076164.000.000) 11/17 13:50:02 Image size of job updated: 1273796
	210  -  MemoryUsage of job (MB)
	214036  -  ResidentSetSize of job (KB)
...
006 (9076164.000.000) 11/17 13:55:02 Image size of job updated: 1273796
	210  -  MemoryUsage of job (MB)
	214064  -  ResidentSetSize of job (KB)
...
040 (9076164.000.000) 11/17 13:57:13 Started transferring output files
...
040 (9076164.000.000) 11/17 13:57:13 Finished transferring output files
...
005 (9076164.000.000) 11/17 13:57:13 Job terminated.
	(1) Normal termination (return value 0)
		Usr 0 01:00:05, Sys 0 00:00:03  -  Run Remote Usage
		Usr 0 00:00:00, Sys 0 00:00:00  -  Run Local Usage
		Usr 0 01:00:05, Sys 0 00:00:03  -  Total Remote Usage
		Usr 0 00:00:00, Sys 0 00:00:00  -  Total Local Usage
	5037  -  Run Bytes Sent By Job
	11199  -  Run Bytes Received By Job
	5037  -  Total Bytes Sent By Job
	11199  -  Total Bytes Received By Job
	Partitionable Resources :    Usage  Request Allocated 
	   Cpus                 :     0.98        1         1 
	   Disk (KB)            :    37          12   1490839 
	   Memory (MB)          :   210        2000      2000 

	Job terminated of its own accord at 2023-11-17T12:57:12Z.
...
000 (9090393.000.000) 11/22 16:01:07 Job submitted from host: <188.184.90.62:9618?addrs=188.184.90.62-9618+[2001-1458-201-e4--100-238]-9618&alias=bigbird16.cern.ch&noUDP&sock=schedd_4073970_23e3>
...
009 (9090393.000.000) 11/22 16:02:26 Job was aborted.
	via condor_rm (by user lfavilla)
...
000 (9090398.000.000) 11/22 16:02:40 Job submitted from host: <188.184.90.62:9618?addrs=188.184.90.62-9618+[2001-1458-201-e4--100-238]-9618&alias=bigbird16.cern.ch&noUDP&sock=schedd_4073970_23e3>
...
040 (9090398.000.000) 11/22 16:20:01 Started transferring input files
	Transferring to host: <128.142.130.93:9618?addrs=128.142.130.93-9618+[2001-1458-301-58--100-51]-9618&alias=b7g20p9961.cern.ch&noUDP&sock=slot1_16_4061_177e_185676>
...
040 (9090398.000.000) 11/22 16:20:01 Finished transferring input files
...
001 (9090398.000.000) 11/22 16:20:02 Job executing on host: <128.142.130.93:9618?addrs=128.142.130.93-9618+[2001-1458-301-58--100-51]-9618&alias=b7g20p9961.cern.ch&noUDP&sock=startd_3060_7be4>
...
006 (9090398.000.000) 11/22 16:20:10 Image size of job updated: 370952
	16  -  MemoryUsage of job (MB)
	15616  -  ResidentSetSize of job (KB)
...
006 (9090398.000.000) 11/22 16:20:18 Image size of job updated: 370952
	16  -  MemoryUsage of job (MB)
	15740  -  ResidentSetSize of job (KB)
...
040 (9090398.000.000) 11/22 16:20:19 Started transferring output files
...
040 (9090398.000.000) 11/22 16:20:19 Finished transferring output files
...
005 (9090398.000.000) 11/22 16:20:19 Job terminated.
	(1) Normal termination (return value 1)
		Usr 0 00:00:03, Sys 0 00:00:01  -  Run Remote Usage
		Usr 0 00:00:00, Sys 0 00:00:00  -  Run Local Usage
		Usr 0 00:00:03, Sys 0 00:00:01  -  Total Remote Usage
		Usr 0 00:00:00, Sys 0 00:00:00  -  Total Local Usage
	407  -  Run Bytes Sent By Job
	11227  -  Run Bytes Received By Job
	407  -  Total Bytes Sent By Job
	11227  -  Total Bytes Received By Job
	Partitionable Resources :    Usage  Request Allocated 
	   Cpus                 :                 1         1 
	   Disk (KB)            :       28       12   1544121 
	   Memory (MB)          :       16     2000      2000 

	Job terminated of its own accord at 2023-11-22T15:20:18Z.
...
000 (9093016.000.000) 11/23 21:30:12 Job submitted from host: <188.184.90.62:9618?addrs=188.184.90.62-9618+[2001-1458-201-e4--100-238]-9618&alias=bigbird16.cern.ch&noUDP&sock=schedd_4073970_23e3>
...
040 (9093016.000.000) 11/24 00:00:57 Started transferring input files
	Transferring to host: <188.184.160.164:9618?addrs=188.184.160.164-9618+[2001-1458-301-48--100-9e]-9618&alias=b7s09p8815.cern.ch&noUDP&sock=slot1_51_4413_1b8d_174949>
...
040 (9093016.000.000) 11/24 00:00:57 Finished transferring input files
...
001 (9093016.000.000) 11/24 00:00:58 Job executing on host: <188.184.160.164:9618?addrs=188.184.160.164-9618+[2001-1458-301-48--100-9e]-9618&alias=b7s09p8815.cern.ch&noUDP&sock=startd_4374_c756>
...
006 (9093016.000.000) 11/24 00:01:06 Image size of job updated: 271300
	72  -  MemoryUsage of job (MB)
	73196  -  ResidentSetSize of job (KB)
...
006 (9093016.000.000) 11/24 00:06:06 Image size of job updated: 1271772
	205  -  MemoryUsage of job (MB)
	209368  -  ResidentSetSize of job (KB)
...
006 (9093016.000.000) 11/24 00:11:07 Image size of job updated: 1272308
	205  -  MemoryUsage of job (MB)
	209876  -  ResidentSetSize of job (KB)
...
006 (9093016.000.000) 11/24 00:16:07 Image size of job updated: 1272464
	206  -  MemoryUsage of job (MB)
	210444  -  ResidentSetSize of job (KB)
...
006 (9093016.000.000) 11/24 00:21:07 Image size of job updated: 1273420
	208  -  MemoryUsage of job (MB)
	212092  -  ResidentSetSize of job (KB)
...
006 (9093016.000.000) 11/24 00:26:08 Image size of job updated: 1273676
	208  -  MemoryUsage of job (MB)
	212152  -  ResidentSetSize of job (KB)
...
006 (9093016.000.000) 11/24 00:31:08 Image size of job updated: 1273676
	208  -  MemoryUsage of job (MB)
	212428  -  ResidentSetSize of job (KB)
...
006 (9093016.000.000) 11/24 00:36:08 Image size of job updated: 1273676
	208  -  MemoryUsage of job (MB)
	212712  -  ResidentSetSize of job (KB)
...
006 (9093016.000.000) 11/24 00:41:09 Image size of job updated: 1273676
	209  -  MemoryUsage of job (MB)
	213144  -  ResidentSetSize of job (KB)
...
006 (9093016.000.000) 11/24 00:46:10 Image size of job updated: 1273676
	209  -  MemoryUsage of job (MB)
	213808  -  ResidentSetSize of job (KB)
...
040 (9093016.000.000) 11/24 00:49:46 Started transferring output files
...
040 (9093016.000.000) 11/24 00:49:46 Finished transferring output files
...
005 (9093016.000.000) 11/24 00:49:46 Job terminated.
	(1) Normal termination (return value 0)
		Usr 0 00:46:35, Sys 0 00:00:06  -  Run Remote Usage
		Usr 0 00:00:00, Sys 0 00:00:00  -  Run Local Usage
		Usr 0 00:46:35, Sys 0 00:00:06  -  Total Remote Usage
		Usr 0 00:00:00, Sys 0 00:00:00  -  Total Local Usage
	5037  -  Run Bytes Sent By Job
	11231  -  Run Bytes Received By Job
	5037  -  Total Bytes Sent By Job
	11231  -  Total Bytes Received By Job
	Partitionable Resources :    Usage  Request Allocated 
	   Cpus                 :     1.00        1         1 
	   Disk (KB)            :    38          12   2649020 
	   Memory (MB)          :   209        2000      2000 

	Job terminated of its own accord at 2023-11-23T23:49:46Z.
...
