000 (9055916.000.000) 11/09 13:10:16 Job submitted from host: <188.184.90.62:9618?addrs=188.184.90.62-9618+[2001-1458-201-e4--100-238]-9618&alias=bigbird16.cern.ch&noUDP&sock=schedd_4073970_23e3>
...
040 (9055916.000.000) 11/09 13:22:25 Started transferring input files
	Transferring to host: <128.142.60.53:9618?addrs=128.142.60.53-9618+[2001-1458-301-22--100-34]-9618&alias=b7s05p0787.cern.ch&noUDP&sock=slot1_9_5161_242b_134018>
...
040 (9055916.000.000) 11/09 13:22:25 Finished transferring input files
...
001 (9055916.000.000) 11/09 13:22:26 Job executing on host: <128.142.60.53:9618?addrs=128.142.60.53-9618+[2001-1458-301-22--100-34]-9618&alias=b7s05p0787.cern.ch&noUDP&sock=startd_4625_f19b>
...
006 (9055916.000.000) 11/09 13:22:34 Image size of job updated: 95648
	56  -  MemoryUsage of job (MB)
	57112  -  ResidentSetSize of job (KB)
...
006 (9055916.000.000) 11/09 13:27:34 Image size of job updated: 1303232
	251  -  MemoryUsage of job (MB)
	256500  -  ResidentSetSize of job (KB)
...
040 (9055916.000.000) 11/09 13:30:37 Started transferring output files
...
040 (9055916.000.000) 11/09 13:30:37 Finished transferring output files
...
005 (9055916.000.000) 11/09 13:30:37 Job terminated.
	(1) Normal termination (return value 0)
		Usr 0 00:05:27, Sys 0 00:00:02  -  Run Remote Usage
		Usr 0 00:00:00, Sys 0 00:00:00  -  Run Local Usage
		Usr 0 00:05:27, Sys 0 00:00:02  -  Total Remote Usage
		Usr 0 00:00:00, Sys 0 00:00:00  -  Total Local Usage
	5139  -  Run Bytes Sent By Job
	10614  -  Run Bytes Received By Job
	5139  -  Total Bytes Sent By Job
	10614  -  Total Bytes Received By Job
	Partitionable Resources :    Usage  Request Allocated 
	   Cpus                 :     0.04        1         1 
	   Disk (KB)            :    37          12   1288455 
	   Memory (MB)          :   251        2000      2000 

	Job terminated of its own accord at 2023-11-09T12:30:37Z.
...
000 (9055950.000.000) 11/09 14:11:01 Job submitted from host: <188.184.90.62:9618?addrs=188.184.90.62-9618+[2001-1458-201-e4--100-238]-9618&alias=bigbird16.cern.ch&noUDP&sock=schedd_4073970_23e3>
...
000 (9055957.000.000) 11/09 14:11:30 Job submitted from host: <188.184.90.62:9618?addrs=188.184.90.62-9618+[2001-1458-201-e4--100-238]-9618&alias=bigbird16.cern.ch&noUDP&sock=schedd_4073970_23e3>
...
040 (9055950.000.000) 11/09 14:34:05 Started transferring input files
	Transferring to host: <188.184.160.159:9618?addrs=188.184.160.159-9618+[2001-1458-301-48--100-99]-9618&alias=b7s09p8907.cern.ch&noUDP&sock=slot1_29_42765_8fa4_85819>
...
040 (9055950.000.000) 11/09 14:34:05 Finished transferring input files
...
001 (9055950.000.000) 11/09 14:34:06 Job executing on host: <188.184.160.159:9618?addrs=188.184.160.159-9618+[2001-1458-301-48--100-99]-9618&alias=b7s09p8907.cern.ch&noUDP&sock=startd_42727_bf20>
...
040 (9055957.000.000) 11/09 14:34:08 Started transferring input files
	Transferring to host: <188.184.160.178:9618?addrs=188.184.160.178-9618+[2001-1458-301-48--100-ac]-9618&alias=b7s09p7785.cern.ch&noUDP&sock=slot1_6_4690_4778_15032>
...
040 (9055957.000.000) 11/09 14:34:08 Finished transferring input files
...
001 (9055957.000.000) 11/09 14:34:09 Job executing on host: <188.184.160.178:9618?addrs=188.184.160.178-9618+[2001-1458-301-48--100-ac]-9618&alias=b7s09p7785.cern.ch&noUDP&sock=startd_3197_745e>
...
006 (9055950.000.000) 11/09 14:34:15 Image size of job updated: 278384
	130  -  MemoryUsage of job (MB)
	132916  -  ResidentSetSize of job (KB)
...
006 (9055957.000.000) 11/09 14:34:17 Image size of job updated: 278956
	130  -  MemoryUsage of job (MB)
	133080  -  ResidentSetSize of job (KB)
...
006 (9055950.000.000) 11/09 14:39:16 Image size of job updated: 1302392
	224  -  MemoryUsage of job (MB)
	228936  -  ResidentSetSize of job (KB)
...
006 (9055957.000.000) 11/09 14:39:17 Image size of job updated: 1302392
	224  -  MemoryUsage of job (MB)
	229016  -  ResidentSetSize of job (KB)
...
006 (9055950.000.000) 11/09 14:44:17 Image size of job updated: 1303216
	225  -  MemoryUsage of job (MB)
	230156  -  ResidentSetSize of job (KB)
...
006 (9055957.000.000) 11/09 14:44:18 Image size of job updated: 1303200
	225  -  MemoryUsage of job (MB)
	230196  -  ResidentSetSize of job (KB)
...
006 (9055950.000.000) 11/09 14:49:17 Image size of job updated: 1303216
	225  -  MemoryUsage of job (MB)
	230276  -  ResidentSetSize of job (KB)
...
006 (9055957.000.000) 11/09 14:49:19 Image size of job updated: 1303200
	225  -  MemoryUsage of job (MB)
	230324  -  ResidentSetSize of job (KB)
...
006 (9055950.000.000) 11/09 14:54:17 Image size of job updated: 1303216
	226  -  MemoryUsage of job (MB)
	230444  -  ResidentSetSize of job (KB)
...
006 (9055957.000.000) 11/09 14:54:19 Image size of job updated: 1303200
	226  -  MemoryUsage of job (MB)
	230464  -  ResidentSetSize of job (KB)
...
006 (9055950.000.000) 11/09 14:59:18 Image size of job updated: 1303216
	226  -  MemoryUsage of job (MB)
	230456  -  ResidentSetSize of job (KB)
...
006 (9055957.000.000) 11/09 14:59:20 Image size of job updated: 1303200
	226  -  MemoryUsage of job (MB)
	230476  -  ResidentSetSize of job (KB)
...
006 (9055950.000.000) 11/09 15:04:18 Image size of job updated: 1303356
	226  -  MemoryUsage of job (MB)
	230540  -  ResidentSetSize of job (KB)
...
006 (9055957.000.000) 11/09 15:04:21 Image size of job updated: 1303200
	226  -  MemoryUsage of job (MB)
	230544  -  ResidentSetSize of job (KB)
...
006 (9055950.000.000) 11/09 15:09:18 Image size of job updated: 1303356
	226  -  MemoryUsage of job (MB)
	230584  -  ResidentSetSize of job (KB)
...
006 (9055957.000.000) 11/09 15:09:21 Image size of job updated: 1303200
	226  -  MemoryUsage of job (MB)
	230576  -  ResidentSetSize of job (KB)
...
006 (9055950.000.000) 11/09 15:14:19 Image size of job updated: 1303356
	226  -  MemoryUsage of job (MB)
	230588  -  ResidentSetSize of job (KB)
...
006 (9055957.000.000) 11/09 15:14:22 Image size of job updated: 1303200
	226  -  MemoryUsage of job (MB)
	230580  -  ResidentSetSize of job (KB)
...
006 (9055957.000.000) 11/09 15:19:23 Image size of job updated: 1303200
	226  -  MemoryUsage of job (MB)
	230584  -  ResidentSetSize of job (KB)
...
006 (9055950.000.000) 11/09 15:24:19 Image size of job updated: 1303356
	226  -  MemoryUsage of job (MB)
	230592  -  ResidentSetSize of job (KB)
...
006 (9055950.000.000) 11/09 15:29:20 Image size of job updated: 1303356
	226  -  MemoryUsage of job (MB)
	230604  -  ResidentSetSize of job (KB)
...
006 (9055957.000.000) 11/09 15:29:23 Image size of job updated: 1303200
	226  -  MemoryUsage of job (MB)
	230588  -  ResidentSetSize of job (KB)
...
006 (9055957.000.000) 11/09 15:34:24 Image size of job updated: 1303200
	226  -  MemoryUsage of job (MB)
	230596  -  ResidentSetSize of job (KB)
...
006 (9055950.000.000) 11/09 15:39:20 Image size of job updated: 1303364
	246  -  MemoryUsage of job (MB)
	250940  -  ResidentSetSize of job (KB)
...
006 (9055957.000.000) 11/09 15:39:25 Image size of job updated: 1303208
	246  -  MemoryUsage of job (MB)
	251600  -  ResidentSetSize of job (KB)
...
006 (9055950.000.000) 11/09 15:44:21 Image size of job updated: 1303620
	246  -  MemoryUsage of job (MB)
	251412  -  ResidentSetSize of job (KB)
...
006 (9055957.000.000) 11/09 15:44:25 Image size of job updated: 1303464
	247  -  MemoryUsage of job (MB)
	252164  -  ResidentSetSize of job (KB)
...
006 (9055950.000.000) 11/09 15:49:22 Image size of job updated: 1303620
	246  -  MemoryUsage of job (MB)
	251480  -  ResidentSetSize of job (KB)
...
006 (9055957.000.000) 11/09 15:49:26 Image size of job updated: 1303464
	247  -  MemoryUsage of job (MB)
	252204  -  ResidentSetSize of job (KB)
...
006 (9055950.000.000) 11/09 15:59:23 Image size of job updated: 1303620
	246  -  MemoryUsage of job (MB)
	251504  -  ResidentSetSize of job (KB)
...
006 (9055957.000.000) 11/09 15:59:27 Image size of job updated: 1303464
	247  -  MemoryUsage of job (MB)
	252220  -  ResidentSetSize of job (KB)
...
006 (9055950.000.000) 11/09 16:04:24 Image size of job updated: 1303620
	246  -  MemoryUsage of job (MB)
	251516  -  ResidentSetSize of job (KB)
...
006 (9055950.000.000) 11/09 16:09:24 Image size of job updated: 1303620
	246  -  MemoryUsage of job (MB)
	251524  -  ResidentSetSize of job (KB)
...
006 (9055957.000.000) 11/09 16:09:28 Image size of job updated: 1303464
	247  -  MemoryUsage of job (MB)
	252228  -  ResidentSetSize of job (KB)
...
006 (9055950.000.000) 11/09 16:29:25 Image size of job updated: 1303876
	246  -  MemoryUsage of job (MB)
	251540  -  ResidentSetSize of job (KB)
...
006 (9055957.000.000) 11/09 16:34:30 Image size of job updated: 1304232
	247  -  MemoryUsage of job (MB)
	252228  -  ResidentSetSize of job (KB)
...
006 (9055950.000.000) 11/09 16:49:28 Image size of job updated: 1303876
	246  -  MemoryUsage of job (MB)
	251552  -  ResidentSetSize of job (KB)
...
006 (9055950.000.000) 11/09 16:54:29 Image size of job updated: 1303876
	252  -  MemoryUsage of job (MB)
	257752  -  ResidentSetSize of job (KB)
...
006 (9055950.000.000) 11/09 16:59:29 Image size of job updated: 1304044
	253  -  MemoryUsage of job (MB)
	258288  -  ResidentSetSize of job (KB)
...
006 (9055957.000.000) 11/09 16:59:33 Image size of job updated: 1304232
	252  -  MemoryUsage of job (MB)
	257664  -  ResidentSetSize of job (KB)
...
006 (9055950.000.000) 11/09 17:04:29 Image size of job updated: 1304184
	253  -  MemoryUsage of job (MB)
	258356  -  ResidentSetSize of job (KB)
...
006 (9055957.000.000) 11/09 17:04:34 Image size of job updated: 1304232
	252  -  MemoryUsage of job (MB)
	258000  -  ResidentSetSize of job (KB)
...
006 (9055950.000.000) 11/09 17:09:30 Image size of job updated: 1304184
	253  -  MemoryUsage of job (MB)
	258368  -  ResidentSetSize of job (KB)
...
006 (9055957.000.000) 11/09 17:09:34 Image size of job updated: 1304232
	253  -  MemoryUsage of job (MB)
	258312  -  ResidentSetSize of job (KB)
...
006 (9055950.000.000) 11/09 17:14:30 Image size of job updated: 1304184
	253  -  MemoryUsage of job (MB)
	258372  -  ResidentSetSize of job (KB)
...
006 (9055957.000.000) 11/09 17:14:35 Image size of job updated: 1304232
	253  -  MemoryUsage of job (MB)
	258336  -  ResidentSetSize of job (KB)
...
006 (9055950.000.000) 11/09 17:19:30 Image size of job updated: 1304184
	253  -  MemoryUsage of job (MB)
	258380  -  ResidentSetSize of job (KB)
...
006 (9055957.000.000) 11/09 17:24:36 Image size of job updated: 1304232
	253  -  MemoryUsage of job (MB)
	258340  -  ResidentSetSize of job (KB)
...
006 (9055957.000.000) 11/09 17:29:37 Image size of job updated: 1304232
	253  -  MemoryUsage of job (MB)
	258352  -  ResidentSetSize of job (KB)
...
006 (9055950.000.000) 11/09 17:34:31 Image size of job updated: 1304440
	253  -  MemoryUsage of job (MB)
	258484  -  ResidentSetSize of job (KB)
...
006 (9055957.000.000) 11/09 17:34:38 Image size of job updated: 1304232
	253  -  MemoryUsage of job (MB)
	258360  -  ResidentSetSize of job (KB)
...
006 (9055950.000.000) 11/09 17:39:32 Image size of job updated: 1304440
	253  -  MemoryUsage of job (MB)
	258580  -  ResidentSetSize of job (KB)
...
006 (9055950.000.000) 11/09 17:49:33 Image size of job updated: 1304440
	253  -  MemoryUsage of job (MB)
	258596  -  ResidentSetSize of job (KB)
...
006 (9055950.000.000) 11/09 17:54:34 Image size of job updated: 1304440
	254  -  MemoryUsage of job (MB)
	259408  -  ResidentSetSize of job (KB)
...
006 (9055957.000.000) 11/09 17:54:39 Image size of job updated: 1304392
	253  -  MemoryUsage of job (MB)
	258460  -  ResidentSetSize of job (KB)
...
040 (9055950.000.000) 11/09 17:59:07 Started transferring output files
...
040 (9055950.000.000) 11/09 17:59:07 Finished transferring output files
...
005 (9055950.000.000) 11/09 17:59:07 Job terminated.
	(1) Normal termination (return value 0)
		Usr 0 03:02:20, Sys 0 00:00:16  -  Run Remote Usage
		Usr 0 00:00:00, Sys 0 00:00:00  -  Run Local Usage
		Usr 0 03:02:20, Sys 0 00:00:16  -  Total Remote Usage
		Usr 0 00:00:00, Sys 0 00:00:00  -  Total Local Usage
	14227  -  Run Bytes Sent By Job
	10614  -  Run Bytes Received By Job
	14227  -  Total Bytes Sent By Job
	10614  -  Total Bytes Received By Job
	Partitionable Resources :    Usage  Request Allocated 
	   Cpus                 :     0.94        1         1 
	   Disk (KB)            :    46          12   3089863 
	   Memory (MB)          :   254        2000      2000 

	Job terminated of its own accord at 2023-11-09T16:59:07Z.
...
006 (9055957.000.000) 11/09 17:59:39 Image size of job updated: 1304392
	253  -  MemoryUsage of job (MB)
	258556  -  ResidentSetSize of job (KB)
...
006 (9055957.000.000) 11/09 18:14:41 Image size of job updated: 1304392
	253  -  MemoryUsage of job (MB)
	258572  -  ResidentSetSize of job (KB)
...
006 (9055957.000.000) 11/09 18:19:42 Image size of job updated: 1304392
	253  -  MemoryUsage of job (MB)
	258620  -  ResidentSetSize of job (KB)
...
006 (9055957.000.000) 11/09 18:24:43 Image size of job updated: 1304392
	254  -  MemoryUsage of job (MB)
	259416  -  ResidentSetSize of job (KB)
...
040 (9055957.000.000) 11/09 18:27:09 Started transferring output files
...
040 (9055957.000.000) 11/09 18:27:09 Finished transferring output files
...
005 (9055957.000.000) 11/09 18:27:09 Job terminated.
	(1) Normal termination (return value 0)
		Usr 0 03:27:53, Sys 0 00:00:13  -  Run Remote Usage
		Usr 0 00:00:00, Sys 0 00:00:00  -  Run Local Usage
		Usr 0 03:27:53, Sys 0 00:00:13  -  Total Remote Usage
		Usr 0 00:00:00, Sys 0 00:00:00  -  Total Local Usage
	14227  -  Run Bytes Sent By Job
	10614  -  Run Bytes Received By Job
	14227  -  Total Bytes Sent By Job
	10614  -  Total Bytes Received By Job
	Partitionable Resources :    Usage  Request Allocated 
	   Cpus                 :     0.97        1         1 
	   Disk (KB)            :    46          12   2975815 
	   Memory (MB)          :   254        2000      2000 

	Job terminated of its own accord at 2023-11-09T17:27:08Z.
...
000 (9074407.000.000) 11/15 18:06:15 Job submitted from host: <188.184.90.62:9618?addrs=188.184.90.62-9618+[2001-1458-201-e4--100-238]-9618&alias=bigbird16.cern.ch&noUDP&sock=schedd_4073970_23e3>
...
040 (9074407.000.000) 11/16 00:49:11 Started transferring input files
	Transferring to host: <128.142.59.153:9618?addrs=128.142.59.153-9618+[2001-1458-301-21--100-98]-9618&alias=b7s04p8425.cern.ch&noUDP&sock=slot1_5_4062_cbde_260021>
...
040 (9074407.000.000) 11/16 00:49:11 Finished transferring input files
...
001 (9074407.000.000) 11/16 00:49:12 Job executing on host: <128.142.59.153:9618?addrs=128.142.59.153-9618+[2001-1458-301-21--100-98]-9618&alias=b7s04p8425.cern.ch&noUDP&sock=startd_2887_d202>
...
006 (9074407.000.000) 11/16 00:49:21 Image size of job updated: 16204
	10  -  MemoryUsage of job (MB)
	9972  -  ResidentSetSize of job (KB)
...
006 (9074407.000.000) 11/16 00:54:16 Image size of job updated: 1303596
	10  -  MemoryUsage of job (MB)
	10088  -  ResidentSetSize of job (KB)
...
040 (9074407.000.000) 11/16 00:54:16 Started transferring output files
...
040 (9074407.000.000) 11/16 00:54:16 Finished transferring output files
...
005 (9074407.000.000) 11/16 00:54:16 Job terminated.
	(1) Normal termination (return value 0)
		Usr 0 00:00:13, Sys 0 00:00:01  -  Run Remote Usage
		Usr 0 00:00:00, Sys 0 00:00:00  -  Run Local Usage
		Usr 0 00:00:13, Sys 0 00:00:01  -  Total Remote Usage
		Usr 0 00:00:00, Sys 0 00:00:00  -  Total Local Usage
	5155  -  Run Bytes Sent By Job
	10614  -  Run Bytes Received By Job
	5155  -  Total Bytes Sent By Job
	10614  -  Total Bytes Received By Job
	Partitionable Resources :    Usage  Request Allocated 
	   Cpus                 :     0.01        1         1 
	   Disk (KB)            :    37          12   1263862 
	   Memory (MB)          :    10        2000      2000 

	Job terminated of its own accord at 2023-11-15T23:54:16Z.
...
000 (9075730.000.000) 11/16 10:27:45 Job submitted from host: <188.184.90.62:9618?addrs=188.184.90.62-9618+[2001-1458-201-e4--100-238]-9618&alias=bigbird16.cern.ch&noUDP&sock=schedd_4073970_23e3>
...
040 (9075730.000.000) 11/16 13:32:25 Started transferring input files
	Transferring to host: <128.142.56.168:9618?addrs=128.142.56.168-9618+[2001-1458-301-6--100-a7]-9618&alias=b7s01p8317.cern.ch&noUDP&sock=slot1_40_683_fc35_82129>
...
040 (9075730.000.000) 11/16 13:32:25 Finished transferring input files
...
001 (9075730.000.000) 11/16 13:32:26 Job executing on host: <128.142.56.168:9618?addrs=128.142.56.168-9618+[2001-1458-301-6--100-a7]-9618&alias=b7s01p8317.cern.ch&noUDP&sock=startd_645_fead>
...
006 (9075730.000.000) 11/16 13:32:35 Image size of job updated: 400624
	69  -  MemoryUsage of job (MB)
	69660  -  ResidentSetSize of job (KB)
...
006 (9075730.000.000) 11/16 13:37:36 Image size of job updated: 1302564
	224  -  MemoryUsage of job (MB)
	229152  -  ResidentSetSize of job (KB)
...
006 (9075730.000.000) 11/16 13:42:36 Image size of job updated: 1303212
	225  -  MemoryUsage of job (MB)
	229932  -  ResidentSetSize of job (KB)
...
006 (9075730.000.000) 11/16 13:47:37 Image size of job updated: 1303212
	225  -  MemoryUsage of job (MB)
	230044  -  ResidentSetSize of job (KB)
...
006 (9075730.000.000) 11/16 13:52:38 Image size of job updated: 1303212
	225  -  MemoryUsage of job (MB)
	230156  -  ResidentSetSize of job (KB)
...
006 (9075730.000.000) 11/16 13:57:38 Image size of job updated: 1303212
	225  -  MemoryUsage of job (MB)
	230336  -  ResidentSetSize of job (KB)
...
006 (9075730.000.000) 11/16 14:02:38 Image size of job updated: 1303212
	225  -  MemoryUsage of job (MB)
	230356  -  ResidentSetSize of job (KB)
...
006 (9075730.000.000) 11/16 14:07:39 Image size of job updated: 1303928
	225  -  MemoryUsage of job (MB)
	230356  -  ResidentSetSize of job (KB)
...
006 (9075730.000.000) 11/16 14:17:39 Image size of job updated: 1303928
	225  -  MemoryUsage of job (MB)
	230372  -  ResidentSetSize of job (KB)
...
006 (9075730.000.000) 11/16 14:22:40 Image size of job updated: 1303928
	225  -  MemoryUsage of job (MB)
	230388  -  ResidentSetSize of job (KB)
...
006 (9075730.000.000) 11/16 14:27:41 Image size of job updated: 1303928
	225  -  MemoryUsage of job (MB)
	230396  -  ResidentSetSize of job (KB)
...
006 (9075730.000.000) 11/16 14:37:41 Image size of job updated: 1303928
	225  -  MemoryUsage of job (MB)
	230400  -  ResidentSetSize of job (KB)
...
006 (9075730.000.000) 11/16 14:42:42 Image size of job updated: 1303928
	226  -  MemoryUsage of job (MB)
	230404  -  ResidentSetSize of job (KB)
...
006 (9075730.000.000) 11/16 14:47:43 Image size of job updated: 1303928
	226  -  MemoryUsage of job (MB)
	230408  -  ResidentSetSize of job (KB)
...
006 (9075730.000.000) 11/16 14:52:43 Image size of job updated: 1303928
	226  -  MemoryUsage of job (MB)
	230592  -  ResidentSetSize of job (KB)
...
006 (9075730.000.000) 11/16 14:57:43 Image size of job updated: 1303928
	246  -  MemoryUsage of job (MB)
	251652  -  ResidentSetSize of job (KB)
...
006 (9075730.000.000) 11/16 15:02:44 Image size of job updated: 1303928
	247  -  MemoryUsage of job (MB)
	252520  -  ResidentSetSize of job (KB)
...
006 (9075730.000.000) 11/16 15:07:45 Image size of job updated: 1304232
	247  -  MemoryUsage of job (MB)
	252872  -  ResidentSetSize of job (KB)
...
006 (9075730.000.000) 11/16 15:12:45 Image size of job updated: 1304232
	247  -  MemoryUsage of job (MB)
	252900  -  ResidentSetSize of job (KB)
...
006 (9075730.000.000) 11/16 15:22:47 Image size of job updated: 1305768
	247  -  MemoryUsage of job (MB)
	252920  -  ResidentSetSize of job (KB)
...
006 (9075730.000.000) 11/16 17:02:55 Image size of job updated: 1305768
	248  -  MemoryUsage of job (MB)
	253148  -  ResidentSetSize of job (KB)
...
006 (9075730.000.000) 11/16 17:07:56 Image size of job updated: 1305768
	253  -  MemoryUsage of job (MB)
	258256  -  ResidentSetSize of job (KB)
...
006 (9075730.000.000) 11/16 17:12:56 Image size of job updated: 1305768
	253  -  MemoryUsage of job (MB)
	258260  -  ResidentSetSize of job (KB)
...
006 (9075730.000.000) 11/16 17:27:58 Image size of job updated: 1305768
	253  -  MemoryUsage of job (MB)
	258268  -  ResidentSetSize of job (KB)
...
006 (9075730.000.000) 11/16 17:32:58 Image size of job updated: 1305768
	253  -  MemoryUsage of job (MB)
	258276  -  ResidentSetSize of job (KB)
...
006 (9075730.000.000) 11/16 17:48:00 Image size of job updated: 1305768
	253  -  MemoryUsage of job (MB)
	258284  -  ResidentSetSize of job (KB)
...
006 (9075730.000.000) 11/16 17:58:01 Image size of job updated: 1305768
	253  -  MemoryUsage of job (MB)
	258288  -  ResidentSetSize of job (KB)
...
006 (9075730.000.000) 11/16 18:08:02 Image size of job updated: 1305768
	253  -  MemoryUsage of job (MB)
	258296  -  ResidentSetSize of job (KB)
...
006 (9075730.000.000) 11/16 18:23:04 Image size of job updated: 1305768
	253  -  MemoryUsage of job (MB)
	258316  -  ResidentSetSize of job (KB)
...
006 (9075730.000.000) 11/16 20:28:17 Image size of job updated: 1305768
	253  -  MemoryUsage of job (MB)
	258328  -  ResidentSetSize of job (KB)
...
006 (9075730.000.000) 11/16 21:03:21 Image size of job updated: 1305768
	253  -  MemoryUsage of job (MB)
	258364  -  ResidentSetSize of job (KB)
...
006 (9075730.000.000) 11/16 21:23:22 Image size of job updated: 1305768
	255  -  MemoryUsage of job (MB)
	260236  -  ResidentSetSize of job (KB)
...
006 (9075730.000.000) 11/16 21:28:22 Image size of job updated: 1305768
	255  -  MemoryUsage of job (MB)
	260812  -  ResidentSetSize of job (KB)
...
006 (9075730.000.000) 11/16 21:33:23 Image size of job updated: 1305768
	255  -  MemoryUsage of job (MB)
	260840  -  ResidentSetSize of job (KB)
...
006 (9075730.000.000) 11/16 21:38:23 Image size of job updated: 1305984
	256  -  MemoryUsage of job (MB)
	261268  -  ResidentSetSize of job (KB)
...
006 (9075730.000.000) 11/16 21:58:25 Image size of job updated: 1305984
	256  -  MemoryUsage of job (MB)
	261372  -  ResidentSetSize of job (KB)
...
006 (9075730.000.000) 11/16 22:03:25 Image size of job updated: 1305984
	256  -  MemoryUsage of job (MB)
	261456  -  ResidentSetSize of job (KB)
...
006 (9075730.000.000) 11/17 00:43:41 Image size of job updated: 1305984
	256  -  MemoryUsage of job (MB)
	261592  -  ResidentSetSize of job (KB)
...
040 (9075730.000.000) 11/17 01:05:07 Started transferring output files
...
040 (9075730.000.000) 11/17 01:05:09 Finished transferring output files
...
005 (9075730.000.000) 11/17 01:05:09 Job terminated.
	(1) Normal termination (return value 1)
		Usr 0 07:35:41, Sys 0 00:01:13  -  Run Remote Usage
		Usr 0 00:00:00, Sys 0 00:00:00  -  Run Local Usage
		Usr 0 07:35:41, Sys 0 00:01:13  -  Total Remote Usage
		Usr 0 00:00:00, Sys 0 00:00:00  -  Total Local Usage
	18437332  -  Run Bytes Sent By Job
	10614  -  Run Bytes Received By Job
	18437332  -  Total Bytes Sent By Job
	10614  -  Total Bytes Received By Job
	Partitionable Resources :    Usage  Request Allocated 
	   Cpus                 :     0.64        1         1 
	   Disk (KB)            : 18037          12   1330002 
	   Memory (MB)          :   256        2000      2000 

	Job terminated of its own accord at 2023-11-17T00:05:07Z.
...
000 (9076160.000.000) 11/17 08:46:35 Job submitted from host: <188.184.90.62:9618?addrs=188.184.90.62-9618+[2001-1458-201-e4--100-238]-9618&alias=bigbird16.cern.ch&noUDP&sock=schedd_4073970_23e3>
...
040 (9076160.000.000) 11/17 12:54:43 Started transferring input files
	Transferring to host: <128.142.130.72:9618?addrs=128.142.130.72-9618+[2001-1458-301-58--100-3c]-9618&alias=b7g20p8064.cern.ch&noUDP&sock=slot1_14_3647_642d_168250>
...
040 (9076160.000.000) 11/17 12:54:43 Finished transferring input files
...
001 (9076160.000.000) 11/17 12:54:44 Job executing on host: <128.142.130.72:9618?addrs=128.142.130.72-9618+[2001-1458-301-58--100-3c]-9618&alias=b7g20p8064.cern.ch&noUDP&sock=startd_3057_6d1b>
...
006 (9076160.000.000) 11/17 12:54:53 Image size of job updated: 27008
	12  -  MemoryUsage of job (MB)
	11532  -  ResidentSetSize of job (KB)
...
006 (9076160.000.000) 11/17 12:59:53 Image size of job updated: 1301600
	223  -  MemoryUsage of job (MB)
	228212  -  ResidentSetSize of job (KB)
...
006 (9076160.000.000) 11/17 13:04:53 Image size of job updated: 1302112
	224  -  MemoryUsage of job (MB)
	228552  -  ResidentSetSize of job (KB)
...
006 (9076160.000.000) 11/17 13:09:54 Image size of job updated: 1302260
	224  -  MemoryUsage of job (MB)
	229072  -  ResidentSetSize of job (KB)
...
006 (9076160.000.000) 11/17 13:14:55 Image size of job updated: 1302260
	224  -  MemoryUsage of job (MB)
	229300  -  ResidentSetSize of job (KB)
...
006 (9076160.000.000) 11/17 13:19:55 Image size of job updated: 1302908
	225  -  MemoryUsage of job (MB)
	229792  -  ResidentSetSize of job (KB)
...
006 (9076160.000.000) 11/17 13:24:56 Image size of job updated: 1302908
	225  -  MemoryUsage of job (MB)
	230052  -  ResidentSetSize of job (KB)
...
006 (9076160.000.000) 11/17 14:00:00 Image size of job updated: 1302908
	225  -  MemoryUsage of job (MB)
	230140  -  ResidentSetSize of job (KB)
...
006 (9076160.000.000) 11/17 14:20:02 Image size of job updated: 1302908
	225  -  MemoryUsage of job (MB)
	230144  -  ResidentSetSize of job (KB)
...
006 (9076160.000.000) 11/17 14:40:03 Image size of job updated: 1303368
	226  -  MemoryUsage of job (MB)
	230592  -  ResidentSetSize of job (KB)
...
006 (9076160.000.000) 11/17 17:20:18 Image size of job updated: 1303368
	228  -  MemoryUsage of job (MB)
	232716  -  ResidentSetSize of job (KB)
...
006 (9076160.000.000) 11/17 17:25:18 Image size of job updated: 1303368
	246  -  MemoryUsage of job (MB)
	251488  -  ResidentSetSize of job (KB)
...
006 (9076160.000.000) 11/17 17:30:19 Image size of job updated: 1303368
	246  -  MemoryUsage of job (MB)
	251596  -  ResidentSetSize of job (KB)
...
006 (9076160.000.000) 11/17 17:35:20 Image size of job updated: 1303368
	246  -  MemoryUsage of job (MB)
	251600  -  ResidentSetSize of job (KB)
...
006 (9076160.000.000) 11/17 17:40:20 Image size of job updated: 1303368
	246  -  MemoryUsage of job (MB)
	251688  -  ResidentSetSize of job (KB)
...
006 (9076160.000.000) 11/17 17:45:21 Image size of job updated: 1303368
	247  -  MemoryUsage of job (MB)
	252048  -  ResidentSetSize of job (KB)
...
006 (9076160.000.000) 11/17 17:50:22 Image size of job updated: 1303532
	247  -  MemoryUsage of job (MB)
	252288  -  ResidentSetSize of job (KB)
...
006 (9076160.000.000) 11/17 18:00:23 Image size of job updated: 1303532
	247  -  MemoryUsage of job (MB)
	252304  -  ResidentSetSize of job (KB)
...
006 (9076160.000.000) 11/17 18:05:24 Image size of job updated: 1303532
	247  -  MemoryUsage of job (MB)
	252320  -  ResidentSetSize of job (KB)
...
006 (9076160.000.000) 11/17 18:10:24 Image size of job updated: 1303532
	247  -  MemoryUsage of job (MB)
	252344  -  ResidentSetSize of job (KB)
...
006 (9076160.000.000) 11/17 18:15:24 Image size of job updated: 1303532
	247  -  MemoryUsage of job (MB)
	252604  -  ResidentSetSize of job (KB)
...
006 (9076160.000.000) 11/17 18:40:26 Image size of job updated: 1304812
	247  -  MemoryUsage of job (MB)
	252612  -  ResidentSetSize of job (KB)
...
006 (9076160.000.000) 11/17 21:00:40 Image size of job updated: 1304812
	247  -  MemoryUsage of job (MB)
	252616  -  ResidentSetSize of job (KB)
...
006 (9076160.000.000) 11/17 22:00:46 Image size of job updated: 1304812
	247  -  MemoryUsage of job (MB)
	252624  -  ResidentSetSize of job (KB)
...
006 (9076160.000.000) 11/17 22:10:48 Image size of job updated: 1304812
	247  -  MemoryUsage of job (MB)
	252784  -  ResidentSetSize of job (KB)
...
006 (9076160.000.000) 11/17 23:55:58 Image size of job updated: 1304812
	247  -  MemoryUsage of job (MB)
	252792  -  ResidentSetSize of job (KB)
...
006 (9076160.000.000) 11/18 00:00:58 Image size of job updated: 1304812
	247  -  MemoryUsage of job (MB)
	252808  -  ResidentSetSize of job (KB)
...
006 (9076160.000.000) 11/18 00:10:59 Image size of job updated: 1304812
	252  -  MemoryUsage of job (MB)
	257908  -  ResidentSetSize of job (KB)
...
006 (9076160.000.000) 11/18 00:15:59 Image size of job updated: 1304812
	253  -  MemoryUsage of job (MB)
	258316  -  ResidentSetSize of job (KB)
...
006 (9076160.000.000) 11/18 00:21:00 Image size of job updated: 1305492
	253  -  MemoryUsage of job (MB)
	259064  -  ResidentSetSize of job (KB)
...
006 (9076160.000.000) 11/18 00:30:36 Image size of job updated: 1350752
	253  -  MemoryUsage of job (MB)
	259064  -  ResidentSetSize of job (KB)
...
040 (9076160.000.000) 11/18 00:30:36 Started transferring output files
...
040 (9076160.000.000) 11/18 00:30:37 Finished transferring output files
...
005 (9076160.000.000) 11/18 00:30:37 Job terminated.
	(1) Normal termination (return value 139)
		Usr 0 08:09:14, Sys 0 00:01:41  -  Run Remote Usage
		Usr 0 00:00:00, Sys 0 00:00:00  -  Run Local Usage
		Usr 0 08:09:14, Sys 0 00:01:41  -  Total Remote Usage
		Usr 0 00:00:00, Sys 0 00:00:00  -  Total Local Usage
	46813  -  Run Bytes Sent By Job
	11187  -  Run Bytes Received By Job
	46813  -  Total Bytes Sent By Job
	11187  -  Total Bytes Received By Job
	Partitionable Resources :    Usage  Request Allocated 
	   Cpus                 :     0.80        1         1 
	   Disk (KB)            :    78          12   1578141 
	   Memory (MB)          :   253        2000      2000 

	Job terminated of its own accord at 2023-11-17T23:30:36Z.
...
000 (9077198.000.000) 11/18 09:43:31 Job submitted from host: <188.184.90.62:9618?addrs=188.184.90.62-9618+[2001-1458-201-e4--100-238]-9618&alias=bigbird16.cern.ch&noUDP&sock=schedd_4073970_23e3>
...
040 (9077198.000.000) 11/18 10:53:28 Started transferring input files
	Transferring to host: <128.142.61.15:9618?addrs=128.142.61.15-9618+[2001-1458-301-23--100-e]-9618&alias=b7s06p7712.cern.ch&noUDP&sock=slot1_18_35729_1006_9447>
...
040 (9077198.000.000) 11/18 10:53:28 Finished transferring input files
...
001 (9077198.000.000) 11/18 10:53:29 Job executing on host: <128.142.61.15:9618?addrs=128.142.61.15-9618+[2001-1458-301-23--100-e]-9618&alias=b7s06p7712.cern.ch&noUDP&sock=startd_10612_871e>
...
006 (9077198.000.000) 11/18 10:53:37 Image size of job updated: 897464
	5  -  MemoryUsage of job (MB)
	4876  -  ResidentSetSize of job (KB)
...
040 (9077198.000.000) 11/18 10:53:58 Started transferring output files
...
040 (9077198.000.000) 11/18 10:53:58 Finished transferring output files
...
005 (9077198.000.000) 11/18 10:53:58 Job terminated.
	(1) Normal termination (return value 1)
		Usr 0 00:00:02, Sys 0 00:00:01  -  Run Remote Usage
		Usr 0 00:00:00, Sys 0 00:00:00  -  Run Local Usage
		Usr 0 00:00:02, Sys 0 00:00:01  -  Total Remote Usage
		Usr 0 00:00:00, Sys 0 00:00:00  -  Total Local Usage
	407  -  Run Bytes Sent By Job
	11183  -  Run Bytes Received By Job
	407  -  Total Bytes Sent By Job
	11183  -  Total Bytes Received By Job
	Partitionable Resources :    Usage  Request Allocated 
	   Cpus                 :                 1         1 
	   Disk (KB)            :       28       12   1302907 
	   Memory (MB)          :        5     2000      2000 

	Job terminated of its own accord at 2023-11-18T09:53:58Z.
...
000 (9077430.000.000) 11/18 11:12:11 Job submitted from host: <188.184.90.62:9618?addrs=188.184.90.62-9618+[2001-1458-201-e4--100-238]-9618&alias=bigbird16.cern.ch&noUDP&sock=schedd_4073970_23e3>
...
040 (9077430.000.000) 11/18 11:14:25 Started transferring input files
	Transferring to host: <128.142.248.122:9618?addrs=128.142.248.122-9618+[2001-1458-301-73--100-16a]-9618&alias=b7g23p1073.cern.ch&noUDP&sock=slot1_34_3693_cd6f_9113>
...
040 (9077430.000.000) 11/18 11:14:25 Finished transferring input files
...
001 (9077430.000.000) 11/18 11:14:26 Job executing on host: <128.142.248.122:9618?addrs=128.142.248.122-9618+[2001-1458-301-73--100-16a]-9618&alias=b7g23p1073.cern.ch&noUDP&sock=startd_3085_a1c2>
...
006 (9077430.000.000) 11/18 11:14:34 Image size of job updated: 27016
	0  -  MemoryUsage of job (MB)
	0  -  ResidentSetSize of job (KB)
...
040 (9077430.000.000) 11/18 11:14:34 Started transferring output files
...
040 (9077430.000.000) 11/18 11:14:34 Finished transferring output files
...
005 (9077430.000.000) 11/18 11:14:34 Job terminated.
	(1) Normal termination (return value 1)
		Usr 0 00:00:02, Sys 0 00:00:01  -  Run Remote Usage
		Usr 0 00:00:00, Sys 0 00:00:00  -  Run Local Usage
		Usr 0 00:00:02, Sys 0 00:00:01  -  Total Remote Usage
		Usr 0 00:00:00, Sys 0 00:00:00  -  Total Local Usage
	4994  -  Run Bytes Sent By Job
	11183  -  Run Bytes Received By Job
	4994  -  Total Bytes Sent By Job
	11183  -  Total Bytes Received By Job
	Partitionable Resources :    Usage  Request Allocated 
	   Cpus                 :                 1         1 
	   Disk (KB)            :       30       12   3078349 
	   Memory (MB)          :        0     2000      2000 

	Job terminated of its own accord at 2023-11-18T10:14:34Z.
...
000 (9077431.000.000) 11/18 11:18:49 Job submitted from host: <188.184.90.62:9618?addrs=188.184.90.62-9618+[2001-1458-201-e4--100-238]-9618&alias=bigbird16.cern.ch&noUDP&sock=schedd_4073970_23e3>
...
040 (9077431.000.000) 11/18 11:22:16 Started transferring input files
	Transferring to host: <128.142.61.113:9618?addrs=128.142.61.113-9618+[2001-1458-301-23--100-70]-9618&alias=b7s06p7072.cern.ch&noUDP&sock=slot1_23_1449_b394_27157>
...
040 (9077431.000.000) 11/18 11:22:16 Finished transferring input files
...
001 (9077431.000.000) 11/18 11:22:17 Job executing on host: <128.142.61.113:9618?addrs=128.142.61.113-9618+[2001-1458-301-23--100-70]-9618&alias=b7s06p7072.cern.ch&noUDP&sock=startd_1410_b8a0>
...
006 (9077431.000.000) 11/18 11:22:26 Image size of job updated: 578044
	138  -  MemoryUsage of job (MB)
	140856  -  ResidentSetSize of job (KB)
...
006 (9077431.000.000) 11/18 11:27:27 Image size of job updated: 1302260
	224  -  MemoryUsage of job (MB)
	228892  -  ResidentSetSize of job (KB)
...
006 (9077431.000.000) 11/18 11:32:27 Image size of job updated: 1302696
	225  -  MemoryUsage of job (MB)
	229556  -  ResidentSetSize of job (KB)
...
006 (9077431.000.000) 11/18 11:37:28 Image size of job updated: 1302696
	225  -  MemoryUsage of job (MB)
	229760  -  ResidentSetSize of job (KB)
...
006 (9077431.000.000) 11/18 11:42:29 Image size of job updated: 1302696
	225  -  MemoryUsage of job (MB)
	229808  -  ResidentSetSize of job (KB)
...
006 (9077431.000.000) 11/18 11:47:29 Image size of job updated: 1302696
	225  -  MemoryUsage of job (MB)
	229848  -  ResidentSetSize of job (KB)
...
006 (9077431.000.000) 11/18 11:52:29 Image size of job updated: 1302696
	225  -  MemoryUsage of job (MB)
	229856  -  ResidentSetSize of job (KB)
...
006 (9077431.000.000) 11/18 11:57:31 Image size of job updated: 1302696
	225  -  MemoryUsage of job (MB)
	229864  -  ResidentSetSize of job (KB)
...
006 (9077431.000.000) 11/18 12:07:31 Image size of job updated: 1303176
	226  -  MemoryUsage of job (MB)
	230464  -  ResidentSetSize of job (KB)
...
006 (9077431.000.000) 11/18 12:12:32 Image size of job updated: 1303176
	226  -  MemoryUsage of job (MB)
	230468  -  ResidentSetSize of job (KB)
...
006 (9077431.000.000) 11/18 12:17:33 Image size of job updated: 1303176
	226  -  MemoryUsage of job (MB)
	230628  -  ResidentSetSize of job (KB)
...
006 (9077431.000.000) 11/18 13:12:39 Image size of job updated: 1303176
	243  -  MemoryUsage of job (MB)
	248032  -  ResidentSetSize of job (KB)
...
006 (9077431.000.000) 11/18 13:17:40 Image size of job updated: 1303176
	245  -  MemoryUsage of job (MB)
	250312  -  ResidentSetSize of job (KB)
...
006 (9077431.000.000) 11/18 13:22:40 Image size of job updated: 1303216
	246  -  MemoryUsage of job (MB)
	251204  -  ResidentSetSize of job (KB)
...
006 (9077431.000.000) 11/18 13:27:40 Image size of job updated: 1304156
	246  -  MemoryUsage of job (MB)
	251396  -  ResidentSetSize of job (KB)
...
006 (9077431.000.000) 11/18 13:32:41 Image size of job updated: 1304156
	246  -  MemoryUsage of job (MB)
	251416  -  ResidentSetSize of job (KB)
...
006 (9077431.000.000) 11/18 13:37:42 Image size of job updated: 1304156
	246  -  MemoryUsage of job (MB)
	251424  -  ResidentSetSize of job (KB)
...
006 (9077431.000.000) 11/18 13:42:42 Image size of job updated: 1304156
	246  -  MemoryUsage of job (MB)
	251436  -  ResidentSetSize of job (KB)
...
006 (9077431.000.000) 11/18 13:47:43 Image size of job updated: 1304924
	246  -  MemoryUsage of job (MB)
	251692  -  ResidentSetSize of job (KB)
...
006 (9077431.000.000) 11/18 15:02:50 Image size of job updated: 1304924
	246  -  MemoryUsage of job (MB)
	251700  -  ResidentSetSize of job (KB)
...
006 (9077431.000.000) 11/18 15:27:53 Image size of job updated: 1304924
	246  -  MemoryUsage of job (MB)
	251704  -  ResidentSetSize of job (KB)
...
006 (9077431.000.000) 11/18 15:47:55 Image size of job updated: 1304924
	246  -  MemoryUsage of job (MB)
	251708  -  ResidentSetSize of job (KB)
...
006 (9077431.000.000) 11/18 16:17:58 Image size of job updated: 1304924
	247  -  MemoryUsage of job (MB)
	251960  -  ResidentSetSize of job (KB)
...
006 (9077431.000.000) 11/18 16:38:01 Image size of job updated: 1304924
	252  -  MemoryUsage of job (MB)
	257436  -  ResidentSetSize of job (KB)
...
006 (9077431.000.000) 11/18 16:43:01 Image size of job updated: 1304924
	253  -  MemoryUsage of job (MB)
	258692  -  ResidentSetSize of job (KB)
...
006 (9077431.000.000) 11/18 16:48:01 Image size of job updated: 1304980
	253  -  MemoryUsage of job (MB)
	258696  -  ResidentSetSize of job (KB)
...
006 (9077431.000.000) 11/18 16:53:02 Image size of job updated: 1305236
	253  -  MemoryUsage of job (MB)
	258696  -  ResidentSetSize of job (KB)
...
006 (9077431.000.000) 11/18 18:23:10 Image size of job updated: 1305748
	253  -  MemoryUsage of job (MB)
	258696  -  ResidentSetSize of job (KB)
...
006 (9077431.000.000) 11/18 18:58:14 Image size of job updated: 1305748
	254  -  MemoryUsage of job (MB)
	259408  -  ResidentSetSize of job (KB)
...
040 (9077431.000.000) 11/18 18:59:51 Started transferring output files
...
040 (9077431.000.000) 11/18 18:59:52 Finished transferring output files
...
005 (9077431.000.000) 11/18 18:59:52 Job terminated.
	(1) Normal termination (return value 0)
		Usr 0 06:52:24, Sys 0 00:01:08  -  Run Remote Usage
		Usr 0 00:00:00, Sys 0 00:00:00  -  Run Local Usage
		Usr 0 06:52:24, Sys 0 00:01:08  -  Total Remote Usage
		Usr 0 00:00:00, Sys 0 00:00:00  -  Total Local Usage
	6808  -  Run Bytes Sent By Job
	11183  -  Run Bytes Received By Job
	6808  -  Total Bytes Sent By Job
	11183  -  Total Bytes Received By Job
	Partitionable Resources :    Usage  Request Allocated 
	   Cpus                 :     1.00        1         1 
	   Disk (KB)            :    39          12   1303309 
	   Memory (MB)          :   254        2000      2000 

	Job terminated of its own accord at 2023-11-18T17:59:51Z.
...
000 (9093012.000.000) 11/23 21:30:05 Job submitted from host: <188.184.90.62:9618?addrs=188.184.90.62-9618+[2001-1458-201-e4--100-238]-9618&alias=bigbird16.cern.ch&noUDP&sock=schedd_4073970_23e3>
...
040 (9093012.000.000) 11/24 00:00:56 Started transferring input files
	Transferring to host: <188.184.160.111:9618?addrs=188.184.160.111-9618+[2001-1458-301-48--100-69]-9618&alias=b7s09p5073.cern.ch&noUDP&sock=slot1_19_3733_fc71_220299>
...
040 (9093012.000.000) 11/24 00:00:56 Finished transferring input files
...
001 (9093012.000.000) 11/24 00:00:57 Job executing on host: <188.184.160.111:9618?addrs=188.184.160.111-9618+[2001-1458-301-48--100-69]-9618&alias=b7s09p5073.cern.ch&noUDP&sock=startd_2980_9c50>
...
006 (9093012.000.000) 11/24 00:01:06 Image size of job updated: 288860
	138  -  MemoryUsage of job (MB)
	140764  -  ResidentSetSize of job (KB)
...
006 (9093012.000.000) 11/24 00:06:07 Image size of job updated: 1302248
	224  -  MemoryUsage of job (MB)
	228764  -  ResidentSetSize of job (KB)
...
006 (9093012.000.000) 11/24 00:11:08 Image size of job updated: 1302396
	225  -  MemoryUsage of job (MB)
	229500  -  ResidentSetSize of job (KB)
...
006 (9093012.000.000) 11/24 00:16:08 Image size of job updated: 1302832
	225  -  MemoryUsage of job (MB)
	230076  -  ResidentSetSize of job (KB)
...
006 (9093012.000.000) 11/24 00:21:08 Image size of job updated: 1302832
	225  -  MemoryUsage of job (MB)
	230180  -  ResidentSetSize of job (KB)
...
006 (9093012.000.000) 11/24 00:26:09 Image size of job updated: 1302832
	225  -  MemoryUsage of job (MB)
	230272  -  ResidentSetSize of job (KB)
...
006 (9093012.000.000) 11/24 00:31:10 Image size of job updated: 1303088
	225  -  MemoryUsage of job (MB)
	230272  -  ResidentSetSize of job (KB)
...
006 (9093012.000.000) 11/24 00:46:12 Image size of job updated: 1303496
	226  -  MemoryUsage of job (MB)
	230460  -  ResidentSetSize of job (KB)
...
006 (9093012.000.000) 11/24 01:01:13 Image size of job updated: 1303496
	226  -  MemoryUsage of job (MB)
	230472  -  ResidentSetSize of job (KB)
...
006 (9093012.000.000) 11/24 01:06:14 Image size of job updated: 1303496
	226  -  MemoryUsage of job (MB)
	230488  -  ResidentSetSize of job (KB)
...
006 (9093012.000.000) 11/24 01:46:17 Image size of job updated: 1303496
	226  -  MemoryUsage of job (MB)
	230736  -  ResidentSetSize of job (KB)
...
006 (9093012.000.000) 11/24 01:51:18 Image size of job updated: 1303496
	244  -  MemoryUsage of job (MB)
	249716  -  ResidentSetSize of job (KB)
...
006 (9093012.000.000) 11/24 01:56:19 Image size of job updated: 1303496
	245  -  MemoryUsage of job (MB)
	250228  -  ResidentSetSize of job (KB)
...
006 (9093012.000.000) 11/24 02:01:19 Image size of job updated: 1303840
	245  -  MemoryUsage of job (MB)
	250460  -  ResidentSetSize of job (KB)
...
006 (9093012.000.000) 11/24 02:26:22 Image size of job updated: 1304352
	245  -  MemoryUsage of job (MB)
	250460  -  ResidentSetSize of job (KB)
...
006 (9093012.000.000) 11/24 02:56:25 Image size of job updated: 1304352
	245  -  MemoryUsage of job (MB)
	250532  -  ResidentSetSize of job (KB)
...
006 (9093012.000.000) 11/24 03:26:29 Image size of job updated: 1304352
	245  -  MemoryUsage of job (MB)
	250784  -  ResidentSetSize of job (KB)
...
006 (9093012.000.000) 11/24 03:31:29 Image size of job updated: 1304352
	245  -  MemoryUsage of job (MB)
	250788  -  ResidentSetSize of job (KB)
...
006 (9093012.000.000) 11/24 03:41:31 Image size of job updated: 1304352
	245  -  MemoryUsage of job (MB)
	250792  -  ResidentSetSize of job (KB)
...
006 (9093012.000.000) 11/24 03:46:31 Image size of job updated: 1304352
	245  -  MemoryUsage of job (MB)
	250796  -  ResidentSetSize of job (KB)
...
006 (9093012.000.000) 11/24 04:06:33 Image size of job updated: 1304352
	246  -  MemoryUsage of job (MB)
	251052  -  ResidentSetSize of job (KB)
...
006 (9093012.000.000) 11/24 05:16:41 Image size of job updated: 1304960
	253  -  MemoryUsage of job (MB)
	258644  -  ResidentSetSize of job (KB)
...
006 (9093012.000.000) 11/24 05:21:41 Image size of job updated: 1305676
	254  -  MemoryUsage of job (MB)
	259144  -  ResidentSetSize of job (KB)
...
006 (9093012.000.000) 11/24 05:26:42 Image size of job updated: 1305676
	254  -  MemoryUsage of job (MB)
	259172  -  ResidentSetSize of job (KB)
...
006 (9093012.000.000) 11/24 05:31:43 Image size of job updated: 1305676
	254  -  MemoryUsage of job (MB)
	259180  -  ResidentSetSize of job (KB)
...
006 (9093012.000.000) 11/24 05:36:43 Image size of job updated: 1305676
	254  -  MemoryUsage of job (MB)
	259184  -  ResidentSetSize of job (KB)
...
006 (9093012.000.000) 11/24 07:01:51 Image size of job updated: 1305676
	254  -  MemoryUsage of job (MB)
	259284  -  ResidentSetSize of job (KB)
...
006 (9093012.000.000) 11/24 07:31:53 Image size of job updated: 1305676
	255  -  MemoryUsage of job (MB)
	260260  -  ResidentSetSize of job (KB)
...
040 (9093012.000.000) 11/24 07:33:41 Started transferring output files
...
040 (9093012.000.000) 11/24 07:33:41 Finished transferring output files
...
005 (9093012.000.000) 11/24 07:33:41 Job terminated.
	(1) Normal termination (return value 0)
		Usr 0 06:53:03, Sys 0 00:02:14  -  Run Remote Usage
		Usr 0 00:00:00, Sys 0 00:00:00  -  Run Local Usage
		Usr 0 06:53:03, Sys 0 00:02:14  -  Total Remote Usage
		Usr 0 00:00:00, Sys 0 00:00:00  -  Total Local Usage
	6808  -  Run Bytes Sent By Job
	11219  -  Run Bytes Received By Job
	6808  -  Total Bytes Sent By Job
	11219  -  Total Bytes Received By Job
	Partitionable Resources :    Usage  Request Allocated 
	   Cpus                 :     0.98        1         1 
	   Disk (KB)            :    39          12   2868109 
	   Memory (MB)          :   255        2000      2000 

	Job terminated of its own accord at 2023-11-24T06:33:41Z.
...
