DEBUG 2023-06-07 12:52:44.536 UTC: 	 CRAB Client version: v3.230417
DEBUG 2023-06-07 12:52:44.536 UTC: 	 Running on: Linux lxplus7113.cern.ch 3.10.0-1160.90.1.el7.x86_64 #1 SMP Thu May 4 15:21:22 UTC 2023 x86_64 x86_64 x86_64 GNU/Linux - CentOS Linux 7 (Core)
DEBUG 2023-06-07 12:52:44.536 UTC: 	 Executing command: 'submit'
DEBUG 2023-06-07 12:52:44.537 UTC: 	 Found CRAB cache file /afs/cern.ch/user/l/lfavilla/.crab3
INFO 2023-06-07 12:52:44.537 UTC: 	 Will use CRAB configuration file crab_cfg.py
DEBUG 2023-06-07 12:52:44.537 UTC: 	 Loading CRAB configuration file.
DEBUG 2023-06-07 12:52:44.622 UTC: 	 Will use CRAB Analysis plugin (i.e. will run an analysis job type).
DEBUG 2023-06-07 12:52:44.752 UTC: 	 Checking credentials
DEBUG 2023-06-07 12:52:44.752 UTC: 	 Found proxy file /tmp/x509up_u159320
DEBUG 2023-06-07 12:52:44.752 UTC: 	 Making sure it has proper VOMS extension
DEBUG 2023-06-07 12:52:44.752 UTC: 	 Executing command :
 voms-proxy-info --vo --file /tmp/x509up_u159320
DEBUG 2023-06-07 12:52:45.704 UTC: 	 output : cms

 error: 
 retcode : 0
DEBUG 2023-06-07 12:52:45.704 UTC: 	 Getting proxy life time left
DEBUG 2023-06-07 12:52:45.704 UTC: 	 Executing command :
 voms-proxy-info --actimeleft --timeleft --file /tmp/x509up_u159320
DEBUG 2023-06-07 12:52:46.433 UTC: 	 output : 690993
690992

 error: 
 retcode : 0
DEBUG 2023-06-07 12:52:46.433 UTC: 	 Proxy valid for 191:56:32 hours
DEBUG 2023-06-07 12:52:46.499 UTC: 	 Encoded data for curl request: subresource=delegatedn
DEBUG 2023-06-07 12:52:46.513 UTC: 	 Executing command :
 curl -v -X GET -H "User-Agent: CRABClient/v3.230417" -H "Accept: */*" --data @/tmp/crab_curlDataw8ghyjen --cert "/tmp/x509up_u159320" --key "/tmp/x509up_u159320" --capath "/etc/grid-security/certificates/" "https://cmsweb.cern.ch:8443/crabserver/prod/info?subresource=delegatedn" | tee /dev/stderr 
DEBUG 2023-06-07 12:52:46.576 UTC: 	 output : {"result": [
 {"services": ["/DC=ch/DC=cern/OU=computers/CN=crab-(preprod|prod|dev)-tw(01|02|03).cern.ch|/DC=ch/DC=cern/OU=computers/CN=stefanov(m|m2).cern.ch|/DC=ch/DC=cern/OU=computers/CN=dciangot-tw.cern.ch"]}
]}

 error:   % Total    % Received % Xferd  Average Speed   Time    Time     Time  Current
                                 Dload  Upload   Total   Spent    Left  Speed
  0     0    0     0    0     0      0      0 --:--:-- --:--:-- --:--:--     0*   Trying 137.138.154.184:8443...
* Connected to cmsweb.cern.ch (137.138.154.184) port 8443 (#0)
* ALPN, offering http/1.1
* Cipher selection: ALL:!EXPORT:!EXPORT40:!EXPORT56:!aNULL:!LOW:!RC4:@STRENGTH
* successfully set certificate verify locations:
*  CAfile: /etc/pki/tls/certs/ca-bundle.crt
*  CApath: /etc/grid-security/certificates/
* TLSv1.2 (OUT), TLS header, Certificate Status (22):
} [5 bytes data]
* TLSv1.2 (OUT), TLS handshake, Client hello (1):
} [512 bytes data]
* TLSv1.2 (IN), TLS handshake, Server hello (2):
{ [109 bytes data]
* TLSv1.2 (IN), TLS handshake, Certificate (11):
{ [6240 bytes data]
* TLSv1.2 (IN), TLS handshake, Server key exchange (12):
{ [333 bytes data]
* TLSv1.2 (IN), TLS handshake, Request CERT (13):
{ [13122 bytes data]
* TLSv1.2 (IN), TLS handshake, Server finished (14):
{ [4 bytes data]
* TLSv1.2 (OUT), TLS handshake, Certificate (11):
} [6797 bytes data]
* TLSv1.2 (OUT), TLS handshake, Client key exchange (16):
} [70 bytes data]
* TLSv1.2 (OUT), TLS handshake, CERT verify (15):
} [264 bytes data]
* TLSv1.2 (OUT), TLS change cipher, Change cipher spec (1):
} [1 bytes data]
* TLSv1.2 (OUT), TLS handshake, Finished (20):
} [16 bytes data]
* TLSv1.2 (IN), TLS change cipher, Change cipher spec (1):
{ [1 bytes data]
* TLSv1.2 (IN), TLS handshake, Finished (20):
{ [16 bytes data]
* SSL connection using TLSv1.2 / ECDHE-RSA-AES128-GCM-SHA256
* ALPN, server accepted to use http/1.1
* Server certificate:
*  subject: DC=ch; DC=cern; OU=computers; CN=cmsweb.cern.ch
*  start date: Feb 28 02:56:51 2023 GMT
*  expire date: Apr  3 02:56:51 2024 GMT
*  subjectAltName: host "cmsweb.cern.ch" matched cert's "cmsweb.cern.ch"
*  issuer: DC=ch; DC=cern; CN=CERN Grid Certification Authority
*  SSL certificate verify ok.
} [5 bytes data]
> GET /crabserver/prod/info?subresource=delegatedn HTTP/1.1
> Host: cmsweb.cern.ch:8443
> User-Agent: CRABClient/v3.230417
> Accept: */*
> Content-Length: 22
> Content-Type: application/x-www-form-urlencoded
> 
} [22 bytes data]
* Mark bundle as not supporting multiuse
< HTTP/1.1 200 OK
< Date: Wed, 07 Jun 2023 12:52:46 GMT
< Server: Apache
< Content-Type: application/json
< Content-Length: 216
< Vary: Accept
< Cache-Control: max-age=3600
< X-Rest-Status: 100
< Etag: "531fb58a933656ea08a7f418b273fdae3c95932a"
< X-Rest-Time: 1905.441 us
< CMS-Server-Time: D=8897 t=1686142366562047
< 
{ [5 bytes data]
100   238  100   216  100    22   6291    640 --:--:-- --:--:-- --:--:--  7000
* Connection #0 to host cmsweb.cern.ch left intact
{"result": [
 {"services": ["/DC=ch/DC=cern/OU=computers/CN=crab-(preprod|prod|dev)-tw(01|02|03).cern.ch|/DC=ch/DC=cern/OU=computers/CN=stefanov(m|m2).cern.ch|/DC=ch/DC=cern/OU=computers/CN=dciangot-tw.cern.ch"]}
]}

 retcode : 0
DEBUG 2023-06-07 12:52:46.577 UTC: 	 Registering user credentials on myproxy for /DC=ch/DC=cern/OU=computers/CN=crab-(preprod|prod|dev)-tw(01|02|03).cern.ch|/DC=ch/DC=cern/OU=computers/CN=stefanov(m|m2).cern.ch|/DC=ch/DC=cern/OU=computers/CN=dciangot-tw.cern.ch
DEBUG 2023-06-07 12:52:46.577 UTC: 	 Executing command :
 voms-proxy-info --identity --file /tmp/x509up_u159320
DEBUG 2023-06-07 12:52:47.282 UTC: 	 output : /DC=ch/DC=cern/OU=Organic Units/OU=Users/CN=lfavilla/CN=867090/CN=Leonardo Favilla

 error: 
 retcode : 0
DEBUG 2023-06-07 12:52:47.282 UTC: 	 Getting myproxy life time left for 70284ad9de3a40585c76dbf527363be004fcbd17
DEBUG 2023-06-07 12:52:47.282 UTC: 	 Executing command :
 myproxy-info -s myproxy.cern.ch -l 70284ad9de3a40585c76dbf527363be004fcbd17
DEBUG 2023-06-07 12:52:47.625 UTC: 	 output : username: 70284ad9de3a40585c76dbf527363be004fcbd17
owner: /DC=ch/DC=cern/OU=Organic Units/OU=Users/CN=lfavilla/CN=867090/CN=Leonardo Favilla
  renewal policy: /DC=ch/DC=cern/OU=computers/CN=crab-(preprod|prod|dev)-tw(01|02|03).cern.ch|/DC=ch/DC=cern/OU=computers/CN=stefanov(m|m2).cern.ch|/DC=ch/DC=cern/OU=computers/CN=dciangot-tw.cern.ch
  trusted retrieval policy: /DC=ch/DC=cern/OU=computers/CN=crab-(preprod|prod|dev)-tw(01|02|03).cern.ch|/DC=ch/DC=cern/OU=computers/CN=stefanov(m|m2).cern.ch|/DC=ch/DC=cern/OU=computers/CN=dciangot-tw.cern.ch
  timeleft: 553:51:45  (23.1 days)

 error: 
 retcode : 0
DEBUG 2023-06-07 12:52:47.626 UTC: 	 Myproxy is valid: 1993860
DEBUG 2023-06-07 12:52:47.626 UTC: 	 Result of myproxy credential check:
  Credential exists on myproxy: username: 70284ad9de3a40585c76dbf527363be004fcbd17  - validity: 23 days, 1:51:00
DEBUG 2023-06-07 12:52:47.626 UTC: 	 Command use: submit
DEBUG 2023-06-07 12:52:47.627 UTC: 	 Options use: ['-c', 'crab_cfg.py']
DEBUG 2023-06-07 12:52:47.627 UTC: 	 Encoded data for curl request: subresource=version
DEBUG 2023-06-07 12:52:47.646 UTC: 	 Executing command :
 curl -v -X GET -H "User-Agent: CRABClient/v3.230417" -H "Accept: */*" --data @/tmp/crab_curlDataqtyjf1r0 --cert "/tmp/x509up_u159320" --key "/tmp/x509up_u159320" --capath "/etc/grid-security/certificates/" "https://cmsweb.cern.ch:8443/crabserver/prod/info?subresource=version" | tee /dev/stderr 
DEBUG 2023-06-07 12:52:47.705 UTC: 	 output : {"result": [
 ["3.3.19", "3.3.20", "v3", "development", "v3.230504"]
]}

 error:   % Total    % Received % Xferd  Average Speed   Time    Time     Time  Current
                                 Dload  Upload   Total   Spent    Left  Speed
  0     0    0     0    0     0      0      0 --:--:-- --:--:-- --:--:--     0*   Trying 137.138.154.184:8443...
* Connected to cmsweb.cern.ch (137.138.154.184) port 8443 (#0)
* ALPN, offering http/1.1
* Cipher selection: ALL:!EXPORT:!EXPORT40:!EXPORT56:!aNULL:!LOW:!RC4:@STRENGTH
* successfully set certificate verify locations:
*  CAfile: /etc/pki/tls/certs/ca-bundle.crt
*  CApath: /etc/grid-security/certificates/
* TLSv1.2 (OUT), TLS header, Certificate Status (22):
} [5 bytes data]
* TLSv1.2 (OUT), TLS handshake, Client hello (1):
} [512 bytes data]
* TLSv1.2 (IN), TLS handshake, Server hello (2):
{ [109 bytes data]
* TLSv1.2 (IN), TLS handshake, Certificate (11):
{ [6240 bytes data]
* TLSv1.2 (IN), TLS handshake, Server key exchange (12):
{ [333 bytes data]
* TLSv1.2 (IN), TLS handshake, Request CERT (13):
{ [13122 bytes data]
* TLSv1.2 (IN), TLS handshake, Server finished (14):
{ [4 bytes data]
* TLSv1.2 (OUT), TLS handshake, Certificate (11):
} [6797 bytes data]
* TLSv1.2 (OUT), TLS handshake, Client key exchange (16):
} [70 bytes data]
* TLSv1.2 (OUT), TLS handshake, CERT verify (15):
} [264 bytes data]
* TLSv1.2 (OUT), TLS change cipher, Change cipher spec (1):
} [1 bytes data]
* TLSv1.2 (OUT), TLS handshake, Finished (20):
} [16 bytes data]
* TLSv1.2 (IN), TLS change cipher, Change cipher spec (1):
{ [1 bytes data]
* TLSv1.2 (IN), TLS handshake, Finished (20):
{ [16 bytes data]
* SSL connection using TLSv1.2 / ECDHE-RSA-AES128-GCM-SHA256
* ALPN, server accepted to use http/1.1
* Server certificate:
*  subject: DC=ch; DC=cern; OU=computers; CN=cmsweb.cern.ch
*  start date: Feb 28 02:56:51 2023 GMT
*  expire date: Apr  3 02:56:51 2024 GMT
*  subjectAltName: host "cmsweb.cern.ch" matched cert's "cmsweb.cern.ch"
*  issuer: DC=ch; DC=cern; CN=CERN Grid Certification Authority
*  SSL certificate verify ok.
} [5 bytes data]
> GET /crabserver/prod/info?subresource=version HTTP/1.1
> Host: cmsweb.cern.ch:8443
> User-Agent: CRABClient/v3.230417
> Accept: */*
> Content-Length: 19
> Content-Type: application/x-www-form-urlencoded
> 
} [19 bytes data]
* Mark bundle as not supporting multiuse
< HTTP/1.1 200 OK
< Date: Wed, 07 Jun 2023 12:52:47 GMT
< Server: Apache
< Content-Type: application/json
< Content-Length: 72
< Vary: Accept
< Cache-Control: max-age=3600
< X-Rest-Status: 100
< Etag: "63f3e3aba51685849350eabf1b77b9be151d379c"
< X-Rest-Time: 2711.058 us
< CMS-Server-Time: D=10144 t=1686142367691474
< 
{ [5 bytes data]
100    91  100    72  100    19   1962    517 --:--:-- --:--:-- --:--:--  2527
* Connection #0 to host cmsweb.cern.ch left intact
{"result": [
 ["3.3.19", "3.3.20", "v3", "development", "v3.230504"]
]}

 retcode : 0
DEBUG 2023-06-07 12:52:47.708 UTC: 	 CRABClient version: v3.230417
DEBUG 2023-06-07 12:52:47.708 UTC: 	 Instance is prod
DEBUG 2023-06-07 12:52:47.708 UTC: 	 Server base url is cmsweb.cern.ch
DEBUG 2023-06-07 12:52:47.708 UTC: 	 Command api workflow
DEBUG 2023-06-07 12:52:47.708 UTC: 	 Started submission
DEBUG 2023-06-07 12:52:47.708 UTC: 	 Working on /afs/cern.ch/user/l/lfavilla/CMSSW_12_6_0/src/PhysicsTools/NanoAODTools/crab/crab_TT_Mtt_1000toInf_2018
DEBUG 2023-06-07 12:52:47.709 UTC: 	 Encoded data for curl request: subresource=backendurls
DEBUG 2023-06-07 12:52:47.781 UTC: 	 Executing command :
 curl -v -X GET -H "User-Agent: CRABClient/v3.230417" -H "Accept: */*" --data @/tmp/crab_curlDatagvpwcbf8 --cert "/tmp/x509up_u159320" --key "/tmp/x509up_u159320" --capath "/etc/grid-security/certificates/" "https://cmsweb.cern.ch:8443/crabserver/prod/info?subresource=backendurls" | tee /dev/stderr 
DEBUG 2023-06-07 12:52:47.869 UTC: 	 output : {"result": [
 {"cacheSSL": "https://cmsweb.cern.ch/S3/crabcache_prod", "htcondorSchedds": {"crab3@vocms059.cern.ch": {"proxiedurl": "https://cmsweb.cern.ch:8443/scheddmon/059", "weightfactor": 0}, "crab3@vocms068.cern.ch": {"proxiedurl": "https://cmsweb.cern.ch:8443/scheddmon/068", "weightfactor": 1}, "crab3@vocms069.cern.ch": {"proxiedurl": "https://cmsweb.cern.ch:8443/scheddmon/069", "weightfactor": 1}, "crab3@vocms0106.cern.ch": {"proxiedurl": "https://cmsweb.cern.ch:8443/scheddmon/0106", "weightfactor": 1}, "crab3@vocms0107.cern.ch": {"proxiedurl": "https://cmsweb.cern.ch:8443/scheddmon/0107", "weightfactor": 1}, "crab3@vocms0119.cern.ch": {"proxiedurl": "https://cmsweb.cern.ch:8443/scheddmon/0119", "weightfactor": 1}, "crab3@vocms0120.cern.ch": {"proxiedurl": "https://cmsweb.cern.ch:8443/scheddmon/0120", "weightfactor": 1}, "crab3@vocms0121.cern.ch": {"proxiedurl": "https://cmsweb.cern.ch:8443/scheddmon/0121", "weightfactor": 1}, "crab3@vocms0122.cern.ch": {"proxiedurl": "https://cmsweb.cern.ch:8443/scheddmon/0122", "weightfactor": 1}, "crab3@vocms0137.cern.ch": {"proxiedurl": "https://cmsweb.cern.ch:8443/scheddmon/0137", "weightfactor": 1}, "crab3@vocms0144.cern.ch": {"proxiedurl": "https://cmsweb.cern.ch:8443/scheddmon/0144", "weightfactor": 1}, "crab3@vocms0155.cern.ch": {"proxiedurl": "https://cmsweb.cern.ch:8443/scheddmon/0155", "weightfactor": 1}, "crab3@vocms0194.cern.ch": {"proxiedurl": "https://cmsweb.cern.ch:8443/scheddmon/0194", "weightfactor": 1}, "crab3@vocms0195.cern.ch": {"proxiedurl": "https://cmsweb.cern.ch:8443/scheddmon/0195", "weightfactor": 1}, "crab3@vocms0196.cern.ch": {"proxiedurl": "https://cmsweb.cern.ch:8443/scheddmon/0196", "weightfactor": 1}, "crab3@vocms0197.cern.ch": {"proxiedurl": "https://cmsweb.cern.ch:8443/scheddmon/0197", "weightfactor": 1}, "crab3@vocms0198.cern.ch": {"proxiedurl": "https://cmsweb.cern.ch:8443/scheddmon/0198", "weightfactor": 1}, "crab3@vocms0199.cern.ch": {"proxiedurl": "https://cmsweb.cern.ch:8443/scheddmon/0199", "weightfactor": 1}, "crab3@crab-preprod-scd03.cern.ch": {"proxiedurl": "https://cmsweb.cern.ch:8443/scheddmon/crab-preprod-scd03", "weightfactor": 0}}, "htcondorPool": "cmsgwms-collector-global.cern.ch:9620,cmsgwms-collector-global.fnal.gov:9620"}
]}

 error:   % Total    % Received % Xferd  Average Speed   Time    Time     Time  Current
                                 Dload  Upload   Total   Spent    Left  Speed
  0     0    0     0    0     0      0      0 --:--:-- --:--:-- --:--:--     0*   Trying 137.138.154.184:8443...
* Connected to cmsweb.cern.ch (137.138.154.184) port 8443 (#0)
* ALPN, offering http/1.1
* Cipher selection: ALL:!EXPORT:!EXPORT40:!EXPORT56:!aNULL:!LOW:!RC4:@STRENGTH
* successfully set certificate verify locations:
*  CAfile: /etc/pki/tls/certs/ca-bundle.crt
*  CApath: /etc/grid-security/certificates/
* TLSv1.2 (OUT), TLS header, Certificate Status (22):
} [5 bytes data]
* TLSv1.2 (OUT), TLS handshake, Client hello (1):
} [512 bytes data]
* TLSv1.2 (IN), TLS handshake, Server hello (2):
{ [109 bytes data]
* TLSv1.2 (IN), TLS handshake, Certificate (11):
{ [6240 bytes data]
* TLSv1.2 (IN), TLS handshake, Server key exchange (12):
{ [333 bytes data]
* TLSv1.2 (IN), TLS handshake, Request CERT (13):
{ [13122 bytes data]
* TLSv1.2 (IN), TLS handshake, Server finished (14):
{ [4 bytes data]
* TLSv1.2 (OUT), TLS handshake, Certificate (11):
} [6797 bytes data]
* TLSv1.2 (OUT), TLS handshake, Client key exchange (16):
} [70 bytes data]
* TLSv1.2 (OUT), TLS handshake, CERT verify (15):
} [264 bytes data]
* TLSv1.2 (OUT), TLS change cipher, Change cipher spec (1):
} [1 bytes data]
* TLSv1.2 (OUT), TLS handshake, Finished (20):
} [16 bytes data]
* TLSv1.2 (IN), TLS change cipher, Change cipher spec (1):
{ [1 bytes data]
* TLSv1.2 (IN), TLS handshake, Finished (20):
{ [16 bytes data]
* SSL connection using TLSv1.2 / ECDHE-RSA-AES128-GCM-SHA256
* ALPN, server accepted to use http/1.1
* Server certificate:
*  subject: DC=ch; DC=cern; OU=computers; CN=cmsweb.cern.ch
*  start date: Feb 28 02:56:51 2023 GMT
*  expire date: Apr  3 02:56:51 2024 GMT
*  subjectAltName: host "cmsweb.cern.ch" matched cert's "cmsweb.cern.ch"
*  issuer: DC=ch; DC=cern; CN=CERN Grid Certification Authority
*  SSL certificate verify ok.
} [5 bytes data]
> GET /crabserver/prod/info?subresource=backendurls HTTP/1.1
> Host: cmsweb.cern.ch:8443
> User-Agent: CRABClient/v3.230417
> Accept: */*
> Content-Length: 23
> Content-Type: application/x-www-form-urlencoded
> 
} [23 bytes data]
* Mark bundle as not supporting multiuse
< HTTP/1.1 200 OK
< Date: Wed, 07 Jun 2023 12:52:47 GMT
< Server: Apache
< Content-Type: application/json
< Content-Length: 2260
< Vary: Accept
< Cache-Control: max-age=3600
< X-Rest-Status: 100
< Etag: "54594f7741620a590cf934e274196c47e3ab9b81"
< X-Rest-Time: 2636.194 us
< CMS-Server-Time: D=12034 t=1686142367852483
< 
{ [5 bytes data]
100  2283  100  2260  100    23  40890    416 --:--:-- --:--:-- --:--:-- 41509
* Connection #0 to host cmsweb.cern.ch left intact
{"result": [
 {"cacheSSL": "https://cmsweb.cern.ch/S3/crabcache_prod", "htcondorSchedds": {"crab3@vocms059.cern.ch": {"proxiedurl": "https://cmsweb.cern.ch:8443/scheddmon/059", "weightfactor": 0}, "crab3@vocms068.cern.ch": {"proxiedurl": "https://cmsweb.cern.ch:8443/scheddmon/068", "weightfactor": 1}, "crab3@vocms069.cern.ch": {"proxiedurl": "https://cmsweb.cern.ch:8443/scheddmon/069", "weightfactor": 1}, "crab3@vocms0106.cern.ch": {"proxiedurl": "https://cmsweb.cern.ch:8443/scheddmon/0106", "weightfactor": 1}, "crab3@vocms0107.cern.ch": {"proxiedurl": "https://cmsweb.cern.ch:8443/scheddmon/0107", "weightfactor": 1}, "crab3@vocms0119.cern.ch": {"proxiedurl": "https://cmsweb.cern.ch:8443/scheddmon/0119", "weightfactor": 1}, "crab3@vocms0120.cern.ch": {"proxiedurl": "https://cmsweb.cern.ch:8443/scheddmon/0120", "weightfactor": 1}, "crab3@vocms0121.cern.ch": {"proxiedurl": "https://cmsweb.cern.ch:8443/scheddmon/0121", "weightfactor": 1}, "crab3@vocms0122.cern.ch": {"proxiedurl": "https://cmsweb.cern.ch:8443/scheddmon/0122", "weightfactor": 1}, "crab3@vocms0137.cern.ch": {"proxiedurl": "https://cmsweb.cern.ch:8443/scheddmon/0137", "weightfactor": 1}, "crab3@vocms0144.cern.ch": {"proxiedurl": "https://cmsweb.cern.ch:8443/scheddmon/0144", "weightfactor": 1}, "crab3@vocms0155.cern.ch": {"proxiedurl": "https://cmsweb.cern.ch:8443/scheddmon/0155", "weightfactor": 1}, "crab3@vocms0194.cern.ch": {"proxiedurl": "https://cmsweb.cern.ch:8443/scheddmon/0194", "weightfactor": 1}, "crab3@vocms0195.cern.ch": {"proxiedurl": "https://cmsweb.cern.ch:8443/scheddmon/0195", "weightfactor": 1}, "crab3@vocms0196.cern.ch": {"proxiedurl": "https://cmsweb.cern.ch:8443/scheddmon/0196", "weightfactor": 1}, "crab3@vocms0197.cern.ch": {"proxiedurl": "https://cmsweb.cern.ch:8443/scheddmon/0197", "weightfactor": 1}, "crab3@vocms0198.cern.ch": {"proxiedurl": "https://cmsweb.cern.ch:8443/scheddmon/0198", "weightfactor": 1}, "crab3@vocms0199.cern.ch": {"proxiedurl": "https://cmsweb.cern.ch:8443/scheddmon/0199", "weightfactor": 1}, "crab3@crab-preprod-scd03.cern.ch": {"proxiedurl": "https://cmsweb.cern.ch:8443/scheddmon/crab-preprod-scd03", "weightfactor": 0}}, "htcondorPool": "cmsgwms-collector-global.cern.ch:9620,cmsgwms-collector-global.fnal.gov:9620"}
]}

 retcode : 0
DEBUG 2023-06-07 12:52:47.973 UTC: 	 Loading required information from the environment
DEBUG 2023-06-07 12:52:47.973 UTC: 	 Found CMSSW_12_6_0 for slc7_amd64_gcc10 with base /afs/cern.ch/user/l/lfavilla/CMSSW_12_6_0
DEBUG 2023-06-07 12:52:47.974 UTC: 	 Loading required information from the environment
DEBUG 2023-06-07 12:52:47.974 UTC: 	 Found CMSSW_12_6_0 for slc7_amd64_gcc10 with base /afs/cern.ch/user/l/lfavilla/CMSSW_12_6_0
DEBUG 2023-06-07 12:52:47.974 UTC: 	 UNIQUE NAME: tarUUID 10c1f0ef-f5ec-416e-a862-327c5fb381e9 
DEBUG 2023-06-07 12:52:47.974 UTC: 	 self.config: from WMCore.Configuration import Configuration
config = Configuration()
config.section_('General')
config.General.requestName = 'TT_Mtt_1000toInf_2018'
config.General.transferLogs = True
config.section_('JobType')
config.JobType.inputFiles = ['crab_script.py', '../scripts/haddnano.py', '../scripts/keep_and_drop.txt']
config.JobType.pluginName = 'Analysis'
config.JobType.scriptExe = 'crab_script.sh'
config.JobType.sendPythonFolder = True
config.JobType.psetName = 'PSet.py'
config.section_('Data')
config.Data.outLFNDirBase = '/store/user/lfavilla/DM_v0'
config.Data.publication = False
config.Data.allowNonValidInputDataset = True
config.Data.splitting = 'FileBased'
config.Data.inputDBS = 'global'
config.Data.unitsPerJob = 1
config.Data.inputDataset = '/TT_Mtt-1000toInf_TuneCP5_13TeV-powheg-pythia8/RunIISummer20UL18NanoAODv2-106X_upgrade2018_realistic_v15_L1v1-v1/NANOAODSIM'
config.Data.outputDatasetTag = 'TT_Mtt_1000toInf_2018'
config.section_('Site')
config.Site.storageSite = 'T2_IT_Pisa'

DEBUG 2023-06-07 12:52:47.974 UTC: 	 self.config.JobType.psetName: PSet.py
INFO 2023-06-07 12:52:47.974 UTC: 	 Importing CMSSW configuration PSet.py
INFO 2023-06-07 12:52:48.237 UTC: 	 Finished importing CMSSW configuration PSet.py
DEBUG 2023-06-07 12:52:48.237 UTC: 	 Writing CMSSW configuration to /afs/cern.ch/user/l/lfavilla/CMSSW_12_6_0/src/PhysicsTools/NanoAODTools/crab/crab_TT_Mtt_1000toInf_2018/inputs/PSet.py
DEBUG 2023-06-07 12:52:48.250 UTC: 	 The following EDM output files will be collected: ['tree_hadd.root']
DEBUG 2023-06-07 12:52:48.250 UTC: 	 The following TFile output files will be collected: []
DEBUG 2023-06-07 12:52:48.250 UTC: 	 The following user output files (not listed as PoolOuputModule or TFileService in the CMSSW PSet) will be collected: 
DEBUG 2023-06-07 12:52:48.250 UTC: 	 Loading required information from the environment
DEBUG 2023-06-07 12:52:48.250 UTC: 	 Found CMSSW_12_6_0 for slc7_amd64_gcc10 with base /afs/cern.ch/user/l/lfavilla/CMSSW_12_6_0
DEBUG 2023-06-07 12:52:48.250 UTC: 	 Making tarball in /afs/cern.ch/user/l/lfavilla/CMSSW_12_6_0/src/PhysicsTools/NanoAODTools/crab/crab_TT_Mtt_1000toInf_2018/inputs/10c1f0ef-f5ec-416e-a862-327c5fb381e9default.tgz
DEBUG 2023-06-07 12:52:48.251 UTC: 	 Checking directory /afs/cern.ch/user/l/lfavilla/CMSSW_12_6_0/lib
DEBUG 2023-06-07 12:52:48.251 UTC: 	 Adding directory /afs/cern.ch/user/l/lfavilla/CMSSW_12_6_0/lib to tarball
DEBUG 2023-06-07 12:52:48.445 UTC: 	 Checking directory /afs/cern.ch/user/l/lfavilla/CMSSW_12_6_0/biglib
DEBUG 2023-06-07 12:52:48.445 UTC: 	 Adding directory /afs/cern.ch/user/l/lfavilla/CMSSW_12_6_0/biglib to tarball
DEBUG 2023-06-07 12:52:48.446 UTC: 	 Checking directory /afs/cern.ch/user/l/lfavilla/CMSSW_12_6_0/module
DEBUG 2023-06-07 12:52:48.446 UTC: 	 Checking directory /afs/cern.ch/user/l/lfavilla/CMSSW_12_6_0/python
DEBUG 2023-06-07 12:52:48.446 UTC: 	 Adding directory /afs/cern.ch/user/l/lfavilla/CMSSW_12_6_0/python to tarball
DEBUG 2023-06-07 12:52:48.510 UTC: 	 Checking directory /afs/cern.ch/user/l/lfavilla/CMSSW_12_6_0/cfipython
DEBUG 2023-06-07 12:52:48.510 UTC: 	 Adding directory /afs/cern.ch/user/l/lfavilla/CMSSW_12_6_0/cfipython to tarball
DEBUG 2023-06-07 12:52:57.244 UTC: 	 Adding data directory /afs/cern.ch/user/l/lfavilla/CMSSW_12_6_0/src/PhysicsTools/NanoAODTools/data to tarball
DEBUG 2023-06-07 12:53:38.063 UTC: 	 Adding data directory /afs/cern.ch/user/l/lfavilla/CMSSW_12_6_0/src/PhysicsTools/NanoAODTools/interface to tarball
DEBUG 2023-06-07 12:53:38.177 UTC: 	 Adding data directory /afs/cern.ch/user/l/lfavilla/CMSSW_12_6_0/src/PhysicsTools/NanoAODTools/python to tarball
DEBUG 2023-06-07 12:53:59.628 UTC: 	 Adding data directory /afs/cern.ch/user/l/lfavilla/CMSSW_12_6_0/src/PhysicsTools/NanoAODTools/python/postprocessing/data to tarball
DEBUG 2023-06-07 12:54:09.047 UTC: 	 Adding file crab_script.py to tarball
DEBUG 2023-06-07 12:54:09.089 UTC: 	 Adding file ../scripts/haddnano.py to tarball
DEBUG 2023-06-07 12:54:09.138 UTC: 	 Adding file ../scripts/keep_and_drop.txt to tarball
DEBUG 2023-06-07 12:54:25.245 UTC: 	 Uploading archive /afs/cern.ch/user/l/lfavilla/CMSSW_12_6_0/src/PhysicsTools/NanoAODTools/crab/crab_TT_Mtt_1000toInf_2018/inputs/10c1f0ef-f5ec-416e-a862-327c5fb381e9default.tgz (79 MB) to the CRAB cache. Using URI https://cmsweb.cern.ch/S3/crabcache_prod
DEBUG 2023-06-07 12:55:21.719 UTC: 	 Encoded data for curl request: subresource=upload&objecttype=sandbox&tarballname=488f7a5f663a67b1e775f4197312c9f1d366321ce3f079dc766fecc945c50ca4.tar.gz
DEBUG 2023-06-07 12:55:21.756 UTC: 	 Executing command :
 curl -v -X GET -H "User-Agent: CRABClient/v3.230417" -H "Accept: */*" --data @/tmp/crab_curlData2gl6fbot --cert "/tmp/x509up_u159320" --key "/tmp/x509up_u159320" --capath "/etc/grid-security/certificates/" "https://cmsweb.cern.ch:8443/crabserver/prod/cache?subresource=upload&objecttype=sandbox&tarballname=488f7a5f663a67b1e775f4197312c9f1d366321ce3f079dc766fecc945c50ca4.tar.gz" | tee /dev/stderr 
DEBUG 2023-06-07 12:55:22.318 UTC: 	 output : {"result": [
 ""
,{}
]}

 error:   % Total    % Received % Xferd  Average Speed   Time    Time     Time  Current
                                 Dload  Upload   Total   Spent    Left  Speed
  0     0    0     0    0     0      0      0 --:--:-- --:--:-- --:--:--     0*   Trying 137.138.154.184:8443...
* Connected to cmsweb.cern.ch (137.138.154.184) port 8443 (#0)
* ALPN, offering http/1.1
* Cipher selection: ALL:!EXPORT:!EXPORT40:!EXPORT56:!aNULL:!LOW:!RC4:@STRENGTH
* successfully set certificate verify locations:
*  CAfile: /etc/pki/tls/certs/ca-bundle.crt
*  CApath: /etc/grid-security/certificates/
* TLSv1.2 (OUT), TLS header, Certificate Status (22):
} [5 bytes data]
* TLSv1.2 (OUT), TLS handshake, Client hello (1):
} [512 bytes data]
* TLSv1.2 (IN), TLS handshake, Server hello (2):
{ [109 bytes data]
* TLSv1.2 (IN), TLS handshake, Certificate (11):
{ [6240 bytes data]
* TLSv1.2 (IN), TLS handshake, Server key exchange (12):
{ [333 bytes data]
* TLSv1.2 (IN), TLS handshake, Request CERT (13):
{ [13122 bytes data]
* TLSv1.2 (IN), TLS handshake, Server finished (14):
{ [4 bytes data]
* TLSv1.2 (OUT), TLS handshake, Certificate (11):
} [6797 bytes data]
* TLSv1.2 (OUT), TLS handshake, Client key exchange (16):
} [70 bytes data]
* TLSv1.2 (OUT), TLS handshake, CERT verify (15):
} [264 bytes data]
* TLSv1.2 (OUT), TLS change cipher, Change cipher spec (1):
} [1 bytes data]
* TLSv1.2 (OUT), TLS handshake, Finished (20):
} [16 bytes data]
* TLSv1.2 (IN), TLS change cipher, Change cipher spec (1):
{ [1 bytes data]
* TLSv1.2 (IN), TLS handshake, Finished (20):
{ [16 bytes data]
* SSL connection using TLSv1.2 / ECDHE-RSA-AES128-GCM-SHA256
* ALPN, server accepted to use http/1.1
* Server certificate:
*  subject: DC=ch; DC=cern; OU=computers; CN=cmsweb.cern.ch
*  start date: Feb 28 02:56:51 2023 GMT
*  expire date: Apr  3 02:56:51 2024 GMT
*  subjectAltName: host "cmsweb.cern.ch" matched cert's "cmsweb.cern.ch"
*  issuer: DC=ch; DC=cern; CN=CERN Grid Certification Authority
*  SSL certificate verify ok.
} [5 bytes data]
> GET /crabserver/prod/cache?subresource=upload&objecttype=sandbox&tarballname=488f7a5f663a67b1e775f4197312c9f1d366321ce3f079dc766fecc945c50ca4.tar.gz HTTP/1.1
> Host: cmsweb.cern.ch:8443
> User-Agent: CRABClient/v3.230417
> Accept: */*
> Content-Length: 121
> Content-Type: application/x-www-form-urlencoded
> 
} [121 bytes data]
* Mark bundle as not supporting multiuse
< HTTP/1.1 200 OK
< Date: Wed, 07 Jun 2023 12:55:22 GMT
< Server: Apache
< Content-Type: application/json
< Content-Length: 24
< Vary: Accept
< Cache-Control: max-age=3600
< X-Rest-Status: 100
< Etag: "556ce43763b116622238c65d89d24dd485f20666"
< X-Rest-Time: 10661.125 us
< CMS-Server-Time: D=18269 t=1686142522292874
< 
{ [5 bytes data]
100   145  100    24  100   121    339   1710 --:--:-- --:--:-- --:--:--  2071
* Connection #0 to host cmsweb.cern.ch left intact
{"result": [
 ""
,{}
]}

 retcode : 0
DEBUG 2023-06-07 12:55:22.322 UTC: 	 sandbox 488f7a5f663a67b1e775f4197312c9f1d366321ce3f079dc766fecc945c50ca4.tar.gz is already in the S3 store, will not upload again
DEBUG 2023-06-07 12:55:22.322 UTC: 	 Loading required information from the environment
DEBUG 2023-06-07 12:55:22.322 UTC: 	 Found CMSSW_12_6_0 for slc7_amd64_gcc10 with base /afs/cern.ch/user/l/lfavilla/CMSSW_12_6_0
DEBUG 2023-06-07 12:55:22.322 UTC: 	 Making tarball in /afs/cern.ch/user/l/lfavilla/CMSSW_12_6_0/src/PhysicsTools/NanoAODTools/crab/crab_TT_Mtt_1000toInf_2018/inputs/debugFiles.tgz
DEBUG 2023-06-07 12:55:22.383 UTC: 	 Uploading archive /afs/cern.ch/user/l/lfavilla/CMSSW_12_6_0/src/PhysicsTools/NanoAODTools/crab/crab_TT_Mtt_1000toInf_2018/inputs/debugFiles.tgz (1 KB) to the CRAB cache. Using URI https://cmsweb.cern.ch/S3/crabcache_prod
DEBUG 2023-06-07 12:55:22.389 UTC: 	 Encoded data for curl request: subresource=upload&objecttype=sandbox&tarballname=bd7ae91a507b00c17bb1837f8d588355248137203908abf88fa6c5a879eebd46.tar.gz
DEBUG 2023-06-07 12:55:22.390 UTC: 	 Executing command :
 curl -v -X GET -H "User-Agent: CRABClient/v3.230417" -H "Accept: */*" --data @/tmp/crab_curlDatalr1izp0m --cert "/tmp/x509up_u159320" --key "/tmp/x509up_u159320" --capath "/etc/grid-security/certificates/" "https://cmsweb.cern.ch:8443/crabserver/prod/cache?subresource=upload&objecttype=sandbox&tarballname=bd7ae91a507b00c17bb1837f8d588355248137203908abf88fa6c5a879eebd46.tar.gz" | tee /dev/stderr 
DEBUG 2023-06-07 12:55:22.475 UTC: 	 output : {"result": [
 "https://s3.cern.ch/crabcache_prod"
,{"key": "lfavilla/sandboxes/bd7ae91a507b00c17bb1837f8d588355248137203908abf88fa6c5a879eebd46.tar.gz", "AWSAccessKeyId": "ab00fcc889f248c495d2875f15a3badb", "policy": "eyJleHBpcmF0aW9uIjogIjIwMjMtMDYtMDdUMTM6NTU6MjJaIiwgImNvbmRpdGlvbnMiOiBbeyJidWNrZXQiOiAiY3JhYmNhY2hlX3Byb2QifSwgeyJrZXkiOiAibGZhdmlsbGEvc2FuZGJveGVzL2JkN2FlOTFhNTA3YjAwYzE3YmIxODM3ZjhkNTg4MzU1MjQ4MTM3MjAzOTA4YWJmODhmYTZjNWE4NzllZWJkNDYudGFyLmd6In1dfQ==", "signature": "V91NB8gYgjQQxMT2E9+UIoxbeBk="}
]}

 error:   % Total    % Received % Xferd  Average Speed   Time    Time     Time  Current
                                 Dload  Upload   Total   Spent    Left  Speed
  0     0    0     0    0     0      0      0 --:--:-- --:--:-- --:--:--     0*   Trying 137.138.154.184:8443...
* Connected to cmsweb.cern.ch (137.138.154.184) port 8443 (#0)
* ALPN, offering http/1.1
* Cipher selection: ALL:!EXPORT:!EXPORT40:!EXPORT56:!aNULL:!LOW:!RC4:@STRENGTH
* successfully set certificate verify locations:
*  CAfile: /etc/pki/tls/certs/ca-bundle.crt
*  CApath: /etc/grid-security/certificates/
* TLSv1.2 (OUT), TLS header, Certificate Status (22):
} [5 bytes data]
* TLSv1.2 (OUT), TLS handshake, Client hello (1):
} [512 bytes data]
* TLSv1.2 (IN), TLS handshake, Server hello (2):
{ [109 bytes data]
* TLSv1.2 (IN), TLS handshake, Certificate (11):
{ [6240 bytes data]
* TLSv1.2 (IN), TLS handshake, Server key exchange (12):
{ [333 bytes data]
* TLSv1.2 (IN), TLS handshake, Request CERT (13):
{ [13122 bytes data]
* TLSv1.2 (IN), TLS handshake, Server finished (14):
{ [4 bytes data]
* TLSv1.2 (OUT), TLS handshake, Certificate (11):
} [6797 bytes data]
* TLSv1.2 (OUT), TLS handshake, Client key exchange (16):
} [70 bytes data]
* TLSv1.2 (OUT), TLS handshake, CERT verify (15):
} [264 bytes data]
* TLSv1.2 (OUT), TLS change cipher, Change cipher spec (1):
} [1 bytes data]
* TLSv1.2 (OUT), TLS handshake, Finished (20):
} [16 bytes data]
* TLSv1.2 (IN), TLS change cipher, Change cipher spec (1):
{ [1 bytes data]
* TLSv1.2 (IN), TLS handshake, Finished (20):
{ [16 bytes data]
* SSL connection using TLSv1.2 / ECDHE-RSA-AES128-GCM-SHA256
* ALPN, server accepted to use http/1.1
* Server certificate:
*  subject: DC=ch; DC=cern; OU=computers; CN=cmsweb.cern.ch
*  start date: Feb 28 02:56:51 2023 GMT
*  expire date: Apr  3 02:56:51 2024 GMT
*  subjectAltName: host "cmsweb.cern.ch" matched cert's "cmsweb.cern.ch"
*  issuer: DC=ch; DC=cern; CN=CERN Grid Certification Authority
*  SSL certificate verify ok.
} [5 bytes data]
> GET /crabserver/prod/cache?subresource=upload&objecttype=sandbox&tarballname=bd7ae91a507b00c17bb1837f8d588355248137203908abf88fa6c5a879eebd46.tar.gz HTTP/1.1
> Host: cmsweb.cern.ch:8443
> User-Agent: CRABClient/v3.230417
> Accept: */*
> Content-Length: 121
> Content-Type: application/x-www-form-urlencoded
> 
} [121 bytes data]
* Mark bundle as not supporting multiuse
< HTTP/1.1 200 OK
< Date: Wed, 07 Jun 2023 12:55:22 GMT
< Server: Apache
< Content-Type: application/json
< Content-Length: 521
< Vary: Accept
< Cache-Control: max-age=3600
< X-Rest-Status: 100
< Etag: "58a9a31cce236130184946708a19144149565c45"
< X-Rest-Time: 9089.947 us
< CMS-Server-Time: D=16777 t=1686142522451699
< 
{ [5 bytes data]
100   642  100   521  100   121  11977   2781 --:--:-- --:--:-- --:--:-- 16461
* Connection #0 to host cmsweb.cern.ch left intact
{"result": [
 "https://s3.cern.ch/crabcache_prod"
,{"key": "lfavilla/sandboxes/bd7ae91a507b00c17bb1837f8d588355248137203908abf88fa6c5a879eebd46.tar.gz", "AWSAccessKeyId": "ab00fcc889f248c495d2875f15a3badb", "policy": "eyJleHBpcmF0aW9uIjogIjIwMjMtMDYtMDdUMTM6NTU6MjJaIiwgImNvbmRpdGlvbnMiOiBbeyJidWNrZXQiOiAiY3JhYmNhY2hlX3Byb2QifSwgeyJrZXkiOiAibGZhdmlsbGEvc2FuZGJveGVzL2JkN2FlOTFhNTA3YjAwYzE3YmIxODM3ZjhkNTg4MzU1MjQ4MTM3MjAzOTA4YWJmODhmYTZjNWE4NzllZWJkNDYudGFyLmd6In1dfQ==", "signature": "V91NB8gYgjQQxMT2E9+UIoxbeBk="}
]}

 retcode : 0
DEBUG 2023-06-07 12:55:22.476 UTC: 	 Will execute:
curl -f -v -X POST  -H "User-Agent: CRAB" -F "key=lfavilla/sandboxes/bd7ae91a507b00c17bb1837f8d588355248137203908abf88fa6c5a879eebd46.tar.gz" -F "AWSAccessKeyId=ab00fcc889f248c495d2875f15a3badb" -F "policy=eyJleHBpcmF0aW9uIjogIjIwMjMtMDYtMDdUMTM6NTU6MjJaIiwgImNvbmRpdGlvbnMiOiBbeyJidWNrZXQiOiAiY3JhYmNhY2hlX3Byb2QifSwgeyJrZXkiOiAibGZhdmlsbGEvc2FuZGJveGVzL2JkN2FlOTFhNTA3YjAwYzE3YmIxODM3ZjhkNTg4MzU1MjQ4MTM3MjAzOTA4YWJmODhmYTZjNWE4NzllZWJkNDYudGFyLmd6In1dfQ==" -F "signature=V91NB8gYgjQQxMT2E9+UIoxbeBk=" -F "file=@/afs/cern.ch/user/l/lfavilla/CMSSW_12_6_0/src/PhysicsTools/NanoAODTools/crab/crab_TT_Mtt_1000toInf_2018/inputs/debugFiles.tgz" "https://s3.cern.ch/crabcache_prod"
DEBUG 2023-06-07 12:55:22.589 UTC: 	 exitcode: 0
stdout: b''
DEBUG 2023-06-07 12:55:22.590 UTC: 	 sandbox /afs/cern.ch/user/l/lfavilla/CMSSW_12_6_0/src/PhysicsTools/NanoAODTools/crab/crab_TT_Mtt_1000toInf_2018/inputs/debugFiles.tgz successully uploaded to S3
DEBUG 2023-06-07 12:55:22.590 UTC: 	 Result uploading input files: 488f7a5f663a67b1e775f4197312c9f1d366321ce3f079dc766fecc945c50ca4.tar.gz 
INFO 2023-06-07 12:55:22.590 UTC: 	 Sending the request to the server at cmsweb.cern.ch
DEBUG 2023-06-07 12:55:22.590 UTC: 	 Submitting {'dryrun': 0, 'workflow': 'crab_TT_Mtt_1000toInf_2018', 'saveoutput': 1, 'savelogsflag': 1, 'inputdata': '/TT_Mtt-1000toInf_TuneCP5_13TeV-powheg-pythia8/RunIISummer20UL18NanoAODv2-106X_upgrade2018_realistic_v15_L1v1-v1/NANOAODSIM', 'primarydataset': '', 'nonvaliddata': 1, 'userfiles': [], 'dbsurl': 'https://cmsweb.cern.ch/dbs/prod/global/DBSReader', 'useparent': 0, 'ignorelocality': 0, 'splitalgo': 'FileBased', 'algoargs': 1, 'totalunits': 0, 'lfn': '/store/user/lfavilla/DM_v0', 'publication': 0, 'publishdbsurl': 'https://cmsweb.cern.ch/dbs/prod/phys03/DBSWriter', 'publishname2': 'TT_Mtt_1000toInf_2018', 'jobtype': 'Analysis', 'generator': 'pythia', 'addoutputfiles': [], 'maxjobruntime': 1250, 'numcores': 1, 'maxmemory': 2000, 'priority': 10, 'nonprodsw': 0, 'scriptexe': 'crab_script.sh', 'asyncdest': 'T2_IT_Pisa', 'requireaccelerator': 0, 'oneEventMode': 0, 'extrajdl': [], 'ignoreglobalblacklist': 0, 'partialdataset': 0, 'inputblocks': [], 'tfileoutfiles': [], 'edmoutfiles': ['tree_hadd.root'], 'jobarch': 'slc7_amd64_gcc10', 'jobsw': 'CMSSW_12_6_0', 'cacheurl': 'https://cmsweb.cern.ch/S3/crabcache_prod', 'cachefilename': '488f7a5f663a67b1e775f4197312c9f1d366321ce3f079dc766fecc945c50ca4.tar.gz', 'debugfilename': 'bd7ae91a507b00c17bb1837f8d588355248137203908abf88fa6c5a879eebd46.tar.gz'} 
DEBUG 2023-06-07 12:55:22.593 UTC: 	 Encoded submit request: dryrun=0&workflow=crab_TT_Mtt_1000toInf_2018&saveoutput=1&savelogsflag=1&inputdata=%2FTT_Mtt-1000toInf_TuneCP5_13TeV-powheg-pythia8%2FRunIISummer20UL18NanoAODv2-106X_upgrade2018_realistic_v15_L1v1-v1%2FNANOAODSIM&primarydataset=&nonvaliddata=1&dbsurl=https%3A%2F%2Fcmsweb.cern.ch%2Fdbs%2Fprod%2Fglobal%2FDBSReader&useparent=0&ignorelocality=0&splitalgo=FileBased&algoargs=1&totalunits=0&lfn=%2Fstore%2Fuser%2Flfavilla%2FDM_v0&publication=0&publishdbsurl=https%3A%2F%2Fcmsweb.cern.ch%2Fdbs%2Fprod%2Fphys03%2FDBSWriter&publishname2=TT_Mtt_1000toInf_2018&jobtype=Analysis&generator=pythia&maxjobruntime=1250&numcores=1&maxmemory=2000&priority=10&nonprodsw=0&scriptexe=crab_script.sh&asyncdest=T2_IT_Pisa&requireaccelerator=0&oneEventMode=0&ignoreglobalblacklist=0&partialdataset=0&jobarch=slc7_amd64_gcc10&jobsw=CMSSW_12_6_0&cacheurl=https%3A%2F%2Fcmsweb.cern.ch%2FS3%2Fcrabcache_prod&cachefilename=488f7a5f663a67b1e775f4197312c9f1d366321ce3f079dc766fecc945c50ca4.tar.gz&debugfilename=bd7ae91a507b00c17bb1837f8d588355248137203908abf88fa6c5a879eebd46.tar.gz&edmoutfiles=tree_hadd.root
DEBUG 2023-06-07 12:55:22.594 UTC: 	 Encoded data for curl request: dryrun=0&workflow=crab_TT_Mtt_1000toInf_2018&saveoutput=1&savelogsflag=1&inputdata=%2FTT_Mtt-1000toInf_TuneCP5_13TeV-powheg-pythia8%2FRunIISummer20UL18NanoAODv2-106X_upgrade2018_realistic_v15_L1v1-v1%2FNANOAODSIM&primarydataset=&nonvaliddata=1&dbsurl=https%3A%2F%2Fcmsweb.cern.ch%2Fdbs%2Fprod%2Fglobal%2FDBSReader&useparent=0&ignorelocality=0&splitalgo=FileBased&algoargs=1&totalunits=0&lfn=%2Fstore%2Fuser%2Flfavilla%2FDM_v0&publication=0&publishdbsurl=https%3A%2F%2Fcmsweb.cern.ch%2Fdbs%2Fprod%2Fphys03%2FDBSWriter&publishname2=TT_Mtt_1000toInf_2018&jobtype=Analysis&generator=pythia&maxjobruntime=1250&numcores=1&maxmemory=2000&priority=10&nonprodsw=0&scriptexe=crab_script.sh&asyncdest=T2_IT_Pisa&requireaccelerator=0&oneEventMode=0&ignoreglobalblacklist=0&partialdataset=0&jobarch=slc7_amd64_gcc10&jobsw=CMSSW_12_6_0&cacheurl=https%3A%2F%2Fcmsweb.cern.ch%2FS3%2Fcrabcache_prod&cachefilename=488f7a5f663a67b1e775f4197312c9f1d366321ce3f079dc766fecc945c50ca4.tar.gz&debugfilename=bd7ae91a507b00c17bb1837f8d588355248137203908abf88fa6c5a879eebd46.tar.gz&edmoutfiles=tree_hadd.root
DEBUG 2023-06-07 12:55:22.612 UTC: 	 Executing command :
 curl -v -X PUT -H "User-Agent: CRABClient/v3.230417" -H "Accept: */*" --data @/tmp/crab_curlDatay1a8hy44 --cert "/tmp/x509up_u159320" --key "/tmp/x509up_u159320" --capath "/etc/grid-security/certificates/" "https://cmsweb.cern.ch:8443/crabserver/prod/workflow" | tee /dev/stderr 
DEBUG 2023-06-07 12:55:22.901 UTC: 	 output : {"result": [
 {"RequestName": "230607_125522:lfavilla_crab_TT_Mtt_1000toInf_2018"}
]}

 error:   % Total    % Received % Xferd  Average Speed   Time    Time     Time  Current
                                 Dload  Upload   Total   Spent    Left  Speed
  0     0    0     0    0     0      0      0 --:--:-- --:--:-- --:--:--     0*   Trying 137.138.154.184:8443...
* Connected to cmsweb.cern.ch (137.138.154.184) port 8443 (#0)
* ALPN, offering http/1.1
* Cipher selection: ALL:!EXPORT:!EXPORT40:!EXPORT56:!aNULL:!LOW:!RC4:@STRENGTH
* successfully set certificate verify locations:
*  CAfile: /etc/pki/tls/certs/ca-bundle.crt
*  CApath: /etc/grid-security/certificates/
* TLSv1.2 (OUT), TLS header, Certificate Status (22):
} [5 bytes data]
* TLSv1.2 (OUT), TLS handshake, Client hello (1):
} [512 bytes data]
* TLSv1.2 (IN), TLS handshake, Server hello (2):
{ [109 bytes data]
* TLSv1.2 (IN), TLS handshake, Certificate (11):
{ [6240 bytes data]
* TLSv1.2 (IN), TLS handshake, Server key exchange (12):
{ [333 bytes data]
* TLSv1.2 (IN), TLS handshake, Request CERT (13):
{ [13122 bytes data]
* TLSv1.2 (IN), TLS handshake, Server finished (14):
{ [4 bytes data]
* TLSv1.2 (OUT), TLS handshake, Certificate (11):
} [6797 bytes data]
* TLSv1.2 (OUT), TLS handshake, Client key exchange (16):
} [70 bytes data]
* TLSv1.2 (OUT), TLS handshake, CERT verify (15):
} [264 bytes data]
* TLSv1.2 (OUT), TLS change cipher, Change cipher spec (1):
} [1 bytes data]
* TLSv1.2 (OUT), TLS handshake, Finished (20):
} [16 bytes data]
* TLSv1.2 (IN), TLS change cipher, Change cipher spec (1):
{ [1 bytes data]
* TLSv1.2 (IN), TLS handshake, Finished (20):
{ [16 bytes data]
* SSL connection using TLSv1.2 / ECDHE-RSA-AES128-GCM-SHA256
* ALPN, server accepted to use http/1.1
* Server certificate:
*  subject: DC=ch; DC=cern; OU=computers; CN=cmsweb.cern.ch
*  start date: Feb 28 02:56:51 2023 GMT
*  expire date: Apr  3 02:56:51 2024 GMT
*  subjectAltName: host "cmsweb.cern.ch" matched cert's "cmsweb.cern.ch"
*  issuer: DC=ch; DC=cern; CN=CERN Grid Certification Authority
*  SSL certificate verify ok.
} [5 bytes data]
> PUT /crabserver/prod/workflow HTTP/1.1
> Host: cmsweb.cern.ch:8443
> User-Agent: CRABClient/v3.230417
> Accept: */*
> Content-Length: 1080
> Content-Type: application/x-www-form-urlencoded
> 
} [1080 bytes data]
* Mark bundle as not supporting multiuse
< HTTP/1.1 200 OK
< Date: Wed, 07 Jun 2023 12:55:22 GMT
< Server: Apache
< Content-Type: application/json
< Content-Length: 86
< Vary: Accept
< X-Rest-Status: 100
< Etag: "b122f8bc3635a70c820ffc049d210419cafcaff7"
< X-Rest-Time: 207059.860 us
< CMS-Server-Time: D=214340 t=1686142522679772
< 
{ [5 bytes data]
100  1166  100    86  100  1080    347   4368 --:--:-- --:--:-- --:--:--  4838
* Connection #0 to host cmsweb.cern.ch left intact
{"result": [
 {"RequestName": "230607_125522:lfavilla_crab_TT_Mtt_1000toInf_2018"}
]}

 retcode : 0
DEBUG 2023-06-07 12:55:22.902 UTC: 	 Result: {'result': [{'RequestName': '230607_125522:lfavilla_crab_TT_Mtt_1000toInf_2018'}]}
INFO 2023-06-07 12:55:22.958 UTC: 	 Success: Your task has been delivered to the prod CRAB3 server.
INFO 2023-06-07 12:55:22.958 UTC: 	 Task name: 230607_125522:lfavilla_crab_TT_Mtt_1000toInf_2018
INFO 2023-06-07 12:55:22.958 UTC: 	 Project dir: ./crab_TT_Mtt_1000toInf_2018
INFO 2023-06-07 12:55:22.958 UTC: 	 Please use ' crab status -d ./crab_TT_Mtt_1000toInf_2018 ' to check how the submission process proceeds.
DEBUG 2023-06-07 12:55:22.958 UTC: 	 About to return
INFO 2023-06-07 12:55:22.978 UTC: 	 Log file is /afs/cern.ch/user/l/lfavilla/CMSSW_12_6_0/src/PhysicsTools/NanoAODTools/crab/crab_TT_Mtt_1000toInf_2018/crab.log
DEBUG 2023-06-07 13:05:36.776 UTC: 	 CRAB Client version: v3.230417
DEBUG 2023-06-07 13:05:36.777 UTC: 	 Running on: Linux lxplus7113.cern.ch 3.10.0-1160.90.1.el7.x86_64 #1 SMP Thu May 4 15:21:22 UTC 2023 x86_64 x86_64 x86_64 GNU/Linux - CentOS Linux 7 (Core)
DEBUG 2023-06-07 13:05:36.777 UTC: 	 Executing command: 'status'
DEBUG 2023-06-07 13:05:36.777 UTC: 	 Found CRAB cache file /afs/cern.ch/user/l/lfavilla/.crab3
DEBUG 2023-06-07 13:05:38.180 UTC: 	 Checking credentials
DEBUG 2023-06-07 13:05:38.180 UTC: 	 Found proxy file /tmp/x509up_u159320
DEBUG 2023-06-07 13:05:38.180 UTC: 	 Making sure it has proper VOMS extension
DEBUG 2023-06-07 13:05:38.180 UTC: 	 Executing command :
 voms-proxy-info --vo --file /tmp/x509up_u159320
DEBUG 2023-06-07 13:05:39.366 UTC: 	 output : cms

 error: 
 retcode : 0
DEBUG 2023-06-07 13:05:39.367 UTC: 	 Getting proxy life time left
DEBUG 2023-06-07 13:05:39.367 UTC: 	 Executing command :
 voms-proxy-info --actimeleft --timeleft --file /tmp/x509up_u159320
DEBUG 2023-06-07 13:05:40.289 UTC: 	 output : 690219
690218

 error: 
 retcode : 0
DEBUG 2023-06-07 13:05:40.289 UTC: 	 Proxy valid for 191:43:38 hours
DEBUG 2023-06-07 13:05:40.576 UTC: 	 Encoded data for curl request: subresource=delegatedn
DEBUG 2023-06-07 13:05:40.588 UTC: 	 Executing command :
 curl -v -X GET -H "User-Agent: CRABClient/v3.230417" -H "Accept: */*" --data @/tmp/crab_curlData0mm7a03y --cert "/tmp/x509up_u159320" --key "/tmp/x509up_u159320" --capath "/etc/grid-security/certificates/" "https://cmsweb.cern.ch:8443/crabserver/prod/info?subresource=delegatedn" | tee /dev/stderr 
DEBUG 2023-06-07 13:05:40.814 UTC: 	 output : {"result": [
 {"services": ["/DC=ch/DC=cern/OU=computers/CN=crab-(preprod|prod|dev)-tw(01|02|03).cern.ch|/DC=ch/DC=cern/OU=computers/CN=stefanov(m|m2).cern.ch|/DC=ch/DC=cern/OU=computers/CN=dciangot-tw.cern.ch"]}
]}

 error:   % Total    % Received % Xferd  Average Speed   Time    Time     Time  Current
                                 Dload  Upload   Total   Spent    Left  Speed
  0     0    0     0    0     0      0      0 --:--:-- --:--:-- --:--:--     0*   Trying 188.184.73.32:8443...
* Connected to cmsweb.cern.ch (188.184.73.32) port 8443 (#0)
* ALPN, offering http/1.1
* Cipher selection: ALL:!EXPORT:!EXPORT40:!EXPORT56:!aNULL:!LOW:!RC4:@STRENGTH
* successfully set certificate verify locations:
*  CAfile: /etc/pki/tls/certs/ca-bundle.crt
*  CApath: /etc/grid-security/certificates/
* TLSv1.2 (OUT), TLS header, Certificate Status (22):
} [5 bytes data]
* TLSv1.2 (OUT), TLS handshake, Client hello (1):
} [512 bytes data]
* TLSv1.2 (IN), TLS handshake, Server hello (2):
{ [109 bytes data]
* TLSv1.2 (IN), TLS handshake, Certificate (11):
{ [6240 bytes data]
* TLSv1.2 (IN), TLS handshake, Server key exchange (12):
{ [333 bytes data]
* TLSv1.2 (IN), TLS handshake, Request CERT (13):
{ [13122 bytes data]
* TLSv1.2 (IN), TLS handshake, Server finished (14):
{ [4 bytes data]
* TLSv1.2 (OUT), TLS handshake, Certificate (11):
} [6797 bytes data]
* TLSv1.2 (OUT), TLS handshake, Client key exchange (16):
} [70 bytes data]
* TLSv1.2 (OUT), TLS handshake, CERT verify (15):
} [264 bytes data]
* TLSv1.2 (OUT), TLS change cipher, Change cipher spec (1):
} [1 bytes data]
* TLSv1.2 (OUT), TLS handshake, Finished (20):
} [16 bytes data]
* TLSv1.2 (IN), TLS change cipher, Change cipher spec (1):
{ [1 bytes data]
* TLSv1.2 (IN), TLS handshake, Finished (20):
{ [16 bytes data]
* SSL connection using TLSv1.2 / ECDHE-RSA-AES128-GCM-SHA256
* ALPN, server accepted to use http/1.1
* Server certificate:
*  subject: DC=ch; DC=cern; OU=computers; CN=cmsweb.cern.ch
*  start date: Feb 28 02:56:51 2023 GMT
*  expire date: Apr  3 02:56:51 2024 GMT
*  subjectAltName: host "cmsweb.cern.ch" matched cert's "cmsweb.cern.ch"
*  issuer: DC=ch; DC=cern; CN=CERN Grid Certification Authority
*  SSL certificate verify ok.
} [5 bytes data]
> GET /crabserver/prod/info?subresource=delegatedn HTTP/1.1
> Host: cmsweb.cern.ch:8443
> User-Agent: CRABClient/v3.230417
> Accept: */*
> Content-Length: 22
> Content-Type: application/x-www-form-urlencoded
> 
} [22 bytes data]
* Mark bundle as not supporting multiuse
< HTTP/1.1 200 OK
< Date: Wed, 07 Jun 2023 13:05:40 GMT
< Server: Apache
< Content-Type: application/json
< Content-Length: 216
< Vary: Accept
< Cache-Control: max-age=3600
< X-Rest-Status: 100
< Etag: "531fb58a933656ea08a7f418b273fdae3c95932a"
< X-Rest-Time: 1498.222 us
< CMS-Server-Time: D=7234 t=1686143140794843
< 
{ [5 bytes data]
100   238  100   216  100    22   5298    539 --:--:-- --:--:-- --:--:--  5950
* Connection #0 to host cmsweb.cern.ch left intact
{"result": [
 {"services": ["/DC=ch/DC=cern/OU=computers/CN=crab-(preprod|prod|dev)-tw(01|02|03).cern.ch|/DC=ch/DC=cern/OU=computers/CN=stefanov(m|m2).cern.ch|/DC=ch/DC=cern/OU=computers/CN=dciangot-tw.cern.ch"]}
]}

 retcode : 0
DEBUG 2023-06-07 13:05:40.816 UTC: 	 Registering user credentials on myproxy for /DC=ch/DC=cern/OU=computers/CN=crab-(preprod|prod|dev)-tw(01|02|03).cern.ch|/DC=ch/DC=cern/OU=computers/CN=stefanov(m|m2).cern.ch|/DC=ch/DC=cern/OU=computers/CN=dciangot-tw.cern.ch
DEBUG 2023-06-07 13:05:40.816 UTC: 	 Executing command :
 voms-proxy-info --identity --file /tmp/x509up_u159320
DEBUG 2023-06-07 13:05:42.092 UTC: 	 output : /DC=ch/DC=cern/OU=Organic Units/OU=Users/CN=lfavilla/CN=867090/CN=Leonardo Favilla

 error: 
 retcode : 0
DEBUG 2023-06-07 13:05:42.093 UTC: 	 Getting myproxy life time left for 70284ad9de3a40585c76dbf527363be004fcbd17
DEBUG 2023-06-07 13:05:42.093 UTC: 	 Executing command :
 myproxy-info -s myproxy.cern.ch -l 70284ad9de3a40585c76dbf527363be004fcbd17
DEBUG 2023-06-07 13:05:42.395 UTC: 	 output : username: 70284ad9de3a40585c76dbf527363be004fcbd17
owner: /DC=ch/DC=cern/OU=Organic Units/OU=Users/CN=lfavilla/CN=867090/CN=Leonardo Favilla
  renewal policy: /DC=ch/DC=cern/OU=computers/CN=crab-(preprod|prod|dev)-tw(01|02|03).cern.ch|/DC=ch/DC=cern/OU=computers/CN=stefanov(m|m2).cern.ch|/DC=ch/DC=cern/OU=computers/CN=dciangot-tw.cern.ch
  trusted retrieval policy: /DC=ch/DC=cern/OU=computers/CN=crab-(preprod|prod|dev)-tw(01|02|03).cern.ch|/DC=ch/DC=cern/OU=computers/CN=stefanov(m|m2).cern.ch|/DC=ch/DC=cern/OU=computers/CN=dciangot-tw.cern.ch
  timeleft: 553:38:50  (23.1 days)

 error: 
 retcode : 0
DEBUG 2023-06-07 13:05:42.396 UTC: 	 Myproxy is valid: 1993080
DEBUG 2023-06-07 13:05:42.396 UTC: 	 Result of myproxy credential check:
  Credential exists on myproxy: username: 70284ad9de3a40585c76dbf527363be004fcbd17  - validity: 23 days, 1:38:00
DEBUG 2023-06-07 13:05:42.397 UTC: 	 Command use: status
DEBUG 2023-06-07 13:05:42.397 UTC: 	 Options use: ['-d', 'crab_TT_Mtt_1000toInf_2018']
DEBUG 2023-06-07 13:05:42.397 UTC: 	 Encoded data for curl request: subresource=version
DEBUG 2023-06-07 13:05:42.411 UTC: 	 Executing command :
 curl -v -X GET -H "User-Agent: CRABClient/v3.230417" -H "Accept: */*" --data @/tmp/crab_curlData7ynzl9px --cert "/tmp/x509up_u159320" --key "/tmp/x509up_u159320" --capath "/etc/grid-security/certificates/" "https://cmsweb.cern.ch:8443/crabserver/prod/info?subresource=version" | tee /dev/stderr 
DEBUG 2023-06-07 13:05:42.534 UTC: 	 output : {"result": [
 ["3.3.19", "3.3.20", "v3", "development", "v3.230602"]
]}

 error:   % Total    % Received % Xferd  Average Speed   Time    Time     Time  Current
                                 Dload  Upload   Total   Spent    Left  Speed
  0     0    0     0    0     0      0      0 --:--:-- --:--:-- --:--:--     0*   Trying 188.184.73.32:8443...
* Connected to cmsweb.cern.ch (188.184.73.32) port 8443 (#0)
* ALPN, offering http/1.1
* Cipher selection: ALL:!EXPORT:!EXPORT40:!EXPORT56:!aNULL:!LOW:!RC4:@STRENGTH
* successfully set certificate verify locations:
*  CAfile: /etc/pki/tls/certs/ca-bundle.crt
*  CApath: /etc/grid-security/certificates/
* TLSv1.2 (OUT), TLS header, Certificate Status (22):
} [5 bytes data]
* TLSv1.2 (OUT), TLS handshake, Client hello (1):
} [512 bytes data]
* TLSv1.2 (IN), TLS handshake, Server hello (2):
{ [109 bytes data]
* TLSv1.2 (IN), TLS handshake, Certificate (11):
{ [6240 bytes data]
* TLSv1.2 (IN), TLS handshake, Server key exchange (12):
{ [333 bytes data]
* TLSv1.2 (IN), TLS handshake, Request CERT (13):
{ [13122 bytes data]
* TLSv1.2 (IN), TLS handshake, Server finished (14):
{ [4 bytes data]
* TLSv1.2 (OUT), TLS handshake, Certificate (11):
} [6797 bytes data]
* TLSv1.2 (OUT), TLS handshake, Client key exchange (16):
} [70 bytes data]
* TLSv1.2 (OUT), TLS handshake, CERT verify (15):
} [264 bytes data]
* TLSv1.2 (OUT), TLS change cipher, Change cipher spec (1):
} [1 bytes data]
* TLSv1.2 (OUT), TLS handshake, Finished (20):
} [16 bytes data]
* TLSv1.2 (IN), TLS change cipher, Change cipher spec (1):
{ [1 bytes data]
* TLSv1.2 (IN), TLS handshake, Finished (20):
{ [16 bytes data]
* SSL connection using TLSv1.2 / ECDHE-RSA-AES128-GCM-SHA256
* ALPN, server accepted to use http/1.1
* Server certificate:
*  subject: DC=ch; DC=cern; OU=computers; CN=cmsweb.cern.ch
*  start date: Feb 28 02:56:51 2023 GMT
*  expire date: Apr  3 02:56:51 2024 GMT
*  subjectAltName: host "cmsweb.cern.ch" matched cert's "cmsweb.cern.ch"
*  issuer: DC=ch; DC=cern; CN=CERN Grid Certification Authority
*  SSL certificate verify ok.
} [5 bytes data]
> GET /crabserver/prod/info?subresource=version HTTP/1.1
> Host: cmsweb.cern.ch:8443
> User-Agent: CRABClient/v3.230417
> Accept: */*
> Content-Length: 19
> Content-Type: application/x-www-form-urlencoded
> 
} [19 bytes data]
* Mark bundle as not supporting multiuse
< HTTP/1.1 200 OK
< Date: Wed, 07 Jun 2023 13:05:42 GMT
< Server: Apache
< Content-Type: application/json
< Content-Length: 72
< Vary: Accept
< Cache-Control: max-age=3600
< X-Rest-Status: 100
< Etag: "1d6fab1b9603e3094c91e222c6e0fe2a335adf4b"
< X-Rest-Time: 2724.171 us
< CMS-Server-Time: D=10515 t=1686143142514540
< 
{ [5 bytes data]
100    91  100    72  100    19   1775    468 --:--:-- --:--:-- --:--:--  2275
* Connection #0 to host cmsweb.cern.ch left intact
{"result": [
 ["3.3.19", "3.3.20", "v3", "development", "v3.230602"]
]}

 retcode : 0
DEBUG 2023-06-07 13:05:42.535 UTC: 	 CRABClient version: v3.230417
DEBUG 2023-06-07 13:05:42.535 UTC: 	 Instance is prod
DEBUG 2023-06-07 13:05:42.535 UTC: 	 Server base url is cmsweb.cern.ch
DEBUG 2023-06-07 13:05:42.535 UTC: 	 Command api workflow
DEBUG 2023-06-07 13:05:42.536 UTC: 	 Encoded data for curl request: subresource=search&workflow=230607_125522%3Alfavilla_crab_TT_Mtt_1000toInf_2018
DEBUG 2023-06-07 13:05:42.539 UTC: 	 Executing command :
 curl -v -X GET -H "User-Agent: CRABClient/v3.230417" -H "Accept: */*" --data @/tmp/crab_curlDatav7t3tcg4 --cert "/tmp/x509up_u159320" --key "/tmp/x509up_u159320" --capath "/etc/grid-security/certificates/" "https://cmsweb.cern.ch:8443/crabserver/prod/task?subresource=search&workflow=230607_125522%3Alfavilla_crab_TT_Mtt_1000toInf_2018" | tee /dev/stderr 
DEBUG 2023-06-07 13:05:42.609 UTC: 	 output : {"desc": {"columns": ["tm_taskname", "tm_activity", "panda_jobset_id", "tm_task_status", "tm_task_command", "tm_start_time", "tm_start_injection", "tm_end_injection", "tm_task_failure", "tm_job_sw", "tm_job_arch", "tm_input_dataset", "tm_nonvalid_input_dataset", "tm_use_parent", "tm_site_whitelist", "tm_site_blacklist", "tm_split_algo", "tm_split_args", "tm_user_sandbox", "tm_cache_url", "tm_username", "tm_user_dn", "tm_user_vo", "tm_user_role", "tm_user_group", "tm_publish_name", "tm_publish_groupname", "tm_asyncdest", "tm_dbs_url", "tm_publish_dbs_url", "tm_publication", "tm_outfiles", "tm_tfile_outfiles", "tm_edm_outfiles", "tm_job_type", "tm_generator", "tm_events_per_lumi", "tm_arguments", "panda_resubmitted_jobs", "tm_save_logs", "tw_name", "tm_user_infiles", "tm_maxjobruntime", "tm_numcores", "tm_maxmemory", "tm_priority", "tm_output_dataset", "tm_task_warnings", "tm_user_webdir", "tm_scriptexe", "tm_scriptargs", "tm_extrajdl", "tm_asourl", "tm_collector", "tm_schedd", "tm_dry_run", "tm_user_files", "tm_transfer_outputs", "tm_output_lfn", "tm_ignore_locality", "tm_fail_limit", "tm_one_event_mode", "tm_secondary_input_dataset", "tm_primary_dataset", "tm_last_publication", "tm_debug_files", "clusterid", "tm_asodb", "tm_ignore_global_blacklist", "tm_submitter_ip_addr", "tm_totalunits", "tm_ddm_reqid", "tm_user_config"]}, "result": [
 "230607_125522:lfavilla_crab_TT_Mtt_1000toInf_2018"
,"None"
,"None"
,"SUBMITTED"
,"SUBMIT"
,"2023-06-07 12:55:22.887422"
,"None"
,"2023-06-07 13:00:36.082772"
,"None"
,"CMSSW_12_6_0"
,"slc7_amd64_gcc10"
,"/TT_Mtt-1000toInf_TuneCP5_13TeV-powheg-pythia8/RunIISummer20UL18NanoAODv2-106X_upgrade2018_realistic_v15_L1v1-v1/NANOAODSIM"
,"T"
,"0"
,"[]"
,"[]"
,"FileBased"
,"{'halt_job_on_file_boundaries': False, 'splitOnRun': False, 'files_per_job': 1, 'runs': [], 'lumis': []}"
,"488f7a5f663a67b1e775f4197312c9f1d366321ce3f079dc766fecc945c50ca4.tar.gz"
,"https://cmsweb.cern.ch/S3/crabcache_prod"
,"lfavilla"
,"/DC=ch/DC=cern/OU=Organic Units/OU=Users/CN=lfavilla/CN=867090/CN=Leonardo Favilla"
,"cms"
,"None"
,"None"
,"TT_Mtt_1000toInf_2018-00000000000000000000000000000000"
,"F"
,"T2_IT_Pisa"
,"https://cmsweb.cern.ch/dbs/prod/global/DBSReader"
,"https://cmsweb.cern.ch/dbs/prod/phys03/DBSWriter"
,"F"
,"[]"
,"[]"
,"['tree_hadd.root']"
,"Analysis"
,"pythia"
,"None"
,"{}"
,"None"
,"T"
,"crab-prod-tw01"
,"[]"
,"1250"
,"1"
,"2000"
,"10"
,"None"
,"[]"
,"http://vocms0107.cern.ch/mon/lfavilla/230607_125522:lfavilla_crab_TT_Mtt_1000toInf_2018"
,"crab_script.sh"
,"[]"
,"[]"
,"None"
,"cmsgwms-collector-global.cern.ch:9620,cmsgwms-collector-global.fnal.gov:9620"
,"crab3@vocms0107.cern.ch"
,"F"
,"[]"
,"T"
,"/store/user/lfavilla/DM_v0"
,"F"
,"None"
,"F"
,"None"
,"TT_Mtt-1000toInf_TuneCP5_13TeV-powheg-pythia8"
,"None"
,"bd7ae91a507b00c17bb1837f8d588355248137203908abf88fa6c5a879eebd46.tar.gz"
,"94038776"
,"None"
,"F"
,"137.138.154.184"
,"0.0"
,"None"
,"{\"partialdataset\": false, \"requireaccelerator\": false, \"acceleratorparams\": null, \"inputblocks\": null}"
]}

 error:   % Total    % Received % Xferd  Average Speed   Time    Time     Time  Current
                                 Dload  Upload   Total   Spent    Left  Speed
  0     0    0     0    0     0      0      0 --:--:-- --:--:-- --:--:--     0*   Trying 188.184.73.32:8443...
* Connected to cmsweb.cern.ch (188.184.73.32) port 8443 (#0)
* ALPN, offering http/1.1
* Cipher selection: ALL:!EXPORT:!EXPORT40:!EXPORT56:!aNULL:!LOW:!RC4:@STRENGTH
* successfully set certificate verify locations:
*  CAfile: /etc/pki/tls/certs/ca-bundle.crt
*  CApath: /etc/grid-security/certificates/
* TLSv1.2 (OUT), TLS header, Certificate Status (22):
} [5 bytes data]
* TLSv1.2 (OUT), TLS handshake, Client hello (1):
} [512 bytes data]
* TLSv1.2 (IN), TLS handshake, Server hello (2):
{ [109 bytes data]
* TLSv1.2 (IN), TLS handshake, Certificate (11):
{ [6240 bytes data]
* TLSv1.2 (IN), TLS handshake, Server key exchange (12):
{ [333 bytes data]
* TLSv1.2 (IN), TLS handshake, Request CERT (13):
{ [13122 bytes data]
* TLSv1.2 (IN), TLS handshake, Server finished (14):
{ [4 bytes data]
* TLSv1.2 (OUT), TLS handshake, Certificate (11):
} [6797 bytes data]
* TLSv1.2 (OUT), TLS handshake, Client key exchange (16):
} [70 bytes data]
* TLSv1.2 (OUT), TLS handshake, CERT verify (15):
} [264 bytes data]
* TLSv1.2 (OUT), TLS change cipher, Change cipher spec (1):
} [1 bytes data]
* TLSv1.2 (OUT), TLS handshake, Finished (20):
} [16 bytes data]
* TLSv1.2 (IN), TLS change cipher, Change cipher spec (1):
{ [1 bytes data]
* TLSv1.2 (IN), TLS handshake, Finished (20):
{ [16 bytes data]
* SSL connection using TLSv1.2 / ECDHE-RSA-AES128-GCM-SHA256
* ALPN, server accepted to use http/1.1
* Server certificate:
*  subject: DC=ch; DC=cern; OU=computers; CN=cmsweb.cern.ch
*  start date: Feb 28 02:56:51 2023 GMT
*  expire date: Apr  3 02:56:51 2024 GMT
*  subjectAltName: host "cmsweb.cern.ch" matched cert's "cmsweb.cern.ch"
*  issuer: DC=ch; DC=cern; CN=CERN Grid Certification Authority
*  SSL certificate verify ok.
} [5 bytes data]
> GET /crabserver/prod/task?subresource=search&workflow=230607_125522%3Alfavilla_crab_TT_Mtt_1000toInf_2018 HTTP/1.1
> Host: cmsweb.cern.ch:8443
> User-Agent: CRABClient/v3.230417
> Accept: */*
> Content-Length: 79
> Content-Type: application/x-www-form-urlencoded
> 
} [79 bytes data]
* Mark bundle as not supporting multiuse
< HTTP/1.1 200 OK
< Date: Wed, 07 Jun 2023 13:05:42 GMT
< Server: Apache
< Content-Type: application/json
< Content-Length: 3023
< Vary: Accept
< Cache-Control: max-age=3600
< X-Rest-Status: 100
< Etag: "389252b114498acd6f5331e6e9bcc8b6ae6c9a07"
< X-Rest-Time: 7568.121 us
< CMS-Server-Time: D=12582 t=1686143142590108
< 
{ [5 bytes data]
100  3102  100  3023  100    79  90593   2367 --:--:-- --:--:-- --:--:-- 94000
* Connection #0 to host cmsweb.cern.ch left intact
{"desc": {"columns": ["tm_taskname", "tm_activity", "panda_jobset_id", "tm_task_status", "tm_task_command", "tm_start_time", "tm_start_injection", "tm_end_injection", "tm_task_failure", "tm_job_sw", "tm_job_arch", "tm_input_dataset", "tm_nonvalid_input_dataset", "tm_use_parent", "tm_site_whitelist", "tm_site_blacklist", "tm_split_algo", "tm_split_args", "tm_user_sandbox", "tm_cache_url", "tm_username", "tm_user_dn", "tm_user_vo", "tm_user_role", "tm_user_group", "tm_publish_name", "tm_publish_groupname", "tm_asyncdest", "tm_dbs_url", "tm_publish_dbs_url", "tm_publication", "tm_outfiles", "tm_tfile_outfiles", "tm_edm_outfiles", "tm_job_type", "tm_generator", "tm_events_per_lumi", "tm_arguments", "panda_resubmitted_jobs", "tm_save_logs", "tw_name", "tm_user_infiles", "tm_maxjobruntime", "tm_numcores", "tm_maxmemory", "tm_priority", "tm_output_dataset", "tm_task_warnings", "tm_user_webdir", "tm_scriptexe", "tm_scriptargs", "tm_extrajdl", "tm_asourl", "tm_collector", "tm_schedd", "tm_dry_run", "tm_user_files", "tm_transfer_outputs", "tm_output_lfn", "tm_ignore_locality", "tm_fail_limit", "tm_one_event_mode", "tm_secondary_input_dataset", "tm_primary_dataset", "tm_last_publication", "tm_debug_files", "clusterid", "tm_asodb", "tm_ignore_global_blacklist", "tm_submitter_ip_addr", "tm_totalunits", "tm_ddm_reqid", "tm_user_config"]}, "result": [
 "230607_125522:lfavilla_crab_TT_Mtt_1000toInf_2018"
,"None"
,"None"
,"SUBMITTED"
,"SUBMIT"
,"2023-06-07 12:55:22.887422"
,"None"
,"2023-06-07 13:00:36.082772"
,"None"
,"CMSSW_12_6_0"
,"slc7_amd64_gcc10"
,"/TT_Mtt-1000toInf_TuneCP5_13TeV-powheg-pythia8/RunIISummer20UL18NanoAODv2-106X_upgrade2018_realistic_v15_L1v1-v1/NANOAODSIM"
,"T"
,"0"
,"[]"
,"[]"
,"FileBased"
,"{'halt_job_on_file_boundaries': False, 'splitOnRun': False, 'files_per_job': 1, 'runs': [], 'lumis': []}"
,"488f7a5f663a67b1e775f4197312c9f1d366321ce3f079dc766fecc945c50ca4.tar.gz"
,"https://cmsweb.cern.ch/S3/crabcache_prod"
,"lfavilla"
,"/DC=ch/DC=cern/OU=Organic Units/OU=Users/CN=lfavilla/CN=867090/CN=Leonardo Favilla"
,"cms"
,"None"
,"None"
,"TT_Mtt_1000toInf_2018-00000000000000000000000000000000"
,"F"
,"T2_IT_Pisa"
,"https://cmsweb.cern.ch/dbs/prod/global/DBSReader"
,"https://cmsweb.cern.ch/dbs/prod/phys03/DBSWriter"
,"F"
,"[]"
,"[]"
,"['tree_hadd.root']"
,"Analysis"
,"pythia"
,"None"
,"{}"
,"None"
,"T"
,"crab-prod-tw01"
,"[]"
,"1250"
,"1"
,"2000"
,"10"
,"None"
,"[]"
,"http://vocms0107.cern.ch/mon/lfavilla/230607_125522:lfavilla_crab_TT_Mtt_1000toInf_2018"
,"crab_script.sh"
,"[]"
,"[]"
,"None"
,"cmsgwms-collector-global.cern.ch:9620,cmsgwms-collector-global.fnal.gov:9620"
,"crab3@vocms0107.cern.ch"
,"F"
,"[]"
,"T"
,"/store/user/lfavilla/DM_v0"
,"F"
,"None"
,"F"
,"None"
,"TT_Mtt-1000toInf_TuneCP5_13TeV-powheg-pythia8"
,"None"
,"bd7ae91a507b00c17bb1837f8d588355248137203908abf88fa6c5a879eebd46.tar.gz"
,"94038776"
,"None"
,"F"
,"137.138.154.184"
,"0.0"
,"None"
,"{\"partialdataset\": false, \"requireaccelerator\": false, \"acceleratorparams\": null, \"inputblocks\": null}"
]}

 retcode : 0
DEBUG 2023-06-07 13:05:42.610 UTC: 	 Got information from server oracle database: {'desc': {'columns': ['tm_taskname', 'tm_activity', 'panda_jobset_id', 'tm_task_status', 'tm_task_command', 'tm_start_time', 'tm_start_injection', 'tm_end_injection', 'tm_task_failure', 'tm_job_sw', 'tm_job_arch', 'tm_input_dataset', 'tm_nonvalid_input_dataset', 'tm_use_parent', 'tm_site_whitelist', 'tm_site_blacklist', 'tm_split_algo', 'tm_split_args', 'tm_user_sandbox', 'tm_cache_url', 'tm_username', 'tm_user_dn', 'tm_user_vo', 'tm_user_role', 'tm_user_group', 'tm_publish_name', 'tm_publish_groupname', 'tm_asyncdest', 'tm_dbs_url', 'tm_publish_dbs_url', 'tm_publication', 'tm_outfiles', 'tm_tfile_outfiles', 'tm_edm_outfiles', 'tm_job_type', 'tm_generator', 'tm_events_per_lumi', 'tm_arguments', 'panda_resubmitted_jobs', 'tm_save_logs', 'tw_name', 'tm_user_infiles', 'tm_maxjobruntime', 'tm_numcores', 'tm_maxmemory', 'tm_priority', 'tm_output_dataset', 'tm_task_warnings', 'tm_user_webdir', 'tm_scriptexe', 'tm_scriptargs', 'tm_extrajdl', 'tm_asourl', 'tm_collector', 'tm_schedd', 'tm_dry_run', 'tm_user_files', 'tm_transfer_outputs', 'tm_output_lfn', 'tm_ignore_locality', 'tm_fail_limit', 'tm_one_event_mode', 'tm_secondary_input_dataset', 'tm_primary_dataset', 'tm_last_publication', 'tm_debug_files', 'clusterid', 'tm_asodb', 'tm_ignore_global_blacklist', 'tm_submitter_ip_addr', 'tm_totalunits', 'tm_ddm_reqid', 'tm_user_config']}, 'result': ['230607_125522:lfavilla_crab_TT_Mtt_1000toInf_2018', 'None', 'None', 'SUBMITTED', 'SUBMIT', '2023-06-07 12:55:22.887422', 'None', '2023-06-07 13:00:36.082772', 'None', 'CMSSW_12_6_0', 'slc7_amd64_gcc10', '/TT_Mtt-1000toInf_TuneCP5_13TeV-powheg-pythia8/RunIISummer20UL18NanoAODv2-106X_upgrade2018_realistic_v15_L1v1-v1/NANOAODSIM', 'T', '0', '[]', '[]', 'FileBased', "{'halt_job_on_file_boundaries': False, 'splitOnRun': False, 'files_per_job': 1, 'runs': [], 'lumis': []}", '488f7a5f663a67b1e775f4197312c9f1d366321ce3f079dc766fecc945c50ca4.tar.gz', 'https://cmsweb.cern.ch/S3/crabcache_prod', 'lfavilla', '/DC=ch/DC=cern/OU=Organic Units/OU=Users/CN=lfavilla/CN=867090/CN=Leonardo Favilla', 'cms', 'None', 'None', 'TT_Mtt_1000toInf_2018-00000000000000000000000000000000', 'F', 'T2_IT_Pisa', 'https://cmsweb.cern.ch/dbs/prod/global/DBSReader', 'https://cmsweb.cern.ch/dbs/prod/phys03/DBSWriter', 'F', '[]', '[]', "['tree_hadd.root']", 'Analysis', 'pythia', 'None', '{}', 'None', 'T', 'crab-prod-tw01', '[]', '1250', '1', '2000', '10', 'None', '[]', 'http://vocms0107.cern.ch/mon/lfavilla/230607_125522:lfavilla_crab_TT_Mtt_1000toInf_2018', 'crab_script.sh', '[]', '[]', 'None', 'cmsgwms-collector-global.cern.ch:9620,cmsgwms-collector-global.fnal.gov:9620', 'crab3@vocms0107.cern.ch', 'F', '[]', 'T', '/store/user/lfavilla/DM_v0', 'F', 'None', 'F', 'None', 'TT_Mtt-1000toInf_TuneCP5_13TeV-powheg-pythia8', 'None', 'bd7ae91a507b00c17bb1837f8d588355248137203908abf88fa6c5a879eebd46.tar.gz', '94038776', 'None', 'F', '137.138.154.184', '0.0', 'None', '{"partialdataset": false, "requireaccelerator": false, "acceleratorparams": null, "inputblocks": null}']}
INFO 2023-06-07 13:05:42.610 UTC: 	 CRAB project directory:		/afs/cern.ch/user/l/lfavilla/CMSSW_12_6_0/src/PhysicsTools/NanoAODTools/crab/crab_TT_Mtt_1000toInf_2018
INFO 2023-06-07 13:05:42.610 UTC: 	 Task name:			230607_125522:lfavilla_crab_TT_Mtt_1000toInf_2018
INFO 2023-06-07 13:05:42.610 UTC: 	 Grid scheduler - Task Worker:	crab3@vocms0107.cern.ch - crab-prod-tw01
INFO 2023-06-07 13:05:42.610 UTC: 	 Status on the CRAB server:	SUBMITTED
INFO 2023-06-07 13:05:42.610 UTC: 	 Task URL to use for HELP:	https://cmsweb.cern.ch/crabserver/ui/task/230607_125522%3Alfavilla_crab_TT_Mtt_1000toInf_2018
INFO 2023-06-07 13:05:42.674 UTC: 	 Dashboard monitoring URL:	https://monit-grafana.cern.ch/d/cmsTMDetail/cms-task-monitoring-task-view?orgId=11&var-user=lfavilla&var-task=230607_125522%3Alfavilla_crab_TT_Mtt_1000toInf_2018&from=1686138922000&to=now
DEBUG 2023-06-07 13:05:42.674 UTC: 	 The CRAB server submitted your task to the Grid scheduler (cluster ID: 94038776)
DEBUG 2023-06-07 13:05:42.674 UTC: 	 Webdir is located at http://vocms0107.cern.ch/mon/lfavilla/230607_125522:lfavilla_crab_TT_Mtt_1000toInf_2018
DEBUG 2023-06-07 13:05:42.674 UTC: 	 Encoded data for curl request: subresource=webdirprx&workflow=230607_125522%3Alfavilla_crab_TT_Mtt_1000toInf_2018
DEBUG 2023-06-07 13:05:42.711 UTC: 	 Executing command :
 curl -v -X GET -H "User-Agent: CRABClient/v3.230417" -H "Accept: */*" --data @/tmp/crab_curlDataohxz935y --cert "/tmp/x509up_u159320" --key "/tmp/x509up_u159320" --capath "/etc/grid-security/certificates/" "https://cmsweb.cern.ch:8443/crabserver/prod/task?subresource=webdirprx&workflow=230607_125522%3Alfavilla_crab_TT_Mtt_1000toInf_2018" | tee /dev/stderr 
DEBUG 2023-06-07 13:05:42.834 UTC: 	 output : {"result": [
 "https://cmsweb.cern.ch:8443/scheddmon/0107/lfavilla/230607_125522:lfavilla_crab_TT_Mtt_1000toInf_2018"
]}

 error:   % Total    % Received % Xferd  Average Speed   Time    Time     Time  Current
                                 Dload  Upload   Total   Spent    Left  Speed
  0     0    0     0    0     0      0      0 --:--:-- --:--:-- --:--:--     0*   Trying 188.184.73.32:8443...
* Connected to cmsweb.cern.ch (188.184.73.32) port 8443 (#0)
* ALPN, offering http/1.1
* Cipher selection: ALL:!EXPORT:!EXPORT40:!EXPORT56:!aNULL:!LOW:!RC4:@STRENGTH
* successfully set certificate verify locations:
*  CAfile: /etc/pki/tls/certs/ca-bundle.crt
*  CApath: /etc/grid-security/certificates/
* TLSv1.2 (OUT), TLS header, Certificate Status (22):
} [5 bytes data]
* TLSv1.2 (OUT), TLS handshake, Client hello (1):
} [512 bytes data]
* TLSv1.2 (IN), TLS handshake, Server hello (2):
{ [109 bytes data]
* TLSv1.2 (IN), TLS handshake, Certificate (11):
{ [6240 bytes data]
* TLSv1.2 (IN), TLS handshake, Server key exchange (12):
{ [333 bytes data]
* TLSv1.2 (IN), TLS handshake, Request CERT (13):
{ [13122 bytes data]
* TLSv1.2 (IN), TLS handshake, Server finished (14):
{ [4 bytes data]
* TLSv1.2 (OUT), TLS handshake, Certificate (11):
} [6797 bytes data]
* TLSv1.2 (OUT), TLS handshake, Client key exchange (16):
} [70 bytes data]
* TLSv1.2 (OUT), TLS handshake, CERT verify (15):
} [264 bytes data]
* TLSv1.2 (OUT), TLS change cipher, Change cipher spec (1):
} [1 bytes data]
* TLSv1.2 (OUT), TLS handshake, Finished (20):
} [16 bytes data]
* TLSv1.2 (IN), TLS change cipher, Change cipher spec (1):
{ [1 bytes data]
* TLSv1.2 (IN), TLS handshake, Finished (20):
{ [16 bytes data]
* SSL connection using TLSv1.2 / ECDHE-RSA-AES128-GCM-SHA256
* ALPN, server accepted to use http/1.1
* Server certificate:
*  subject: DC=ch; DC=cern; OU=computers; CN=cmsweb.cern.ch
*  start date: Feb 28 02:56:51 2023 GMT
*  expire date: Apr  3 02:56:51 2024 GMT
*  subjectAltName: host "cmsweb.cern.ch" matched cert's "cmsweb.cern.ch"
*  issuer: DC=ch; DC=cern; CN=CERN Grid Certification Authority
*  SSL certificate verify ok.
} [5 bytes data]
> GET /crabserver/prod/task?subresource=webdirprx&workflow=230607_125522%3Alfavilla_crab_TT_Mtt_1000toInf_2018 HTTP/1.1
> Host: cmsweb.cern.ch:8443
> User-Agent: CRABClient/v3.230417
> Accept: */*
> Content-Length: 82
> Content-Type: application/x-www-form-urlencoded
> 
} [82 bytes data]
* Mark bundle as not supporting multiuse
< HTTP/1.1 200 OK
< Date: Wed, 07 Jun 2023 13:05:42 GMT
< Server: Apache
< Content-Type: application/json
< Content-Length: 121
< Vary: Accept
< Cache-Control: max-age=3600
< X-Rest-Status: 100
< Etag: "be5f07ac0e5c4457eb5db2e6f551bc9c0e5be1ee"
< X-Rest-Time: 14511.824 us
< CMS-Server-Time: D=23842 t=1686143142797430
< 
{ [5 bytes data]
100   203  100   121  100    82   2285   1549 --:--:-- --:--:-- --:--:--  3903
* Connection #0 to host cmsweb.cern.ch left intact
{"result": [
 "https://cmsweb.cern.ch:8443/scheddmon/0107/lfavilla/230607_125522:lfavilla_crab_TT_Mtt_1000toInf_2018"
]}

 retcode : 0
DEBUG 2023-06-07 13:05:42.835 UTC: 	 Proxied webdir is located at https://cmsweb.cern.ch:8443/scheddmon/0107/lfavilla/230607_125522:lfavilla_crab_TT_Mtt_1000toInf_2018
DEBUG 2023-06-07 13:05:42.886 UTC: 	 Retrieving 'status_cache' file from https://cmsweb.cern.ch:8443/scheddmon/0107/lfavilla/230607_125522:lfavilla_crab_TT_Mtt_1000toInf_2018/status_cache.pkl
DEBUG 2023-06-07 13:05:42.886 UTC: 	 Will execute:
curl -sS --capath /etc/grid-security/certificates --cert /tmp/x509up_u159320 --key /tmp/x509up_u159320 -o /tmp/crab_status-cache-reftzf9j.pkl -w %"{http_code}" "https://cmsweb.cern.ch:8443/scheddmon/0107/lfavilla/230607_125522:lfavilla_crab_TT_Mtt_1000toInf_2018/status_cache.pkl"
DEBUG 2023-06-07 13:05:42.886 UTC: 	 Executing command :
 curl -sS --capath /etc/grid-security/certificates --cert /tmp/x509up_u159320 --key /tmp/x509up_u159320 -o /tmp/crab_status-cache-reftzf9j.pkl -w %"{http_code}" "https://cmsweb.cern.ch:8443/scheddmon/0107/lfavilla/230607_125522:lfavilla_crab_TT_Mtt_1000toInf_2018/status_cache.pkl"
DEBUG 2023-06-07 13:05:43.017 UTC: 	 output : 200
 error: 
 retcode : 0
DEBUG 2023-06-07 13:05:43.018 UTC: 	 exitcode: 0
stdout: 200
stderr: 
error details: 
DEBUG 2023-06-07 13:05:43.019 UTC: 	 Got information from status cache file: {'1': {'Retries': 0, 'Restarts': 0, 'SiteHistory': ['T2_US_Florida'], 'ResidentSetSize': [0], 'SubmitTimes': [1686142843.0], 'StartTimes': [], 'EndTimes': [], 'TotalUserCpuTimeHistory': [0.0], 'TotalSysCpuTimeHistory': [0.0], 'WallDurations': [0], 'JobIds': ['94038779.0'], 'State': 'idle', 'RecordedSite': True}, '2': {'Retries': 0, 'Restarts': 0, 'SiteHistory': ['T2_US_Wisconsin'], 'ResidentSetSize': [0], 'SubmitTimes': [1686142843.0], 'StartTimes': [], 'EndTimes': [], 'TotalUserCpuTimeHistory': [0.0], 'TotalSysCpuTimeHistory': [0.0], 'WallDurations': [0], 'JobIds': ['94038780.0'], 'State': 'idle', 'RecordedSite': True}, '3': {'Retries': 0, 'Restarts': 0, 'SiteHistory': ['T2_US_Wisconsin'], 'ResidentSetSize': [0], 'SubmitTimes': [1686142843.0], 'StartTimes': [], 'EndTimes': [], 'TotalUserCpuTimeHistory': [0.0], 'TotalSysCpuTimeHistory': [0.0], 'WallDurations': [0], 'JobIds': ['94038781.0'], 'State': 'idle', 'RecordedSite': True}, '4': {'Retries': 0, 'Restarts': 0, 'SiteHistory': ['T2_US_Wisconsin', 'T2_US_Wisconsin'], 'ResidentSetSize': [0], 'SubmitTimes': [1686142843.0], 'StartTimes': [1686142904.0], 'EndTimes': [], 'TotalUserCpuTimeHistory': [0.0], 'TotalSysCpuTimeHistory': [0.0], 'WallDurations': [0, 0.49047374725341797], 'JobIds': ['94038782.0'], 'State': 'running', 'RecordedSite': True}, '5': {'Retries': 0, 'Restarts': 0, 'SiteHistory': ['T2_US_Wisconsin'], 'ResidentSetSize': [0], 'SubmitTimes': [1686142843.0], 'StartTimes': [], 'EndTimes': [], 'TotalUserCpuTimeHistory': [0.0], 'TotalSysCpuTimeHistory': [0.0], 'WallDurations': [0], 'JobIds': ['94038783.0'], 'State': 'idle', 'RecordedSite': True}, '7': {'Retries': 0, 'Restarts': 0, 'SiteHistory': ['T2_US_Wisconsin', 'T2_US_Wisconsin'], 'ResidentSetSize': [0], 'SubmitTimes': [1686142843.0], 'StartTimes': [1686142902.0], 'EndTimes': [], 'TotalUserCpuTimeHistory': [0.0], 'TotalSysCpuTimeHistory': [0.0], 'WallDurations': [0, 2.490473747253418], 'JobIds': ['94038784.0'], 'State': 'running', 'RecordedSite': True}, '8': {'Retries': 0, 'Restarts': 0, 'SiteHistory': ['T2_US_Wisconsin'], 'ResidentSetSize': [0], 'SubmitTimes': [1686142843.0], 'StartTimes': [], 'EndTimes': [], 'TotalUserCpuTimeHistory': [0.0], 'TotalSysCpuTimeHistory': [0.0], 'WallDurations': [0], 'JobIds': ['94038785.0'], 'State': 'idle', 'RecordedSite': True}, '6': {'Retries': 0, 'Restarts': 0, 'SiteHistory': ['T2_US_Wisconsin', 'T2_US_Wisconsin'], 'ResidentSetSize': [0], 'SubmitTimes': [1686142843.0], 'StartTimes': [1686142902.0], 'EndTimes': [], 'TotalUserCpuTimeHistory': [0.0], 'TotalSysCpuTimeHistory': [0.0], 'WallDurations': [0, 2.490473747253418], 'JobIds': ['94038786.0'], 'State': 'running', 'RecordedSite': True}, '10': {'Retries': 0, 'Restarts': 0, 'SiteHistory': ['T2_US_Wisconsin', 'T2_US_Wisconsin'], 'ResidentSetSize': [0], 'SubmitTimes': [1686142843.0], 'StartTimes': [1686142902.0], 'EndTimes': [], 'TotalUserCpuTimeHistory': [0.0], 'TotalSysCpuTimeHistory': [0.0], 'WallDurations': [0, 2.490473747253418], 'JobIds': ['94038787.0'], 'State': 'running', 'RecordedSite': True}, '9': {'Retries': 0, 'Restarts': 0, 'SiteHistory': ['T2_US_Wisconsin', 'T2_US_Wisconsin'], 'ResidentSetSize': [0], 'SubmitTimes': [1686142843.0], 'StartTimes': [1686142903.0], 'EndTimes': [], 'TotalUserCpuTimeHistory': [0.0], 'TotalSysCpuTimeHistory': [0.0], 'WallDurations': [0, 1.490473747253418], 'JobIds': ['94038788.0'], 'State': 'running', 'RecordedSite': True}, '13': {'Retries': 0, 'Restarts': 0, 'SiteHistory': ['T2_US_Wisconsin'], 'ResidentSetSize': [0], 'SubmitTimes': [1686142843.0], 'StartTimes': [], 'EndTimes': [], 'TotalUserCpuTimeHistory': [0.0], 'TotalSysCpuTimeHistory': [0.0], 'WallDurations': [0], 'JobIds': ['94038789.0'], 'State': 'idle', 'RecordedSite': True}, '11': {'Retries': 0, 'Restarts': 0, 'SiteHistory': ['T2_US_Wisconsin'], 'ResidentSetSize': [0], 'SubmitTimes': [1686142843.0], 'StartTimes': [], 'EndTimes': [], 'TotalUserCpuTimeHistory': [0.0], 'TotalSysCpuTimeHistory': [0.0], 'WallDurations': [0], 'JobIds': ['94038790.0'], 'State': 'idle', 'RecordedSite': True}, '15': {'Retries': 0, 'Restarts': 0, 'SiteHistory': ['T2_US_Wisconsin', 'T2_US_Wisconsin'], 'ResidentSetSize': [0], 'SubmitTimes': [1686142843.0], 'StartTimes': [1686142902.0], 'EndTimes': [], 'TotalUserCpuTimeHistory': [0.0], 'TotalSysCpuTimeHistory': [0.0], 'WallDurations': [0, 2.490473747253418], 'JobIds': ['94038791.0'], 'State': 'running', 'RecordedSite': True}, '12': {'Retries': 0, 'Restarts': 0, 'SiteHistory': ['T2_US_Wisconsin', 'T2_US_Wisconsin'], 'ResidentSetSize': [0], 'SubmitTimes': [1686142843.0], 'StartTimes': [1686142904.0], 'EndTimes': [], 'TotalUserCpuTimeHistory': [0.0], 'TotalSysCpuTimeHistory': [0.0], 'WallDurations': [0, 0.49047374725341797], 'JobIds': ['94038792.0'], 'State': 'running', 'RecordedSite': True}, '14': {'Retries': 0, 'Restarts': 0, 'SiteHistory': ['T2_US_Wisconsin'], 'ResidentSetSize': [0], 'SubmitTimes': [1686142843.0], 'StartTimes': [], 'EndTimes': [], 'TotalUserCpuTimeHistory': [0.0], 'TotalSysCpuTimeHistory': [0.0], 'WallDurations': [0], 'JobIds': ['94038793.0'], 'State': 'idle', 'RecordedSite': True}, '16': {'Retries': 0, 'Restarts': 0, 'SiteHistory': ['T2_US_Wisconsin'], 'ResidentSetSize': [0], 'SubmitTimes': [1686142843.0], 'StartTimes': [], 'EndTimes': [], 'TotalUserCpuTimeHistory': [0.0], 'TotalSysCpuTimeHistory': [0.0], 'WallDurations': [0], 'JobIds': ['94038794.0'], 'State': 'idle', 'RecordedSite': True}, '18': {'Retries': 0, 'Restarts': 0, 'SiteHistory': ['T2_US_Wisconsin'], 'ResidentSetSize': [0], 'SubmitTimes': [1686142843.0], 'StartTimes': [], 'EndTimes': [], 'TotalUserCpuTimeHistory': [0.0], 'TotalSysCpuTimeHistory': [0.0], 'WallDurations': [0], 'JobIds': ['94038795.0'], 'State': 'idle', 'RecordedSite': True}, '17': {'Retries': 0, 'Restarts': 0, 'SiteHistory': ['T2_US_Wisconsin', 'T2_US_Wisconsin'], 'ResidentSetSize': [0], 'SubmitTimes': [1686142843.0], 'StartTimes': [1686142902.0], 'EndTimes': [], 'TotalUserCpuTimeHistory': [0.0], 'TotalSysCpuTimeHistory': [0.0], 'WallDurations': [0, 2.490473747253418], 'JobIds': ['94038796.0'], 'State': 'running', 'RecordedSite': True}, '21': {'Retries': 0, 'Restarts': 0, 'SiteHistory': ['T2_US_Florida'], 'ResidentSetSize': [0], 'SubmitTimes': [1686142843.0], 'StartTimes': [], 'EndTimes': [], 'TotalUserCpuTimeHistory': [0.0], 'TotalSysCpuTimeHistory': [0.0], 'WallDurations': [0], 'JobIds': ['94038797.0'], 'State': 'idle', 'RecordedSite': True}, '19': {'Retries': 0, 'Restarts': 0, 'SiteHistory': ['T2_US_Wisconsin', 'T2_US_Wisconsin'], 'ResidentSetSize': [0], 'SubmitTimes': [1686142849.0], 'StartTimes': [1686142903.0], 'EndTimes': [], 'TotalUserCpuTimeHistory': [0.0], 'TotalSysCpuTimeHistory': [0.0], 'WallDurations': [0, 1.490473747253418], 'JobIds': ['94038798.0'], 'State': 'running', 'RecordedSite': True}, '20': {'Retries': 0, 'Restarts': 0, 'SiteHistory': ['T2_US_Wisconsin'], 'ResidentSetSize': [0], 'SubmitTimes': [1686142849.0], 'StartTimes': [], 'EndTimes': [], 'TotalUserCpuTimeHistory': [0.0], 'TotalSysCpuTimeHistory': [0.0], 'WallDurations': [0], 'JobIds': ['94038799.0'], 'State': 'idle', 'RecordedSite': True}}
INFO 2023-06-07 13:05:43.019 UTC: 	 Status on the scheduler:	SUBMITTED
INFO 2023-06-07 13:05:43.019 UTC: 	 
Jobs status:                    idle         		 57.1% (12/21)
INFO 2023-06-07 13:05:43.019 UTC: 	 				running      		 42.9% ( 9/21)
INFO 2023-06-07 13:05:43.019 UTC: 	 
No publication information (publication has been disabled in the CRAB configuration file)
INFO 2023-06-07 13:05:43.111 UTC: 	 Log file is /afs/cern.ch/user/l/lfavilla/CMSSW_12_6_0/src/PhysicsTools/NanoAODTools/crab/crab_TT_Mtt_1000toInf_2018/crab.log
