000 (9065280.000.000) 11/12 11:23:29 Job submitted from host: <188.184.90.62:9618?addrs=188.184.90.62-9618+[2001-1458-201-e4--100-238]-9618&alias=bigbird16.cern.ch&noUDP&sock=schedd_4073970_23e3>
...
040 (9065280.000.000) 11/12 11:36:49 Started transferring input files
	Transferring to host: <128.142.62.190:9618?addrs=128.142.62.190-9618+[2001-1458-301-37--100-bd]-9618&alias=b7s07p6784.cern.ch&noUDP&sock=slot1_32_13180_4091_93675>
...
040 (9065280.000.000) 11/12 11:36:49 Finished transferring input files
...
001 (9065280.000.000) 11/12 11:36:50 Job executing on host: <128.142.62.190:9618?addrs=128.142.62.190-9618+[2001-1458-301-37--100-bd]-9618&alias=b7s07p6784.cern.ch&noUDP&sock=startd_12582_c8b0>
...
006 (9065280.000.000) 11/12 11:36:59 Image size of job updated: 279636
	131  -  MemoryUsage of job (MB)
	133808  -  ResidentSetSize of job (KB)
...
006 (9065280.000.000) 11/12 11:37:04 Image size of job updated: 859396
	131  -  MemoryUsage of job (MB)
	133808  -  ResidentSetSize of job (KB)
...
040 (9065280.000.000) 11/12 11:37:04 Started transferring output files
...
040 (9065280.000.000) 11/12 11:37:04 Finished transferring output files
...
005 (9065280.000.000) 11/12 11:37:04 Job terminated.
	(1) Normal termination (return value 0)
		Usr 0 00:00:04, Sys 0 00:00:01  -  Run Remote Usage
		Usr 0 00:00:00, Sys 0 00:00:00  -  Run Local Usage
		Usr 0 00:00:04, Sys 0 00:00:01  -  Total Remote Usage
		Usr 0 00:00:00, Sys 0 00:00:00  -  Total Local Usage
	4778  -  Run Bytes Sent By Job
	10963  -  Run Bytes Received By Job
	4778  -  Total Bytes Sent By Job
	10963  -  Total Bytes Received By Job
	Partitionable Resources :    Usage  Request Allocated 
	   Cpus                 :     0.03        1         1 
	   Disk (KB)            :    37          12   1221187 
	   Memory (MB)          :   131        2000      2000 

	Job terminated of its own accord at 2023-11-12T10:37:04Z.
...
