000 (9061325.000.000) 11/11 12:15:21 Job submitted from host: <188.184.90.62:9618?addrs=188.184.90.62-9618+[2001-1458-201-e4--100-238]-9618&alias=bigbird16.cern.ch&noUDP&sock=schedd_4073970_23e3>
...
040 (9061325.000.000) 11/11 12:17:05 Started transferring input files
	Transferring to host: <188.184.160.105:9618?addrs=188.184.160.105-9618+[2001-1458-301-48--100-63]-9618&alias=b7s09p9818.cern.ch&noUDP&sock=slot1_4_3697_9eef_263792>
...
040 (9061325.000.000) 11/11 12:17:05 Finished transferring input files
...
001 (9061325.000.000) 11/11 12:17:06 Job executing on host: <188.184.160.105:9618?addrs=188.184.160.105-9618+[2001-1458-301-48--100-63]-9618&alias=b7s09p9818.cern.ch&noUDP&sock=startd_3064_3a45>
...
006 (9061325.000.000) 11/11 12:17:15 Image size of job updated: 285120
	5  -  MemoryUsage of job (MB)
	4884  -  ResidentSetSize of job (KB)
...
006 (9061325.000.000) 11/11 12:20:45 Image size of job updated: 1275328
	5  -  MemoryUsage of job (MB)
	4884  -  ResidentSetSize of job (KB)
...
040 (9061325.000.000) 11/11 12:20:45 Started transferring output files
...
040 (9061325.000.000) 11/11 12:20:45 Finished transferring output files
...
005 (9061325.000.000) 11/11 12:20:45 Job terminated.
	(1) Normal termination (return value 0)
		Usr 0 00:01:55, Sys 0 00:00:01  -  Run Remote Usage
		Usr 0 00:00:00, Sys 0 00:00:00  -  Run Local Usage
		Usr 0 00:01:55, Sys 0 00:00:01  -  Total Remote Usage
		Usr 0 00:00:00, Sys 0 00:00:00  -  Total Local Usage
	4780  -  Run Bytes Sent By Job
	11540  -  Run Bytes Received By Job
	4780  -  Total Bytes Sent By Job
	11540  -  Total Bytes Received By Job
	Partitionable Resources :    Usage  Request Allocated 
	   Cpus                 :                 1         1 
	   Disk (KB)            :       30       12   3106043 
	   Memory (MB)          :        5     2000      2000 

	Job terminated of its own accord at 2023-11-11T11:20:45Z.
...
