000 (9061367.000.000) 11/11 12:16:03 Job submitted from host: <188.184.90.62:9618?addrs=188.184.90.62-9618+[2001-1458-201-e4--100-238]-9618&alias=bigbird16.cern.ch&noUDP&sock=schedd_4073970_23e3>
...
040 (9061367.000.000) 11/11 12:17:12 Started transferring input files
	Transferring to host: <128.142.58.18:9618?addrs=128.142.58.18-9618+[2001-1458-301-16--100-11]-9618&alias=b7s03p6547.cern.ch&noUDP&sock=slot1_19_4184_c1a3_249616>
...
040 (9061367.000.000) 11/11 12:17:12 Finished transferring input files
...
001 (9061367.000.000) 11/11 12:17:13 Job executing on host: <128.142.58.18:9618?addrs=128.142.58.18-9618+[2001-1458-301-16--100-11]-9618&alias=b7s03p6547.cern.ch&noUDP&sock=startd_2869_794d>
...
006 (9061367.000.000) 11/11 12:17:21 Image size of job updated: 82776
	47  -  MemoryUsage of job (MB)
	47412  -  ResidentSetSize of job (KB)
...
006 (9061367.000.000) 11/11 12:20:24 Image size of job updated: 970432
	47  -  MemoryUsage of job (MB)
	47412  -  ResidentSetSize of job (KB)
...
040 (9061367.000.000) 11/11 12:20:24 Started transferring output files
...
040 (9061367.000.000) 11/11 12:20:24 Finished transferring output files
...
005 (9061367.000.000) 11/11 12:20:24 Job terminated.
	(1) Normal termination (return value 0)
		Usr 0 00:02:31, Sys 0 00:00:12  -  Run Remote Usage
		Usr 0 00:00:00, Sys 0 00:00:00  -  Run Local Usage
		Usr 0 00:02:31, Sys 0 00:00:12  -  Total Remote Usage
		Usr 0 00:00:00, Sys 0 00:00:00  -  Total Local Usage
	4775  -  Run Bytes Sent By Job
	11431  -  Run Bytes Received By Job
	4775  -  Total Bytes Sent By Job
	11431  -  Total Bytes Received By Job
	Partitionable Resources :    Usage  Request Allocated 
	   Cpus                 :                 1         1 
	   Disk (KB)            :       30       12   1266776 
	   Memory (MB)          :       47     2000      2000 

	Job terminated of its own accord at 2023-11-11T11:20:24Z.
...
