000 (9065278.000.000) 11/12 11:20:56 Job submitted from host: <188.184.90.62:9618?addrs=188.184.90.62-9618+[2001-1458-201-e4--100-238]-9618&alias=bigbird16.cern.ch&noUDP&sock=schedd_4073970_23e3>
...
009 (9065278.000.000) 11/12 11:23:16 Job was aborted.
	via condor_rm (by user lfavilla)
...
000 (9065283.000.000) 11/12 11:23:35 Job submitted from host: <188.184.90.62:9618?addrs=188.184.90.62-9618+[2001-1458-201-e4--100-238]-9618&alias=bigbird16.cern.ch&noUDP&sock=schedd_4073970_23e3>
...
040 (9065283.000.000) 11/12 11:36:50 Started transferring input files
	Transferring to host: <128.142.58.127:9618?addrs=128.142.58.127-9618+[2001-1458-301-16--100-7e]-9618&alias=b7s03p1055.cern.ch&noUDP&sock=slot1_33_10317_027d_44858>
...
040 (9065283.000.000) 11/12 11:36:50 Finished transferring input files
...
001 (9065283.000.000) 11/12 11:36:51 Job executing on host: <128.142.58.127:9618?addrs=128.142.58.127-9618+[2001-1458-301-16--100-7e]-9618&alias=b7s03p1055.cern.ch&noUDP&sock=startd_10234_4051>
...
006 (9065283.000.000) 11/12 11:37:00 Image size of job updated: 277788
	130  -  MemoryUsage of job (MB)
	132492  -  ResidentSetSize of job (KB)
...
006 (9065283.000.000) 11/12 11:42:01 Image size of job updated: 1330788
	270  -  MemoryUsage of job (MB)
	276320  -  ResidentSetSize of job (KB)
...
006 (9065283.000.000) 11/12 11:47:02 Image size of job updated: 1367952
	288  -  MemoryUsage of job (MB)
	294720  -  ResidentSetSize of job (KB)
...
006 (9065283.000.000) 11/12 11:52:02 Image size of job updated: 1374440
	300  -  MemoryUsage of job (MB)
	306320  -  ResidentSetSize of job (KB)
...
006 (9065283.000.000) 11/12 11:57:03 Image size of job updated: 1385892
	321  -  MemoryUsage of job (MB)
	327796  -  ResidentSetSize of job (KB)
...
006 (9065283.000.000) 11/12 12:02:03 Image size of job updated: 1395356
	321  -  MemoryUsage of job (MB)
	327796  -  ResidentSetSize of job (KB)
...
006 (9065283.000.000) 11/12 12:07:04 Image size of job updated: 1403232
	321  -  MemoryUsage of job (MB)
	327796  -  ResidentSetSize of job (KB)
...
006 (9065283.000.000) 11/12 12:12:05 Image size of job updated: 1409420
	321  -  MemoryUsage of job (MB)
	327796  -  ResidentSetSize of job (KB)
...
006 (9065283.000.000) 11/12 12:17:05 Image size of job updated: 1417776
	321  -  MemoryUsage of job (MB)
	327796  -  ResidentSetSize of job (KB)
...
006 (9065283.000.000) 11/12 12:22:05 Image size of job updated: 1424696
	350  -  MemoryUsage of job (MB)
	357804  -  ResidentSetSize of job (KB)
...
006 (9065283.000.000) 11/12 12:27:06 Image size of job updated: 1431388
	358  -  MemoryUsage of job (MB)
	366340  -  ResidentSetSize of job (KB)
...
006 (9065283.000.000) 11/12 12:32:06 Image size of job updated: 1436644
	358  -  MemoryUsage of job (MB)
	366340  -  ResidentSetSize of job (KB)
...
006 (9065283.000.000) 11/12 12:37:07 Image size of job updated: 1441316
	358  -  MemoryUsage of job (MB)
	366340  -  ResidentSetSize of job (KB)
...
006 (9065283.000.000) 11/12 12:42:07 Image size of job updated: 1444936
	358  -  MemoryUsage of job (MB)
	366340  -  ResidentSetSize of job (KB)
...
006 (9065283.000.000) 11/12 12:47:09 Image size of job updated: 1452884
	358  -  MemoryUsage of job (MB)
	366340  -  ResidentSetSize of job (KB)
...
006 (9065283.000.000) 11/12 12:52:07 Image size of job updated: 1453124
	364  -  MemoryUsage of job (MB)
	372564  -  ResidentSetSize of job (KB)
...
006 (9065283.000.000) 11/12 12:57:08 Image size of job updated: 1460344
	364  -  MemoryUsage of job (MB)
	372564  -  ResidentSetSize of job (KB)
...
006 (9065283.000.000) 11/12 13:02:08 Image size of job updated: 1464292
	364  -  MemoryUsage of job (MB)
	372564  -  ResidentSetSize of job (KB)
...
006 (9065283.000.000) 11/12 13:07:08 Image size of job updated: 1470216
	365  -  MemoryUsage of job (MB)
	372808  -  ResidentSetSize of job (KB)
...
006 (9065283.000.000) 11/12 13:07:21 Image size of job updated: 1470216
	372  -  MemoryUsage of job (MB)
	380376  -  ResidentSetSize of job (KB)
...
040 (9065283.000.000) 11/12 13:07:22 Started transferring output files
...
040 (9065283.000.000) 11/12 13:07:22 Finished transferring output files
...
005 (9065283.000.000) 11/12 13:07:22 Job terminated.
	(1) Normal termination (return value 0)
		Usr 0 00:29:51, Sys 0 00:56:23  -  Run Remote Usage
		Usr 0 00:00:00, Sys 0 00:00:00  -  Run Local Usage
		Usr 0 00:29:51, Sys 0 00:56:23  -  Total Remote Usage
		Usr 0 00:00:00, Sys 0 00:00:00  -  Total Local Usage
	4780  -  Run Bytes Sent By Job
	10959  -  Run Bytes Received By Job
	4780  -  Total Bytes Sent By Job
	10959  -  Total Bytes Received By Job
	Partitionable Resources :    Usage  Request Allocated 
	   Cpus                 :     0.98        1         1 
	   Disk (KB)            :    38          12   1294299 
	   Memory (MB)          :   372        2000      2000 

	Job terminated of its own accord at 2023-11-12T12:07:21Z.
...
