000 (9061316.000.000) 11/11 12:15:06 Job submitted from host: <188.184.90.62:9618?addrs=188.184.90.62-9618+[2001-1458-201-e4--100-238]-9618&alias=bigbird16.cern.ch&noUDP&sock=schedd_4073970_23e3>
...
040 (9061316.000.000) 11/11 12:17:03 Started transferring input files
	Transferring to host: <128.142.61.120:9618?addrs=128.142.61.120-9618&alias=b7s06p1945.cern.ch&noUDP&sock=slot1_11_4165_5e82_12069>
...
040 (9061316.000.000) 11/11 12:17:03 Finished transferring input files
...
001 (9061316.000.000) 11/11 12:17:04 Job executing on host: <128.142.61.120:9618?addrs=128.142.61.120-9618&alias=b7s06p1945.cern.ch&noUDP&sock=startd_2855_defa>
...
006 (9061316.000.000) 11/11 12:17:13 Image size of job updated: 123624
	66  -  MemoryUsage of job (MB)
	67048  -  ResidentSetSize of job (KB)
...
006 (9061316.000.000) 11/11 12:22:14 Image size of job updated: 1326580
	264  -  MemoryUsage of job (MB)
	270212  -  ResidentSetSize of job (KB)
...
006 (9061316.000.000) 11/11 12:27:15 Image size of job updated: 1370020
	267  -  MemoryUsage of job (MB)
	273308  -  ResidentSetSize of job (KB)
...
006 (9061316.000.000) 11/11 12:32:15 Image size of job updated: 1374416
	311  -  MemoryUsage of job (MB)
	317972  -  ResidentSetSize of job (KB)
...
006 (9061316.000.000) 11/11 12:37:16 Image size of job updated: 1385468
	311  -  MemoryUsage of job (MB)
	317972  -  ResidentSetSize of job (KB)
...
006 (9061316.000.000) 11/11 12:42:17 Image size of job updated: 1394180
	311  -  MemoryUsage of job (MB)
	317972  -  ResidentSetSize of job (KB)
...
006 (9061316.000.000) 11/11 12:47:17 Image size of job updated: 1399608
	311  -  MemoryUsage of job (MB)
	317972  -  ResidentSetSize of job (KB)
...
006 (9061316.000.000) 11/11 12:52:18 Image size of job updated: 1406128
	311  -  MemoryUsage of job (MB)
	317972  -  ResidentSetSize of job (KB)
...
006 (9061316.000.000) 11/11 12:57:19 Image size of job updated: 1411856
	330  -  MemoryUsage of job (MB)
	337912  -  ResidentSetSize of job (KB)
...
006 (9061316.000.000) 11/11 13:02:19 Image size of job updated: 1417416
	352  -  MemoryUsage of job (MB)
	359428  -  ResidentSetSize of job (KB)
...
006 (9061316.000.000) 11/11 13:07:19 Image size of job updated: 1426704
	352  -  MemoryUsage of job (MB)
	359428  -  ResidentSetSize of job (KB)
...
006 (9061316.000.000) 11/11 13:12:20 Image size of job updated: 1430136
	352  -  MemoryUsage of job (MB)
	359428  -  ResidentSetSize of job (KB)
...
006 (9061316.000.000) 11/11 13:17:21 Image size of job updated: 1434304
	352  -  MemoryUsage of job (MB)
	359428  -  ResidentSetSize of job (KB)
...
006 (9061316.000.000) 11/11 13:22:21 Image size of job updated: 1439636
	372  -  MemoryUsage of job (MB)
	380900  -  ResidentSetSize of job (KB)
...
006 (9061316.000.000) 11/11 13:23:27 Image size of job updated: 1440632
	372  -  MemoryUsage of job (MB)
	380900  -  ResidentSetSize of job (KB)
...
040 (9061316.000.000) 11/11 13:23:27 Started transferring output files
...
040 (9061316.000.000) 11/11 13:23:27 Finished transferring output files
...
005 (9061316.000.000) 11/11 13:23:27 Job terminated.
	(1) Normal termination (return value 0)
		Usr 0 00:24:41, Sys 0 00:40:09  -  Run Remote Usage
		Usr 0 00:00:00, Sys 0 00:00:00  -  Run Local Usage
		Usr 0 00:24:41, Sys 0 00:40:09  -  Total Remote Usage
		Usr 0 00:00:00, Sys 0 00:00:00  -  Total Local Usage
	4774  -  Run Bytes Sent By Job
	11511  -  Run Bytes Received By Job
	4774  -  Total Bytes Sent By Job
	11511  -  Total Bytes Received By Job
	Partitionable Resources :    Usage  Request Allocated 
	   Cpus                 :     0.98        1         1 
	   Disk (KB)            :    37          12   1274000 
	   Memory (MB)          :   372        2000      2000 

	Job terminated of its own accord at 2023-11-11T12:23:27Z.
...
