000 (9065279.000.000) 11/12 11:20:59 Job submitted from host: <188.184.90.62:9618?addrs=188.184.90.62-9618+[2001-1458-201-e4--100-238]-9618&alias=bigbird16.cern.ch&noUDP&sock=schedd_4073970_23e3>
...
009 (9065279.000.000) 11/12 11:23:16 Job was aborted.
	via condor_rm (by user lfavilla)
...
000 (9065284.000.000) 11/12 11:23:38 Job submitted from host: <188.184.90.62:9618?addrs=188.184.90.62-9618+[2001-1458-201-e4--100-238]-9618&alias=bigbird16.cern.ch&noUDP&sock=schedd_4073970_23e3>
...
040 (9065284.000.000) 11/12 11:36:50 Started transferring input files
	Transferring to host: <128.142.57.96:9618?addrs=128.142.57.96-9618+[2001-1458-301-7--100-5f]-9618&alias=b7s02p8490.cern.ch&noUDP&sock=slot1_12_4551_5752_258230>
...
040 (9065284.000.000) 11/12 11:36:50 Finished transferring input files
...
001 (9065284.000.000) 11/12 11:36:51 Job executing on host: <128.142.57.96:9618?addrs=128.142.57.96-9618+[2001-1458-301-7--100-5f]-9618&alias=b7s02p8490.cern.ch&noUDP&sock=startd_3208_ffe8>
...
006 (9065284.000.000) 11/12 11:37:00 Image size of job updated: 299620
	148  -  MemoryUsage of job (MB)
	150712  -  ResidentSetSize of job (KB)
...
006 (9065284.000.000) 11/12 11:37:07 Image size of job updated: 851720
	148  -  MemoryUsage of job (MB)
	150804  -  ResidentSetSize of job (KB)
...
040 (9065284.000.000) 11/12 11:37:07 Started transferring output files
...
040 (9065284.000.000) 11/12 11:37:07 Finished transferring output files
...
005 (9065284.000.000) 11/12 11:37:07 Job terminated.
	(1) Normal termination (return value 0)
		Usr 0 00:00:04, Sys 0 00:00:01  -  Run Remote Usage
		Usr 0 00:00:00, Sys 0 00:00:00  -  Run Local Usage
		Usr 0 00:00:04, Sys 0 00:00:01  -  Total Remote Usage
		Usr 0 00:00:00, Sys 0 00:00:00  -  Total Local Usage
	4779  -  Run Bytes Sent By Job
	10967  -  Run Bytes Received By Job
	4779  -  Total Bytes Sent By Job
	10967  -  Total Bytes Received By Job
	Partitionable Resources :    Usage  Request Allocated 
	   Cpus                 :                 1         1 
	   Disk (KB)            :       30       12   1212979 
	   Memory (MB)          :      148     2000      2000 

	Job terminated of its own accord at 2023-11-12T10:37:07Z.
...
