000 (9061352.000.000) 11/11 12:15:45 Job submitted from host: <188.184.90.62:9618?addrs=188.184.90.62-9618+[2001-1458-201-e4--100-238]-9618&alias=bigbird16.cern.ch&noUDP&sock=schedd_4073970_23e3>
...
040 (9061352.000.000) 11/11 12:17:09 Started transferring input files
	Transferring to host: <128.142.56.43:9618?addrs=128.142.56.43-9618+[2001-1458-301-6--100-2a]-9618&alias=b7s01p9459.cern.ch&noUDP&sock=slot1_6_4210_1364_36751>
...
040 (9061352.000.000) 11/11 12:17:09 Finished transferring input files
...
001 (9061352.000.000) 11/11 12:17:10 Job executing on host: <128.142.56.43:9618?addrs=128.142.56.43-9618+[2001-1458-301-6--100-2a]-9618&alias=b7s01p9459.cern.ch&noUDP&sock=startd_2877_f60f>
...
006 (9061352.000.000) 11/11 12:17:19 Image size of job updated: 311604
	159  -  MemoryUsage of job (MB)
	162236  -  ResidentSetSize of job (KB)
...
006 (9061352.000.000) 11/11 12:22:20 Image size of job updated: 1324400
	264  -  MemoryUsage of job (MB)
	269904  -  ResidentSetSize of job (KB)
...
006 (9061352.000.000) 11/11 12:25:27 Image size of job updated: 1373368
	264  -  MemoryUsage of job (MB)
	269908  -  ResidentSetSize of job (KB)
...
040 (9061352.000.000) 11/11 12:25:27 Started transferring output files
...
040 (9061352.000.000) 11/11 12:25:27 Finished transferring output files
...
005 (9061352.000.000) 11/11 12:25:27 Job terminated.
	(1) Normal termination (return value 0)
		Usr 0 00:06:52, Sys 0 00:00:38  -  Run Remote Usage
		Usr 0 00:00:00, Sys 0 00:00:00  -  Run Local Usage
		Usr 0 00:06:52, Sys 0 00:00:38  -  Total Remote Usage
		Usr 0 00:00:00, Sys 0 00:00:00  -  Total Local Usage
	4779  -  Run Bytes Sent By Job
	11536  -  Run Bytes Received By Job
	4779  -  Total Bytes Sent By Job
	11536  -  Total Bytes Received By Job
	Partitionable Resources :    Usage  Request Allocated 
	   Cpus                 :     0.93        1         1 
	   Disk (KB)            :    38          12   2998635 
	   Memory (MB)          :   264        2000      2000 

	Job terminated of its own accord at 2023-11-11T11:25:27Z.
...
