000 (9061355.000.000) 11/11 12:15:50 Job submitted from host: <188.184.90.62:9618?addrs=188.184.90.62-9618+[2001-1458-201-e4--100-238]-9618&alias=bigbird16.cern.ch&noUDP&sock=schedd_4073970_23e3>
...
040 (9061355.000.000) 11/11 12:17:10 Started transferring input files
	Transferring to host: <128.142.56.51:9618?addrs=128.142.56.51-9618+[2001-1458-301-6--100-32]-9618&alias=b7s01p7509.cern.ch&noUDP&sock=slot1_8_3506_0b48_251803>
...
040 (9061355.000.000) 11/11 12:17:10 Finished transferring input files
...
001 (9061355.000.000) 11/11 12:17:11 Job executing on host: <128.142.56.51:9618?addrs=128.142.56.51-9618+[2001-1458-301-6--100-32]-9618&alias=b7s01p7509.cern.ch&noUDP&sock=startd_2851_2099>
...
006 (9061355.000.000) 11/11 12:17:20 Image size of job updated: 127712
	44  -  MemoryUsage of job (MB)
	44692  -  ResidentSetSize of job (KB)
...
006 (9061355.000.000) 11/11 12:22:21 Image size of job updated: 1322892
	247  -  MemoryUsage of job (MB)
	252064  -  ResidentSetSize of job (KB)
...
006 (9061355.000.000) 11/11 12:27:21 Image size of job updated: 1364096
	298  -  MemoryUsage of job (MB)
	304144  -  ResidentSetSize of job (KB)
...
006 (9061355.000.000) 11/11 12:32:21 Image size of job updated: 1373456
	298  -  MemoryUsage of job (MB)
	304144  -  ResidentSetSize of job (KB)
...
006 (9061355.000.000) 11/11 12:37:22 Image size of job updated: 1382392
	308  -  MemoryUsage of job (MB)
	314840  -  ResidentSetSize of job (KB)
...
006 (9061355.000.000) 11/11 12:42:23 Image size of job updated: 1390932
	308  -  MemoryUsage of job (MB)
	314840  -  ResidentSetSize of job (KB)
...
006 (9061355.000.000) 11/11 12:47:23 Image size of job updated: 1398888
	333  -  MemoryUsage of job (MB)
	340832  -  ResidentSetSize of job (KB)
...
006 (9061355.000.000) 11/11 12:52:24 Image size of job updated: 1406356
	341  -  MemoryUsage of job (MB)
	348256  -  ResidentSetSize of job (KB)
...
006 (9061355.000.000) 11/11 12:57:25 Image size of job updated: 1413568
	341  -  MemoryUsage of job (MB)
	348256  -  ResidentSetSize of job (KB)
...
006 (9061355.000.000) 11/11 13:02:25 Image size of job updated: 1422824
	341  -  MemoryUsage of job (MB)
	348256  -  ResidentSetSize of job (KB)
...
006 (9061355.000.000) 11/11 13:07:25 Image size of job updated: 1428608
	353  -  MemoryUsage of job (MB)
	361084  -  ResidentSetSize of job (KB)
...
006 (9061355.000.000) 11/11 13:12:26 Image size of job updated: 1434016
	353  -  MemoryUsage of job (MB)
	361084  -  ResidentSetSize of job (KB)
...
006 (9061355.000.000) 11/11 13:17:27 Image size of job updated: 1440188
	374  -  MemoryUsage of job (MB)
	382972  -  ResidentSetSize of job (KB)
...
006 (9061355.000.000) 11/11 13:22:27 Image size of job updated: 1446436
	374  -  MemoryUsage of job (MB)
	382972  -  ResidentSetSize of job (KB)
...
006 (9061355.000.000) 11/11 13:27:27 Image size of job updated: 1452276
	374  -  MemoryUsage of job (MB)
	382972  -  ResidentSetSize of job (KB)
...
006 (9061355.000.000) 11/11 13:32:28 Image size of job updated: 1458208
	374  -  MemoryUsage of job (MB)
	382972  -  ResidentSetSize of job (KB)
...
006 (9061355.000.000) 11/11 13:37:29 Image size of job updated: 1463732
	374  -  MemoryUsage of job (MB)
	382972  -  ResidentSetSize of job (KB)
...
006 (9061355.000.000) 11/11 13:42:29 Image size of job updated: 1469176
	402  -  MemoryUsage of job (MB)
	411548  -  ResidentSetSize of job (KB)
...
006 (9061355.000.000) 11/11 13:47:29 Image size of job updated: 1474240
	402  -  MemoryUsage of job (MB)
	411548  -  ResidentSetSize of job (KB)
...
006 (9061355.000.000) 11/11 13:52:30 Image size of job updated: 1474676
	402  -  MemoryUsage of job (MB)
	411548  -  ResidentSetSize of job (KB)
...
006 (9061355.000.000) 11/11 14:27:33 Image size of job updated: 1474768
	402  -  MemoryUsage of job (MB)
	411548  -  ResidentSetSize of job (KB)
...
006 (9061355.000.000) 11/11 14:32:34 Image size of job updated: 1477408
	402  -  MemoryUsage of job (MB)
	411548  -  ResidentSetSize of job (KB)
...
006 (9061355.000.000) 11/11 14:37:34 Image size of job updated: 1481852
	402  -  MemoryUsage of job (MB)
	411548  -  ResidentSetSize of job (KB)
...
006 (9061355.000.000) 11/11 14:42:34 Image size of job updated: 1484392
	410  -  MemoryUsage of job (MB)
	419828  -  ResidentSetSize of job (KB)
...
006 (9061355.000.000) 11/11 14:47:35 Image size of job updated: 1486684
	414  -  MemoryUsage of job (MB)
	422948  -  ResidentSetSize of job (KB)
...
006 (9061355.000.000) 11/11 14:52:36 Image size of job updated: 1489304
	414  -  MemoryUsage of job (MB)
	422948  -  ResidentSetSize of job (KB)
...
006 (9061355.000.000) 11/11 14:57:36 Image size of job updated: 1491952
	414  -  MemoryUsage of job (MB)
	422948  -  ResidentSetSize of job (KB)
...
006 (9061355.000.000) 11/11 15:02:36 Image size of job updated: 1494444
	422  -  MemoryUsage of job (MB)
	431264  -  ResidentSetSize of job (KB)
...
006 (9061355.000.000) 11/11 15:07:37 Image size of job updated: 1496832
	422  -  MemoryUsage of job (MB)
	431264  -  ResidentSetSize of job (KB)
...
006 (9061355.000.000) 11/11 15:12:38 Image size of job updated: 1499224
	422  -  MemoryUsage of job (MB)
	431264  -  ResidentSetSize of job (KB)
...
006 (9061355.000.000) 11/11 15:17:39 Image size of job updated: 1501452
	422  -  MemoryUsage of job (MB)
	431264  -  ResidentSetSize of job (KB)
...
006 (9061355.000.000) 11/11 15:22:39 Image size of job updated: 1503932
	427  -  MemoryUsage of job (MB)
	436468  -  ResidentSetSize of job (KB)
...
006 (9061355.000.000) 11/11 15:27:39 Image size of job updated: 1506152
	427  -  MemoryUsage of job (MB)
	436468  -  ResidentSetSize of job (KB)
...
006 (9061355.000.000) 11/11 15:32:40 Image size of job updated: 1508204
	427  -  MemoryUsage of job (MB)
	436468  -  ResidentSetSize of job (KB)
...
006 (9061355.000.000) 11/11 15:37:41 Image size of job updated: 1510364
	427  -  MemoryUsage of job (MB)
	436468  -  ResidentSetSize of job (KB)
...
006 (9061355.000.000) 11/11 15:42:41 Image size of job updated: 1512644
	429  -  MemoryUsage of job (MB)
	438372  -  ResidentSetSize of job (KB)
...
006 (9061355.000.000) 11/11 15:47:41 Image size of job updated: 1514772
	436  -  MemoryUsage of job (MB)
	445728  -  ResidentSetSize of job (KB)
...
006 (9061355.000.000) 11/11 15:52:42 Image size of job updated: 1516904
	439  -  MemoryUsage of job (MB)
	448676  -  ResidentSetSize of job (KB)
...
006 (9061355.000.000) 11/11 15:57:42 Image size of job updated: 1519004
	446  -  MemoryUsage of job (MB)
	456080  -  ResidentSetSize of job (KB)
...
006 (9061355.000.000) 11/11 16:02:42 Image size of job updated: 1521092
	446  -  MemoryUsage of job (MB)
	456080  -  ResidentSetSize of job (KB)
...
006 (9061355.000.000) 11/11 16:07:43 Image size of job updated: 1523052
	446  -  MemoryUsage of job (MB)
	456080  -  ResidentSetSize of job (KB)
...
006 (9061355.000.000) 11/11 16:12:44 Image size of job updated: 1538208
	446  -  MemoryUsage of job (MB)
	456080  -  ResidentSetSize of job (KB)
...
006 (9061355.000.000) 11/11 16:17:44 Image size of job updated: 1540236
	446  -  MemoryUsage of job (MB)
	456080  -  ResidentSetSize of job (KB)
...
006 (9061355.000.000) 11/11 16:22:44 Image size of job updated: 1542176
	446  -  MemoryUsage of job (MB)
	456080  -  ResidentSetSize of job (KB)
...
006 (9061355.000.000) 11/11 16:27:45 Image size of job updated: 1543916
	446  -  MemoryUsage of job (MB)
	456080  -  ResidentSetSize of job (KB)
...
006 (9061355.000.000) 11/11 16:32:46 Image size of job updated: 1545668
	446  -  MemoryUsage of job (MB)
	456080  -  ResidentSetSize of job (KB)
...
006 (9061355.000.000) 11/11 16:37:46 Image size of job updated: 1547276
	446  -  MemoryUsage of job (MB)
	456080  -  ResidentSetSize of job (KB)
...
006 (9061355.000.000) 11/11 16:42:46 Image size of job updated: 1549056
	446  -  MemoryUsage of job (MB)
	456080  -  ResidentSetSize of job (KB)
...
006 (9061355.000.000) 11/11 16:47:47 Image size of job updated: 1550956
	446  -  MemoryUsage of job (MB)
	456080  -  ResidentSetSize of job (KB)
...
006 (9061355.000.000) 11/11 16:52:48 Image size of job updated: 1552656
	459  -  MemoryUsage of job (MB)
	469176  -  ResidentSetSize of job (KB)
...
006 (9061355.000.000) 11/11 16:57:48 Image size of job updated: 1554480
	465  -  MemoryUsage of job (MB)
	475712  -  ResidentSetSize of job (KB)
...
006 (9061355.000.000) 11/11 17:02:48 Image size of job updated: 1556188
	481  -  MemoryUsage of job (MB)
	492456  -  ResidentSetSize of job (KB)
...
006 (9061355.000.000) 11/11 17:07:49 Image size of job updated: 1562880
	481  -  MemoryUsage of job (MB)
	492456  -  ResidentSetSize of job (KB)
...
006 (9061355.000.000) 11/11 17:12:49 Image size of job updated: 1564660
	481  -  MemoryUsage of job (MB)
	492456  -  ResidentSetSize of job (KB)
...
006 (9061355.000.000) 11/11 17:17:49 Image size of job updated: 1566600
	481  -  MemoryUsage of job (MB)
	492456  -  ResidentSetSize of job (KB)
...
006 (9061355.000.000) 11/11 17:22:50 Image size of job updated: 1568352
	481  -  MemoryUsage of job (MB)
	492456  -  ResidentSetSize of job (KB)
...
006 (9061355.000.000) 11/11 17:27:51 Image size of job updated: 1569952
	481  -  MemoryUsage of job (MB)
	492456  -  ResidentSetSize of job (KB)
...
006 (9061355.000.000) 11/11 17:32:51 Image size of job updated: 1571680
	481  -  MemoryUsage of job (MB)
	492456  -  ResidentSetSize of job (KB)
...
006 (9061355.000.000) 11/11 17:37:51 Image size of job updated: 1573132
	504  -  MemoryUsage of job (MB)
	515224  -  ResidentSetSize of job (KB)
...
006 (9061355.000.000) 11/11 17:42:52 Image size of job updated: 1574872
	504  -  MemoryUsage of job (MB)
	515224  -  ResidentSetSize of job (KB)
...
006 (9061355.000.000) 11/11 17:47:53 Image size of job updated: 1576400
	504  -  MemoryUsage of job (MB)
	515224  -  ResidentSetSize of job (KB)
...
006 (9061355.000.000) 11/11 17:48:42 Image size of job updated: 1791416
	504  -  MemoryUsage of job (MB)
	515224  -  ResidentSetSize of job (KB)
...
040 (9061355.000.000) 11/11 17:48:42 Started transferring output files
...
040 (9061355.000.000) 11/11 17:48:42 Finished transferring output files
...
005 (9061355.000.000) 11/11 17:48:42 Job terminated.
	(1) Normal termination (return value 0)
		Usr 0 01:17:20, Sys 0 04:09:37  -  Run Remote Usage
		Usr 0 00:00:00, Sys 0 00:00:00  -  Run Local Usage
		Usr 0 01:17:20, Sys 0 04:09:37  -  Total Remote Usage
		Usr 0 00:00:00, Sys 0 00:00:00  -  Total Local Usage
	4780  -  Run Bytes Sent By Job
	11540  -  Run Bytes Received By Job
	4780  -  Total Bytes Sent By Job
	11540  -  Total Bytes Received By Job
	Partitionable Resources :    Usage  Request Allocated 
	   Cpus                 :     1.00        1         1 
	   Disk (KB)            :    38          12   1364183 
	   Memory (MB)          :   504        2000      2000 

	Job terminated of its own accord at 2023-11-11T16:48:42Z.
...
