000 (9061332.000.000) 11/11 12:15:28 Job submitted from host: <188.184.90.62:9618?addrs=188.184.90.62-9618+[2001-1458-201-e4--100-238]-9618&alias=bigbird16.cern.ch&noUDP&sock=schedd_4073970_23e3>
...
040 (9061332.000.000) 11/11 12:17:06 Started transferring input files
	Transferring to host: <128.142.58.175:9618?addrs=128.142.58.175-9618+[2001-1458-301-16--100-ae]-9618&alias=b7s03p3472.cern.ch&noUDP&sock=slot1_20_3687_932f_90903>
...
040 (9061332.000.000) 11/11 12:17:06 Finished transferring input files
...
001 (9061332.000.000) 11/11 12:17:07 Job executing on host: <128.142.58.175:9618?addrs=128.142.58.175-9618+[2001-1458-301-16--100-ae]-9618&alias=b7s03p3472.cern.ch&noUDP&sock=startd_2748_7a58>
...
006 (9061332.000.000) 11/11 12:17:16 Image size of job updated: 577916
	5  -  MemoryUsage of job (MB)
	4884  -  ResidentSetSize of job (KB)
...
006 (9061332.000.000) 11/11 12:20:59 Image size of job updated: 1309304
	5  -  MemoryUsage of job (MB)
	4884  -  ResidentSetSize of job (KB)
...
040 (9061332.000.000) 11/11 12:20:59 Started transferring output files
...
040 (9061332.000.000) 11/11 12:20:59 Finished transferring output files
...
005 (9061332.000.000) 11/11 12:20:59 Job terminated.
	(1) Normal termination (return value 0)
		Usr 0 00:02:37, Sys 0 00:00:14  -  Run Remote Usage
		Usr 0 00:00:00, Sys 0 00:00:00  -  Run Local Usage
		Usr 0 00:02:37, Sys 0 00:00:14  -  Total Remote Usage
		Usr 0 00:00:00, Sys 0 00:00:00  -  Total Local Usage
	4786  -  Run Bytes Sent By Job
	11558  -  Run Bytes Received By Job
	4786  -  Total Bytes Sent By Job
	11558  -  Total Bytes Received By Job
	Partitionable Resources :    Usage  Request Allocated 
	   Cpus                 :     0.67        1         1 
	   Disk (KB)            :    38          12   1299434 
	   Memory (MB)          :     5        2000      2000 

	Job terminated of its own accord at 2023-11-11T11:20:59Z.
...
