000 (9061337.000.000) 11/11 12:15:31 Job submitted from host: <188.184.90.62:9618?addrs=188.184.90.62-9618+[2001-1458-201-e4--100-238]-9618&alias=bigbird16.cern.ch&noUDP&sock=schedd_4073970_23e3>
...
040 (9061337.000.000) 11/11 12:17:07 Started transferring input files
	Transferring to host: <128.142.60.130:9618?addrs=128.142.60.130-9618&alias=b7s05p6831.cern.ch&noUDP&sock=slot1_5_4192_64a4_42712>
...
040 (9061337.000.000) 11/11 12:17:07 Finished transferring input files
...
001 (9061337.000.000) 11/11 12:17:08 Job executing on host: <128.142.60.130:9618?addrs=128.142.60.130-9618&alias=b7s05p6831.cern.ch&noUDP&sock=startd_2874_e747>
...
006 (9061337.000.000) 11/11 12:17:17 Image size of job updated: 277376
	130  -  MemoryUsage of job (MB)
	132172  -  ResidentSetSize of job (KB)
...
006 (9061337.000.000) 11/11 12:22:18 Image size of job updated: 1330100
	270  -  MemoryUsage of job (MB)
	275468  -  ResidentSetSize of job (KB)
...
006 (9061337.000.000) 11/11 12:27:18 Image size of job updated: 1365640
	271  -  MemoryUsage of job (MB)
	276632  -  ResidentSetSize of job (KB)
...
006 (9061337.000.000) 11/11 12:32:18 Image size of job updated: 1375752
	277  -  MemoryUsage of job (MB)
	283320  -  ResidentSetSize of job (KB)
...
006 (9061337.000.000) 11/11 12:37:19 Image size of job updated: 1384708
	287  -  MemoryUsage of job (MB)
	293296  -  ResidentSetSize of job (KB)
...
006 (9061337.000.000) 11/11 12:42:20 Image size of job updated: 1392556
	315  -  MemoryUsage of job (MB)
	321736  -  ResidentSetSize of job (KB)
...
006 (9061337.000.000) 11/11 12:47:20 Image size of job updated: 1400860
	320  -  MemoryUsage of job (MB)
	327192  -  ResidentSetSize of job (KB)
...
006 (9061337.000.000) 11/11 12:52:20 Image size of job updated: 1408540
	326  -  MemoryUsage of job (MB)
	332936  -  ResidentSetSize of job (KB)
...
006 (9061337.000.000) 11/11 12:57:21 Image size of job updated: 1415532
	346  -  MemoryUsage of job (MB)
	353652  -  ResidentSetSize of job (KB)
...
006 (9061337.000.000) 11/11 13:02:22 Image size of job updated: 1421964
	351  -  MemoryUsage of job (MB)
	359112  -  ResidentSetSize of job (KB)
...
006 (9061337.000.000) 11/11 13:07:22 Image size of job updated: 1428236
	359  -  MemoryUsage of job (MB)
	367460  -  ResidentSetSize of job (KB)
...
006 (9061337.000.000) 11/11 13:12:22 Image size of job updated: 1434280
	359  -  MemoryUsage of job (MB)
	367460  -  ResidentSetSize of job (KB)
...
006 (9061337.000.000) 11/11 13:17:23 Image size of job updated: 1440064
	359  -  MemoryUsage of job (MB)
	367460  -  ResidentSetSize of job (KB)
...
006 (9061337.000.000) 11/11 13:22:23 Image size of job updated: 1445152
	359  -  MemoryUsage of job (MB)
	367460  -  ResidentSetSize of job (KB)
...
006 (9061337.000.000) 11/11 13:27:23 Image size of job updated: 1451196
	359  -  MemoryUsage of job (MB)
	367460  -  ResidentSetSize of job (KB)
...
006 (9061337.000.000) 11/11 13:32:24 Image size of job updated: 1456544
	388  -  MemoryUsage of job (MB)
	397208  -  ResidentSetSize of job (KB)
...
006 (9061337.000.000) 11/11 13:37:25 Image size of job updated: 1461412
	388  -  MemoryUsage of job (MB)
	397208  -  ResidentSetSize of job (KB)
...
006 (9061337.000.000) 11/11 13:42:25 Image size of job updated: 1466528
	388  -  MemoryUsage of job (MB)
	397208  -  ResidentSetSize of job (KB)
...
006 (9061337.000.000) 11/11 13:47:25 Image size of job updated: 1471888
	402  -  MemoryUsage of job (MB)
	411364  -  ResidentSetSize of job (KB)
...
006 (9061337.000.000) 11/11 13:52:26 Image size of job updated: 1476312
	402  -  MemoryUsage of job (MB)
	411364  -  ResidentSetSize of job (KB)
...
006 (9061337.000.000) 11/11 14:42:31 Image size of job updated: 1476312
	404  -  MemoryUsage of job (MB)
	413344  -  ResidentSetSize of job (KB)
...
006 (9061337.000.000) 11/11 14:47:32 Image size of job updated: 1478276
	404  -  MemoryUsage of job (MB)
	413344  -  ResidentSetSize of job (KB)
...
006 (9061337.000.000) 11/11 14:52:33 Image size of job updated: 1480476
	404  -  MemoryUsage of job (MB)
	413344  -  ResidentSetSize of job (KB)
...
006 (9061337.000.000) 11/11 14:57:33 Image size of job updated: 1482648
	416  -  MemoryUsage of job (MB)
	425888  -  ResidentSetSize of job (KB)
...
006 (9061337.000.000) 11/11 15:02:33 Image size of job updated: 1484708
	416  -  MemoryUsage of job (MB)
	425888  -  ResidentSetSize of job (KB)
...
006 (9061337.000.000) 11/11 15:07:34 Image size of job updated: 1486656
	416  -  MemoryUsage of job (MB)
	425888  -  ResidentSetSize of job (KB)
...
006 (9061337.000.000) 11/11 15:12:34 Image size of job updated: 1488440
	416  -  MemoryUsage of job (MB)
	425888  -  ResidentSetSize of job (KB)
...
006 (9061337.000.000) 11/11 15:17:34 Image size of job updated: 1490348
	416  -  MemoryUsage of job (MB)
	425888  -  ResidentSetSize of job (KB)
...
006 (9061337.000.000) 11/11 15:22:35 Image size of job updated: 1492236
	416  -  MemoryUsage of job (MB)
	425888  -  ResidentSetSize of job (KB)
...
006 (9061337.000.000) 11/11 15:27:36 Image size of job updated: 1494348
	416  -  MemoryUsage of job (MB)
	425888  -  ResidentSetSize of job (KB)
...
006 (9061337.000.000) 11/11 15:32:36 Image size of job updated: 1496168
	416  -  MemoryUsage of job (MB)
	425888  -  ResidentSetSize of job (KB)
...
006 (9061337.000.000) 11/11 15:37:36 Image size of job updated: 1498088
	416  -  MemoryUsage of job (MB)
	425888  -  ResidentSetSize of job (KB)
...
006 (9061337.000.000) 11/11 15:42:37 Image size of job updated: 1500068
	416  -  MemoryUsage of job (MB)
	425888  -  ResidentSetSize of job (KB)
...
006 (9061337.000.000) 11/11 15:47:38 Image size of job updated: 1501676
	416  -  MemoryUsage of job (MB)
	425888  -  ResidentSetSize of job (KB)
...
006 (9061337.000.000) 11/11 15:52:38 Image size of job updated: 1503460
	416  -  MemoryUsage of job (MB)
	425888  -  ResidentSetSize of job (KB)
...
006 (9061337.000.000) 11/11 15:57:38 Image size of job updated: 1505496
	416  -  MemoryUsage of job (MB)
	425888  -  ResidentSetSize of job (KB)
...
006 (9061337.000.000) 11/11 16:02:40 Image size of job updated: 1507224
	416  -  MemoryUsage of job (MB)
	425888  -  ResidentSetSize of job (KB)
...
006 (9061337.000.000) 11/11 16:07:40 Image size of job updated: 1509212
	416  -  MemoryUsage of job (MB)
	425888  -  ResidentSetSize of job (KB)
...
006 (9061337.000.000) 11/11 16:12:40 Image size of job updated: 1511156
	422  -  MemoryUsage of job (MB)
	431692  -  ResidentSetSize of job (KB)
...
006 (9061337.000.000) 11/11 16:17:41 Image size of job updated: 1513292
	422  -  MemoryUsage of job (MB)
	431692  -  ResidentSetSize of job (KB)
...
006 (9061337.000.000) 11/11 16:22:42 Image size of job updated: 1515228
	422  -  MemoryUsage of job (MB)
	431692  -  ResidentSetSize of job (KB)
...
006 (9061337.000.000) 11/11 16:27:42 Image size of job updated: 1517212
	422  -  MemoryUsage of job (MB)
	431692  -  ResidentSetSize of job (KB)
...
006 (9061337.000.000) 11/11 16:32:42 Image size of job updated: 1519144
	422  -  MemoryUsage of job (MB)
	431692  -  ResidentSetSize of job (KB)
...
006 (9061337.000.000) 11/11 16:37:43 Image size of job updated: 1521068
	445  -  MemoryUsage of job (MB)
	455308  -  ResidentSetSize of job (KB)
...
006 (9061337.000.000) 11/11 16:42:44 Image size of job updated: 1523012
	445  -  MemoryUsage of job (MB)
	455308  -  ResidentSetSize of job (KB)
...
006 (9061337.000.000) 11/11 16:47:44 Image size of job updated: 1524936
	445  -  MemoryUsage of job (MB)
	455308  -  ResidentSetSize of job (KB)
...
006 (9061337.000.000) 11/11 16:52:45 Image size of job updated: 1526832
	452  -  MemoryUsage of job (MB)
	462480  -  ResidentSetSize of job (KB)
...
006 (9061337.000.000) 11/11 16:57:46 Image size of job updated: 1528968
	457  -  MemoryUsage of job (MB)
	467352  -  ResidentSetSize of job (KB)
...
006 (9061337.000.000) 11/11 17:02:46 Image size of job updated: 1530840
	457  -  MemoryUsage of job (MB)
	467352  -  ResidentSetSize of job (KB)
...
006 (9061337.000.000) 11/11 17:07:46 Image size of job updated: 1532596
	457  -  MemoryUsage of job (MB)
	467352  -  ResidentSetSize of job (KB)
...
006 (9061337.000.000) 11/11 17:12:47 Image size of job updated: 1534468
	457  -  MemoryUsage of job (MB)
	467352  -  ResidentSetSize of job (KB)
...
006 (9061337.000.000) 11/11 17:17:48 Image size of job updated: 1536404
	457  -  MemoryUsage of job (MB)
	467352  -  ResidentSetSize of job (KB)
...
006 (9061337.000.000) 11/11 17:22:48 Image size of job updated: 1538156
	457  -  MemoryUsage of job (MB)
	467352  -  ResidentSetSize of job (KB)
...
006 (9061337.000.000) 11/11 17:27:49 Image size of job updated: 1540052
	469  -  MemoryUsage of job (MB)
	480168  -  ResidentSetSize of job (KB)
...
006 (9061337.000.000) 11/11 17:32:50 Image size of job updated: 1541592
	469  -  MemoryUsage of job (MB)
	480168  -  ResidentSetSize of job (KB)
...
006 (9061337.000.000) 11/11 17:37:50 Image size of job updated: 1543528
	469  -  MemoryUsage of job (MB)
	480168  -  ResidentSetSize of job (KB)
...
006 (9061337.000.000) 11/11 17:42:50 Image size of job updated: 1545372
	478  -  MemoryUsage of job (MB)
	488516  -  ResidentSetSize of job (KB)
...
006 (9061337.000.000) 11/11 17:47:51 Image size of job updated: 1547204
	478  -  MemoryUsage of job (MB)
	488516  -  ResidentSetSize of job (KB)
...
006 (9061337.000.000) 11/11 17:52:52 Image size of job updated: 1549000
	478  -  MemoryUsage of job (MB)
	488516  -  ResidentSetSize of job (KB)
...
006 (9061337.000.000) 11/11 17:57:52 Image size of job updated: 1550812
	478  -  MemoryUsage of job (MB)
	488516  -  ResidentSetSize of job (KB)
...
006 (9061337.000.000) 11/11 18:02:52 Image size of job updated: 1552964
	478  -  MemoryUsage of job (MB)
	488516  -  ResidentSetSize of job (KB)
...
006 (9061337.000.000) 11/11 18:07:53 Image size of job updated: 1554772
	478  -  MemoryUsage of job (MB)
	488516  -  ResidentSetSize of job (KB)
...
006 (9061337.000.000) 11/11 18:12:54 Image size of job updated: 1556436
	478  -  MemoryUsage of job (MB)
	488516  -  ResidentSetSize of job (KB)
...
006 (9061337.000.000) 11/11 18:17:54 Image size of job updated: 1558208
	478  -  MemoryUsage of job (MB)
	488516  -  ResidentSetSize of job (KB)
...
006 (9061337.000.000) 11/11 18:22:54 Image size of job updated: 1559964
	478  -  MemoryUsage of job (MB)
	488516  -  ResidentSetSize of job (KB)
...
006 (9061337.000.000) 11/11 18:27:56 Image size of job updated: 1561676
	478  -  MemoryUsage of job (MB)
	488516  -  ResidentSetSize of job (KB)
...
006 (9061337.000.000) 11/11 18:32:56 Image size of job updated: 1563520
	478  -  MemoryUsage of job (MB)
	488516  -  ResidentSetSize of job (KB)
...
006 (9061337.000.000) 11/11 18:37:56 Image size of job updated: 1565264
	478  -  MemoryUsage of job (MB)
	488516  -  ResidentSetSize of job (KB)
...
006 (9061337.000.000) 11/11 18:42:57 Image size of job updated: 1567028
	478  -  MemoryUsage of job (MB)
	489140  -  ResidentSetSize of job (KB)
...
006 (9061337.000.000) 11/11 18:47:58 Image size of job updated: 1568620
	485  -  MemoryUsage of job (MB)
	496296  -  ResidentSetSize of job (KB)
...
006 (9061337.000.000) 11/11 18:52:58 Image size of job updated: 1570376
	485  -  MemoryUsage of job (MB)
	496296  -  ResidentSetSize of job (KB)
...
006 (9061337.000.000) 11/11 18:57:58 Image size of job updated: 1572140
	485  -  MemoryUsage of job (MB)
	496296  -  ResidentSetSize of job (KB)
...
006 (9061337.000.000) 11/11 19:02:59 Image size of job updated: 1573764
	485  -  MemoryUsage of job (MB)
	496296  -  ResidentSetSize of job (KB)
...
006 (9061337.000.000) 11/11 19:08:00 Image size of job updated: 1575728
	487  -  MemoryUsage of job (MB)
	498636  -  ResidentSetSize of job (KB)
...
006 (9061337.000.000) 11/11 19:13:00 Image size of job updated: 1577592
	493  -  MemoryUsage of job (MB)
	504408  -  ResidentSetSize of job (KB)
...
006 (9061337.000.000) 11/11 19:18:01 Image size of job updated: 1579384
	493  -  MemoryUsage of job (MB)
	504408  -  ResidentSetSize of job (KB)
...
006 (9061337.000.000) 11/11 19:23:02 Image size of job updated: 1581288
	493  -  MemoryUsage of job (MB)
	504408  -  ResidentSetSize of job (KB)
...
006 (9061337.000.000) 11/11 19:28:02 Image size of job updated: 1583164
	493  -  MemoryUsage of job (MB)
	504408  -  ResidentSetSize of job (KB)
...
006 (9061337.000.000) 11/11 19:33:02 Image size of job updated: 1585028
	493  -  MemoryUsage of job (MB)
	504408  -  ResidentSetSize of job (KB)
...
006 (9061337.000.000) 11/11 19:38:03 Image size of job updated: 1586760
	493  -  MemoryUsage of job (MB)
	504408  -  ResidentSetSize of job (KB)
...
006 (9061337.000.000) 11/11 19:43:04 Image size of job updated: 1588684
	493  -  MemoryUsage of job (MB)
	504408  -  ResidentSetSize of job (KB)
...
006 (9061337.000.000) 11/11 19:48:04 Image size of job updated: 1590560
	493  -  MemoryUsage of job (MB)
	504408  -  ResidentSetSize of job (KB)
...
006 (9061337.000.000) 11/11 19:53:04 Image size of job updated: 1592372
	493  -  MemoryUsage of job (MB)
	504408  -  ResidentSetSize of job (KB)
...
006 (9061337.000.000) 11/11 19:58:05 Image size of job updated: 1594088
	493  -  MemoryUsage of job (MB)
	504408  -  ResidentSetSize of job (KB)
...
006 (9061337.000.000) 11/11 20:03:06 Image size of job updated: 1596080
	515  -  MemoryUsage of job (MB)
	526648  -  ResidentSetSize of job (KB)
...
006 (9061337.000.000) 11/11 20:08:06 Image size of job updated: 1597964
	518  -  MemoryUsage of job (MB)
	530268  -  ResidentSetSize of job (KB)
...
006 (9061337.000.000) 11/11 20:13:06 Image size of job updated: 1599848
	518  -  MemoryUsage of job (MB)
	530268  -  ResidentSetSize of job (KB)
...
006 (9061337.000.000) 11/11 20:18:08 Image size of job updated: 1601712
	518  -  MemoryUsage of job (MB)
	530268  -  ResidentSetSize of job (KB)
...
006 (9061337.000.000) 11/11 20:23:08 Image size of job updated: 1603588
	518  -  MemoryUsage of job (MB)
	530268  -  ResidentSetSize of job (KB)
...
006 (9061337.000.000) 11/11 20:28:08 Image size of job updated: 1605456
	518  -  MemoryUsage of job (MB)
	530268  -  ResidentSetSize of job (KB)
...
006 (9061337.000.000) 11/11 20:33:09 Image size of job updated: 1607244
	518  -  MemoryUsage of job (MB)
	530268  -  ResidentSetSize of job (KB)
...
006 (9061337.000.000) 11/11 20:38:10 Image size of job updated: 1609248
	518  -  MemoryUsage of job (MB)
	530268  -  ResidentSetSize of job (KB)
...
006 (9061337.000.000) 11/11 20:43:10 Image size of job updated: 1610992
	518  -  MemoryUsage of job (MB)
	530268  -  ResidentSetSize of job (KB)
...
006 (9061337.000.000) 11/11 20:48:10 Image size of job updated: 1612952
	518  -  MemoryUsage of job (MB)
	530268  -  ResidentSetSize of job (KB)
...
006 (9061337.000.000) 11/11 20:53:11 Image size of job updated: 1615084
	544  -  MemoryUsage of job (MB)
	556580  -  ResidentSetSize of job (KB)
...
006 (9061337.000.000) 11/11 20:58:12 Image size of job updated: 1616596
	544  -  MemoryUsage of job (MB)
	556580  -  ResidentSetSize of job (KB)
...
006 (9061337.000.000) 11/11 21:03:12 Image size of job updated: 1617840
	544  -  MemoryUsage of job (MB)
	556580  -  ResidentSetSize of job (KB)
...
006 (9061337.000.000) 11/11 21:08:13 Image size of job updated: 1619232
	544  -  MemoryUsage of job (MB)
	556580  -  ResidentSetSize of job (KB)
...
006 (9061337.000.000) 11/11 21:13:14 Image size of job updated: 1620656
	551  -  MemoryUsage of job (MB)
	563972  -  ResidentSetSize of job (KB)
...
006 (9061337.000.000) 11/11 21:18:14 Image size of job updated: 1621868
	551  -  MemoryUsage of job (MB)
	563972  -  ResidentSetSize of job (KB)
...
006 (9061337.000.000) 11/11 21:23:14 Image size of job updated: 1623380
	551  -  MemoryUsage of job (MB)
	563972  -  ResidentSetSize of job (KB)
...
006 (9061337.000.000) 11/11 21:28:15 Image size of job updated: 1624692
	551  -  MemoryUsage of job (MB)
	563972  -  ResidentSetSize of job (KB)
...
006 (9061337.000.000) 11/11 21:33:16 Image size of job updated: 1625984
	551  -  MemoryUsage of job (MB)
	563972  -  ResidentSetSize of job (KB)
...
006 (9061337.000.000) 11/11 21:38:16 Image size of job updated: 1627300
	551  -  MemoryUsage of job (MB)
	563972  -  ResidentSetSize of job (KB)
...
006 (9061337.000.000) 11/11 21:43:16 Image size of job updated: 1628600
	552  -  MemoryUsage of job (MB)
	564260  -  ResidentSetSize of job (KB)
...
006 (9061337.000.000) 11/11 21:48:17 Image size of job updated: 1630016
	552  -  MemoryUsage of job (MB)
	564260  -  ResidentSetSize of job (KB)
...
006 (9061337.000.000) 11/11 21:53:17 Image size of job updated: 1631408
	552  -  MemoryUsage of job (MB)
	564260  -  ResidentSetSize of job (KB)
...
006 (9061337.000.000) 11/11 21:58:17 Image size of job updated: 1632860
	552  -  MemoryUsage of job (MB)
	564260  -  ResidentSetSize of job (KB)
...
006 (9061337.000.000) 11/11 22:03:18 Image size of job updated: 1634232
	552  -  MemoryUsage of job (MB)
	564260  -  ResidentSetSize of job (KB)
...
006 (9061337.000.000) 11/11 22:08:19 Image size of job updated: 1635716
	552  -  MemoryUsage of job (MB)
	564680  -  ResidentSetSize of job (KB)
...
006 (9061337.000.000) 11/11 22:13:19 Image size of job updated: 1636948
	559  -  MemoryUsage of job (MB)
	571548  -  ResidentSetSize of job (KB)
...
006 (9061337.000.000) 11/11 22:18:19 Image size of job updated: 1638624
	559  -  MemoryUsage of job (MB)
	571548  -  ResidentSetSize of job (KB)
...
006 (9061337.000.000) 11/11 22:23:20 Image size of job updated: 1640276
	559  -  MemoryUsage of job (MB)
	571548  -  ResidentSetSize of job (KB)
...
006 (9061337.000.000) 11/11 22:28:20 Image size of job updated: 1641952
	559  -  MemoryUsage of job (MB)
	571548  -  ResidentSetSize of job (KB)
...
006 (9061337.000.000) 11/11 22:33:20 Image size of job updated: 1643344
	559  -  MemoryUsage of job (MB)
	571548  -  ResidentSetSize of job (KB)
...
006 (9061337.000.000) 11/11 22:38:21 Image size of job updated: 1644988
	559  -  MemoryUsage of job (MB)
	571548  -  ResidentSetSize of job (KB)
...
006 (9061337.000.000) 11/11 22:43:22 Image size of job updated: 1646500
	559  -  MemoryUsage of job (MB)
	571548  -  ResidentSetSize of job (KB)
...
006 (9061337.000.000) 11/11 22:48:22 Image size of job updated: 1648044
	559  -  MemoryUsage of job (MB)
	571548  -  ResidentSetSize of job (KB)
...
006 (9061337.000.000) 11/11 22:53:22 Image size of job updated: 1649636
	559  -  MemoryUsage of job (MB)
	571548  -  ResidentSetSize of job (KB)
...
006 (9061337.000.000) 11/11 22:58:23 Image size of job updated: 1651232
	559  -  MemoryUsage of job (MB)
	571548  -  ResidentSetSize of job (KB)
...
006 (9061337.000.000) 11/11 23:03:24 Image size of job updated: 1652672
	559  -  MemoryUsage of job (MB)
	571548  -  ResidentSetSize of job (KB)
...
006 (9061337.000.000) 11/11 23:08:24 Image size of job updated: 1654212
	559  -  MemoryUsage of job (MB)
	571548  -  ResidentSetSize of job (KB)
...
006 (9061337.000.000) 11/11 23:13:24 Image size of job updated: 1655832
	559  -  MemoryUsage of job (MB)
	571548  -  ResidentSetSize of job (KB)
...
006 (9061337.000.000) 11/11 23:18:25 Image size of job updated: 1657244
	559  -  MemoryUsage of job (MB)
	571548  -  ResidentSetSize of job (KB)
...
006 (9061337.000.000) 11/11 23:23:25 Image size of job updated: 1658796
	559  -  MemoryUsage of job (MB)
	571548  -  ResidentSetSize of job (KB)
...
006 (9061337.000.000) 11/11 23:28:25 Image size of job updated: 1660100
	559  -  MemoryUsage of job (MB)
	571548  -  ResidentSetSize of job (KB)
...
006 (9061337.000.000) 11/11 23:33:26 Image size of job updated: 1661724
	559  -  MemoryUsage of job (MB)
	571548  -  ResidentSetSize of job (KB)
...
006 (9061337.000.000) 11/11 23:38:27 Image size of job updated: 1663256
	559  -  MemoryUsage of job (MB)
	571548  -  ResidentSetSize of job (KB)
...
006 (9061337.000.000) 11/11 23:43:27 Image size of job updated: 1664588
	559  -  MemoryUsage of job (MB)
	571548  -  ResidentSetSize of job (KB)
...
006 (9061337.000.000) 11/11 23:48:28 Image size of job updated: 1665952
	559  -  MemoryUsage of job (MB)
	571548  -  ResidentSetSize of job (KB)
...
006 (9061337.000.000) 11/11 23:53:29 Image size of job updated: 1667444
	559  -  MemoryUsage of job (MB)
	571548  -  ResidentSetSize of job (KB)
...
006 (9061337.000.000) 11/11 23:58:29 Image size of job updated: 1668980
	559  -  MemoryUsage of job (MB)
	571548  -  ResidentSetSize of job (KB)
...
006 (9061337.000.000) 11/12 00:03:29 Image size of job updated: 1670332
	559  -  MemoryUsage of job (MB)
	571548  -  ResidentSetSize of job (KB)
...
006 (9061337.000.000) 11/12 00:08:30 Image size of job updated: 1671756
	559  -  MemoryUsage of job (MB)
	571548  -  ResidentSetSize of job (KB)
...
006 (9061337.000.000) 11/12 00:13:31 Image size of job updated: 1673348
	559  -  MemoryUsage of job (MB)
	571548  -  ResidentSetSize of job (KB)
...
006 (9061337.000.000) 11/12 00:18:31 Image size of job updated: 1674832
	559  -  MemoryUsage of job (MB)
	571548  -  ResidentSetSize of job (KB)
...
006 (9061337.000.000) 11/12 00:23:31 Image size of job updated: 1676376
	559  -  MemoryUsage of job (MB)
	571548  -  ResidentSetSize of job (KB)
...
006 (9061337.000.000) 11/12 00:28:32 Image size of job updated: 1677880
	585  -  MemoryUsage of job (MB)
	598524  -  ResidentSetSize of job (KB)
...
006 (9061337.000.000) 11/12 00:33:33 Image size of job updated: 1679292
	585  -  MemoryUsage of job (MB)
	598524  -  ResidentSetSize of job (KB)
...
006 (9061337.000.000) 11/12 00:38:33 Image size of job updated: 1680796
	585  -  MemoryUsage of job (MB)
	598524  -  ResidentSetSize of job (KB)
...
006 (9061337.000.000) 11/12 00:43:34 Image size of job updated: 1682336
	585  -  MemoryUsage of job (MB)
	598524  -  ResidentSetSize of job (KB)
...
006 (9061337.000.000) 11/12 00:48:35 Image size of job updated: 1683792
	596  -  MemoryUsage of job (MB)
	610188  -  ResidentSetSize of job (KB)
...
006 (9061337.000.000) 11/12 00:53:35 Image size of job updated: 1685444
	596  -  MemoryUsage of job (MB)
	610188  -  ResidentSetSize of job (KB)
...
006 (9061337.000.000) 11/12 00:58:35 Image size of job updated: 1686908
	596  -  MemoryUsage of job (MB)
	610188  -  ResidentSetSize of job (KB)
...
006 (9061337.000.000) 11/12 01:03:36 Image size of job updated: 1688392
	596  -  MemoryUsage of job (MB)
	610188  -  ResidentSetSize of job (KB)
...
006 (9061337.000.000) 11/12 01:08:37 Image size of job updated: 1689664
	596  -  MemoryUsage of job (MB)
	610188  -  ResidentSetSize of job (KB)
...
006 (9061337.000.000) 11/12 01:13:37 Image size of job updated: 1690848
	596  -  MemoryUsage of job (MB)
	610188  -  ResidentSetSize of job (KB)
...
006 (9061337.000.000) 11/12 01:18:38 Image size of job updated: 1691928
	607  -  MemoryUsage of job (MB)
	621260  -  ResidentSetSize of job (KB)
...
006 (9061337.000.000) 11/12 01:23:39 Image size of job updated: 1693072
	607  -  MemoryUsage of job (MB)
	621260  -  ResidentSetSize of job (KB)
...
006 (9061337.000.000) 11/12 01:28:39 Image size of job updated: 1694092
	607  -  MemoryUsage of job (MB)
	621260  -  ResidentSetSize of job (KB)
...
006 (9061337.000.000) 11/12 01:33:39 Image size of job updated: 1695224
	607  -  MemoryUsage of job (MB)
	621260  -  ResidentSetSize of job (KB)
...
006 (9061337.000.000) 11/12 01:38:40 Image size of job updated: 1696508
	607  -  MemoryUsage of job (MB)
	621260  -  ResidentSetSize of job (KB)
...
006 (9061337.000.000) 11/12 01:43:41 Image size of job updated: 1697660
	607  -  MemoryUsage of job (MB)
	621260  -  ResidentSetSize of job (KB)
...
006 (9061337.000.000) 11/12 01:48:41 Image size of job updated: 1698784
	607  -  MemoryUsage of job (MB)
	621260  -  ResidentSetSize of job (KB)
...
006 (9061337.000.000) 11/12 01:53:41 Image size of job updated: 1699904
	607  -  MemoryUsage of job (MB)
	621260  -  ResidentSetSize of job (KB)
...
006 (9061337.000.000) 11/12 01:58:42 Image size of job updated: 1701148
	607  -  MemoryUsage of job (MB)
	621260  -  ResidentSetSize of job (KB)
...
006 (9061337.000.000) 11/12 02:03:43 Image size of job updated: 1702272
	607  -  MemoryUsage of job (MB)
	621260  -  ResidentSetSize of job (KB)
...
006 (9061337.000.000) 11/12 02:08:43 Image size of job updated: 1703384
	607  -  MemoryUsage of job (MB)
	621260  -  ResidentSetSize of job (KB)
...
006 (9061337.000.000) 11/12 02:13:43 Image size of job updated: 1704716
	607  -  MemoryUsage of job (MB)
	621260  -  ResidentSetSize of job (KB)
...
006 (9061337.000.000) 11/12 02:18:44 Image size of job updated: 1705868
	607  -  MemoryUsage of job (MB)
	621260  -  ResidentSetSize of job (KB)
...
006 (9061337.000.000) 11/12 02:23:44 Image size of job updated: 1706932
	607  -  MemoryUsage of job (MB)
	621260  -  ResidentSetSize of job (KB)
...
006 (9061337.000.000) 11/12 02:28:44 Image size of job updated: 1708092
	607  -  MemoryUsage of job (MB)
	621260  -  ResidentSetSize of job (KB)
...
006 (9061337.000.000) 11/12 02:33:45 Image size of job updated: 1709336
	607  -  MemoryUsage of job (MB)
	621260  -  ResidentSetSize of job (KB)
...
006 (9061337.000.000) 11/12 02:38:46 Image size of job updated: 1710368
	607  -  MemoryUsage of job (MB)
	621260  -  ResidentSetSize of job (KB)
...
006 (9061337.000.000) 11/12 02:43:46 Image size of job updated: 1711532
	607  -  MemoryUsage of job (MB)
	621260  -  ResidentSetSize of job (KB)
...
006 (9061337.000.000) 11/12 02:48:46 Image size of job updated: 1712644
	607  -  MemoryUsage of job (MB)
	621260  -  ResidentSetSize of job (KB)
...
006 (9061337.000.000) 11/12 02:53:47 Image size of job updated: 1713916
	607  -  MemoryUsage of job (MB)
	621260  -  ResidentSetSize of job (KB)
...
006 (9061337.000.000) 11/12 02:58:48 Image size of job updated: 1714988
	607  -  MemoryUsage of job (MB)
	621260  -  ResidentSetSize of job (KB)
...
006 (9061337.000.000) 11/12 03:03:48 Image size of job updated: 1716140
	607  -  MemoryUsage of job (MB)
	621260  -  ResidentSetSize of job (KB)
...
006 (9061337.000.000) 11/12 03:08:48 Image size of job updated: 1717308
	607  -  MemoryUsage of job (MB)
	621260  -  ResidentSetSize of job (KB)
...
006 (9061337.000.000) 11/12 03:13:49 Image size of job updated: 1718608
	607  -  MemoryUsage of job (MB)
	621260  -  ResidentSetSize of job (KB)
...
006 (9061337.000.000) 11/12 03:18:49 Image size of job updated: 1719760
	618  -  MemoryUsage of job (MB)
	632444  -  ResidentSetSize of job (KB)
...
006 (9061337.000.000) 11/12 03:23:49 Image size of job updated: 1720772
	648  -  MemoryUsage of job (MB)
	662552  -  ResidentSetSize of job (KB)
...
006 (9061337.000.000) 11/12 03:28:50 Image size of job updated: 1721852
	648  -  MemoryUsage of job (MB)
	662552  -  ResidentSetSize of job (KB)
...
006 (9061337.000.000) 11/12 03:32:53 Image size of job updated: 1722504
	648  -  MemoryUsage of job (MB)
	662552  -  ResidentSetSize of job (KB)
...
040 (9061337.000.000) 11/12 03:32:53 Started transferring output files
...
040 (9061337.000.000) 11/12 03:32:53 Finished transferring output files
...
005 (9061337.000.000) 11/12 03:32:54 Job terminated.
	(1) Normal termination (return value 0)
		Usr 0 03:22:34, Sys 0 11:47:55  -  Run Remote Usage
		Usr 0 00:00:00, Sys 0 00:00:00  -  Run Local Usage
		Usr 0 03:22:34, Sys 0 11:47:55  -  Total Remote Usage
		Usr 0 00:00:00, Sys 0 00:00:00  -  Total Local Usage
	4786  -  Run Bytes Sent By Job
	11557  -  Run Bytes Received By Job
	4786  -  Total Bytes Sent By Job
	11557  -  Total Bytes Received By Job
	Partitionable Resources :    Usage  Request Allocated 
	   Cpus                 :     1.00        1         1 
	   Disk (KB)            :    37          12   1287022 
	   Memory (MB)          :   648        2000      2000 

	Job terminated of its own accord at 2023-11-12T02:32:53Z.
...
