000 (9061340.000.000) 11/11 12:15:33 Job submitted from host: <188.184.90.62:9618?addrs=188.184.90.62-9618+[2001-1458-201-e4--100-238]-9618&alias=bigbird16.cern.ch&noUDP&sock=schedd_4073970_23e3>
...
040 (9061340.000.000) 11/11 12:17:07 Started transferring input files
	Transferring to host: <128.142.56.53:9618?addrs=128.142.56.53-9618+[2001-1458-301-6--100-34]-9618&alias=b7s01p5821.cern.ch&noUDP&sock=slot1_12_10452_2122_41152>
...
040 (9061340.000.000) 11/11 12:17:07 Finished transferring input files
...
001 (9061340.000.000) 11/11 12:17:08 Job executing on host: <128.142.56.53:9618?addrs=128.142.56.53-9618+[2001-1458-301-6--100-34]-9618&alias=b7s01p5821.cern.ch&noUDP&sock=startd_10388_e1e7>
...
006 (9061340.000.000) 11/11 12:17:17 Image size of job updated: 63180
	33  -  MemoryUsage of job (MB)
	33528  -  ResidentSetSize of job (KB)
...
006 (9061340.000.000) 11/11 12:22:18 Image size of job updated: 1321544
	259  -  MemoryUsage of job (MB)
	264512  -  ResidentSetSize of job (KB)
...
006 (9061340.000.000) 11/11 12:27:18 Image size of job updated: 1384364
	295  -  MemoryUsage of job (MB)
	301464  -  ResidentSetSize of job (KB)
...
006 (9061340.000.000) 11/11 12:37:19 Image size of job updated: 1384364
	314  -  MemoryUsage of job (MB)
	321392  -  ResidentSetSize of job (KB)
...
006 (9061340.000.000) 11/11 12:42:20 Image size of job updated: 1386408
	314  -  MemoryUsage of job (MB)
	321392  -  ResidentSetSize of job (KB)
...
006 (9061340.000.000) 11/11 12:47:20 Image size of job updated: 1393716
	317  -  MemoryUsage of job (MB)
	323784  -  ResidentSetSize of job (KB)
...
006 (9061340.000.000) 11/11 12:52:21 Image size of job updated: 1400692
	317  -  MemoryUsage of job (MB)
	323784  -  ResidentSetSize of job (KB)
...
006 (9061340.000.000) 11/11 12:57:22 Image size of job updated: 1407488
	342  -  MemoryUsage of job (MB)
	350052  -  ResidentSetSize of job (KB)
...
006 (9061340.000.000) 11/11 13:02:22 Image size of job updated: 1413844
	342  -  MemoryUsage of job (MB)
	350052  -  ResidentSetSize of job (KB)
...
006 (9061340.000.000) 11/11 13:07:22 Image size of job updated: 1420212
	347  -  MemoryUsage of job (MB)
	354492  -  ResidentSetSize of job (KB)
...
006 (9061340.000.000) 11/11 13:12:23 Image size of job updated: 1426336
	348  -  MemoryUsage of job (MB)
	356064  -  ResidentSetSize of job (KB)
...
006 (9061340.000.000) 11/11 13:17:23 Image size of job updated: 1432352
	348  -  MemoryUsage of job (MB)
	356064  -  ResidentSetSize of job (KB)
...
006 (9061340.000.000) 11/11 13:22:23 Image size of job updated: 1438024
	356  -  MemoryUsage of job (MB)
	363908  -  ResidentSetSize of job (KB)
...
006 (9061340.000.000) 11/11 13:27:24 Image size of job updated: 1444796
	373  -  MemoryUsage of job (MB)
	381032  -  ResidentSetSize of job (KB)
...
006 (9061340.000.000) 11/11 13:32:24 Image size of job updated: 1451080
	374  -  MemoryUsage of job (MB)
	382744  -  ResidentSetSize of job (KB)
...
006 (9061340.000.000) 11/11 13:37:24 Image size of job updated: 1456168
	374  -  MemoryUsage of job (MB)
	382744  -  ResidentSetSize of job (KB)
...
006 (9061340.000.000) 11/11 13:42:25 Image size of job updated: 1460624
	385  -  MemoryUsage of job (MB)
	393768  -  ResidentSetSize of job (KB)
...
006 (9061340.000.000) 11/11 13:47:26 Image size of job updated: 1464456
	385  -  MemoryUsage of job (MB)
	393768  -  ResidentSetSize of job (KB)
...
006 (9061340.000.000) 11/11 13:52:26 Image size of job updated: 1469260
	395  -  MemoryUsage of job (MB)
	404236  -  ResidentSetSize of job (KB)
...
006 (9061340.000.000) 11/11 13:57:26 Image size of job updated: 1474288
	400  -  MemoryUsage of job (MB)
	408860  -  ResidentSetSize of job (KB)
...
006 (9061340.000.000) 11/11 14:02:27 Image size of job updated: 1485960
	400  -  MemoryUsage of job (MB)
	408860  -  ResidentSetSize of job (KB)
...
006 (9061340.000.000) 11/11 14:07:27 Image size of job updated: 1488656
	400  -  MemoryUsage of job (MB)
	408860  -  ResidentSetSize of job (KB)
...
006 (9061340.000.000) 11/11 14:12:27 Image size of job updated: 1491592
	400  -  MemoryUsage of job (MB)
	408860  -  ResidentSetSize of job (KB)
...
006 (9061340.000.000) 11/11 14:17:28 Image size of job updated: 1493656
	423  -  MemoryUsage of job (MB)
	432524  -  ResidentSetSize of job (KB)
...
006 (9061340.000.000) 11/11 14:57:32 Image size of job updated: 1496736
	427  -  MemoryUsage of job (MB)
	436964  -  ResidentSetSize of job (KB)
...
006 (9061340.000.000) 11/11 15:02:32 Image size of job updated: 1499276
	427  -  MemoryUsage of job (MB)
	436964  -  ResidentSetSize of job (KB)
...
006 (9061340.000.000) 11/11 15:07:32 Image size of job updated: 1501548
	427  -  MemoryUsage of job (MB)
	436964  -  ResidentSetSize of job (KB)
...
006 (9061340.000.000) 11/11 15:12:33 Image size of job updated: 1504092
	427  -  MemoryUsage of job (MB)
	436964  -  ResidentSetSize of job (KB)
...
006 (9061340.000.000) 11/11 15:17:33 Image size of job updated: 1506368
	427  -  MemoryUsage of job (MB)
	436964  -  ResidentSetSize of job (KB)
...
006 (9061340.000.000) 11/11 15:22:33 Image size of job updated: 1508568
	427  -  MemoryUsage of job (MB)
	436964  -  ResidentSetSize of job (KB)
...
006 (9061340.000.000) 11/11 15:27:34 Image size of job updated: 1514004
	427  -  MemoryUsage of job (MB)
	436964  -  ResidentSetSize of job (KB)
...
006 (9061340.000.000) 11/11 15:32:35 Image size of job updated: 1515972
	427  -  MemoryUsage of job (MB)
	436964  -  ResidentSetSize of job (KB)
...
006 (9061340.000.000) 11/11 15:37:35 Image size of job updated: 1517916
	427  -  MemoryUsage of job (MB)
	436964  -  ResidentSetSize of job (KB)
...
006 (9061340.000.000) 11/11 15:42:35 Image size of job updated: 1521328
	440  -  MemoryUsage of job (MB)
	450128  -  ResidentSetSize of job (KB)
...
006 (9061340.000.000) 11/11 15:47:37 Image size of job updated: 1523620
	448  -  MemoryUsage of job (MB)
	458036  -  ResidentSetSize of job (KB)
...
006 (9061340.000.000) 11/11 15:52:37 Image size of job updated: 1526596
	448  -  MemoryUsage of job (MB)
	458036  -  ResidentSetSize of job (KB)
...
006 (9061340.000.000) 11/11 15:57:37 Image size of job updated: 1528528
	448  -  MemoryUsage of job (MB)
	458036  -  ResidentSetSize of job (KB)
...
006 (9061340.000.000) 11/11 16:02:38 Image size of job updated: 1530728
	448  -  MemoryUsage of job (MB)
	458036  -  ResidentSetSize of job (KB)
...
006 (9061340.000.000) 11/11 16:07:39 Image size of job updated: 1534356
	448  -  MemoryUsage of job (MB)
	458036  -  ResidentSetSize of job (KB)
...
006 (9061340.000.000) 11/11 16:12:39 Image size of job updated: 1536496
	448  -  MemoryUsage of job (MB)
	458036  -  ResidentSetSize of job (KB)
...
006 (9061340.000.000) 11/11 16:17:39 Image size of job updated: 1538720
	449  -  MemoryUsage of job (MB)
	459648  -  ResidentSetSize of job (KB)
...
006 (9061340.000.000) 11/11 16:22:40 Image size of job updated: 1542364
	449  -  MemoryUsage of job (MB)
	459648  -  ResidentSetSize of job (KB)
...
006 (9061340.000.000) 11/11 16:27:40 Image size of job updated: 1544564
	449  -  MemoryUsage of job (MB)
	459648  -  ResidentSetSize of job (KB)
...
006 (9061340.000.000) 11/11 16:32:40 Image size of job updated: 1547764
	449  -  MemoryUsage of job (MB)
	459648  -  ResidentSetSize of job (KB)
...
006 (9061340.000.000) 11/11 16:37:41 Image size of job updated: 1550464
	455  -  MemoryUsage of job (MB)
	465808  -  ResidentSetSize of job (KB)
...
006 (9061340.000.000) 11/11 16:42:42 Image size of job updated: 1552008
	463  -  MemoryUsage of job (MB)
	473680  -  ResidentSetSize of job (KB)
...
006 (9061340.000.000) 11/11 16:47:42 Image size of job updated: 1554176
	469  -  MemoryUsage of job (MB)
	479688  -  ResidentSetSize of job (KB)
...
006 (9061340.000.000) 11/11 16:52:42 Image size of job updated: 1555744
	469  -  MemoryUsage of job (MB)
	479688  -  ResidentSetSize of job (KB)
...
006 (9061340.000.000) 11/11 16:57:43 Image size of job updated: 1557456
	469  -  MemoryUsage of job (MB)
	479688  -  ResidentSetSize of job (KB)
...
006 (9061340.000.000) 11/11 17:02:43 Image size of job updated: 1559224
	469  -  MemoryUsage of job (MB)
	479688  -  ResidentSetSize of job (KB)
...
006 (9061340.000.000) 11/11 17:07:43 Image size of job updated: 1560844
	469  -  MemoryUsage of job (MB)
	479688  -  ResidentSetSize of job (KB)
...
006 (9061340.000.000) 11/11 17:12:44 Image size of job updated: 1562456
	469  -  MemoryUsage of job (MB)
	479688  -  ResidentSetSize of job (KB)
...
006 (9061340.000.000) 11/11 17:17:44 Image size of job updated: 1564076
	469  -  MemoryUsage of job (MB)
	479688  -  ResidentSetSize of job (KB)
...
006 (9061340.000.000) 11/11 17:22:44 Image size of job updated: 1565444
	469  -  MemoryUsage of job (MB)
	479688  -  ResidentSetSize of job (KB)
...
006 (9061340.000.000) 11/11 17:27:45 Image size of job updated: 1567124
	469  -  MemoryUsage of job (MB)
	479688  -  ResidentSetSize of job (KB)
...
006 (9061340.000.000) 11/11 17:32:45 Image size of job updated: 1568564
	469  -  MemoryUsage of job (MB)
	479688  -  ResidentSetSize of job (KB)
...
006 (9061340.000.000) 11/11 17:37:45 Image size of job updated: 1570036
	498  -  MemoryUsage of job (MB)
	509156  -  ResidentSetSize of job (KB)
...
006 (9061340.000.000) 11/11 17:42:46 Image size of job updated: 1571376
	502  -  MemoryUsage of job (MB)
	513060  -  ResidentSetSize of job (KB)
...
006 (9061340.000.000) 11/11 17:47:47 Image size of job updated: 1573004
	502  -  MemoryUsage of job (MB)
	513060  -  ResidentSetSize of job (KB)
...
006 (9061340.000.000) 11/11 17:52:47 Image size of job updated: 1574404
	502  -  MemoryUsage of job (MB)
	513060  -  ResidentSetSize of job (KB)
...
006 (9061340.000.000) 11/11 17:57:48 Image size of job updated: 1575824
	502  -  MemoryUsage of job (MB)
	513060  -  ResidentSetSize of job (KB)
...
006 (9061340.000.000) 11/11 18:02:49 Image size of job updated: 1577244
	505  -  MemoryUsage of job (MB)
	516656  -  ResidentSetSize of job (KB)
...
006 (9061340.000.000) 11/11 18:07:49 Image size of job updated: 1578616
	505  -  MemoryUsage of job (MB)
	516656  -  ResidentSetSize of job (KB)
...
006 (9061340.000.000) 11/11 18:12:50 Image size of job updated: 1579856
	505  -  MemoryUsage of job (MB)
	516656  -  ResidentSetSize of job (KB)
...
006 (9061340.000.000) 11/11 18:17:51 Image size of job updated: 1583040
	512  -  MemoryUsage of job (MB)
	523348  -  ResidentSetSize of job (KB)
...
006 (9061340.000.000) 11/11 18:22:51 Image size of job updated: 1584388
	512  -  MemoryUsage of job (MB)
	523348  -  ResidentSetSize of job (KB)
...
006 (9061340.000.000) 11/11 18:27:52 Image size of job updated: 1585628
	512  -  MemoryUsage of job (MB)
	523348  -  ResidentSetSize of job (KB)
...
006 (9061340.000.000) 11/11 18:32:53 Image size of job updated: 1587020
	512  -  MemoryUsage of job (MB)
	523348  -  ResidentSetSize of job (KB)
...
006 (9061340.000.000) 11/11 18:37:53 Image size of job updated: 1588360
	512  -  MemoryUsage of job (MB)
	523348  -  ResidentSetSize of job (KB)
...
006 (9061340.000.000) 11/11 18:42:53 Image size of job updated: 1589580
	512  -  MemoryUsage of job (MB)
	523348  -  ResidentSetSize of job (KB)
...
006 (9061340.000.000) 11/11 18:47:54 Image size of job updated: 1590908
	512  -  MemoryUsage of job (MB)
	523348  -  ResidentSetSize of job (KB)
...
006 (9061340.000.000) 11/11 18:52:54 Image size of job updated: 1594408
	512  -  MemoryUsage of job (MB)
	523348  -  ResidentSetSize of job (KB)
...
006 (9061340.000.000) 11/11 18:57:54 Image size of job updated: 1595756
	512  -  MemoryUsage of job (MB)
	523348  -  ResidentSetSize of job (KB)
...
006 (9061340.000.000) 11/11 19:02:55 Image size of job updated: 1597440
	512  -  MemoryUsage of job (MB)
	523348  -  ResidentSetSize of job (KB)
...
006 (9061340.000.000) 11/11 19:07:55 Image size of job updated: 1598940
	512  -  MemoryUsage of job (MB)
	523348  -  ResidentSetSize of job (KB)
...
006 (9061340.000.000) 11/11 19:12:55 Image size of job updated: 1600228
	512  -  MemoryUsage of job (MB)
	523348  -  ResidentSetSize of job (KB)
...
006 (9061340.000.000) 11/11 19:17:56 Image size of job updated: 1601540
	512  -  MemoryUsage of job (MB)
	523348  -  ResidentSetSize of job (KB)
...
006 (9061340.000.000) 11/11 19:22:56 Image size of job updated: 1602904
	512  -  MemoryUsage of job (MB)
	523348  -  ResidentSetSize of job (KB)
...
006 (9061340.000.000) 11/11 19:27:56 Image size of job updated: 1604200
	512  -  MemoryUsage of job (MB)
	523348  -  ResidentSetSize of job (KB)
...
006 (9061340.000.000) 11/11 19:32:57 Image size of job updated: 1605368
	512  -  MemoryUsage of job (MB)
	523348  -  ResidentSetSize of job (KB)
...
006 (9061340.000.000) 11/11 19:37:57 Image size of job updated: 1608728
	512  -  MemoryUsage of job (MB)
	523348  -  ResidentSetSize of job (KB)
...
006 (9061340.000.000) 11/11 19:42:57 Image size of job updated: 1610088
	516  -  MemoryUsage of job (MB)
	528364  -  ResidentSetSize of job (KB)
...
006 (9061340.000.000) 11/11 19:47:58 Image size of job updated: 1611408
	516  -  MemoryUsage of job (MB)
	528364  -  ResidentSetSize of job (KB)
...
006 (9061340.000.000) 11/11 19:52:58 Image size of job updated: 1612596
	518  -  MemoryUsage of job (MB)
	530128  -  ResidentSetSize of job (KB)
...
006 (9061340.000.000) 11/11 19:57:58 Image size of job updated: 1619828
	518  -  MemoryUsage of job (MB)
	530128  -  ResidentSetSize of job (KB)
...
006 (9061340.000.000) 11/11 20:02:59 Image size of job updated: 1621140
	518  -  MemoryUsage of job (MB)
	530128  -  ResidentSetSize of job (KB)
...
006 (9061340.000.000) 11/11 20:07:59 Image size of job updated: 1622408
	552  -  MemoryUsage of job (MB)
	564796  -  ResidentSetSize of job (KB)
...
006 (9061340.000.000) 11/11 20:12:59 Image size of job updated: 1623700
	552  -  MemoryUsage of job (MB)
	564796  -  ResidentSetSize of job (KB)
...
006 (9061340.000.000) 11/11 20:18:00 Image size of job updated: 1624860
	552  -  MemoryUsage of job (MB)
	564796  -  ResidentSetSize of job (KB)
...
006 (9061340.000.000) 11/11 20:23:01 Image size of job updated: 1626088
	552  -  MemoryUsage of job (MB)
	564796  -  ResidentSetSize of job (KB)
...
006 (9061340.000.000) 11/11 20:28:01 Image size of job updated: 1627340
	552  -  MemoryUsage of job (MB)
	564796  -  ResidentSetSize of job (KB)
...
006 (9061340.000.000) 11/11 20:33:02 Image size of job updated: 1628540
	552  -  MemoryUsage of job (MB)
	564796  -  ResidentSetSize of job (KB)
...
006 (9061340.000.000) 11/11 20:38:03 Image size of job updated: 1629688
	552  -  MemoryUsage of job (MB)
	564796  -  ResidentSetSize of job (KB)
...
006 (9061340.000.000) 11/11 20:43:03 Image size of job updated: 1630928
	555  -  MemoryUsage of job (MB)
	567528  -  ResidentSetSize of job (KB)
...
006 (9061340.000.000) 11/11 20:48:04 Image size of job updated: 1632060
	555  -  MemoryUsage of job (MB)
	567528  -  ResidentSetSize of job (KB)
...
006 (9061340.000.000) 11/11 20:49:42 Image size of job updated: 1679632
	555  -  MemoryUsage of job (MB)
	567528  -  ResidentSetSize of job (KB)
...
040 (9061340.000.000) 11/11 20:49:42 Started transferring output files
...
040 (9061340.000.000) 11/11 20:49:42 Finished transferring output files
...
005 (9061340.000.000) 11/11 20:49:42 Job terminated.
	(1) Normal termination (return value 0)
		Usr 0 02:07:00, Sys 0 06:15:20  -  Run Remote Usage
		Usr 0 00:00:00, Sys 0 00:00:00  -  Run Local Usage
		Usr 0 02:07:00, Sys 0 06:15:20  -  Total Remote Usage
		Usr 0 00:00:00, Sys 0 00:00:00  -  Total Local Usage
	4787  -  Run Bytes Sent By Job
	11561  -  Run Bytes Received By Job
	4787  -  Total Bytes Sent By Job
	11561  -  Total Bytes Received By Job
	Partitionable Resources :    Usage  Request Allocated 
	   Cpus                 :     0.96        1         1 
	   Disk (KB)            :    38          12   1321330 
	   Memory (MB)          :   555        2000      2000 

	Job terminated of its own accord at 2023-11-11T19:49:42Z.
...
