000 (8841680.000.000) 10/02 00:07:36 Job submitted from host: <188.184.90.62:9618?addrs=188.184.90.62-9618+[2001-1458-201-e4--100-238]-9618&alias=bigbird16.cern.ch&noUDP&sock=schedd_4073970_23e3>
...
040 (8841680.000.000) 10/02 00:10:32 Started transferring input files
	Transferring to host: <128.142.248.55:9618?addrs=128.142.248.55-9618+[2001-1458-301-73--100-127]-9618&alias=b7g23p2997.cern.ch&noUDP&sock=slot1_26_176215_2897_6125>
...
040 (8841680.000.000) 10/02 00:10:32 Finished transferring input files
...
001 (8841680.000.000) 10/02 00:10:33 Job executing on host: <128.142.248.55:9618?addrs=128.142.248.55-9618+[2001-1458-301-73--100-127]-9618&alias=b7g23p2997.cern.ch&noUDP&sock=startd_3249_1f4a>
...
006 (8841680.000.000) 10/02 00:10:42 Image size of job updated: 285136
	109  -  MemoryUsage of job (MB)
	111224  -  ResidentSetSize of job (KB)
...
006 (8841680.000.000) 10/02 00:15:43 Image size of job updated: 21931332
	5864  -  MemoryUsage of job (MB)
	6003724  -  ResidentSetSize of job (KB)
...
006 (8841680.000.000) 10/02 00:20:44 Image size of job updated: 22536928
	6355  -  MemoryUsage of job (MB)
	6506524  -  ResidentSetSize of job (KB)
...
006 (8841680.000.000) 10/02 00:30:45 Image size of job updated: 22600740
	7004  -  MemoryUsage of job (MB)
	7171480  -  ResidentSetSize of job (KB)
...
006 (8841680.000.000) 10/02 00:35:46 Image size of job updated: 22767852
	8614  -  MemoryUsage of job (MB)
	8820012  -  ResidentSetSize of job (KB)
...
040 (8841680.000.000) 10/02 00:38:09 Started transferring output files
...
040 (8841680.000.000) 10/02 00:38:09 Finished transferring output files
...
005 (8841680.000.000) 10/02 00:38:09 Job terminated.
	(1) Normal termination (return value 0)
		Usr 0 00:36:46, Sys 0 00:06:33  -  Run Remote Usage
		Usr 0 00:00:00, Sys 0 00:00:00  -  Run Local Usage
		Usr 0 00:36:46, Sys 0 00:06:33  -  Total Remote Usage
		Usr 0 00:00:00, Sys 0 00:00:00  -  Total Local Usage
	15790  -  Run Bytes Sent By Job
	11364  -  Run Bytes Received By Job
	15790  -  Total Bytes Sent By Job
	11364  -  Total Bytes Received By Job
	Partitionable Resources :    Usage  Request Allocated 
	   Cpus                 :     2.24        1         1 
	   Disk (KB)            :    49          12   3079722 
	   Memory (MB)          :  8614        2000      2000 

	Job terminated of its own accord at 2023-10-01T22:38:09Z.
...
000 (8841714.000.000) 10/02 01:19:28 Job submitted from host: <188.184.90.62:9618?addrs=188.184.90.62-9618+[2001-1458-201-e4--100-238]-9618&alias=bigbird16.cern.ch&noUDP&sock=schedd_4073970_23e3>
...
040 (8841714.000.000) 10/02 01:22:25 Started transferring input files
	Transferring to host: <188.184.160.122:9618?addrs=188.184.160.122-9618+[2001-1458-301-48--100-74]-9618&alias=b7s09p9224.cern.ch&noUDP&sock=slot1_2_123710_a2e0_221667>
...
040 (8841714.000.000) 10/02 01:22:25 Finished transferring input files
...
001 (8841714.000.000) 10/02 01:22:26 Job executing on host: <188.184.160.122:9618?addrs=188.184.160.122-9618+[2001-1458-301-48--100-74]-9618&alias=b7s09p9224.cern.ch&noUDP&sock=startd_28727_e93b>
...
006 (8841714.000.000) 10/02 01:22:35 Image size of job updated: 144096
	72  -  MemoryUsage of job (MB)
	73428  -  ResidentSetSize of job (KB)
...
006 (8841714.000.000) 10/02 01:27:37 Image size of job updated: 22530516
	11917  -  MemoryUsage of job (MB)
	12202736  -  ResidentSetSize of job (KB)
...
006 (8841714.000.000) 10/02 01:32:37 Image size of job updated: 22536916
	11917  -  MemoryUsage of job (MB)
	12202736  -  ResidentSetSize of job (KB)
...
006 (8841714.000.000) 10/02 01:42:38 Image size of job updated: 22597772
	11917  -  MemoryUsage of job (MB)
	12202736  -  ResidentSetSize of job (KB)
...
040 (8841714.000.000) 10/02 01:51:08 Started transferring output files
...
040 (8841714.000.000) 10/02 01:51:08 Finished transferring output files
...
005 (8841714.000.000) 10/02 01:51:08 Job terminated.
	(1) Normal termination (return value 0)
		Usr 0 00:38:55, Sys 0 00:06:11  -  Run Remote Usage
		Usr 0 00:00:00, Sys 0 00:00:00  -  Run Local Usage
		Usr 0 00:38:55, Sys 0 00:06:11  -  Total Remote Usage
		Usr 0 00:00:00, Sys 0 00:00:00  -  Total Local Usage
	15085  -  Run Bytes Sent By Job
	11957  -  Run Bytes Received By Job
	15085  -  Total Bytes Sent By Job
	11957  -  Total Bytes Received By Job
	Partitionable Resources :    Usage  Request Allocated 
	   Cpus                 :     1.77        1         1 
	   Disk (KB)            :    49          12   2968805 
	   Memory (MB)          : 11917        2000      2000 

	Job terminated of its own accord at 2023-10-01T23:51:08Z.
...
