000 (8841671.000.000) 10/02 00:07:15 Job submitted from host: <188.184.90.62:9618?addrs=188.184.90.62-9618+[2001-1458-201-e4--100-238]-9618&alias=bigbird16.cern.ch&noUDP&sock=schedd_4073970_23e3>
...
040 (8841671.000.000) 10/02 00:10:28 Started transferring input files
	Transferring to host: <128.142.248.122:9618?addrs=128.142.248.122-9618+[2001-1458-301-73--100-16a]-9618&alias=b7g23p1073.cern.ch&noUDP&sock=slot1_14_181757_ffb8_4116>
...
040 (8841671.000.000) 10/02 00:10:28 Finished transferring input files
...
001 (8841671.000.000) 10/02 00:10:29 Job executing on host: <128.142.248.122:9618?addrs=128.142.248.122-9618+[2001-1458-301-73--100-16a]-9618&alias=b7g23p1073.cern.ch&noUDP&sock=startd_3252_2e13>
...
006 (8841671.000.000) 10/02 00:10:38 Image size of job updated: 535832
	68  -  MemoryUsage of job (MB)
	68808  -  ResidentSetSize of job (KB)
...
006 (8841671.000.000) 10/02 00:15:38 Image size of job updated: 21972668
	11364  -  MemoryUsage of job (MB)
	11635736  -  ResidentSetSize of job (KB)
...
006 (8841671.000.000) 10/02 00:21:05 Image size of job updated: 22530276
	11701  -  MemoryUsage of job (MB)
	11981260  -  ResidentSetSize of job (KB)
...
006 (8841671.000.000) 10/02 00:25:39 Image size of job updated: 22536932
	11701  -  MemoryUsage of job (MB)
	11981260  -  ResidentSetSize of job (KB)
...
006 (8841671.000.000) 10/02 00:35:40 Image size of job updated: 22590352
	11701  -  MemoryUsage of job (MB)
	11981260  -  ResidentSetSize of job (KB)
...
040 (8841671.000.000) 10/02 00:55:10 Started transferring output files
...
040 (8841671.000.000) 10/02 00:55:10 Finished transferring output files
...
005 (8841671.000.000) 10/02 00:55:10 Job terminated.
	(1) Normal termination (return value 0)
		Usr 0 00:39:46, Sys 0 00:08:23  -  Run Remote Usage
		Usr 0 00:00:00, Sys 0 00:00:00  -  Run Local Usage
		Usr 0 00:39:46, Sys 0 00:08:23  -  Total Remote Usage
		Usr 0 00:00:00, Sys 0 00:00:00  -  Total Local Usage
	14575  -  Run Bytes Sent By Job
	11352  -  Run Bytes Received By Job
	14575  -  Total Bytes Sent By Job
	11352  -  Total Bytes Received By Job
	Partitionable Resources :    Usage  Request Allocated 
	   Cpus                 :     0.15        1         1 
	   Disk (KB)            :    48          12   3019252 
	   Memory (MB)          : 11701        2000      2000 

	Job terminated of its own accord at 2023-10-01T22:55:10Z.
...
000 (8841705.000.000) 10/02 01:19:08 Job submitted from host: <188.184.90.62:9618?addrs=188.184.90.62-9618+[2001-1458-201-e4--100-238]-9618&alias=bigbird16.cern.ch&noUDP&sock=schedd_4073970_23e3>
...
040 (8841705.000.000) 10/02 01:22:22 Started transferring input files
	Transferring to host: <128.142.137.143:9618?addrs=128.142.137.143-9618+[2001-1458-301-5e--100-83]-9618&alias=b7g19p5173.cern.ch&noUDP&sock=slot1_17_3612_bb0c_96171>
...
040 (8841705.000.000) 10/02 01:22:22 Finished transferring input files
...
001 (8841705.000.000) 10/02 01:22:23 Job executing on host: <128.142.137.143:9618?addrs=128.142.137.143-9618+[2001-1458-301-5e--100-83]-9618&alias=b7g19p5173.cern.ch&noUDP&sock=startd_2980_9c50>
...
006 (8841705.000.000) 10/02 01:22:31 Image size of job updated: 93052
	31  -  MemoryUsage of job (MB)
	30888  -  ResidentSetSize of job (KB)
...
006 (8841705.000.000) 10/02 01:27:31 Image size of job updated: 19813048
	8780  -  MemoryUsage of job (MB)
	8990528  -  ResidentSetSize of job (KB)
...
006 (8841705.000.000) 10/02 01:32:32 Image size of job updated: 20374032
	8780  -  MemoryUsage of job (MB)
	8990528  -  ResidentSetSize of job (KB)
...
006 (8841705.000.000) 10/02 01:42:33 Image size of job updated: 20423820
	8780  -  MemoryUsage of job (MB)
	8990528  -  ResidentSetSize of job (KB)
...
006 (8841705.000.000) 10/02 01:47:33 Image size of job updated: 20423820
	8898  -  MemoryUsage of job (MB)
	9111400  -  ResidentSetSize of job (KB)
...
040 (8841705.000.000) 10/02 01:50:23 Started transferring output files
...
040 (8841705.000.000) 10/02 01:50:23 Finished transferring output files
...
005 (8841705.000.000) 10/02 01:50:23 Job terminated.
	(1) Normal termination (return value 0)
		Usr 0 00:38:41, Sys 0 00:05:36  -  Run Remote Usage
		Usr 0 00:00:00, Sys 0 00:00:00  -  Run Local Usage
		Usr 0 00:38:41, Sys 0 00:05:36  -  Total Remote Usage
		Usr 0 00:00:00, Sys 0 00:00:00  -  Total Local Usage
	15131  -  Run Bytes Sent By Job
	11945  -  Run Bytes Received By Job
	15131  -  Total Bytes Sent By Job
	11945  -  Total Bytes Received By Job
	Partitionable Resources :    Usage  Request Allocated 
	   Cpus                 :     1.64        1         1 
	   Disk (KB)            :    49          12   1643200 
	   Memory (MB)          :  8898        2000      2000 

	Job terminated of its own accord at 2023-10-01T23:50:23Z.
...
