000 (8841667.000.000) 10/02 00:05:54 Job submitted from host: <188.184.90.62:9618?addrs=188.184.90.62-9618+[2001-1458-201-e4--100-238]-9618&alias=bigbird16.cern.ch&noUDP&sock=schedd_4073970_23e3>
...
040 (8841667.000.000) 10/02 00:07:07 Started transferring input files
	Transferring to host: <128.142.137.74:9618?addrs=128.142.137.74-9618+[2001-1458-301-5e--100-3e]-9618&alias=b7g19p8786.cern.ch&noUDP&sock=slot1_18_2310_5a97_201453>
...
040 (8841667.000.000) 10/02 00:07:07 Finished transferring input files
...
001 (8841667.000.000) 10/02 00:07:08 Job executing on host: <128.142.137.74:9618?addrs=128.142.137.74-9618+[2001-1458-301-5e--100-3e]-9618&alias=b7g19p8786.cern.ch&noUDP&sock=startd_18541_298c>
...
006 (8841667.000.000) 10/02 00:07:17 Image size of job updated: 937824
	5  -  MemoryUsage of job (MB)
	4888  -  ResidentSetSize of job (KB)
...
006 (8841667.000.000) 10/02 00:12:18 Image size of job updated: 19725412
	9293  -  MemoryUsage of job (MB)
	9515976  -  ResidentSetSize of job (KB)
...
006 (8841667.000.000) 10/02 00:17:18 Image size of job updated: 19766220
	9293  -  MemoryUsage of job (MB)
	9515976  -  ResidentSetSize of job (KB)
...
006 (8841667.000.000) 10/02 00:22:18 Image size of job updated: 19813044
	9293  -  MemoryUsage of job (MB)
	9515976  -  ResidentSetSize of job (KB)
...
006 (8841667.000.000) 10/02 00:27:19 Image size of job updated: 20547652
	9293  -  MemoryUsage of job (MB)
	9515976  -  ResidentSetSize of job (KB)
...
040 (8841667.000.000) 10/02 01:33:10 Started transferring output files
...
040 (8841667.000.000) 10/02 01:33:10 Finished transferring output files
...
005 (8841667.000.000) 10/02 01:33:11 Job terminated.
	(1) Normal termination (return value 0)
		Usr 0 00:48:28, Sys 0 00:05:08  -  Run Remote Usage
		Usr 0 00:00:00, Sys 0 00:00:00  -  Run Local Usage
		Usr 0 00:48:28, Sys 0 00:05:08  -  Total Remote Usage
		Usr 0 00:00:00, Sys 0 00:00:00  -  Total Local Usage
	14708  -  Run Bytes Sent By Job
	11352  -  Run Bytes Received By Job
	14708  -  Total Bytes Sent By Job
	11352  -  Total Bytes Received By Job
	Partitionable Resources :    Usage  Request Allocated 
	   Cpus                 :     0.91        1         1 
	   Disk (KB)            :    49          12   1688333 
	   Memory (MB)          :  9293        2000      2000 

	Job terminated of its own accord at 2023-10-01T23:33:10Z.
...
