000 (8841670.000.000) 10/02 00:07:11 Job submitted from host: <188.184.90.62:9618?addrs=188.184.90.62-9618+[2001-1458-201-e4--100-238]-9618&alias=bigbird16.cern.ch&noUDP&sock=schedd_4073970_23e3>
...
040 (8841670.000.000) 10/02 00:10:29 Started transferring input files
	Transferring to host: <128.142.248.55:9618?addrs=128.142.248.55-9618+[2001-1458-301-73--100-127]-9618&alias=b7g23p2997.cern.ch&noUDP&sock=slot1_9_176215_2897_6122>
...
040 (8841670.000.000) 10/02 00:10:29 Finished transferring input files
...
001 (8841670.000.000) 10/02 00:10:30 Job executing on host: <128.142.248.55:9618?addrs=128.142.248.55-9618+[2001-1458-301-73--100-127]-9618&alias=b7g23p2997.cern.ch&noUDP&sock=startd_3249_1f4a>
...
006 (8841670.000.000) 10/02 00:10:38 Image size of job updated: 896676
	78  -  MemoryUsage of job (MB)
	79124  -  ResidentSetSize of job (KB)
...
006 (8841670.000.000) 10/02 00:15:38 Image size of job updated: 21922084
	6078  -  MemoryUsage of job (MB)
	6223064  -  ResidentSetSize of job (KB)
...
006 (8841670.000.000) 10/02 00:20:39 Image size of job updated: 22536928
	6365  -  MemoryUsage of job (MB)
	6517016  -  ResidentSetSize of job (KB)
...
006 (8841670.000.000) 10/02 00:30:40 Image size of job updated: 22715820
	6618  -  MemoryUsage of job (MB)
	6775984  -  ResidentSetSize of job (KB)
...
006 (8841670.000.000) 10/02 00:35:41 Image size of job updated: 22772180
	7877  -  MemoryUsage of job (MB)
	8065968  -  ResidentSetSize of job (KB)
...
040 (8841670.000.000) 10/02 00:38:08 Started transferring output files
...
040 (8841670.000.000) 10/02 00:38:08 Finished transferring output files
...
005 (8841670.000.000) 10/02 00:38:08 Job terminated.
	(1) Normal termination (return value 0)
		Usr 0 00:36:38, Sys 0 00:06:32  -  Run Remote Usage
		Usr 0 00:00:00, Sys 0 00:00:00  -  Run Local Usage
		Usr 0 00:36:38, Sys 0 00:06:32  -  Total Remote Usage
		Usr 0 00:00:00, Sys 0 00:00:00  -  Total Local Usage
	15279  -  Run Bytes Sent By Job
	11352  -  Run Bytes Received By Job
	15279  -  Total Bytes Sent By Job
	11352  -  Total Bytes Received By Job
	Partitionable Resources :    Usage  Request Allocated 
	   Cpus                 :     2.23        1         1 
	   Disk (KB)            :    49          12   3079747 
	   Memory (MB)          :  7877        2000      2000 

	Job terminated of its own accord at 2023-10-01T22:38:07Z.
...
000 (8841704.000.000) 10/02 01:19:05 Job submitted from host: <188.184.90.62:9618?addrs=188.184.90.62-9618+[2001-1458-201-e4--100-238]-9618&alias=bigbird16.cern.ch&noUDP&sock=schedd_4073970_23e3>
...
040 (8841704.000.000) 10/02 01:22:22 Started transferring input files
	Transferring to host: <128.142.137.36:9618?addrs=128.142.137.36-9618+[2001-1458-301-5e--100-18]-9618&alias=b7g19p6399.cern.ch&noUDP&sock=slot1_7_3181_0d5a_8397>
...
040 (8841704.000.000) 10/02 01:22:22 Finished transferring input files
...
001 (8841704.000.000) 10/02 01:22:23 Job executing on host: <128.142.137.36:9618?addrs=128.142.137.36-9618+[2001-1458-301-5e--100-18]-9618&alias=b7g19p6399.cern.ch&noUDP&sock=startd_2698_2e9b>
...
006 (8841704.000.000) 10/02 01:22:31 Image size of job updated: 153804
	80  -  MemoryUsage of job (MB)
	81824  -  ResidentSetSize of job (KB)
...
006 (8841704.000.000) 10/02 01:27:31 Image size of job updated: 20372496
	11504  -  MemoryUsage of job (MB)
	11779700  -  ResidentSetSize of job (KB)
...
006 (8841704.000.000) 10/02 01:32:31 Image size of job updated: 20439112
	11504  -  MemoryUsage of job (MB)
	11779700  -  ResidentSetSize of job (KB)
...
040 (8841704.000.000) 10/02 01:38:10 Started transferring output files
...
040 (8841704.000.000) 10/02 01:38:10 Finished transferring output files
...
005 (8841704.000.000) 10/02 01:38:10 Job terminated.
	(1) Normal termination (return value 0)
		Usr 0 00:26:29, Sys 0 00:04:23  -  Run Remote Usage
		Usr 0 00:00:00, Sys 0 00:00:00  -  Run Local Usage
		Usr 0 00:26:29, Sys 0 00:04:23  -  Total Remote Usage
		Usr 0 00:00:00, Sys 0 00:00:00  -  Total Local Usage
	14567  -  Run Bytes Sent By Job
	11945  -  Run Bytes Received By Job
	14567  -  Total Bytes Sent By Job
	11945  -  Total Bytes Received By Job
	Partitionable Resources :    Usage  Request Allocated 
	   Cpus                 :     2.32        1         1 
	   Disk (KB)            :    48          12   1696463 
	   Memory (MB)          : 11504        2000      2000 

	Job terminated of its own accord at 2023-10-01T23:38:10Z.
...
