000 (5606546.000.000) 06/30 17:07:28 Job submitted from host: <137.138.44.55:9618?addrs=137.138.44.55-9618+[2001-1458-d00-1a--48]-9618&alias=bigbird17.cern.ch&noUDP&sock=schedd_1924_484e>
...
040 (5606546.000.000) 06/30 17:12:25 Started transferring input files
	Transferring to host: <128.142.56.71:9618?addrs=128.142.56.71-9618+[2001-1458-301-6--100-46]-9618&alias=b7s01p6423.cern.ch&noUDP&sock=slot1_8_4024_059d_81541>
...
040 (5606546.000.000) 06/30 17:12:25 Finished transferring input files
...
001 (5606546.000.000) 06/30 17:12:26 Job executing on host: <128.142.56.71:9618?addrs=128.142.56.71-9618+[2001-1458-301-6--100-46]-9618&alias=b7s01p6423.cern.ch&noUDP&sock=startd_3025_7a13>
...
006 (5606546.000.000) 06/30 17:12:35 Image size of job updated: 539296
	133  -  MemoryUsage of job (MB)
	135292  -  ResidentSetSize of job (KB)
...
006 (5606546.000.000) 06/30 17:14:33 Image size of job updated: 4394812
	133  -  MemoryUsage of job (MB)
	135292  -  ResidentSetSize of job (KB)
...
040 (5606546.000.000) 06/30 17:14:33 Started transferring output files
...
040 (5606546.000.000) 06/30 17:14:34 Finished transferring output files
...
005 (5606546.000.000) 06/30 17:14:34 Job terminated.
	(1) Normal termination (return value 1)
		Usr 0 00:01:00, Sys 0 00:00:03  -  Run Remote Usage
		Usr 0 00:00:00, Sys 0 00:00:00  -  Run Local Usage
		Usr 0 00:01:00, Sys 0 00:00:03  -  Total Remote Usage
		Usr 0 00:00:00, Sys 0 00:00:00  -  Total Local Usage
	5495  -  Run Bytes Sent By Job
	17323  -  Run Bytes Received By Job
	5495  -  Total Bytes Sent By Job
	17323  -  Total Bytes Received By Job
	Partitionable Resources :    Usage  Request Allocated 
	   Cpus                 :     0.85        1         1 
	   Disk (KB)            :    43          20   1333144 
	   Memory (MB)          :   133        2000      2000 

	Job terminated of its own accord at 2023-06-30T15:14:33Z.
...
