000 (5606547.000.000) 06/30 17:07:32 Job submitted from host: <137.138.44.55:9618?addrs=137.138.44.55-9618+[2001-1458-d00-1a--48]-9618&alias=bigbird17.cern.ch&noUDP&sock=schedd_1924_484e>
...
000 (5606548.000.000) 06/30 17:07:33 Job submitted from host: <137.138.44.55:9618?addrs=137.138.44.55-9618+[2001-1458-d00-1a--48]-9618&alias=bigbird17.cern.ch&noUDP&sock=schedd_1924_484e>
...
040 (5606547.000.000) 06/30 17:12:26 Started transferring input files
	Transferring to host: <128.142.63.22:9618?addrs=128.142.63.22-9618+[2001-1458-301-38--100-13]-9618&alias=b7s08p3783.cern.ch&noUDP&sock=slot1_5_5653_ccbf_88708>
...
040 (5606547.000.000) 06/30 17:12:26 Finished transferring input files
...
001 (5606547.000.000) 06/30 17:12:27 Job executing on host: <128.142.63.22:9618?addrs=128.142.63.22-9618+[2001-1458-301-38--100-13]-9618&alias=b7s08p3783.cern.ch&noUDP&sock=startd_4836_ac17>
...
040 (5606548.000.000) 06/30 17:12:27 Started transferring input files
	Transferring to host: <128.142.195.20:9618?addrs=128.142.195.20-9618+[2001-1458-301-26--100-14]-9618&alias=b7g31p0323.cern.ch&noUDP&sock=slot1_29_5006_ee05_84004>
...
040 (5606548.000.000) 06/30 17:12:27 Finished transferring input files
...
001 (5606548.000.000) 06/30 17:12:28 Job executing on host: <128.142.195.20:9618?addrs=128.142.195.20-9618+[2001-1458-301-26--100-14]-9618&alias=b7g31p0323.cern.ch&noUDP&sock=startd_4228_a282>
...
006 (5606547.000.000) 06/30 17:12:35 Image size of job updated: 371720
	13  -  MemoryUsage of job (MB)
	12368  -  ResidentSetSize of job (KB)
...
006 (5606548.000.000) 06/30 17:12:37 Image size of job updated: 295508
	9  -  MemoryUsage of job (MB)
	8200  -  ResidentSetSize of job (KB)
...
006 (5606548.000.000) 06/30 17:14:50 Image size of job updated: 2072060
	9  -  MemoryUsage of job (MB)
	8200  -  ResidentSetSize of job (KB)
...
040 (5606548.000.000) 06/30 17:14:50 Started transferring output files
...
040 (5606548.000.000) 06/30 17:14:50 Finished transferring output files
...
005 (5606548.000.000) 06/30 17:14:50 Job terminated.
	(1) Normal termination (return value 1)
		Usr 0 00:00:26, Sys 0 00:00:02  -  Run Remote Usage
		Usr 0 00:00:00, Sys 0 00:00:00  -  Run Local Usage
		Usr 0 00:00:26, Sys 0 00:00:02  -  Total Remote Usage
		Usr 0 00:00:00, Sys 0 00:00:00  -  Total Local Usage
	2223  -  Run Bytes Sent By Job
	27181  -  Run Bytes Received By Job
	2223  -  Total Bytes Sent By Job
	27181  -  Total Bytes Received By Job
	Partitionable Resources :    Usage  Request Allocated 
	   Cpus                 :                 1         1 
	   Disk (KB)            :       45       27   1266560 
	   Memory (MB)          :        9     2000      2000 

	Job terminated of its own accord at 2023-06-30T15:14:50Z.
...
006 (5606547.000.000) 06/30 17:17:35 Image size of job updated: 9395788
	1840  -  MemoryUsage of job (MB)
	1883296  -  ResidentSetSize of job (KB)
...
040 (5606547.000.000) 06/30 17:17:58 Started transferring output files
...
040 (5606547.000.000) 06/30 17:17:58 Finished transferring output files
...
005 (5606547.000.000) 06/30 17:17:58 Job terminated.
	(1) Normal termination (return value 1)
		Usr 0 00:03:50, Sys 0 00:00:05  -  Run Remote Usage
		Usr 0 00:00:00, Sys 0 00:00:00  -  Run Local Usage
		Usr 0 00:03:50, Sys 0 00:00:05  -  Total Remote Usage
		Usr 0 00:00:00, Sys 0 00:00:00  -  Total Local Usage
	8907  -  Run Bytes Sent By Job
	27181  -  Run Bytes Received By Job
	8907  -  Total Bytes Sent By Job
	27181  -  Total Bytes Received By Job
	Partitionable Resources :    Usage  Request Allocated 
	   Cpus                 :     0.86        1         1 
	   Disk (KB)            :    57          27   1238746 
	   Memory (MB)          :  1840        2000      2000 

	Job terminated of its own accord at 2023-06-30T15:17:58Z.
...
