000 (5606549.000.000) 06/30 17:07:35 Job submitted from host: <137.138.44.55:9618?addrs=137.138.44.55-9618+[2001-1458-d00-1a--48]-9618&alias=bigbird17.cern.ch&noUDP&sock=schedd_1924_484e>
...
040 (5606549.000.000) 06/30 17:12:37 Started transferring input files
	Transferring to host: <128.142.195.20:9618?addrs=128.142.195.20-9618+[2001-1458-301-26--100-14]-9618&alias=b7g31p0323.cern.ch&noUDP&sock=slot1_31_5006_ee05_84005>
...
040 (5606549.000.000) 06/30 17:12:37 Finished transferring input files
...
001 (5606549.000.000) 06/30 17:12:38 Job executing on host: <128.142.195.20:9618?addrs=128.142.195.20-9618+[2001-1458-301-26--100-14]-9618&alias=b7g31p0323.cern.ch&noUDP&sock=startd_4228_a282>
...
006 (5606549.000.000) 06/30 17:12:46 Image size of job updated: 288084
	63  -  MemoryUsage of job (MB)
	63612  -  ResidentSetSize of job (KB)
...
006 (5606549.000.000) 06/30 17:16:26 Image size of job updated: 5166116
	63  -  MemoryUsage of job (MB)
	63612  -  ResidentSetSize of job (KB)
...
040 (5606549.000.000) 06/30 17:16:26 Started transferring output files
...
040 (5606549.000.000) 06/30 17:16:26 Finished transferring output files
...
005 (5606549.000.000) 06/30 17:16:26 Job terminated.
	(1) Normal termination (return value 1)
		Usr 0 00:02:17, Sys 0 00:00:03  -  Run Remote Usage
		Usr 0 00:00:00, Sys 0 00:00:00  -  Run Local Usage
		Usr 0 00:02:17, Sys 0 00:00:03  -  Total Remote Usage
		Usr 0 00:00:00, Sys 0 00:00:00  -  Total Local Usage
	8746  -  Run Bytes Sent By Job
	18941  -  Run Bytes Received By Job
	8746  -  Total Bytes Sent By Job
	18941  -  Total Bytes Received By Job
	Partitionable Resources :    Usage  Request Allocated 
	   Cpus                 :                 1         1 
	   Disk (KB)            :       41       20   1266439 
	   Memory (MB)          :       63     2000      2000 

	Job terminated of its own accord at 2023-06-30T15:16:26Z.
...
