000 (5606551.000.000) 06/30 17:07:38 Job submitted from host: <137.138.44.55:9618?addrs=137.138.44.55-9618+[2001-1458-d00-1a--48]-9618&alias=bigbird17.cern.ch&noUDP&sock=schedd_1924_484e>
...
040 (5606551.000.000) 06/30 17:12:27 Started transferring input files
	Transferring to host: <188.184.163.132:9618?addrs=188.184.163.132-9618+[2001-1458-301-4d--100-7e]-9618&alias=b7s12p7724.cern.ch&noUDP&sock=slot1_16_41777_6cfc_15964>
...
040 (5606551.000.000) 06/30 17:12:27 Finished transferring input files
...
001 (5606551.000.000) 06/30 17:12:28 Job executing on host: <188.184.163.132:9618?addrs=188.184.163.132-9618+[2001-1458-301-4d--100-7e]-9618&alias=b7s12p7724.cern.ch&noUDP&sock=startd_41738_5ff6>
...
006 (5606551.000.000) 06/30 17:12:37 Image size of job updated: 15928
	6  -  MemoryUsage of job (MB)
	5180  -  ResidentSetSize of job (KB)
...
006 (5606551.000.000) 06/30 17:17:00 Image size of job updated: 4229400
	6  -  MemoryUsage of job (MB)
	5180  -  ResidentSetSize of job (KB)
...
040 (5606551.000.000) 06/30 17:17:00 Started transferring output files
...
040 (5606551.000.000) 06/30 17:17:01 Finished transferring output files
...
005 (5606551.000.000) 06/30 17:17:01 Job terminated.
	(1) Normal termination (return value 1)
		Usr 0 00:02:10, Sys 0 00:00:03  -  Run Remote Usage
		Usr 0 00:00:00, Sys 0 00:00:00  -  Run Local Usage
		Usr 0 00:02:10, Sys 0 00:00:03  -  Total Remote Usage
		Usr 0 00:00:00, Sys 0 00:00:00  -  Total Local Usage
	8747  -  Run Bytes Sent By Job
	17118  -  Run Bytes Received By Job
	8747  -  Total Bytes Sent By Job
	17118  -  Total Bytes Received By Job
	Partitionable Resources :    Usage  Request Allocated 
	   Cpus                 :     0.17        1         1 
	   Disk (KB)            :    47          17   2752699 
	   Memory (MB)          :     6        2000      2000 

	Job terminated of its own accord at 2023-06-30T15:17:00Z.
...
