000 (5606552.000.000) 06/30 17:07:41 Job submitted from host: <137.138.44.55:9618?addrs=137.138.44.55-9618+[2001-1458-d00-1a--48]-9618&alias=bigbird17.cern.ch&noUDP&sock=schedd_1924_484e>
...
040 (5606552.000.000) 06/30 17:12:27 Started transferring input files
	Transferring to host: <128.142.56.53:9618?addrs=128.142.56.53-9618+[2001-1458-301-6--100-34]-9618&alias=b7s01p5821.cern.ch&noUDP&sock=slot1_3_4274_2b67_93162>
...
040 (5606552.000.000) 06/30 17:12:27 Finished transferring input files
...
001 (5606552.000.000) 06/30 17:12:28 Job executing on host: <128.142.56.53:9618?addrs=128.142.56.53-9618+[2001-1458-301-6--100-34]-9618&alias=b7s01p5821.cern.ch&noUDP&sock=startd_2967_b195>
...
006 (5606552.000.000) 06/30 17:12:37 Image size of job updated: 285388
	5  -  MemoryUsage of job (MB)
	4892  -  ResidentSetSize of job (KB)
...
006 (5606552.000.000) 06/30 17:15:22 Image size of job updated: 1596936
	5  -  MemoryUsage of job (MB)
	4892  -  ResidentSetSize of job (KB)
...
040 (5606552.000.000) 06/30 17:15:22 Started transferring output files
...
040 (5606552.000.000) 06/30 17:15:22 Finished transferring output files
...
005 (5606552.000.000) 06/30 17:15:22 Job terminated.
	(1) Normal termination (return value 1)
		Usr 0 00:01:00, Sys 0 00:00:01  -  Run Remote Usage
		Usr 0 00:00:00, Sys 0 00:00:00  -  Run Local Usage
		Usr 0 00:01:00, Sys 0 00:00:01  -  Total Remote Usage
		Usr 0 00:00:00, Sys 0 00:00:00  -  Total Local Usage
	5496  -  Run Bytes Sent By Job
	11724  -  Run Bytes Received By Job
	5496  -  Total Bytes Sent By Job
	11724  -  Total Bytes Received By Job
	Partitionable Resources :    Usage  Request Allocated 
	   Cpus                 :     0.99        1         1 
	   Disk (KB)            :    38          12   1163979 
	   Memory (MB)          :     5        2000      2000 

	Job terminated of its own accord at 2023-06-30T15:15:22Z.
...
