000 (5606550.000.000) 06/30 17:07:36 Job submitted from host: <137.138.44.55:9618?addrs=137.138.44.55-9618+[2001-1458-d00-1a--48]-9618&alias=bigbird17.cern.ch&noUDP&sock=schedd_1924_484e>
...
040 (5606550.000.000) 06/30 17:12:26 Started transferring input files
	Transferring to host: <128.142.63.53:9618?addrs=128.142.63.53-9618+[2001-1458-301-38--100-32]-9618&alias=b7s08p4250.cern.ch&noUDP&sock=slot1_8_4358_5aea_91536>
...
040 (5606550.000.000) 06/30 17:12:26 Finished transferring input files
...
001 (5606550.000.000) 06/30 17:12:27 Job executing on host: <128.142.63.53:9618?addrs=128.142.63.53-9618+[2001-1458-301-38--100-32]-9618&alias=b7s08p4250.cern.ch&noUDP&sock=startd_3093_1e84>
...
006 (5606550.000.000) 06/30 17:12:35 Image size of job updated: 285480
	40  -  MemoryUsage of job (MB)
	40744  -  ResidentSetSize of job (KB)
...
006 (5606550.000.000) 06/30 17:15:17 Image size of job updated: 4223132
	41  -  MemoryUsage of job (MB)
	41876  -  ResidentSetSize of job (KB)
...
040 (5606550.000.000) 06/30 17:15:17 Started transferring output files
...
040 (5606550.000.000) 06/30 17:15:17 Finished transferring output files
...
005 (5606550.000.000) 06/30 17:15:17 Job terminated.
	(1) Normal termination (return value 1)
		Usr 0 00:01:33, Sys 0 00:00:03  -  Run Remote Usage
		Usr 0 00:00:00, Sys 0 00:00:00  -  Run Local Usage
		Usr 0 00:01:33, Sys 0 00:00:03  -  Total Remote Usage
		Usr 0 00:00:00, Sys 0 00:00:00  -  Total Local Usage
	8747  -  Run Bytes Sent By Job
	17118  -  Run Bytes Received By Job
	8747  -  Total Bytes Sent By Job
	17118  -  Total Bytes Received By Job
	Partitionable Resources :    Usage  Request Allocated 
	   Cpus                 :                 1         1 
	   Disk (KB)            :       39       17   1297394 
	   Memory (MB)          :       41     2000      2000 

	Job terminated of its own accord at 2023-06-30T15:15:17Z.
...
