DEBUG 2023-11-14 18:42:52.957 UTC: 	 CRAB Client version: v3.231010
DEBUG 2023-11-14 18:42:52.958 UTC: 	 Running on: Linux lxplus799.cern.ch 3.10.0-1160.99.1.el7.x86_64 #1 SMP Wed Sep 13 14:19:20 UTC 2023 x86_64 x86_64 x86_64 GNU/Linux - CentOS Linux 7 (Core)
DEBUG 2023-11-14 18:42:52.958 UTC: 	 Executing command: 'submit'
DEBUG 2023-11-14 18:42:52.958 UTC: 	 Found CRAB cache file /afs/cern.ch/user/l/lfavilla/.crab3
INFO 2023-11-14 18:42:52.960 UTC: 	 Will use CRAB configuration file crab_cfg.py
DEBUG 2023-11-14 18:42:52.960 UTC: 	 Loading CRAB configuration file.
DEBUG 2023-11-14 18:42:52.992 UTC: 	 Will use CRAB Analysis plugin (i.e. will run an analysis job type).
DEBUG 2023-11-14 18:42:53.034 UTC: 	 Checking credentials
DEBUG 2023-11-14 18:42:53.035 UTC: 	 Found proxy file /tmp/x509up_u159320
DEBUG 2023-11-14 18:42:53.035 UTC: 	 Making sure it has proper VOMS extension
DEBUG 2023-11-14 18:42:53.035 UTC: 	 Executing command :
 voms-proxy-info --vo --file /tmp/x509up_u159320
DEBUG 2023-11-14 18:42:54.285 UTC: 	 output : cms

 error: 
 retcode : 0
DEBUG 2023-11-14 18:42:54.285 UTC: 	 Getting proxy life time left
DEBUG 2023-11-14 18:42:54.285 UTC: 	 Executing command :
 voms-proxy-info --actimeleft --timeleft --file /tmp/x509up_u159320
DEBUG 2023-11-14 18:42:55.253 UTC: 	 output : 29815
29815

 error: 
 retcode : 0
DEBUG 2023-11-14 18:42:55.253 UTC: 	 Proxy valid for 08:16:55 hours
DEBUG 2023-11-14 18:42:55.370 UTC: 	 Encoded data for curl request: subresource=delegatedn
DEBUG 2023-11-14 18:42:55.536 UTC: 	 Registering user credentials on myproxy for /DC=ch/DC=cern/OU=computers/CN=crab-(preprod|prod|dev)-tw(01|02|03).cern.ch|/DC=ch/DC=cern/OU=computers/CN=stefanov(m|m2).cern.ch|/DC=ch/DC=cern/OU=computers/CN=dciangot-tw.cern.ch
DEBUG 2023-11-14 18:42:55.536 UTC: 	 Executing command :
 voms-proxy-info --identity --file /tmp/x509up_u159320
DEBUG 2023-11-14 18:42:56.507 UTC: 	 output : /DC=ch/DC=cern/OU=Organic Units/OU=Users/CN=lfavilla/CN=867090/CN=Leonardo Favilla

 error: 
 retcode : 0
DEBUG 2023-11-14 18:42:56.508 UTC: 	 Getting myproxy life time left for 70284ad9de3a40585c76dbf527363be004fcbd17
DEBUG 2023-11-14 18:42:56.508 UTC: 	 Executing command :
 myproxy-info -s myproxy.cern.ch -l 70284ad9de3a40585c76dbf527363be004fcbd17
DEBUG 2023-11-14 18:42:57.087 UTC: 	 output : username: 70284ad9de3a40585c76dbf527363be004fcbd17
owner: /DC=ch/DC=cern/OU=Organic Units/OU=Users/CN=lfavilla/CN=867090/CN=Leonardo Favilla
  renewal policy: /DC=ch/DC=cern/OU=computers/CN=crab-(preprod|prod|dev)-tw(01|02|03).cern.ch|/DC=ch/DC=cern/OU=computers/CN=stefanov(m|m2).cern.ch|/DC=ch/DC=cern/OU=computers/CN=dciangot-tw.cern.ch
  trusted retrieval policy: /DC=ch/DC=cern/OU=computers/CN=crab-(preprod|prod|dev)-tw(01|02|03).cern.ch|/DC=ch/DC=cern/OU=computers/CN=stefanov(m|m2).cern.ch|/DC=ch/DC=cern/OU=computers/CN=dciangot-tw.cern.ch
  timeleft: 400:01:23  (16.7 days)

 error: 
 retcode : 0
DEBUG 2023-11-14 18:42:57.087 UTC: 	 Myproxy is valid: 1440060
DEBUG 2023-11-14 18:42:57.087 UTC: 	 Result of myproxy credential check:
  Credential exists on myproxy: username: 70284ad9de3a40585c76dbf527363be004fcbd17  - validity: 16 days, 16:01:00
DEBUG 2023-11-14 18:42:57.088 UTC: 	 Command use: submit
DEBUG 2023-11-14 18:42:57.088 UTC: 	 Options use: ['-c', 'crab_cfg.py']
DEBUG 2023-11-14 18:42:57.088 UTC: 	 Encoded data for curl request: subresource=version
DEBUG 2023-11-14 18:42:57.170 UTC: 	 CRABClient version: v3.231010
DEBUG 2023-11-14 18:42:57.170 UTC: 	 Instance is prod
DEBUG 2023-11-14 18:42:57.170 UTC: 	 Server base url is cmsweb.cern.ch
DEBUG 2023-11-14 18:42:57.170 UTC: 	 Command api workflow
DEBUG 2023-11-14 18:42:57.170 UTC: 	 Started submission
DEBUG 2023-11-14 18:42:57.170 UTC: 	 Working on /afs/cern.ch/user/l/lfavilla/CMSSW_12_6_0/src/PhysicsTools/NanoAODTools/crab/crab_ZJetsToNuNu_HT600To800_2018
DEBUG 2023-11-14 18:42:57.171 UTC: 	 Encoded data for curl request: subresource=backendurls
DEBUG 2023-11-14 18:42:57.481 UTC: 	 Loading required information from the environment
DEBUG 2023-11-14 18:42:57.481 UTC: 	 Found CMSSW_12_6_0 for slc7_amd64_gcc10 with base /afs/cern.ch/user/l/lfavilla/CMSSW_12_6_0
DEBUG 2023-11-14 18:42:57.481 UTC: 	 Loading required information from the environment
DEBUG 2023-11-14 18:42:57.481 UTC: 	 Found CMSSW_12_6_0 for slc7_amd64_gcc10 with base /afs/cern.ch/user/l/lfavilla/CMSSW_12_6_0
DEBUG 2023-11-14 18:42:57.481 UTC: 	 UNIQUE NAME: tarUUID 221685b4-a259-4c57-9b8a-605949ccb762 
DEBUG 2023-11-14 18:42:57.482 UTC: 	 self.config: from WMCore.Configuration import Configuration
config = Configuration()
config.section_('General')
config.General.requestName = 'ZJetsToNuNu_HT600To800_2018'
config.General.transferLogs = True
config.section_('JobType')
config.JobType.scriptExe = 'crab_script.sh'
config.JobType.maxJobRuntimeMin = 2700
config.JobType.pluginName = 'Analysis'
config.JobType.inputFiles = ['crab_script.py', '../scripts/haddnano.py', '../scripts/keep_and_drop.txt']
config.JobType.psetName = 'PSet.py'
config.section_('Data')
config.Data.allowNonValidInputDataset = True
config.Data.outputDatasetTag = 'ZJetsToNuNu_HT600To800_2018'
config.Data.inputDBS = 'global'
config.Data.unitsPerJob = 1
config.Data.publication = False
config.Data.inputDataset = '/ZJetsToNuNu_HT-600To800_TuneCP5_13TeV-madgraphMLM-pythia8/RunIISummer20UL18NanoAODv9-106X_upgrade2018_realistic_v16_L1v1-v1/NANOAODSIM'
config.Data.splitting = 'FileBased'
config.Data.outLFNDirBase = '/store/user/lfavilla/DM_v0'
config.section_('Site')
config.Site.storageSite = 'T2_IT_Pisa'

DEBUG 2023-11-14 18:42:57.482 UTC: 	 self.config.JobType.psetName: PSet.py
INFO 2023-11-14 18:42:57.482 UTC: 	 Importing CMSSW configuration PSet.py
INFO 2023-11-14 18:42:58.128 UTC: 	 Finished importing CMSSW configuration PSet.py
DEBUG 2023-11-14 18:42:58.129 UTC: 	 Writing CMSSW configuration to /afs/cern.ch/user/l/lfavilla/CMSSW_12_6_0/src/PhysicsTools/NanoAODTools/crab/crab_ZJetsToNuNu_HT600To800_2018/inputs/PSet.py
DEBUG 2023-11-14 18:42:58.142 UTC: 	 The following EDM output files will be collected: ['tree_hadd.root']
DEBUG 2023-11-14 18:42:58.143 UTC: 	 The following TFile output files will be collected: []
DEBUG 2023-11-14 18:42:58.143 UTC: 	 The following user output files (not listed as PoolOuputModule or TFileService in the CMSSW PSet) will be collected: 
DEBUG 2023-11-14 18:42:58.143 UTC: 	 Loading required information from the environment
DEBUG 2023-11-14 18:42:58.143 UTC: 	 Found CMSSW_12_6_0 for slc7_amd64_gcc10 with base /afs/cern.ch/user/l/lfavilla/CMSSW_12_6_0
DEBUG 2023-11-14 18:42:58.143 UTC: 	 Making tarball in /afs/cern.ch/user/l/lfavilla/CMSSW_12_6_0/src/PhysicsTools/NanoAODTools/crab/crab_ZJetsToNuNu_HT600To800_2018/inputs/221685b4-a259-4c57-9b8a-605949ccb762default.tgz
DEBUG 2023-11-14 18:42:58.144 UTC: 	 Checking directory /afs/cern.ch/user/l/lfavilla/CMSSW_12_6_0/bin
DEBUG 2023-11-14 18:42:58.144 UTC: 	 Adding directory /afs/cern.ch/user/l/lfavilla/CMSSW_12_6_0/bin to tarball
DEBUG 2023-11-14 18:42:58.161 UTC: 	 Checking directory /afs/cern.ch/user/l/lfavilla/CMSSW_12_6_0/python
DEBUG 2023-11-14 18:42:58.161 UTC: 	 Adding directory /afs/cern.ch/user/l/lfavilla/CMSSW_12_6_0/python to tarball
DEBUG 2023-11-14 18:42:58.184 UTC: 	 Checking directory /afs/cern.ch/user/l/lfavilla/CMSSW_12_6_0/cfipython
DEBUG 2023-11-14 18:42:58.184 UTC: 	 Adding directory /afs/cern.ch/user/l/lfavilla/CMSSW_12_6_0/cfipython to tarball
DEBUG 2023-11-14 18:42:58.187 UTC: 	 Checking directory /afs/cern.ch/user/l/lfavilla/CMSSW_12_6_0/lib
DEBUG 2023-11-14 18:42:58.187 UTC: 	 Adding directory /afs/cern.ch/user/l/lfavilla/CMSSW_12_6_0/lib to tarball
DEBUG 2023-11-14 18:42:58.194 UTC: 	 Checking directory /afs/cern.ch/user/l/lfavilla/CMSSW_12_6_0/biglib
DEBUG 2023-11-14 18:42:58.194 UTC: 	 Adding directory /afs/cern.ch/user/l/lfavilla/CMSSW_12_6_0/biglib to tarball
DEBUG 2023-11-14 18:42:58.196 UTC: 	 Checking directory /afs/cern.ch/user/l/lfavilla/CMSSW_12_6_0/module
DEBUG 2023-11-14 18:42:58.197 UTC: 	 Checking directory /afs/cern.ch/user/l/lfavilla/CMSSW_12_6_0/config/SCRAM/hooks
DEBUG 2023-11-14 18:42:58.198 UTC: 	 Adding directory /afs/cern.ch/user/l/lfavilla/CMSSW_12_6_0/config/SCRAM/hooks to tarball
DEBUG 2023-11-14 18:42:58.766 UTC: 	 Adding directory /afs/cern.ch/user/l/lfavilla/CMSSW_12_6_0/src/PhysicsTools/NanoAODTools/data to tarball
DEBUG 2023-11-14 18:43:17.374 UTC: 	 Adding directory /afs/cern.ch/user/l/lfavilla/CMSSW_12_6_0/src/PhysicsTools/NanoAODTools/interface to tarball
DEBUG 2023-11-14 18:43:17.383 UTC: 	 Adding directory /afs/cern.ch/user/l/lfavilla/CMSSW_12_6_0/src/PhysicsTools/NanoAODTools/python to tarball
DEBUG 2023-11-14 18:43:36.412 UTC: 	 Adding directory /afs/cern.ch/user/l/lfavilla/CMSSW_12_6_0/src/PhysicsTools/NanoAODTools/python/postprocessing/data to tarball
DEBUG 2023-11-14 18:43:41.166 UTC: 	 Adding file crab_script.py to tarball
DEBUG 2023-11-14 18:43:41.167 UTC: 	 Adding file ../scripts/haddnano.py to tarball
DEBUG 2023-11-14 18:43:41.168 UTC: 	 Adding file ../scripts/keep_and_drop.txt to tarball
DEBUG 2023-11-14 18:43:47.386 UTC: 	 Uploading archive /afs/cern.ch/user/l/lfavilla/CMSSW_12_6_0/src/PhysicsTools/NanoAODTools/crab/crab_ZJetsToNuNu_HT600To800_2018/inputs/221685b4-a259-4c57-9b8a-605949ccb762default.tgz (89 MB) to the CRAB cache. Using URI https://cmsweb.cern.ch/S3/crabcache_prod
DEBUG 2023-11-14 18:44:15.847 UTC: 	 Encoded data for curl request: subresource=upload&objecttype=sandbox&tarballname=25530aede3babef65871e2f8ec27b20b8aeb5fdacb92d18a46a600649a867086.tar.gz
DEBUG 2023-11-14 18:44:16.245 UTC: 	 sandbox 25530aede3babef65871e2f8ec27b20b8aeb5fdacb92d18a46a600649a867086.tar.gz is already in the S3 store, will not upload again
DEBUG 2023-11-14 18:44:16.245 UTC: 	 Loading required information from the environment
DEBUG 2023-11-14 18:44:16.245 UTC: 	 Found CMSSW_12_6_0 for slc7_amd64_gcc10 with base /afs/cern.ch/user/l/lfavilla/CMSSW_12_6_0
DEBUG 2023-11-14 18:44:16.245 UTC: 	 Making tarball in /afs/cern.ch/user/l/lfavilla/CMSSW_12_6_0/src/PhysicsTools/NanoAODTools/crab/crab_ZJetsToNuNu_HT600To800_2018/inputs/debugFiles.tgz
DEBUG 2023-11-14 18:44:16.298 UTC: 	 Uploading archive /afs/cern.ch/user/l/lfavilla/CMSSW_12_6_0/src/PhysicsTools/NanoAODTools/crab/crab_ZJetsToNuNu_HT600To800_2018/inputs/debugFiles.tgz (1 KB) to the CRAB cache. Using URI https://cmsweb.cern.ch/S3/crabcache_prod
DEBUG 2023-11-14 18:44:16.301 UTC: 	 Encoded data for curl request: subresource=upload&objecttype=sandbox&tarballname=052a912688478012c195f27e50eb2f361cf9fb7acf6471ca4f46d961c5767535.tar.gz
DEBUG 2023-11-14 18:44:16.530 UTC: 	 Will execute:
curl -f -v -X POST  -H "User-Agent: CRAB" -F "key=lfavilla/sandboxes/052a912688478012c195f27e50eb2f361cf9fb7acf6471ca4f46d961c5767535.tar.gz" -F "AWSAccessKeyId=ab00fcc889f248c495d2875f15a3badb" -F "policy=eyJleHBpcmF0aW9uIjogIjIwMjMtMTEtMTRUMTk6NDQ6MTZaIiwgImNvbmRpdGlvbnMiOiBbeyJidWNrZXQiOiAiY3JhYmNhY2hlX3Byb2QifSwgeyJrZXkiOiAibGZhdmlsbGEvc2FuZGJveGVzLzA1MmE5MTI2ODg0NzgwMTJjMTk1ZjI3ZTUwZWIyZjM2MWNmOWZiN2FjZjY0NzFjYTRmNDZkOTYxYzU3Njc1MzUudGFyLmd6In1dfQ==" -F "signature=y5Y06OTvRhnfNAWIiSDlQttdka4=" -F "file=@/afs/cern.ch/user/l/lfavilla/CMSSW_12_6_0/src/PhysicsTools/NanoAODTools/crab/crab_ZJetsToNuNu_HT600To800_2018/inputs/debugFiles.tgz" "https://s3.cern.ch/crabcache_prod"
DEBUG 2023-11-14 18:44:16.639 UTC: 	 exitcode: 0
stdout: b''
DEBUG 2023-11-14 18:44:16.639 UTC: 	 sandbox /afs/cern.ch/user/l/lfavilla/CMSSW_12_6_0/src/PhysicsTools/NanoAODTools/crab/crab_ZJetsToNuNu_HT600To800_2018/inputs/debugFiles.tgz successully uploaded to S3
DEBUG 2023-11-14 18:44:16.639 UTC: 	 Result uploading input files: 25530aede3babef65871e2f8ec27b20b8aeb5fdacb92d18a46a600649a867086.tar.gz 
INFO 2023-11-14 18:44:16.642 UTC: 	 Sending the request to the server at cmsweb.cern.ch
DEBUG 2023-11-14 18:44:16.642 UTC: 	 Submitting {'dryrun': 0, 'workflow': 'crab_ZJetsToNuNu_HT600To800_2018', 'saveoutput': 1, 'savelogsflag': 1, 'inputdata': '/ZJetsToNuNu_HT-600To800_TuneCP5_13TeV-madgraphMLM-pythia8/RunIISummer20UL18NanoAODv9-106X_upgrade2018_realistic_v16_L1v1-v1/NANOAODSIM', 'primarydataset': '', 'nonvaliddata': 1, 'userfiles': [], 'dbsurl': 'https://cmsweb.cern.ch/dbs/prod/global/DBSReader', 'useparent': 0, 'ignorelocality': 0, 'splitalgo': 'FileBased', 'algoargs': 1, 'totalunits': 0, 'lfn': '/store/user/lfavilla/DM_v0', 'publication': 0, 'publishdbsurl': 'https://cmsweb.cern.ch/dbs/prod/phys03/DBSWriter', 'publishname2': 'ZJetsToNuNu_HT600To800_2018', 'jobtype': 'Analysis', 'generator': 'pythia', 'addoutputfiles': [], 'maxjobruntime': 2700, 'numcores': 1, 'maxmemory': 2000, 'priority': 10, 'nonprodsw': 0, 'scriptexe': 'crab_script.sh', 'asyncdest': 'T2_IT_Pisa', 'requireaccelerator': 0, 'oneEventMode': 0, 'extrajdl': [], 'ignoreglobalblacklist': 0, 'partialdataset': 0, 'inputblocks': [], 'tfileoutfiles': [], 'edmoutfiles': ['tree_hadd.root'], 'jobarch': 'slc7_amd64_gcc10', 'jobsw': 'CMSSW_12_6_0', 'cacheurl': 'https://cmsweb.cern.ch/S3/crabcache_prod', 'cachefilename': '25530aede3babef65871e2f8ec27b20b8aeb5fdacb92d18a46a600649a867086.tar.gz', 'debugfilename': '052a912688478012c195f27e50eb2f361cf9fb7acf6471ca4f46d961c5767535.tar.gz'} 
DEBUG 2023-11-14 18:44:16.642 UTC: 	 Encoded data for curl request: dryrun=0&workflow=crab_ZJetsToNuNu_HT600To800_2018&saveoutput=1&savelogsflag=1&inputdata=%2FZJetsToNuNu_HT-600To800_TuneCP5_13TeV-madgraphMLM-pythia8%2FRunIISummer20UL18NanoAODv9-106X_upgrade2018_realistic_v16_L1v1-v1%2FNANOAODSIM&primarydataset=&nonvaliddata=1&dbsurl=https%3A%2F%2Fcmsweb.cern.ch%2Fdbs%2Fprod%2Fglobal%2FDBSReader&useparent=0&ignorelocality=0&splitalgo=FileBased&algoargs=1&totalunits=0&lfn=%2Fstore%2Fuser%2Flfavilla%2FDM_v0&publication=0&publishdbsurl=https%3A%2F%2Fcmsweb.cern.ch%2Fdbs%2Fprod%2Fphys03%2FDBSWriter&publishname2=ZJetsToNuNu_HT600To800_2018&jobtype=Analysis&generator=pythia&maxjobruntime=2700&numcores=1&maxmemory=2000&priority=10&nonprodsw=0&scriptexe=crab_script.sh&asyncdest=T2_IT_Pisa&requireaccelerator=0&oneEventMode=0&ignoreglobalblacklist=0&partialdataset=0&jobarch=slc7_amd64_gcc10&jobsw=CMSSW_12_6_0&cacheurl=https%3A%2F%2Fcmsweb.cern.ch%2FS3%2Fcrabcache_prod&cachefilename=25530aede3babef65871e2f8ec27b20b8aeb5fdacb92d18a46a600649a867086.tar.gz&debugfilename=052a912688478012c195f27e50eb2f361cf9fb7acf6471ca4f46d961c5767535.tar.gz&edmoutfiles=tree_hadd.root
DEBUG 2023-11-14 18:44:16.973 UTC: 	 Result: {'result': [{'RequestName': '231114_184416:lfavilla_crab_ZJetsToNuNu_HT600To800_2018'}]}
INFO 2023-11-14 18:44:16.988 UTC: 	 Success: Your task has been delivered to the prod CRAB3 server.
INFO 2023-11-14 18:44:16.988 UTC: 	 Task name: 231114_184416:lfavilla_crab_ZJetsToNuNu_HT600To800_2018
INFO 2023-11-14 18:44:16.988 UTC: 	 Project dir: ./crab_ZJetsToNuNu_HT600To800_2018
INFO 2023-11-14 18:44:16.988 UTC: 	 Please use ' crab status -d ./crab_ZJetsToNuNu_HT600To800_2018 ' to check how the submission process proceeds.
DEBUG 2023-11-14 18:44:16.988 UTC: 	 About to return
INFO 2023-11-14 18:44:16.991 UTC: 	 Log file is /afs/cern.ch/user/l/lfavilla/CMSSW_12_6_0/src/PhysicsTools/NanoAODTools/crab/crab_ZJetsToNuNu_HT600To800_2018/crab.log
DEBUG 2023-11-15 07:34:46.415 UTC: 	 CRAB Client version: v3.231010
DEBUG 2023-11-15 07:34:46.416 UTC: 	 Running on: Linux lxplus799.cern.ch 3.10.0-1160.99.1.el7.x86_64 #1 SMP Wed Sep 13 14:19:20 UTC 2023 x86_64 x86_64 x86_64 GNU/Linux - CentOS Linux 7 (Core)
DEBUG 2023-11-15 07:34:46.416 UTC: 	 Executing command: 'status'
DEBUG 2023-11-15 07:34:46.416 UTC: 	 Found CRAB cache file /afs/cern.ch/user/l/lfavilla/.crab3
DEBUG 2023-11-15 07:34:46.443 UTC: 	 Checking credentials
DEBUG 2023-11-15 07:34:46.443 UTC: 	 Found proxy file /tmp/x509up_u159320
DEBUG 2023-11-15 07:34:46.443 UTC: 	 Making sure it has proper VOMS extension
DEBUG 2023-11-15 07:34:46.443 UTC: 	 Executing command :
 voms-proxy-info --vo --file /tmp/x509up_u159320
DEBUG 2023-11-15 07:34:47.382 UTC: 	 output : cms

 error: 
 retcode : 0
DEBUG 2023-11-15 07:34:47.382 UTC: 	 Getting proxy life time left
DEBUG 2023-11-15 07:34:47.382 UTC: 	 Executing command :
 voms-proxy-info --actimeleft --timeleft --file /tmp/x509up_u159320
DEBUG 2023-11-15 07:34:48.169 UTC: 	 output : 43111
43111

 error: 
 retcode : 0
DEBUG 2023-11-15 07:34:48.169 UTC: 	 Proxy valid for 11:58:31 hours
DEBUG 2023-11-15 07:34:48.238 UTC: 	 Encoded data for curl request: subresource=delegatedn
DEBUG 2023-11-15 07:34:48.336 UTC: 	 Registering user credentials on myproxy for /DC=ch/DC=cern/OU=computers/CN=crab-(preprod|prod|dev)-tw(01|02|03).cern.ch|/DC=ch/DC=cern/OU=computers/CN=stefanov(m|m2).cern.ch|/DC=ch/DC=cern/OU=computers/CN=dciangot-tw.cern.ch
DEBUG 2023-11-15 07:34:48.336 UTC: 	 Executing command :
 voms-proxy-info --identity --file /tmp/x509up_u159320
DEBUG 2023-11-15 07:34:49.146 UTC: 	 output : /DC=ch/DC=cern/OU=Organic Units/OU=Users/CN=lfavilla/CN=867090/CN=Leonardo Favilla

 error: 
 retcode : 0
DEBUG 2023-11-15 07:34:49.146 UTC: 	 Getting myproxy life time left for 70284ad9de3a40585c76dbf527363be004fcbd17
DEBUG 2023-11-15 07:34:49.146 UTC: 	 Executing command :
 myproxy-info -s myproxy.cern.ch -l 70284ad9de3a40585c76dbf527363be004fcbd17
DEBUG 2023-11-15 07:34:49.450 UTC: 	 output : username: 70284ad9de3a40585c76dbf527363be004fcbd17
owner: /DC=ch/DC=cern/OU=Organic Units/OU=Users/CN=lfavilla/CN=867090/CN=Leonardo Favilla
  renewal policy: /DC=ch/DC=cern/OU=computers/CN=crab-(preprod|prod|dev)-tw(01|02|03).cern.ch|/DC=ch/DC=cern/OU=computers/CN=stefanov(m|m2).cern.ch|/DC=ch/DC=cern/OU=computers/CN=dciangot-tw.cern.ch
  trusted retrieval policy: /DC=ch/DC=cern/OU=computers/CN=crab-(preprod|prod|dev)-tw(01|02|03).cern.ch|/DC=ch/DC=cern/OU=computers/CN=stefanov(m|m2).cern.ch|/DC=ch/DC=cern/OU=computers/CN=dciangot-tw.cern.ch
  timeleft: 387:09:31  (16.1 days)

 error: 
 retcode : 0
DEBUG 2023-11-15 07:34:49.451 UTC: 	 Myproxy is valid: 1393740
DEBUG 2023-11-15 07:34:49.451 UTC: 	 Result of myproxy credential check:
  Credential exists on myproxy: username: 70284ad9de3a40585c76dbf527363be004fcbd17  - validity: 16 days, 3:09:00
DEBUG 2023-11-15 07:34:49.452 UTC: 	 Command use: status
DEBUG 2023-11-15 07:34:49.452 UTC: 	 Options use: ['-d', 'crab_ZJetsToNuNu_HT600To800_2018']
DEBUG 2023-11-15 07:34:49.452 UTC: 	 Encoded data for curl request: subresource=version
DEBUG 2023-11-15 07:34:49.537 UTC: 	 CRABClient version: v3.231010
DEBUG 2023-11-15 07:34:49.537 UTC: 	 Instance is prod
DEBUG 2023-11-15 07:34:49.537 UTC: 	 Server base url is cmsweb.cern.ch
DEBUG 2023-11-15 07:34:49.538 UTC: 	 Command api workflow
DEBUG 2023-11-15 07:34:49.538 UTC: 	 Encoded data for curl request: subresource=search&workflow=231114_184416%3Alfavilla_crab_ZJetsToNuNu_HT600To800_2018
DEBUG 2023-11-15 07:34:49.660 UTC: 	 Got information from server oracle database: {'desc': {'columns': ['tm_taskname', 'tm_activity', 'panda_jobset_id', 'tm_task_status', 'tm_task_command', 'tm_start_time', 'tm_start_injection', 'tm_end_injection', 'tm_task_failure', 'tm_job_sw', 'tm_job_arch', 'tm_input_dataset', 'tm_nonvalid_input_dataset', 'tm_use_parent', 'tm_site_whitelist', 'tm_site_blacklist', 'tm_split_algo', 'tm_split_args', 'tm_user_sandbox', 'tm_cache_url', 'tm_username', 'tm_user_dn', 'tm_user_vo', 'tm_user_role', 'tm_user_group', 'tm_publish_name', 'tm_publish_groupname', 'tm_asyncdest', 'tm_dbs_url', 'tm_publish_dbs_url', 'tm_publication', 'tm_outfiles', 'tm_tfile_outfiles', 'tm_edm_outfiles', 'tm_job_type', 'tm_generator', 'tm_events_per_lumi', 'tm_arguments', 'panda_resubmitted_jobs', 'tm_save_logs', 'tw_name', 'tm_user_infiles', 'tm_maxjobruntime', 'tm_numcores', 'tm_maxmemory', 'tm_priority', 'tm_output_dataset', 'tm_task_warnings', 'tm_user_webdir', 'tm_scriptexe', 'tm_scriptargs', 'tm_extrajdl', 'tm_asourl', 'tm_collector', 'tm_schedd', 'tm_dry_run', 'tm_user_files', 'tm_transfer_outputs', 'tm_output_lfn', 'tm_ignore_locality', 'tm_fail_limit', 'tm_one_event_mode', 'tm_secondary_input_dataset', 'tm_primary_dataset', 'tm_last_publication', 'tm_debug_files', 'clusterid', 'tm_asodb', 'tm_ignore_global_blacklist', 'tm_submitter_ip_addr', 'tm_totalunits', 'tm_ddm_reqid', 'tm_user_config', 'tm_transfer_container', 'tm_transfer_rule', 'tm_publish_rule']}, 'result': ['231114_184416:lfavilla_crab_ZJetsToNuNu_HT600To800_2018', 'None', 'None', 'SUBMITTED', 'SUBMIT', '2023-11-14 18:44:16.956248', 'None', '2023-11-14 18:44:42.990700', 'None', 'CMSSW_12_6_0', 'slc7_amd64_gcc10', '/ZJetsToNuNu_HT-600To800_TuneCP5_13TeV-madgraphMLM-pythia8/RunIISummer20UL18NanoAODv9-106X_upgrade2018_realistic_v16_L1v1-v1/NANOAODSIM', 'T', '0', '[]', '[]', 'FileBased', "{'halt_job_on_file_boundaries': False, 'splitOnRun': False, 'files_per_job': 1, 'runs': [], 'lumis': []}", '25530aede3babef65871e2f8ec27b20b8aeb5fdacb92d18a46a600649a867086.tar.gz', 'https://cmsweb.cern.ch/S3/crabcache_prod', 'lfavilla', '/DC=ch/DC=cern/OU=Organic Units/OU=Users/CN=lfavilla/CN=867090/CN=Leonardo Favilla', 'cms', 'None', 'None', 'ZJetsToNuNu_HT600To800_2018-00000000000000000000000000000000', 'F', 'T2_IT_Pisa', 'https://cmsweb.cern.ch/dbs/prod/global/DBSReader', 'https://cmsweb.cern.ch/dbs/prod/phys03/DBSWriter', 'F', '[]', '[]', "['tree_hadd.root']", 'Analysis', 'pythia', 'None', '{}', 'None', 'T', 'crab-prod-tw01', '[]', '2700', '1', '2000', '10', "['/ZJetsToNuNu_HT-600To800_TuneCP5_13TeV-madgraphMLM-pythia8/lfavilla-ZJetsToNuNu_HT600To800_2018-00000000000000000000000000000000/USER']", '[]', 'http://vocms0137.cern.ch/mon/lfavilla/231114_184416:lfavilla_crab_ZJetsToNuNu_HT600To800_2018', 'crab_script.sh', '[]', '[]', 'None', 'cmsgwms-collector-global.cern.ch:9620,cmsgwms-collector-global.fnal.gov:9620', 'crab3@vocms0137.cern.ch', 'F', '[]', 'T', '/store/user/lfavilla/DM_v0', 'F', 'None', 'F', 'None', 'ZJetsToNuNu_HT-600To800_TuneCP5_13TeV-madgraphMLM-pythia8', 'None', '052a912688478012c195f27e50eb2f361cf9fb7acf6471ca4f46d961c5767535.tar.gz', '98076893', 'None', 'F', '137.138.154.184', '0.0', 'None', '{"partialdataset": false, "requireaccelerator": false, "acceleratorparams": null, "inputblocks": null}', 'None', 'None', 'None']}
INFO 2023-11-15 07:34:49.660 UTC: 	 CRAB project directory:		/afs/cern.ch/user/l/lfavilla/CMSSW_12_6_0/src/PhysicsTools/NanoAODTools/crab/crab_ZJetsToNuNu_HT600To800_2018
INFO 2023-11-15 07:34:49.661 UTC: 	 Task name:			231114_184416:lfavilla_crab_ZJetsToNuNu_HT600To800_2018
INFO 2023-11-15 07:34:49.661 UTC: 	 Grid scheduler - Task Worker:	crab3@vocms0137.cern.ch - crab-prod-tw01
INFO 2023-11-15 07:34:49.661 UTC: 	 Status on the CRAB server:	SUBMITTED
INFO 2023-11-15 07:34:49.661 UTC: 	 Task URL to use for HELP:	https://cmsweb.cern.ch/crabserver/ui/task/231114_184416%3Alfavilla_crab_ZJetsToNuNu_HT600To800_2018
INFO 2023-11-15 07:34:49.676 UTC: 	 Dashboard monitoring URL:	https://monit-grafana.cern.ch/d/cmsTMDetail/cms-task-monitoring-task-view?orgId=11&var-user=lfavilla&var-task=231114_184416%3Alfavilla_crab_ZJetsToNuNu_HT600To800_2018&from=1699983856000&to=now
DEBUG 2023-11-15 07:34:49.676 UTC: 	 The CRAB server submitted your task to the Grid scheduler (cluster ID: 98076893)
DEBUG 2023-11-15 07:34:49.677 UTC: 	 Webdir is located at http://vocms0137.cern.ch/mon/lfavilla/231114_184416:lfavilla_crab_ZJetsToNuNu_HT600To800_2018
DEBUG 2023-11-15 07:34:49.677 UTC: 	 Encoded data for curl request: subresource=webdirprx&workflow=231114_184416%3Alfavilla_crab_ZJetsToNuNu_HT600To800_2018
DEBUG 2023-11-15 07:34:49.783 UTC: 	 Proxied webdir is located at https://cmsweb.cern.ch:8443/scheddmon/0137/lfavilla/231114_184416:lfavilla_crab_ZJetsToNuNu_HT600To800_2018
DEBUG 2023-11-15 07:34:49.784 UTC: 	 Retrieving 'status_cache' file from https://cmsweb.cern.ch:8443/scheddmon/0137/lfavilla/231114_184416:lfavilla_crab_ZJetsToNuNu_HT600To800_2018/status_cache.pkl
DEBUG 2023-11-15 07:34:49.784 UTC: 	 Will execute:
curl -sS --capath /etc/grid-security/certificates --cert /tmp/x509up_u159320 --key /tmp/x509up_u159320 -o /tmp/crab_status-cache-082g896s.pkl -w %"{http_code}" "https://cmsweb.cern.ch:8443/scheddmon/0137/lfavilla/231114_184416:lfavilla_crab_ZJetsToNuNu_HT600To800_2018/status_cache.pkl"
DEBUG 2023-11-15 07:34:49.784 UTC: 	 Executing command :
 curl -sS --capath /etc/grid-security/certificates --cert /tmp/x509up_u159320 --key /tmp/x509up_u159320 -o /tmp/crab_status-cache-082g896s.pkl -w %"{http_code}" "https://cmsweb.cern.ch:8443/scheddmon/0137/lfavilla/231114_184416:lfavilla_crab_ZJetsToNuNu_HT600To800_2018/status_cache.pkl"
DEBUG 2023-11-15 07:34:49.836 UTC: 	 output : 200
 error: 
 retcode : 0
DEBUG 2023-11-15 07:34:49.837 UTC: 	 exitcode: 0
stdout: 200
stderr: 
error details: 
DEBUG 2023-11-15 07:34:49.837 UTC: 	 Got information from status cache file: {'1': {'Retries': 0, 'Restarts': 1, 'SiteHistory': ['T2_KR_KISTI', 'T2_KR_KISTI', 'T2_US_Purdue'], 'ResidentSetSize': [45196, 909600], 'SubmitTimes': [1699987489.0, -1], 'StartTimes': [1699987546.0, 1699990485.0], 'EndTimes': [1699990282.0, 1699998999.0], 'TotalUserCpuTimeHistory': [4.0, 7989], 'TotalSysCpuTimeHistory': [0.0, 387], 'WallDurations': [0, 2736.0, 8514.0], 'JobIds': ['98076895.0', '98076895.0'], 'State': 'finished', 'RecordedSite': True}, '2': {'Retries': 2, 'Restarts': 0, 'SiteHistory': ['Unknown', 'T2_UK_London_IC', 'T2_UK_London_IC', 'Unknown', 'T2_UK_London_IC', 'T2_UK_London_IC', 'T2_BR_SPRACE', 'T2_BR_SPRACE'], 'ResidentSetSize': [906652, 920740, 1106672], 'SubmitTimes': [1699987490.0, 1700005539.0, 1700017449.0], 'StartTimes': [1699987728.0, 1700005697.0, 1700017737.0], 'EndTimes': [1700003663.0, 1700011920.0, 1700031140.0], 'TotalUserCpuTimeHistory': [15832, 6229, 13049], 'TotalSysCpuTimeHistory': [357, 120, 984], 'WallDurations': [9.0, 121.80065321922302, 15935.0, 9.0, 201.36940574645996, 6223.0, 9.0, 13403.0], 'JobIds': ['98076896.0', '98083668.0', '98095460.0'], 'State': 'finished', 'RecordedSite': True}, '3': {'Retries': 0, 'Restarts': 0, 'SiteHistory': ['Unknown', 'T2_UK_London_IC', 'T2_UK_London_IC'], 'ResidentSetSize': [929724], 'SubmitTimes': [1699987491.0], 'StartTimes': [1699988211.0], 'EndTimes': [], 'TotalUserCpuTimeHistory': [38966.0], 'TotalSysCpuTimeHistory': [1411.0], 'WallDurations': [9.0, 239.16980409622192, 45091.0], 'JobIds': ['98076897.0'], 'State': 'running', 'RecordedSite': True}, '4': {'Retries': 0, 'Restarts': 0, 'SiteHistory': ['Unknown', 'T2_UK_London_IC', 'T2_UK_London_IC'], 'ResidentSetSize': [769980], 'SubmitTimes': [1699987491.0], 'StartTimes': [1699987981.0], 'EndTimes': [1699993399.0], 'TotalUserCpuTimeHistory': [5243], 'TotalSysCpuTimeHistory': [454], 'WallDurations': [8.0, 168.97899961471558, 5418.0], 'JobIds': ['98076898.0'], 'State': 'finished', 'RecordedSite': True}, '5': {'Retries': 0, 'Restarts': 0, 'SiteHistory': ['Unknown', 'T2_UK_London_IC', 'T2_UK_London_IC'], 'ResidentSetSize': [947944], 'SubmitTimes': [1699987491.0], 'StartTimes': [1699987953.0], 'EndTimes': [], 'TotalUserCpuTimeHistory': [39178.0], 'TotalSysCpuTimeHistory': [1420.0], 'WallDurations': [9.0, 196.97899961471558, 45391.0], 'JobIds': ['98076899.0'], 'State': 'running', 'RecordedSite': True}, '6': {'Retries': 0, 'Restarts': 0, 'SiteHistory': ['Unknown', 'T2_UK_London_IC', 'T2_UK_London_IC'], 'ResidentSetSize': [935312], 'SubmitTimes': [1699987491.0], 'StartTimes': [1699987713.0], 'EndTimes': [], 'TotalUserCpuTimeHistory': [39946.0], 'TotalSysCpuTimeHistory': [1440.0], 'WallDurations': [8.0, 136.80065321922302, 45685.0], 'JobIds': ['98076900.0'], 'State': 'running', 'RecordedSite': True}, '7': {'Retries': 0, 'Restarts': 0, 'SiteHistory': ['Unknown', 'T2_UK_London_IC', 'T2_UK_London_IC'], 'ResidentSetSize': [956644], 'SubmitTimes': [1699987491.0], 'StartTimes': [1699987712.0], 'EndTimes': [], 'TotalUserCpuTimeHistory': [39687.0], 'TotalSysCpuTimeHistory': [1605.0], 'WallDurations': [9.0, 137.80065321922302, 45687.0], 'JobIds': ['98076901.0'], 'State': 'running', 'RecordedSite': True}, '8': {'Retries': 0, 'Restarts': 0, 'SiteHistory': ['Unknown', 'T2_UK_London_IC', 'T2_UK_London_IC'], 'ResidentSetSize': [901012], 'SubmitTimes': [1699987491.0], 'StartTimes': [1699987727.0], 'EndTimes': [1699993683.0], 'TotalUserCpuTimeHistory': [5817], 'TotalSysCpuTimeHistory': [128], 'WallDurations': [9.0, 122.80065321922302, 5956.0], 'JobIds': ['98076902.0'], 'State': 'finished', 'RecordedSite': True}, '9': {'Retries': 0, 'Restarts': 0, 'SiteHistory': ['Unknown', 'T2_UK_London_IC', 'T2_UK_London_IC'], 'ResidentSetSize': [1024788], 'SubmitTimes': [1699987491.0], 'StartTimes': [1699987747.0], 'EndTimes': [1700028492.0], 'TotalUserCpuTimeHistory': [40227], 'TotalSysCpuTimeHistory': [3092], 'WallDurations': [8.0, 102.80065321922302, 40745.0], 'JobIds': ['98076903.0'], 'State': 'finished', 'RecordedSite': True}, '10': {'Retries': 0, 'Restarts': 0, 'SiteHistory': ['Unknown', 'T2_UK_London_IC', 'T2_UK_London_IC'], 'ResidentSetSize': [921200], 'SubmitTimes': [1699987491.0], 'StartTimes': [1699987726.0], 'EndTimes': [1699995245.0], 'TotalUserCpuTimeHistory': [7346], 'TotalSysCpuTimeHistory': [183], 'WallDurations': [9.0, 123.80065321922302, 7519.0], 'JobIds': ['98076904.0'], 'State': 'finished', 'RecordedSite': True}, '11': {'Retries': 0, 'Restarts': 0, 'SiteHistory': ['Unknown', 'T2_UK_London_IC', 'T2_UK_London_IC'], 'ResidentSetSize': [933304], 'SubmitTimes': [1699987491.0], 'StartTimes': [1699987713.0], 'EndTimes': [1700032328.0], 'TotalUserCpuTimeHistory': [39065], 'TotalSysCpuTimeHistory': [1586], 'WallDurations': [9.0, 136.80065321922302, 44615.0], 'JobIds': ['98076905.0'], 'State': 'transferring', 'RecordedSite': True}, '12': {'Retries': 0, 'Restarts': 0, 'SiteHistory': ['Unknown', 'T2_UK_London_IC', 'T2_UK_London_IC'], 'ResidentSetSize': [946476], 'SubmitTimes': [1699987491.0], 'StartTimes': [1699987728.0], 'EndTimes': [], 'TotalUserCpuTimeHistory': [42462.0], 'TotalSysCpuTimeHistory': [941.0], 'WallDurations': [9.0, 121.80065321922302, 45684.0], 'JobIds': ['98076906.0'], 'State': 'running', 'RecordedSite': True}, '13': {'Retries': 2, 'Restarts': 0, 'SiteHistory': ['Unknown', 'T2_UK_London_IC', 'T2_UK_London_IC', 'Unknown', 'T2_US_Purdue', 'T2_US_Purdue', 'Unknown', 'T2_US_Purdue', 'T2_US_Purdue'], 'ResidentSetSize': [924552, 872432, 1179720], 'SubmitTimes': [1699987491.0, 1700004346.0, 1700017823.0], 'StartTimes': [1699987713.0, 1700004479.0, 1700017946.0], 'EndTimes': [1700002474.0, 1700015894.0], 'TotalUserCpuTimeHistory': [14102, 12159, 368.0], 'TotalSysCpuTimeHistory': [546, 4588, 385.0], 'WallDurations': [9.0, 136.80065321922302, 14761.0, 8.0, 215.38964200019836, 11415.0, 10.0, 295.07867550849915, 313.0], 'JobIds': ['98076907.0', '98083480.0', '98095571.0'], 'State': 'failed', 'RecordedSite': True, 'Error': [50663, 'Not retrying job due CPU limit (using more CPU than Wall Clock)', {}]}, '14': {'Retries': 0, 'Restarts': 0, 'SiteHistory': ['Unknown', 'T2_UK_London_IC', 'T2_UK_London_IC'], 'ResidentSetSize': [1008784], 'SubmitTimes': [1699987491.0], 'StartTimes': [1699987754.0], 'EndTimes': [1699992089.0], 'TotalUserCpuTimeHistory': [4232], 'TotalSysCpuTimeHistory': [357], 'WallDurations': [8.0, 95.80065321922302, 4335.0], 'JobIds': ['98076908.0'], 'State': 'finished', 'RecordedSite': True}}
INFO 2023-11-15 07:34:49.837 UTC: 	 Status on the scheduler:	SUBMITTED
INFO 2023-11-15 07:34:49.838 UTC: 	 
Jobs status:                    failed       		  7.1% ( 1/14)
INFO 2023-11-15 07:34:49.838 UTC: 	 				finished     		 50.0% ( 7/14)
INFO 2023-11-15 07:34:49.838 UTC: 	 				running      		 35.7% ( 5/14)
INFO 2023-11-15 07:34:49.838 UTC: 	 				transferring 		  7.1% ( 1/14)
INFO 2023-11-15 07:34:49.838 UTC: 	 
No publication information (publication has been disabled in the CRAB configuration file)
INFO 2023-11-15 07:34:49.839 UTC: 	 
Error Summary: (use crab status --verboseErrors for details about the errors)

 1 jobs failed with exit code 50663

Have a look at https://twiki.cern.ch/twiki/bin/viewauth/CMSPublic/JobExitCodes for a description of the exit codes.
INFO 2023-11-15 07:34:49.839 UTC: 	 
Warning: the max jobs runtime is less than 30% of the task requested value (2700 min), please consider to request a lower value for failed jobs (allowed through crab resubmit) and/or improve the jobs splitting (e.g. config.Data.splitting = 'Automatic') in a new task.
INFO 2023-11-15 07:34:49.839 UTC: 	 
Summary of run jobs:
 * Memory: 1152MB min, 1152MB max, 950MB ave
 * Runtime: 0:05:13 min, 12:23:35 max, 4:02:15 ave
 * CPU eff: 91% min, 241% max, 100% ave
 * Waste: 14:41:36 (29% of total)

INFO 2023-11-15 07:34:49.855 UTC: 	 Log file is /afs/cern.ch/user/l/lfavilla/CMSSW_12_6_0/src/PhysicsTools/NanoAODTools/crab/crab_ZJetsToNuNu_HT600To800_2018/crab.log
DEBUG 2023-11-15 11:05:51.735 UTC: 	 CRAB Client version: v3.231010
DEBUG 2023-11-15 11:05:51.735 UTC: 	 Running on: Linux lxplus743.cern.ch 3.10.0-1160.95.1.el7.x86_64 #1 SMP Mon Jul 24 13:59:37 UTC 2023 x86_64 x86_64 x86_64 GNU/Linux - CentOS Linux 7 (Core)
DEBUG 2023-11-15 11:05:51.735 UTC: 	 Executing command: 'status'
DEBUG 2023-11-15 11:05:51.735 UTC: 	 Found CRAB cache file /afs/cern.ch/user/l/lfavilla/.crab3
DEBUG 2023-11-15 11:05:52.097 UTC: 	 Checking credentials
DEBUG 2023-11-15 11:05:52.097 UTC: 	 Found proxy file /tmp/x509up_u159320
DEBUG 2023-11-15 11:05:52.097 UTC: 	 Making sure it has proper VOMS extension
DEBUG 2023-11-15 11:05:52.097 UTC: 	 Executing command :
 voms-proxy-info --vo --file /tmp/x509up_u159320
DEBUG 2023-11-15 11:05:52.533 UTC: 	 output : cms

 error: 
 retcode : 0
DEBUG 2023-11-15 11:05:52.533 UTC: 	 Getting proxy life time left
DEBUG 2023-11-15 11:05:52.533 UTC: 	 Executing command :
 voms-proxy-info --actimeleft --timeleft --file /tmp/x509up_u159320
DEBUG 2023-11-15 11:05:52.911 UTC: 	 output : 42794
42794

 error: 
 retcode : 0
DEBUG 2023-11-15 11:05:52.911 UTC: 	 Proxy valid for 11:53:14 hours
DEBUG 2023-11-15 11:05:52.927 UTC: 	 Encoded data for curl request: subresource=delegatedn
DEBUG 2023-11-15 11:05:52.988 UTC: 	 Registering user credentials on myproxy for /DC=ch/DC=cern/OU=computers/CN=crab-(preprod|prod|dev)-tw(01|02|03).cern.ch|/DC=ch/DC=cern/OU=computers/CN=stefanov(m|m2).cern.ch|/DC=ch/DC=cern/OU=computers/CN=dciangot-tw.cern.ch
DEBUG 2023-11-15 11:05:52.989 UTC: 	 Executing command :
 voms-proxy-info --identity --file /tmp/x509up_u159320
DEBUG 2023-11-15 11:05:53.406 UTC: 	 output : /DC=ch/DC=cern/OU=Organic Units/OU=Users/CN=lfavilla/CN=867090/CN=Leonardo Favilla

 error: 
 retcode : 0
DEBUG 2023-11-15 11:05:53.407 UTC: 	 Getting myproxy life time left for 70284ad9de3a40585c76dbf527363be004fcbd17
DEBUG 2023-11-15 11:05:53.407 UTC: 	 Executing command :
 myproxy-info -s myproxy.cern.ch -l 70284ad9de3a40585c76dbf527363be004fcbd17
DEBUG 2023-11-15 11:05:53.609 UTC: 	 output : username: 70284ad9de3a40585c76dbf527363be004fcbd17
owner: /DC=ch/DC=cern/OU=Organic Units/OU=Users/CN=lfavilla/CN=867090/CN=Leonardo Favilla
  renewal policy: /DC=ch/DC=cern/OU=computers/CN=crab-(preprod|prod|dev)-tw(01|02|03).cern.ch|/DC=ch/DC=cern/OU=computers/CN=stefanov(m|m2).cern.ch|/DC=ch/DC=cern/OU=computers/CN=dciangot-tw.cern.ch
  trusted retrieval policy: /DC=ch/DC=cern/OU=computers/CN=crab-(preprod|prod|dev)-tw(01|02|03).cern.ch|/DC=ch/DC=cern/OU=computers/CN=stefanov(m|m2).cern.ch|/DC=ch/DC=cern/OU=computers/CN=dciangot-tw.cern.ch
  timeleft: 383:38:27  (16.0 days)

 error: 
 retcode : 0
DEBUG 2023-11-15 11:05:53.609 UTC: 	 Myproxy is valid: 1381080
DEBUG 2023-11-15 11:05:53.609 UTC: 	 Result of myproxy credential check:
  Credential exists on myproxy: username: 70284ad9de3a40585c76dbf527363be004fcbd17  - validity: 15 days, 23:38:00
DEBUG 2023-11-15 11:05:53.609 UTC: 	 Command use: status
DEBUG 2023-11-15 11:05:53.609 UTC: 	 Options use: ['-d', 'crab_ZJetsToNuNu_HT600To800_2018']
DEBUG 2023-11-15 11:05:53.609 UTC: 	 Encoded data for curl request: subresource=version
DEBUG 2023-11-15 11:05:53.652 UTC: 	 CRABClient version: v3.231010
DEBUG 2023-11-15 11:05:53.652 UTC: 	 Instance is prod
DEBUG 2023-11-15 11:05:53.652 UTC: 	 Server base url is cmsweb.cern.ch
DEBUG 2023-11-15 11:05:53.652 UTC: 	 Command api workflow
DEBUG 2023-11-15 11:05:53.652 UTC: 	 Encoded data for curl request: subresource=search&workflow=231114_184416%3Alfavilla_crab_ZJetsToNuNu_HT600To800_2018
DEBUG 2023-11-15 11:05:53.733 UTC: 	 Got information from server oracle database: {'desc': {'columns': ['tm_taskname', 'tm_activity', 'panda_jobset_id', 'tm_task_status', 'tm_task_command', 'tm_start_time', 'tm_start_injection', 'tm_end_injection', 'tm_task_failure', 'tm_job_sw', 'tm_job_arch', 'tm_input_dataset', 'tm_nonvalid_input_dataset', 'tm_use_parent', 'tm_site_whitelist', 'tm_site_blacklist', 'tm_split_algo', 'tm_split_args', 'tm_user_sandbox', 'tm_cache_url', 'tm_username', 'tm_user_dn', 'tm_user_vo', 'tm_user_role', 'tm_user_group', 'tm_publish_name', 'tm_publish_groupname', 'tm_asyncdest', 'tm_dbs_url', 'tm_publish_dbs_url', 'tm_publication', 'tm_outfiles', 'tm_tfile_outfiles', 'tm_edm_outfiles', 'tm_job_type', 'tm_generator', 'tm_events_per_lumi', 'tm_arguments', 'panda_resubmitted_jobs', 'tm_save_logs', 'tw_name', 'tm_user_infiles', 'tm_maxjobruntime', 'tm_numcores', 'tm_maxmemory', 'tm_priority', 'tm_output_dataset', 'tm_task_warnings', 'tm_user_webdir', 'tm_scriptexe', 'tm_scriptargs', 'tm_extrajdl', 'tm_asourl', 'tm_collector', 'tm_schedd', 'tm_dry_run', 'tm_user_files', 'tm_transfer_outputs', 'tm_output_lfn', 'tm_ignore_locality', 'tm_fail_limit', 'tm_one_event_mode', 'tm_secondary_input_dataset', 'tm_primary_dataset', 'tm_last_publication', 'tm_debug_files', 'clusterid', 'tm_asodb', 'tm_ignore_global_blacklist', 'tm_submitter_ip_addr', 'tm_totalunits', 'tm_ddm_reqid', 'tm_user_config', 'tm_transfer_container', 'tm_transfer_rule', 'tm_publish_rule']}, 'result': ['231114_184416:lfavilla_crab_ZJetsToNuNu_HT600To800_2018', 'None', 'None', 'SUBMITTED', 'SUBMIT', '2023-11-14 18:44:16.956248', 'None', '2023-11-14 18:44:42.990700', 'None', 'CMSSW_12_6_0', 'slc7_amd64_gcc10', '/ZJetsToNuNu_HT-600To800_TuneCP5_13TeV-madgraphMLM-pythia8/RunIISummer20UL18NanoAODv9-106X_upgrade2018_realistic_v16_L1v1-v1/NANOAODSIM', 'T', '0', '[]', '[]', 'FileBased', "{'halt_job_on_file_boundaries': False, 'splitOnRun': False, 'files_per_job': 1, 'runs': [], 'lumis': []}", '25530aede3babef65871e2f8ec27b20b8aeb5fdacb92d18a46a600649a867086.tar.gz', 'https://cmsweb.cern.ch/S3/crabcache_prod', 'lfavilla', '/DC=ch/DC=cern/OU=Organic Units/OU=Users/CN=lfavilla/CN=867090/CN=Leonardo Favilla', 'cms', 'None', 'None', 'ZJetsToNuNu_HT600To800_2018-00000000000000000000000000000000', 'F', 'T2_IT_Pisa', 'https://cmsweb.cern.ch/dbs/prod/global/DBSReader', 'https://cmsweb.cern.ch/dbs/prod/phys03/DBSWriter', 'F', '[]', '[]', "['tree_hadd.root']", 'Analysis', 'pythia', 'None', '{}', 'None', 'T', 'crab-prod-tw01', '[]', '2700', '1', '2000', '10', "['/ZJetsToNuNu_HT-600To800_TuneCP5_13TeV-madgraphMLM-pythia8/lfavilla-ZJetsToNuNu_HT600To800_2018-00000000000000000000000000000000/USER']", '[]', 'http://vocms0137.cern.ch/mon/lfavilla/231114_184416:lfavilla_crab_ZJetsToNuNu_HT600To800_2018', 'crab_script.sh', '[]', '[]', 'None', 'cmsgwms-collector-global.cern.ch:9620,cmsgwms-collector-global.fnal.gov:9620', 'crab3@vocms0137.cern.ch', 'F', '[]', 'T', '/store/user/lfavilla/DM_v0', 'F', 'None', 'F', 'None', 'ZJetsToNuNu_HT-600To800_TuneCP5_13TeV-madgraphMLM-pythia8', 'None', '052a912688478012c195f27e50eb2f361cf9fb7acf6471ca4f46d961c5767535.tar.gz', '98076893', 'None', 'F', '137.138.154.184', '0.0', 'None', '{"partialdataset": false, "requireaccelerator": false, "acceleratorparams": null, "inputblocks": null}', 'None', 'None', 'None']}
INFO 2023-11-15 11:05:53.733 UTC: 	 CRAB project directory:		/afs/cern.ch/user/l/lfavilla/CMSSW_12_6_0/src/PhysicsTools/NanoAODTools/crab/crab_ZJetsToNuNu_HT600To800_2018
INFO 2023-11-15 11:05:53.734 UTC: 	 Task name:			231114_184416:lfavilla_crab_ZJetsToNuNu_HT600To800_2018
INFO 2023-11-15 11:05:53.734 UTC: 	 Grid scheduler - Task Worker:	crab3@vocms0137.cern.ch - crab-prod-tw01
INFO 2023-11-15 11:05:53.734 UTC: 	 Status on the CRAB server:	SUBMITTED
INFO 2023-11-15 11:05:53.734 UTC: 	 Task URL to use for HELP:	https://cmsweb.cern.ch/crabserver/ui/task/231114_184416%3Alfavilla_crab_ZJetsToNuNu_HT600To800_2018
INFO 2023-11-15 11:05:53.743 UTC: 	 Dashboard monitoring URL:	https://monit-grafana.cern.ch/d/cmsTMDetail/cms-task-monitoring-task-view?orgId=11&var-user=lfavilla&var-task=231114_184416%3Alfavilla_crab_ZJetsToNuNu_HT600To800_2018&from=1699983856000&to=now
DEBUG 2023-11-15 11:05:53.743 UTC: 	 The CRAB server submitted your task to the Grid scheduler (cluster ID: 98076893)
DEBUG 2023-11-15 11:05:53.743 UTC: 	 Webdir is located at http://vocms0137.cern.ch/mon/lfavilla/231114_184416:lfavilla_crab_ZJetsToNuNu_HT600To800_2018
DEBUG 2023-11-15 11:05:53.743 UTC: 	 Encoded data for curl request: subresource=webdirprx&workflow=231114_184416%3Alfavilla_crab_ZJetsToNuNu_HT600To800_2018
DEBUG 2023-11-15 11:05:53.788 UTC: 	 Proxied webdir is located at https://cmsweb.cern.ch:8443/scheddmon/0137/lfavilla/231114_184416:lfavilla_crab_ZJetsToNuNu_HT600To800_2018
DEBUG 2023-11-15 11:05:53.822 UTC: 	 Retrieving 'status_cache' file from https://cmsweb.cern.ch:8443/scheddmon/0137/lfavilla/231114_184416:lfavilla_crab_ZJetsToNuNu_HT600To800_2018/status_cache.pkl
DEBUG 2023-11-15 11:05:53.822 UTC: 	 Will execute:
curl -sS --capath /etc/grid-security/certificates --cert /tmp/x509up_u159320 --key /tmp/x509up_u159320 -o /tmp/crab_status-cache-p4gwbmzj.pkl -w %"{http_code}" "https://cmsweb.cern.ch:8443/scheddmon/0137/lfavilla/231114_184416:lfavilla_crab_ZJetsToNuNu_HT600To800_2018/status_cache.pkl"
DEBUG 2023-11-15 11:05:53.822 UTC: 	 Executing command :
 curl -sS --capath /etc/grid-security/certificates --cert /tmp/x509up_u159320 --key /tmp/x509up_u159320 -o /tmp/crab_status-cache-p4gwbmzj.pkl -w %"{http_code}" "https://cmsweb.cern.ch:8443/scheddmon/0137/lfavilla/231114_184416:lfavilla_crab_ZJetsToNuNu_HT600To800_2018/status_cache.pkl"
DEBUG 2023-11-15 11:05:53.858 UTC: 	 output : 200
 error: 
 retcode : 0
DEBUG 2023-11-15 11:05:53.858 UTC: 	 exitcode: 0
stdout: 200
stderr: 
error details: 
DEBUG 2023-11-15 11:05:53.858 UTC: 	 Got information from status cache file: {'1': {'Retries': 0, 'Restarts': 1, 'SiteHistory': ['T2_KR_KISTI', 'T2_KR_KISTI', 'T2_US_Purdue'], 'ResidentSetSize': [45196, 909600], 'SubmitTimes': [1699987489.0, -1], 'StartTimes': [1699987546.0, 1699990485.0], 'EndTimes': [1699990282.0, 1699998999.0], 'TotalUserCpuTimeHistory': [4.0, 7989], 'TotalSysCpuTimeHistory': [0.0, 387], 'WallDurations': [0, 2736.0, 8514.0], 'JobIds': ['98076895.0', '98076895.0'], 'State': 'finished', 'RecordedSite': True}, '2': {'Retries': 2, 'Restarts': 0, 'SiteHistory': ['Unknown', 'T2_UK_London_IC', 'T2_UK_London_IC', 'Unknown', 'T2_UK_London_IC', 'T2_UK_London_IC', 'T2_BR_SPRACE', 'T2_BR_SPRACE'], 'ResidentSetSize': [906652, 920740, 1106672], 'SubmitTimes': [1699987490.0, 1700005539.0, 1700017449.0], 'StartTimes': [1699987728.0, 1700005697.0, 1700017737.0], 'EndTimes': [1700003663.0, 1700011920.0, 1700031140.0], 'TotalUserCpuTimeHistory': [15832, 6229, 13049], 'TotalSysCpuTimeHistory': [357, 120, 984], 'WallDurations': [9.0, 121.80065321922302, 15935.0, 9.0, 201.36940574645996, 6223.0, 9.0, 13403.0], 'JobIds': ['98076896.0', '98083668.0', '98095460.0'], 'State': 'finished', 'RecordedSite': True}, '3': {'Retries': 0, 'Restarts': 0, 'SiteHistory': ['Unknown', 'T2_UK_London_IC', 'T2_UK_London_IC'], 'ResidentSetSize': [929724], 'SubmitTimes': [1699987491.0], 'StartTimes': [1699988211.0], 'EndTimes': [], 'TotalUserCpuTimeHistory': [48249.0], 'TotalSysCpuTimeHistory': [1658.0], 'WallDurations': [9.0, 239.16980409622192, 58014.0], 'JobIds': ['98076897.0'], 'State': 'running', 'RecordedSite': True}, '4': {'Retries': 0, 'Restarts': 0, 'SiteHistory': ['Unknown', 'T2_UK_London_IC', 'T2_UK_London_IC'], 'ResidentSetSize': [769980], 'SubmitTimes': [1699987491.0], 'StartTimes': [1699987981.0], 'EndTimes': [1699993399.0], 'TotalUserCpuTimeHistory': [5243], 'TotalSysCpuTimeHistory': [454], 'WallDurations': [8.0, 168.97899961471558, 5418.0], 'JobIds': ['98076898.0'], 'State': 'finished', 'RecordedSite': True}, '5': {'Retries': 0, 'Restarts': 0, 'SiteHistory': ['Unknown', 'T2_UK_London_IC', 'T2_UK_London_IC'], 'ResidentSetSize': [947944], 'SubmitTimes': [1699987491.0], 'StartTimes': [1699987953.0], 'EndTimes': [], 'TotalUserCpuTimeHistory': [48373.0], 'TotalSysCpuTimeHistory': [1667.0], 'WallDurations': [9.0, 196.97899961471558, 58012.0], 'JobIds': ['98076899.0'], 'State': 'running', 'RecordedSite': True}, '6': {'Retries': 0, 'Restarts': 0, 'SiteHistory': ['Unknown', 'T2_UK_London_IC', 'T2_UK_London_IC'], 'ResidentSetSize': [935312], 'SubmitTimes': [1699987491.0], 'StartTimes': [1699987713.0], 'EndTimes': [1700033964.0], 'TotalUserCpuTimeHistory': [40432], 'TotalSysCpuTimeHistory': [1443], 'WallDurations': [8.0, 136.80065321922302, 46251.0], 'JobIds': ['98076900.0'], 'State': 'finished', 'RecordedSite': True}, '7': {'Retries': 0, 'Restarts': 0, 'SiteHistory': ['Unknown', 'T2_UK_London_IC', 'T2_UK_London_IC'], 'ResidentSetSize': [956644], 'SubmitTimes': [1699987491.0], 'StartTimes': [1699987712.0], 'EndTimes': [], 'TotalUserCpuTimeHistory': [48787.0], 'TotalSysCpuTimeHistory': [1865.0], 'WallDurations': [9.0, 137.80065321922302, 58310.0], 'JobIds': ['98076901.0'], 'State': 'running', 'RecordedSite': True}, '8': {'Retries': 0, 'Restarts': 0, 'SiteHistory': ['Unknown', 'T2_UK_London_IC', 'T2_UK_London_IC'], 'ResidentSetSize': [901012], 'SubmitTimes': [1699987491.0], 'StartTimes': [1699987727.0], 'EndTimes': [1699993683.0], 'TotalUserCpuTimeHistory': [5817], 'TotalSysCpuTimeHistory': [128], 'WallDurations': [9.0, 122.80065321922302, 5956.0], 'JobIds': ['98076902.0'], 'State': 'finished', 'RecordedSite': True}, '9': {'Retries': 0, 'Restarts': 0, 'SiteHistory': ['Unknown', 'T2_UK_London_IC', 'T2_UK_London_IC'], 'ResidentSetSize': [1024788], 'SubmitTimes': [1699987491.0], 'StartTimes': [1699987747.0], 'EndTimes': [1700028492.0], 'TotalUserCpuTimeHistory': [40227], 'TotalSysCpuTimeHistory': [3092], 'WallDurations': [8.0, 102.80065321922302, 40745.0], 'JobIds': ['98076903.0'], 'State': 'finished', 'RecordedSite': True}, '10': {'Retries': 0, 'Restarts': 0, 'SiteHistory': ['Unknown', 'T2_UK_London_IC', 'T2_UK_London_IC'], 'ResidentSetSize': [921200], 'SubmitTimes': [1699987491.0], 'StartTimes': [1699987726.0], 'EndTimes': [1699995245.0], 'TotalUserCpuTimeHistory': [7346], 'TotalSysCpuTimeHistory': [183], 'WallDurations': [9.0, 123.80065321922302, 7519.0], 'JobIds': ['98076904.0'], 'State': 'finished', 'RecordedSite': True}, '11': {'Retries': 0, 'Restarts': 0, 'SiteHistory': ['Unknown', 'T2_UK_London_IC', 'T2_UK_London_IC'], 'ResidentSetSize': [933304], 'SubmitTimes': [1699987491.0], 'StartTimes': [1699987713.0], 'EndTimes': [1700032328.0], 'TotalUserCpuTimeHistory': [39065], 'TotalSysCpuTimeHistory': [1586], 'WallDurations': [9.0, 136.80065321922302, 44615.0], 'JobIds': ['98076905.0'], 'State': 'finished', 'RecordedSite': True}, '12': {'Retries': 0, 'Restarts': 0, 'SiteHistory': ['Unknown', 'T2_UK_London_IC', 'T2_UK_London_IC'], 'ResidentSetSize': [946476], 'SubmitTimes': [1699987491.0], 'StartTimes': [1699987728.0], 'EndTimes': [], 'TotalUserCpuTimeHistory': [53106.0], 'TotalSysCpuTimeHistory': [1128.0], 'WallDurations': [9.0, 121.80065321922302, 58313.0], 'JobIds': ['98076906.0'], 'State': 'running', 'RecordedSite': True}, '13': {'Retries': 2, 'Restarts': 0, 'SiteHistory': ['Unknown', 'T2_UK_London_IC', 'T2_UK_London_IC', 'Unknown', 'T2_US_Purdue', 'T2_US_Purdue', 'Unknown', 'T2_US_Purdue', 'T2_US_Purdue'], 'ResidentSetSize': [924552, 872432, 1179720], 'SubmitTimes': [1699987491.0, 1700004346.0, 1700017823.0], 'StartTimes': [1699987713.0, 1700004479.0, 1700017946.0], 'EndTimes': [1700002474.0, 1700015894.0], 'TotalUserCpuTimeHistory': [14102, 12159, 368.0], 'TotalSysCpuTimeHistory': [546, 4588, 385.0], 'WallDurations': [9.0, 136.80065321922302, 14761.0, 8.0, 215.38964200019836, 11415.0, 10.0, 295.07867550849915, 313.0], 'JobIds': ['98076907.0', '98083480.0', '98095571.0'], 'State': 'failed', 'RecordedSite': True, 'Error': [50663, 'Not retrying job due CPU limit (using more CPU than Wall Clock)', {}]}, '14': {'Retries': 0, 'Restarts': 0, 'SiteHistory': ['Unknown', 'T2_UK_London_IC', 'T2_UK_London_IC'], 'ResidentSetSize': [1008784], 'SubmitTimes': [1699987491.0], 'StartTimes': [1699987754.0], 'EndTimes': [1699992089.0], 'TotalUserCpuTimeHistory': [4232], 'TotalSysCpuTimeHistory': [357], 'WallDurations': [8.0, 95.80065321922302, 4335.0], 'JobIds': ['98076908.0'], 'State': 'finished', 'RecordedSite': True}}
INFO 2023-11-15 11:05:53.858 UTC: 	 Status on the scheduler:	SUBMITTED
INFO 2023-11-15 11:05:53.858 UTC: 	 
Jobs status:                    failed       		  7.1% ( 1/14)
INFO 2023-11-15 11:05:53.858 UTC: 	 				finished     		 64.3% ( 9/14)
INFO 2023-11-15 11:05:53.859 UTC: 	 				running      		 28.6% ( 4/14)
INFO 2023-11-15 11:05:53.859 UTC: 	 
No publication information (publication has been disabled in the CRAB configuration file)
INFO 2023-11-15 11:05:53.859 UTC: 	 
Error Summary: (use crab status --verboseErrors for details about the errors)

 1 jobs failed with exit code 50663

Have a look at https://twiki.cern.ch/twiki/bin/viewauth/CMSPublic/JobExitCodes for a description of the exit codes.
INFO 2023-11-15 11:05:53.859 UTC: 	 
Warning: the max jobs runtime is less than 30% of the task requested value (2700 min), please consider to request a lower value for failed jobs (allowed through crab resubmit) and/or improve the jobs splitting (e.g. config.Data.splitting = 'Automatic') in a new task.
INFO 2023-11-15 11:05:53.859 UTC: 	 
Summary of run jobs:
 * Memory: 1152MB min, 1152MB max, 946MB ave
 * Runtime: 0:05:13 min, 12:50:51 max, 4:55:06 ave
 * CPU eff: 91% min, 241% max, 98% ave
 * Waste: 14:44:01 (23% of total)

INFO 2023-11-15 11:05:53.875 UTC: 	 Log file is /afs/cern.ch/user/l/lfavilla/CMSSW_12_6_0/src/PhysicsTools/NanoAODTools/crab/crab_ZJetsToNuNu_HT600To800_2018/crab.log
DEBUG 2023-11-15 13:39:19.990 UTC: 	 CRAB Client version: v3.231010
DEBUG 2023-11-15 13:39:19.990 UTC: 	 Running on: Linux lxplus743.cern.ch 3.10.0-1160.95.1.el7.x86_64 #1 SMP Mon Jul 24 13:59:37 UTC 2023 x86_64 x86_64 x86_64 GNU/Linux - CentOS Linux 7 (Core)
DEBUG 2023-11-15 13:39:19.990 UTC: 	 Executing command: 'status'
DEBUG 2023-11-15 13:39:19.990 UTC: 	 Found CRAB cache file /afs/cern.ch/user/l/lfavilla/.crab3
DEBUG 2023-11-15 13:39:20.016 UTC: 	 Checking credentials
DEBUG 2023-11-15 13:39:20.016 UTC: 	 Found proxy file /tmp/x509up_u159320
DEBUG 2023-11-15 13:39:20.016 UTC: 	 Making sure it has proper VOMS extension
DEBUG 2023-11-15 13:39:20.016 UTC: 	 Executing command :
 voms-proxy-info --vo --file /tmp/x509up_u159320
DEBUG 2023-11-15 13:39:20.413 UTC: 	 output : cms

 error: 
 retcode : 0
DEBUG 2023-11-15 13:39:20.413 UTC: 	 Getting proxy life time left
DEBUG 2023-11-15 13:39:20.413 UTC: 	 Executing command :
 voms-proxy-info --actimeleft --timeleft --file /tmp/x509up_u159320
DEBUG 2023-11-15 13:39:20.816 UTC: 	 output : 33586
33586

 error: 
 retcode : 0
DEBUG 2023-11-15 13:39:20.816 UTC: 	 Proxy valid for 09:19:46 hours
DEBUG 2023-11-15 13:39:20.838 UTC: 	 Encoded data for curl request: subresource=delegatedn
DEBUG 2023-11-15 13:39:20.893 UTC: 	 Registering user credentials on myproxy for /DC=ch/DC=cern/OU=computers/CN=crab-(preprod|prod|dev)-tw(01|02|03).cern.ch|/DC=ch/DC=cern/OU=computers/CN=stefanov(m|m2).cern.ch|/DC=ch/DC=cern/OU=computers/CN=dciangot-tw.cern.ch
DEBUG 2023-11-15 13:39:20.893 UTC: 	 Executing command :
 voms-proxy-info --identity --file /tmp/x509up_u159320
DEBUG 2023-11-15 13:39:21.256 UTC: 	 output : /DC=ch/DC=cern/OU=Organic Units/OU=Users/CN=lfavilla/CN=867090/CN=Leonardo Favilla

 error: 
 retcode : 0
DEBUG 2023-11-15 13:39:21.256 UTC: 	 Getting myproxy life time left for 70284ad9de3a40585c76dbf527363be004fcbd17
DEBUG 2023-11-15 13:39:21.256 UTC: 	 Executing command :
 myproxy-info -s myproxy.cern.ch -l 70284ad9de3a40585c76dbf527363be004fcbd17
DEBUG 2023-11-15 13:39:21.519 UTC: 	 output : username: 70284ad9de3a40585c76dbf527363be004fcbd17
owner: /DC=ch/DC=cern/OU=Organic Units/OU=Users/CN=lfavilla/CN=867090/CN=Leonardo Favilla
  renewal policy: /DC=ch/DC=cern/OU=computers/CN=crab-(preprod|prod|dev)-tw(01|02|03).cern.ch|/DC=ch/DC=cern/OU=computers/CN=stefanov(m|m2).cern.ch|/DC=ch/DC=cern/OU=computers/CN=dciangot-tw.cern.ch
  trusted retrieval policy: /DC=ch/DC=cern/OU=computers/CN=crab-(preprod|prod|dev)-tw(01|02|03).cern.ch|/DC=ch/DC=cern/OU=computers/CN=stefanov(m|m2).cern.ch|/DC=ch/DC=cern/OU=computers/CN=dciangot-tw.cern.ch
  timeleft: 381:04:59  (15.9 days)

 error: 
 retcode : 0
DEBUG 2023-11-15 13:39:21.519 UTC: 	 Myproxy is valid: 1371840
DEBUG 2023-11-15 13:39:21.520 UTC: 	 Result of myproxy credential check:
  Credential exists on myproxy: username: 70284ad9de3a40585c76dbf527363be004fcbd17  - validity: 15 days, 21:04:00
DEBUG 2023-11-15 13:39:21.520 UTC: 	 Command use: status
DEBUG 2023-11-15 13:39:21.520 UTC: 	 Options use: ['-d', 'crab_ZJetsToNuNu_HT600To800_2018']
DEBUG 2023-11-15 13:39:21.520 UTC: 	 Encoded data for curl request: subresource=version
DEBUG 2023-11-15 13:39:21.594 UTC: 	 CRABClient version: v3.231010
DEBUG 2023-11-15 13:39:21.594 UTC: 	 Instance is prod
DEBUG 2023-11-15 13:39:21.594 UTC: 	 Server base url is cmsweb.cern.ch
DEBUG 2023-11-15 13:39:21.594 UTC: 	 Command api workflow
DEBUG 2023-11-15 13:39:21.595 UTC: 	 Encoded data for curl request: subresource=search&workflow=231114_184416%3Alfavilla_crab_ZJetsToNuNu_HT600To800_2018
DEBUG 2023-11-15 13:39:21.648 UTC: 	 Got information from server oracle database: {'desc': {'columns': ['tm_taskname', 'tm_activity', 'panda_jobset_id', 'tm_task_status', 'tm_task_command', 'tm_start_time', 'tm_start_injection', 'tm_end_injection', 'tm_task_failure', 'tm_job_sw', 'tm_job_arch', 'tm_input_dataset', 'tm_nonvalid_input_dataset', 'tm_use_parent', 'tm_site_whitelist', 'tm_site_blacklist', 'tm_split_algo', 'tm_split_args', 'tm_user_sandbox', 'tm_cache_url', 'tm_username', 'tm_user_dn', 'tm_user_vo', 'tm_user_role', 'tm_user_group', 'tm_publish_name', 'tm_publish_groupname', 'tm_asyncdest', 'tm_dbs_url', 'tm_publish_dbs_url', 'tm_publication', 'tm_outfiles', 'tm_tfile_outfiles', 'tm_edm_outfiles', 'tm_job_type', 'tm_generator', 'tm_events_per_lumi', 'tm_arguments', 'panda_resubmitted_jobs', 'tm_save_logs', 'tw_name', 'tm_user_infiles', 'tm_maxjobruntime', 'tm_numcores', 'tm_maxmemory', 'tm_priority', 'tm_output_dataset', 'tm_task_warnings', 'tm_user_webdir', 'tm_scriptexe', 'tm_scriptargs', 'tm_extrajdl', 'tm_asourl', 'tm_collector', 'tm_schedd', 'tm_dry_run', 'tm_user_files', 'tm_transfer_outputs', 'tm_output_lfn', 'tm_ignore_locality', 'tm_fail_limit', 'tm_one_event_mode', 'tm_secondary_input_dataset', 'tm_primary_dataset', 'tm_last_publication', 'tm_debug_files', 'clusterid', 'tm_asodb', 'tm_ignore_global_blacklist', 'tm_submitter_ip_addr', 'tm_totalunits', 'tm_ddm_reqid', 'tm_user_config', 'tm_transfer_container', 'tm_transfer_rule', 'tm_publish_rule']}, 'result': ['231114_184416:lfavilla_crab_ZJetsToNuNu_HT600To800_2018', 'None', 'None', 'SUBMITTED', 'SUBMIT', '2023-11-14 18:44:16.956248', 'None', '2023-11-14 18:44:42.990700', 'None', 'CMSSW_12_6_0', 'slc7_amd64_gcc10', '/ZJetsToNuNu_HT-600To800_TuneCP5_13TeV-madgraphMLM-pythia8/RunIISummer20UL18NanoAODv9-106X_upgrade2018_realistic_v16_L1v1-v1/NANOAODSIM', 'T', '0', '[]', '[]', 'FileBased', "{'halt_job_on_file_boundaries': False, 'splitOnRun': False, 'files_per_job': 1, 'runs': [], 'lumis': []}", '25530aede3babef65871e2f8ec27b20b8aeb5fdacb92d18a46a600649a867086.tar.gz', 'https://cmsweb.cern.ch/S3/crabcache_prod', 'lfavilla', '/DC=ch/DC=cern/OU=Organic Units/OU=Users/CN=lfavilla/CN=867090/CN=Leonardo Favilla', 'cms', 'None', 'None', 'ZJetsToNuNu_HT600To800_2018-00000000000000000000000000000000', 'F', 'T2_IT_Pisa', 'https://cmsweb.cern.ch/dbs/prod/global/DBSReader', 'https://cmsweb.cern.ch/dbs/prod/phys03/DBSWriter', 'F', '[]', '[]', "['tree_hadd.root']", 'Analysis', 'pythia', 'None', '{}', 'None', 'T', 'crab-prod-tw01', '[]', '2700', '1', '2000', '10', "['/ZJetsToNuNu_HT-600To800_TuneCP5_13TeV-madgraphMLM-pythia8/lfavilla-ZJetsToNuNu_HT600To800_2018-00000000000000000000000000000000/USER']", '[]', 'http://vocms0137.cern.ch/mon/lfavilla/231114_184416:lfavilla_crab_ZJetsToNuNu_HT600To800_2018', 'crab_script.sh', '[]', '[]', 'None', 'cmsgwms-collector-global.cern.ch:9620,cmsgwms-collector-global.fnal.gov:9620', 'crab3@vocms0137.cern.ch', 'F', '[]', 'T', '/store/user/lfavilla/DM_v0', 'F', 'None', 'F', 'None', 'ZJetsToNuNu_HT-600To800_TuneCP5_13TeV-madgraphMLM-pythia8', 'None', '052a912688478012c195f27e50eb2f361cf9fb7acf6471ca4f46d961c5767535.tar.gz', '98076893', 'None', 'F', '137.138.154.184', '0.0', 'None', '{"partialdataset": false, "requireaccelerator": false, "acceleratorparams": null, "inputblocks": null}', 'None', 'None', 'None']}
INFO 2023-11-15 13:39:21.649 UTC: 	 CRAB project directory:		/afs/cern.ch/user/l/lfavilla/CMSSW_12_6_0/src/PhysicsTools/NanoAODTools/crab/crab_ZJetsToNuNu_HT600To800_2018
INFO 2023-11-15 13:39:21.649 UTC: 	 Task name:			231114_184416:lfavilla_crab_ZJetsToNuNu_HT600To800_2018
INFO 2023-11-15 13:39:21.649 UTC: 	 Grid scheduler - Task Worker:	crab3@vocms0137.cern.ch - crab-prod-tw01
INFO 2023-11-15 13:39:21.649 UTC: 	 Status on the CRAB server:	SUBMITTED
INFO 2023-11-15 13:39:21.649 UTC: 	 Task URL to use for HELP:	https://cmsweb.cern.ch/crabserver/ui/task/231114_184416%3Alfavilla_crab_ZJetsToNuNu_HT600To800_2018
INFO 2023-11-15 13:39:21.656 UTC: 	 Dashboard monitoring URL:	https://monit-grafana.cern.ch/d/cmsTMDetail/cms-task-monitoring-task-view?orgId=11&var-user=lfavilla&var-task=231114_184416%3Alfavilla_crab_ZJetsToNuNu_HT600To800_2018&from=1699983856000&to=now
DEBUG 2023-11-15 13:39:21.656 UTC: 	 The CRAB server submitted your task to the Grid scheduler (cluster ID: 98076893)
DEBUG 2023-11-15 13:39:21.656 UTC: 	 Webdir is located at http://vocms0137.cern.ch/mon/lfavilla/231114_184416:lfavilla_crab_ZJetsToNuNu_HT600To800_2018
DEBUG 2023-11-15 13:39:21.656 UTC: 	 Encoded data for curl request: subresource=webdirprx&workflow=231114_184416%3Alfavilla_crab_ZJetsToNuNu_HT600To800_2018
DEBUG 2023-11-15 13:39:21.736 UTC: 	 Proxied webdir is located at https://cmsweb.cern.ch:8443/scheddmon/0137/lfavilla/231114_184416:lfavilla_crab_ZJetsToNuNu_HT600To800_2018
DEBUG 2023-11-15 13:39:21.738 UTC: 	 Retrieving 'status_cache' file from https://cmsweb.cern.ch:8443/scheddmon/0137/lfavilla/231114_184416:lfavilla_crab_ZJetsToNuNu_HT600To800_2018/status_cache.pkl
DEBUG 2023-11-15 13:39:21.738 UTC: 	 Will execute:
curl -sS --capath /etc/grid-security/certificates --cert /tmp/x509up_u159320 --key /tmp/x509up_u159320 -o /tmp/crab_status-cache-0i6klo6s.pkl -w %"{http_code}" "https://cmsweb.cern.ch:8443/scheddmon/0137/lfavilla/231114_184416:lfavilla_crab_ZJetsToNuNu_HT600To800_2018/status_cache.pkl"
DEBUG 2023-11-15 13:39:21.738 UTC: 	 Executing command :
 curl -sS --capath /etc/grid-security/certificates --cert /tmp/x509up_u159320 --key /tmp/x509up_u159320 -o /tmp/crab_status-cache-0i6klo6s.pkl -w %"{http_code}" "https://cmsweb.cern.ch:8443/scheddmon/0137/lfavilla/231114_184416:lfavilla_crab_ZJetsToNuNu_HT600To800_2018/status_cache.pkl"
DEBUG 2023-11-15 13:39:21.848 UTC: 	 output : 200
 error: 
 retcode : 0
DEBUG 2023-11-15 13:39:21.849 UTC: 	 exitcode: 0
stdout: 200
stderr: 
error details: 
DEBUG 2023-11-15 13:39:21.849 UTC: 	 Got information from status cache file: {'1': {'Retries': 0, 'Restarts': 1, 'SiteHistory': ['T2_KR_KISTI', 'T2_KR_KISTI', 'T2_US_Purdue'], 'ResidentSetSize': [45196, 909600], 'SubmitTimes': [1699987489.0, -1], 'StartTimes': [1699987546.0, 1699990485.0], 'EndTimes': [1699990282.0, 1699998999.0], 'TotalUserCpuTimeHistory': [4.0, 7989], 'TotalSysCpuTimeHistory': [0.0, 387], 'WallDurations': [0, 2736.0, 8514.0], 'JobIds': ['98076895.0', '98076895.0'], 'State': 'finished', 'RecordedSite': True}, '2': {'Retries': 2, 'Restarts': 0, 'SiteHistory': ['Unknown', 'T2_UK_London_IC', 'T2_UK_London_IC', 'Unknown', 'T2_UK_London_IC', 'T2_UK_London_IC', 'T2_BR_SPRACE', 'T2_BR_SPRACE'], 'ResidentSetSize': [906652, 920740, 1106672], 'SubmitTimes': [1699987490.0, 1700005539.0, 1700017449.0], 'StartTimes': [1699987728.0, 1700005697.0, 1700017737.0], 'EndTimes': [1700003663.0, 1700011920.0, 1700031140.0], 'TotalUserCpuTimeHistory': [15832, 6229, 13049], 'TotalSysCpuTimeHistory': [357, 120, 984], 'WallDurations': [9.0, 121.80065321922302, 15935.0, 9.0, 201.36940574645996, 6223.0, 9.0, 13403.0], 'JobIds': ['98076896.0', '98083668.0', '98095460.0'], 'State': 'finished', 'RecordedSite': True}, '3': {'Retries': 1, 'Restarts': 0, 'SiteHistory': ['Unknown', 'T2_UK_London_IC', 'T2_UK_London_IC', 'Unknown', 'T1_RU_JINR', 'T1_RU_JINR'], 'ResidentSetSize': [929724, 948380], 'SubmitTimes': [1699987491.0, 1700050436.0], 'StartTimes': [1699988211.0, 1700050528.0], 'EndTimes': [1700050368.0], 'TotalUserCpuTimeHistory': [51748, 4223.0], 'TotalSysCpuTimeHistory': [1775, 91.0], 'WallDurations': [9.0, 239.16980409622192, 62157.0, 9.0, 219.95580291748047, 4516.0], 'JobIds': ['98076897.0', '98128901.0'], 'State': 'running', 'RecordedSite': True}, '4': {'Retries': 0, 'Restarts': 0, 'SiteHistory': ['Unknown', 'T2_UK_London_IC', 'T2_UK_London_IC'], 'ResidentSetSize': [769980], 'SubmitTimes': [1699987491.0], 'StartTimes': [1699987981.0], 'EndTimes': [1699993399.0], 'TotalUserCpuTimeHistory': [5243], 'TotalSysCpuTimeHistory': [454], 'WallDurations': [8.0, 168.97899961471558, 5418.0], 'JobIds': ['98076898.0'], 'State': 'finished', 'RecordedSite': True}, '5': {'Retries': 0, 'Restarts': 0, 'SiteHistory': ['Unknown', 'T2_UK_London_IC', 'T2_UK_London_IC'], 'ResidentSetSize': [947944], 'SubmitTimes': [1699987491.0], 'StartTimes': [1699987953.0], 'EndTimes': [], 'TotalUserCpuTimeHistory': [55861.0], 'TotalSysCpuTimeHistory': [1921.0], 'WallDurations': [9.0, 196.97899961471558, 67029.0], 'JobIds': ['98076899.0'], 'State': 'running', 'RecordedSite': True}, '6': {'Retries': 0, 'Restarts': 0, 'SiteHistory': ['Unknown', 'T2_UK_London_IC', 'T2_UK_London_IC'], 'ResidentSetSize': [935312], 'SubmitTimes': [1699987491.0], 'StartTimes': [1699987713.0], 'EndTimes': [1700033964.0], 'TotalUserCpuTimeHistory': [40432], 'TotalSysCpuTimeHistory': [1443], 'WallDurations': [8.0, 136.80065321922302, 46251.0], 'JobIds': ['98076900.0'], 'State': 'finished', 'RecordedSite': True}, '7': {'Retries': 0, 'Restarts': 0, 'SiteHistory': ['Unknown', 'T2_UK_London_IC', 'T2_UK_London_IC'], 'ResidentSetSize': [956644], 'SubmitTimes': [1699987491.0], 'StartTimes': [1699987712.0], 'EndTimes': [], 'TotalUserCpuTimeHistory': [55896.0], 'TotalSysCpuTimeHistory': [2096.0], 'WallDurations': [9.0, 137.80065321922302, 67326.0], 'JobIds': ['98076901.0'], 'State': 'running', 'RecordedSite': True}, '8': {'Retries': 0, 'Restarts': 0, 'SiteHistory': ['Unknown', 'T2_UK_London_IC', 'T2_UK_London_IC'], 'ResidentSetSize': [901012], 'SubmitTimes': [1699987491.0], 'StartTimes': [1699987727.0], 'EndTimes': [1699993683.0], 'TotalUserCpuTimeHistory': [5817], 'TotalSysCpuTimeHistory': [128], 'WallDurations': [9.0, 122.80065321922302, 5956.0], 'JobIds': ['98076902.0'], 'State': 'finished', 'RecordedSite': True}, '9': {'Retries': 0, 'Restarts': 0, 'SiteHistory': ['Unknown', 'T2_UK_London_IC', 'T2_UK_London_IC'], 'ResidentSetSize': [1024788], 'SubmitTimes': [1699987491.0], 'StartTimes': [1699987747.0], 'EndTimes': [1700028492.0], 'TotalUserCpuTimeHistory': [40227], 'TotalSysCpuTimeHistory': [3092], 'WallDurations': [8.0, 102.80065321922302, 40745.0], 'JobIds': ['98076903.0'], 'State': 'finished', 'RecordedSite': True}, '10': {'Retries': 0, 'Restarts': 0, 'SiteHistory': ['Unknown', 'T2_UK_London_IC', 'T2_UK_London_IC'], 'ResidentSetSize': [921200], 'SubmitTimes': [1699987491.0], 'StartTimes': [1699987726.0], 'EndTimes': [1699995245.0], 'TotalUserCpuTimeHistory': [7346], 'TotalSysCpuTimeHistory': [183], 'WallDurations': [9.0, 123.80065321922302, 7519.0], 'JobIds': ['98076904.0'], 'State': 'finished', 'RecordedSite': True}, '11': {'Retries': 0, 'Restarts': 0, 'SiteHistory': ['Unknown', 'T2_UK_London_IC', 'T2_UK_London_IC'], 'ResidentSetSize': [933304], 'SubmitTimes': [1699987491.0], 'StartTimes': [1699987713.0], 'EndTimes': [1700032328.0], 'TotalUserCpuTimeHistory': [39065], 'TotalSysCpuTimeHistory': [1586], 'WallDurations': [9.0, 136.80065321922302, 44615.0], 'JobIds': ['98076905.0'], 'State': 'finished', 'RecordedSite': True}, '12': {'Retries': 0, 'Restarts': 0, 'SiteHistory': ['Unknown', 'T2_UK_London_IC', 'T2_UK_London_IC'], 'ResidentSetSize': [946476], 'SubmitTimes': [1699987491.0], 'StartTimes': [1699987728.0], 'EndTimes': [], 'TotalUserCpuTimeHistory': [60864.0], 'TotalSysCpuTimeHistory': [1269.0], 'WallDurations': [9.0, 121.80065321922302, 67333.0], 'JobIds': ['98076906.0'], 'State': 'running', 'RecordedSite': True}, '13': {'Retries': 2, 'Restarts': 0, 'SiteHistory': ['Unknown', 'T2_UK_London_IC', 'T2_UK_London_IC', 'Unknown', 'T2_US_Purdue', 'T2_US_Purdue', 'Unknown', 'T2_US_Purdue', 'T2_US_Purdue'], 'ResidentSetSize': [924552, 872432, 1179720], 'SubmitTimes': [1699987491.0, 1700004346.0, 1700017823.0], 'StartTimes': [1699987713.0, 1700004479.0, 1700017946.0], 'EndTimes': [1700002474.0, 1700015894.0], 'TotalUserCpuTimeHistory': [14102, 12159, 368.0], 'TotalSysCpuTimeHistory': [546, 4588, 385.0], 'WallDurations': [9.0, 136.80065321922302, 14761.0, 8.0, 215.38964200019836, 11415.0, 10.0, 295.07867550849915, 313.0], 'JobIds': ['98076907.0', '98083480.0', '98095571.0'], 'State': 'failed', 'RecordedSite': True, 'Error': [50663, 'Not retrying job due CPU limit (using more CPU than Wall Clock)', {}]}, '14': {'Retries': 0, 'Restarts': 0, 'SiteHistory': ['Unknown', 'T2_UK_London_IC', 'T2_UK_London_IC'], 'ResidentSetSize': [1008784], 'SubmitTimes': [1699987491.0], 'StartTimes': [1699987754.0], 'EndTimes': [1699992089.0], 'TotalUserCpuTimeHistory': [4232], 'TotalSysCpuTimeHistory': [357], 'WallDurations': [8.0, 95.80065321922302, 4335.0], 'JobIds': ['98076908.0'], 'State': 'finished', 'RecordedSite': True}}
INFO 2023-11-15 13:39:21.849 UTC: 	 Status on the scheduler:	SUBMITTED
INFO 2023-11-15 13:39:21.849 UTC: 	 
Jobs status:                    failed       		  7.1% ( 1/14)
INFO 2023-11-15 13:39:21.849 UTC: 	 				finished     		 64.3% ( 9/14)
INFO 2023-11-15 13:39:21.849 UTC: 	 				running      		 28.6% ( 4/14)
INFO 2023-11-15 13:39:21.850 UTC: 	 
No publication information (publication has been disabled in the CRAB configuration file)
INFO 2023-11-15 13:39:21.850 UTC: 	 
Error Summary: (use crab status --verboseErrors for details about the errors)

 1 jobs failed with exit code 50663

Have a look at https://twiki.cern.ch/twiki/bin/viewauth/CMSPublic/JobExitCodes for a description of the exit codes.
INFO 2023-11-15 13:39:21.850 UTC: 	 
Warning: the max jobs runtime is less than 30% of the task requested value (2700 min), please consider to request a lower value for failed jobs (allowed through crab resubmit) and/or improve the jobs splitting (e.g. config.Data.splitting = 'Automatic') in a new task.
INFO 2023-11-15 13:39:21.850 UTC: 	 
Summary of run jobs:
 * Memory: 1152MB min, 1152MB max, 946MB ave
 * Runtime: 0:05:13 min, 12:50:51 max, 4:55:06 ave
 * CPU eff: 91% min, 241% max, 98% ave
 * Waste: 14:44:01 (23% of total)

INFO 2023-11-15 13:39:21.868 UTC: 	 Log file is /afs/cern.ch/user/l/lfavilla/CMSSW_12_6_0/src/PhysicsTools/NanoAODTools/crab/crab_ZJetsToNuNu_HT600To800_2018/crab.log
DEBUG 2023-11-15 14:58:23.832 UTC: 	 CRAB Client version: v3.231010
DEBUG 2023-11-15 14:58:23.832 UTC: 	 Running on: Linux lxplus743.cern.ch 3.10.0-1160.95.1.el7.x86_64 #1 SMP Mon Jul 24 13:59:37 UTC 2023 x86_64 x86_64 x86_64 GNU/Linux - CentOS Linux 7 (Core)
DEBUG 2023-11-15 14:58:23.832 UTC: 	 Executing command: 'getoutput'
DEBUG 2023-11-15 14:58:23.832 UTC: 	 Found CRAB cache file /afs/cern.ch/user/l/lfavilla/.crab3
DEBUG 2023-11-15 14:58:23.844 UTC: 	 Using VO group '' and VO role 'NULL' as written in the request cache file for this task.
DEBUG 2023-11-15 14:58:23.851 UTC: 	 Checking credentials
DEBUG 2023-11-15 14:58:23.851 UTC: 	 Found proxy file /tmp/x509up_u159320
DEBUG 2023-11-15 14:58:23.851 UTC: 	 Making sure it has proper VOMS extension
DEBUG 2023-11-15 14:58:23.851 UTC: 	 Executing command :
 voms-proxy-info --vo --file /tmp/x509up_u159320
DEBUG 2023-11-15 14:58:24.249 UTC: 	 output : cms

 error: 
 retcode : 0
DEBUG 2023-11-15 14:58:24.250 UTC: 	 Getting proxy life time left
DEBUG 2023-11-15 14:58:24.250 UTC: 	 Executing command :
 voms-proxy-info --actimeleft --timeleft --file /tmp/x509up_u159320
DEBUG 2023-11-15 14:58:24.716 UTC: 	 output : 28842
28842

 error: 
 retcode : 0
DEBUG 2023-11-15 14:58:24.717 UTC: 	 Proxy valid for 08:00:42 hours
DEBUG 2023-11-15 14:58:24.786 UTC: 	 Encoded data for curl request: subresource=delegatedn
DEBUG 2023-11-15 14:58:24.828 UTC: 	 Registering user credentials on myproxy for /DC=ch/DC=cern/OU=computers/CN=crab-(preprod|prod|dev)-tw(01|02|03).cern.ch|/DC=ch/DC=cern/OU=computers/CN=stefanov(m|m2).cern.ch|/DC=ch/DC=cern/OU=computers/CN=dciangot-tw.cern.ch
DEBUG 2023-11-15 14:58:24.828 UTC: 	 Executing command :
 voms-proxy-info --identity --file /tmp/x509up_u159320
DEBUG 2023-11-15 14:58:25.344 UTC: 	 output : /DC=ch/DC=cern/OU=Organic Units/OU=Users/CN=lfavilla/CN=867090/CN=Leonardo Favilla

 error: 
 retcode : 0
DEBUG 2023-11-15 14:58:25.344 UTC: 	 Getting myproxy life time left for 70284ad9de3a40585c76dbf527363be004fcbd17
DEBUG 2023-11-15 14:58:25.344 UTC: 	 Executing command :
 myproxy-info -s myproxy.cern.ch -l 70284ad9de3a40585c76dbf527363be004fcbd17
DEBUG 2023-11-15 14:58:25.573 UTC: 	 output : username: 70284ad9de3a40585c76dbf527363be004fcbd17
owner: /DC=ch/DC=cern/OU=Organic Units/OU=Users/CN=lfavilla/CN=867090/CN=Leonardo Favilla
  renewal policy: /DC=ch/DC=cern/OU=computers/CN=crab-(preprod|prod|dev)-tw(01|02|03).cern.ch|/DC=ch/DC=cern/OU=computers/CN=stefanov(m|m2).cern.ch|/DC=ch/DC=cern/OU=computers/CN=dciangot-tw.cern.ch
  trusted retrieval policy: /DC=ch/DC=cern/OU=computers/CN=crab-(preprod|prod|dev)-tw(01|02|03).cern.ch|/DC=ch/DC=cern/OU=computers/CN=stefanov(m|m2).cern.ch|/DC=ch/DC=cern/OU=computers/CN=dciangot-tw.cern.ch
  timeleft: 379:45:55  (15.8 days)

 error: 
 retcode : 0
DEBUG 2023-11-15 14:58:25.573 UTC: 	 Myproxy is valid: 1367100
DEBUG 2023-11-15 14:58:25.573 UTC: 	 Result of myproxy credential check:
  Credential exists on myproxy: username: 70284ad9de3a40585c76dbf527363be004fcbd17  - validity: 15 days, 19:45:00
DEBUG 2023-11-15 14:58:25.574 UTC: 	 Command use: getoutput
DEBUG 2023-11-15 14:58:25.574 UTC: 	 Options use: ['--xrootd', '-d', './crab_ZJetsToNuNu_HT600To800_2018/']
DEBUG 2023-11-15 14:58:25.574 UTC: 	 Encoded data for curl request: subresource=version
DEBUG 2023-11-15 14:58:25.619 UTC: 	 CRABClient version: v3.231010
DEBUG 2023-11-15 14:58:25.619 UTC: 	 Instance is prod
DEBUG 2023-11-15 14:58:25.619 UTC: 	 Server base url is cmsweb.cern.ch
DEBUG 2023-11-15 14:58:25.619 UTC: 	 Command api workflow
DEBUG 2023-11-15 14:58:25.619 UTC: 	 Encoded data for curl request: subresource=search&workflow=231114_184416%3Alfavilla_crab_ZJetsToNuNu_HT600To800_2018
DEBUG 2023-11-15 14:58:25.674 UTC: 	 Server result: {'desc': {'columns': ['tm_taskname', 'tm_activity', 'panda_jobset_id', 'tm_task_status', 'tm_task_command', 'tm_start_time', 'tm_start_injection', 'tm_end_injection', 'tm_task_failure', 'tm_job_sw', 'tm_job_arch', 'tm_input_dataset', 'tm_nonvalid_input_dataset', 'tm_use_parent', 'tm_site_whitelist', 'tm_site_blacklist', 'tm_split_algo', 'tm_split_args', 'tm_user_sandbox', 'tm_cache_url', 'tm_username', 'tm_user_dn', 'tm_user_vo', 'tm_user_role', 'tm_user_group', 'tm_publish_name', 'tm_publish_groupname', 'tm_asyncdest', 'tm_dbs_url', 'tm_publish_dbs_url', 'tm_publication', 'tm_outfiles', 'tm_tfile_outfiles', 'tm_edm_outfiles', 'tm_job_type', 'tm_generator', 'tm_events_per_lumi', 'tm_arguments', 'panda_resubmitted_jobs', 'tm_save_logs', 'tw_name', 'tm_user_infiles', 'tm_maxjobruntime', 'tm_numcores', 'tm_maxmemory', 'tm_priority', 'tm_output_dataset', 'tm_task_warnings', 'tm_user_webdir', 'tm_scriptexe', 'tm_scriptargs', 'tm_extrajdl', 'tm_asourl', 'tm_collector', 'tm_schedd', 'tm_dry_run', 'tm_user_files', 'tm_transfer_outputs', 'tm_output_lfn', 'tm_ignore_locality', 'tm_fail_limit', 'tm_one_event_mode', 'tm_secondary_input_dataset', 'tm_primary_dataset', 'tm_last_publication', 'tm_debug_files', 'clusterid', 'tm_asodb', 'tm_ignore_global_blacklist', 'tm_submitter_ip_addr', 'tm_totalunits', 'tm_ddm_reqid', 'tm_user_config', 'tm_transfer_container', 'tm_transfer_rule', 'tm_publish_rule']}, 'result': ['231114_184416:lfavilla_crab_ZJetsToNuNu_HT600To800_2018', 'None', 'None', 'SUBMITTED', 'SUBMIT', '2023-11-14 18:44:16.956248', 'None', '2023-11-14 18:44:42.990700', 'None', 'CMSSW_12_6_0', 'slc7_amd64_gcc10', '/ZJetsToNuNu_HT-600To800_TuneCP5_13TeV-madgraphMLM-pythia8/RunIISummer20UL18NanoAODv9-106X_upgrade2018_realistic_v16_L1v1-v1/NANOAODSIM', 'T', '0', '[]', '[]', 'FileBased', "{'halt_job_on_file_boundaries': False, 'splitOnRun': False, 'files_per_job': 1, 'runs': [], 'lumis': []}", '25530aede3babef65871e2f8ec27b20b8aeb5fdacb92d18a46a600649a867086.tar.gz', 'https://cmsweb.cern.ch/S3/crabcache_prod', 'lfavilla', '/DC=ch/DC=cern/OU=Organic Units/OU=Users/CN=lfavilla/CN=867090/CN=Leonardo Favilla', 'cms', 'None', 'None', 'ZJetsToNuNu_HT600To800_2018-00000000000000000000000000000000', 'F', 'T2_IT_Pisa', 'https://cmsweb.cern.ch/dbs/prod/global/DBSReader', 'https://cmsweb.cern.ch/dbs/prod/phys03/DBSWriter', 'F', '[]', '[]', "['tree_hadd.root']", 'Analysis', 'pythia', 'None', '{}', 'None', 'T', 'crab-prod-tw01', '[]', '2700', '1', '2000', '10', "['/ZJetsToNuNu_HT-600To800_TuneCP5_13TeV-madgraphMLM-pythia8/lfavilla-ZJetsToNuNu_HT600To800_2018-00000000000000000000000000000000/USER']", '[]', 'http://vocms0137.cern.ch/mon/lfavilla/231114_184416:lfavilla_crab_ZJetsToNuNu_HT600To800_2018', 'crab_script.sh', '[]', '[]', 'None', 'cmsgwms-collector-global.cern.ch:9620,cmsgwms-collector-global.fnal.gov:9620', 'crab3@vocms0137.cern.ch', 'F', '[]', 'T', '/store/user/lfavilla/DM_v0', 'F', 'None', 'F', 'None', 'ZJetsToNuNu_HT-600To800_TuneCP5_13TeV-madgraphMLM-pythia8', 'None', '052a912688478012c195f27e50eb2f361cf9fb7acf6471ca4f46d961c5767535.tar.gz', '98076893', 'None', 'F', '137.138.154.184', '0.0', 'None', '{"partialdataset": false, "requireaccelerator": false, "acceleratorparams": null, "inputblocks": null}', 'None', 'None', 'None']}
DEBUG 2023-11-15 14:58:25.747 UTC: 	 CRAB Client version: v3.231010
DEBUG 2023-11-15 14:58:25.747 UTC: 	 Running on: Linux lxplus743.cern.ch 3.10.0-1160.95.1.el7.x86_64 #1 SMP Mon Jul 24 13:59:37 UTC 2023 x86_64 x86_64 x86_64 GNU/Linux - CentOS Linux 7 (Core)
DEBUG 2023-11-15 14:58:25.747 UTC: 	 Executing command: 'status'
DEBUG 2023-11-15 14:58:25.747 UTC: 	 Found CRAB cache file /afs/cern.ch/user/l/lfavilla/.crab3
DEBUG 2023-11-15 14:58:25.760 UTC: 	 Checking credentials
DEBUG 2023-11-15 14:58:25.761 UTC: 	 Found proxy file /tmp/x509up_u159320
DEBUG 2023-11-15 14:58:25.761 UTC: 	 Making sure it has proper VOMS extension
DEBUG 2023-11-15 14:58:25.761 UTC: 	 Executing command :
 voms-proxy-info --vo --file /tmp/x509up_u159320
DEBUG 2023-11-15 14:58:26.392 UTC: 	 output : cms

 error: 
 retcode : 0
DEBUG 2023-11-15 14:58:26.393 UTC: 	 Getting proxy life time left
DEBUG 2023-11-15 14:58:26.393 UTC: 	 Executing command :
 voms-proxy-info --actimeleft --timeleft --file /tmp/x509up_u159320
DEBUG 2023-11-15 14:58:26.936 UTC: 	 output : 28840
28840

 error: 
 retcode : 0
DEBUG 2023-11-15 14:58:26.936 UTC: 	 Proxy valid for 08:00:40 hours
DEBUG 2023-11-15 14:58:26.936 UTC: 	 Encoded data for curl request: subresource=delegatedn
DEBUG 2023-11-15 14:58:27.022 UTC: 	 Registering user credentials on myproxy for /DC=ch/DC=cern/OU=computers/CN=crab-(preprod|prod|dev)-tw(01|02|03).cern.ch|/DC=ch/DC=cern/OU=computers/CN=stefanov(m|m2).cern.ch|/DC=ch/DC=cern/OU=computers/CN=dciangot-tw.cern.ch
DEBUG 2023-11-15 14:58:27.022 UTC: 	 Executing command :
 voms-proxy-info --identity --file /tmp/x509up_u159320
DEBUG 2023-11-15 14:58:27.593 UTC: 	 output : /DC=ch/DC=cern/OU=Organic Units/OU=Users/CN=lfavilla/CN=867090/CN=Leonardo Favilla

 error: 
 retcode : 0
DEBUG 2023-11-15 14:58:27.593 UTC: 	 Getting myproxy life time left for 70284ad9de3a40585c76dbf527363be004fcbd17
DEBUG 2023-11-15 14:58:27.593 UTC: 	 Executing command :
 myproxy-info -s myproxy.cern.ch -l 70284ad9de3a40585c76dbf527363be004fcbd17
DEBUG 2023-11-15 14:58:27.837 UTC: 	 output : username: 70284ad9de3a40585c76dbf527363be004fcbd17
owner: /DC=ch/DC=cern/OU=Organic Units/OU=Users/CN=lfavilla/CN=867090/CN=Leonardo Favilla
  renewal policy: /DC=ch/DC=cern/OU=computers/CN=crab-(preprod|prod|dev)-tw(01|02|03).cern.ch|/DC=ch/DC=cern/OU=computers/CN=stefanov(m|m2).cern.ch|/DC=ch/DC=cern/OU=computers/CN=dciangot-tw.cern.ch
  trusted retrieval policy: /DC=ch/DC=cern/OU=computers/CN=crab-(preprod|prod|dev)-tw(01|02|03).cern.ch|/DC=ch/DC=cern/OU=computers/CN=stefanov(m|m2).cern.ch|/DC=ch/DC=cern/OU=computers/CN=dciangot-tw.cern.ch
  timeleft: 379:45:53  (15.8 days)

 error: 
 retcode : 0
DEBUG 2023-11-15 14:58:27.837 UTC: 	 Myproxy is valid: 1367100
DEBUG 2023-11-15 14:58:27.837 UTC: 	 Result of myproxy credential check:
  Credential exists on myproxy: username: 70284ad9de3a40585c76dbf527363be004fcbd17  - validity: 15 days, 19:45:00
DEBUG 2023-11-15 14:58:27.838 UTC: 	 Command use: status
DEBUG 2023-11-15 14:58:27.838 UTC: 	 Options use: []
DEBUG 2023-11-15 14:58:27.838 UTC: 	 Encoded data for curl request: subresource=version
DEBUG 2023-11-15 14:58:27.926 UTC: 	 CRABClient version: v3.231010
DEBUG 2023-11-15 14:58:27.926 UTC: 	 Instance is prod
DEBUG 2023-11-15 14:58:27.926 UTC: 	 Server base url is cmsweb.cern.ch
DEBUG 2023-11-15 14:58:27.927 UTC: 	 Command api workflow
DEBUG 2023-11-15 14:58:27.927 UTC: 	 Encoded data for curl request: subresource=search&workflow=231114_184416%3Alfavilla_crab_ZJetsToNuNu_HT600To800_2018
DEBUG 2023-11-15 14:58:27.984 UTC: 	 Got information from server oracle database: {'desc': {'columns': ['tm_taskname', 'tm_activity', 'panda_jobset_id', 'tm_task_status', 'tm_task_command', 'tm_start_time', 'tm_start_injection', 'tm_end_injection', 'tm_task_failure', 'tm_job_sw', 'tm_job_arch', 'tm_input_dataset', 'tm_nonvalid_input_dataset', 'tm_use_parent', 'tm_site_whitelist', 'tm_site_blacklist', 'tm_split_algo', 'tm_split_args', 'tm_user_sandbox', 'tm_cache_url', 'tm_username', 'tm_user_dn', 'tm_user_vo', 'tm_user_role', 'tm_user_group', 'tm_publish_name', 'tm_publish_groupname', 'tm_asyncdest', 'tm_dbs_url', 'tm_publish_dbs_url', 'tm_publication', 'tm_outfiles', 'tm_tfile_outfiles', 'tm_edm_outfiles', 'tm_job_type', 'tm_generator', 'tm_events_per_lumi', 'tm_arguments', 'panda_resubmitted_jobs', 'tm_save_logs', 'tw_name', 'tm_user_infiles', 'tm_maxjobruntime', 'tm_numcores', 'tm_maxmemory', 'tm_priority', 'tm_output_dataset', 'tm_task_warnings', 'tm_user_webdir', 'tm_scriptexe', 'tm_scriptargs', 'tm_extrajdl', 'tm_asourl', 'tm_collector', 'tm_schedd', 'tm_dry_run', 'tm_user_files', 'tm_transfer_outputs', 'tm_output_lfn', 'tm_ignore_locality', 'tm_fail_limit', 'tm_one_event_mode', 'tm_secondary_input_dataset', 'tm_primary_dataset', 'tm_last_publication', 'tm_debug_files', 'clusterid', 'tm_asodb', 'tm_ignore_global_blacklist', 'tm_submitter_ip_addr', 'tm_totalunits', 'tm_ddm_reqid', 'tm_user_config', 'tm_transfer_container', 'tm_transfer_rule', 'tm_publish_rule']}, 'result': ['231114_184416:lfavilla_crab_ZJetsToNuNu_HT600To800_2018', 'None', 'None', 'SUBMITTED', 'SUBMIT', '2023-11-14 18:44:16.956248', 'None', '2023-11-14 18:44:42.990700', 'None', 'CMSSW_12_6_0', 'slc7_amd64_gcc10', '/ZJetsToNuNu_HT-600To800_TuneCP5_13TeV-madgraphMLM-pythia8/RunIISummer20UL18NanoAODv9-106X_upgrade2018_realistic_v16_L1v1-v1/NANOAODSIM', 'T', '0', '[]', '[]', 'FileBased', "{'halt_job_on_file_boundaries': False, 'splitOnRun': False, 'files_per_job': 1, 'runs': [], 'lumis': []}", '25530aede3babef65871e2f8ec27b20b8aeb5fdacb92d18a46a600649a867086.tar.gz', 'https://cmsweb.cern.ch/S3/crabcache_prod', 'lfavilla', '/DC=ch/DC=cern/OU=Organic Units/OU=Users/CN=lfavilla/CN=867090/CN=Leonardo Favilla', 'cms', 'None', 'None', 'ZJetsToNuNu_HT600To800_2018-00000000000000000000000000000000', 'F', 'T2_IT_Pisa', 'https://cmsweb.cern.ch/dbs/prod/global/DBSReader', 'https://cmsweb.cern.ch/dbs/prod/phys03/DBSWriter', 'F', '[]', '[]', "['tree_hadd.root']", 'Analysis', 'pythia', 'None', '{}', 'None', 'T', 'crab-prod-tw01', '[]', '2700', '1', '2000', '10', "['/ZJetsToNuNu_HT-600To800_TuneCP5_13TeV-madgraphMLM-pythia8/lfavilla-ZJetsToNuNu_HT600To800_2018-00000000000000000000000000000000/USER']", '[]', 'http://vocms0137.cern.ch/mon/lfavilla/231114_184416:lfavilla_crab_ZJetsToNuNu_HT600To800_2018', 'crab_script.sh', '[]', '[]', 'None', 'cmsgwms-collector-global.cern.ch:9620,cmsgwms-collector-global.fnal.gov:9620', 'crab3@vocms0137.cern.ch', 'F', '[]', 'T', '/store/user/lfavilla/DM_v0', 'F', 'None', 'F', 'None', 'ZJetsToNuNu_HT-600To800_TuneCP5_13TeV-madgraphMLM-pythia8', 'None', '052a912688478012c195f27e50eb2f361cf9fb7acf6471ca4f46d961c5767535.tar.gz', '98076893', 'None', 'F', '137.138.154.184', '0.0', 'None', '{"partialdataset": false, "requireaccelerator": false, "acceleratorparams": null, "inputblocks": null}', 'None', 'None', 'None']}
INFO 2023-11-15 14:58:27.984 UTC: 	 CRAB project directory:		/afs/cern.ch/user/l/lfavilla/CMSSW_12_6_0/src/PhysicsTools/NanoAODTools/crab/crab_ZJetsToNuNu_HT600To800_2018
INFO 2023-11-15 14:58:27.984 UTC: 	 Task name:			231114_184416:lfavilla_crab_ZJetsToNuNu_HT600To800_2018
INFO 2023-11-15 14:58:27.984 UTC: 	 Grid scheduler - Task Worker:	crab3@vocms0137.cern.ch - crab-prod-tw01
INFO 2023-11-15 14:58:27.984 UTC: 	 Status on the CRAB server:	SUBMITTED
INFO 2023-11-15 14:58:27.984 UTC: 	 Task URL to use for HELP:	https://cmsweb.cern.ch/crabserver/ui/task/231114_184416%3Alfavilla_crab_ZJetsToNuNu_HT600To800_2018
INFO 2023-11-15 14:58:27.994 UTC: 	 Dashboard monitoring URL:	https://monit-grafana.cern.ch/d/cmsTMDetail/cms-task-monitoring-task-view?orgId=11&var-user=lfavilla&var-task=231114_184416%3Alfavilla_crab_ZJetsToNuNu_HT600To800_2018&from=1699983856000&to=now
DEBUG 2023-11-15 14:58:27.994 UTC: 	 The CRAB server submitted your task to the Grid scheduler (cluster ID: 98076893)
DEBUG 2023-11-15 14:58:27.994 UTC: 	 Webdir is located at http://vocms0137.cern.ch/mon/lfavilla/231114_184416:lfavilla_crab_ZJetsToNuNu_HT600To800_2018
DEBUG 2023-11-15 14:58:27.994 UTC: 	 Encoded data for curl request: subresource=webdirprx&workflow=231114_184416%3Alfavilla_crab_ZJetsToNuNu_HT600To800_2018
DEBUG 2023-11-15 14:58:28.062 UTC: 	 Proxied webdir is located at https://cmsweb.cern.ch:8443/scheddmon/0137/lfavilla/231114_184416:lfavilla_crab_ZJetsToNuNu_HT600To800_2018
DEBUG 2023-11-15 14:58:28.063 UTC: 	 Retrieving 'status_cache' file from https://cmsweb.cern.ch:8443/scheddmon/0137/lfavilla/231114_184416:lfavilla_crab_ZJetsToNuNu_HT600To800_2018/status_cache.pkl
DEBUG 2023-11-15 14:58:28.063 UTC: 	 Will execute:
curl -sS --capath /etc/grid-security/certificates --cert /tmp/x509up_u159320 --key /tmp/x509up_u159320 -o /tmp/crab_status-cache-fmumzwko.pkl -w %"{http_code}" "https://cmsweb.cern.ch:8443/scheddmon/0137/lfavilla/231114_184416:lfavilla_crab_ZJetsToNuNu_HT600To800_2018/status_cache.pkl"
DEBUG 2023-11-15 14:58:28.063 UTC: 	 Executing command :
 curl -sS --capath /etc/grid-security/certificates --cert /tmp/x509up_u159320 --key /tmp/x509up_u159320 -o /tmp/crab_status-cache-fmumzwko.pkl -w %"{http_code}" "https://cmsweb.cern.ch:8443/scheddmon/0137/lfavilla/231114_184416:lfavilla_crab_ZJetsToNuNu_HT600To800_2018/status_cache.pkl"
DEBUG 2023-11-15 14:58:28.107 UTC: 	 output : 200
 error: 
 retcode : 0
DEBUG 2023-11-15 14:58:28.107 UTC: 	 exitcode: 0
stdout: 200
stderr: 
error details: 
DEBUG 2023-11-15 14:58:28.108 UTC: 	 Got information from status cache file: {'1': {'Retries': 0, 'Restarts': 1, 'SiteHistory': ['T2_KR_KISTI', 'T2_KR_KISTI', 'T2_US_Purdue'], 'ResidentSetSize': [45196, 909600], 'SubmitTimes': [1699987489.0, -1], 'StartTimes': [1699987546.0, 1699990485.0], 'EndTimes': [1699990282.0, 1699998999.0], 'TotalUserCpuTimeHistory': [4.0, 7989], 'TotalSysCpuTimeHistory': [0.0, 387], 'WallDurations': [0, 2736.0, 8514.0], 'JobIds': ['98076895.0', '98076895.0'], 'State': 'finished', 'RecordedSite': True}, '2': {'Retries': 2, 'Restarts': 0, 'SiteHistory': ['Unknown', 'T2_UK_London_IC', 'T2_UK_London_IC', 'Unknown', 'T2_UK_London_IC', 'T2_UK_London_IC', 'T2_BR_SPRACE', 'T2_BR_SPRACE'], 'ResidentSetSize': [906652, 920740, 1106672], 'SubmitTimes': [1699987490.0, 1700005539.0, 1700017449.0], 'StartTimes': [1699987728.0, 1700005697.0, 1700017737.0], 'EndTimes': [1700003663.0, 1700011920.0, 1700031140.0], 'TotalUserCpuTimeHistory': [15832, 6229, 13049], 'TotalSysCpuTimeHistory': [357, 120, 984], 'WallDurations': [9.0, 121.80065321922302, 15935.0, 9.0, 201.36940574645996, 6223.0, 9.0, 13403.0], 'JobIds': ['98076896.0', '98083668.0', '98095460.0'], 'State': 'finished', 'RecordedSite': True}, '3': {'Retries': 1, 'Restarts': 0, 'SiteHistory': ['Unknown', 'T2_UK_London_IC', 'T2_UK_London_IC', 'Unknown', 'T1_RU_JINR', 'T1_RU_JINR'], 'ResidentSetSize': [929724, 948380], 'SubmitTimes': [1699987491.0, 1700050436.0], 'StartTimes': [1699988211.0, 1700050528.0], 'EndTimes': [1700050368.0], 'TotalUserCpuTimeHistory': [51748, 8566.0], 'TotalSysCpuTimeHistory': [1775, 166.0], 'WallDurations': [9.0, 239.16980409622192, 62157.0, 9.0, 219.95580291748047, 9324.0], 'JobIds': ['98076897.0', '98128901.0'], 'State': 'running', 'RecordedSite': True}, '4': {'Retries': 0, 'Restarts': 0, 'SiteHistory': ['Unknown', 'T2_UK_London_IC', 'T2_UK_London_IC'], 'ResidentSetSize': [769980], 'SubmitTimes': [1699987491.0], 'StartTimes': [1699987981.0], 'EndTimes': [1699993399.0], 'TotalUserCpuTimeHistory': [5243], 'TotalSysCpuTimeHistory': [454], 'WallDurations': [8.0, 168.97899961471558, 5418.0], 'JobIds': ['98076898.0'], 'State': 'finished', 'RecordedSite': True}, '5': {'Retries': 0, 'Restarts': 0, 'SiteHistory': ['Unknown', 'T2_UK_London_IC', 'T2_UK_London_IC'], 'ResidentSetSize': [947944], 'SubmitTimes': [1699987491.0], 'StartTimes': [1699987953.0], 'EndTimes': [], 'TotalUserCpuTimeHistory': [59388.0], 'TotalSysCpuTimeHistory': [2021.0], 'WallDurations': [9.0, 196.97899961471558, 71834.0], 'JobIds': ['98076899.0'], 'State': 'running', 'RecordedSite': True}, '6': {'Retries': 0, 'Restarts': 0, 'SiteHistory': ['Unknown', 'T2_UK_London_IC', 'T2_UK_London_IC'], 'ResidentSetSize': [935312], 'SubmitTimes': [1699987491.0], 'StartTimes': [1699987713.0], 'EndTimes': [1700033964.0], 'TotalUserCpuTimeHistory': [40432], 'TotalSysCpuTimeHistory': [1443], 'WallDurations': [8.0, 136.80065321922302, 46251.0], 'JobIds': ['98076900.0'], 'State': 'finished', 'RecordedSite': True}, '7': {'Retries': 0, 'Restarts': 0, 'SiteHistory': ['Unknown', 'T2_UK_London_IC', 'T2_UK_London_IC'], 'ResidentSetSize': [956644], 'SubmitTimes': [1699987491.0], 'StartTimes': [1699987712.0], 'EndTimes': [], 'TotalUserCpuTimeHistory': [59194.0], 'TotalSysCpuTimeHistory': [2191.0], 'WallDurations': [9.0, 137.80065321922302, 72133.0], 'JobIds': ['98076901.0'], 'State': 'running', 'RecordedSite': True}, '8': {'Retries': 0, 'Restarts': 0, 'SiteHistory': ['Unknown', 'T2_UK_London_IC', 'T2_UK_London_IC'], 'ResidentSetSize': [901012], 'SubmitTimes': [1699987491.0], 'StartTimes': [1699987727.0], 'EndTimes': [1699993683.0], 'TotalUserCpuTimeHistory': [5817], 'TotalSysCpuTimeHistory': [128], 'WallDurations': [9.0, 122.80065321922302, 5956.0], 'JobIds': ['98076902.0'], 'State': 'finished', 'RecordedSite': True}, '9': {'Retries': 0, 'Restarts': 0, 'SiteHistory': ['Unknown', 'T2_UK_London_IC', 'T2_UK_London_IC'], 'ResidentSetSize': [1024788], 'SubmitTimes': [1699987491.0], 'StartTimes': [1699987747.0], 'EndTimes': [1700028492.0], 'TotalUserCpuTimeHistory': [40227], 'TotalSysCpuTimeHistory': [3092], 'WallDurations': [8.0, 102.80065321922302, 40745.0], 'JobIds': ['98076903.0'], 'State': 'finished', 'RecordedSite': True}, '10': {'Retries': 0, 'Restarts': 0, 'SiteHistory': ['Unknown', 'T2_UK_London_IC', 'T2_UK_London_IC'], 'ResidentSetSize': [921200], 'SubmitTimes': [1699987491.0], 'StartTimes': [1699987726.0], 'EndTimes': [1699995245.0], 'TotalUserCpuTimeHistory': [7346], 'TotalSysCpuTimeHistory': [183], 'WallDurations': [9.0, 123.80065321922302, 7519.0], 'JobIds': ['98076904.0'], 'State': 'finished', 'RecordedSite': True}, '11': {'Retries': 0, 'Restarts': 0, 'SiteHistory': ['Unknown', 'T2_UK_London_IC', 'T2_UK_London_IC'], 'ResidentSetSize': [933304], 'SubmitTimes': [1699987491.0], 'StartTimes': [1699987713.0], 'EndTimes': [1700032328.0], 'TotalUserCpuTimeHistory': [39065], 'TotalSysCpuTimeHistory': [1586], 'WallDurations': [9.0, 136.80065321922302, 44615.0], 'JobIds': ['98076905.0'], 'State': 'finished', 'RecordedSite': True}, '12': {'Retries': 0, 'Restarts': 0, 'SiteHistory': ['Unknown', 'T2_UK_London_IC', 'T2_UK_London_IC'], 'ResidentSetSize': [946476], 'SubmitTimes': [1699987491.0], 'StartTimes': [1699987728.0], 'EndTimes': [], 'TotalUserCpuTimeHistory': [65166.0], 'TotalSysCpuTimeHistory': [1347.0], 'WallDurations': [9.0, 121.80065321922302, 72141.0], 'JobIds': ['98076906.0'], 'State': 'running', 'RecordedSite': True}, '13': {'Retries': 2, 'Restarts': 0, 'SiteHistory': ['Unknown', 'T2_UK_London_IC', 'T2_UK_London_IC', 'Unknown', 'T2_US_Purdue', 'T2_US_Purdue', 'Unknown', 'T2_US_Purdue', 'T2_US_Purdue'], 'ResidentSetSize': [924552, 872432, 1179720], 'SubmitTimes': [1699987491.0, 1700004346.0, 1700017823.0], 'StartTimes': [1699987713.0, 1700004479.0, 1700017946.0], 'EndTimes': [1700002474.0, 1700015894.0], 'TotalUserCpuTimeHistory': [14102, 12159, 368.0], 'TotalSysCpuTimeHistory': [546, 4588, 385.0], 'WallDurations': [9.0, 136.80065321922302, 14761.0, 8.0, 215.38964200019836, 11415.0, 10.0, 295.07867550849915, 313.0], 'JobIds': ['98076907.0', '98083480.0', '98095571.0'], 'State': 'failed', 'RecordedSite': True, 'Error': [50663, 'Not retrying job due CPU limit (using more CPU than Wall Clock)', {}]}, '14': {'Retries': 0, 'Restarts': 0, 'SiteHistory': ['Unknown', 'T2_UK_London_IC', 'T2_UK_London_IC'], 'ResidentSetSize': [1008784], 'SubmitTimes': [1699987491.0], 'StartTimes': [1699987754.0], 'EndTimes': [1699992089.0], 'TotalUserCpuTimeHistory': [4232], 'TotalSysCpuTimeHistory': [357], 'WallDurations': [8.0, 95.80065321922302, 4335.0], 'JobIds': ['98076908.0'], 'State': 'finished', 'RecordedSite': True}}
INFO 2023-11-15 14:58:28.108 UTC: 	 Status on the scheduler:	SUBMITTED
INFO 2023-11-15 14:58:28.108 UTC: 	 
Jobs status:                    failed       		  7.1% ( 1/14)
INFO 2023-11-15 14:58:28.108 UTC: 	 				finished     		 64.3% ( 9/14)
INFO 2023-11-15 14:58:28.108 UTC: 	 				running      		 28.6% ( 4/14)
INFO 2023-11-15 14:58:28.108 UTC: 	 
No publication information (publication has been disabled in the CRAB configuration file)
INFO 2023-11-15 14:58:28.108 UTC: 	 
Error Summary: (use crab status --verboseErrors for details about the errors)

 1 jobs failed with exit code 50663

Have a look at https://twiki.cern.ch/twiki/bin/viewauth/CMSPublic/JobExitCodes for a description of the exit codes.
INFO 2023-11-15 14:58:28.108 UTC: 	 
Warning: the max jobs runtime is less than 30% of the task requested value (2700 min), please consider to request a lower value for failed jobs (allowed through crab resubmit) and/or improve the jobs splitting (e.g. config.Data.splitting = 'Automatic') in a new task.
INFO 2023-11-15 14:58:28.108 UTC: 	 
Summary of run jobs:
 * Memory: 1152MB min, 1152MB max, 946MB ave
 * Runtime: 0:05:13 min, 12:50:51 max, 4:55:06 ave
 * CPU eff: 91% min, 241% max, 98% ave
 * Waste: 14:44:01 (23% of total)

DEBUG 2023-11-15 14:58:28.109 UTC: 	 Retrieving locations for task 231114_184416:lfavilla_crab_ZJetsToNuNu_HT600To800_2018
DEBUG 2023-11-15 14:58:28.109 UTC: 	 Retrieving all file locations
DEBUG 2023-11-15 14:58:28.109 UTC: 	 Retrieving jobs [('jobids', '1'), ('jobids', '2'), ('jobids', '4'), ('jobids', '6'), ('jobids', '8'), ('jobids', '9'), ('jobids', '10'), ('jobids', '11'), ('jobids', '13'), ('jobids', '14')]
DEBUG 2023-11-15 14:58:28.109 UTC: 	 Encoded data for curl request: workflow=231114_184416%3Alfavilla_crab_ZJetsToNuNu_HT600To800_2018&subresource=data2&limit=-1&jobids=1&jobids=2&jobids=4&jobids=6&jobids=8&jobids=9&jobids=10&jobids=11&jobids=13&jobids=14
DEBUG 2023-11-15 14:58:28.177 UTC: 	 Server result: {'result': [{'jobid': '6', 'lfn': '/store/user/lfavilla/DM_v0/ZJetsToNuNu_HT-600To800_TuneCP5_13TeV-madgraphMLM-pythia8/ZJetsToNuNu_HT600To800_2018/231114_184416/0000/tree_hadd_6.root', 'site': 'T2_IT_Pisa', 'tmplfn': '/store/user/lfavilla/DM_v0/ZJetsToNuNu_HT-600To800_TuneCP5_13TeV-madgraphMLM-pythia8/ZJetsToNuNu_HT600To800_2018/231114_184416/0000/tree_hadd_6.root', 'tmpsite': 'T2_UK_London_IC', 'directstageout': 'F', 'size': 464127523, 'checksum': {'cksum': 1762633559, 'md5': '7087ad5a', 'adler32': '7087ad5a'}}, {'jobid': '11', 'lfn': '/store/user/lfavilla/DM_v0/ZJetsToNuNu_HT-600To800_TuneCP5_13TeV-madgraphMLM-pythia8/ZJetsToNuNu_HT600To800_2018/231114_184416/0000/tree_hadd_11.root', 'site': 'T2_IT_Pisa', 'tmplfn': '/store/user/lfavilla/DM_v0/ZJetsToNuNu_HT-600To800_TuneCP5_13TeV-madgraphMLM-pythia8/ZJetsToNuNu_HT600To800_2018/231114_184416/0000/tree_hadd_11.root', 'tmpsite': 'T2_UK_London_IC', 'directstageout': 'F', 'size': 396435616, 'checksum': {'cksum': 2724243497, 'md5': '1033a75a', 'adler32': '1033a75a'}}, {'jobid': '2', 'lfn': '/store/user/lfavilla/DM_v0/ZJetsToNuNu_HT-600To800_TuneCP5_13TeV-madgraphMLM-pythia8/ZJetsToNuNu_HT600To800_2018/231114_184416/0000/tree_hadd_2.root', 'site': 'T2_IT_Pisa', 'tmplfn': '/store/user/lfavilla/DM_v0/ZJetsToNuNu_HT-600To800_TuneCP5_13TeV-madgraphMLM-pythia8/ZJetsToNuNu_HT600To800_2018/231114_184416/0000/tree_hadd_2.root', 'tmpsite': 'T2_BR_SPRACE', 'directstageout': 'F', 'size': 106497771, 'checksum': {'cksum': 2061535183, 'md5': '224148e3', 'adler32': '224148e3'}}, {'jobid': '9', 'lfn': '/store/user/lfavilla/DM_v0/ZJetsToNuNu_HT-600To800_TuneCP5_13TeV-madgraphMLM-pythia8/ZJetsToNuNu_HT600To800_2018/231114_184416/0000/tree_hadd_9.root', 'site': 'T2_IT_Pisa', 'tmplfn': '/store/user/lfavilla/DM_v0/ZJetsToNuNu_HT-600To800_TuneCP5_13TeV-madgraphMLM-pythia8/ZJetsToNuNu_HT600To800_2018/231114_184416/0000/tree_hadd_9.root', 'tmpsite': 'T2_UK_London_IC', 'directstageout': 'F', 'size': 647852770, 'checksum': {'cksum': 3066585333, 'md5': '3be3aa00', 'adler32': '3be3aa00'}}, {'jobid': '1', 'lfn': '/store/user/lfavilla/DM_v0/ZJetsToNuNu_HT-600To800_TuneCP5_13TeV-madgraphMLM-pythia8/ZJetsToNuNu_HT600To800_2018/231114_184416/0000/tree_hadd_1.root', 'site': 'T2_IT_Pisa', 'tmplfn': '/store/user/lfavilla/DM_v0/ZJetsToNuNu_HT-600To800_TuneCP5_13TeV-madgraphMLM-pythia8/ZJetsToNuNu_HT600To800_2018/231114_184416/0000/tree_hadd_1.root', 'tmpsite': 'T2_US_Wisconsin', 'directstageout': 'F', 'size': 128207615, 'checksum': {'cksum': 3663911029, 'md5': 'f089b376', 'adler32': 'f089b376'}}, {'jobid': '10', 'lfn': '/store/user/lfavilla/DM_v0/ZJetsToNuNu_HT-600To800_TuneCP5_13TeV-madgraphMLM-pythia8/ZJetsToNuNu_HT600To800_2018/231114_184416/0000/tree_hadd_10.root', 'site': 'T2_IT_Pisa', 'tmplfn': '/store/user/lfavilla/DM_v0/ZJetsToNuNu_HT-600To800_TuneCP5_13TeV-madgraphMLM-pythia8/ZJetsToNuNu_HT600To800_2018/231114_184416/0000/tree_hadd_10.root', 'tmpsite': 'T2_UK_London_IC', 'directstageout': 'F', 'size': 70253064, 'checksum': {'cksum': 4023033241, 'md5': '4b30e62f', 'adler32': '4b30e62f'}}, {'jobid': '8', 'lfn': '/store/user/lfavilla/DM_v0/ZJetsToNuNu_HT-600To800_TuneCP5_13TeV-madgraphMLM-pythia8/ZJetsToNuNu_HT600To800_2018/231114_184416/0000/tree_hadd_8.root', 'site': 'T2_IT_Pisa', 'tmplfn': '/store/user/lfavilla/DM_v0/ZJetsToNuNu_HT-600To800_TuneCP5_13TeV-madgraphMLM-pythia8/ZJetsToNuNu_HT600To800_2018/231114_184416/0000/tree_hadd_8.root', 'tmpsite': 'T2_UK_London_IC', 'directstageout': 'F', 'size': 39573535, 'checksum': {'cksum': 1133793012, 'md5': 'a15b194d', 'adler32': 'a15b194d'}}, {'jobid': '4', 'lfn': '/store/user/lfavilla/DM_v0/ZJetsToNuNu_HT-600To800_TuneCP5_13TeV-madgraphMLM-pythia8/ZJetsToNuNu_HT600To800_2018/231114_184416/0000/tree_hadd_4.root', 'site': 'T2_IT_Pisa', 'tmplfn': '/store/user/lfavilla/DM_v0/ZJetsToNuNu_HT-600To800_TuneCP5_13TeV-madgraphMLM-pythia8/ZJetsToNuNu_HT600To800_2018/231114_184416/0000/tree_hadd_4.root', 'tmpsite': 'T2_UK_London_IC', 'directstageout': 'F', 'size': 97406655, 'checksum': {'cksum': 2295898324, 'md5': 'efd3956d', 'adler32': 'efd3956d'}}, {'jobid': '14', 'lfn': '/store/user/lfavilla/DM_v0/ZJetsToNuNu_HT-600To800_TuneCP5_13TeV-madgraphMLM-pythia8/ZJetsToNuNu_HT600To800_2018/231114_184416/0000/tree_hadd_14.root', 'site': 'T2_IT_Pisa', 'tmplfn': '/store/user/lfavilla/DM_v0/ZJetsToNuNu_HT-600To800_TuneCP5_13TeV-madgraphMLM-pythia8/ZJetsToNuNu_HT600To800_2018/231114_184416/0000/tree_hadd_14.root', 'tmpsite': 'T2_UK_London_IC', 'directstageout': 'F', 'size': 71153485, 'checksum': {'cksum': 3273149894, 'md5': '30e27aa2', 'adler32': '30e27aa2'}}]}
DEBUG 2023-11-15 14:58:28.177 UTC: 	 Getting url info
DEBUG 2023-11-15 14:58:28.177 UTC: 	 XRootD urls are requested
INFO 2023-11-15 14:58:28.177 UTC: 	 root://cms-xrd-global.cern.ch//store/user/lfavilla/DM_v0/ZJetsToNuNu_HT-600To800_TuneCP5_13TeV-madgraphMLM-pythia8/ZJetsToNuNu_HT600To800_2018/231114_184416/0000/tree_hadd_6.root
root://cms-xrd-global.cern.ch//store/user/lfavilla/DM_v0/ZJetsToNuNu_HT-600To800_TuneCP5_13TeV-madgraphMLM-pythia8/ZJetsToNuNu_HT600To800_2018/231114_184416/0000/tree_hadd_11.root
root://cms-xrd-global.cern.ch//store/user/lfavilla/DM_v0/ZJetsToNuNu_HT-600To800_TuneCP5_13TeV-madgraphMLM-pythia8/ZJetsToNuNu_HT600To800_2018/231114_184416/0000/tree_hadd_2.root
root://cms-xrd-global.cern.ch//store/user/lfavilla/DM_v0/ZJetsToNuNu_HT-600To800_TuneCP5_13TeV-madgraphMLM-pythia8/ZJetsToNuNu_HT600To800_2018/231114_184416/0000/tree_hadd_9.root
root://cms-xrd-global.cern.ch//store/user/lfavilla/DM_v0/ZJetsToNuNu_HT-600To800_TuneCP5_13TeV-madgraphMLM-pythia8/ZJetsToNuNu_HT600To800_2018/231114_184416/0000/tree_hadd_1.root
root://cms-xrd-global.cern.ch//store/user/lfavilla/DM_v0/ZJetsToNuNu_HT-600To800_TuneCP5_13TeV-madgraphMLM-pythia8/ZJetsToNuNu_HT600To800_2018/231114_184416/0000/tree_hadd_10.root
root://cms-xrd-global.cern.ch//store/user/lfavilla/DM_v0/ZJetsToNuNu_HT-600To800_TuneCP5_13TeV-madgraphMLM-pythia8/ZJetsToNuNu_HT600To800_2018/231114_184416/0000/tree_hadd_8.root
root://cms-xrd-global.cern.ch//store/user/lfavilla/DM_v0/ZJetsToNuNu_HT-600To800_TuneCP5_13TeV-madgraphMLM-pythia8/ZJetsToNuNu_HT600To800_2018/231114_184416/0000/tree_hadd_4.root
root://cms-xrd-global.cern.ch//store/user/lfavilla/DM_v0/ZJetsToNuNu_HT-600To800_TuneCP5_13TeV-madgraphMLM-pythia8/ZJetsToNuNu_HT600To800_2018/231114_184416/0000/tree_hadd_14.root
DEBUG 2023-11-15 14:58:28.195 UTC: 	 Log file is /afs/cern.ch/user/l/lfavilla/CMSSW_12_6_0/src/PhysicsTools/NanoAODTools/crab/crab_ZJetsToNuNu_HT600To800_2018/crab.log
