/cvmfs/cms.cern.ch/slc7_amd64_gcc10/external/py3-numpy/1.22.4-62e28bace1c65ef46c4a0988f2d65108/lib/python3.9/site-packages/numpy/core/getlimits.py:499: UserWarning: The value of the smallest subnormal for <class 'numpy.float64'> type is zero.
  setattr(self, word, getattr(machar, word).flat[0])
/cvmfs/cms.cern.ch/slc7_amd64_gcc10/external/py3-numpy/1.22.4-62e28bace1c65ef46c4a0988f2d65108/lib/python3.9/site-packages/numpy/core/getlimits.py:89: UserWarning: The value of the smallest subnormal for <class 'numpy.float64'> type is zero.
  return self._float_to_str(self.smallest_subnormal)
/cvmfs/cms.cern.ch/slc7_amd64_gcc10/external/py3-numpy/1.22.4-62e28bace1c65ef46c4a0988f2d65108/lib/python3.9/site-packages/numpy/core/getlimits.py:499: UserWarning: The value of the smallest subnormal for <class 'numpy.float32'> type is zero.
  setattr(self, word, getattr(machar, word).flat[0])
/cvmfs/cms.cern.ch/slc7_amd64_gcc10/external/py3-numpy/1.22.4-62e28bace1c65ef46c4a0988f2d65108/lib/python3.9/site-packages/numpy/core/getlimits.py:89: UserWarning: The value of the smallest subnormal for <class 'numpy.float32'> type is zero.
  return self._float_to_str(self.smallest_subnormal)
2023-10-02 01:24:28.028586: I tensorflow/core/platform/cpu_feature_guard.cc:142] This TensorFlow binary is optimized with oneAPI Deep Neural Network Library (oneDNN) to use the following CPU instructions in performance-critical operations:  SSE4.1 SSE4.2 AVX AVX2 FMA
To enable them in other operations, rebuild TensorFlow with the appropriate compiler flags.
2023-10-02 01:25:56.903803: W tensorflow/core/framework/cpu_allocator_impl.cc:80] Allocation of 217105344 exceeds 10% of free system memory.
2023-10-02 01:25:58.387593: W tensorflow/core/framework/cpu_allocator_impl.cc:80] Allocation of 434210688 exceeds 10% of free system memory.
2023-10-02 01:25:58.918651: I tensorflow/compiler/mlir/mlir_graph_optimization_pass.cc:185] None of the MLIR Optimization Passes are enabled (registered 2)
2023-10-02 01:31:42.259837: W tensorflow/core/framework/cpu_allocator_impl.cc:80] Allocation of 268741632 exceeds 10% of free system memory.
2023-10-02 01:35:34.955330: W tensorflow/core/framework/cpu_allocator_impl.cc:80] Allocation of 165469056 exceeds 10% of free system memory.
2023-10-02 01:39:23.939261: W tensorflow/core/framework/cpu_allocator_impl.cc:80] Allocation of 150138432 exceeds 10% of free system memory.
Info in <TCanvas::Print>: png file /eos/user/l/lfavilla/my_framework/MLstudies/Training/plots/base_pt_g250_3j1fj/Score_Train_base_pt_g250_3j1fj_Predict_base.png has been created
Info in <TCanvas::Print>: pdf file /eos/user/l/lfavilla/my_framework/MLstudies/Training/plots/base_pt_g250_3j1fj/Score_Train_base_pt_g250_3j1fj_Predict_base.pdf has been created
TCanvas::Constructor:0: RuntimeWarning: Deleting canvas with same name: c
Info in <TCanvas::Print>: png file /eos/user/l/lfavilla/my_framework/MLstudies/Training/plots/base_pt_g250_3j1fj/Score_Train_base_pt_g250_3j1fj_Predict_base_pt_g250.png has been created
Info in <TCanvas::Print>: pdf file /eos/user/l/lfavilla/my_framework/MLstudies/Training/plots/base_pt_g250_3j1fj/Score_Train_base_pt_g250_3j1fj_Predict_base_pt_g250.pdf has been created
TCanvas::Constructor:0: RuntimeWarning: Deleting canvas with same name: c
Info in <TCanvas::Print>: png file /eos/user/l/lfavilla/my_framework/MLstudies/Training/plots/base_pt_g250_3j1fj/Score_Train_base_pt_g250_3j1fj_Predict_base_pt_l250.png has been created
Info in <TCanvas::Print>: pdf file /eos/user/l/lfavilla/my_framework/MLstudies/Training/plots/base_pt_g250_3j1fj/Score_Train_base_pt_g250_3j1fj_Predict_base_pt_l250.pdf has been created
TCanvas::Constructor:0: RuntimeWarning: Deleting canvas with same name: c
Info in <TCanvas::Print>: png file /eos/user/l/lfavilla/my_framework/MLstudies/Training/plots/base_pt_g250_3j1fj/Score_Train_base_pt_g250_3j1fj_Predict_base_pt_g400.png has been created
Info in <TCanvas::Print>: pdf file /eos/user/l/lfavilla/my_framework/MLstudies/Training/plots/base_pt_g250_3j1fj/Score_Train_base_pt_g250_3j1fj_Predict_base_pt_g400.pdf has been created
TCanvas::Constructor:0: RuntimeWarning: Deleting canvas with same name: c
Info in <TCanvas::Print>: png file /eos/user/l/lfavilla/my_framework/MLstudies/Training/plots/base_pt_g250_3j1fj/Score_Train_base_pt_g250_3j1fj_Predict_base_pt_l400.png has been created
Info in <TCanvas::Print>: pdf file /eos/user/l/lfavilla/my_framework/MLstudies/Training/plots/base_pt_g250_3j1fj/Score_Train_base_pt_g250_3j1fj_Predict_base_pt_l400.pdf has been created
TCanvas::Constructor:0: RuntimeWarning: Deleting canvas with same name: c
Info in <TCanvas::Print>: png file /eos/user/l/lfavilla/my_framework/MLstudies/Training/plots/base_pt_g250_3j1fj/Score_Train_base_pt_g250_3j1fj_Predict_base_3j0fj.png has been created
Info in <TCanvas::Print>: pdf file /eos/user/l/lfavilla/my_framework/MLstudies/Training/plots/base_pt_g250_3j1fj/Score_Train_base_pt_g250_3j1fj_Predict_base_3j0fj.pdf has been created
TCanvas::Constructor:0: RuntimeWarning: Deleting canvas with same name: c
Info in <TCanvas::Print>: png file /eos/user/l/lfavilla/my_framework/MLstudies/Training/plots/base_pt_g250_3j1fj/Score_Train_base_pt_g250_3j1fj_Predict_base_pt_g250_3j0fj.png has been created
Info in <TCanvas::Print>: pdf file /eos/user/l/lfavilla/my_framework/MLstudies/Training/plots/base_pt_g250_3j1fj/Score_Train_base_pt_g250_3j1fj_Predict_base_pt_g250_3j0fj.pdf has been created
TCanvas::Constructor:0: RuntimeWarning: Deleting canvas with same name: c
Info in <TCanvas::Print>: png file /eos/user/l/lfavilla/my_framework/MLstudies/Training/plots/base_pt_g250_3j1fj/Score_Train_base_pt_g250_3j1fj_Predict_base_pt_l250_3j0fj.png has been created
Info in <TCanvas::Print>: pdf file /eos/user/l/lfavilla/my_framework/MLstudies/Training/plots/base_pt_g250_3j1fj/Score_Train_base_pt_g250_3j1fj_Predict_base_pt_l250_3j0fj.pdf has been created
TCanvas::Constructor:0: RuntimeWarning: Deleting canvas with same name: c
Info in <TCanvas::Print>: png file /eos/user/l/lfavilla/my_framework/MLstudies/Training/plots/base_pt_g250_3j1fj/Score_Train_base_pt_g250_3j1fj_Predict_base_3j1fj.png has been created
Info in <TCanvas::Print>: pdf file /eos/user/l/lfavilla/my_framework/MLstudies/Training/plots/base_pt_g250_3j1fj/Score_Train_base_pt_g250_3j1fj_Predict_base_3j1fj.pdf has been created
TCanvas::Constructor:0: RuntimeWarning: Deleting canvas with same name: c
Info in <TCanvas::Print>: png file /eos/user/l/lfavilla/my_framework/MLstudies/Training/plots/base_pt_g250_3j1fj/Score_Train_base_pt_g250_3j1fj_Predict_base_pt_g250_3j1fj.png has been created
Info in <TCanvas::Print>: pdf file /eos/user/l/lfavilla/my_framework/MLstudies/Training/plots/base_pt_g250_3j1fj/Score_Train_base_pt_g250_3j1fj_Predict_base_pt_g250_3j1fj.pdf has been created
TCanvas::Constructor:0: RuntimeWarning: Deleting canvas with same name: c
Info in <TCanvas::Print>: png file /eos/user/l/lfavilla/my_framework/MLstudies/Training/plots/base_pt_g250_3j1fj/Score_Train_base_pt_g250_3j1fj_Predict_base_pt_l250_3j1fj.png has been created
Info in <TCanvas::Print>: pdf file /eos/user/l/lfavilla/my_framework/MLstudies/Training/plots/base_pt_g250_3j1fj/Score_Train_base_pt_g250_3j1fj_Predict_base_pt_l250_3j1fj.pdf has been created
TCanvas::Constructor:0: RuntimeWarning: Deleting canvas with same name: c
Info in <TCanvas::Print>: png file /eos/user/l/lfavilla/my_framework/MLstudies/Training/plots/base_pt_g250_3j1fj/Score_Train_base_pt_g250_3j1fj_Predict_base_2j1fj.png has been created
Info in <TCanvas::Print>: pdf file /eos/user/l/lfavilla/my_framework/MLstudies/Training/plots/base_pt_g250_3j1fj/Score_Train_base_pt_g250_3j1fj_Predict_base_2j1fj.pdf has been created
TCanvas::Constructor:0: RuntimeWarning: Deleting canvas with same name: c
Info in <TCanvas::Print>: png file /eos/user/l/lfavilla/my_framework/MLstudies/Training/plots/base_pt_g250_3j1fj/Score_Train_base_pt_g250_3j1fj_Predict_base_pt_g250_2j1fj.png has been created
Info in <TCanvas::Print>: pdf file /eos/user/l/lfavilla/my_framework/MLstudies/Training/plots/base_pt_g250_3j1fj/Score_Train_base_pt_g250_3j1fj_Predict_base_pt_g250_2j1fj.pdf has been created
TCanvas::Constructor:0: RuntimeWarning: Deleting canvas with same name: c
Info in <TCanvas::Print>: png file /eos/user/l/lfavilla/my_framework/MLstudies/Training/plots/base_pt_g250_3j1fj/Score_Train_base_pt_g250_3j1fj_Predict_base_pt_l250_2j1fj.png has been created
Info in <TCanvas::Print>: pdf file /eos/user/l/lfavilla/my_framework/MLstudies/Training/plots/base_pt_g250_3j1fj/Score_Train_base_pt_g250_3j1fj_Predict_base_pt_l250_2j1fj.pdf has been created
TCanvas::Constructor:0: RuntimeWarning: Deleting canvas with same name: c
Info in <TCanvas::Print>: png file /eos/user/l/lfavilla/my_framework/MLstudies/Training/plots/base_pt_g250_3j1fj/Score_Train_base_pt_g250_3j1fj_Predict_base_3j1fj_2j1fj.png has been created
Info in <TCanvas::Print>: pdf file /eos/user/l/lfavilla/my_framework/MLstudies/Training/plots/base_pt_g250_3j1fj/Score_Train_base_pt_g250_3j1fj_Predict_base_3j1fj_2j1fj.pdf has been created
TCanvas::Constructor:0: RuntimeWarning: Deleting canvas with same name: c
Info in <TCanvas::Print>: png file /eos/user/l/lfavilla/my_framework/MLstudies/Training/plots/base_pt_g250_3j1fj/Score_Train_base_pt_g250_3j1fj_Predict_base_pt_g250_3j1fj_2j1fj.png has been created
Info in <TCanvas::Print>: pdf file /eos/user/l/lfavilla/my_framework/MLstudies/Training/plots/base_pt_g250_3j1fj/Score_Train_base_pt_g250_3j1fj_Predict_base_pt_g250_3j1fj_2j1fj.pdf has been created
TCanvas::Constructor:0: RuntimeWarning: Deleting canvas with same name: c
Info in <TCanvas::Print>: png file /eos/user/l/lfavilla/my_framework/MLstudies/Training/plots/base_pt_g250_3j1fj/Score_Train_base_pt_g250_3j1fj_Predict_base_pt_l250_3j1fj_2j1fj.png has been created
Info in <TCanvas::Print>: pdf file /eos/user/l/lfavilla/my_framework/MLstudies/Training/plots/base_pt_g250_3j1fj/Score_Train_base_pt_g250_3j1fj_Predict_base_pt_l250_3j1fj_2j1fj.pdf has been created
