DEBUG 2023-11-14 20:31:40.838 UTC: 	 CRAB Client version: v3.231010
DEBUG 2023-11-14 20:31:40.838 UTC: 	 Running on: Linux lxplus742.cern.ch 3.10.0-1160.102.1.el7.x86_64 #1 SMP Tue Oct 17 15:42:21 UTC 2023 x86_64 x86_64 x86_64 GNU/Linux - CentOS Linux 7 (Core)
DEBUG 2023-11-14 20:31:40.838 UTC: 	 Executing command: 'submit'
DEBUG 2023-11-14 20:31:40.838 UTC: 	 Found CRAB cache file /afs/cern.ch/user/l/lfavilla/.crab3
INFO 2023-11-14 20:31:40.839 UTC: 	 Will use CRAB configuration file crab_cfg.py
DEBUG 2023-11-14 20:31:40.839 UTC: 	 Loading CRAB configuration file.
DEBUG 2023-11-14 20:31:40.844 UTC: 	 Will use CRAB Analysis plugin (i.e. will run an analysis job type).
DEBUG 2023-11-14 20:31:40.852 UTC: 	 Checking credentials
DEBUG 2023-11-14 20:31:40.852 UTC: 	 Found proxy file /tmp/x509up_u159320
DEBUG 2023-11-14 20:31:40.852 UTC: 	 Making sure it has proper VOMS extension
DEBUG 2023-11-14 20:31:40.852 UTC: 	 Executing command :
 voms-proxy-info --vo --file /tmp/x509up_u159320
DEBUG 2023-11-14 20:31:41.195 UTC: 	 output : cms

 error: 
 retcode : 0
DEBUG 2023-11-14 20:31:41.195 UTC: 	 Getting proxy life time left
DEBUG 2023-11-14 20:31:41.195 UTC: 	 Executing command :
 voms-proxy-info --actimeleft --timeleft --file /tmp/x509up_u159320
DEBUG 2023-11-14 20:31:41.560 UTC: 	 output : 42808
42807

 error: 
 retcode : 0
DEBUG 2023-11-14 20:31:41.560 UTC: 	 Proxy valid for 11:53:27 hours
DEBUG 2023-11-14 20:31:41.572 UTC: 	 Encoded data for curl request: subresource=delegatedn
DEBUG 2023-11-14 20:31:41.610 UTC: 	 Registering user credentials on myproxy for /DC=ch/DC=cern/OU=computers/CN=crab-(preprod|prod|dev)-tw(01|02|03).cern.ch|/DC=ch/DC=cern/OU=computers/CN=stefanov(m|m2).cern.ch|/DC=ch/DC=cern/OU=computers/CN=dciangot-tw.cern.ch
DEBUG 2023-11-14 20:31:41.610 UTC: 	 Executing command :
 voms-proxy-info --identity --file /tmp/x509up_u159320
DEBUG 2023-11-14 20:31:41.980 UTC: 	 output : /DC=ch/DC=cern/OU=Organic Units/OU=Users/CN=lfavilla/CN=867090/CN=Leonardo Favilla

 error: 
 retcode : 0
DEBUG 2023-11-14 20:31:41.981 UTC: 	 Getting myproxy life time left for 70284ad9de3a40585c76dbf527363be004fcbd17
DEBUG 2023-11-14 20:31:41.981 UTC: 	 Executing command :
 myproxy-info -s myproxy.cern.ch -l 70284ad9de3a40585c76dbf527363be004fcbd17
DEBUG 2023-11-14 20:31:42.240 UTC: 	 output : username: 70284ad9de3a40585c76dbf527363be004fcbd17
owner: /DC=ch/DC=cern/OU=Organic Units/OU=Users/CN=lfavilla/CN=867090/CN=Leonardo Favilla
  renewal policy: /DC=ch/DC=cern/OU=computers/CN=crab-(preprod|prod|dev)-tw(01|02|03).cern.ch|/DC=ch/DC=cern/OU=computers/CN=stefanov(m|m2).cern.ch|/DC=ch/DC=cern/OU=computers/CN=dciangot-tw.cern.ch
  trusted retrieval policy: /DC=ch/DC=cern/OU=computers/CN=crab-(preprod|prod|dev)-tw(01|02|03).cern.ch|/DC=ch/DC=cern/OU=computers/CN=stefanov(m|m2).cern.ch|/DC=ch/DC=cern/OU=computers/CN=dciangot-tw.cern.ch
  timeleft: 398:12:38  (16.6 days)

 error: 
 retcode : 0
DEBUG 2023-11-14 20:31:42.240 UTC: 	 Myproxy is valid: 1433520
DEBUG 2023-11-14 20:31:42.240 UTC: 	 Result of myproxy credential check:
  Credential exists on myproxy: username: 70284ad9de3a40585c76dbf527363be004fcbd17  - validity: 16 days, 14:12:00
DEBUG 2023-11-14 20:31:42.240 UTC: 	 Command use: submit
DEBUG 2023-11-14 20:31:42.240 UTC: 	 Options use: ['-c', 'crab_cfg.py']
DEBUG 2023-11-14 20:31:42.240 UTC: 	 Encoded data for curl request: subresource=version
DEBUG 2023-11-14 20:31:42.281 UTC: 	 CRABClient version: v3.231010
DEBUG 2023-11-14 20:31:42.281 UTC: 	 Instance is prod
DEBUG 2023-11-14 20:31:42.281 UTC: 	 Server base url is cmsweb.cern.ch
DEBUG 2023-11-14 20:31:42.281 UTC: 	 Command api workflow
DEBUG 2023-11-14 20:31:42.281 UTC: 	 Started submission
DEBUG 2023-11-14 20:31:42.281 UTC: 	 Working on /afs/cern.ch/user/l/lfavilla/CMSSW_12_6_0/src/PhysicsTools/NanoAODTools/crab/crab_QCD_HT1500to2000_2018
DEBUG 2023-11-14 20:31:42.282 UTC: 	 Encoded data for curl request: subresource=backendurls
DEBUG 2023-11-14 20:31:42.365 UTC: 	 Loading required information from the environment
DEBUG 2023-11-14 20:31:42.365 UTC: 	 Found CMSSW_12_6_0 for slc7_amd64_gcc10 with base /afs/cern.ch/user/l/lfavilla/CMSSW_12_6_0
DEBUG 2023-11-14 20:31:42.365 UTC: 	 Loading required information from the environment
DEBUG 2023-11-14 20:31:42.365 UTC: 	 Found CMSSW_12_6_0 for slc7_amd64_gcc10 with base /afs/cern.ch/user/l/lfavilla/CMSSW_12_6_0
DEBUG 2023-11-14 20:31:42.365 UTC: 	 UNIQUE NAME: tarUUID 0bf2750f-84a9-4038-b494-06350c01c87d 
DEBUG 2023-11-14 20:31:42.365 UTC: 	 self.config: from WMCore.Configuration import Configuration
config = Configuration()
config.section_('General')
config.General.requestName = 'QCD_HT1500to2000_2018'
config.General.transferLogs = True
config.section_('JobType')
config.JobType.pluginName = 'Analysis'
config.JobType.scriptExe = 'crab_script.sh'
config.JobType.psetName = 'PSet.py'
config.JobType.inputFiles = ['crab_script.py', '../scripts/haddnano.py', '../scripts/keep_and_drop.txt']
config.JobType.maxJobRuntimeMin = 2700
config.section_('Data')
config.Data.outLFNDirBase = '/store/user/lfavilla/DM_v0'
config.Data.splitting = 'FileBased'
config.Data.allowNonValidInputDataset = True
config.Data.inputDataset = '/QCD_HT1500to2000_TuneCP5_PSWeights_13TeV-madgraph-pythia8/RunIISummer20UL18NanoAODv9-20UL18JMENano_106X_upgrade2018_realistic_v16_L1v1-v1/NANOAODSIM'
config.Data.publication = False
config.Data.inputDBS = 'global'
config.Data.outputDatasetTag = 'QCD_HT1500to2000_2018'
config.Data.unitsPerJob = 1
config.section_('Site')
config.Site.storageSite = 'T2_IT_Pisa'

DEBUG 2023-11-14 20:31:42.365 UTC: 	 self.config.JobType.psetName: PSet.py
INFO 2023-11-14 20:31:42.365 UTC: 	 Importing CMSSW configuration PSet.py
INFO 2023-11-14 20:31:42.458 UTC: 	 Finished importing CMSSW configuration PSet.py
DEBUG 2023-11-14 20:31:42.458 UTC: 	 Writing CMSSW configuration to /afs/cern.ch/user/l/lfavilla/CMSSW_12_6_0/src/PhysicsTools/NanoAODTools/crab/crab_QCD_HT1500to2000_2018/inputs/PSet.py
DEBUG 2023-11-14 20:31:42.466 UTC: 	 The following EDM output files will be collected: ['tree_hadd.root']
DEBUG 2023-11-14 20:31:42.466 UTC: 	 The following TFile output files will be collected: []
DEBUG 2023-11-14 20:31:42.466 UTC: 	 The following user output files (not listed as PoolOuputModule or TFileService in the CMSSW PSet) will be collected: 
DEBUG 2023-11-14 20:31:42.466 UTC: 	 Loading required information from the environment
DEBUG 2023-11-14 20:31:42.466 UTC: 	 Found CMSSW_12_6_0 for slc7_amd64_gcc10 with base /afs/cern.ch/user/l/lfavilla/CMSSW_12_6_0
DEBUG 2023-11-14 20:31:42.466 UTC: 	 Making tarball in /afs/cern.ch/user/l/lfavilla/CMSSW_12_6_0/src/PhysicsTools/NanoAODTools/crab/crab_QCD_HT1500to2000_2018/inputs/0bf2750f-84a9-4038-b494-06350c01c87ddefault.tgz
DEBUG 2023-11-14 20:31:42.467 UTC: 	 Checking directory /afs/cern.ch/user/l/lfavilla/CMSSW_12_6_0/bin
DEBUG 2023-11-14 20:31:42.467 UTC: 	 Adding directory /afs/cern.ch/user/l/lfavilla/CMSSW_12_6_0/bin to tarball
DEBUG 2023-11-14 20:31:42.470 UTC: 	 Checking directory /afs/cern.ch/user/l/lfavilla/CMSSW_12_6_0/python
DEBUG 2023-11-14 20:31:42.470 UTC: 	 Adding directory /afs/cern.ch/user/l/lfavilla/CMSSW_12_6_0/python to tarball
DEBUG 2023-11-14 20:31:42.477 UTC: 	 Checking directory /afs/cern.ch/user/l/lfavilla/CMSSW_12_6_0/cfipython
DEBUG 2023-11-14 20:31:42.477 UTC: 	 Adding directory /afs/cern.ch/user/l/lfavilla/CMSSW_12_6_0/cfipython to tarball
DEBUG 2023-11-14 20:31:42.479 UTC: 	 Checking directory /afs/cern.ch/user/l/lfavilla/CMSSW_12_6_0/lib
DEBUG 2023-11-14 20:31:42.479 UTC: 	 Adding directory /afs/cern.ch/user/l/lfavilla/CMSSW_12_6_0/lib to tarball
DEBUG 2023-11-14 20:31:42.483 UTC: 	 Checking directory /afs/cern.ch/user/l/lfavilla/CMSSW_12_6_0/biglib
DEBUG 2023-11-14 20:31:42.483 UTC: 	 Adding directory /afs/cern.ch/user/l/lfavilla/CMSSW_12_6_0/biglib to tarball
DEBUG 2023-11-14 20:31:42.484 UTC: 	 Checking directory /afs/cern.ch/user/l/lfavilla/CMSSW_12_6_0/module
DEBUG 2023-11-14 20:31:42.485 UTC: 	 Checking directory /afs/cern.ch/user/l/lfavilla/CMSSW_12_6_0/config/SCRAM/hooks
DEBUG 2023-11-14 20:31:42.485 UTC: 	 Adding directory /afs/cern.ch/user/l/lfavilla/CMSSW_12_6_0/config/SCRAM/hooks to tarball
DEBUG 2023-11-14 20:31:42.716 UTC: 	 Adding directory /afs/cern.ch/user/l/lfavilla/CMSSW_12_6_0/src/PhysicsTools/NanoAODTools/data to tarball
DEBUG 2023-11-14 20:31:52.109 UTC: 	 Adding directory /afs/cern.ch/user/l/lfavilla/CMSSW_12_6_0/src/PhysicsTools/NanoAODTools/interface to tarball
DEBUG 2023-11-14 20:31:52.112 UTC: 	 Adding directory /afs/cern.ch/user/l/lfavilla/CMSSW_12_6_0/src/PhysicsTools/NanoAODTools/python to tarball
DEBUG 2023-11-14 20:32:00.773 UTC: 	 Adding directory /afs/cern.ch/user/l/lfavilla/CMSSW_12_6_0/src/PhysicsTools/NanoAODTools/python/postprocessing/data to tarball
DEBUG 2023-11-14 20:32:02.838 UTC: 	 Adding file crab_script.py to tarball
DEBUG 2023-11-14 20:32:02.839 UTC: 	 Adding file ../scripts/haddnano.py to tarball
DEBUG 2023-11-14 20:32:02.839 UTC: 	 Adding file ../scripts/keep_and_drop.txt to tarball
DEBUG 2023-11-14 20:32:06.750 UTC: 	 Uploading archive /afs/cern.ch/user/l/lfavilla/CMSSW_12_6_0/src/PhysicsTools/NanoAODTools/crab/crab_QCD_HT1500to2000_2018/inputs/0bf2750f-84a9-4038-b494-06350c01c87ddefault.tgz (89 MB) to the CRAB cache. Using URI https://cmsweb.cern.ch/S3/crabcache_prod
DEBUG 2023-11-14 20:32:24.432 UTC: 	 Encoded data for curl request: subresource=upload&objecttype=sandbox&tarballname=940cd8e36b643189e56113d311e7f6915fce7c596a3a7319fdca2132af9ab5a8.tar.gz
DEBUG 2023-11-14 20:32:24.482 UTC: 	 Will execute:
curl -f -v -X POST  -H "User-Agent: CRAB" -F "key=lfavilla/sandboxes/940cd8e36b643189e56113d311e7f6915fce7c596a3a7319fdca2132af9ab5a8.tar.gz" -F "AWSAccessKeyId=ab00fcc889f248c495d2875f15a3badb" -F "policy=eyJleHBpcmF0aW9uIjogIjIwMjMtMTEtMTRUMjE6MzI6MjRaIiwgImNvbmRpdGlvbnMiOiBbeyJidWNrZXQiOiAiY3JhYmNhY2hlX3Byb2QifSwgeyJrZXkiOiAibGZhdmlsbGEvc2FuZGJveGVzLzk0MGNkOGUzNmI2NDMxODllNTYxMTNkMzExZTdmNjkxNWZjZTdjNTk2YTNhNzMxOWZkY2EyMTMyYWY5YWI1YTgudGFyLmd6In1dfQ==" -F "signature=sQ8BycLAHF1GaBVdmI1yesA/O1o=" -F "file=@/afs/cern.ch/user/l/lfavilla/CMSSW_12_6_0/src/PhysicsTools/NanoAODTools/crab/crab_QCD_HT1500to2000_2018/inputs/0bf2750f-84a9-4038-b494-06350c01c87ddefault.tgz" "https://s3.cern.ch/crabcache_prod"
DEBUG 2023-11-14 20:32:26.214 UTC: 	 exitcode: 0
stdout: b''
DEBUG 2023-11-14 20:32:26.214 UTC: 	 sandbox /afs/cern.ch/user/l/lfavilla/CMSSW_12_6_0/src/PhysicsTools/NanoAODTools/crab/crab_QCD_HT1500to2000_2018/inputs/0bf2750f-84a9-4038-b494-06350c01c87ddefault.tgz successully uploaded to S3
DEBUG 2023-11-14 20:32:26.215 UTC: 	 Loading required information from the environment
DEBUG 2023-11-14 20:32:26.215 UTC: 	 Found CMSSW_12_6_0 for slc7_amd64_gcc10 with base /afs/cern.ch/user/l/lfavilla/CMSSW_12_6_0
DEBUG 2023-11-14 20:32:26.215 UTC: 	 Making tarball in /afs/cern.ch/user/l/lfavilla/CMSSW_12_6_0/src/PhysicsTools/NanoAODTools/crab/crab_QCD_HT1500to2000_2018/inputs/debugFiles.tgz
DEBUG 2023-11-14 20:32:26.220 UTC: 	 Uploading archive /afs/cern.ch/user/l/lfavilla/CMSSW_12_6_0/src/PhysicsTools/NanoAODTools/crab/crab_QCD_HT1500to2000_2018/inputs/debugFiles.tgz (1 KB) to the CRAB cache. Using URI https://cmsweb.cern.ch/S3/crabcache_prod
DEBUG 2023-11-14 20:32:26.222 UTC: 	 Encoded data for curl request: subresource=upload&objecttype=sandbox&tarballname=a7d2120798df351123d12e64b7ae269b4424491f0b0938221f84845e5255552e.tar.gz
DEBUG 2023-11-14 20:32:26.267 UTC: 	 Will execute:
curl -f -v -X POST  -H "User-Agent: CRAB" -F "key=lfavilla/sandboxes/a7d2120798df351123d12e64b7ae269b4424491f0b0938221f84845e5255552e.tar.gz" -F "AWSAccessKeyId=ab00fcc889f248c495d2875f15a3badb" -F "policy=eyJleHBpcmF0aW9uIjogIjIwMjMtMTEtMTRUMjE6MzI6MjZaIiwgImNvbmRpdGlvbnMiOiBbeyJidWNrZXQiOiAiY3JhYmNhY2hlX3Byb2QifSwgeyJrZXkiOiAibGZhdmlsbGEvc2FuZGJveGVzL2E3ZDIxMjA3OThkZjM1MTEyM2QxMmU2NGI3YWUyNjliNDQyNDQ5MWYwYjA5MzgyMjFmODQ4NDVlNTI1NTU1MmUudGFyLmd6In1dfQ==" -F "signature=n5SFwcg37Jab2hiTLPThAdE9haY=" -F "file=@/afs/cern.ch/user/l/lfavilla/CMSSW_12_6_0/src/PhysicsTools/NanoAODTools/crab/crab_QCD_HT1500to2000_2018/inputs/debugFiles.tgz" "https://s3.cern.ch/crabcache_prod"
DEBUG 2023-11-14 20:32:26.295 UTC: 	 exitcode: 0
stdout: b''
DEBUG 2023-11-14 20:32:26.295 UTC: 	 sandbox /afs/cern.ch/user/l/lfavilla/CMSSW_12_6_0/src/PhysicsTools/NanoAODTools/crab/crab_QCD_HT1500to2000_2018/inputs/debugFiles.tgz successully uploaded to S3
DEBUG 2023-11-14 20:32:26.296 UTC: 	 Result uploading input files: 940cd8e36b643189e56113d311e7f6915fce7c596a3a7319fdca2132af9ab5a8.tar.gz 
INFO 2023-11-14 20:32:26.297 UTC: 	 Sending the request to the server at cmsweb.cern.ch
DEBUG 2023-11-14 20:32:26.297 UTC: 	 Submitting {'dryrun': 0, 'workflow': 'crab_QCD_HT1500to2000_2018', 'saveoutput': 1, 'savelogsflag': 1, 'inputdata': '/QCD_HT1500to2000_TuneCP5_PSWeights_13TeV-madgraph-pythia8/RunIISummer20UL18NanoAODv9-20UL18JMENano_106X_upgrade2018_realistic_v16_L1v1-v1/NANOAODSIM', 'primarydataset': '', 'nonvaliddata': 1, 'userfiles': [], 'dbsurl': 'https://cmsweb.cern.ch/dbs/prod/global/DBSReader', 'useparent': 0, 'ignorelocality': 0, 'splitalgo': 'FileBased', 'algoargs': 1, 'totalunits': 0, 'lfn': '/store/user/lfavilla/DM_v0', 'publication': 0, 'publishdbsurl': 'https://cmsweb.cern.ch/dbs/prod/phys03/DBSWriter', 'publishname2': 'QCD_HT1500to2000_2018', 'jobtype': 'Analysis', 'generator': 'pythia', 'addoutputfiles': [], 'maxjobruntime': 2700, 'numcores': 1, 'maxmemory': 2000, 'priority': 10, 'nonprodsw': 0, 'scriptexe': 'crab_script.sh', 'asyncdest': 'T2_IT_Pisa', 'requireaccelerator': 0, 'oneEventMode': 0, 'extrajdl': [], 'ignoreglobalblacklist': 0, 'partialdataset': 0, 'inputblocks': [], 'tfileoutfiles': [], 'edmoutfiles': ['tree_hadd.root'], 'jobarch': 'slc7_amd64_gcc10', 'jobsw': 'CMSSW_12_6_0', 'cacheurl': 'https://cmsweb.cern.ch/S3/crabcache_prod', 'cachefilename': '940cd8e36b643189e56113d311e7f6915fce7c596a3a7319fdca2132af9ab5a8.tar.gz', 'debugfilename': 'a7d2120798df351123d12e64b7ae269b4424491f0b0938221f84845e5255552e.tar.gz'} 
DEBUG 2023-11-14 20:32:26.297 UTC: 	 Encoded data for curl request: dryrun=0&workflow=crab_QCD_HT1500to2000_2018&saveoutput=1&savelogsflag=1&inputdata=%2FQCD_HT1500to2000_TuneCP5_PSWeights_13TeV-madgraph-pythia8%2FRunIISummer20UL18NanoAODv9-20UL18JMENano_106X_upgrade2018_realistic_v16_L1v1-v1%2FNANOAODSIM&primarydataset=&nonvaliddata=1&dbsurl=https%3A%2F%2Fcmsweb.cern.ch%2Fdbs%2Fprod%2Fglobal%2FDBSReader&useparent=0&ignorelocality=0&splitalgo=FileBased&algoargs=1&totalunits=0&lfn=%2Fstore%2Fuser%2Flfavilla%2FDM_v0&publication=0&publishdbsurl=https%3A%2F%2Fcmsweb.cern.ch%2Fdbs%2Fprod%2Fphys03%2FDBSWriter&publishname2=QCD_HT1500to2000_2018&jobtype=Analysis&generator=pythia&maxjobruntime=2700&numcores=1&maxmemory=2000&priority=10&nonprodsw=0&scriptexe=crab_script.sh&asyncdest=T2_IT_Pisa&requireaccelerator=0&oneEventMode=0&ignoreglobalblacklist=0&partialdataset=0&jobarch=slc7_amd64_gcc10&jobsw=CMSSW_12_6_0&cacheurl=https%3A%2F%2Fcmsweb.cern.ch%2FS3%2Fcrabcache_prod&cachefilename=940cd8e36b643189e56113d311e7f6915fce7c596a3a7319fdca2132af9ab5a8.tar.gz&debugfilename=a7d2120798df351123d12e64b7ae269b4424491f0b0938221f84845e5255552e.tar.gz&edmoutfiles=tree_hadd.root
DEBUG 2023-11-14 20:32:26.491 UTC: 	 Result: {'result': [{'RequestName': '231114_203226:lfavilla_crab_QCD_HT1500to2000_2018'}]}
INFO 2023-11-14 20:32:26.493 UTC: 	 Success: Your task has been delivered to the prod CRAB3 server.
INFO 2023-11-14 20:32:26.493 UTC: 	 Task name: 231114_203226:lfavilla_crab_QCD_HT1500to2000_2018
INFO 2023-11-14 20:32:26.494 UTC: 	 Project dir: ./crab_QCD_HT1500to2000_2018
INFO 2023-11-14 20:32:26.494 UTC: 	 Please use ' crab status -d ./crab_QCD_HT1500to2000_2018 ' to check how the submission process proceeds.
DEBUG 2023-11-14 20:32:26.494 UTC: 	 About to return
INFO 2023-11-14 20:32:26.495 UTC: 	 Log file is /afs/cern.ch/user/l/lfavilla/CMSSW_12_6_0/src/PhysicsTools/NanoAODTools/crab/crab_QCD_HT1500to2000_2018/crab.log
DEBUG 2023-11-15 10:21:48.051 UTC: 	 CRAB Client version: v3.231010
DEBUG 2023-11-15 10:21:48.051 UTC: 	 Running on: Linux lxplus799.cern.ch 3.10.0-1160.99.1.el7.x86_64 #1 SMP Wed Sep 13 14:19:20 UTC 2023 x86_64 x86_64 x86_64 GNU/Linux - CentOS Linux 7 (Core)
DEBUG 2023-11-15 10:21:48.051 UTC: 	 Executing command: 'status'
DEBUG 2023-11-15 10:21:48.051 UTC: 	 Found CRAB cache file /afs/cern.ch/user/l/lfavilla/.crab3
DEBUG 2023-11-15 10:21:48.101 UTC: 	 Checking credentials
DEBUG 2023-11-15 10:21:48.102 UTC: 	 Found proxy file /tmp/x509up_u159320
DEBUG 2023-11-15 10:21:48.102 UTC: 	 Making sure it has proper VOMS extension
DEBUG 2023-11-15 10:21:48.102 UTC: 	 Executing command :
 voms-proxy-info --vo --file /tmp/x509up_u159320
DEBUG 2023-11-15 10:21:48.872 UTC: 	 output : cms

 error: 
 retcode : 0
DEBUG 2023-11-15 10:21:48.872 UTC: 	 Getting proxy life time left
DEBUG 2023-11-15 10:21:48.872 UTC: 	 Executing command :
 voms-proxy-info --actimeleft --timeleft --file /tmp/x509up_u159320
DEBUG 2023-11-15 10:21:49.603 UTC: 	 output : 33090
33090

 error: 
 retcode : 0
DEBUG 2023-11-15 10:21:49.603 UTC: 	 Proxy valid for 09:11:30 hours
DEBUG 2023-11-15 10:21:49.688 UTC: 	 Encoded data for curl request: subresource=delegatedn
DEBUG 2023-11-15 10:21:49.753 UTC: 	 Registering user credentials on myproxy for /DC=ch/DC=cern/OU=computers/CN=crab-(preprod|prod|dev)-tw(01|02|03).cern.ch|/DC=ch/DC=cern/OU=computers/CN=stefanov(m|m2).cern.ch|/DC=ch/DC=cern/OU=computers/CN=dciangot-tw.cern.ch
DEBUG 2023-11-15 10:21:49.754 UTC: 	 Executing command :
 voms-proxy-info --identity --file /tmp/x509up_u159320
DEBUG 2023-11-15 10:21:50.562 UTC: 	 output : /DC=ch/DC=cern/OU=Organic Units/OU=Users/CN=lfavilla/CN=867090/CN=Leonardo Favilla

 error: 
 retcode : 0
DEBUG 2023-11-15 10:21:50.563 UTC: 	 Getting myproxy life time left for 70284ad9de3a40585c76dbf527363be004fcbd17
DEBUG 2023-11-15 10:21:50.563 UTC: 	 Executing command :
 myproxy-info -s myproxy.cern.ch -l 70284ad9de3a40585c76dbf527363be004fcbd17
DEBUG 2023-11-15 10:21:50.875 UTC: 	 output : username: 70284ad9de3a40585c76dbf527363be004fcbd17
owner: /DC=ch/DC=cern/OU=Organic Units/OU=Users/CN=lfavilla/CN=867090/CN=Leonardo Favilla
  renewal policy: /DC=ch/DC=cern/OU=computers/CN=crab-(preprod|prod|dev)-tw(01|02|03).cern.ch|/DC=ch/DC=cern/OU=computers/CN=stefanov(m|m2).cern.ch|/DC=ch/DC=cern/OU=computers/CN=dciangot-tw.cern.ch
  trusted retrieval policy: /DC=ch/DC=cern/OU=computers/CN=crab-(preprod|prod|dev)-tw(01|02|03).cern.ch|/DC=ch/DC=cern/OU=computers/CN=stefanov(m|m2).cern.ch|/DC=ch/DC=cern/OU=computers/CN=dciangot-tw.cern.ch
  timeleft: 384:22:30  (16.0 days)

 error: 
 retcode : 0
DEBUG 2023-11-15 10:21:50.875 UTC: 	 Myproxy is valid: 1383720
DEBUG 2023-11-15 10:21:50.875 UTC: 	 Result of myproxy credential check:
  Credential exists on myproxy: username: 70284ad9de3a40585c76dbf527363be004fcbd17  - validity: 16 days, 0:22:00
DEBUG 2023-11-15 10:21:50.876 UTC: 	 Command use: status
DEBUG 2023-11-15 10:21:50.876 UTC: 	 Options use: ['-d', 'crab_QCD_HT1500to2000_2018']
DEBUG 2023-11-15 10:21:50.877 UTC: 	 Encoded data for curl request: subresource=version
DEBUG 2023-11-15 10:21:50.951 UTC: 	 CRABClient version: v3.231010
DEBUG 2023-11-15 10:21:50.952 UTC: 	 Instance is prod
DEBUG 2023-11-15 10:21:50.952 UTC: 	 Server base url is cmsweb.cern.ch
DEBUG 2023-11-15 10:21:50.952 UTC: 	 Command api workflow
DEBUG 2023-11-15 10:21:50.952 UTC: 	 Encoded data for curl request: subresource=search&workflow=231114_203226%3Alfavilla_crab_QCD_HT1500to2000_2018
DEBUG 2023-11-15 10:21:51.040 UTC: 	 Got information from server oracle database: {'desc': {'columns': ['tm_taskname', 'tm_activity', 'panda_jobset_id', 'tm_task_status', 'tm_task_command', 'tm_start_time', 'tm_start_injection', 'tm_end_injection', 'tm_task_failure', 'tm_job_sw', 'tm_job_arch', 'tm_input_dataset', 'tm_nonvalid_input_dataset', 'tm_use_parent', 'tm_site_whitelist', 'tm_site_blacklist', 'tm_split_algo', 'tm_split_args', 'tm_user_sandbox', 'tm_cache_url', 'tm_username', 'tm_user_dn', 'tm_user_vo', 'tm_user_role', 'tm_user_group', 'tm_publish_name', 'tm_publish_groupname', 'tm_asyncdest', 'tm_dbs_url', 'tm_publish_dbs_url', 'tm_publication', 'tm_outfiles', 'tm_tfile_outfiles', 'tm_edm_outfiles', 'tm_job_type', 'tm_generator', 'tm_events_per_lumi', 'tm_arguments', 'panda_resubmitted_jobs', 'tm_save_logs', 'tw_name', 'tm_user_infiles', 'tm_maxjobruntime', 'tm_numcores', 'tm_maxmemory', 'tm_priority', 'tm_output_dataset', 'tm_task_warnings', 'tm_user_webdir', 'tm_scriptexe', 'tm_scriptargs', 'tm_extrajdl', 'tm_asourl', 'tm_collector', 'tm_schedd', 'tm_dry_run', 'tm_user_files', 'tm_transfer_outputs', 'tm_output_lfn', 'tm_ignore_locality', 'tm_fail_limit', 'tm_one_event_mode', 'tm_secondary_input_dataset', 'tm_primary_dataset', 'tm_last_publication', 'tm_debug_files', 'clusterid', 'tm_asodb', 'tm_ignore_global_blacklist', 'tm_submitter_ip_addr', 'tm_totalunits', 'tm_ddm_reqid', 'tm_user_config', 'tm_transfer_container', 'tm_transfer_rule', 'tm_publish_rule']}, 'result': ['231114_203226:lfavilla_crab_QCD_HT1500to2000_2018', 'None', 'None', 'SUBMITTED', 'SUBMIT', '2023-11-14 20:32:26.365713', 'None', '2023-11-14 20:33:39.669106', 'None', 'CMSSW_12_6_0', 'slc7_amd64_gcc10', '/QCD_HT1500to2000_TuneCP5_PSWeights_13TeV-madgraph-pythia8/RunIISummer20UL18NanoAODv9-20UL18JMENano_106X_upgrade2018_realistic_v16_L1v1-v1/NANOAODSIM', 'T', '0', '[]', '[]', 'FileBased', "{'halt_job_on_file_boundaries': False, 'splitOnRun': False, 'files_per_job': 1, 'runs': [], 'lumis': []}", '940cd8e36b643189e56113d311e7f6915fce7c596a3a7319fdca2132af9ab5a8.tar.gz', 'https://cmsweb.cern.ch/S3/crabcache_prod', 'lfavilla', '/DC=ch/DC=cern/OU=Organic Units/OU=Users/CN=lfavilla/CN=867090/CN=Leonardo Favilla', 'cms', 'None', 'None', 'QCD_HT1500to2000_2018-00000000000000000000000000000000', 'F', 'T2_IT_Pisa', 'https://cmsweb.cern.ch/dbs/prod/global/DBSReader', 'https://cmsweb.cern.ch/dbs/prod/phys03/DBSWriter', 'F', '[]', '[]', "['tree_hadd.root']", 'Analysis', 'pythia', 'None', '{}', 'None', 'T', 'crab-prod-tw01', '[]', '2700', '1', '2000', '10', "['/QCD_HT1500to2000_TuneCP5_PSWeights_13TeV-madgraph-pythia8/lfavilla-QCD_HT1500to2000_2018-00000000000000000000000000000000/USER']", '[]', 'http://vocms0155.cern.ch/mon/lfavilla/231114_203226:lfavilla_crab_QCD_HT1500to2000_2018', 'crab_script.sh', '[]', '[]', 'None', 'cmsgwms-collector-global.cern.ch:9620,cmsgwms-collector-global.fnal.gov:9620', 'crab3@vocms0155.cern.ch', 'F', '[]', 'T', '/store/user/lfavilla/DM_v0', 'F', 'None', 'F', 'None', 'QCD_HT1500to2000_TuneCP5_PSWeights_13TeV-madgraph-pythia8', 'None', 'a7d2120798df351123d12e64b7ae269b4424491f0b0938221f84845e5255552e.tar.gz', '101477999', 'None', 'F', '188.185.89.202', '0.0', 'None', '{"partialdataset": false, "requireaccelerator": false, "acceleratorparams": null, "inputblocks": null}', 'None', 'None', 'None']}
INFO 2023-11-15 10:21:51.040 UTC: 	 CRAB project directory:		/afs/cern.ch/user/l/lfavilla/CMSSW_12_6_0/src/PhysicsTools/NanoAODTools/crab/crab_QCD_HT1500to2000_2018
INFO 2023-11-15 10:21:51.041 UTC: 	 Task name:			231114_203226:lfavilla_crab_QCD_HT1500to2000_2018
INFO 2023-11-15 10:21:51.041 UTC: 	 Grid scheduler - Task Worker:	crab3@vocms0155.cern.ch - crab-prod-tw01
INFO 2023-11-15 10:21:51.041 UTC: 	 Status on the CRAB server:	SUBMITTED
INFO 2023-11-15 10:21:51.041 UTC: 	 Task URL to use for HELP:	https://cmsweb.cern.ch/crabserver/ui/task/231114_203226%3Alfavilla_crab_QCD_HT1500to2000_2018
INFO 2023-11-15 10:21:51.051 UTC: 	 Dashboard monitoring URL:	https://monit-grafana.cern.ch/d/cmsTMDetail/cms-task-monitoring-task-view?orgId=11&var-user=lfavilla&var-task=231114_203226%3Alfavilla_crab_QCD_HT1500to2000_2018&from=1699990346000&to=now
DEBUG 2023-11-15 10:21:51.051 UTC: 	 The CRAB server submitted your task to the Grid scheduler (cluster ID: 101477999)
DEBUG 2023-11-15 10:21:51.051 UTC: 	 Webdir is located at http://vocms0155.cern.ch/mon/lfavilla/231114_203226:lfavilla_crab_QCD_HT1500to2000_2018
DEBUG 2023-11-15 10:21:51.052 UTC: 	 Encoded data for curl request: subresource=webdirprx&workflow=231114_203226%3Alfavilla_crab_QCD_HT1500to2000_2018
DEBUG 2023-11-15 10:21:51.137 UTC: 	 Proxied webdir is located at https://cmsweb.cern.ch:8443/scheddmon/0155/lfavilla/231114_203226:lfavilla_crab_QCD_HT1500to2000_2018
DEBUG 2023-11-15 10:21:51.153 UTC: 	 Retrieving 'status_cache' file from https://cmsweb.cern.ch:8443/scheddmon/0155/lfavilla/231114_203226:lfavilla_crab_QCD_HT1500to2000_2018/status_cache.pkl
DEBUG 2023-11-15 10:21:51.153 UTC: 	 Will execute:
curl -sS --capath /etc/grid-security/certificates --cert /tmp/x509up_u159320 --key /tmp/x509up_u159320 -o /tmp/crab_status-cache-xktiite5.pkl -w %"{http_code}" "https://cmsweb.cern.ch:8443/scheddmon/0155/lfavilla/231114_203226:lfavilla_crab_QCD_HT1500to2000_2018/status_cache.pkl"
DEBUG 2023-11-15 10:21:51.153 UTC: 	 Executing command :
 curl -sS --capath /etc/grid-security/certificates --cert /tmp/x509up_u159320 --key /tmp/x509up_u159320 -o /tmp/crab_status-cache-xktiite5.pkl -w %"{http_code}" "https://cmsweb.cern.ch:8443/scheddmon/0155/lfavilla/231114_203226:lfavilla_crab_QCD_HT1500to2000_2018/status_cache.pkl"
DEBUG 2023-11-15 10:21:51.204 UTC: 	 output : 200
 error: 
 retcode : 0
DEBUG 2023-11-15 10:21:51.204 UTC: 	 exitcode: 0
stdout: 200
stderr: 
error details: 
DEBUG 2023-11-15 10:21:51.205 UTC: 	 Got information from status cache file: {'1': {'Retries': 0, 'Restarts': 0, 'SiteHistory': ['Unknown', 'T2_UK_SGrid_RALPP', 'T2_UK_SGrid_RALPP'], 'ResidentSetSize': [998076], 'SubmitTimes': [1699994041.0], 'StartTimes': [1699994299.0], 'EndTimes': [1700010387.0], 'TotalUserCpuTimeHistory': [16809], 'TotalSysCpuTimeHistory': [5366], 'WallDurations': [8.0, 214.6776785850525, 16088.0], 'JobIds': ['101478015.0'], 'State': 'finished', 'RecordedSite': True}, '2': {'Retries': 0, 'Restarts': 0, 'SiteHistory': ['Unknown', 'T2_UK_SGrid_RALPP', 'T2_UK_SGrid_RALPP'], 'ResidentSetSize': [993640], 'SubmitTimes': [1699994041.0], 'StartTimes': [1699994323.0], 'EndTimes': [], 'TotalUserCpuTimeHistory': [825.0], 'TotalSysCpuTimeHistory': [442.0], 'WallDurations': [9.0, 190.6776785850525, 612.0], 'JobIds': ['101478016.0'], 'State': 'failed', 'RecordedSite': True, 'Error': [50663, 'Not retrying job due CPU limit (using more CPU than Wall Clock)', {}]}, '3': {'Retries': 1, 'Restarts': 0, 'SiteHistory': ['Unknown', 'T2_UK_SGrid_RALPP', 'T2_UK_SGrid_RALPP', 'Unknown', 'T2_US_Nebraska', 'T2_US_Nebraska'], 'ResidentSetSize': [1217608, 1120748], 'SubmitTimes': [1699994042.0, 1700015827.0], 'StartTimes': [1699994320.0, 1700015951.0], 'EndTimes': [1700012154.0, 1700034242.0], 'TotalUserCpuTimeHistory': [17901, 17338], 'TotalSysCpuTimeHistory': [2328, 1015], 'WallDurations': [9.0, 193.6776785850525, 17834.0, 10.0, 241.33127784729004, 18291.0], 'JobIds': ['101478017.0', '101484623.0'], 'State': 'finished', 'RecordedSite': True}, '4': {'Retries': 0, 'Restarts': 0, 'SiteHistory': ['Unknown', 'T2_UK_SGrid_RALPP', 'T2_UK_SGrid_RALPP'], 'ResidentSetSize': [992752], 'SubmitTimes': [1699994042.0], 'StartTimes': [1699994323.0], 'EndTimes': [1700006199.0], 'TotalUserCpuTimeHistory': [12209], 'TotalSysCpuTimeHistory': [3992], 'WallDurations': [9.0, 190.6776785850525, 11876.0], 'JobIds': ['101478018.0'], 'State': 'finished', 'RecordedSite': True}, '5': {'Retries': 0, 'Restarts': 0, 'SiteHistory': ['Unknown', 'T2_UK_SGrid_RALPP', 'T2_UK_SGrid_RALPP'], 'ResidentSetSize': [1001888], 'SubmitTimes': [1699994043.0], 'StartTimes': [1699994322.0], 'EndTimes': [], 'TotalUserCpuTimeHistory': [1282.0], 'TotalSysCpuTimeHistory': [655.0], 'WallDurations': [9.0, 191.6776785850525, 912.0], 'JobIds': ['101478019.0'], 'State': 'failed', 'RecordedSite': True, 'Error': [50663, 'Not retrying job due CPU limit (using more CPU than Wall Clock)', {}]}, '6': {'Retries': 1, 'Restarts': 0, 'SiteHistory': ['Unknown', 'T2_UK_SGrid_RALPP', 'T2_UK_SGrid_RALPP', 'Unknown', 'T2_UK_SGrid_RALPP', 'T2_UK_SGrid_RALPP'], 'ResidentSetSize': [992920, 991076], 'SubmitTimes': [1699994044.0, 1700021275.0], 'StartTimes': [1699994294.0, 1700021372.0], 'EndTimes': [1700014005.0], 'TotalUserCpuTimeHistory': [19742, 21481.0], 'TotalSysCpuTimeHistory': [2469, 2063.0], 'WallDurations': [8.0, 219.6776785850525, 19711.0, 9.0, 245.37610387802124, 21952.0], 'JobIds': ['101478021.0', '101485202.0'], 'State': 'running', 'RecordedSite': True}, '7': {'Retries': 0, 'Restarts': 0, 'SiteHistory': ['Unknown', 'T2_UK_SGrid_RALPP', 'T2_UK_SGrid_RALPP'], 'ResidentSetSize': [987884], 'SubmitTimes': [1699994046.0], 'StartTimes': [1699994292.0], 'EndTimes': [1700005260.0], 'TotalUserCpuTimeHistory': [11424], 'TotalSysCpuTimeHistory': [3650], 'WallDurations': [10.0, 221.6776785850525, 10968.0], 'JobIds': ['101478023.0'], 'State': 'finished', 'RecordedSite': True}, '8': {'Retries': 1, 'Restarts': 0, 'SiteHistory': ['Unknown', 'T2_UK_SGrid_RALPP', 'T2_UK_SGrid_RALPP', 'T2_UK_SGrid_RALPP', 'T2_UK_SGrid_RALPP'], 'ResidentSetSize': [977548, 978932], 'SubmitTimes': [1699994048.0, 1700004490.0], 'StartTimes': [1699994294.0, 1700004634.0], 'EndTimes': [1700000817.0, 1700010268.0], 'TotalUserCpuTimeHistory': [6667, 5834], 'TotalSysCpuTimeHistory': [1900, 1896], 'WallDurations': [8.0, 219.6776785850525, 6523.0, 9.0, 5634.0], 'JobIds': ['101478027.0', '101481559.0'], 'State': 'finished', 'RecordedSite': True}, '9': {'Retries': 0, 'Restarts': 0, 'SiteHistory': ['Unknown', 'T2_UK_SGrid_RALPP', 'T2_UK_SGrid_RALPP'], 'ResidentSetSize': [1017208], 'SubmitTimes': [1699994055.0], 'StartTimes': [1699994294.0], 'EndTimes': [], 'TotalUserCpuTimeHistory': [1612.0], 'TotalSysCpuTimeHistory': [899.0], 'WallDurations': [9.0, 219.6776785850525, 1214.0], 'JobIds': ['101478033.0'], 'State': 'failed', 'RecordedSite': True, 'Error': [50663, 'Not retrying job due CPU limit (using more CPU than Wall Clock)', {}]}, '10': {'Retries': 0, 'Restarts': 0, 'SiteHistory': ['Unknown', 'T2_UK_SGrid_RALPP', 'T2_UK_SGrid_RALPP'], 'ResidentSetSize': [1027468], 'SubmitTimes': [1699994057.0], 'StartTimes': [1699994294.0], 'EndTimes': [], 'TotalUserCpuTimeHistory': [1605.0], 'TotalSysCpuTimeHistory': [846.0], 'WallDurations': [9.0, 219.6776785850525, 1213.0], 'JobIds': ['101478035.0'], 'State': 'failed', 'RecordedSite': True, 'Error': [50663, 'Not retrying job due CPU limit (using more CPU than Wall Clock)', {}]}, '11': {'Retries': 1, 'Restarts': 0, 'SiteHistory': ['Unknown', 'T2_UK_SGrid_RALPP', 'T2_UK_SGrid_RALPP', 'Unknown', 'T2_US_Nebraska', 'T2_US_Nebraska'], 'ResidentSetSize': [1003420, 1195312], 'SubmitTimes': [1699994058.0, 1700013143.0], 'StartTimes': [1699994294.0, 1700013218.0], 'EndTimes': [1700011272.0, 1700036413.0], 'TotalUserCpuTimeHistory': [17851, 21679], 'TotalSysCpuTimeHistory': [6195, 1198], 'WallDurations': [9.0, 219.6776785850525, 16978.0, 10.0, 262.2274498939514, 23195.0], 'JobIds': ['101478038.0', '101484495.0'], 'State': 'finished', 'RecordedSite': True}, '12': {'Retries': 0, 'Restarts': 0, 'SiteHistory': ['Unknown', 'T2_UK_SGrid_RALPP', 'T2_UK_SGrid_RALPP'], 'ResidentSetSize': [993504], 'SubmitTimes': [1699994059.0], 'StartTimes': [1699994298.0], 'EndTimes': [], 'TotalUserCpuTimeHistory': [1232.0], 'TotalSysCpuTimeHistory': [651.0], 'WallDurations': [9.0, 215.6776785850525, 914.0], 'JobIds': ['101478042.0'], 'State': 'failed', 'RecordedSite': True, 'Error': [50663, 'Not retrying job due CPU limit (using more CPU than Wall Clock)', {}]}, '14': {'Retries': 0, 'Restarts': 0, 'SiteHistory': ['Unknown', 'T2_UK_SGrid_RALPP', 'T2_UK_SGrid_RALPP'], 'ResidentSetSize': [1009028], 'SubmitTimes': [1699994059.0], 'StartTimes': [1699994305.0], 'EndTimes': [], 'TotalUserCpuTimeHistory': [1270.0], 'TotalSysCpuTimeHistory': [635.0], 'WallDurations': [8.0, 208.6776785850525, 911.0], 'JobIds': ['101478045.0'], 'State': 'failed', 'RecordedSite': True, 'Error': [50663, 'Not retrying job due CPU limit (using more CPU than Wall Clock)', {}]}, '13': {'Retries': 0, 'Restarts': 0, 'SiteHistory': ['Unknown', 'T2_UK_SGrid_RALPP', 'T2_UK_SGrid_RALPP'], 'ResidentSetSize': [983008], 'SubmitTimes': [1699994062.0], 'StartTimes': [1699994298.0], 'EndTimes': [1700007965.0], 'TotalUserCpuTimeHistory': [13710], 'TotalSysCpuTimeHistory': [1810], 'WallDurations': [8.0, 215.6776785850525, 13667.0], 'JobIds': ['101478048.0'], 'State': 'finished', 'RecordedSite': True}, '15': {'Retries': 1, 'Restarts': 0, 'SiteHistory': ['Unknown', 'T2_UK_SGrid_RALPP', 'T2_UK_SGrid_RALPP', 'T2_US_Nebraska', 'T2_US_Nebraska'], 'ResidentSetSize': [986648, 1148632], 'SubmitTimes': [1699994070.0, 1700004912.0], 'StartTimes': [1699994300.0, 1700004986.0], 'EndTimes': [1700003046.0, 1700017424.0], 'TotalUserCpuTimeHistory': [9162, 11991], 'TotalSysCpuTimeHistory': [3269, 772], 'WallDurations': [9.0, 213.6776785850525, 8746.0, 10.0, 12438.0], 'JobIds': ['101478057.0', '101482198.0'], 'State': 'finished', 'RecordedSite': True}, '16': {'Retries': 1, 'Restarts': 0, 'SiteHistory': ['Unknown', 'T2_UK_SGrid_RALPP', 'T2_UK_SGrid_RALPP', 'Unknown', 'T2_UK_SGrid_RALPP', 'T2_UK_SGrid_RALPP'], 'ResidentSetSize': [978748, 995092], 'SubmitTimes': [1699994072.0, 1700017029.0], 'StartTimes': [1699994311.0, 1700017129.0], 'EndTimes': [1700011555.0, 1700033059.0], 'TotalUserCpuTimeHistory': [16896, 16095], 'TotalSysCpuTimeHistory': [779, 4135], 'WallDurations': [9.0, 202.6776785850525, 17244.0, 8.0, 268.4356737136841, 15930.0], 'JobIds': ['101478060.0', '101484708.0'], 'State': 'finished', 'RecordedSite': True}, '17': {'Retries': 0, 'Restarts': 0, 'SiteHistory': ['Unknown', 'T2_UK_SGrid_RALPP', 'T2_UK_SGrid_RALPP'], 'ResidentSetSize': [995856], 'SubmitTimes': [1699994072.0], 'StartTimes': [1699994299.0], 'EndTimes': [], 'TotalUserCpuTimeHistory': [1243.0], 'TotalSysCpuTimeHistory': [640.0], 'WallDurations': [9.0, 214.6776785850525, 911.0], 'JobIds': ['101478063.0'], 'State': 'failed', 'RecordedSite': True, 'Error': [50663, 'Not retrying job due CPU limit (using more CPU than Wall Clock)', {}]}, '18': {'Retries': 0, 'Restarts': 0, 'SiteHistory': ['Unknown', 'T2_UK_SGrid_RALPP', 'T2_UK_SGrid_RALPP'], 'ResidentSetSize': [980996], 'SubmitTimes': [1699994073.0], 'StartTimes': [1699994300.0], 'EndTimes': [], 'TotalUserCpuTimeHistory': [832.0], 'TotalSysCpuTimeHistory': [429.0], 'WallDurations': [9.0, 213.6776785850525, 612.0], 'JobIds': ['101478065.0'], 'State': 'failed', 'RecordedSite': True, 'Error': [50663, 'Not retrying job due CPU limit (using more CPU than Wall Clock)', {}]}, '19': {'Retries': 0, 'Restarts': 0, 'SiteHistory': ['Unknown', 'T2_UK_SGrid_RALPP', 'T2_UK_SGrid_RALPP'], 'ResidentSetSize': [997280], 'SubmitTimes': [1699994073.0], 'StartTimes': [1699994301.0], 'EndTimes': [1700008938.0], 'TotalUserCpuTimeHistory': [15359], 'TotalSysCpuTimeHistory': [5240], 'WallDurations': [9.0, 212.6776785850525, 14637.0], 'JobIds': ['101478067.0'], 'State': 'finished', 'RecordedSite': True}, '20': {'Retries': 0, 'Restarts': 0, 'SiteHistory': ['Unknown', 'T2_UK_SGrid_RALPP', 'T2_UK_SGrid_RALPP'], 'ResidentSetSize': [1000852], 'SubmitTimes': [1699994074.0], 'StartTimes': [1699994320.0], 'EndTimes': [], 'TotalUserCpuTimeHistory': [1267.0], 'TotalSysCpuTimeHistory': [631.0], 'WallDurations': [9.0, 193.6776785850525, 911.0], 'JobIds': ['101478070.0'], 'State': 'failed', 'RecordedSite': True, 'Error': [50663, 'Not retrying job due CPU limit (using more CPU than Wall Clock)', {}]}, '22': {'Retries': 1, 'Restarts': 0, 'SiteHistory': ['Unknown', 'T2_US_Wisconsin', 'T2_US_Wisconsin', 'Unknown', 'T2_US_Wisconsin', 'T2_US_Wisconsin'], 'ResidentSetSize': [1179256, 1143208], 'SubmitTimes': [1699994075.0, 1700022446.0], 'StartTimes': [1699994334.0, 1700022708.0], 'EndTimes': [1700015178.0], 'TotalUserCpuTimeHistory': [20077, 19411.0], 'TotalSysCpuTimeHistory': [1207, 1166.0], 'WallDurations': [8.0, 179.6776785850525, 20844.0, 9.0, 113.74788546562195, 20448.0], 'JobIds': ['101478072.0', '101487659.0'], 'State': 'running', 'RecordedSite': True}, '21': {'Retries': 2, 'Restarts': 0, 'SiteHistory': ['Unknown', 'T2_US_Wisconsin', 'T2_US_Wisconsin', 'Unknown', 'T2_FI_HIP', 'T2_FI_HIP', 'Unknown', 'T2_US_Wisconsin', 'T2_US_Wisconsin'], 'ResidentSetSize': [1213396, 978204, 1207292], 'SubmitTimes': [1699994076.0, 1700006172.0, 1700031661.0], 'StartTimes': [1699994338.0, 1700006404.0, 1700031941.0], 'EndTimes': [1700002494.0, 1700031532.0, 1700041079.0], 'TotalUserCpuTimeHistory': [8290, 13126, 8938], 'TotalSysCpuTimeHistory': [1525, 559, 1078], 'WallDurations': [8.0, 175.6776785850525, 8156.0, 8.0, 146.1694896221161, 25128.0, 9.0, 216.76448965072632, 9138.0], 'JobIds': ['101478074.0', '101482451.0', '101496038.0'], 'State': 'finished', 'RecordedSite': True}, '23': {'Retries': 0, 'Restarts': 0, 'SiteHistory': ['Unknown', 'T2_US_Wisconsin', 'T2_US_Wisconsin'], 'ResidentSetSize': [1154084], 'SubmitTimes': [1699994082.0], 'StartTimes': [1699994327.0], 'EndTimes': [1699998137.0], 'TotalUserCpuTimeHistory': [3654], 'TotalSysCpuTimeHistory': [259], 'WallDurations': [8.0, 186.6776785850525, 3810.0], 'JobIds': ['101478078.0'], 'State': 'finished', 'RecordedSite': True}, '24': {'Retries': 1, 'Restarts': 0, 'SiteHistory': ['Unknown', 'T2_US_Wisconsin', 'T2_US_Wisconsin', 'Unknown', 'T2_US_Wisconsin', 'T2_US_Wisconsin'], 'ResidentSetSize': [1177672, 1175728], 'SubmitTimes': [1699994082.0, 1700020242.0], 'StartTimes': [1699994331.0, 1700020441.0], 'EndTimes': [1700018377.0, 1700041844.0], 'TotalUserCpuTimeHistory': [23663, 20358], 'TotalSysCpuTimeHistory': [1683, 1165], 'WallDurations': [8.0, 182.6776785850525, 24046.0, 8.0, 272.2728078365326, 21403.0], 'JobIds': ['101478081.0', '101484966.0'], 'State': 'transferring', 'RecordedSite': True}, '25': {'Retries': 0, 'Restarts': 0, 'SiteHistory': ['Unknown', 'T2_US_Wisconsin', 'T2_US_Wisconsin'], 'ResidentSetSize': [1198988], 'SubmitTimes': [1699994083.0], 'StartTimes': [1699994334.0], 'EndTimes': [1700006400.0], 'TotalUserCpuTimeHistory': [11861], 'TotalSysCpuTimeHistory': [2779], 'WallDurations': [9.0, 179.6776785850525, 12066.0], 'JobIds': ['101478085.0'], 'State': 'finished', 'RecordedSite': True}, '26': {'Retries': 1, 'Restarts': 0, 'SiteHistory': ['Unknown', 'T2_US_Wisconsin', 'T2_US_Wisconsin', 'Unknown', 'T2_US_Wisconsin', 'T2_US_Wisconsin'], 'ResidentSetSize': [1205212, 1159836], 'SubmitTimes': [1699994083.0, 1700009554.0], 'StartTimes': [1699994334.0, 1700009704.0], 'EndTimes': [1700005881.0, 1700028905.0], 'TotalUserCpuTimeHistory': [11082, 18823], 'TotalSysCpuTimeHistory': [1511, 1441], 'WallDurations': [8.0, 179.6776785850525, 11547.0, 10.0, 161.23219347000122, 19201.0], 'JobIds': ['101478088.0', '101484128.0'], 'State': 'finished', 'RecordedSite': True}, '27': {'Retries': 0, 'Restarts': 0, 'SiteHistory': ['Unknown', 'T2_US_Wisconsin', 'T2_US_Wisconsin'], 'ResidentSetSize': [1184456], 'SubmitTimes': [1699994084.0], 'StartTimes': [1699994337.0], 'EndTimes': [1700022386.0], 'TotalUserCpuTimeHistory': [27217], 'TotalSysCpuTimeHistory': [1496], 'WallDurations': [9.0, 176.6776785850525, 28049.0], 'JobIds': ['101478091.0'], 'State': 'finished', 'RecordedSite': True}}
INFO 2023-11-15 10:21:51.205 UTC: 	 Status on the scheduler:	SUBMITTED
INFO 2023-11-15 10:21:51.205 UTC: 	 
Jobs status:                    failed       		 33.3% ( 9/27)
INFO 2023-11-15 10:21:51.205 UTC: 	 				finished     		 55.6% (15/27)
INFO 2023-11-15 10:21:51.205 UTC: 	 				running      		  7.4% ( 2/27)
INFO 2023-11-15 10:21:51.205 UTC: 	 				transferring 		  3.7% ( 1/27)
INFO 2023-11-15 10:21:51.205 UTC: 	 
No publication information (publication has been disabled in the CRAB configuration file)
INFO 2023-11-15 10:21:51.206 UTC: 	 
Error Summary: (use crab status --verboseErrors for details about the errors)

 9 jobs failed with exit code 50663

Have a look at https://twiki.cern.ch/twiki/bin/viewauth/CMSPublic/JobExitCodes for a description of the exit codes.
INFO 2023-11-15 10:21:51.206 UTC: 	 
Warning: the max jobs runtime is less than 30% of the task requested value (2700 min), please consider to request a lower value for failed jobs (allowed through crab resubmit) and/or improve the jobs splitting (e.g. config.Data.splitting = 'Automatic') in a new task.
INFO 2023-11-15 10:21:51.206 UTC: 	 
Summary of run jobs:
 * Memory: 977MB min, 1178MB max, 1035MB ave
 * Runtime: 0:10:12 min, 7:47:29 max, 2:43:04 ave
 * CPU eff: 99% min, 212% max, 118% ave
 * Waste: 39:45:24 (37% of total)

INFO 2023-11-15 10:21:51.227 UTC: 	 Log file is /afs/cern.ch/user/l/lfavilla/CMSSW_12_6_0/src/PhysicsTools/NanoAODTools/crab/crab_QCD_HT1500to2000_2018/crab.log
DEBUG 2023-11-15 14:57:18.418 UTC: 	 CRAB Client version: v3.231010
DEBUG 2023-11-15 14:57:18.418 UTC: 	 Running on: Linux lxplus743.cern.ch 3.10.0-1160.95.1.el7.x86_64 #1 SMP Mon Jul 24 13:59:37 UTC 2023 x86_64 x86_64 x86_64 GNU/Linux - CentOS Linux 7 (Core)
DEBUG 2023-11-15 14:57:18.418 UTC: 	 Executing command: 'getoutput'
DEBUG 2023-11-15 14:57:18.418 UTC: 	 Found CRAB cache file /afs/cern.ch/user/l/lfavilla/.crab3
DEBUG 2023-11-15 14:57:18.443 UTC: 	 Using VO group '' and VO role 'NULL' as written in the request cache file for this task.
DEBUG 2023-11-15 14:57:18.454 UTC: 	 Checking credentials
DEBUG 2023-11-15 14:57:18.454 UTC: 	 Found proxy file /tmp/x509up_u159320
DEBUG 2023-11-15 14:57:18.454 UTC: 	 Making sure it has proper VOMS extension
DEBUG 2023-11-15 14:57:18.454 UTC: 	 Executing command :
 voms-proxy-info --vo --file /tmp/x509up_u159320
DEBUG 2023-11-15 14:57:18.962 UTC: 	 output : cms

 error: 
 retcode : 0
DEBUG 2023-11-15 14:57:18.963 UTC: 	 Getting proxy life time left
DEBUG 2023-11-15 14:57:18.963 UTC: 	 Executing command :
 voms-proxy-info --actimeleft --timeleft --file /tmp/x509up_u159320
DEBUG 2023-11-15 14:57:19.520 UTC: 	 output : 28907
28907

 error: 
 retcode : 0
DEBUG 2023-11-15 14:57:19.520 UTC: 	 Proxy valid for 08:01:47 hours
DEBUG 2023-11-15 14:57:19.536 UTC: 	 Encoded data for curl request: subresource=delegatedn
DEBUG 2023-11-15 14:57:19.600 UTC: 	 Registering user credentials on myproxy for /DC=ch/DC=cern/OU=computers/CN=crab-(preprod|prod|dev)-tw(01|02|03).cern.ch|/DC=ch/DC=cern/OU=computers/CN=stefanov(m|m2).cern.ch|/DC=ch/DC=cern/OU=computers/CN=dciangot-tw.cern.ch
DEBUG 2023-11-15 14:57:19.600 UTC: 	 Executing command :
 voms-proxy-info --identity --file /tmp/x509up_u159320
DEBUG 2023-11-15 14:57:20.048 UTC: 	 output : /DC=ch/DC=cern/OU=Organic Units/OU=Users/CN=lfavilla/CN=867090/CN=Leonardo Favilla

 error: 
 retcode : 0
DEBUG 2023-11-15 14:57:20.048 UTC: 	 Getting myproxy life time left for 70284ad9de3a40585c76dbf527363be004fcbd17
DEBUG 2023-11-15 14:57:20.048 UTC: 	 Executing command :
 myproxy-info -s myproxy.cern.ch -l 70284ad9de3a40585c76dbf527363be004fcbd17
DEBUG 2023-11-15 14:57:20.266 UTC: 	 output : username: 70284ad9de3a40585c76dbf527363be004fcbd17
owner: /DC=ch/DC=cern/OU=Organic Units/OU=Users/CN=lfavilla/CN=867090/CN=Leonardo Favilla
  renewal policy: /DC=ch/DC=cern/OU=computers/CN=crab-(preprod|prod|dev)-tw(01|02|03).cern.ch|/DC=ch/DC=cern/OU=computers/CN=stefanov(m|m2).cern.ch|/DC=ch/DC=cern/OU=computers/CN=dciangot-tw.cern.ch
  trusted retrieval policy: /DC=ch/DC=cern/OU=computers/CN=crab-(preprod|prod|dev)-tw(01|02|03).cern.ch|/DC=ch/DC=cern/OU=computers/CN=stefanov(m|m2).cern.ch|/DC=ch/DC=cern/OU=computers/CN=dciangot-tw.cern.ch
  timeleft: 379:47:00  (15.8 days)

 error: 
 retcode : 0
DEBUG 2023-11-15 14:57:20.266 UTC: 	 Myproxy is valid: 1367220
DEBUG 2023-11-15 14:57:20.266 UTC: 	 Result of myproxy credential check:
  Credential exists on myproxy: username: 70284ad9de3a40585c76dbf527363be004fcbd17  - validity: 15 days, 19:47:00
DEBUG 2023-11-15 14:57:20.267 UTC: 	 Command use: getoutput
DEBUG 2023-11-15 14:57:20.267 UTC: 	 Options use: ['--xrootd', '-d', './crab_QCD_HT1500to2000_2018/']
DEBUG 2023-11-15 14:57:20.267 UTC: 	 Encoded data for curl request: subresource=version
DEBUG 2023-11-15 14:57:20.327 UTC: 	 CRABClient version: v3.231010
DEBUG 2023-11-15 14:57:20.328 UTC: 	 Instance is prod
DEBUG 2023-11-15 14:57:20.328 UTC: 	 Server base url is cmsweb.cern.ch
DEBUG 2023-11-15 14:57:20.328 UTC: 	 Command api workflow
DEBUG 2023-11-15 14:57:20.328 UTC: 	 Encoded data for curl request: subresource=search&workflow=231114_203226%3Alfavilla_crab_QCD_HT1500to2000_2018
DEBUG 2023-11-15 14:57:20.386 UTC: 	 Server result: {'desc': {'columns': ['tm_taskname', 'tm_activity', 'panda_jobset_id', 'tm_task_status', 'tm_task_command', 'tm_start_time', 'tm_start_injection', 'tm_end_injection', 'tm_task_failure', 'tm_job_sw', 'tm_job_arch', 'tm_input_dataset', 'tm_nonvalid_input_dataset', 'tm_use_parent', 'tm_site_whitelist', 'tm_site_blacklist', 'tm_split_algo', 'tm_split_args', 'tm_user_sandbox', 'tm_cache_url', 'tm_username', 'tm_user_dn', 'tm_user_vo', 'tm_user_role', 'tm_user_group', 'tm_publish_name', 'tm_publish_groupname', 'tm_asyncdest', 'tm_dbs_url', 'tm_publish_dbs_url', 'tm_publication', 'tm_outfiles', 'tm_tfile_outfiles', 'tm_edm_outfiles', 'tm_job_type', 'tm_generator', 'tm_events_per_lumi', 'tm_arguments', 'panda_resubmitted_jobs', 'tm_save_logs', 'tw_name', 'tm_user_infiles', 'tm_maxjobruntime', 'tm_numcores', 'tm_maxmemory', 'tm_priority', 'tm_output_dataset', 'tm_task_warnings', 'tm_user_webdir', 'tm_scriptexe', 'tm_scriptargs', 'tm_extrajdl', 'tm_asourl', 'tm_collector', 'tm_schedd', 'tm_dry_run', 'tm_user_files', 'tm_transfer_outputs', 'tm_output_lfn', 'tm_ignore_locality', 'tm_fail_limit', 'tm_one_event_mode', 'tm_secondary_input_dataset', 'tm_primary_dataset', 'tm_last_publication', 'tm_debug_files', 'clusterid', 'tm_asodb', 'tm_ignore_global_blacklist', 'tm_submitter_ip_addr', 'tm_totalunits', 'tm_ddm_reqid', 'tm_user_config', 'tm_transfer_container', 'tm_transfer_rule', 'tm_publish_rule']}, 'result': ['231114_203226:lfavilla_crab_QCD_HT1500to2000_2018', 'None', 'None', 'SUBMITTED', 'SUBMIT', '2023-11-14 20:32:26.365713', 'None', '2023-11-14 20:33:39.669106', 'None', 'CMSSW_12_6_0', 'slc7_amd64_gcc10', '/QCD_HT1500to2000_TuneCP5_PSWeights_13TeV-madgraph-pythia8/RunIISummer20UL18NanoAODv9-20UL18JMENano_106X_upgrade2018_realistic_v16_L1v1-v1/NANOAODSIM', 'T', '0', '[]', '[]', 'FileBased', "{'halt_job_on_file_boundaries': False, 'splitOnRun': False, 'files_per_job': 1, 'runs': [], 'lumis': []}", '940cd8e36b643189e56113d311e7f6915fce7c596a3a7319fdca2132af9ab5a8.tar.gz', 'https://cmsweb.cern.ch/S3/crabcache_prod', 'lfavilla', '/DC=ch/DC=cern/OU=Organic Units/OU=Users/CN=lfavilla/CN=867090/CN=Leonardo Favilla', 'cms', 'None', 'None', 'QCD_HT1500to2000_2018-00000000000000000000000000000000', 'F', 'T2_IT_Pisa', 'https://cmsweb.cern.ch/dbs/prod/global/DBSReader', 'https://cmsweb.cern.ch/dbs/prod/phys03/DBSWriter', 'F', '[]', '[]', "['tree_hadd.root']", 'Analysis', 'pythia', 'None', '{}', 'None', 'T', 'crab-prod-tw01', '[]', '2700', '1', '2000', '10', "['/QCD_HT1500to2000_TuneCP5_PSWeights_13TeV-madgraph-pythia8/lfavilla-QCD_HT1500to2000_2018-00000000000000000000000000000000/USER']", '[]', 'http://vocms0155.cern.ch/mon/lfavilla/231114_203226:lfavilla_crab_QCD_HT1500to2000_2018', 'crab_script.sh', '[]', '[]', 'None', 'cmsgwms-collector-global.cern.ch:9620,cmsgwms-collector-global.fnal.gov:9620', 'crab3@vocms0155.cern.ch', 'F', '[]', 'T', '/store/user/lfavilla/DM_v0', 'F', 'None', 'F', 'None', 'QCD_HT1500to2000_TuneCP5_PSWeights_13TeV-madgraph-pythia8', 'None', 'a7d2120798df351123d12e64b7ae269b4424491f0b0938221f84845e5255552e.tar.gz', '101477999', 'None', 'F', '188.185.89.202', '0.0', 'None', '{"partialdataset": false, "requireaccelerator": false, "acceleratorparams": null, "inputblocks": null}', 'None', 'None', 'None']}
DEBUG 2023-11-15 14:57:20.404 UTC: 	 CRAB Client version: v3.231010
DEBUG 2023-11-15 14:57:20.404 UTC: 	 Running on: Linux lxplus743.cern.ch 3.10.0-1160.95.1.el7.x86_64 #1 SMP Mon Jul 24 13:59:37 UTC 2023 x86_64 x86_64 x86_64 GNU/Linux - CentOS Linux 7 (Core)
DEBUG 2023-11-15 14:57:20.404 UTC: 	 Executing command: 'status'
DEBUG 2023-11-15 14:57:20.404 UTC: 	 Found CRAB cache file /afs/cern.ch/user/l/lfavilla/.crab3
DEBUG 2023-11-15 14:57:20.412 UTC: 	 Checking credentials
DEBUG 2023-11-15 14:57:20.412 UTC: 	 Found proxy file /tmp/x509up_u159320
DEBUG 2023-11-15 14:57:20.413 UTC: 	 Making sure it has proper VOMS extension
DEBUG 2023-11-15 14:57:20.413 UTC: 	 Executing command :
 voms-proxy-info --vo --file /tmp/x509up_u159320
DEBUG 2023-11-15 14:57:20.933 UTC: 	 output : cms

 error: 
 retcode : 0
DEBUG 2023-11-15 14:57:20.933 UTC: 	 Getting proxy life time left
DEBUG 2023-11-15 14:57:20.933 UTC: 	 Executing command :
 voms-proxy-info --actimeleft --timeleft --file /tmp/x509up_u159320
DEBUG 2023-11-15 14:57:21.403 UTC: 	 output : 28905
28905

 error: 
 retcode : 0
DEBUG 2023-11-15 14:57:21.404 UTC: 	 Proxy valid for 08:01:45 hours
DEBUG 2023-11-15 14:57:21.404 UTC: 	 Encoded data for curl request: subresource=delegatedn
DEBUG 2023-11-15 14:57:21.502 UTC: 	 Registering user credentials on myproxy for /DC=ch/DC=cern/OU=computers/CN=crab-(preprod|prod|dev)-tw(01|02|03).cern.ch|/DC=ch/DC=cern/OU=computers/CN=stefanov(m|m2).cern.ch|/DC=ch/DC=cern/OU=computers/CN=dciangot-tw.cern.ch
DEBUG 2023-11-15 14:57:21.502 UTC: 	 Executing command :
 voms-proxy-info --identity --file /tmp/x509up_u159320
DEBUG 2023-11-15 14:57:22.014 UTC: 	 output : /DC=ch/DC=cern/OU=Organic Units/OU=Users/CN=lfavilla/CN=867090/CN=Leonardo Favilla

 error: 
 retcode : 0
DEBUG 2023-11-15 14:57:22.014 UTC: 	 Getting myproxy life time left for 70284ad9de3a40585c76dbf527363be004fcbd17
DEBUG 2023-11-15 14:57:22.014 UTC: 	 Executing command :
 myproxy-info -s myproxy.cern.ch -l 70284ad9de3a40585c76dbf527363be004fcbd17
DEBUG 2023-11-15 14:57:22.222 UTC: 	 output : username: 70284ad9de3a40585c76dbf527363be004fcbd17
owner: /DC=ch/DC=cern/OU=Organic Units/OU=Users/CN=lfavilla/CN=867090/CN=Leonardo Favilla
  renewal policy: /DC=ch/DC=cern/OU=computers/CN=crab-(preprod|prod|dev)-tw(01|02|03).cern.ch|/DC=ch/DC=cern/OU=computers/CN=stefanov(m|m2).cern.ch|/DC=ch/DC=cern/OU=computers/CN=dciangot-tw.cern.ch
  trusted retrieval policy: /DC=ch/DC=cern/OU=computers/CN=crab-(preprod|prod|dev)-tw(01|02|03).cern.ch|/DC=ch/DC=cern/OU=computers/CN=stefanov(m|m2).cern.ch|/DC=ch/DC=cern/OU=computers/CN=dciangot-tw.cern.ch
  timeleft: 379:46:58  (15.8 days)

 error: 
 retcode : 0
DEBUG 2023-11-15 14:57:22.222 UTC: 	 Myproxy is valid: 1367160
DEBUG 2023-11-15 14:57:22.222 UTC: 	 Result of myproxy credential check:
  Credential exists on myproxy: username: 70284ad9de3a40585c76dbf527363be004fcbd17  - validity: 15 days, 19:46:00
DEBUG 2023-11-15 14:57:22.223 UTC: 	 Command use: status
DEBUG 2023-11-15 14:57:22.223 UTC: 	 Options use: []
DEBUG 2023-11-15 14:57:22.224 UTC: 	 Encoded data for curl request: subresource=version
DEBUG 2023-11-15 14:57:22.296 UTC: 	 CRABClient version: v3.231010
DEBUG 2023-11-15 14:57:22.296 UTC: 	 Instance is prod
DEBUG 2023-11-15 14:57:22.296 UTC: 	 Server base url is cmsweb.cern.ch
DEBUG 2023-11-15 14:57:22.296 UTC: 	 Command api workflow
DEBUG 2023-11-15 14:57:22.296 UTC: 	 Encoded data for curl request: subresource=search&workflow=231114_203226%3Alfavilla_crab_QCD_HT1500to2000_2018
DEBUG 2023-11-15 14:57:22.367 UTC: 	 Got information from server oracle database: {'desc': {'columns': ['tm_taskname', 'tm_activity', 'panda_jobset_id', 'tm_task_status', 'tm_task_command', 'tm_start_time', 'tm_start_injection', 'tm_end_injection', 'tm_task_failure', 'tm_job_sw', 'tm_job_arch', 'tm_input_dataset', 'tm_nonvalid_input_dataset', 'tm_use_parent', 'tm_site_whitelist', 'tm_site_blacklist', 'tm_split_algo', 'tm_split_args', 'tm_user_sandbox', 'tm_cache_url', 'tm_username', 'tm_user_dn', 'tm_user_vo', 'tm_user_role', 'tm_user_group', 'tm_publish_name', 'tm_publish_groupname', 'tm_asyncdest', 'tm_dbs_url', 'tm_publish_dbs_url', 'tm_publication', 'tm_outfiles', 'tm_tfile_outfiles', 'tm_edm_outfiles', 'tm_job_type', 'tm_generator', 'tm_events_per_lumi', 'tm_arguments', 'panda_resubmitted_jobs', 'tm_save_logs', 'tw_name', 'tm_user_infiles', 'tm_maxjobruntime', 'tm_numcores', 'tm_maxmemory', 'tm_priority', 'tm_output_dataset', 'tm_task_warnings', 'tm_user_webdir', 'tm_scriptexe', 'tm_scriptargs', 'tm_extrajdl', 'tm_asourl', 'tm_collector', 'tm_schedd', 'tm_dry_run', 'tm_user_files', 'tm_transfer_outputs', 'tm_output_lfn', 'tm_ignore_locality', 'tm_fail_limit', 'tm_one_event_mode', 'tm_secondary_input_dataset', 'tm_primary_dataset', 'tm_last_publication', 'tm_debug_files', 'clusterid', 'tm_asodb', 'tm_ignore_global_blacklist', 'tm_submitter_ip_addr', 'tm_totalunits', 'tm_ddm_reqid', 'tm_user_config', 'tm_transfer_container', 'tm_transfer_rule', 'tm_publish_rule']}, 'result': ['231114_203226:lfavilla_crab_QCD_HT1500to2000_2018', 'None', 'None', 'SUBMITTED', 'SUBMIT', '2023-11-14 20:32:26.365713', 'None', '2023-11-14 20:33:39.669106', 'None', 'CMSSW_12_6_0', 'slc7_amd64_gcc10', '/QCD_HT1500to2000_TuneCP5_PSWeights_13TeV-madgraph-pythia8/RunIISummer20UL18NanoAODv9-20UL18JMENano_106X_upgrade2018_realistic_v16_L1v1-v1/NANOAODSIM', 'T', '0', '[]', '[]', 'FileBased', "{'halt_job_on_file_boundaries': False, 'splitOnRun': False, 'files_per_job': 1, 'runs': [], 'lumis': []}", '940cd8e36b643189e56113d311e7f6915fce7c596a3a7319fdca2132af9ab5a8.tar.gz', 'https://cmsweb.cern.ch/S3/crabcache_prod', 'lfavilla', '/DC=ch/DC=cern/OU=Organic Units/OU=Users/CN=lfavilla/CN=867090/CN=Leonardo Favilla', 'cms', 'None', 'None', 'QCD_HT1500to2000_2018-00000000000000000000000000000000', 'F', 'T2_IT_Pisa', 'https://cmsweb.cern.ch/dbs/prod/global/DBSReader', 'https://cmsweb.cern.ch/dbs/prod/phys03/DBSWriter', 'F', '[]', '[]', "['tree_hadd.root']", 'Analysis', 'pythia', 'None', '{}', 'None', 'T', 'crab-prod-tw01', '[]', '2700', '1', '2000', '10', "['/QCD_HT1500to2000_TuneCP5_PSWeights_13TeV-madgraph-pythia8/lfavilla-QCD_HT1500to2000_2018-00000000000000000000000000000000/USER']", '[]', 'http://vocms0155.cern.ch/mon/lfavilla/231114_203226:lfavilla_crab_QCD_HT1500to2000_2018', 'crab_script.sh', '[]', '[]', 'None', 'cmsgwms-collector-global.cern.ch:9620,cmsgwms-collector-global.fnal.gov:9620', 'crab3@vocms0155.cern.ch', 'F', '[]', 'T', '/store/user/lfavilla/DM_v0', 'F', 'None', 'F', 'None', 'QCD_HT1500to2000_TuneCP5_PSWeights_13TeV-madgraph-pythia8', 'None', 'a7d2120798df351123d12e64b7ae269b4424491f0b0938221f84845e5255552e.tar.gz', '101477999', 'None', 'F', '188.185.89.202', '0.0', 'None', '{"partialdataset": false, "requireaccelerator": false, "acceleratorparams": null, "inputblocks": null}', 'None', 'None', 'None']}
INFO 2023-11-15 14:57:22.367 UTC: 	 CRAB project directory:		/afs/cern.ch/user/l/lfavilla/CMSSW_12_6_0/src/PhysicsTools/NanoAODTools/crab/crab_QCD_HT1500to2000_2018
INFO 2023-11-15 14:57:22.367 UTC: 	 Task name:			231114_203226:lfavilla_crab_QCD_HT1500to2000_2018
INFO 2023-11-15 14:57:22.367 UTC: 	 Grid scheduler - Task Worker:	crab3@vocms0155.cern.ch - crab-prod-tw01
INFO 2023-11-15 14:57:22.367 UTC: 	 Status on the CRAB server:	SUBMITTED
INFO 2023-11-15 14:57:22.367 UTC: 	 Task URL to use for HELP:	https://cmsweb.cern.ch/crabserver/ui/task/231114_203226%3Alfavilla_crab_QCD_HT1500to2000_2018
INFO 2023-11-15 14:57:22.376 UTC: 	 Dashboard monitoring URL:	https://monit-grafana.cern.ch/d/cmsTMDetail/cms-task-monitoring-task-view?orgId=11&var-user=lfavilla&var-task=231114_203226%3Alfavilla_crab_QCD_HT1500to2000_2018&from=1699990346000&to=now
DEBUG 2023-11-15 14:57:22.376 UTC: 	 The CRAB server submitted your task to the Grid scheduler (cluster ID: 101477999)
DEBUG 2023-11-15 14:57:22.376 UTC: 	 Webdir is located at http://vocms0155.cern.ch/mon/lfavilla/231114_203226:lfavilla_crab_QCD_HT1500to2000_2018
DEBUG 2023-11-15 14:57:22.376 UTC: 	 Encoded data for curl request: subresource=webdirprx&workflow=231114_203226%3Alfavilla_crab_QCD_HT1500to2000_2018
DEBUG 2023-11-15 14:57:22.426 UTC: 	 Proxied webdir is located at https://cmsweb.cern.ch:8443/scheddmon/0155/lfavilla/231114_203226:lfavilla_crab_QCD_HT1500to2000_2018
DEBUG 2023-11-15 14:57:22.427 UTC: 	 Retrieving 'status_cache' file from https://cmsweb.cern.ch:8443/scheddmon/0155/lfavilla/231114_203226:lfavilla_crab_QCD_HT1500to2000_2018/status_cache.pkl
DEBUG 2023-11-15 14:57:22.427 UTC: 	 Will execute:
curl -sS --capath /etc/grid-security/certificates --cert /tmp/x509up_u159320 --key /tmp/x509up_u159320 -o /tmp/crab_status-cache-rr1vz03p.pkl -w %"{http_code}" "https://cmsweb.cern.ch:8443/scheddmon/0155/lfavilla/231114_203226:lfavilla_crab_QCD_HT1500to2000_2018/status_cache.pkl"
DEBUG 2023-11-15 14:57:22.427 UTC: 	 Executing command :
 curl -sS --capath /etc/grid-security/certificates --cert /tmp/x509up_u159320 --key /tmp/x509up_u159320 -o /tmp/crab_status-cache-rr1vz03p.pkl -w %"{http_code}" "https://cmsweb.cern.ch:8443/scheddmon/0155/lfavilla/231114_203226:lfavilla_crab_QCD_HT1500to2000_2018/status_cache.pkl"
DEBUG 2023-11-15 14:57:22.463 UTC: 	 output : 200
 error: 
 retcode : 0
DEBUG 2023-11-15 14:57:22.463 UTC: 	 exitcode: 0
stdout: 200
stderr: 
error details: 
DEBUG 2023-11-15 14:57:22.464 UTC: 	 Got information from status cache file: {'1': {'Retries': 0, 'Restarts': 0, 'SiteHistory': ['Unknown', 'T2_UK_SGrid_RALPP', 'T2_UK_SGrid_RALPP'], 'ResidentSetSize': [998076], 'SubmitTimes': [1699994041.0], 'StartTimes': [1699994299.0], 'EndTimes': [1700010387.0], 'TotalUserCpuTimeHistory': [16809], 'TotalSysCpuTimeHistory': [5366], 'WallDurations': [8.0, 214.6776785850525, 16088.0], 'JobIds': ['101478015.0'], 'State': 'finished', 'RecordedSite': True}, '2': {'Retries': 0, 'Restarts': 0, 'SiteHistory': ['Unknown', 'T2_UK_SGrid_RALPP', 'T2_UK_SGrid_RALPP'], 'ResidentSetSize': [993640], 'SubmitTimes': [1699994041.0], 'StartTimes': [1699994323.0], 'EndTimes': [], 'TotalUserCpuTimeHistory': [825.0], 'TotalSysCpuTimeHistory': [442.0], 'WallDurations': [9.0, 190.6776785850525, 612.0], 'JobIds': ['101478016.0'], 'State': 'failed', 'RecordedSite': True, 'Error': [50663, 'Not retrying job due CPU limit (using more CPU than Wall Clock)', {}]}, '3': {'Retries': 1, 'Restarts': 0, 'SiteHistory': ['Unknown', 'T2_UK_SGrid_RALPP', 'T2_UK_SGrid_RALPP', 'Unknown', 'T2_US_Nebraska', 'T2_US_Nebraska'], 'ResidentSetSize': [1217608, 1120748], 'SubmitTimes': [1699994042.0, 1700015827.0], 'StartTimes': [1699994320.0, 1700015951.0], 'EndTimes': [1700012154.0, 1700034242.0], 'TotalUserCpuTimeHistory': [17901, 17338], 'TotalSysCpuTimeHistory': [2328, 1015], 'WallDurations': [9.0, 193.6776785850525, 17834.0, 10.0, 241.33127784729004, 18291.0], 'JobIds': ['101478017.0', '101484623.0'], 'State': 'finished', 'RecordedSite': True}, '4': {'Retries': 0, 'Restarts': 0, 'SiteHistory': ['Unknown', 'T2_UK_SGrid_RALPP', 'T2_UK_SGrid_RALPP'], 'ResidentSetSize': [992752], 'SubmitTimes': [1699994042.0], 'StartTimes': [1699994323.0], 'EndTimes': [1700006199.0], 'TotalUserCpuTimeHistory': [12209], 'TotalSysCpuTimeHistory': [3992], 'WallDurations': [9.0, 190.6776785850525, 11876.0], 'JobIds': ['101478018.0'], 'State': 'finished', 'RecordedSite': True}, '5': {'Retries': 0, 'Restarts': 0, 'SiteHistory': ['Unknown', 'T2_UK_SGrid_RALPP', 'T2_UK_SGrid_RALPP'], 'ResidentSetSize': [1001888], 'SubmitTimes': [1699994043.0], 'StartTimes': [1699994322.0], 'EndTimes': [], 'TotalUserCpuTimeHistory': [1282.0], 'TotalSysCpuTimeHistory': [655.0], 'WallDurations': [9.0, 191.6776785850525, 912.0], 'JobIds': ['101478019.0'], 'State': 'failed', 'RecordedSite': True, 'Error': [50663, 'Not retrying job due CPU limit (using more CPU than Wall Clock)', {}]}, '6': {'Retries': 1, 'Restarts': 0, 'SiteHistory': ['Unknown', 'T2_UK_SGrid_RALPP', 'T2_UK_SGrid_RALPP', 'Unknown', 'T2_UK_SGrid_RALPP', 'T2_UK_SGrid_RALPP'], 'ResidentSetSize': [992920, 991076], 'SubmitTimes': [1699994044.0, 1700021275.0], 'StartTimes': [1699994294.0, 1700021372.0], 'EndTimes': [1700014005.0, 1700043820.0], 'TotalUserCpuTimeHistory': [19742, 21954], 'TotalSysCpuTimeHistory': [2469, 2066], 'WallDurations': [8.0, 219.6776785850525, 19711.0, 9.0, 245.37610387802124, 22448.0], 'JobIds': ['101478021.0', '101485202.0'], 'State': 'finished', 'RecordedSite': True}, '7': {'Retries': 0, 'Restarts': 0, 'SiteHistory': ['Unknown', 'T2_UK_SGrid_RALPP', 'T2_UK_SGrid_RALPP'], 'ResidentSetSize': [987884], 'SubmitTimes': [1699994046.0], 'StartTimes': [1699994292.0], 'EndTimes': [1700005260.0], 'TotalUserCpuTimeHistory': [11424], 'TotalSysCpuTimeHistory': [3650], 'WallDurations': [10.0, 221.6776785850525, 10968.0], 'JobIds': ['101478023.0'], 'State': 'finished', 'RecordedSite': True}, '8': {'Retries': 1, 'Restarts': 0, 'SiteHistory': ['Unknown', 'T2_UK_SGrid_RALPP', 'T2_UK_SGrid_RALPP', 'T2_UK_SGrid_RALPP', 'T2_UK_SGrid_RALPP'], 'ResidentSetSize': [977548, 978932], 'SubmitTimes': [1699994048.0, 1700004490.0], 'StartTimes': [1699994294.0, 1700004634.0], 'EndTimes': [1700000817.0, 1700010268.0], 'TotalUserCpuTimeHistory': [6667, 5834], 'TotalSysCpuTimeHistory': [1900, 1896], 'WallDurations': [8.0, 219.6776785850525, 6523.0, 9.0, 5634.0], 'JobIds': ['101478027.0', '101481559.0'], 'State': 'finished', 'RecordedSite': True}, '9': {'Retries': 0, 'Restarts': 0, 'SiteHistory': ['Unknown', 'T2_UK_SGrid_RALPP', 'T2_UK_SGrid_RALPP'], 'ResidentSetSize': [1017208], 'SubmitTimes': [1699994055.0], 'StartTimes': [1699994294.0], 'EndTimes': [], 'TotalUserCpuTimeHistory': [1612.0], 'TotalSysCpuTimeHistory': [899.0], 'WallDurations': [9.0, 219.6776785850525, 1214.0], 'JobIds': ['101478033.0'], 'State': 'failed', 'RecordedSite': True, 'Error': [50663, 'Not retrying job due CPU limit (using more CPU than Wall Clock)', {}]}, '10': {'Retries': 0, 'Restarts': 0, 'SiteHistory': ['Unknown', 'T2_UK_SGrid_RALPP', 'T2_UK_SGrid_RALPP'], 'ResidentSetSize': [1027468], 'SubmitTimes': [1699994057.0], 'StartTimes': [1699994294.0], 'EndTimes': [], 'TotalUserCpuTimeHistory': [1605.0], 'TotalSysCpuTimeHistory': [846.0], 'WallDurations': [9.0, 219.6776785850525, 1213.0], 'JobIds': ['101478035.0'], 'State': 'failed', 'RecordedSite': True, 'Error': [50663, 'Not retrying job due CPU limit (using more CPU than Wall Clock)', {}]}, '11': {'Retries': 1, 'Restarts': 0, 'SiteHistory': ['Unknown', 'T2_UK_SGrid_RALPP', 'T2_UK_SGrid_RALPP', 'Unknown', 'T2_US_Nebraska', 'T2_US_Nebraska'], 'ResidentSetSize': [1003420, 1195312], 'SubmitTimes': [1699994058.0, 1700013143.0], 'StartTimes': [1699994294.0, 1700013218.0], 'EndTimes': [1700011272.0, 1700036413.0], 'TotalUserCpuTimeHistory': [17851, 21679], 'TotalSysCpuTimeHistory': [6195, 1198], 'WallDurations': [9.0, 219.6776785850525, 16978.0, 10.0, 262.2274498939514, 23195.0], 'JobIds': ['101478038.0', '101484495.0'], 'State': 'finished', 'RecordedSite': True}, '12': {'Retries': 0, 'Restarts': 0, 'SiteHistory': ['Unknown', 'T2_UK_SGrid_RALPP', 'T2_UK_SGrid_RALPP'], 'ResidentSetSize': [993504], 'SubmitTimes': [1699994059.0], 'StartTimes': [1699994298.0], 'EndTimes': [], 'TotalUserCpuTimeHistory': [1232.0], 'TotalSysCpuTimeHistory': [651.0], 'WallDurations': [9.0, 215.6776785850525, 914.0], 'JobIds': ['101478042.0'], 'State': 'failed', 'RecordedSite': True, 'Error': [50663, 'Not retrying job due CPU limit (using more CPU than Wall Clock)', {}]}, '14': {'Retries': 0, 'Restarts': 0, 'SiteHistory': ['Unknown', 'T2_UK_SGrid_RALPP', 'T2_UK_SGrid_RALPP'], 'ResidentSetSize': [1009028], 'SubmitTimes': [1699994059.0], 'StartTimes': [1699994305.0], 'EndTimes': [], 'TotalUserCpuTimeHistory': [1270.0], 'TotalSysCpuTimeHistory': [635.0], 'WallDurations': [8.0, 208.6776785850525, 911.0], 'JobIds': ['101478045.0'], 'State': 'failed', 'RecordedSite': True, 'Error': [50663, 'Not retrying job due CPU limit (using more CPU than Wall Clock)', {}]}, '13': {'Retries': 0, 'Restarts': 0, 'SiteHistory': ['Unknown', 'T2_UK_SGrid_RALPP', 'T2_UK_SGrid_RALPP'], 'ResidentSetSize': [983008], 'SubmitTimes': [1699994062.0], 'StartTimes': [1699994298.0], 'EndTimes': [1700007965.0], 'TotalUserCpuTimeHistory': [13710], 'TotalSysCpuTimeHistory': [1810], 'WallDurations': [8.0, 215.6776785850525, 13667.0], 'JobIds': ['101478048.0'], 'State': 'finished', 'RecordedSite': True}, '15': {'Retries': 1, 'Restarts': 0, 'SiteHistory': ['Unknown', 'T2_UK_SGrid_RALPP', 'T2_UK_SGrid_RALPP', 'T2_US_Nebraska', 'T2_US_Nebraska'], 'ResidentSetSize': [986648, 1148632], 'SubmitTimes': [1699994070.0, 1700004912.0], 'StartTimes': [1699994300.0, 1700004986.0], 'EndTimes': [1700003046.0, 1700017424.0], 'TotalUserCpuTimeHistory': [9162, 11991], 'TotalSysCpuTimeHistory': [3269, 772], 'WallDurations': [9.0, 213.6776785850525, 8746.0, 10.0, 12438.0], 'JobIds': ['101478057.0', '101482198.0'], 'State': 'finished', 'RecordedSite': True}, '16': {'Retries': 1, 'Restarts': 0, 'SiteHistory': ['Unknown', 'T2_UK_SGrid_RALPP', 'T2_UK_SGrid_RALPP', 'Unknown', 'T2_UK_SGrid_RALPP', 'T2_UK_SGrid_RALPP'], 'ResidentSetSize': [978748, 995092], 'SubmitTimes': [1699994072.0, 1700017029.0], 'StartTimes': [1699994311.0, 1700017129.0], 'EndTimes': [1700011555.0, 1700033059.0], 'TotalUserCpuTimeHistory': [16896, 16095], 'TotalSysCpuTimeHistory': [779, 4135], 'WallDurations': [9.0, 202.6776785850525, 17244.0, 8.0, 268.4356737136841, 15930.0], 'JobIds': ['101478060.0', '101484708.0'], 'State': 'finished', 'RecordedSite': True}, '17': {'Retries': 0, 'Restarts': 0, 'SiteHistory': ['Unknown', 'T2_UK_SGrid_RALPP', 'T2_UK_SGrid_RALPP'], 'ResidentSetSize': [995856], 'SubmitTimes': [1699994072.0], 'StartTimes': [1699994299.0], 'EndTimes': [], 'TotalUserCpuTimeHistory': [1243.0], 'TotalSysCpuTimeHistory': [640.0], 'WallDurations': [9.0, 214.6776785850525, 911.0], 'JobIds': ['101478063.0'], 'State': 'failed', 'RecordedSite': True, 'Error': [50663, 'Not retrying job due CPU limit (using more CPU than Wall Clock)', {}]}, '18': {'Retries': 0, 'Restarts': 0, 'SiteHistory': ['Unknown', 'T2_UK_SGrid_RALPP', 'T2_UK_SGrid_RALPP'], 'ResidentSetSize': [980996], 'SubmitTimes': [1699994073.0], 'StartTimes': [1699994300.0], 'EndTimes': [], 'TotalUserCpuTimeHistory': [832.0], 'TotalSysCpuTimeHistory': [429.0], 'WallDurations': [9.0, 213.6776785850525, 612.0], 'JobIds': ['101478065.0'], 'State': 'failed', 'RecordedSite': True, 'Error': [50663, 'Not retrying job due CPU limit (using more CPU than Wall Clock)', {}]}, '19': {'Retries': 0, 'Restarts': 0, 'SiteHistory': ['Unknown', 'T2_UK_SGrid_RALPP', 'T2_UK_SGrid_RALPP'], 'ResidentSetSize': [997280], 'SubmitTimes': [1699994073.0], 'StartTimes': [1699994301.0], 'EndTimes': [1700008938.0], 'TotalUserCpuTimeHistory': [15359], 'TotalSysCpuTimeHistory': [5240], 'WallDurations': [9.0, 212.6776785850525, 14637.0], 'JobIds': ['101478067.0'], 'State': 'finished', 'RecordedSite': True}, '20': {'Retries': 0, 'Restarts': 0, 'SiteHistory': ['Unknown', 'T2_UK_SGrid_RALPP', 'T2_UK_SGrid_RALPP'], 'ResidentSetSize': [1000852], 'SubmitTimes': [1699994074.0], 'StartTimes': [1699994320.0], 'EndTimes': [], 'TotalUserCpuTimeHistory': [1267.0], 'TotalSysCpuTimeHistory': [631.0], 'WallDurations': [9.0, 193.6776785850525, 911.0], 'JobIds': ['101478070.0'], 'State': 'failed', 'RecordedSite': True, 'Error': [50663, 'Not retrying job due CPU limit (using more CPU than Wall Clock)', {}]}, '22': {'Retries': 1, 'Restarts': 0, 'SiteHistory': ['Unknown', 'T2_US_Wisconsin', 'T2_US_Wisconsin', 'Unknown', 'T2_US_Wisconsin', 'T2_US_Wisconsin'], 'ResidentSetSize': [1179256, 1143208], 'SubmitTimes': [1699994075.0, 1700022446.0], 'StartTimes': [1699994334.0, 1700022708.0], 'EndTimes': [1700015178.0, 1700044668.0], 'TotalUserCpuTimeHistory': [20077, 20812], 'TotalSysCpuTimeHistory': [1207, 1212], 'WallDurations': [8.0, 179.6776785850525, 20844.0, 9.0, 113.74788546562195, 21960.0], 'JobIds': ['101478072.0', '101487659.0'], 'State': 'finished', 'RecordedSite': True}, '21': {'Retries': 2, 'Restarts': 0, 'SiteHistory': ['Unknown', 'T2_US_Wisconsin', 'T2_US_Wisconsin', 'Unknown', 'T2_FI_HIP', 'T2_FI_HIP', 'Unknown', 'T2_US_Wisconsin', 'T2_US_Wisconsin'], 'ResidentSetSize': [1213396, 978204, 1207292], 'SubmitTimes': [1699994076.0, 1700006172.0, 1700031661.0], 'StartTimes': [1699994338.0, 1700006404.0, 1700031941.0], 'EndTimes': [1700002494.0, 1700031532.0, 1700041079.0], 'TotalUserCpuTimeHistory': [8290, 13126, 8938], 'TotalSysCpuTimeHistory': [1525, 559, 1078], 'WallDurations': [8.0, 175.6776785850525, 8156.0, 8.0, 146.1694896221161, 25128.0, 9.0, 216.76448965072632, 9138.0], 'JobIds': ['101478074.0', '101482451.0', '101496038.0'], 'State': 'finished', 'RecordedSite': True}, '23': {'Retries': 0, 'Restarts': 0, 'SiteHistory': ['Unknown', 'T2_US_Wisconsin', 'T2_US_Wisconsin'], 'ResidentSetSize': [1154084], 'SubmitTimes': [1699994082.0], 'StartTimes': [1699994327.0], 'EndTimes': [1699998137.0], 'TotalUserCpuTimeHistory': [3654], 'TotalSysCpuTimeHistory': [259], 'WallDurations': [8.0, 186.6776785850525, 3810.0], 'JobIds': ['101478078.0'], 'State': 'finished', 'RecordedSite': True}, '24': {'Retries': 2, 'Restarts': 0, 'SiteHistory': ['Unknown', 'T2_US_Wisconsin', 'T2_US_Wisconsin', 'Unknown', 'T2_US_Wisconsin', 'T2_US_Wisconsin', 'Unknown', 'T2_US_Wisconsin', 'T2_US_Wisconsin'], 'ResidentSetSize': [1177672, 1175728, 1164184], 'SubmitTimes': [1699994082.0, 1700020242.0, 1700050989.0], 'StartTimes': [1699994331.0, 1700020441.0, 1700051187.0], 'EndTimes': [1700018377.0, 1700041844.0], 'TotalUserCpuTimeHistory': [23663, 20358, 8485.0], 'TotalSysCpuTimeHistory': [1683, 1165, 1834.0], 'WallDurations': [8.0, 182.6776785850525, 24046.0, 8.0, 272.2728078365326, 21403.0, 10.0, 248.58973622322083, 8728.0], 'JobIds': ['101478081.0', '101484966.0', '101503911.0'], 'State': 'running', 'RecordedSite': True}, '25': {'Retries': 0, 'Restarts': 0, 'SiteHistory': ['Unknown', 'T2_US_Wisconsin', 'T2_US_Wisconsin'], 'ResidentSetSize': [1198988], 'SubmitTimes': [1699994083.0], 'StartTimes': [1699994334.0], 'EndTimes': [1700006400.0], 'TotalUserCpuTimeHistory': [11861], 'TotalSysCpuTimeHistory': [2779], 'WallDurations': [9.0, 179.6776785850525, 12066.0], 'JobIds': ['101478085.0'], 'State': 'finished', 'RecordedSite': True}, '26': {'Retries': 1, 'Restarts': 0, 'SiteHistory': ['Unknown', 'T2_US_Wisconsin', 'T2_US_Wisconsin', 'Unknown', 'T2_US_Wisconsin', 'T2_US_Wisconsin'], 'ResidentSetSize': [1205212, 1159836], 'SubmitTimes': [1699994083.0, 1700009554.0], 'StartTimes': [1699994334.0, 1700009704.0], 'EndTimes': [1700005881.0, 1700028905.0], 'TotalUserCpuTimeHistory': [11082, 18823], 'TotalSysCpuTimeHistory': [1511, 1441], 'WallDurations': [8.0, 179.6776785850525, 11547.0, 10.0, 161.23219347000122, 19201.0], 'JobIds': ['101478088.0', '101484128.0'], 'State': 'finished', 'RecordedSite': True}, '27': {'Retries': 0, 'Restarts': 0, 'SiteHistory': ['Unknown', 'T2_US_Wisconsin', 'T2_US_Wisconsin'], 'ResidentSetSize': [1184456], 'SubmitTimes': [1699994084.0], 'StartTimes': [1699994337.0], 'EndTimes': [1700022386.0], 'TotalUserCpuTimeHistory': [27217], 'TotalSysCpuTimeHistory': [1496], 'WallDurations': [9.0, 176.6776785850525, 28049.0], 'JobIds': ['101478091.0'], 'State': 'finished', 'RecordedSite': True}}
INFO 2023-11-15 14:57:22.464 UTC: 	 Status on the scheduler:	SUBMITTED
INFO 2023-11-15 14:57:22.464 UTC: 	 
Jobs status:                    failed       		 33.3% ( 9/27)
INFO 2023-11-15 14:57:22.464 UTC: 	 				finished     		 63.0% (17/27)
INFO 2023-11-15 14:57:22.464 UTC: 	 				running      		  3.7% ( 1/27)
INFO 2023-11-15 14:57:22.464 UTC: 	 
No publication information (publication has been disabled in the CRAB configuration file)
INFO 2023-11-15 14:57:22.464 UTC: 	 
Error Summary: (use crab status --verboseErrors for details about the errors)

 9 jobs failed with exit code 50663

Have a look at https://twiki.cern.ch/twiki/bin/viewauth/CMSPublic/JobExitCodes for a description of the exit codes.
INFO 2023-11-15 14:57:22.464 UTC: 	 
Warning: the max jobs runtime is less than 30% of the task requested value (2700 min), please consider to request a lower value for failed jobs (allowed through crab resubmit) and/or improve the jobs splitting (e.g. config.Data.splitting = 'Automatic') in a new task.
INFO 2023-11-15 14:57:22.464 UTC: 	 
Summary of run jobs:
 * Memory: 977MB min, 1178MB max, 1031MB ave
 * Runtime: 0:10:12 min, 7:47:29 max, 2:51:32 ave
 * CPU eff: 99% min, 212% max, 117% ave
 * Waste: 44:25:54 (37% of total)

DEBUG 2023-11-15 14:57:22.465 UTC: 	 Retrieving locations for task 231114_203226:lfavilla_crab_QCD_HT1500to2000_2018
DEBUG 2023-11-15 14:57:22.465 UTC: 	 Retrieving all file locations
DEBUG 2023-11-15 14:57:22.465 UTC: 	 Retrieving jobs [('jobids', '1'), ('jobids', '2'), ('jobids', '3'), ('jobids', '4'), ('jobids', '5'), ('jobids', '6'), ('jobids', '7'), ('jobids', '8'), ('jobids', '9'), ('jobids', '10'), ('jobids', '11'), ('jobids', '12'), ('jobids', '14'), ('jobids', '13'), ('jobids', '15'), ('jobids', '16'), ('jobids', '17'), ('jobids', '18'), ('jobids', '19'), ('jobids', '20'), ('jobids', '22'), ('jobids', '21'), ('jobids', '23'), ('jobids', '25'), ('jobids', '26'), ('jobids', '27')]
DEBUG 2023-11-15 14:57:22.465 UTC: 	 Encoded data for curl request: workflow=231114_203226%3Alfavilla_crab_QCD_HT1500to2000_2018&subresource=data2&limit=-1&jobids=1&jobids=2&jobids=3&jobids=4&jobids=5&jobids=6&jobids=7&jobids=8&jobids=9&jobids=10&jobids=11&jobids=12&jobids=14&jobids=13&jobids=15&jobids=16&jobids=17&jobids=18&jobids=19&jobids=20&jobids=22&jobids=21&jobids=23&jobids=25&jobids=26&jobids=27
DEBUG 2023-11-15 14:57:22.531 UTC: 	 Server result: {'result': [{'jobid': '22', 'lfn': '/store/user/lfavilla/DM_v0/QCD_HT1500to2000_TuneCP5_PSWeights_13TeV-madgraph-pythia8/QCD_HT1500to2000_2018/231114_203226/0000/tree_hadd_22.root', 'site': 'T2_IT_Pisa', 'tmplfn': '/store/user/lfavilla/DM_v0/QCD_HT1500to2000_TuneCP5_PSWeights_13TeV-madgraph-pythia8/QCD_HT1500to2000_2018/231114_203226/0000/tree_hadd_22.root', 'tmpsite': 'T2_US_Wisconsin', 'directstageout': 'F', 'size': 316747348, 'checksum': {'cksum': 662799779, 'md5': '13c4e0c5', 'adler32': '13c4e0c5'}}, {'jobid': '6', 'lfn': '/store/user/lfavilla/DM_v0/QCD_HT1500to2000_TuneCP5_PSWeights_13TeV-madgraph-pythia8/QCD_HT1500to2000_2018/231114_203226/0000/tree_hadd_6.root', 'site': 'T2_IT_Pisa', 'tmplfn': '/store/user/lfavilla/DM_v0/QCD_HT1500to2000_TuneCP5_PSWeights_13TeV-madgraph-pythia8/QCD_HT1500to2000_2018/231114_203226/0000/tree_hadd_6.root', 'tmpsite': 'T2_UK_SGrid_RALPP', 'directstageout': 'F', 'size': 405605167, 'checksum': {'cksum': 3667378132, 'md5': '302739c4', 'adler32': '302739c4'}}, {'jobid': '21', 'lfn': '/store/user/lfavilla/DM_v0/QCD_HT1500to2000_TuneCP5_PSWeights_13TeV-madgraph-pythia8/QCD_HT1500to2000_2018/231114_203226/0000/tree_hadd_21.root', 'site': 'T2_IT_Pisa', 'tmplfn': '/store/user/lfavilla/DM_v0/QCD_HT1500to2000_TuneCP5_PSWeights_13TeV-madgraph-pythia8/QCD_HT1500to2000_2018/231114_203226/0000/tree_hadd_21.root', 'tmpsite': 'T2_US_Wisconsin', 'directstageout': 'F', 'size': 314348342, 'checksum': {'cksum': 488525838, 'md5': 'c48dfe1d', 'adler32': 'c48dfe1d'}}, {'jobid': '11', 'lfn': '/store/user/lfavilla/DM_v0/QCD_HT1500to2000_TuneCP5_PSWeights_13TeV-madgraph-pythia8/QCD_HT1500to2000_2018/231114_203226/0000/tree_hadd_11.root', 'site': 'T2_IT_Pisa', 'tmplfn': '/store/user/lfavilla/DM_v0/QCD_HT1500to2000_TuneCP5_PSWeights_13TeV-madgraph-pythia8/QCD_HT1500to2000_2018/231114_203226/0000/tree_hadd_11.root', 'tmpsite': 'T2_US_Nebraska', 'directstageout': 'F', 'size': 440335313, 'checksum': {'cksum': 104105016, 'md5': '8bc07672', 'adler32': '8bc07672'}}, {'jobid': '3', 'lfn': '/store/user/lfavilla/DM_v0/QCD_HT1500to2000_TuneCP5_PSWeights_13TeV-madgraph-pythia8/QCD_HT1500to2000_2018/231114_203226/0000/tree_hadd_3.root', 'site': 'T2_IT_Pisa', 'tmplfn': '/store/user/lfavilla/DM_v0/QCD_HT1500to2000_TuneCP5_PSWeights_13TeV-madgraph-pythia8/QCD_HT1500to2000_2018/231114_203226/0000/tree_hadd_3.root', 'tmpsite': 'T2_US_Nebraska', 'directstageout': 'F', 'size': 354416629, 'checksum': {'cksum': 1782878152, 'md5': 'fc7cfaea', 'adler32': 'fc7cfaea'}}, {'jobid': '16', 'lfn': '/store/user/lfavilla/DM_v0/QCD_HT1500to2000_TuneCP5_PSWeights_13TeV-madgraph-pythia8/QCD_HT1500to2000_2018/231114_203226/0000/tree_hadd_16.root', 'site': 'T2_IT_Pisa', 'tmplfn': '/store/user/lfavilla/DM_v0/QCD_HT1500to2000_TuneCP5_PSWeights_13TeV-madgraph-pythia8/QCD_HT1500to2000_2018/231114_203226/0000/tree_hadd_16.root', 'tmpsite': 'T2_UK_SGrid_RALPP', 'directstageout': 'F', 'size': 312454827, 'checksum': {'cksum': 2545589962, 'md5': 'af6eb803', 'adler32': 'af6eb803'}}, {'jobid': '26', 'lfn': '/store/user/lfavilla/DM_v0/QCD_HT1500to2000_TuneCP5_PSWeights_13TeV-madgraph-pythia8/QCD_HT1500to2000_2018/231114_203226/0000/tree_hadd_26.root', 'site': 'T2_IT_Pisa', 'tmplfn': '/store/user/lfavilla/DM_v0/QCD_HT1500to2000_TuneCP5_PSWeights_13TeV-madgraph-pythia8/QCD_HT1500to2000_2018/231114_203226/0000/tree_hadd_26.root', 'tmpsite': 'T2_US_Wisconsin', 'directstageout': 'F', 'size': 303416547, 'checksum': {'cksum': 2911874944, 'md5': 'c1905a62', 'adler32': 'c1905a62'}}, {'jobid': '27', 'lfn': '/store/user/lfavilla/DM_v0/QCD_HT1500to2000_TuneCP5_PSWeights_13TeV-madgraph-pythia8/QCD_HT1500to2000_2018/231114_203226/0000/tree_hadd_27.root', 'site': 'T2_IT_Pisa', 'tmplfn': '/store/user/lfavilla/DM_v0/QCD_HT1500to2000_TuneCP5_PSWeights_13TeV-madgraph-pythia8/QCD_HT1500to2000_2018/231114_203226/0000/tree_hadd_27.root', 'tmpsite': 'T2_US_Wisconsin', 'directstageout': 'F', 'size': 434459065, 'checksum': {'cksum': 172527733, 'md5': '7b9bddd7', 'adler32': '7b9bddd7'}}, {'jobid': '15', 'lfn': '/store/user/lfavilla/DM_v0/QCD_HT1500to2000_TuneCP5_PSWeights_13TeV-madgraph-pythia8/QCD_HT1500to2000_2018/231114_203226/0000/tree_hadd_15.root', 'site': 'T2_IT_Pisa', 'tmplfn': '/store/user/lfavilla/DM_v0/QCD_HT1500to2000_TuneCP5_PSWeights_13TeV-madgraph-pythia8/QCD_HT1500to2000_2018/231114_203226/0000/tree_hadd_15.root', 'tmpsite': 'T2_US_Nebraska', 'directstageout': 'F', 'size': 236616652, 'checksum': {'cksum': 1148032286, 'md5': '9552cf9a', 'adler32': '9552cf9a'}}, {'jobid': '1', 'lfn': '/store/user/lfavilla/DM_v0/QCD_HT1500to2000_TuneCP5_PSWeights_13TeV-madgraph-pythia8/QCD_HT1500to2000_2018/231114_203226/0000/tree_hadd_1.root', 'site': 'T2_IT_Pisa', 'tmplfn': '/store/user/lfavilla/DM_v0/QCD_HT1500to2000_TuneCP5_PSWeights_13TeV-madgraph-pythia8/QCD_HT1500to2000_2018/231114_203226/0000/tree_hadd_1.root', 'tmpsite': 'T2_UK_SGrid_RALPP', 'directstageout': 'F', 'size': 363702430, 'checksum': {'cksum': 566323556, 'md5': 'dc16c7b1', 'adler32': 'dc16c7b1'}}, {'jobid': '8', 'lfn': '/store/user/lfavilla/DM_v0/QCD_HT1500to2000_TuneCP5_PSWeights_13TeV-madgraph-pythia8/QCD_HT1500to2000_2018/231114_203226/0000/tree_hadd_8.root', 'site': 'T2_IT_Pisa', 'tmplfn': '/store/user/lfavilla/DM_v0/QCD_HT1500to2000_TuneCP5_PSWeights_13TeV-madgraph-pythia8/QCD_HT1500to2000_2018/231114_203226/0000/tree_hadd_8.root', 'tmpsite': 'T2_UK_SGrid_RALPP', 'directstageout': 'F', 'size': 137233405, 'checksum': {'cksum': 3713909399, 'md5': '20d2d0c8', 'adler32': '20d2d0c8'}}, {'jobid': '19', 'lfn': '/store/user/lfavilla/DM_v0/QCD_HT1500to2000_TuneCP5_PSWeights_13TeV-madgraph-pythia8/QCD_HT1500to2000_2018/231114_203226/0000/tree_hadd_19.root', 'site': 'T2_IT_Pisa', 'tmplfn': '/store/user/lfavilla/DM_v0/QCD_HT1500to2000_TuneCP5_PSWeights_13TeV-madgraph-pythia8/QCD_HT1500to2000_2018/231114_203226/0000/tree_hadd_19.root', 'tmpsite': 'T2_UK_SGrid_RALPP', 'directstageout': 'F', 'size': 369888157, 'checksum': {'cksum': 3015746829, 'md5': '711652d2', 'adler32': '711652d2'}}, {'jobid': '13', 'lfn': '/store/user/lfavilla/DM_v0/QCD_HT1500to2000_TuneCP5_PSWeights_13TeV-madgraph-pythia8/QCD_HT1500to2000_2018/231114_203226/0000/tree_hadd_13.root', 'site': 'T2_IT_Pisa', 'tmplfn': '/store/user/lfavilla/DM_v0/QCD_HT1500to2000_TuneCP5_PSWeights_13TeV-madgraph-pythia8/QCD_HT1500to2000_2018/231114_203226/0000/tree_hadd_13.root', 'tmpsite': 'T2_UK_SGrid_RALPP', 'directstageout': 'F', 'size': 271831634, 'checksum': {'cksum': 2255954807, 'md5': 'a87eb692', 'adler32': 'a87eb692'}}, {'jobid': '7', 'lfn': '/store/user/lfavilla/DM_v0/QCD_HT1500to2000_TuneCP5_PSWeights_13TeV-madgraph-pythia8/QCD_HT1500to2000_2018/231114_203226/0000/tree_hadd_7.root', 'site': 'T2_IT_Pisa', 'tmplfn': '/store/user/lfavilla/DM_v0/QCD_HT1500to2000_TuneCP5_PSWeights_13TeV-madgraph-pythia8/QCD_HT1500to2000_2018/231114_203226/0000/tree_hadd_7.root', 'tmpsite': 'T2_UK_SGrid_RALPP', 'directstageout': 'F', 'size': 246738098, 'checksum': {'cksum': 2528907707, 'md5': '46ec4a7b', 'adler32': '46ec4a7b'}}, {'jobid': '25', 'lfn': '/store/user/lfavilla/DM_v0/QCD_HT1500to2000_TuneCP5_PSWeights_13TeV-madgraph-pythia8/QCD_HT1500to2000_2018/231114_203226/0000/tree_hadd_25.root', 'site': 'T2_IT_Pisa', 'tmplfn': '/store/user/lfavilla/DM_v0/QCD_HT1500to2000_TuneCP5_PSWeights_13TeV-madgraph-pythia8/QCD_HT1500to2000_2018/231114_203226/0000/tree_hadd_25.root', 'tmpsite': 'T2_US_Wisconsin', 'directstageout': 'F', 'size': 228534728, 'checksum': {'cksum': 2608162772, 'md5': '58142c72', 'adler32': '58142c72'}}, {'jobid': '4', 'lfn': '/store/user/lfavilla/DM_v0/QCD_HT1500to2000_TuneCP5_PSWeights_13TeV-madgraph-pythia8/QCD_HT1500to2000_2018/231114_203226/0000/tree_hadd_4.root', 'site': 'T2_IT_Pisa', 'tmplfn': '/store/user/lfavilla/DM_v0/QCD_HT1500to2000_TuneCP5_PSWeights_13TeV-madgraph-pythia8/QCD_HT1500to2000_2018/231114_203226/0000/tree_hadd_4.root', 'tmpsite': 'T2_UK_SGrid_RALPP', 'directstageout': 'F', 'size': 272412778, 'checksum': {'cksum': 525122030, 'md5': '17f5cba5', 'adler32': '17f5cba5'}}, {'jobid': '23', 'lfn': '/store/user/lfavilla/DM_v0/QCD_HT1500to2000_TuneCP5_PSWeights_13TeV-madgraph-pythia8/QCD_HT1500to2000_2018/231114_203226/0000/tree_hadd_23.root', 'site': 'T2_IT_Pisa', 'tmplfn': '/store/user/lfavilla/DM_v0/QCD_HT1500to2000_TuneCP5_PSWeights_13TeV-madgraph-pythia8/QCD_HT1500to2000_2018/231114_203226/0000/tree_hadd_23.root', 'tmpsite': 'T2_US_Wisconsin', 'directstageout': 'F', 'size': 48843984, 'checksum': {'cksum': 667190069, 'md5': '1f09a707', 'adler32': '1f09a707'}}]}
DEBUG 2023-11-15 14:57:22.531 UTC: 	 Getting url info
DEBUG 2023-11-15 14:57:22.531 UTC: 	 XRootD urls are requested
INFO 2023-11-15 14:57:22.531 UTC: 	 root://cms-xrd-global.cern.ch//store/user/lfavilla/DM_v0/QCD_HT1500to2000_TuneCP5_PSWeights_13TeV-madgraph-pythia8/QCD_HT1500to2000_2018/231114_203226/0000/tree_hadd_22.root
root://cms-xrd-global.cern.ch//store/user/lfavilla/DM_v0/QCD_HT1500to2000_TuneCP5_PSWeights_13TeV-madgraph-pythia8/QCD_HT1500to2000_2018/231114_203226/0000/tree_hadd_6.root
root://cms-xrd-global.cern.ch//store/user/lfavilla/DM_v0/QCD_HT1500to2000_TuneCP5_PSWeights_13TeV-madgraph-pythia8/QCD_HT1500to2000_2018/231114_203226/0000/tree_hadd_21.root
root://cms-xrd-global.cern.ch//store/user/lfavilla/DM_v0/QCD_HT1500to2000_TuneCP5_PSWeights_13TeV-madgraph-pythia8/QCD_HT1500to2000_2018/231114_203226/0000/tree_hadd_11.root
root://cms-xrd-global.cern.ch//store/user/lfavilla/DM_v0/QCD_HT1500to2000_TuneCP5_PSWeights_13TeV-madgraph-pythia8/QCD_HT1500to2000_2018/231114_203226/0000/tree_hadd_3.root
root://cms-xrd-global.cern.ch//store/user/lfavilla/DM_v0/QCD_HT1500to2000_TuneCP5_PSWeights_13TeV-madgraph-pythia8/QCD_HT1500to2000_2018/231114_203226/0000/tree_hadd_16.root
root://cms-xrd-global.cern.ch//store/user/lfavilla/DM_v0/QCD_HT1500to2000_TuneCP5_PSWeights_13TeV-madgraph-pythia8/QCD_HT1500to2000_2018/231114_203226/0000/tree_hadd_26.root
root://cms-xrd-global.cern.ch//store/user/lfavilla/DM_v0/QCD_HT1500to2000_TuneCP5_PSWeights_13TeV-madgraph-pythia8/QCD_HT1500to2000_2018/231114_203226/0000/tree_hadd_27.root
root://cms-xrd-global.cern.ch//store/user/lfavilla/DM_v0/QCD_HT1500to2000_TuneCP5_PSWeights_13TeV-madgraph-pythia8/QCD_HT1500to2000_2018/231114_203226/0000/tree_hadd_15.root
root://cms-xrd-global.cern.ch//store/user/lfavilla/DM_v0/QCD_HT1500to2000_TuneCP5_PSWeights_13TeV-madgraph-pythia8/QCD_HT1500to2000_2018/231114_203226/0000/tree_hadd_1.root
root://cms-xrd-global.cern.ch//store/user/lfavilla/DM_v0/QCD_HT1500to2000_TuneCP5_PSWeights_13TeV-madgraph-pythia8/QCD_HT1500to2000_2018/231114_203226/0000/tree_hadd_8.root
root://cms-xrd-global.cern.ch//store/user/lfavilla/DM_v0/QCD_HT1500to2000_TuneCP5_PSWeights_13TeV-madgraph-pythia8/QCD_HT1500to2000_2018/231114_203226/0000/tree_hadd_19.root
root://cms-xrd-global.cern.ch//store/user/lfavilla/DM_v0/QCD_HT1500to2000_TuneCP5_PSWeights_13TeV-madgraph-pythia8/QCD_HT1500to2000_2018/231114_203226/0000/tree_hadd_13.root
root://cms-xrd-global.cern.ch//store/user/lfavilla/DM_v0/QCD_HT1500to2000_TuneCP5_PSWeights_13TeV-madgraph-pythia8/QCD_HT1500to2000_2018/231114_203226/0000/tree_hadd_7.root
root://cms-xrd-global.cern.ch//store/user/lfavilla/DM_v0/QCD_HT1500to2000_TuneCP5_PSWeights_13TeV-madgraph-pythia8/QCD_HT1500to2000_2018/231114_203226/0000/tree_hadd_25.root
root://cms-xrd-global.cern.ch//store/user/lfavilla/DM_v0/QCD_HT1500to2000_TuneCP5_PSWeights_13TeV-madgraph-pythia8/QCD_HT1500to2000_2018/231114_203226/0000/tree_hadd_4.root
root://cms-xrd-global.cern.ch//store/user/lfavilla/DM_v0/QCD_HT1500to2000_TuneCP5_PSWeights_13TeV-madgraph-pythia8/QCD_HT1500to2000_2018/231114_203226/0000/tree_hadd_23.root
DEBUG 2023-11-15 14:57:22.568 UTC: 	 Log file is /afs/cern.ch/user/l/lfavilla/CMSSW_12_6_0/src/PhysicsTools/NanoAODTools/crab/crab_QCD_HT1500to2000_2018/crab.log
