000 (5633144.000.000) 07/17 11:22:53 Job submitted from host: <137.138.44.55:9618?addrs=137.138.44.55-9618+[2001-1458-d00-1a--48]-9618&alias=bigbird17.cern.ch&noUDP&sock=schedd_7840_2a97>
...
040 (5633144.000.000) 07/17 12:17:52 Started transferring input files
	Transferring to host: <128.142.137.190:9618?addrs=128.142.137.190-9618+[2001-1458-301-5e--100-b2]-9618&alias=b7g19p1334.cern.ch&noUDP&sock=slot1_5_5292_7150_102876>
...
040 (5633144.000.000) 07/17 12:17:52 Finished transferring input files
...
001 (5633144.000.000) 07/17 12:17:53 Job executing on host: <128.142.137.190:9618?addrs=128.142.137.190-9618+[2001-1458-301-5e--100-b2]-9618&alias=b7g19p1334.cern.ch&noUDP&sock=startd_4614_6611>
...
006 (5633144.000.000) 07/17 12:18:02 Image size of job updated: 577916
	5  -  MemoryUsage of job (MB)
	4992  -  ResidentSetSize of job (KB)
...
006 (5633144.000.000) 07/17 12:23:02 Image size of job updated: 4216076
	839  -  MemoryUsage of job (MB)
	859052  -  ResidentSetSize of job (KB)
...
006 (5633144.000.000) 07/17 12:23:16 Image size of job updated: 4223248
	839  -  MemoryUsage of job (MB)
	859052  -  ResidentSetSize of job (KB)
...
040 (5633144.000.000) 07/17 12:23:16 Started transferring output files
...
040 (5633144.000.000) 07/17 12:23:16 Finished transferring output files
...
005 (5633144.000.000) 07/17 12:23:16 Job terminated.
	(1) Normal termination (return value 1)
		Usr 0 00:02:26, Sys 0 00:00:04  -  Run Remote Usage
		Usr 0 00:00:00, Sys 0 00:00:00  -  Run Local Usage
		Usr 0 00:02:26, Sys 0 00:00:04  -  Total Remote Usage
		Usr 0 00:00:00, Sys 0 00:00:00  -  Total Local Usage
	8740  -  Run Bytes Sent By Job
	16591  -  Run Bytes Received By Job
	8740  -  Total Bytes Sent By Job
	16591  -  Total Bytes Received By Job
	Partitionable Resources :    Usage  Request Allocated 
	   Cpus                 :                 1         1 
	   Disk (KB)            :       39       20   1577675 
	   Memory (MB)          :      839     2000      2000 

	Job terminated of its own accord at 2023-07-17T10:23:16Z.
...
