000 (5633140.000.000) 07/17 11:22:45 Job submitted from host: <137.138.44.55:9618?addrs=137.138.44.55-9618+[2001-1458-d00-1a--48]-9618&alias=bigbird17.cern.ch&noUDP&sock=schedd_7840_2a97>
...
040 (5633140.000.000) 07/17 12:17:51 Started transferring input files
	Transferring to host: <188.184.163.207:9618?addrs=188.184.163.207-9618+[2001-1458-301-4d--100-c9]-9618&alias=b7s12p8943.cern.ch&noUDP&sock=slot1_2_100629_fbd5_5829>
...
040 (5633140.000.000) 07/17 12:17:51 Finished transferring input files
...
001 (5633140.000.000) 07/17 12:17:52 Job executing on host: <188.184.163.207:9618?addrs=188.184.163.207-9618+[2001-1458-301-4d--100-c9]-9618&alias=b7s12p8943.cern.ch&noUDP&sock=startd_3269_d72f>
...
006 (5633140.000.000) 07/17 12:18:02 Image size of job updated: 126380
	5  -  MemoryUsage of job (MB)
	5000  -  ResidentSetSize of job (KB)
...
006 (5633140.000.000) 07/17 12:22:42 Image size of job updated: 4389316
	5  -  MemoryUsage of job (MB)
	5000  -  ResidentSetSize of job (KB)
...
040 (5633140.000.000) 07/17 12:22:42 Started transferring output files
...
040 (5633140.000.000) 07/17 12:22:42 Finished transferring output files
...
005 (5633140.000.000) 07/17 12:22:42 Job terminated.
	(1) Normal termination (return value 1)
		Usr 0 00:01:38, Sys 0 00:00:02  -  Run Remote Usage
		Usr 0 00:00:00, Sys 0 00:00:00  -  Run Local Usage
		Usr 0 00:01:38, Sys 0 00:00:02  -  Total Remote Usage
		Usr 0 00:00:00, Sys 0 00:00:00  -  Total Local Usage
	5488  -  Run Bytes Sent By Job
	16796  -  Run Bytes Received By Job
	5488  -  Total Bytes Sent By Job
	16796  -  Total Bytes Received By Job
	Partitionable Resources :    Usage  Request Allocated 
	   Cpus                 :                 1         1 
	   Disk (KB)            :       36       20   2922176 
	   Memory (MB)          :        5     2000      2000 

	Job terminated of its own accord at 2023-07-17T10:22:42Z.
...
