000 (5633141.000.000) 07/17 11:22:47 Job submitted from host: <137.138.44.55:9618?addrs=137.138.44.55-9618+[2001-1458-d00-1a--48]-9618&alias=bigbird17.cern.ch&noUDP&sock=schedd_7840_2a97>
...
040 (5633141.000.000) 07/17 12:17:51 Started transferring input files
	Transferring to host: <188.184.163.52:9618?addrs=188.184.163.52-9618+[2001-1458-301-4d--100-2e]-9618&alias=b7s12p1236.cern.ch&noUDP&sock=slot1_11_4026_6e5d_128308>
...
040 (5633141.000.000) 07/17 12:17:51 Finished transferring input files
...
001 (5633141.000.000) 07/17 12:17:52 Job executing on host: <188.184.163.52:9618?addrs=188.184.163.52-9618+[2001-1458-301-4d--100-2e]-9618&alias=b7s12p1236.cern.ch&noUDP&sock=startd_3252_2e13>
...
006 (5633141.000.000) 07/17 12:18:01 Image size of job updated: 14364
	5  -  MemoryUsage of job (MB)
	5116  -  ResidentSetSize of job (KB)
...
006 (5633141.000.000) 07/17 12:23:02 Image size of job updated: 5461820
	1086  -  MemoryUsage of job (MB)
	1111724  -  ResidentSetSize of job (KB)
...
006 (5633141.000.000) 07/17 12:24:14 Image size of job updated: 6435500
	1086  -  MemoryUsage of job (MB)
	1111724  -  ResidentSetSize of job (KB)
...
040 (5633141.000.000) 07/17 12:24:15 Started transferring output files
...
040 (5633141.000.000) 07/17 12:24:15 Finished transferring output files
...
005 (5633141.000.000) 07/17 12:24:15 Job terminated.
	(1) Normal termination (return value 1)
		Usr 0 00:02:58, Sys 0 00:00:04  -  Run Remote Usage
		Usr 0 00:00:00, Sys 0 00:00:00  -  Run Local Usage
		Usr 0 00:02:58, Sys 0 00:00:04  -  Total Remote Usage
		Usr 0 00:00:00, Sys 0 00:00:00  -  Total Local Usage
	8900  -  Run Bytes Sent By Job
	20873  -  Run Bytes Received By Job
	8900  -  Total Bytes Sent By Job
	20873  -  Total Bytes Received By Job
	Partitionable Resources :    Usage  Request Allocated 
	   Cpus                 :                 1         1 
	   Disk (KB)            :       43       22   2961438 
	   Memory (MB)          :     1086     2000      2000 

	Job terminated of its own accord at 2023-07-17T10:24:14Z.
...
