000 (5633134.000.000) 07/17 11:22:33 Job submitted from host: <137.138.44.55:9618?addrs=137.138.44.55-9618+[2001-1458-d00-1a--48]-9618&alias=bigbird17.cern.ch&noUDP&sock=schedd_7840_2a97>
...
040 (5633134.000.000) 07/17 12:17:49 Started transferring input files
	Transferring to host: <128.142.59.85:9618?addrs=128.142.59.85-9618&alias=b7s04p0573.cern.ch&noUDP&sock=slot1_9_4021_e87d_95626>
...
040 (5633134.000.000) 07/17 12:17:49 Finished transferring input files
...
001 (5633134.000.000) 07/17 12:17:50 Job executing on host: <128.142.59.85:9618?addrs=128.142.59.85-9618&alias=b7s04p0573.cern.ch&noUDP&sock=startd_3908_2434>
...
006 (5633134.000.000) 07/17 12:17:58 Image size of job updated: 966044
	7  -  MemoryUsage of job (MB)
	6824  -  ResidentSetSize of job (KB)
...
006 (5633134.000.000) 07/17 12:22:58 Image size of job updated: 1682768
	762  -  MemoryUsage of job (MB)
	779664  -  ResidentSetSize of job (KB)
...
006 (5633134.000.000) 07/17 12:27:59 Image size of job updated: 1892080
	762  -  MemoryUsage of job (MB)
	779680  -  ResidentSetSize of job (KB)
...
040 (5633134.000.000) 07/17 12:30:47 Started transferring output files
...
040 (5633134.000.000) 07/17 12:30:47 Finished transferring output files
...
005 (5633134.000.000) 07/17 12:30:47 Job terminated.
	(1) Normal termination (return value 1)
		Usr 0 00:11:59, Sys 0 00:00:05  -  Run Remote Usage
		Usr 0 00:00:00, Sys 0 00:00:00  -  Run Local Usage
		Usr 0 00:11:59, Sys 0 00:00:05  -  Total Remote Usage
		Usr 0 00:00:00, Sys 0 00:00:00  -  Total Local Usage
	5486  -  Run Bytes Sent By Job
	10915  -  Run Bytes Received By Job
	5486  -  Total Bytes Sent By Job
	10915  -  Total Bytes Received By Job
	Partitionable Resources :    Usage  Request Allocated 
	   Cpus                 :     1.00        1         1 
	   Disk (KB)            :    37          12   1340652 
	   Memory (MB)          :   762        2000      2000 

	Job terminated of its own accord at 2023-07-17T10:30:47Z.
...
