000 (5633137.000.000) 07/17 11:22:38 Job submitted from host: <137.138.44.55:9618?addrs=137.138.44.55-9618+[2001-1458-d00-1a--48]-9618&alias=bigbird17.cern.ch&noUDP&sock=schedd_7840_2a97>
...
040 (5633137.000.000) 07/17 12:17:49 Started transferring input files
	Transferring to host: <128.142.56.95:9618?addrs=128.142.56.95-9618+[2001-1458-301-6--100-5e]-9618&alias=b7s01p2035.cern.ch&noUDP&sock=slot1_9_9817_b6e8_101253>
...
040 (5633137.000.000) 07/17 12:17:49 Finished transferring input files
...
001 (5633137.000.000) 07/17 12:17:50 Job executing on host: <128.142.56.95:9618?addrs=128.142.56.95-9618+[2001-1458-301-6--100-5e]-9618&alias=b7s01p2035.cern.ch&noUDP&sock=startd_2947_f9b0>
...
006 (5633137.000.000) 07/17 12:17:58 Image size of job updated: 26648
	12  -  MemoryUsage of job (MB)
	12136  -  ResidentSetSize of job (KB)
...
006 (5633137.000.000) 07/17 12:22:58 Image size of job updated: 2210800
	558  -  MemoryUsage of job (MB)
	571084  -  ResidentSetSize of job (KB)
...
006 (5633137.000.000) 07/17 12:27:59 Image size of job updated: 2980848
	1622  -  MemoryUsage of job (MB)
	1660260  -  ResidentSetSize of job (KB)
...
006 (5633137.000.000) 07/17 12:33:00 Image size of job updated: 3122464
	1622  -  MemoryUsage of job (MB)
	1660268  -  ResidentSetSize of job (KB)
...
040 (5633137.000.000) 07/17 12:48:16 Started transferring output files
...
040 (5633137.000.000) 07/17 12:48:16 Finished transferring output files
...
005 (5633137.000.000) 07/17 12:48:16 Job terminated.
	(1) Normal termination (return value 1)
		Usr 0 00:29:25, Sys 0 00:00:15  -  Run Remote Usage
		Usr 0 00:00:00, Sys 0 00:00:00  -  Run Local Usage
		Usr 0 00:29:25, Sys 0 00:00:15  -  Total Remote Usage
		Usr 0 00:00:00, Sys 0 00:00:00  -  Total Local Usage
	5491  -  Run Bytes Sent By Job
	11398  -  Run Bytes Received By Job
	5491  -  Total Bytes Sent By Job
	11398  -  Total Bytes Received By Job
	Partitionable Resources :    Usage  Request Allocated 
	   Cpus                 :     0.99        1         1 
	   Disk (KB)            :    38          12   1164177 
	   Memory (MB)          :  1622        2000      2000 

	Job terminated of its own accord at 2023-07-17T10:48:16Z.
...
