000 (5633136.000.000) 07/17 11:22:36 Job submitted from host: <137.138.44.55:9618?addrs=137.138.44.55-9618+[2001-1458-d00-1a--48]-9618&alias=bigbird17.cern.ch&noUDP&sock=schedd_7840_2a97>
...
040 (5633136.000.000) 07/17 12:17:48 Started transferring input files
	Transferring to host: <128.142.58.77:9618?addrs=128.142.58.77-9618+[2001-1458-301-16--100-4c]-9618&alias=b7s03p8515.cern.ch&noUDP&sock=slot1_14_35239_d032_33121>
...
040 (5633136.000.000) 07/17 12:17:48 Finished transferring input files
...
001 (5633136.000.000) 07/17 12:17:49 Job executing on host: <128.142.58.77:9618?addrs=128.142.58.77-9618+[2001-1458-301-16--100-4c]-9618&alias=b7s03p8515.cern.ch&noUDP&sock=startd_35202_38f5>
...
006 (5633136.000.000) 07/17 12:17:57 Image size of job updated: 121568
	65  -  MemoryUsage of job (MB)
	65992  -  ResidentSetSize of job (KB)
...
006 (5633136.000.000) 07/17 12:22:57 Image size of job updated: 2383228
	589  -  MemoryUsage of job (MB)
	602188  -  ResidentSetSize of job (KB)
...
006 (5633136.000.000) 07/17 12:27:57 Image size of job updated: 3064700
	1662  -  MemoryUsage of job (MB)
	1701532  -  ResidentSetSize of job (KB)
...
006 (5633136.000.000) 07/17 12:32:58 Image size of job updated: 3337444
	1662  -  MemoryUsage of job (MB)
	1701544  -  ResidentSetSize of job (KB)
...
040 (5633136.000.000) 07/17 12:47:41 Started transferring output files
...
040 (5633136.000.000) 07/17 12:47:41 Finished transferring output files
...
005 (5633136.000.000) 07/17 12:47:41 Job terminated.
	(1) Normal termination (return value 1)
		Usr 0 00:29:09, Sys 0 00:00:13  -  Run Remote Usage
		Usr 0 00:00:00, Sys 0 00:00:00  -  Run Local Usage
		Usr 0 00:29:09, Sys 0 00:00:13  -  Total Remote Usage
		Usr 0 00:00:00, Sys 0 00:00:00  -  Total Local Usage
	5491  -  Run Bytes Sent By Job
	11577  -  Run Bytes Received By Job
	5491  -  Total Bytes Sent By Job
	11577  -  Total Bytes Received By Job
	Partitionable Resources :    Usage  Request Allocated 
	   Cpus                 :     1.00        1         1 
	   Disk (KB)            :    38          15   1285159 
	   Memory (MB)          :  1662        2000      2000 

	Job terminated of its own accord at 2023-07-17T10:47:41Z.
...
