000 (5633139.000.000) 07/17 11:22:43 Job submitted from host: <137.138.44.55:9618?addrs=137.138.44.55-9618+[2001-1458-d00-1a--48]-9618&alias=bigbird17.cern.ch&noUDP&sock=schedd_7840_2a97>
...
040 (5633139.000.000) 07/17 12:17:50 Started transferring input files
	Transferring to host: <128.142.63.101:9618?addrs=128.142.63.101-9618+[2001-1458-301-38--100-62]-9618&alias=b7s08p4175.cern.ch&noUDP&sock=slot1_13_4086_b4df_105811>
...
040 (5633139.000.000) 07/17 12:17:50 Finished transferring input files
...
001 (5633139.000.000) 07/17 12:17:51 Job executing on host: <128.142.63.101:9618?addrs=128.142.63.101-9618+[2001-1458-301-38--100-62]-9618&alias=b7s08p4175.cern.ch&noUDP&sock=startd_2904_7b1e>
...
006 (5633139.000.000) 07/17 12:18:00 Image size of job updated: 371548
	126  -  MemoryUsage of job (MB)
	128640  -  ResidentSetSize of job (KB)
...
006 (5633139.000.000) 07/17 12:23:01 Image size of job updated: 4269120
	1923  -  MemoryUsage of job (MB)
	1969128  -  ResidentSetSize of job (KB)
...
006 (5633139.000.000) 07/17 12:28:02 Image size of job updated: 4324160
	1923  -  MemoryUsage of job (MB)
	1969136  -  ResidentSetSize of job (KB)
...
006 (5633139.000.000) 07/17 12:33:02 Image size of job updated: 4364484
	1965  -  MemoryUsage of job (MB)
	2012160  -  ResidentSetSize of job (KB)
...
006 (5633139.000.000) 07/17 12:38:02 Image size of job updated: 4364484
	1966  -  MemoryUsage of job (MB)
	2012172  -  ResidentSetSize of job (KB)
...
006 (5633139.000.000) 07/17 13:03:04 Image size of job updated: 4420416
	2113  -  MemoryUsage of job (MB)
	2163660  -  ResidentSetSize of job (KB)
...
006 (5633139.000.000) 07/17 13:08:04 Image size of job updated: 4663360
	2149  -  MemoryUsage of job (MB)
	2199564  -  ResidentSetSize of job (KB)
...
006 (5633139.000.000) 07/17 13:13:05 Image size of job updated: 4741872
	2324  -  MemoryUsage of job (MB)
	2379448  -  ResidentSetSize of job (KB)
...
006 (5633139.000.000) 07/17 13:18:06 Image size of job updated: 4949932
	2324  -  MemoryUsage of job (MB)
	2379456  -  ResidentSetSize of job (KB)
...
006 (5633139.000.000) 07/17 13:23:06 Image size of job updated: 4951468
	2324  -  MemoryUsage of job (MB)
	2379456  -  ResidentSetSize of job (KB)
...
006 (5633139.000.000) 07/17 13:28:07 Image size of job updated: 5108080
	2540  -  MemoryUsage of job (MB)
	2600424  -  ResidentSetSize of job (KB)
...
006 (5633139.000.000) 07/17 13:33:08 Image size of job updated: 5126768
	2540  -  MemoryUsage of job (MB)
	2600440  -  ResidentSetSize of job (KB)
...
006 (5633139.000.000) 07/17 13:38:08 Image size of job updated: 5358488
	2540  -  MemoryUsage of job (MB)
	2600440  -  ResidentSetSize of job (KB)
...
040 (5633139.000.000) 07/17 15:23:08 Started transferring output files
...
040 (5633139.000.000) 07/17 15:23:09 Finished transferring output files
...
005 (5633139.000.000) 07/17 15:23:09 Job terminated.
	(1) Normal termination (return value 1)
		Usr 0 03:02:31, Sys 0 00:01:11  -  Run Remote Usage
		Usr 0 00:00:00, Sys 0 00:00:00  -  Run Local Usage
		Usr 0 03:02:31, Sys 0 00:01:11  -  Total Remote Usage
		Usr 0 00:00:00, Sys 0 00:00:00  -  Total Local Usage
	5490  -  Run Bytes Sent By Job
	13605  -  Run Bytes Received By Job
	5490  -  Total Bytes Sent By Job
	13605  -  Total Bytes Received By Job
	Partitionable Resources :    Usage  Request Allocated 
	   Cpus                 :     0.99        1         1 
	   Disk (KB)            :    40          15   1267470 
	   Memory (MB)          :  2540        2000      2000 

	Job terminated of its own accord at 2023-07-17T13:23:08Z.
...
