000 (5633148.000.000) 07/17 11:23:01 Job submitted from host: <137.138.44.55:9618?addrs=137.138.44.55-9618+[2001-1458-d00-1a--48]-9618&alias=bigbird17.cern.ch&noUDP&sock=schedd_7840_2a97>
...
040 (5633148.000.000) 07/17 12:17:54 Started transferring input files
	Transferring to host: <128.142.137.22:9618?addrs=128.142.137.22-9618+[2001-1458-301-5e--100-a]-9618&alias=b7g19p1432.cern.ch&noUDP&sock=slot1_24_3187_479b_32441>
...
040 (5633148.000.000) 07/17 12:17:54 Finished transferring input files
...
001 (5633148.000.000) 07/17 12:17:55 Job executing on host: <128.142.137.22:9618?addrs=128.142.137.22-9618+[2001-1458-301-5e--100-a]-9618&alias=b7g19p1432.cern.ch&noUDP&sock=startd_2769_e1d5>
...
006 (5633148.000.000) 07/17 12:18:03 Image size of job updated: 26740
	12  -  MemoryUsage of job (MB)
	12180  -  ResidentSetSize of job (KB)
...
006 (5633148.000.000) 07/17 12:23:03 Image size of job updated: 4972908
	2754  -  MemoryUsage of job (MB)
	2820020  -  ResidentSetSize of job (KB)
...
006 (5633148.000.000) 07/17 12:28:04 Image size of job updated: 6229752
	3786  -  MemoryUsage of job (MB)
	3875996  -  ResidentSetSize of job (KB)
...
006 (5633148.000.000) 07/17 12:33:04 Image size of job updated: 6912272
	3882  -  MemoryUsage of job (MB)
	3974736  -  ResidentSetSize of job (KB)
...
006 (5633148.000.000) 07/17 12:38:04 Image size of job updated: 6916428
	4010  -  MemoryUsage of job (MB)
	4105536  -  ResidentSetSize of job (KB)
...
006 (5633148.000.000) 07/17 12:43:05 Image size of job updated: 6967952
	4137  -  MemoryUsage of job (MB)
	4235716  -  ResidentSetSize of job (KB)
...
006 (5633148.000.000) 07/17 12:48:06 Image size of job updated: 6996300
	4285  -  MemoryUsage of job (MB)
	4387480  -  ResidentSetSize of job (KB)
...
006 (5633148.000.000) 07/17 12:53:06 Image size of job updated: 7082856
	4402  -  MemoryUsage of job (MB)
	4506764  -  ResidentSetSize of job (KB)
...
006 (5633148.000.000) 07/17 12:58:07 Image size of job updated: 7159568
	4571  -  MemoryUsage of job (MB)
	4680700  -  ResidentSetSize of job (KB)
...
006 (5633148.000.000) 07/17 13:03:08 Image size of job updated: 7203856
	4571  -  MemoryUsage of job (MB)
	4680704  -  ResidentSetSize of job (KB)
...
006 (5633148.000.000) 07/17 13:13:09 Image size of job updated: 7366800
	4571  -  MemoryUsage of job (MB)
	4680704  -  ResidentSetSize of job (KB)
...
006 (5633148.000.000) 07/17 13:23:10 Image size of job updated: 7366800
	4629  -  MemoryUsage of job (MB)
	4740024  -  ResidentSetSize of job (KB)
...
006 (5633148.000.000) 07/17 13:28:11 Image size of job updated: 7423180
	4759  -  MemoryUsage of job (MB)
	4872240  -  ResidentSetSize of job (KB)
...
006 (5633148.000.000) 07/17 13:33:12 Image size of job updated: 7531212
	4759  -  MemoryUsage of job (MB)
	4872432  -  ResidentSetSize of job (KB)
...
006 (5633148.000.000) 07/17 14:08:16 Image size of job updated: 7604552
	5185  -  MemoryUsage of job (MB)
	5308988  -  ResidentSetSize of job (KB)
...
006 (5633148.000.000) 07/17 14:13:17 Image size of job updated: 8340608
	5894  -  MemoryUsage of job (MB)
	6035236  -  ResidentSetSize of job (KB)
...
006 (5633148.000.000) 07/17 14:18:18 Image size of job updated: 8734540
	5894  -  MemoryUsage of job (MB)
	6035244  -  ResidentSetSize of job (KB)
...
006 (5633148.000.000) 07/17 14:28:18 Image size of job updated: 8734540
	5896  -  MemoryUsage of job (MB)
	6036828  -  ResidentSetSize of job (KB)
...
006 (5633148.000.000) 07/17 14:33:19 Image size of job updated: 8956712
	5896  -  MemoryUsage of job (MB)
	6036836  -  ResidentSetSize of job (KB)
...
006 (5633148.000.000) 07/17 14:43:19 Image size of job updated: 8956712
	5972  -  MemoryUsage of job (MB)
	6114464  -  ResidentSetSize of job (KB)
...
006 (5633148.000.000) 07/17 14:48:20 Image size of job updated: 9170924
	5972  -  MemoryUsage of job (MB)
	6114468  -  ResidentSetSize of job (KB)
...
006 (5633148.000.000) 07/17 14:58:20 Image size of job updated: 9170924
	6054  -  MemoryUsage of job (MB)
	6198524  -  ResidentSetSize of job (KB)
...
006 (5633148.000.000) 07/17 15:03:22 Image size of job updated: 9170924
	6054  -  MemoryUsage of job (MB)
	6198528  -  ResidentSetSize of job (KB)
...
006 (5633148.000.000) 07/17 15:13:22 Image size of job updated: 9170924
	6184  -  MemoryUsage of job (MB)
	6332100  -  ResidentSetSize of job (KB)
...
006 (5633148.000.000) 07/17 15:18:23 Image size of job updated: 9436948
	6184  -  MemoryUsage of job (MB)
	6332112  -  ResidentSetSize of job (KB)
...
006 (5633148.000.000) 07/17 15:28:23 Image size of job updated: 9436948
	6237  -  MemoryUsage of job (MB)
	6385964  -  ResidentSetSize of job (KB)
...
006 (5633148.000.000) 07/17 15:33:24 Image size of job updated: 9436948
	6237  -  MemoryUsage of job (MB)
	6385976  -  ResidentSetSize of job (KB)
...
006 (5633148.000.000) 07/17 15:48:26 Image size of job updated: 9839828
	6237  -  MemoryUsage of job (MB)
	6385976  -  ResidentSetSize of job (KB)
...
006 (5633148.000.000) 07/17 16:18:30 Image size of job updated: 10420724
	6237  -  MemoryUsage of job (MB)
	6385976  -  ResidentSetSize of job (KB)
...
006 (5633148.000.000) 07/17 16:38:32 Image size of job updated: 10438644
	6237  -  MemoryUsage of job (MB)
	6385976  -  ResidentSetSize of job (KB)
...
006 (5633148.000.000) 07/17 17:03:35 Image size of job updated: 10438644
	6316  -  MemoryUsage of job (MB)
	6467088  -  ResidentSetSize of job (KB)
...
006 (5633148.000.000) 07/17 17:08:35 Image size of job updated: 10450932
	6316  -  MemoryUsage of job (MB)
	6467096  -  ResidentSetSize of job (KB)
...
006 (5633148.000.000) 07/17 17:18:36 Image size of job updated: 10450932
	6392  -  MemoryUsage of job (MB)
	6544652  -  ResidentSetSize of job (KB)
...
006 (5633148.000.000) 07/17 17:23:37 Image size of job updated: 11377956
	6392  -  MemoryUsage of job (MB)
	6544660  -  ResidentSetSize of job (KB)
...
006 (5633148.000.000) 07/17 17:33:38 Image size of job updated: 11377956
	6481  -  MemoryUsage of job (MB)
	6636004  -  ResidentSetSize of job (KB)
...
006 (5633148.000.000) 07/17 17:38:39 Image size of job updated: 11377956
	6481  -  MemoryUsage of job (MB)
	6636008  -  ResidentSetSize of job (KB)
...
040 (5633148.000.000) 07/18 00:57:55 Started transferring output files
...
040 (5633148.000.000) 07/18 00:57:57 Finished transferring output files
...
005 (5633148.000.000) 07/18 00:57:57 Job terminated.
	(1) Normal termination (return value 1)
		Usr 0 12:26:57, Sys 0 00:06:15  -  Run Remote Usage
		Usr 0 00:00:00, Sys 0 00:00:00  -  Run Local Usage
		Usr 0 12:26:57, Sys 0 00:06:15  -  Total Remote Usage
		Usr 0 00:00:00, Sys 0 00:00:00  -  Total Local Usage
	5496  -  Run Bytes Sent By Job
	13567  -  Run Bytes Received By Job
	5496  -  Total Bytes Sent By Job
	13567  -  Total Bytes Received By Job
	Partitionable Resources :    Usage  Request Allocated 
	   Cpus                 :     1.00        1         1 
	   Disk (KB)            :    40          15   1612960 
	   Memory (MB)          :  6481        2000      2000 

	Job terminated of its own accord at 2023-07-17T22:57:55Z.
...
