TT_Mtt_700to1000_2018
Event nr: 0
Event nr: 1000
Event nr: 2000
Event nr: 3000
Event nr: 4000
Event nr: 5000
Event nr: 6000
Event nr: 7000
Event nr: 8000
Event nr: 9000
Event nr: 10000
Event nr: 11000
Event nr: 12000
Event nr: 13000
Event nr: 14000
Event nr: 15000
Event nr: 16000
Event nr: 17000
Event nr: 18000
Event nr: 19000
Event nr: 20000
Event nr: 21000
Event nr: 22000
Event nr: 23000
Event nr: 24000
Event nr: 25000
Event nr: 26000
Event nr: 27000
Event nr: 28000
Event nr: 29000
Event nr: 30000
Event nr: 31000
TT_Mtt_1000toInf_2018
Event nr: 0
Event nr: 1000
Event nr: 2000
Event nr: 3000
Event nr: 4000
Event nr: 5000
Event nr: 6000
Event nr: 7000
Event nr: 8000
Event nr: 9000
Event nr: 10000
Event nr: 11000
Event nr: 12000
Event nr: 13000
Event nr: 14000
Event nr: 15000
Event nr: 16000
Event nr: 17000
Event nr: 18000
Event nr: 19000
Event nr: 20000
Event nr: 21000
Event nr: 22000
Event nr: 23000
Event nr: 24000
Event nr: 25000
Event nr: 26000
Event nr: 27000
Event nr: 28000
Event nr: 29000
Event nr: 30000
Event nr: 31000
Event nr: 32000
Event nr: 33000
Event nr: 34000
Event nr: 35000
Event nr: 36000
Event nr: 37000
Event nr: 38000
Event nr: 39000
Event nr: 40000
Event nr: 41000
Event nr: 42000
Event nr: 43000
Event nr: 44000
Event nr: 45000
Event nr: 46000
Event nr: 47000
TT_semilep_2018
Event nr: 0
Event nr: 1000
Event nr: 2000
Event nr: 3000
Event nr: 4000
Event nr: 5000
Event nr: 6000
Event nr: 7000
Event nr: 8000
Event nr: 9000
Event nr: 10000
Event nr: 11000
Event nr: 12000
Event nr: 13000
Event nr: 14000
Event nr: 15000
Event nr: 16000
Event nr: 17000
Event nr: 18000
Event nr: 19000
Event nr: 20000
Event nr: 21000
Event nr: 22000
Event nr: 23000
Event nr: 24000
Event nr: 25000
Event nr: 26000
Event nr: 27000
Event nr: 28000
Event nr: 29000
Event nr: 30000
Event nr: 31000
Event nr: 32000
Event nr: 33000
Event nr: 34000
Event nr: 35000
Event nr: 36000
Event nr: 37000
Event nr: 38000
Event nr: 39000
Event nr: 40000
Event nr: 41000
Event nr: 42000
TT_hadr_2018
Event nr: 0
Writing histograms to outFile: /eos/user/l/lfavilla/my_framework/MLstudies/Efficiency_Studies/hist_TT_2018.root
