DEBUG 2023-11-14 20:32:27.246 UTC: 	 CRAB Client version: v3.231010
DEBUG 2023-11-14 20:32:27.247 UTC: 	 Running on: Linux lxplus742.cern.ch 3.10.0-1160.102.1.el7.x86_64 #1 SMP Tue Oct 17 15:42:21 UTC 2023 x86_64 x86_64 x86_64 GNU/Linux - CentOS Linux 7 (Core)
DEBUG 2023-11-14 20:32:27.247 UTC: 	 Executing command: 'submit'
DEBUG 2023-11-14 20:32:27.247 UTC: 	 Found CRAB cache file /afs/cern.ch/user/l/lfavilla/.crab3
INFO 2023-11-14 20:32:27.247 UTC: 	 Will use CRAB configuration file crab_cfg.py
DEBUG 2023-11-14 20:32:27.248 UTC: 	 Loading CRAB configuration file.
DEBUG 2023-11-14 20:32:27.252 UTC: 	 Will use CRAB Analysis plugin (i.e. will run an analysis job type).
DEBUG 2023-11-14 20:32:27.260 UTC: 	 Checking credentials
DEBUG 2023-11-14 20:32:27.260 UTC: 	 Found proxy file /tmp/x509up_u159320
DEBUG 2023-11-14 20:32:27.260 UTC: 	 Making sure it has proper VOMS extension
DEBUG 2023-11-14 20:32:27.260 UTC: 	 Executing command :
 voms-proxy-info --vo --file /tmp/x509up_u159320
DEBUG 2023-11-14 20:32:27.627 UTC: 	 output : cms

 error: 
 retcode : 0
DEBUG 2023-11-14 20:32:27.628 UTC: 	 Getting proxy life time left
DEBUG 2023-11-14 20:32:27.628 UTC: 	 Executing command :
 voms-proxy-info --actimeleft --timeleft --file /tmp/x509up_u159320
DEBUG 2023-11-14 20:32:27.975 UTC: 	 output : 42762
42761

 error: 
 retcode : 0
DEBUG 2023-11-14 20:32:27.975 UTC: 	 Proxy valid for 11:52:41 hours
DEBUG 2023-11-14 20:32:27.991 UTC: 	 Encoded data for curl request: subresource=delegatedn
DEBUG 2023-11-14 20:32:28.027 UTC: 	 Registering user credentials on myproxy for /DC=ch/DC=cern/OU=computers/CN=crab-(preprod|prod|dev)-tw(01|02|03).cern.ch|/DC=ch/DC=cern/OU=computers/CN=stefanov(m|m2).cern.ch|/DC=ch/DC=cern/OU=computers/CN=dciangot-tw.cern.ch
DEBUG 2023-11-14 20:32:28.027 UTC: 	 Executing command :
 voms-proxy-info --identity --file /tmp/x509up_u159320
DEBUG 2023-11-14 20:32:28.386 UTC: 	 output : /DC=ch/DC=cern/OU=Organic Units/OU=Users/CN=lfavilla/CN=867090/CN=Leonardo Favilla

 error: 
 retcode : 0
DEBUG 2023-11-14 20:32:28.386 UTC: 	 Getting myproxy life time left for 70284ad9de3a40585c76dbf527363be004fcbd17
DEBUG 2023-11-14 20:32:28.386 UTC: 	 Executing command :
 myproxy-info -s myproxy.cern.ch -l 70284ad9de3a40585c76dbf527363be004fcbd17
DEBUG 2023-11-14 20:32:28.658 UTC: 	 output : username: 70284ad9de3a40585c76dbf527363be004fcbd17
owner: /DC=ch/DC=cern/OU=Organic Units/OU=Users/CN=lfavilla/CN=867090/CN=Leonardo Favilla
  renewal policy: /DC=ch/DC=cern/OU=computers/CN=crab-(preprod|prod|dev)-tw(01|02|03).cern.ch|/DC=ch/DC=cern/OU=computers/CN=stefanov(m|m2).cern.ch|/DC=ch/DC=cern/OU=computers/CN=dciangot-tw.cern.ch
  trusted retrieval policy: /DC=ch/DC=cern/OU=computers/CN=crab-(preprod|prod|dev)-tw(01|02|03).cern.ch|/DC=ch/DC=cern/OU=computers/CN=stefanov(m|m2).cern.ch|/DC=ch/DC=cern/OU=computers/CN=dciangot-tw.cern.ch
  timeleft: 398:11:52  (16.6 days)

 error: 
 retcode : 0
DEBUG 2023-11-14 20:32:28.658 UTC: 	 Myproxy is valid: 1433460
DEBUG 2023-11-14 20:32:28.658 UTC: 	 Result of myproxy credential check:
  Credential exists on myproxy: username: 70284ad9de3a40585c76dbf527363be004fcbd17  - validity: 16 days, 14:11:00
DEBUG 2023-11-14 20:32:28.658 UTC: 	 Command use: submit
DEBUG 2023-11-14 20:32:28.658 UTC: 	 Options use: ['-c', 'crab_cfg.py']
DEBUG 2023-11-14 20:32:28.658 UTC: 	 Encoded data for curl request: subresource=version
DEBUG 2023-11-14 20:32:28.702 UTC: 	 CRABClient version: v3.231010
DEBUG 2023-11-14 20:32:28.702 UTC: 	 Instance is prod
DEBUG 2023-11-14 20:32:28.702 UTC: 	 Server base url is cmsweb.cern.ch
DEBUG 2023-11-14 20:32:28.702 UTC: 	 Command api workflow
DEBUG 2023-11-14 20:32:28.702 UTC: 	 Started submission
DEBUG 2023-11-14 20:32:28.702 UTC: 	 Working on /afs/cern.ch/user/l/lfavilla/CMSSW_12_6_0/src/PhysicsTools/NanoAODTools/crab/crab_QCD_HT2000toInf_2018
DEBUG 2023-11-14 20:32:28.702 UTC: 	 Encoded data for curl request: subresource=backendurls
DEBUG 2023-11-14 20:32:28.775 UTC: 	 Loading required information from the environment
DEBUG 2023-11-14 20:32:28.775 UTC: 	 Found CMSSW_12_6_0 for slc7_amd64_gcc10 with base /afs/cern.ch/user/l/lfavilla/CMSSW_12_6_0
DEBUG 2023-11-14 20:32:28.775 UTC: 	 Loading required information from the environment
DEBUG 2023-11-14 20:32:28.775 UTC: 	 Found CMSSW_12_6_0 for slc7_amd64_gcc10 with base /afs/cern.ch/user/l/lfavilla/CMSSW_12_6_0
DEBUG 2023-11-14 20:32:28.775 UTC: 	 UNIQUE NAME: tarUUID 47621828-1d1b-44b2-9221-1f5f35122e93 
DEBUG 2023-11-14 20:32:28.776 UTC: 	 self.config: from WMCore.Configuration import Configuration
config = Configuration()
config.section_('General')
config.General.requestName = 'QCD_HT2000toInf_2018'
config.General.transferLogs = True
config.section_('JobType')
config.JobType.scriptExe = 'crab_script.sh'
config.JobType.inputFiles = ['crab_script.py', '../scripts/haddnano.py', '../scripts/keep_and_drop.txt']
config.JobType.maxJobRuntimeMin = 2700
config.JobType.pluginName = 'Analysis'
config.JobType.psetName = 'PSet.py'
config.section_('Data')
config.Data.publication = False
config.Data.allowNonValidInputDataset = True
config.Data.splitting = 'FileBased'
config.Data.inputDBS = 'global'
config.Data.outputDatasetTag = 'QCD_HT2000toInf_2018'
config.Data.unitsPerJob = 1
config.Data.outLFNDirBase = '/store/user/lfavilla/DM_v0'
config.Data.inputDataset = '/QCD_HT2000toInf_TuneCP5_PSWeights_13TeV-madgraph-pythia8/RunIISummer20UL18NanoAODv9-20UL18JMENano_106X_upgrade2018_realistic_v16_L1v1-v1/NANOAODSIM'
config.section_('Site')
config.Site.storageSite = 'T2_IT_Pisa'

DEBUG 2023-11-14 20:32:28.776 UTC: 	 self.config.JobType.psetName: PSet.py
INFO 2023-11-14 20:32:28.776 UTC: 	 Importing CMSSW configuration PSet.py
INFO 2023-11-14 20:32:28.883 UTC: 	 Finished importing CMSSW configuration PSet.py
DEBUG 2023-11-14 20:32:28.883 UTC: 	 Writing CMSSW configuration to /afs/cern.ch/user/l/lfavilla/CMSSW_12_6_0/src/PhysicsTools/NanoAODTools/crab/crab_QCD_HT2000toInf_2018/inputs/PSet.py
DEBUG 2023-11-14 20:32:28.891 UTC: 	 The following EDM output files will be collected: ['tree_hadd.root']
DEBUG 2023-11-14 20:32:28.891 UTC: 	 The following TFile output files will be collected: []
DEBUG 2023-11-14 20:32:28.891 UTC: 	 The following user output files (not listed as PoolOuputModule or TFileService in the CMSSW PSet) will be collected: 
DEBUG 2023-11-14 20:32:28.891 UTC: 	 Loading required information from the environment
DEBUG 2023-11-14 20:32:28.891 UTC: 	 Found CMSSW_12_6_0 for slc7_amd64_gcc10 with base /afs/cern.ch/user/l/lfavilla/CMSSW_12_6_0
DEBUG 2023-11-14 20:32:28.891 UTC: 	 Making tarball in /afs/cern.ch/user/l/lfavilla/CMSSW_12_6_0/src/PhysicsTools/NanoAODTools/crab/crab_QCD_HT2000toInf_2018/inputs/47621828-1d1b-44b2-9221-1f5f35122e93default.tgz
DEBUG 2023-11-14 20:32:28.892 UTC: 	 Checking directory /afs/cern.ch/user/l/lfavilla/CMSSW_12_6_0/bin
DEBUG 2023-11-14 20:32:28.892 UTC: 	 Adding directory /afs/cern.ch/user/l/lfavilla/CMSSW_12_6_0/bin to tarball
DEBUG 2023-11-14 20:32:28.895 UTC: 	 Checking directory /afs/cern.ch/user/l/lfavilla/CMSSW_12_6_0/python
DEBUG 2023-11-14 20:32:28.895 UTC: 	 Adding directory /afs/cern.ch/user/l/lfavilla/CMSSW_12_6_0/python to tarball
DEBUG 2023-11-14 20:32:28.901 UTC: 	 Checking directory /afs/cern.ch/user/l/lfavilla/CMSSW_12_6_0/cfipython
DEBUG 2023-11-14 20:32:28.901 UTC: 	 Adding directory /afs/cern.ch/user/l/lfavilla/CMSSW_12_6_0/cfipython to tarball
DEBUG 2023-11-14 20:32:28.904 UTC: 	 Checking directory /afs/cern.ch/user/l/lfavilla/CMSSW_12_6_0/lib
DEBUG 2023-11-14 20:32:28.904 UTC: 	 Adding directory /afs/cern.ch/user/l/lfavilla/CMSSW_12_6_0/lib to tarball
DEBUG 2023-11-14 20:32:28.908 UTC: 	 Checking directory /afs/cern.ch/user/l/lfavilla/CMSSW_12_6_0/biglib
DEBUG 2023-11-14 20:32:28.908 UTC: 	 Adding directory /afs/cern.ch/user/l/lfavilla/CMSSW_12_6_0/biglib to tarball
DEBUG 2023-11-14 20:32:28.909 UTC: 	 Checking directory /afs/cern.ch/user/l/lfavilla/CMSSW_12_6_0/module
DEBUG 2023-11-14 20:32:28.910 UTC: 	 Checking directory /afs/cern.ch/user/l/lfavilla/CMSSW_12_6_0/config/SCRAM/hooks
DEBUG 2023-11-14 20:32:28.910 UTC: 	 Adding directory /afs/cern.ch/user/l/lfavilla/CMSSW_12_6_0/config/SCRAM/hooks to tarball
DEBUG 2023-11-14 20:32:29.188 UTC: 	 Adding directory /afs/cern.ch/user/l/lfavilla/CMSSW_12_6_0/src/PhysicsTools/NanoAODTools/data to tarball
DEBUG 2023-11-14 20:32:38.631 UTC: 	 Adding directory /afs/cern.ch/user/l/lfavilla/CMSSW_12_6_0/src/PhysicsTools/NanoAODTools/interface to tarball
DEBUG 2023-11-14 20:32:38.634 UTC: 	 Adding directory /afs/cern.ch/user/l/lfavilla/CMSSW_12_6_0/src/PhysicsTools/NanoAODTools/python to tarball
DEBUG 2023-11-14 20:32:47.661 UTC: 	 Adding directory /afs/cern.ch/user/l/lfavilla/CMSSW_12_6_0/src/PhysicsTools/NanoAODTools/python/postprocessing/data to tarball
DEBUG 2023-11-14 20:32:49.881 UTC: 	 Adding file crab_script.py to tarball
DEBUG 2023-11-14 20:32:49.882 UTC: 	 Adding file ../scripts/haddnano.py to tarball
DEBUG 2023-11-14 20:32:49.882 UTC: 	 Adding file ../scripts/keep_and_drop.txt to tarball
DEBUG 2023-11-14 20:32:53.391 UTC: 	 Uploading archive /afs/cern.ch/user/l/lfavilla/CMSSW_12_6_0/src/PhysicsTools/NanoAODTools/crab/crab_QCD_HT2000toInf_2018/inputs/47621828-1d1b-44b2-9221-1f5f35122e93default.tgz (89 MB) to the CRAB cache. Using URI https://cmsweb.cern.ch/S3/crabcache_prod
DEBUG 2023-11-14 20:33:11.029 UTC: 	 Encoded data for curl request: subresource=upload&objecttype=sandbox&tarballname=181e458863dd54a7f028b3deddbd0323d38c76a6d16cf374d64c28dee01c9d03.tar.gz
DEBUG 2023-11-14 20:33:11.072 UTC: 	 Will execute:
curl -f -v -X POST  -H "User-Agent: CRAB" -F "key=lfavilla/sandboxes/181e458863dd54a7f028b3deddbd0323d38c76a6d16cf374d64c28dee01c9d03.tar.gz" -F "AWSAccessKeyId=ab00fcc889f248c495d2875f15a3badb" -F "policy=eyJleHBpcmF0aW9uIjogIjIwMjMtMTEtMTRUMjE6MzM6MTFaIiwgImNvbmRpdGlvbnMiOiBbeyJidWNrZXQiOiAiY3JhYmNhY2hlX3Byb2QifSwgeyJrZXkiOiAibGZhdmlsbGEvc2FuZGJveGVzLzE4MWU0NTg4NjNkZDU0YTdmMDI4YjNkZWRkYmQwMzIzZDM4Yzc2YTZkMTZjZjM3NGQ2NGMyOGRlZTAxYzlkMDMudGFyLmd6In1dfQ==" -F "signature=/c+s5Us4jqBm6pw2zgxwkCA+voU=" -F "file=@/afs/cern.ch/user/l/lfavilla/CMSSW_12_6_0/src/PhysicsTools/NanoAODTools/crab/crab_QCD_HT2000toInf_2018/inputs/47621828-1d1b-44b2-9221-1f5f35122e93default.tgz" "https://s3.cern.ch/crabcache_prod"
DEBUG 2023-11-14 20:33:12.778 UTC: 	 exitcode: 0
stdout: b''
DEBUG 2023-11-14 20:33:12.778 UTC: 	 sandbox /afs/cern.ch/user/l/lfavilla/CMSSW_12_6_0/src/PhysicsTools/NanoAODTools/crab/crab_QCD_HT2000toInf_2018/inputs/47621828-1d1b-44b2-9221-1f5f35122e93default.tgz successully uploaded to S3
DEBUG 2023-11-14 20:33:12.778 UTC: 	 Loading required information from the environment
DEBUG 2023-11-14 20:33:12.778 UTC: 	 Found CMSSW_12_6_0 for slc7_amd64_gcc10 with base /afs/cern.ch/user/l/lfavilla/CMSSW_12_6_0
DEBUG 2023-11-14 20:33:12.778 UTC: 	 Making tarball in /afs/cern.ch/user/l/lfavilla/CMSSW_12_6_0/src/PhysicsTools/NanoAODTools/crab/crab_QCD_HT2000toInf_2018/inputs/debugFiles.tgz
DEBUG 2023-11-14 20:33:12.783 UTC: 	 Uploading archive /afs/cern.ch/user/l/lfavilla/CMSSW_12_6_0/src/PhysicsTools/NanoAODTools/crab/crab_QCD_HT2000toInf_2018/inputs/debugFiles.tgz (1 KB) to the CRAB cache. Using URI https://cmsweb.cern.ch/S3/crabcache_prod
DEBUG 2023-11-14 20:33:12.784 UTC: 	 Encoded data for curl request: subresource=upload&objecttype=sandbox&tarballname=f2d3e252a0e4f004b24b68e880b945391a414f8db96dd047160400c550739e97.tar.gz
DEBUG 2023-11-14 20:33:12.826 UTC: 	 Will execute:
curl -f -v -X POST  -H "User-Agent: CRAB" -F "key=lfavilla/sandboxes/f2d3e252a0e4f004b24b68e880b945391a414f8db96dd047160400c550739e97.tar.gz" -F "AWSAccessKeyId=ab00fcc889f248c495d2875f15a3badb" -F "policy=eyJleHBpcmF0aW9uIjogIjIwMjMtMTEtMTRUMjE6MzM6MTJaIiwgImNvbmRpdGlvbnMiOiBbeyJidWNrZXQiOiAiY3JhYmNhY2hlX3Byb2QifSwgeyJrZXkiOiAibGZhdmlsbGEvc2FuZGJveGVzL2YyZDNlMjUyYTBlNGYwMDRiMjRiNjhlODgwYjk0NTM5MWE0MTRmOGRiOTZkZDA0NzE2MDQwMGM1NTA3MzllOTcudGFyLmd6In1dfQ==" -F "signature=Sm0b4CThS+ROgpJFJBWoR40zRLQ=" -F "file=@/afs/cern.ch/user/l/lfavilla/CMSSW_12_6_0/src/PhysicsTools/NanoAODTools/crab/crab_QCD_HT2000toInf_2018/inputs/debugFiles.tgz" "https://s3.cern.ch/crabcache_prod"
DEBUG 2023-11-14 20:33:12.853 UTC: 	 exitcode: 0
stdout: b''
DEBUG 2023-11-14 20:33:12.853 UTC: 	 sandbox /afs/cern.ch/user/l/lfavilla/CMSSW_12_6_0/src/PhysicsTools/NanoAODTools/crab/crab_QCD_HT2000toInf_2018/inputs/debugFiles.tgz successully uploaded to S3
DEBUG 2023-11-14 20:33:12.853 UTC: 	 Result uploading input files: 181e458863dd54a7f028b3deddbd0323d38c76a6d16cf374d64c28dee01c9d03.tar.gz 
INFO 2023-11-14 20:33:12.854 UTC: 	 Sending the request to the server at cmsweb.cern.ch
DEBUG 2023-11-14 20:33:12.855 UTC: 	 Submitting {'dryrun': 0, 'workflow': 'crab_QCD_HT2000toInf_2018', 'saveoutput': 1, 'savelogsflag': 1, 'inputdata': '/QCD_HT2000toInf_TuneCP5_PSWeights_13TeV-madgraph-pythia8/RunIISummer20UL18NanoAODv9-20UL18JMENano_106X_upgrade2018_realistic_v16_L1v1-v1/NANOAODSIM', 'primarydataset': '', 'nonvaliddata': 1, 'userfiles': [], 'dbsurl': 'https://cmsweb.cern.ch/dbs/prod/global/DBSReader', 'useparent': 0, 'ignorelocality': 0, 'splitalgo': 'FileBased', 'algoargs': 1, 'totalunits': 0, 'lfn': '/store/user/lfavilla/DM_v0', 'publication': 0, 'publishdbsurl': 'https://cmsweb.cern.ch/dbs/prod/phys03/DBSWriter', 'publishname2': 'QCD_HT2000toInf_2018', 'jobtype': 'Analysis', 'generator': 'pythia', 'addoutputfiles': [], 'maxjobruntime': 2700, 'numcores': 1, 'maxmemory': 2000, 'priority': 10, 'nonprodsw': 0, 'scriptexe': 'crab_script.sh', 'asyncdest': 'T2_IT_Pisa', 'requireaccelerator': 0, 'oneEventMode': 0, 'extrajdl': [], 'ignoreglobalblacklist': 0, 'partialdataset': 0, 'inputblocks': [], 'tfileoutfiles': [], 'edmoutfiles': ['tree_hadd.root'], 'jobarch': 'slc7_amd64_gcc10', 'jobsw': 'CMSSW_12_6_0', 'cacheurl': 'https://cmsweb.cern.ch/S3/crabcache_prod', 'cachefilename': '181e458863dd54a7f028b3deddbd0323d38c76a6d16cf374d64c28dee01c9d03.tar.gz', 'debugfilename': 'f2d3e252a0e4f004b24b68e880b945391a414f8db96dd047160400c550739e97.tar.gz'} 
DEBUG 2023-11-14 20:33:12.855 UTC: 	 Encoded data for curl request: dryrun=0&workflow=crab_QCD_HT2000toInf_2018&saveoutput=1&savelogsflag=1&inputdata=%2FQCD_HT2000toInf_TuneCP5_PSWeights_13TeV-madgraph-pythia8%2FRunIISummer20UL18NanoAODv9-20UL18JMENano_106X_upgrade2018_realistic_v16_L1v1-v1%2FNANOAODSIM&primarydataset=&nonvaliddata=1&dbsurl=https%3A%2F%2Fcmsweb.cern.ch%2Fdbs%2Fprod%2Fglobal%2FDBSReader&useparent=0&ignorelocality=0&splitalgo=FileBased&algoargs=1&totalunits=0&lfn=%2Fstore%2Fuser%2Flfavilla%2FDM_v0&publication=0&publishdbsurl=https%3A%2F%2Fcmsweb.cern.ch%2Fdbs%2Fprod%2Fphys03%2FDBSWriter&publishname2=QCD_HT2000toInf_2018&jobtype=Analysis&generator=pythia&maxjobruntime=2700&numcores=1&maxmemory=2000&priority=10&nonprodsw=0&scriptexe=crab_script.sh&asyncdest=T2_IT_Pisa&requireaccelerator=0&oneEventMode=0&ignoreglobalblacklist=0&partialdataset=0&jobarch=slc7_amd64_gcc10&jobsw=CMSSW_12_6_0&cacheurl=https%3A%2F%2Fcmsweb.cern.ch%2FS3%2Fcrabcache_prod&cachefilename=181e458863dd54a7f028b3deddbd0323d38c76a6d16cf374d64c28dee01c9d03.tar.gz&debugfilename=f2d3e252a0e4f004b24b68e880b945391a414f8db96dd047160400c550739e97.tar.gz&edmoutfiles=tree_hadd.root
DEBUG 2023-11-14 20:33:13.128 UTC: 	 Result: {'result': [{'RequestName': '231114_203312:lfavilla_crab_QCD_HT2000toInf_2018'}]}
INFO 2023-11-14 20:33:13.131 UTC: 	 Success: Your task has been delivered to the prod CRAB3 server.
INFO 2023-11-14 20:33:13.131 UTC: 	 Task name: 231114_203312:lfavilla_crab_QCD_HT2000toInf_2018
INFO 2023-11-14 20:33:13.131 UTC: 	 Project dir: ./crab_QCD_HT2000toInf_2018
INFO 2023-11-14 20:33:13.131 UTC: 	 Please use ' crab status -d ./crab_QCD_HT2000toInf_2018 ' to check how the submission process proceeds.
DEBUG 2023-11-14 20:33:13.131 UTC: 	 About to return
INFO 2023-11-14 20:33:13.133 UTC: 	 Log file is /afs/cern.ch/user/l/lfavilla/CMSSW_12_6_0/src/PhysicsTools/NanoAODTools/crab/crab_QCD_HT2000toInf_2018/crab.log
DEBUG 2023-11-15 10:21:52.996 UTC: 	 CRAB Client version: v3.231010
DEBUG 2023-11-15 10:21:52.997 UTC: 	 Running on: Linux lxplus799.cern.ch 3.10.0-1160.99.1.el7.x86_64 #1 SMP Wed Sep 13 14:19:20 UTC 2023 x86_64 x86_64 x86_64 GNU/Linux - CentOS Linux 7 (Core)
DEBUG 2023-11-15 10:21:52.997 UTC: 	 Executing command: 'status'
DEBUG 2023-11-15 10:21:52.997 UTC: 	 Found CRAB cache file /afs/cern.ch/user/l/lfavilla/.crab3
DEBUG 2023-11-15 10:21:53.101 UTC: 	 Checking credentials
DEBUG 2023-11-15 10:21:53.101 UTC: 	 Found proxy file /tmp/x509up_u159320
DEBUG 2023-11-15 10:21:53.101 UTC: 	 Making sure it has proper VOMS extension
DEBUG 2023-11-15 10:21:53.101 UTC: 	 Executing command :
 voms-proxy-info --vo --file /tmp/x509up_u159320
DEBUG 2023-11-15 10:21:53.906 UTC: 	 output : cms

 error: 
 retcode : 0
DEBUG 2023-11-15 10:21:53.906 UTC: 	 Getting proxy life time left
DEBUG 2023-11-15 10:21:53.906 UTC: 	 Executing command :
 voms-proxy-info --actimeleft --timeleft --file /tmp/x509up_u159320
DEBUG 2023-11-15 10:21:54.675 UTC: 	 output : 33085
33085

 error: 
 retcode : 0
DEBUG 2023-11-15 10:21:54.675 UTC: 	 Proxy valid for 09:11:25 hours
DEBUG 2023-11-15 10:21:54.715 UTC: 	 Encoded data for curl request: subresource=delegatedn
DEBUG 2023-11-15 10:21:54.797 UTC: 	 Registering user credentials on myproxy for /DC=ch/DC=cern/OU=computers/CN=crab-(preprod|prod|dev)-tw(01|02|03).cern.ch|/DC=ch/DC=cern/OU=computers/CN=stefanov(m|m2).cern.ch|/DC=ch/DC=cern/OU=computers/CN=dciangot-tw.cern.ch
DEBUG 2023-11-15 10:21:54.798 UTC: 	 Executing command :
 voms-proxy-info --identity --file /tmp/x509up_u159320
DEBUG 2023-11-15 10:21:55.651 UTC: 	 output : /DC=ch/DC=cern/OU=Organic Units/OU=Users/CN=lfavilla/CN=867090/CN=Leonardo Favilla

 error: 
 retcode : 0
DEBUG 2023-11-15 10:21:55.651 UTC: 	 Getting myproxy life time left for 70284ad9de3a40585c76dbf527363be004fcbd17
DEBUG 2023-11-15 10:21:55.651 UTC: 	 Executing command :
 myproxy-info -s myproxy.cern.ch -l 70284ad9de3a40585c76dbf527363be004fcbd17
DEBUG 2023-11-15 10:21:55.926 UTC: 	 output : username: 70284ad9de3a40585c76dbf527363be004fcbd17
owner: /DC=ch/DC=cern/OU=Organic Units/OU=Users/CN=lfavilla/CN=867090/CN=Leonardo Favilla
  renewal policy: /DC=ch/DC=cern/OU=computers/CN=crab-(preprod|prod|dev)-tw(01|02|03).cern.ch|/DC=ch/DC=cern/OU=computers/CN=stefanov(m|m2).cern.ch|/DC=ch/DC=cern/OU=computers/CN=dciangot-tw.cern.ch
  trusted retrieval policy: /DC=ch/DC=cern/OU=computers/CN=crab-(preprod|prod|dev)-tw(01|02|03).cern.ch|/DC=ch/DC=cern/OU=computers/CN=stefanov(m|m2).cern.ch|/DC=ch/DC=cern/OU=computers/CN=dciangot-tw.cern.ch
  timeleft: 384:22:25  (16.0 days)

 error: 
 retcode : 0
DEBUG 2023-11-15 10:21:55.926 UTC: 	 Myproxy is valid: 1383720
DEBUG 2023-11-15 10:21:55.926 UTC: 	 Result of myproxy credential check:
  Credential exists on myproxy: username: 70284ad9de3a40585c76dbf527363be004fcbd17  - validity: 16 days, 0:22:00
DEBUG 2023-11-15 10:21:55.928 UTC: 	 Command use: status
DEBUG 2023-11-15 10:21:55.928 UTC: 	 Options use: ['-d', 'crab_QCD_HT2000toInf_2018']
DEBUG 2023-11-15 10:21:55.928 UTC: 	 Encoded data for curl request: subresource=version
DEBUG 2023-11-15 10:21:56.028 UTC: 	 CRABClient version: v3.231010
DEBUG 2023-11-15 10:21:56.029 UTC: 	 Instance is prod
DEBUG 2023-11-15 10:21:56.029 UTC: 	 Server base url is cmsweb.cern.ch
DEBUG 2023-11-15 10:21:56.029 UTC: 	 Command api workflow
DEBUG 2023-11-15 10:21:56.030 UTC: 	 Encoded data for curl request: subresource=search&workflow=231114_203312%3Alfavilla_crab_QCD_HT2000toInf_2018
DEBUG 2023-11-15 10:21:56.116 UTC: 	 Got information from server oracle database: {'desc': {'columns': ['tm_taskname', 'tm_activity', 'panda_jobset_id', 'tm_task_status', 'tm_task_command', 'tm_start_time', 'tm_start_injection', 'tm_end_injection', 'tm_task_failure', 'tm_job_sw', 'tm_job_arch', 'tm_input_dataset', 'tm_nonvalid_input_dataset', 'tm_use_parent', 'tm_site_whitelist', 'tm_site_blacklist', 'tm_split_algo', 'tm_split_args', 'tm_user_sandbox', 'tm_cache_url', 'tm_username', 'tm_user_dn', 'tm_user_vo', 'tm_user_role', 'tm_user_group', 'tm_publish_name', 'tm_publish_groupname', 'tm_asyncdest', 'tm_dbs_url', 'tm_publish_dbs_url', 'tm_publication', 'tm_outfiles', 'tm_tfile_outfiles', 'tm_edm_outfiles', 'tm_job_type', 'tm_generator', 'tm_events_per_lumi', 'tm_arguments', 'panda_resubmitted_jobs', 'tm_save_logs', 'tw_name', 'tm_user_infiles', 'tm_maxjobruntime', 'tm_numcores', 'tm_maxmemory', 'tm_priority', 'tm_output_dataset', 'tm_task_warnings', 'tm_user_webdir', 'tm_scriptexe', 'tm_scriptargs', 'tm_extrajdl', 'tm_asourl', 'tm_collector', 'tm_schedd', 'tm_dry_run', 'tm_user_files', 'tm_transfer_outputs', 'tm_output_lfn', 'tm_ignore_locality', 'tm_fail_limit', 'tm_one_event_mode', 'tm_secondary_input_dataset', 'tm_primary_dataset', 'tm_last_publication', 'tm_debug_files', 'clusterid', 'tm_asodb', 'tm_ignore_global_blacklist', 'tm_submitter_ip_addr', 'tm_totalunits', 'tm_ddm_reqid', 'tm_user_config', 'tm_transfer_container', 'tm_transfer_rule', 'tm_publish_rule']}, 'result': ['231114_203312:lfavilla_crab_QCD_HT2000toInf_2018', 'None', 'None', 'SUBMITTED', 'SUBMIT', '2023-11-14 20:33:13.119292', 'None', '2023-11-14 20:34:28.970030', 'None', 'CMSSW_12_6_0', 'slc7_amd64_gcc10', '/QCD_HT2000toInf_TuneCP5_PSWeights_13TeV-madgraph-pythia8/RunIISummer20UL18NanoAODv9-20UL18JMENano_106X_upgrade2018_realistic_v16_L1v1-v1/NANOAODSIM', 'T', '0', '[]', '[]', 'FileBased', "{'halt_job_on_file_boundaries': False, 'splitOnRun': False, 'files_per_job': 1, 'runs': [], 'lumis': []}", '181e458863dd54a7f028b3deddbd0323d38c76a6d16cf374d64c28dee01c9d03.tar.gz', 'https://cmsweb.cern.ch/S3/crabcache_prod', 'lfavilla', '/DC=ch/DC=cern/OU=Organic Units/OU=Users/CN=lfavilla/CN=867090/CN=Leonardo Favilla', 'cms', 'None', 'None', 'QCD_HT2000toInf_2018-00000000000000000000000000000000', 'F', 'T2_IT_Pisa', 'https://cmsweb.cern.ch/dbs/prod/global/DBSReader', 'https://cmsweb.cern.ch/dbs/prod/phys03/DBSWriter', 'F', '[]', '[]', "['tree_hadd.root']", 'Analysis', 'pythia', 'None', '{}', 'None', 'T', 'crab-prod-tw01', '[]', '2700', '1', '2000', '10', "['/QCD_HT2000toInf_TuneCP5_PSWeights_13TeV-madgraph-pythia8/lfavilla-QCD_HT2000toInf_2018-00000000000000000000000000000000/USER']", '[]', 'http://vocms0194.cern.ch/mon/lfavilla/231114_203312:lfavilla_crab_QCD_HT2000toInf_2018', 'crab_script.sh', '[]', '[]', 'None', 'cmsgwms-collector-global.cern.ch:9620,cmsgwms-collector-global.fnal.gov:9620', 'crab3@vocms0194.cern.ch', 'F', '[]', 'T', '/store/user/lfavilla/DM_v0', 'F', 'None', 'F', 'None', 'QCD_HT2000toInf_TuneCP5_PSWeights_13TeV-madgraph-pythia8', 'None', 'f2d3e252a0e4f004b24b68e880b945391a414f8db96dd047160400c550739e97.tar.gz', '97160719', 'None', 'F', '188.185.89.202', '0.0', 'None', '{"partialdataset": false, "requireaccelerator": false, "acceleratorparams": null, "inputblocks": null}', 'None', 'None', 'None']}
INFO 2023-11-15 10:21:56.116 UTC: 	 CRAB project directory:		/afs/cern.ch/user/l/lfavilla/CMSSW_12_6_0/src/PhysicsTools/NanoAODTools/crab/crab_QCD_HT2000toInf_2018
INFO 2023-11-15 10:21:56.117 UTC: 	 Task name:			231114_203312:lfavilla_crab_QCD_HT2000toInf_2018
INFO 2023-11-15 10:21:56.117 UTC: 	 Grid scheduler - Task Worker:	crab3@vocms0194.cern.ch - crab-prod-tw01
INFO 2023-11-15 10:21:56.117 UTC: 	 Status on the CRAB server:	SUBMITTED
INFO 2023-11-15 10:21:56.117 UTC: 	 Task URL to use for HELP:	https://cmsweb.cern.ch/crabserver/ui/task/231114_203312%3Alfavilla_crab_QCD_HT2000toInf_2018
INFO 2023-11-15 10:21:56.129 UTC: 	 Dashboard monitoring URL:	https://monit-grafana.cern.ch/d/cmsTMDetail/cms-task-monitoring-task-view?orgId=11&var-user=lfavilla&var-task=231114_203312%3Alfavilla_crab_QCD_HT2000toInf_2018&from=1699990393000&to=now
DEBUG 2023-11-15 10:21:56.129 UTC: 	 The CRAB server submitted your task to the Grid scheduler (cluster ID: 97160719)
DEBUG 2023-11-15 10:21:56.129 UTC: 	 Webdir is located at http://vocms0194.cern.ch/mon/lfavilla/231114_203312:lfavilla_crab_QCD_HT2000toInf_2018
DEBUG 2023-11-15 10:21:56.129 UTC: 	 Encoded data for curl request: subresource=webdirprx&workflow=231114_203312%3Alfavilla_crab_QCD_HT2000toInf_2018
DEBUG 2023-11-15 10:21:56.225 UTC: 	 Proxied webdir is located at https://cmsweb.cern.ch:8443/scheddmon/0194/lfavilla/231114_203312:lfavilla_crab_QCD_HT2000toInf_2018
DEBUG 2023-11-15 10:21:56.248 UTC: 	 Retrieving 'status_cache' file from https://cmsweb.cern.ch:8443/scheddmon/0194/lfavilla/231114_203312:lfavilla_crab_QCD_HT2000toInf_2018/status_cache.pkl
DEBUG 2023-11-15 10:21:56.248 UTC: 	 Will execute:
curl -sS --capath /etc/grid-security/certificates --cert /tmp/x509up_u159320 --key /tmp/x509up_u159320 -o /tmp/crab_status-cache-f0235l_g.pkl -w %"{http_code}" "https://cmsweb.cern.ch:8443/scheddmon/0194/lfavilla/231114_203312:lfavilla_crab_QCD_HT2000toInf_2018/status_cache.pkl"
DEBUG 2023-11-15 10:21:56.248 UTC: 	 Executing command :
 curl -sS --capath /etc/grid-security/certificates --cert /tmp/x509up_u159320 --key /tmp/x509up_u159320 -o /tmp/crab_status-cache-f0235l_g.pkl -w %"{http_code}" "https://cmsweb.cern.ch:8443/scheddmon/0194/lfavilla/231114_203312:lfavilla_crab_QCD_HT2000toInf_2018/status_cache.pkl"
DEBUG 2023-11-15 10:21:56.302 UTC: 	 output : 200
 error: 
 retcode : 0
DEBUG 2023-11-15 10:21:56.303 UTC: 	 exitcode: 0
stdout: 200
stderr: 
error details: 
DEBUG 2023-11-15 10:21:56.306 UTC: 	 Got information from status cache file: {'1': {'Retries': 2, 'Restarts': 0, 'SiteHistory': ['Unknown', 'T2_UA_KIPT', 'T2_UA_KIPT', 'Unknown', 'T2_US_Nebraska', 'T2_US_Nebraska', 'T2_US_Nebraska', 'T2_US_Nebraska'], 'ResidentSetSize': [849036, 1086676, 925772], 'SubmitTimes': [1699994076.0, 1700005837.0, 1700018396.0], 'StartTimes': [1699994271.0, 1700005954.0, 1700018443.0], 'EndTimes': [1700003972.0, 1700014664.0, 1700031668.0], 'TotalUserCpuTimeHistory': [9899, 8485, 12679], 'TotalSysCpuTimeHistory': [443, 672, 432], 'WallDurations': [9.0, 165.76079297065735, 9701.0, 9.0, 196.17339730262756, 8710.0, 9.0, 13225.0], 'JobIds': ['97160722.0', '97162035.0', '97166081.0'], 'State': 'finished', 'RecordedSite': True}, '2': {'Retries': 2, 'Restarts': 0, 'SiteHistory': ['Unknown', 'T2_EE_Estonia', 'T2_EE_Estonia', 'T2_DE_DESY', 'T2_DE_DESY', 'T2_US_Nebraska', 'T2_US_Nebraska'], 'ResidentSetSize': [1172160, 157292, 1132504], 'SubmitTimes': [1699994076.0, 1700020735.0, 1700021112.0], 'StartTimes': [1699994323.0, 1700020874.0, 1700021191.0], 'EndTimes': [1700015261.0, 1700020985.0], 'TotalUserCpuTimeHistory': [20972, 20, 21428.0], 'TotalSysCpuTimeHistory': [1286, 1, 652.0], 'WallDurations': [9.0, 113.76079297065735, 20938.0, 9.0, 111.0, 9.0, 22256.0], 'JobIds': ['97160723.0', '97166728.0', '97166838.0'], 'State': 'running', 'RecordedSite': True}, '4': {'Retries': 2, 'Restarts': 0, 'SiteHistory': ['Unknown', 'T2_EE_Estonia', 'T2_EE_Estonia', 'Unknown', 'T2_DE_DESY', 'T2_DE_DESY', 'T2_US_Nebraska', 'T2_US_Nebraska'], 'ResidentSetSize': [1171292, 525036, 1133708], 'SubmitTimes': [1699994077.0, 1700021804.0, 1700022076.0], 'StartTimes': [1699994303.0, 1700021879.0, 1700022262.0], 'EndTimes': [1700018129.0, 1700021949.0], 'TotalUserCpuTimeHistory': [23828, 10, 20698.0], 'TotalSysCpuTimeHistory': [1454, 0, 976.0], 'WallDurations': [9.0, 133.76079297065735, 23826.0, 70.0, 0, 9.0, 160.56232357025146, 21042.0], 'JobIds': ['97160724.0', '97167054.0', '97167061.0'], 'State': 'running', 'RecordedSite': True}, '3': {'Retries': 2, 'Restarts': 0, 'SiteHistory': ['Unknown', 'T2_EE_Estonia', 'T2_EE_Estonia', 'Unknown', 'T2_DE_DESY', 'T2_DE_DESY', 'T2_US_Nebraska', 'T2_US_Nebraska'], 'ResidentSetSize': [1172192, 624796, 1158060], 'SubmitTimes': [1699994077.0, 1700019656.0, 1700020092.0], 'StartTimes': [1699994314.0, 1700019872.0, 1700020193.0], 'EndTimes': [1700017785.0, 1700019966.0], 'TotalUserCpuTimeHistory': [23496, 37, 22333.0], 'TotalSysCpuTimeHistory': [1436, 1, 1090.0], 'WallDurations': [9.0, 122.76079297065735, 23471.0, 94.0, 140.66081833839417, 140.66081833839417, 9.0, 22841.0], 'JobIds': ['97160725.0', '97166408.0', '97166516.0'], 'State': 'running', 'RecordedSite': True}, '6': {'Retries': 1, 'Restarts': 0, 'SiteHistory': ['Unknown', 'T2_BE_UCL', 'T2_BE_UCL', 'T2_US_Florida', 'T2_US_Florida'], 'ResidentSetSize': [1171464, 1126816], 'SubmitTimes': [1699994077.0, 1700016091.0], 'StartTimes': [1699994764.0, 1700016202.0], 'EndTimes': [1700012415.0, 1700035819.0], 'TotalUserCpuTimeHistory': [16965, 17362], 'TotalSysCpuTimeHistory': [499, 425], 'WallDurations': [8.0, 273.1899881362915, 17651.0, 9.0, 19617.0], 'JobIds': ['97160726.0', '97165249.0'], 'State': 'finished', 'RecordedSite': True}, '5': {'Retries': 1, 'Restarts': 0, 'SiteHistory': ['Unknown', 'T2_BE_UCL', 'T2_BE_UCL', 'Unknown', 'T2_BE_UCL', 'T2_BE_UCL'], 'ResidentSetSize': [1164472, 885288], 'SubmitTimes': [1699994077.0, 1700019672.0], 'StartTimes': [1699995014.0, 1700019877.0], 'EndTimes': [1700017803.0], 'TotalUserCpuTimeHistory': [20352, 22243.0], 'TotalSysCpuTimeHistory': [480, 294.0], 'WallDurations': [9.0, 23.189988136291504, 22789.0, 9.0, 135.66081833839417, 23450.0], 'JobIds': ['97160727.0', '97166409.0'], 'State': 'running', 'RecordedSite': True}, '7': {'Retries': 1, 'Restarts': 0, 'SiteHistory': ['Unknown', 'T2_BE_UCL', 'T2_BE_UCL', 'T2_US_Florida', 'T2_US_Florida'], 'ResidentSetSize': [1143704, 1133504], 'SubmitTimes': [1699994077.0, 1700018878.0], 'StartTimes': [1699994768.0, 1700018959.0], 'EndTimes': [1700015204.0, 1700037296.0], 'TotalUserCpuTimeHistory': [20009, 15949], 'TotalSysCpuTimeHistory': [386, 267], 'WallDurations': [9.0, 269.1899881362915, 20436.0, 9.0, 18337.0], 'JobIds': ['97160728.0', '97166191.0'], 'State': 'finished', 'RecordedSite': True}, '9': {'Retries': 1, 'Restarts': 0, 'SiteHistory': ['Unknown', 'T2_BE_UCL', 'T2_BE_UCL', 'T2_US_Florida', 'T2_US_Florida'], 'ResidentSetSize': [1147280, 1133072], 'SubmitTimes': [1699994077.0, 1700019108.0], 'StartTimes': [1699994762.0, 1700019215.0], 'EndTimes': [1700013629.0, 1700036392.0], 'TotalUserCpuTimeHistory': [18419, 14860], 'TotalSysCpuTimeHistory': [358, 249], 'WallDurations': [9.0, 275.1899881362915, 18867.0, 8.0, 17177.0], 'JobIds': ['97160729.0', '97166297.0'], 'State': 'finished', 'RecordedSite': True}, '8': {'Retries': 1, 'Restarts': 0, 'SiteHistory': ['Unknown', 'T2_BE_UCL', 'T2_BE_UCL', 'T2_BE_UCL', 'T2_BE_UCL'], 'ResidentSetSize': [1151168, 1165984], 'SubmitTimes': [1699994077.0, 1700021061.0], 'StartTimes': [1699994763.0, 1700021124.0], 'EndTimes': [1700015581.0, 1700042955.0], 'TotalUserCpuTimeHistory': [20370, 21194], 'TotalSysCpuTimeHistory': [396, 353], 'WallDurations': [10.0, 274.1899881362915, 20818.0, 9.0, 21831.0], 'JobIds': ['97160730.0', '97166836.0'], 'State': 'transferring', 'RecordedSite': True}, '10': {'Retries': 1, 'Restarts': 0, 'SiteHistory': ['Unknown', 'T2_BE_UCL', 'T2_BE_UCL', 'T2_BE_UCL', 'T2_BE_UCL'], 'ResidentSetSize': [1148956, 1150644], 'SubmitTimes': [1699994077.0, 1700022327.0], 'StartTimes': [1699994767.0, 1700022384.0], 'EndTimes': [1700015047.0], 'TotalUserCpuTimeHistory': [19868, 18214.0], 'TotalSysCpuTimeHistory': [383, 324.0], 'WallDurations': [9.0, 270.1899881362915, 20280.0, 9.0, 21042.0], 'JobIds': ['97160731.0', '97167167.0'], 'State': 'running', 'RecordedSite': True}, '13': {'Retries': 0, 'Restarts': 0, 'SiteHistory': ['Unknown', 'T2_BE_UCL', 'T2_BE_UCL'], 'ResidentSetSize': [1177664], 'SubmitTimes': [1699994077.0], 'StartTimes': [1699995010.0], 'EndTimes': [1700023581.0], 'TotalUserCpuTimeHistory': [27885], 'TotalSysCpuTimeHistory': [613], 'WallDurations': [9.0, 27.189988136291504, 28571.0], 'JobIds': ['97160732.0'], 'State': 'finished', 'RecordedSite': True}, '11': {'Retries': 0, 'Restarts': 0, 'SiteHistory': ['Unknown', 'T2_BE_UCL', 'T2_BE_UCL'], 'ResidentSetSize': [1181196], 'SubmitTimes': [1699994077.0], 'StartTimes': [1699995016.0], 'EndTimes': [1700028561.0], 'TotalUserCpuTimeHistory': [33253], 'TotalSysCpuTimeHistory': [650], 'WallDurations': [9.0, 21.189988136291504, 33545.0], 'JobIds': ['97160733.0'], 'State': 'finished', 'RecordedSite': True}, '12': {'Retries': 1, 'Restarts': 0, 'SiteHistory': ['Unknown', 'T2_BE_UCL', 'T2_BE_UCL', 'T2_BE_UCL', 'T2_BE_UCL'], 'ResidentSetSize': [1141284, 1245724], 'SubmitTimes': [1699994077.0, 1700020865.0], 'StartTimes': [1699995015.0, 1700020880.0], 'EndTimes': [1700013585.0], 'TotalUserCpuTimeHistory': [18033, 21203.0], 'TotalSysCpuTimeHistory': [379, 286.0], 'WallDurations': [9.0, 22.189988136291504, 18570.0, 9.0, 22553.0], 'JobIds': ['97160734.0', '97166733.0'], 'State': 'running', 'RecordedSite': True}, '15': {'Retries': 1, 'Restarts': 0, 'SiteHistory': ['Unknown', 'T2_BE_UCL', 'T2_BE_UCL', 'T2_US_Florida', 'T2_US_Florida'], 'ResidentSetSize': [1167156, 1161356], 'SubmitTimes': [1699994077.0, 1700015589.0], 'StartTimes': [1699995016.0, 1700015701.0], 'EndTimes': [1700011912.0, 1700026176.0], 'TotalUserCpuTimeHistory': [17180, 9377], 'TotalSysCpuTimeHistory': [481, 217], 'WallDurations': [9.0, 21.189988136291504, 16896.0, 8.0, 10475.0], 'JobIds': ['97160735.0', '97165112.0'], 'State': 'finished', 'RecordedSite': True}, '14': {'Retries': 0, 'Restarts': 0, 'SiteHistory': ['Unknown', 'T2_BE_UCL', 'T2_BE_UCL'], 'ResidentSetSize': [1154564], 'SubmitTimes': [1699994077.0], 'StartTimes': [1699995018.0], 'EndTimes': [1700032802.0], 'TotalUserCpuTimeHistory': [31798], 'TotalSysCpuTimeHistory': [621], 'WallDurations': [9.0, 19.189988136291504, 37784.0], 'JobIds': ['97160736.0'], 'State': 'finished', 'RecordedSite': True}}
INFO 2023-11-15 10:21:56.306 UTC: 	 Status on the scheduler:	SUBMITTED
INFO 2023-11-15 10:21:56.307 UTC: 	 
Jobs status:                    finished     		 53.3% ( 8/15)
INFO 2023-11-15 10:21:56.307 UTC: 	 				running      		 40.0% ( 6/15)
INFO 2023-11-15 10:21:56.307 UTC: 	 				transferring 		  6.7% ( 1/15)
INFO 2023-11-15 10:21:56.307 UTC: 	 
No publication information (publication has been disabled in the CRAB configuration file)
INFO 2023-11-15 10:21:56.308 UTC: 	 
Warning: the max jobs runtime is less than 30% of the task requested value (2700 min), please consider to request a lower value for failed jobs (allowed through crab resubmit) and/or improve the jobs splitting (e.g. config.Data.splitting = 'Automatic') in a new task.
INFO 2023-11-15 10:21:56.308 UTC: 	 
Summary of run jobs:
 * Memory: 904MB min, 1153MB max, 1102MB ave
 * Runtime: 2:54:35 min, 10:29:44 max, 6:11:24 ave
 * CPU eff: 86% min, 101% max, 94% ave
 * Waste: 31:52:43 (36% of total)

INFO 2023-11-15 10:21:56.330 UTC: 	 Log file is /afs/cern.ch/user/l/lfavilla/CMSSW_12_6_0/src/PhysicsTools/NanoAODTools/crab/crab_QCD_HT2000toInf_2018/crab.log
DEBUG 2023-11-15 14:57:28.319 UTC: 	 CRAB Client version: v3.231010
DEBUG 2023-11-15 14:57:28.320 UTC: 	 Running on: Linux lxplus743.cern.ch 3.10.0-1160.95.1.el7.x86_64 #1 SMP Mon Jul 24 13:59:37 UTC 2023 x86_64 x86_64 x86_64 GNU/Linux - CentOS Linux 7 (Core)
DEBUG 2023-11-15 14:57:28.320 UTC: 	 Executing command: 'getoutput'
DEBUG 2023-11-15 14:57:28.320 UTC: 	 Found CRAB cache file /afs/cern.ch/user/l/lfavilla/.crab3
DEBUG 2023-11-15 14:57:28.336 UTC: 	 Using VO group '' and VO role 'NULL' as written in the request cache file for this task.
DEBUG 2023-11-15 14:57:28.346 UTC: 	 Checking credentials
DEBUG 2023-11-15 14:57:28.346 UTC: 	 Found proxy file /tmp/x509up_u159320
DEBUG 2023-11-15 14:57:28.346 UTC: 	 Making sure it has proper VOMS extension
DEBUG 2023-11-15 14:57:28.346 UTC: 	 Executing command :
 voms-proxy-info --vo --file /tmp/x509up_u159320
DEBUG 2023-11-15 14:57:28.882 UTC: 	 output : cms

 error: 
 retcode : 0
DEBUG 2023-11-15 14:57:28.882 UTC: 	 Getting proxy life time left
DEBUG 2023-11-15 14:57:28.882 UTC: 	 Executing command :
 voms-proxy-info --actimeleft --timeleft --file /tmp/x509up_u159320
DEBUG 2023-11-15 14:57:29.362 UTC: 	 output : 28897
28897

 error: 
 retcode : 0
DEBUG 2023-11-15 14:57:29.362 UTC: 	 Proxy valid for 08:01:37 hours
DEBUG 2023-11-15 14:57:29.394 UTC: 	 Encoded data for curl request: subresource=delegatedn
DEBUG 2023-11-15 14:57:29.461 UTC: 	 Registering user credentials on myproxy for /DC=ch/DC=cern/OU=computers/CN=crab-(preprod|prod|dev)-tw(01|02|03).cern.ch|/DC=ch/DC=cern/OU=computers/CN=stefanov(m|m2).cern.ch|/DC=ch/DC=cern/OU=computers/CN=dciangot-tw.cern.ch
DEBUG 2023-11-15 14:57:29.461 UTC: 	 Executing command :
 voms-proxy-info --identity --file /tmp/x509up_u159320
DEBUG 2023-11-15 14:57:29.922 UTC: 	 output : /DC=ch/DC=cern/OU=Organic Units/OU=Users/CN=lfavilla/CN=867090/CN=Leonardo Favilla

 error: 
 retcode : 0
DEBUG 2023-11-15 14:57:29.922 UTC: 	 Getting myproxy life time left for 70284ad9de3a40585c76dbf527363be004fcbd17
DEBUG 2023-11-15 14:57:29.922 UTC: 	 Executing command :
 myproxy-info -s myproxy.cern.ch -l 70284ad9de3a40585c76dbf527363be004fcbd17
DEBUG 2023-11-15 14:57:30.128 UTC: 	 output : username: 70284ad9de3a40585c76dbf527363be004fcbd17
owner: /DC=ch/DC=cern/OU=Organic Units/OU=Users/CN=lfavilla/CN=867090/CN=Leonardo Favilla
  renewal policy: /DC=ch/DC=cern/OU=computers/CN=crab-(preprod|prod|dev)-tw(01|02|03).cern.ch|/DC=ch/DC=cern/OU=computers/CN=stefanov(m|m2).cern.ch|/DC=ch/DC=cern/OU=computers/CN=dciangot-tw.cern.ch
  trusted retrieval policy: /DC=ch/DC=cern/OU=computers/CN=crab-(preprod|prod|dev)-tw(01|02|03).cern.ch|/DC=ch/DC=cern/OU=computers/CN=stefanov(m|m2).cern.ch|/DC=ch/DC=cern/OU=computers/CN=dciangot-tw.cern.ch
  timeleft: 379:46:50  (15.8 days)

 error: 
 retcode : 0
DEBUG 2023-11-15 14:57:30.128 UTC: 	 Myproxy is valid: 1367160
DEBUG 2023-11-15 14:57:30.128 UTC: 	 Result of myproxy credential check:
  Credential exists on myproxy: username: 70284ad9de3a40585c76dbf527363be004fcbd17  - validity: 15 days, 19:46:00
DEBUG 2023-11-15 14:57:30.129 UTC: 	 Command use: getoutput
DEBUG 2023-11-15 14:57:30.129 UTC: 	 Options use: ['--xrootd', '-d', './crab_QCD_HT2000toInf_2018/']
DEBUG 2023-11-15 14:57:30.129 UTC: 	 Encoded data for curl request: subresource=version
DEBUG 2023-11-15 14:57:30.222 UTC: 	 CRABClient version: v3.231010
DEBUG 2023-11-15 14:57:30.222 UTC: 	 Instance is prod
DEBUG 2023-11-15 14:57:30.222 UTC: 	 Server base url is cmsweb.cern.ch
DEBUG 2023-11-15 14:57:30.222 UTC: 	 Command api workflow
DEBUG 2023-11-15 14:57:30.222 UTC: 	 Encoded data for curl request: subresource=search&workflow=231114_203312%3Alfavilla_crab_QCD_HT2000toInf_2018
DEBUG 2023-11-15 14:57:30.295 UTC: 	 Server result: {'desc': {'columns': ['tm_taskname', 'tm_activity', 'panda_jobset_id', 'tm_task_status', 'tm_task_command', 'tm_start_time', 'tm_start_injection', 'tm_end_injection', 'tm_task_failure', 'tm_job_sw', 'tm_job_arch', 'tm_input_dataset', 'tm_nonvalid_input_dataset', 'tm_use_parent', 'tm_site_whitelist', 'tm_site_blacklist', 'tm_split_algo', 'tm_split_args', 'tm_user_sandbox', 'tm_cache_url', 'tm_username', 'tm_user_dn', 'tm_user_vo', 'tm_user_role', 'tm_user_group', 'tm_publish_name', 'tm_publish_groupname', 'tm_asyncdest', 'tm_dbs_url', 'tm_publish_dbs_url', 'tm_publication', 'tm_outfiles', 'tm_tfile_outfiles', 'tm_edm_outfiles', 'tm_job_type', 'tm_generator', 'tm_events_per_lumi', 'tm_arguments', 'panda_resubmitted_jobs', 'tm_save_logs', 'tw_name', 'tm_user_infiles', 'tm_maxjobruntime', 'tm_numcores', 'tm_maxmemory', 'tm_priority', 'tm_output_dataset', 'tm_task_warnings', 'tm_user_webdir', 'tm_scriptexe', 'tm_scriptargs', 'tm_extrajdl', 'tm_asourl', 'tm_collector', 'tm_schedd', 'tm_dry_run', 'tm_user_files', 'tm_transfer_outputs', 'tm_output_lfn', 'tm_ignore_locality', 'tm_fail_limit', 'tm_one_event_mode', 'tm_secondary_input_dataset', 'tm_primary_dataset', 'tm_last_publication', 'tm_debug_files', 'clusterid', 'tm_asodb', 'tm_ignore_global_blacklist', 'tm_submitter_ip_addr', 'tm_totalunits', 'tm_ddm_reqid', 'tm_user_config', 'tm_transfer_container', 'tm_transfer_rule', 'tm_publish_rule']}, 'result': ['231114_203312:lfavilla_crab_QCD_HT2000toInf_2018', 'None', 'None', 'SUBMITTED', 'SUBMIT', '2023-11-14 20:33:13.119292', 'None', '2023-11-14 20:34:28.970030', 'None', 'CMSSW_12_6_0', 'slc7_amd64_gcc10', '/QCD_HT2000toInf_TuneCP5_PSWeights_13TeV-madgraph-pythia8/RunIISummer20UL18NanoAODv9-20UL18JMENano_106X_upgrade2018_realistic_v16_L1v1-v1/NANOAODSIM', 'T', '0', '[]', '[]', 'FileBased', "{'halt_job_on_file_boundaries': False, 'splitOnRun': False, 'files_per_job': 1, 'runs': [], 'lumis': []}", '181e458863dd54a7f028b3deddbd0323d38c76a6d16cf374d64c28dee01c9d03.tar.gz', 'https://cmsweb.cern.ch/S3/crabcache_prod', 'lfavilla', '/DC=ch/DC=cern/OU=Organic Units/OU=Users/CN=lfavilla/CN=867090/CN=Leonardo Favilla', 'cms', 'None', 'None', 'QCD_HT2000toInf_2018-00000000000000000000000000000000', 'F', 'T2_IT_Pisa', 'https://cmsweb.cern.ch/dbs/prod/global/DBSReader', 'https://cmsweb.cern.ch/dbs/prod/phys03/DBSWriter', 'F', '[]', '[]', "['tree_hadd.root']", 'Analysis', 'pythia', 'None', '{}', 'None', 'T', 'crab-prod-tw01', '[]', '2700', '1', '2000', '10', "['/QCD_HT2000toInf_TuneCP5_PSWeights_13TeV-madgraph-pythia8/lfavilla-QCD_HT2000toInf_2018-00000000000000000000000000000000/USER']", '[]', 'http://vocms0194.cern.ch/mon/lfavilla/231114_203312:lfavilla_crab_QCD_HT2000toInf_2018', 'crab_script.sh', '[]', '[]', 'None', 'cmsgwms-collector-global.cern.ch:9620,cmsgwms-collector-global.fnal.gov:9620', 'crab3@vocms0194.cern.ch', 'F', '[]', 'T', '/store/user/lfavilla/DM_v0', 'F', 'None', 'F', 'None', 'QCD_HT2000toInf_TuneCP5_PSWeights_13TeV-madgraph-pythia8', 'None', 'f2d3e252a0e4f004b24b68e880b945391a414f8db96dd047160400c550739e97.tar.gz', '97160719', 'None', 'F', '188.185.89.202', '0.0', 'None', '{"partialdataset": false, "requireaccelerator": false, "acceleratorparams": null, "inputblocks": null}', 'None', 'None', 'None']}
DEBUG 2023-11-15 14:57:30.315 UTC: 	 CRAB Client version: v3.231010
DEBUG 2023-11-15 14:57:30.315 UTC: 	 Running on: Linux lxplus743.cern.ch 3.10.0-1160.95.1.el7.x86_64 #1 SMP Mon Jul 24 13:59:37 UTC 2023 x86_64 x86_64 x86_64 GNU/Linux - CentOS Linux 7 (Core)
DEBUG 2023-11-15 14:57:30.315 UTC: 	 Executing command: 'status'
DEBUG 2023-11-15 14:57:30.316 UTC: 	 Found CRAB cache file /afs/cern.ch/user/l/lfavilla/.crab3
DEBUG 2023-11-15 14:57:30.325 UTC: 	 Checking credentials
DEBUG 2023-11-15 14:57:30.326 UTC: 	 Found proxy file /tmp/x509up_u159320
DEBUG 2023-11-15 14:57:30.326 UTC: 	 Making sure it has proper VOMS extension
DEBUG 2023-11-15 14:57:30.326 UTC: 	 Executing command :
 voms-proxy-info --vo --file /tmp/x509up_u159320
DEBUG 2023-11-15 14:57:30.883 UTC: 	 output : cms

 error: 
 retcode : 0
DEBUG 2023-11-15 14:57:30.884 UTC: 	 Getting proxy life time left
DEBUG 2023-11-15 14:57:30.884 UTC: 	 Executing command :
 voms-proxy-info --actimeleft --timeleft --file /tmp/x509up_u159320
DEBUG 2023-11-15 14:57:31.331 UTC: 	 output : 28895
28895

 error: 
 retcode : 0
DEBUG 2023-11-15 14:57:31.331 UTC: 	 Proxy valid for 08:01:35 hours
DEBUG 2023-11-15 14:57:31.332 UTC: 	 Encoded data for curl request: subresource=delegatedn
DEBUG 2023-11-15 14:57:31.378 UTC: 	 Registering user credentials on myproxy for /DC=ch/DC=cern/OU=computers/CN=crab-(preprod|prod|dev)-tw(01|02|03).cern.ch|/DC=ch/DC=cern/OU=computers/CN=stefanov(m|m2).cern.ch|/DC=ch/DC=cern/OU=computers/CN=dciangot-tw.cern.ch
DEBUG 2023-11-15 14:57:31.378 UTC: 	 Executing command :
 voms-proxy-info --identity --file /tmp/x509up_u159320
DEBUG 2023-11-15 14:57:31.892 UTC: 	 output : /DC=ch/DC=cern/OU=Organic Units/OU=Users/CN=lfavilla/CN=867090/CN=Leonardo Favilla

 error: 
 retcode : 0
DEBUG 2023-11-15 14:57:31.892 UTC: 	 Getting myproxy life time left for 70284ad9de3a40585c76dbf527363be004fcbd17
DEBUG 2023-11-15 14:57:31.892 UTC: 	 Executing command :
 myproxy-info -s myproxy.cern.ch -l 70284ad9de3a40585c76dbf527363be004fcbd17
DEBUG 2023-11-15 14:57:32.099 UTC: 	 output : username: 70284ad9de3a40585c76dbf527363be004fcbd17
owner: /DC=ch/DC=cern/OU=Organic Units/OU=Users/CN=lfavilla/CN=867090/CN=Leonardo Favilla
  renewal policy: /DC=ch/DC=cern/OU=computers/CN=crab-(preprod|prod|dev)-tw(01|02|03).cern.ch|/DC=ch/DC=cern/OU=computers/CN=stefanov(m|m2).cern.ch|/DC=ch/DC=cern/OU=computers/CN=dciangot-tw.cern.ch
  trusted retrieval policy: /DC=ch/DC=cern/OU=computers/CN=crab-(preprod|prod|dev)-tw(01|02|03).cern.ch|/DC=ch/DC=cern/OU=computers/CN=stefanov(m|m2).cern.ch|/DC=ch/DC=cern/OU=computers/CN=dciangot-tw.cern.ch
  timeleft: 379:46:48  (15.8 days)

 error: 
 retcode : 0
DEBUG 2023-11-15 14:57:32.099 UTC: 	 Myproxy is valid: 1367160
DEBUG 2023-11-15 14:57:32.099 UTC: 	 Result of myproxy credential check:
  Credential exists on myproxy: username: 70284ad9de3a40585c76dbf527363be004fcbd17  - validity: 15 days, 19:46:00
DEBUG 2023-11-15 14:57:32.100 UTC: 	 Command use: status
DEBUG 2023-11-15 14:57:32.100 UTC: 	 Options use: []
DEBUG 2023-11-15 14:57:32.100 UTC: 	 Encoded data for curl request: subresource=version
DEBUG 2023-11-15 14:57:32.145 UTC: 	 CRABClient version: v3.231010
DEBUG 2023-11-15 14:57:32.145 UTC: 	 Instance is prod
DEBUG 2023-11-15 14:57:32.145 UTC: 	 Server base url is cmsweb.cern.ch
DEBUG 2023-11-15 14:57:32.145 UTC: 	 Command api workflow
DEBUG 2023-11-15 14:57:32.145 UTC: 	 Encoded data for curl request: subresource=search&workflow=231114_203312%3Alfavilla_crab_QCD_HT2000toInf_2018
DEBUG 2023-11-15 14:57:32.205 UTC: 	 Got information from server oracle database: {'desc': {'columns': ['tm_taskname', 'tm_activity', 'panda_jobset_id', 'tm_task_status', 'tm_task_command', 'tm_start_time', 'tm_start_injection', 'tm_end_injection', 'tm_task_failure', 'tm_job_sw', 'tm_job_arch', 'tm_input_dataset', 'tm_nonvalid_input_dataset', 'tm_use_parent', 'tm_site_whitelist', 'tm_site_blacklist', 'tm_split_algo', 'tm_split_args', 'tm_user_sandbox', 'tm_cache_url', 'tm_username', 'tm_user_dn', 'tm_user_vo', 'tm_user_role', 'tm_user_group', 'tm_publish_name', 'tm_publish_groupname', 'tm_asyncdest', 'tm_dbs_url', 'tm_publish_dbs_url', 'tm_publication', 'tm_outfiles', 'tm_tfile_outfiles', 'tm_edm_outfiles', 'tm_job_type', 'tm_generator', 'tm_events_per_lumi', 'tm_arguments', 'panda_resubmitted_jobs', 'tm_save_logs', 'tw_name', 'tm_user_infiles', 'tm_maxjobruntime', 'tm_numcores', 'tm_maxmemory', 'tm_priority', 'tm_output_dataset', 'tm_task_warnings', 'tm_user_webdir', 'tm_scriptexe', 'tm_scriptargs', 'tm_extrajdl', 'tm_asourl', 'tm_collector', 'tm_schedd', 'tm_dry_run', 'tm_user_files', 'tm_transfer_outputs', 'tm_output_lfn', 'tm_ignore_locality', 'tm_fail_limit', 'tm_one_event_mode', 'tm_secondary_input_dataset', 'tm_primary_dataset', 'tm_last_publication', 'tm_debug_files', 'clusterid', 'tm_asodb', 'tm_ignore_global_blacklist', 'tm_submitter_ip_addr', 'tm_totalunits', 'tm_ddm_reqid', 'tm_user_config', 'tm_transfer_container', 'tm_transfer_rule', 'tm_publish_rule']}, 'result': ['231114_203312:lfavilla_crab_QCD_HT2000toInf_2018', 'None', 'None', 'SUBMITTED', 'SUBMIT', '2023-11-14 20:33:13.119292', 'None', '2023-11-14 20:34:28.970030', 'None', 'CMSSW_12_6_0', 'slc7_amd64_gcc10', '/QCD_HT2000toInf_TuneCP5_PSWeights_13TeV-madgraph-pythia8/RunIISummer20UL18NanoAODv9-20UL18JMENano_106X_upgrade2018_realistic_v16_L1v1-v1/NANOAODSIM', 'T', '0', '[]', '[]', 'FileBased', "{'halt_job_on_file_boundaries': False, 'splitOnRun': False, 'files_per_job': 1, 'runs': [], 'lumis': []}", '181e458863dd54a7f028b3deddbd0323d38c76a6d16cf374d64c28dee01c9d03.tar.gz', 'https://cmsweb.cern.ch/S3/crabcache_prod', 'lfavilla', '/DC=ch/DC=cern/OU=Organic Units/OU=Users/CN=lfavilla/CN=867090/CN=Leonardo Favilla', 'cms', 'None', 'None', 'QCD_HT2000toInf_2018-00000000000000000000000000000000', 'F', 'T2_IT_Pisa', 'https://cmsweb.cern.ch/dbs/prod/global/DBSReader', 'https://cmsweb.cern.ch/dbs/prod/phys03/DBSWriter', 'F', '[]', '[]', "['tree_hadd.root']", 'Analysis', 'pythia', 'None', '{}', 'None', 'T', 'crab-prod-tw01', '[]', '2700', '1', '2000', '10', "['/QCD_HT2000toInf_TuneCP5_PSWeights_13TeV-madgraph-pythia8/lfavilla-QCD_HT2000toInf_2018-00000000000000000000000000000000/USER']", '[]', 'http://vocms0194.cern.ch/mon/lfavilla/231114_203312:lfavilla_crab_QCD_HT2000toInf_2018', 'crab_script.sh', '[]', '[]', 'None', 'cmsgwms-collector-global.cern.ch:9620,cmsgwms-collector-global.fnal.gov:9620', 'crab3@vocms0194.cern.ch', 'F', '[]', 'T', '/store/user/lfavilla/DM_v0', 'F', 'None', 'F', 'None', 'QCD_HT2000toInf_TuneCP5_PSWeights_13TeV-madgraph-pythia8', 'None', 'f2d3e252a0e4f004b24b68e880b945391a414f8db96dd047160400c550739e97.tar.gz', '97160719', 'None', 'F', '188.185.89.202', '0.0', 'None', '{"partialdataset": false, "requireaccelerator": false, "acceleratorparams": null, "inputblocks": null}', 'None', 'None', 'None']}
INFO 2023-11-15 14:57:32.205 UTC: 	 CRAB project directory:		/afs/cern.ch/user/l/lfavilla/CMSSW_12_6_0/src/PhysicsTools/NanoAODTools/crab/crab_QCD_HT2000toInf_2018
INFO 2023-11-15 14:57:32.205 UTC: 	 Task name:			231114_203312:lfavilla_crab_QCD_HT2000toInf_2018
INFO 2023-11-15 14:57:32.206 UTC: 	 Grid scheduler - Task Worker:	crab3@vocms0194.cern.ch - crab-prod-tw01
INFO 2023-11-15 14:57:32.206 UTC: 	 Status on the CRAB server:	SUBMITTED
INFO 2023-11-15 14:57:32.206 UTC: 	 Task URL to use for HELP:	https://cmsweb.cern.ch/crabserver/ui/task/231114_203312%3Alfavilla_crab_QCD_HT2000toInf_2018
INFO 2023-11-15 14:57:32.212 UTC: 	 Dashboard monitoring URL:	https://monit-grafana.cern.ch/d/cmsTMDetail/cms-task-monitoring-task-view?orgId=11&var-user=lfavilla&var-task=231114_203312%3Alfavilla_crab_QCD_HT2000toInf_2018&from=1699990393000&to=now
DEBUG 2023-11-15 14:57:32.212 UTC: 	 The CRAB server submitted your task to the Grid scheduler (cluster ID: 97160719)
DEBUG 2023-11-15 14:57:32.212 UTC: 	 Webdir is located at http://vocms0194.cern.ch/mon/lfavilla/231114_203312:lfavilla_crab_QCD_HT2000toInf_2018
DEBUG 2023-11-15 14:57:32.212 UTC: 	 Encoded data for curl request: subresource=webdirprx&workflow=231114_203312%3Alfavilla_crab_QCD_HT2000toInf_2018
DEBUG 2023-11-15 14:57:32.252 UTC: 	 Proxied webdir is located at https://cmsweb.cern.ch:8443/scheddmon/0194/lfavilla/231114_203312:lfavilla_crab_QCD_HT2000toInf_2018
DEBUG 2023-11-15 14:57:32.266 UTC: 	 Retrieving 'status_cache' file from https://cmsweb.cern.ch:8443/scheddmon/0194/lfavilla/231114_203312:lfavilla_crab_QCD_HT2000toInf_2018/status_cache.pkl
DEBUG 2023-11-15 14:57:32.266 UTC: 	 Will execute:
curl -sS --capath /etc/grid-security/certificates --cert /tmp/x509up_u159320 --key /tmp/x509up_u159320 -o /tmp/crab_status-cache-2i4eqot8.pkl -w %"{http_code}" "https://cmsweb.cern.ch:8443/scheddmon/0194/lfavilla/231114_203312:lfavilla_crab_QCD_HT2000toInf_2018/status_cache.pkl"
DEBUG 2023-11-15 14:57:32.266 UTC: 	 Executing command :
 curl -sS --capath /etc/grid-security/certificates --cert /tmp/x509up_u159320 --key /tmp/x509up_u159320 -o /tmp/crab_status-cache-2i4eqot8.pkl -w %"{http_code}" "https://cmsweb.cern.ch:8443/scheddmon/0194/lfavilla/231114_203312:lfavilla_crab_QCD_HT2000toInf_2018/status_cache.pkl"
DEBUG 2023-11-15 14:57:32.298 UTC: 	 output : 200
 error: 
 retcode : 0
DEBUG 2023-11-15 14:57:32.298 UTC: 	 exitcode: 0
stdout: 200
stderr: 
error details: 
DEBUG 2023-11-15 14:57:32.298 UTC: 	 Got information from status cache file: {'1': {'Retries': 2, 'Restarts': 0, 'SiteHistory': ['Unknown', 'T2_UA_KIPT', 'T2_UA_KIPT', 'Unknown', 'T2_US_Nebraska', 'T2_US_Nebraska', 'T2_US_Nebraska', 'T2_US_Nebraska'], 'ResidentSetSize': [849036, 1086676, 925772], 'SubmitTimes': [1699994076.0, 1700005837.0, 1700018396.0], 'StartTimes': [1699994271.0, 1700005954.0, 1700018443.0], 'EndTimes': [1700003972.0, 1700014664.0, 1700031668.0], 'TotalUserCpuTimeHistory': [9899, 8485, 12679], 'TotalSysCpuTimeHistory': [443, 672, 432], 'WallDurations': [9.0, 165.76079297065735, 9701.0, 9.0, 196.17339730262756, 8710.0, 9.0, 13225.0], 'JobIds': ['97160722.0', '97162035.0', '97166081.0'], 'State': 'finished', 'RecordedSite': True}, '2': {'Retries': 2, 'Restarts': 0, 'SiteHistory': ['Unknown', 'T2_EE_Estonia', 'T2_EE_Estonia', 'T2_DE_DESY', 'T2_DE_DESY', 'T2_US_Nebraska', 'T2_US_Nebraska'], 'ResidentSetSize': [1172160, 157292, 1132504], 'SubmitTimes': [1699994076.0, 1700020735.0, 1700021112.0], 'StartTimes': [1699994323.0, 1700020874.0, 1700021191.0], 'EndTimes': [1700015261.0, 1700020985.0, 1700054863.0], 'TotalUserCpuTimeHistory': [20972, 20, 31821], 'TotalSysCpuTimeHistory': [1286, 1, 920], 'WallDurations': [9.0, 113.76079297065735, 20938.0, 9.0, 111.0, 9.0, 33672.0], 'JobIds': ['97160723.0', '97166728.0', '97166838.0'], 'State': 'finished', 'RecordedSite': True}, '4': {'Retries': 2, 'Restarts': 0, 'SiteHistory': ['Unknown', 'T2_EE_Estonia', 'T2_EE_Estonia', 'Unknown', 'T2_DE_DESY', 'T2_DE_DESY', 'T2_US_Nebraska', 'T2_US_Nebraska'], 'ResidentSetSize': [1171292, 525036, 1133708], 'SubmitTimes': [1699994077.0, 1700021804.0, 1700022076.0], 'StartTimes': [1699994303.0, 1700021879.0, 1700022262.0], 'EndTimes': [1700018129.0, 1700021949.0, 1700054659.0], 'TotalUserCpuTimeHistory': [23828, 10, 31874], 'TotalSysCpuTimeHistory': [1454, 0, 1423], 'WallDurations': [9.0, 133.76079297065735, 23826.0, 70.0, 0, 9.0, 160.56232357025146, 32397.0], 'JobIds': ['97160724.0', '97167054.0', '97167061.0'], 'State': 'finished', 'RecordedSite': True}, '3': {'Retries': 2, 'Restarts': 0, 'SiteHistory': ['Unknown', 'T2_EE_Estonia', 'T2_EE_Estonia', 'Unknown', 'T2_DE_DESY', 'T2_DE_DESY', 'T2_US_Nebraska', 'T2_US_Nebraska'], 'ResidentSetSize': [1172192, 624796, 1158060], 'SubmitTimes': [1699994077.0, 1700019656.0, 1700020092.0], 'StartTimes': [1699994314.0, 1700019872.0, 1700020193.0], 'EndTimes': [1700017785.0, 1700019966.0, 1700057626.0], 'TotalUserCpuTimeHistory': [23496, 37, 36691], 'TotalSysCpuTimeHistory': [1436, 1, 1647], 'WallDurations': [9.0, 122.76079297065735, 23471.0, 94.0, 140.66081833839417, 140.66081833839417, 9.0, 37433.0], 'JobIds': ['97160725.0', '97166408.0', '97166516.0'], 'State': 'finished', 'RecordedSite': True}, '6': {'Retries': 1, 'Restarts': 0, 'SiteHistory': ['Unknown', 'T2_BE_UCL', 'T2_BE_UCL', 'T2_US_Florida', 'T2_US_Florida'], 'ResidentSetSize': [1171464, 1126816], 'SubmitTimes': [1699994077.0, 1700016091.0], 'StartTimes': [1699994764.0, 1700016202.0], 'EndTimes': [1700012415.0, 1700035819.0], 'TotalUserCpuTimeHistory': [16965, 17362], 'TotalSysCpuTimeHistory': [499, 425], 'WallDurations': [8.0, 273.1899881362915, 17651.0, 9.0, 19617.0], 'JobIds': ['97160726.0', '97165249.0'], 'State': 'finished', 'RecordedSite': True}, '5': {'Retries': 2, 'Restarts': 0, 'SiteHistory': ['Unknown', 'T2_BE_UCL', 'T2_BE_UCL', 'Unknown', 'T2_BE_UCL', 'T2_BE_UCL', 'T2_US_Florida', 'T2_US_Florida'], 'ResidentSetSize': [1164472, 1042764, 1150560], 'SubmitTimes': [1699994077.0, 1700019672.0, 1700050833.0], 'StartTimes': [1699995014.0, 1700019877.0, 1700050984.0], 'EndTimes': [1700017803.0, 1700047100.0], 'TotalUserCpuTimeHistory': [20352, 25925, 7206.0], 'TotalSysCpuTimeHistory': [480, 353, 194.0], 'WallDurations': [9.0, 23.189988136291504, 22789.0, 9.0, 135.66081833839417, 27223.0, 9.0, 9021.0], 'JobIds': ['97160727.0', '97166409.0', '97185751.0'], 'State': 'running', 'RecordedSite': True}, '7': {'Retries': 1, 'Restarts': 0, 'SiteHistory': ['Unknown', 'T2_BE_UCL', 'T2_BE_UCL', 'T2_US_Florida', 'T2_US_Florida'], 'ResidentSetSize': [1143704, 1133504], 'SubmitTimes': [1699994077.0, 1700018878.0], 'StartTimes': [1699994768.0, 1700018959.0], 'EndTimes': [1700015204.0, 1700037296.0], 'TotalUserCpuTimeHistory': [20009, 15949], 'TotalSysCpuTimeHistory': [386, 267], 'WallDurations': [9.0, 269.1899881362915, 20436.0, 9.0, 18337.0], 'JobIds': ['97160728.0', '97166191.0'], 'State': 'finished', 'RecordedSite': True}, '9': {'Retries': 1, 'Restarts': 0, 'SiteHistory': ['Unknown', 'T2_BE_UCL', 'T2_BE_UCL', 'T2_US_Florida', 'T2_US_Florida'], 'ResidentSetSize': [1147280, 1133072], 'SubmitTimes': [1699994077.0, 1700019108.0], 'StartTimes': [1699994762.0, 1700019215.0], 'EndTimes': [1700013629.0, 1700036392.0], 'TotalUserCpuTimeHistory': [18419, 14860], 'TotalSysCpuTimeHistory': [358, 249], 'WallDurations': [9.0, 275.1899881362915, 18867.0, 8.0, 17177.0], 'JobIds': ['97160729.0', '97166297.0'], 'State': 'finished', 'RecordedSite': True}, '8': {'Retries': 2, 'Restarts': 0, 'SiteHistory': ['Unknown', 'T2_BE_UCL', 'T2_BE_UCL', 'T2_BE_UCL', 'T2_BE_UCL', 'T1_RU_JINR', 'T1_RU_JINR'], 'ResidentSetSize': [1151168, 1165984, 920708], 'SubmitTimes': [1699994077.0, 1700021061.0, 1700046687.0], 'StartTimes': [1699994763.0, 1700021124.0, 1700046787.0], 'EndTimes': [1700015581.0, 1700042955.0], 'TotalUserCpuTimeHistory': [20370, 21194, 11816.0], 'TotalSysCpuTimeHistory': [396, 353, 236.0], 'WallDurations': [10.0, 274.1899881362915, 20818.0, 9.0, 21831.0, 8.0, 13229.0], 'JobIds': ['97160730.0', '97166836.0', '97185423.0'], 'State': 'running', 'RecordedSite': True}, '10': {'Retries': 1, 'Restarts': 0, 'SiteHistory': ['Unknown', 'T2_BE_UCL', 'T2_BE_UCL', 'T2_BE_UCL', 'T2_BE_UCL'], 'ResidentSetSize': [1148956, 1150644], 'SubmitTimes': [1699994077.0, 1700022327.0], 'StartTimes': [1699994767.0, 1700022384.0], 'EndTimes': [1700015047.0, 1700044940.0], 'TotalUserCpuTimeHistory': [19868, 19524], 'TotalSysCpuTimeHistory': [383, 338], 'WallDurations': [9.0, 270.1899881362915, 20280.0, 9.0, 22556.0], 'JobIds': ['97160731.0', '97167167.0'], 'State': 'finished', 'RecordedSite': True}, '13': {'Retries': 0, 'Restarts': 0, 'SiteHistory': ['Unknown', 'T2_BE_UCL', 'T2_BE_UCL'], 'ResidentSetSize': [1177664], 'SubmitTimes': [1699994077.0], 'StartTimes': [1699995010.0], 'EndTimes': [1700023581.0], 'TotalUserCpuTimeHistory': [27885], 'TotalSysCpuTimeHistory': [613], 'WallDurations': [9.0, 27.189988136291504, 28571.0], 'JobIds': ['97160732.0'], 'State': 'finished', 'RecordedSite': True}, '11': {'Retries': 0, 'Restarts': 0, 'SiteHistory': ['Unknown', 'T2_BE_UCL', 'T2_BE_UCL'], 'ResidentSetSize': [1181196], 'SubmitTimes': [1699994077.0], 'StartTimes': [1699995016.0], 'EndTimes': [1700028561.0], 'TotalUserCpuTimeHistory': [33253], 'TotalSysCpuTimeHistory': [650], 'WallDurations': [9.0, 21.189988136291504, 33545.0], 'JobIds': ['97160733.0'], 'State': 'finished', 'RecordedSite': True}, '12': {'Retries': 1, 'Restarts': 0, 'SiteHistory': ['Unknown', 'T2_BE_UCL', 'T2_BE_UCL', 'T2_BE_UCL', 'T2_BE_UCL'], 'ResidentSetSize': [1141284, 1245724], 'SubmitTimes': [1699994077.0, 1700020865.0], 'StartTimes': [1699995015.0, 1700020880.0], 'EndTimes': [1700013585.0, 1700047401.0], 'TotalUserCpuTimeHistory': [18033, 24869], 'TotalSysCpuTimeHistory': [379, 321], 'WallDurations': [9.0, 22.189988136291504, 18570.0, 9.0, 26521.0], 'JobIds': ['97160734.0', '97166733.0'], 'State': 'finished', 'RecordedSite': True}, '15': {'Retries': 1, 'Restarts': 0, 'SiteHistory': ['Unknown', 'T2_BE_UCL', 'T2_BE_UCL', 'T2_US_Florida', 'T2_US_Florida'], 'ResidentSetSize': [1167156, 1161356], 'SubmitTimes': [1699994077.0, 1700015589.0], 'StartTimes': [1699995016.0, 1700015701.0], 'EndTimes': [1700011912.0, 1700026176.0], 'TotalUserCpuTimeHistory': [17180, 9377], 'TotalSysCpuTimeHistory': [481, 217], 'WallDurations': [9.0, 21.189988136291504, 16896.0, 8.0, 10475.0], 'JobIds': ['97160735.0', '97165112.0'], 'State': 'finished', 'RecordedSite': True}, '14': {'Retries': 0, 'Restarts': 0, 'SiteHistory': ['Unknown', 'T2_BE_UCL', 'T2_BE_UCL'], 'ResidentSetSize': [1154564], 'SubmitTimes': [1699994077.0], 'StartTimes': [1699995018.0], 'EndTimes': [1700032802.0], 'TotalUserCpuTimeHistory': [31798], 'TotalSysCpuTimeHistory': [621], 'WallDurations': [9.0, 19.189988136291504, 37784.0], 'JobIds': ['97160736.0'], 'State': 'finished', 'RecordedSite': True}}
INFO 2023-11-15 14:57:32.298 UTC: 	 Status on the scheduler:	SUBMITTED
INFO 2023-11-15 14:57:32.298 UTC: 	 
Jobs status:                    finished     		 86.7% (13/15)
INFO 2023-11-15 14:57:32.298 UTC: 	 				running      		 13.3% ( 2/15)
INFO 2023-11-15 14:57:32.298 UTC: 	 
No publication information (publication has been disabled in the CRAB configuration file)
INFO 2023-11-15 14:57:32.299 UTC: 	 
Warning: the max jobs runtime is less than 30% of the task requested value (2700 min), please consider to request a lower value for failed jobs (allowed through crab resubmit) and/or improve the jobs splitting (e.g. config.Data.splitting = 'Automatic') in a new task.
INFO 2023-11-15 14:57:32.299 UTC: 	 
Summary of run jobs:
 * Memory: 904MB min, 1216MB max, 1113MB ave
 * Runtime: 2:30:21 min, 10:29:44 max, 7:04:45 ave
 * CPU eff: 86% min, 103% max, 95% ave
 * Waste: 56:10:15 (38% of total)

DEBUG 2023-11-15 14:57:32.299 UTC: 	 Retrieving locations for task 231114_203312:lfavilla_crab_QCD_HT2000toInf_2018
DEBUG 2023-11-15 14:57:32.299 UTC: 	 Retrieving all file locations
DEBUG 2023-11-15 14:57:32.299 UTC: 	 Retrieving jobs [('jobids', '1'), ('jobids', '2'), ('jobids', '4'), ('jobids', '3'), ('jobids', '6'), ('jobids', '7'), ('jobids', '9'), ('jobids', '10'), ('jobids', '13'), ('jobids', '11'), ('jobids', '12'), ('jobids', '15'), ('jobids', '14')]
DEBUG 2023-11-15 14:57:32.299 UTC: 	 Encoded data for curl request: workflow=231114_203312%3Alfavilla_crab_QCD_HT2000toInf_2018&subresource=data2&limit=-1&jobids=1&jobids=2&jobids=4&jobids=3&jobids=6&jobids=7&jobids=9&jobids=10&jobids=13&jobids=11&jobids=12&jobids=15&jobids=14
DEBUG 2023-11-15 14:57:32.363 UTC: 	 Server result: {'result': [{'jobid': '3', 'lfn': '/store/user/lfavilla/DM_v0/QCD_HT2000toInf_TuneCP5_PSWeights_13TeV-madgraph-pythia8/QCD_HT2000toInf_2018/231114_203312/0000/tree_hadd_3.root', 'site': 'T2_IT_Pisa', 'tmplfn': '/store/user/lfavilla/DM_v0/QCD_HT2000toInf_TuneCP5_PSWeights_13TeV-madgraph-pythia8/QCD_HT2000toInf_2018/231114_203312/0000/tree_hadd_3.root', 'tmpsite': 'T2_US_Nebraska', 'directstageout': 'F', 'size': 533815798, 'checksum': {'cksum': 2979198700, 'md5': '9db499e4', 'adler32': '9db499e4'}}, {'jobid': '2', 'lfn': '/store/user/lfavilla/DM_v0/QCD_HT2000toInf_TuneCP5_PSWeights_13TeV-madgraph-pythia8/QCD_HT2000toInf_2018/231114_203312/0000/tree_hadd_2.root', 'site': 'T2_IT_Pisa', 'tmplfn': '/store/user/lfavilla/DM_v0/QCD_HT2000toInf_TuneCP5_PSWeights_13TeV-madgraph-pythia8/QCD_HT2000toInf_2018/231114_203312/0000/tree_hadd_2.root', 'tmpsite': 'T2_US_Nebraska', 'directstageout': 'F', 'size': 477069330, 'checksum': {'cksum': 3010793062, 'md5': '52c07461', 'adler32': '52c07461'}}, {'jobid': '4', 'lfn': '/store/user/lfavilla/DM_v0/QCD_HT2000toInf_TuneCP5_PSWeights_13TeV-madgraph-pythia8/QCD_HT2000toInf_2018/231114_203312/0000/tree_hadd_4.root', 'site': 'T2_IT_Pisa', 'tmplfn': '/store/user/lfavilla/DM_v0/QCD_HT2000toInf_TuneCP5_PSWeights_13TeV-madgraph-pythia8/QCD_HT2000toInf_2018/231114_203312/0000/tree_hadd_4.root', 'tmpsite': 'T2_US_Nebraska', 'directstageout': 'F', 'size': 537344426, 'checksum': {'cksum': 2582466238, 'md5': 'e09bcd16', 'adler32': 'e09bcd16'}}, {'jobid': '12', 'lfn': '/store/user/lfavilla/DM_v0/QCD_HT2000toInf_TuneCP5_PSWeights_13TeV-madgraph-pythia8/QCD_HT2000toInf_2018/231114_203312/0000/tree_hadd_12.root', 'site': 'T2_IT_Pisa', 'tmplfn': '/store/user/lfavilla/DM_v0/QCD_HT2000toInf_TuneCP5_PSWeights_13TeV-madgraph-pythia8/QCD_HT2000toInf_2018/231114_203312/0000/tree_hadd_12.root', 'tmpsite': 'T2_BE_UCL', 'directstageout': 'F', 'size': 570637591, 'checksum': {'cksum': 4176348574, 'md5': '4dfb0c03', 'adler32': '4dfb0c03'}}, {'jobid': '10', 'lfn': '/store/user/lfavilla/DM_v0/QCD_HT2000toInf_TuneCP5_PSWeights_13TeV-madgraph-pythia8/QCD_HT2000toInf_2018/231114_203312/0000/tree_hadd_10.root', 'site': 'T2_IT_Pisa', 'tmplfn': '/store/user/lfavilla/DM_v0/QCD_HT2000toInf_TuneCP5_PSWeights_13TeV-madgraph-pythia8/QCD_HT2000toInf_2018/231114_203312/0000/tree_hadd_10.root', 'tmpsite': 'T2_BE_UCL', 'directstageout': 'F', 'size': 500855043, 'checksum': {'cksum': 2443423612, 'md5': 'c5b80a58', 'adler32': 'c5b80a58'}}, {'jobid': '7', 'lfn': '/store/user/lfavilla/DM_v0/QCD_HT2000toInf_TuneCP5_PSWeights_13TeV-madgraph-pythia8/QCD_HT2000toInf_2018/231114_203312/0000/tree_hadd_7.root', 'site': 'T2_IT_Pisa', 'tmplfn': '/store/user/lfavilla/DM_v0/QCD_HT2000toInf_TuneCP5_PSWeights_13TeV-madgraph-pythia8/QCD_HT2000toInf_2018/231114_203312/0000/tree_hadd_7.root', 'tmpsite': 'T2_US_Florida', 'directstageout': 'F', 'size': 505893084, 'checksum': {'cksum': 1988233966, 'md5': 'de035376', 'adler32': 'de035376'}}, {'jobid': '9', 'lfn': '/store/user/lfavilla/DM_v0/QCD_HT2000toInf_TuneCP5_PSWeights_13TeV-madgraph-pythia8/QCD_HT2000toInf_2018/231114_203312/0000/tree_hadd_9.root', 'site': 'T2_IT_Pisa', 'tmplfn': '/store/user/lfavilla/DM_v0/QCD_HT2000toInf_TuneCP5_PSWeights_13TeV-madgraph-pythia8/QCD_HT2000toInf_2018/231114_203312/0000/tree_hadd_9.root', 'tmpsite': 'T2_US_Florida', 'directstageout': 'F', 'size': 469455890, 'checksum': {'cksum': 2739494004, 'md5': 'a1c872a4', 'adler32': 'a1c872a4'}}, {'jobid': '6', 'lfn': '/store/user/lfavilla/DM_v0/QCD_HT2000toInf_TuneCP5_PSWeights_13TeV-madgraph-pythia8/QCD_HT2000toInf_2018/231114_203312/0000/tree_hadd_6.root', 'site': 'T2_IT_Pisa', 'tmplfn': '/store/user/lfavilla/DM_v0/QCD_HT2000toInf_TuneCP5_PSWeights_13TeV-madgraph-pythia8/QCD_HT2000toInf_2018/231114_203312/0000/tree_hadd_6.root', 'tmpsite': 'T2_US_Florida', 'directstageout': 'F', 'size': 572782650, 'checksum': {'cksum': 2150453458, 'md5': '41cdba7f', 'adler32': '41cdba7f'}}, {'jobid': '14', 'lfn': '/store/user/lfavilla/DM_v0/QCD_HT2000toInf_TuneCP5_PSWeights_13TeV-madgraph-pythia8/QCD_HT2000toInf_2018/231114_203312/0000/tree_hadd_14.root', 'site': 'T2_IT_Pisa', 'tmplfn': '/store/user/lfavilla/DM_v0/QCD_HT2000toInf_TuneCP5_PSWeights_13TeV-madgraph-pythia8/QCD_HT2000toInf_2018/231114_203312/0000/tree_hadd_14.root', 'tmpsite': 'T2_BE_UCL', 'directstageout': 'F', 'size': 850725604, 'checksum': {'cksum': 3903611956, 'md5': 'f8351a60', 'adler32': 'f8351a60'}}, {'jobid': '1', 'lfn': '/store/user/lfavilla/DM_v0/QCD_HT2000toInf_TuneCP5_PSWeights_13TeV-madgraph-pythia8/QCD_HT2000toInf_2018/231114_203312/0000/tree_hadd_1.root', 'site': 'T2_IT_Pisa', 'tmplfn': '/store/user/lfavilla/DM_v0/QCD_HT2000toInf_TuneCP5_PSWeights_13TeV-madgraph-pythia8/QCD_HT2000toInf_2018/231114_203312/0000/tree_hadd_1.root', 'tmpsite': 'T2_US_Nebraska', 'directstageout': 'F', 'size': 195943222, 'checksum': {'cksum': 4234412238, 'md5': '4694f30d', 'adler32': '4694f30d'}}, {'jobid': '11', 'lfn': '/store/user/lfavilla/DM_v0/QCD_HT2000toInf_TuneCP5_PSWeights_13TeV-madgraph-pythia8/QCD_HT2000toInf_2018/231114_203312/0000/tree_hadd_11.root', 'site': 'T2_IT_Pisa', 'tmplfn': '/store/user/lfavilla/DM_v0/QCD_HT2000toInf_TuneCP5_PSWeights_13TeV-madgraph-pythia8/QCD_HT2000toInf_2018/231114_203312/0000/tree_hadd_11.root', 'tmpsite': 'T2_BE_UCL', 'directstageout': 'F', 'size': 856297292, 'checksum': {'cksum': 4064551402, 'md5': '46b40f48', 'adler32': '46b40f48'}}, {'jobid': '15', 'lfn': '/store/user/lfavilla/DM_v0/QCD_HT2000toInf_TuneCP5_PSWeights_13TeV-madgraph-pythia8/QCD_HT2000toInf_2018/231114_203312/0000/tree_hadd_15.root', 'site': 'T2_IT_Pisa', 'tmplfn': '/store/user/lfavilla/DM_v0/QCD_HT2000toInf_TuneCP5_PSWeights_13TeV-madgraph-pythia8/QCD_HT2000toInf_2018/231114_203312/0000/tree_hadd_15.root', 'tmpsite': 'T2_US_Florida', 'directstageout': 'F', 'size': 571879047, 'checksum': {'cksum': 1669066961, 'md5': '00084f51', 'adler32': '00084f51'}}, {'jobid': '13', 'lfn': '/store/user/lfavilla/DM_v0/QCD_HT2000toInf_TuneCP5_PSWeights_13TeV-madgraph-pythia8/QCD_HT2000toInf_2018/231114_203312/0000/tree_hadd_13.root', 'site': 'T2_IT_Pisa', 'tmplfn': '/store/user/lfavilla/DM_v0/QCD_HT2000toInf_TuneCP5_PSWeights_13TeV-madgraph-pythia8/QCD_HT2000toInf_2018/231114_203312/0000/tree_hadd_13.root', 'tmpsite': 'T2_BE_UCL', 'directstageout': 'F', 'size': 861381596, 'checksum': {'cksum': 2263886121, 'md5': 'd0095bc5', 'adler32': 'd0095bc5'}}]}
DEBUG 2023-11-15 14:57:32.364 UTC: 	 Getting url info
DEBUG 2023-11-15 14:57:32.364 UTC: 	 XRootD urls are requested
INFO 2023-11-15 14:57:32.364 UTC: 	 root://cms-xrd-global.cern.ch//store/user/lfavilla/DM_v0/QCD_HT2000toInf_TuneCP5_PSWeights_13TeV-madgraph-pythia8/QCD_HT2000toInf_2018/231114_203312/0000/tree_hadd_3.root
root://cms-xrd-global.cern.ch//store/user/lfavilla/DM_v0/QCD_HT2000toInf_TuneCP5_PSWeights_13TeV-madgraph-pythia8/QCD_HT2000toInf_2018/231114_203312/0000/tree_hadd_2.root
root://cms-xrd-global.cern.ch//store/user/lfavilla/DM_v0/QCD_HT2000toInf_TuneCP5_PSWeights_13TeV-madgraph-pythia8/QCD_HT2000toInf_2018/231114_203312/0000/tree_hadd_4.root
root://cms-xrd-global.cern.ch//store/user/lfavilla/DM_v0/QCD_HT2000toInf_TuneCP5_PSWeights_13TeV-madgraph-pythia8/QCD_HT2000toInf_2018/231114_203312/0000/tree_hadd_12.root
root://cms-xrd-global.cern.ch//store/user/lfavilla/DM_v0/QCD_HT2000toInf_TuneCP5_PSWeights_13TeV-madgraph-pythia8/QCD_HT2000toInf_2018/231114_203312/0000/tree_hadd_10.root
root://cms-xrd-global.cern.ch//store/user/lfavilla/DM_v0/QCD_HT2000toInf_TuneCP5_PSWeights_13TeV-madgraph-pythia8/QCD_HT2000toInf_2018/231114_203312/0000/tree_hadd_7.root
root://cms-xrd-global.cern.ch//store/user/lfavilla/DM_v0/QCD_HT2000toInf_TuneCP5_PSWeights_13TeV-madgraph-pythia8/QCD_HT2000toInf_2018/231114_203312/0000/tree_hadd_9.root
root://cms-xrd-global.cern.ch//store/user/lfavilla/DM_v0/QCD_HT2000toInf_TuneCP5_PSWeights_13TeV-madgraph-pythia8/QCD_HT2000toInf_2018/231114_203312/0000/tree_hadd_6.root
root://cms-xrd-global.cern.ch//store/user/lfavilla/DM_v0/QCD_HT2000toInf_TuneCP5_PSWeights_13TeV-madgraph-pythia8/QCD_HT2000toInf_2018/231114_203312/0000/tree_hadd_14.root
root://cms-xrd-global.cern.ch//store/user/lfavilla/DM_v0/QCD_HT2000toInf_TuneCP5_PSWeights_13TeV-madgraph-pythia8/QCD_HT2000toInf_2018/231114_203312/0000/tree_hadd_1.root
root://cms-xrd-global.cern.ch//store/user/lfavilla/DM_v0/QCD_HT2000toInf_TuneCP5_PSWeights_13TeV-madgraph-pythia8/QCD_HT2000toInf_2018/231114_203312/0000/tree_hadd_11.root
root://cms-xrd-global.cern.ch//store/user/lfavilla/DM_v0/QCD_HT2000toInf_TuneCP5_PSWeights_13TeV-madgraph-pythia8/QCD_HT2000toInf_2018/231114_203312/0000/tree_hadd_15.root
root://cms-xrd-global.cern.ch//store/user/lfavilla/DM_v0/QCD_HT2000toInf_TuneCP5_PSWeights_13TeV-madgraph-pythia8/QCD_HT2000toInf_2018/231114_203312/0000/tree_hadd_13.root
DEBUG 2023-11-15 14:57:32.373 UTC: 	 Log file is /afs/cern.ch/user/l/lfavilla/CMSSW_12_6_0/src/PhysicsTools/NanoAODTools/crab/crab_QCD_HT2000toInf_2018/crab.log
