000 (9061327.000.000) 11/11 12:15:21 Job submitted from host: <188.184.90.62:9618?addrs=188.184.90.62-9618+[2001-1458-201-e4--100-238]-9618&alias=bigbird16.cern.ch&noUDP&sock=schedd_4073970_23e3>
...
040 (9061327.000.000) 11/11 12:17:05 Started transferring input files
	Transferring to host: <128.142.58.24:9618?addrs=128.142.58.24-9618+[2001-1458-301-16--100-17]-9618&alias=b7s03p7472.cern.ch&noUDP&sock=slot1_12_3801_e5f4_260371>
...
040 (9061327.000.000) 11/11 12:17:05 Finished transferring input files
...
001 (9061327.000.000) 11/11 12:17:06 Job executing on host: <128.142.58.24:9618?addrs=128.142.58.24-9618+[2001-1458-301-16--100-17]-9618&alias=b7s03p7472.cern.ch&noUDP&sock=startd_3145_c971>
...
006 (9061327.000.000) 11/11 12:17:15 Image size of job updated: 285384
	5  -  MemoryUsage of job (MB)
	4876  -  ResidentSetSize of job (KB)
...
006 (9061327.000.000) 11/11 12:21:29 Image size of job updated: 1321652
	5  -  MemoryUsage of job (MB)
	4876  -  ResidentSetSize of job (KB)
...
040 (9061327.000.000) 11/11 12:21:29 Started transferring output files
...
040 (9061327.000.000) 11/11 12:21:29 Finished transferring output files
...
005 (9061327.000.000) 11/11 12:21:29 Job terminated.
	(1) Normal termination (return value 0)
		Usr 0 00:02:42, Sys 0 00:00:10  -  Run Remote Usage
		Usr 0 00:00:00, Sys 0 00:00:00  -  Run Local Usage
		Usr 0 00:02:42, Sys 0 00:00:10  -  Total Remote Usage
		Usr 0 00:00:00, Sys 0 00:00:00  -  Total Local Usage
	4780  -  Run Bytes Sent By Job
	11539  -  Run Bytes Received By Job
	4780  -  Total Bytes Sent By Job
	11539  -  Total Bytes Received By Job
	Partitionable Resources :    Usage  Request Allocated 
	   Cpus                 :                 1         1 
	   Disk (KB)            :       30       12   1251330 
	   Memory (MB)          :        5     2000      2000 

	Job terminated of its own accord at 2023-11-11T11:21:29Z.
...
