000 (9061322.000.000) 11/11 12:15:17 Job submitted from host: <188.184.90.62:9618?addrs=188.184.90.62-9618+[2001-1458-201-e4--100-238]-9618&alias=bigbird16.cern.ch&noUDP&sock=schedd_4073970_23e3>
...
040 (9061322.000.000) 11/11 12:17:05 Started transferring input files
	Transferring to host: <128.142.61.14:9618?addrs=128.142.61.14-9618+[2001-1458-301-23--100-d]-9618&alias=b7s06p0992.cern.ch&noUDP&sock=slot1_19_24079_956c_157220>
...
040 (9061322.000.000) 11/11 12:17:05 Finished transferring input files
...
001 (9061322.000.000) 11/11 12:17:06 Job executing on host: <128.142.61.14:9618?addrs=128.142.61.14-9618+[2001-1458-301-23--100-d]-9618&alias=b7s06p0992.cern.ch&noUDP&sock=startd_2713_7887>
...
006 (9061322.000.000) 11/11 12:17:14 Image size of job updated: 78688
	44  -  MemoryUsage of job (MB)
	44756  -  ResidentSetSize of job (KB)
...
006 (9061322.000.000) 11/11 12:17:34 Image size of job updated: 857144
	44  -  MemoryUsage of job (MB)
	44756  -  ResidentSetSize of job (KB)
...
040 (9061322.000.000) 11/11 12:17:35 Started transferring output files
...
040 (9061322.000.000) 11/11 12:17:35 Finished transferring output files
...
005 (9061322.000.000) 11/11 12:17:35 Job terminated.
	(1) Normal termination (return value 0)
		Usr 0 00:00:08, Sys 0 00:00:01  -  Run Remote Usage
		Usr 0 00:00:00, Sys 0 00:00:00  -  Run Local Usage
		Usr 0 00:00:08, Sys 0 00:00:01  -  Total Remote Usage
		Usr 0 00:00:00, Sys 0 00:00:00  -  Total Local Usage
	4779  -  Run Bytes Sent By Job
	11536  -  Run Bytes Received By Job
	4779  -  Total Bytes Sent By Job
	11536  -  Total Bytes Received By Job
	Partitionable Resources :    Usage  Request Allocated 
	   Cpus                 :     0.21        1         1 
	   Disk (KB)            :    38          12   1246123 
	   Memory (MB)          :    44        2000      2000 

	Job terminated of its own accord at 2023-11-11T11:17:34Z.
...
