000 (9061361.000.000) 11/11 12:15:58 Job submitted from host: <188.184.90.62:9618?addrs=188.184.90.62-9618+[2001-1458-201-e4--100-238]-9618&alias=bigbird16.cern.ch&noUDP&sock=schedd_4073970_23e3>
...
040 (9061361.000.000) 11/11 12:17:11 Started transferring input files
	Transferring to host: <128.142.60.80:9618?addrs=128.142.60.80-9618+[2001-1458-301-22--100-4f]-9618&alias=b7s05p7193.cern.ch&noUDP&sock=slot1_1_8460_95d1_148808>
...
040 (9061361.000.000) 11/11 12:17:11 Finished transferring input files
...
001 (9061361.000.000) 11/11 12:17:12 Job executing on host: <128.142.60.80:9618?addrs=128.142.60.80-9618+[2001-1458-301-22--100-4f]-9618&alias=b7s05p7193.cern.ch&noUDP&sock=startd_7130_2a59>
...
006 (9061361.000.000) 11/11 12:17:20 Image size of job updated: 395388
	9  -  MemoryUsage of job (MB)
	8196  -  ResidentSetSize of job (KB)
...
006 (9061361.000.000) 11/11 12:22:20 Image size of job updated: 1348784
	265  -  MemoryUsage of job (MB)
	271108  -  ResidentSetSize of job (KB)
...
006 (9061361.000.000) 11/11 12:27:21 Image size of job updated: 1363752
	275  -  MemoryUsage of job (MB)
	280804  -  ResidentSetSize of job (KB)
...
006 (9061361.000.000) 11/11 12:32:21 Image size of job updated: 1373872
	280  -  MemoryUsage of job (MB)
	286524  -  ResidentSetSize of job (KB)
...
006 (9061361.000.000) 11/11 12:37:21 Image size of job updated: 1390060
	304  -  MemoryUsage of job (MB)
	310596  -  ResidentSetSize of job (KB)
...
006 (9061361.000.000) 11/11 12:42:22 Image size of job updated: 1398380
	309  -  MemoryUsage of job (MB)
	316244  -  ResidentSetSize of job (KB)
...
006 (9061361.000.000) 11/11 12:47:23 Image size of job updated: 1406392
	322  -  MemoryUsage of job (MB)
	328872  -  ResidentSetSize of job (KB)
...
006 (9061361.000.000) 11/11 12:52:23 Image size of job updated: 1414244
	328  -  MemoryUsage of job (MB)
	334860  -  ResidentSetSize of job (KB)
...
006 (9061361.000.000) 11/11 12:57:23 Image size of job updated: 1421340
	329  -  MemoryUsage of job (MB)
	336448  -  ResidentSetSize of job (KB)
...
006 (9061361.000.000) 11/11 13:02:24 Image size of job updated: 1428072
	336  -  MemoryUsage of job (MB)
	343872  -  ResidentSetSize of job (KB)
...
006 (9061361.000.000) 11/11 13:07:25 Image size of job updated: 1434684
	341  -  MemoryUsage of job (MB)
	349060  -  ResidentSetSize of job (KB)
...
006 (9061361.000.000) 11/11 13:12:25 Image size of job updated: 1439996
	362  -  MemoryUsage of job (MB)
	370236  -  ResidentSetSize of job (KB)
...
006 (9061361.000.000) 11/11 13:17:25 Image size of job updated: 1446484
	369  -  MemoryUsage of job (MB)
	377304  -  ResidentSetSize of job (KB)
...
006 (9061361.000.000) 11/11 13:22:26 Image size of job updated: 1452768
	369  -  MemoryUsage of job (MB)
	377304  -  ResidentSetSize of job (KB)
...
006 (9061361.000.000) 11/11 13:27:27 Image size of job updated: 1478460
	380  -  MemoryUsage of job (MB)
	388740  -  ResidentSetSize of job (KB)
...
006 (9061361.000.000) 11/11 13:32:27 Image size of job updated: 1482188
	386  -  MemoryUsage of job (MB)
	395164  -  ResidentSetSize of job (KB)
...
006 (9061361.000.000) 11/11 13:37:27 Image size of job updated: 1485516
	386  -  MemoryUsage of job (MB)
	395164  -  ResidentSetSize of job (KB)
...
006 (9061361.000.000) 11/11 13:42:28 Image size of job updated: 1488740
	388  -  MemoryUsage of job (MB)
	396944  -  ResidentSetSize of job (KB)
...
006 (9061361.000.000) 11/11 13:47:29 Image size of job updated: 1491860
	388  -  MemoryUsage of job (MB)
	396944  -  ResidentSetSize of job (KB)
...
006 (9061361.000.000) 11/11 13:52:29 Image size of job updated: 1494868
	392  -  MemoryUsage of job (MB)
	400984  -  ResidentSetSize of job (KB)
...
006 (9061361.000.000) 11/11 13:57:29 Image size of job updated: 1497764
	392  -  MemoryUsage of job (MB)
	400984  -  ResidentSetSize of job (KB)
...
006 (9061361.000.000) 11/11 14:02:30 Image size of job updated: 1500596
	416  -  MemoryUsage of job (MB)
	425392  -  ResidentSetSize of job (KB)
...
006 (9061361.000.000) 11/11 14:07:31 Image size of job updated: 1503396
	416  -  MemoryUsage of job (MB)
	425392  -  ResidentSetSize of job (KB)
...
006 (9061361.000.000) 11/11 14:12:31 Image size of job updated: 1506052
	416  -  MemoryUsage of job (MB)
	425392  -  ResidentSetSize of job (KB)
...
006 (9061361.000.000) 11/11 14:17:31 Image size of job updated: 1507068
	416  -  MemoryUsage of job (MB)
	425392  -  ResidentSetSize of job (KB)
...
006 (9061361.000.000) 11/11 14:52:35 Image size of job updated: 1507068
	429  -  MemoryUsage of job (MB)
	438764  -  ResidentSetSize of job (KB)
...
006 (9061361.000.000) 11/11 14:57:35 Image size of job updated: 1507068
	434  -  MemoryUsage of job (MB)
	443944  -  ResidentSetSize of job (KB)
...
006 (9061361.000.000) 11/11 15:07:37 Image size of job updated: 1509112
	437  -  MemoryUsage of job (MB)
	447240  -  ResidentSetSize of job (KB)
...
006 (9061361.000.000) 11/11 15:12:37 Image size of job updated: 1511728
	437  -  MemoryUsage of job (MB)
	447240  -  ResidentSetSize of job (KB)
...
006 (9061361.000.000) 11/11 15:17:37 Image size of job updated: 1514316
	437  -  MemoryUsage of job (MB)
	447240  -  ResidentSetSize of job (KB)
...
006 (9061361.000.000) 11/11 15:22:39 Image size of job updated: 1518728
	446  -  MemoryUsage of job (MB)
	456188  -  ResidentSetSize of job (KB)
...
006 (9061361.000.000) 11/11 15:27:39 Image size of job updated: 1520680
	446  -  MemoryUsage of job (MB)
	456188  -  ResidentSetSize of job (KB)
...
006 (9061361.000.000) 11/11 15:32:39 Image size of job updated: 1522672
	446  -  MemoryUsage of job (MB)
	456188  -  ResidentSetSize of job (KB)
...
006 (9061361.000.000) 11/11 15:37:40 Image size of job updated: 1524540
	450  -  MemoryUsage of job (MB)
	460704  -  ResidentSetSize of job (KB)
...
006 (9061361.000.000) 11/11 15:42:41 Image size of job updated: 1526640
	456  -  MemoryUsage of job (MB)
	466336  -  ResidentSetSize of job (KB)
...
006 (9061361.000.000) 11/11 15:47:41 Image size of job updated: 1528692
	456  -  MemoryUsage of job (MB)
	466336  -  ResidentSetSize of job (KB)
...
006 (9061361.000.000) 11/11 15:52:41 Image size of job updated: 1530632
	456  -  MemoryUsage of job (MB)
	466336  -  ResidentSetSize of job (KB)
...
006 (9061361.000.000) 11/11 15:57:42 Image size of job updated: 1532540
	456  -  MemoryUsage of job (MB)
	466336  -  ResidentSetSize of job (KB)
...
006 (9061361.000.000) 11/11 16:02:43 Image size of job updated: 1534480
	456  -  MemoryUsage of job (MB)
	466336  -  ResidentSetSize of job (KB)
...
006 (9061361.000.000) 11/11 16:07:43 Image size of job updated: 1536392
	456  -  MemoryUsage of job (MB)
	466336  -  ResidentSetSize of job (KB)
...
006 (9061361.000.000) 11/11 16:12:43 Image size of job updated: 1538192
	456  -  MemoryUsage of job (MB)
	466336  -  ResidentSetSize of job (KB)
...
006 (9061361.000.000) 11/11 16:17:44 Image size of job updated: 1540212
	460  -  MemoryUsage of job (MB)
	470144  -  ResidentSetSize of job (KB)
...
006 (9061361.000.000) 11/11 16:22:45 Image size of job updated: 1548324
	460  -  MemoryUsage of job (MB)
	470144  -  ResidentSetSize of job (KB)
...
006 (9061361.000.000) 11/11 16:27:45 Image size of job updated: 1550192
	460  -  MemoryUsage of job (MB)
	470144  -  ResidentSetSize of job (KB)
...
006 (9061361.000.000) 11/11 16:32:46 Image size of job updated: 1552044
	460  -  MemoryUsage of job (MB)
	470144  -  ResidentSetSize of job (KB)
...
006 (9061361.000.000) 11/11 16:37:47 Image size of job updated: 1553864
	460  -  MemoryUsage of job (MB)
	470144  -  ResidentSetSize of job (KB)
...
006 (9061361.000.000) 11/11 16:42:47 Image size of job updated: 1555356
	460  -  MemoryUsage of job (MB)
	470144  -  ResidentSetSize of job (KB)
...
006 (9061361.000.000) 11/11 16:47:47 Image size of job updated: 1559372
	460  -  MemoryUsage of job (MB)
	470144  -  ResidentSetSize of job (KB)
...
006 (9061361.000.000) 11/11 16:52:48 Image size of job updated: 1561180
	460  -  MemoryUsage of job (MB)
	470144  -  ResidentSetSize of job (KB)
...
006 (9061361.000.000) 11/11 16:57:49 Image size of job updated: 1563960
	460  -  MemoryUsage of job (MB)
	470144  -  ResidentSetSize of job (KB)
...
006 (9061361.000.000) 11/11 17:02:49 Image size of job updated: 1565984
	460  -  MemoryUsage of job (MB)
	470144  -  ResidentSetSize of job (KB)
...
006 (9061361.000.000) 11/11 17:07:50 Image size of job updated: 1567940
	460  -  MemoryUsage of job (MB)
	470144  -  ResidentSetSize of job (KB)
...
006 (9061361.000.000) 11/11 17:12:51 Image size of job updated: 1570188
	460  -  MemoryUsage of job (MB)
	470144  -  ResidentSetSize of job (KB)
...
006 (9061361.000.000) 11/11 17:17:51 Image size of job updated: 1572372
	490  -  MemoryUsage of job (MB)
	501328  -  ResidentSetSize of job (KB)
...
006 (9061361.000.000) 11/11 17:22:51 Image size of job updated: 1574248
	497  -  MemoryUsage of job (MB)
	508852  -  ResidentSetSize of job (KB)
...
006 (9061361.000.000) 11/11 17:27:52 Image size of job updated: 1576280
	497  -  MemoryUsage of job (MB)
	508852  -  ResidentSetSize of job (KB)
...
006 (9061361.000.000) 11/11 17:32:53 Image size of job updated: 1578448
	497  -  MemoryUsage of job (MB)
	508852  -  ResidentSetSize of job (KB)
...
006 (9061361.000.000) 11/11 17:37:53 Image size of job updated: 1580372
	497  -  MemoryUsage of job (MB)
	508852  -  ResidentSetSize of job (KB)
...
006 (9061361.000.000) 11/11 17:42:53 Image size of job updated: 1582616
	502  -  MemoryUsage of job (MB)
	513916  -  ResidentSetSize of job (KB)
...
006 (9061361.000.000) 11/11 17:47:54 Image size of job updated: 1584552
	502  -  MemoryUsage of job (MB)
	513916  -  ResidentSetSize of job (KB)
...
006 (9061361.000.000) 11/11 17:52:55 Image size of job updated: 1586616
	502  -  MemoryUsage of job (MB)
	513916  -  ResidentSetSize of job (KB)
...
006 (9061361.000.000) 11/11 17:57:55 Image size of job updated: 1589420
	503  -  MemoryUsage of job (MB)
	514568  -  ResidentSetSize of job (KB)
...
006 (9061361.000.000) 11/11 18:02:55 Image size of job updated: 1591080
	511  -  MemoryUsage of job (MB)
	522848  -  ResidentSetSize of job (KB)
...
006 (9061361.000.000) 11/11 18:07:56 Image size of job updated: 1592652
	511  -  MemoryUsage of job (MB)
	522848  -  ResidentSetSize of job (KB)
...
006 (9061361.000.000) 11/11 18:12:57 Image size of job updated: 1594300
	511  -  MemoryUsage of job (MB)
	522848  -  ResidentSetSize of job (KB)
...
006 (9061361.000.000) 11/11 18:17:57 Image size of job updated: 1596040
	511  -  MemoryUsage of job (MB)
	522848  -  ResidentSetSize of job (KB)
...
006 (9061361.000.000) 11/11 18:22:58 Image size of job updated: 1597652
	518  -  MemoryUsage of job (MB)
	530152  -  ResidentSetSize of job (KB)
...
006 (9061361.000.000) 11/11 18:27:59 Image size of job updated: 1599296
	523  -  MemoryUsage of job (MB)
	534884  -  ResidentSetSize of job (KB)
...
006 (9061361.000.000) 11/11 18:32:59 Image size of job updated: 1600824
	523  -  MemoryUsage of job (MB)
	534884  -  ResidentSetSize of job (KB)
...
006 (9061361.000.000) 11/11 18:37:59 Image size of job updated: 1602664
	523  -  MemoryUsage of job (MB)
	534884  -  ResidentSetSize of job (KB)
...
006 (9061361.000.000) 11/11 18:43:00 Image size of job updated: 1604444
	523  -  MemoryUsage of job (MB)
	534884  -  ResidentSetSize of job (KB)
...
006 (9061361.000.000) 11/11 18:48:01 Image size of job updated: 1606116
	523  -  MemoryUsage of job (MB)
	534884  -  ResidentSetSize of job (KB)
...
006 (9061361.000.000) 11/11 18:53:01 Image size of job updated: 1607876
	523  -  MemoryUsage of job (MB)
	534884  -  ResidentSetSize of job (KB)
...
006 (9061361.000.000) 11/11 18:58:01 Image size of job updated: 1609724
	523  -  MemoryUsage of job (MB)
	534884  -  ResidentSetSize of job (KB)
...
006 (9061361.000.000) 11/11 19:03:02 Image size of job updated: 1611436
	523  -  MemoryUsage of job (MB)
	534884  -  ResidentSetSize of job (KB)
...
006 (9061361.000.000) 11/11 19:08:03 Image size of job updated: 1613084
	523  -  MemoryUsage of job (MB)
	534884  -  ResidentSetSize of job (KB)
...
006 (9061361.000.000) 11/11 19:13:03 Image size of job updated: 1615892
	523  -  MemoryUsage of job (MB)
	534884  -  ResidentSetSize of job (KB)
...
006 (9061361.000.000) 11/11 19:18:03 Image size of job updated: 1622592
	523  -  MemoryUsage of job (MB)
	534884  -  ResidentSetSize of job (KB)
...
006 (9061361.000.000) 11/11 19:23:05 Image size of job updated: 1624476
	523  -  MemoryUsage of job (MB)
	534884  -  ResidentSetSize of job (KB)
...
006 (9061361.000.000) 11/11 19:28:05 Image size of job updated: 1625104
	523  -  MemoryUsage of job (MB)
	534884  -  ResidentSetSize of job (KB)
...
006 (9061361.000.000) 11/11 19:33:05 Image size of job updated: 1625964
	523  -  MemoryUsage of job (MB)
	534884  -  ResidentSetSize of job (KB)
...
006 (9061361.000.000) 11/11 19:38:06 Image size of job updated: 1627052
	538  -  MemoryUsage of job (MB)
	550072  -  ResidentSetSize of job (KB)
...
006 (9061361.000.000) 11/11 19:43:07 Image size of job updated: 1628324
	543  -  MemoryUsage of job (MB)
	555336  -  ResidentSetSize of job (KB)
...
006 (9061361.000.000) 11/11 19:48:07 Image size of job updated: 1629452
	543  -  MemoryUsage of job (MB)
	555336  -  ResidentSetSize of job (KB)
...
006 (9061361.000.000) 11/11 19:53:07 Image size of job updated: 1630744
	543  -  MemoryUsage of job (MB)
	555336  -  ResidentSetSize of job (KB)
...
006 (9061361.000.000) 11/11 19:58:08 Image size of job updated: 1631912
	543  -  MemoryUsage of job (MB)
	555336  -  ResidentSetSize of job (KB)
...
006 (9061361.000.000) 11/11 20:03:09 Image size of job updated: 1633204
	543  -  MemoryUsage of job (MB)
	555336  -  ResidentSetSize of job (KB)
...
006 (9061361.000.000) 11/11 20:08:09 Image size of job updated: 1634572
	543  -  MemoryUsage of job (MB)
	555336  -  ResidentSetSize of job (KB)
...
006 (9061361.000.000) 11/11 20:13:10 Image size of job updated: 1638952
	543  -  MemoryUsage of job (MB)
	555336  -  ResidentSetSize of job (KB)
...
006 (9061361.000.000) 11/11 20:18:12 Image size of job updated: 1640340
	543  -  MemoryUsage of job (MB)
	555336  -  ResidentSetSize of job (KB)
...
006 (9061361.000.000) 11/11 20:23:12 Image size of job updated: 1641640
	543  -  MemoryUsage of job (MB)
	555336  -  ResidentSetSize of job (KB)
...
006 (9061361.000.000) 11/11 20:28:12 Image size of job updated: 1643444
	549  -  MemoryUsage of job (MB)
	561400  -  ResidentSetSize of job (KB)
...
006 (9061361.000.000) 11/11 20:33:13 Image size of job updated: 1645232
	549  -  MemoryUsage of job (MB)
	561400  -  ResidentSetSize of job (KB)
...
006 (9061361.000.000) 11/11 20:38:14 Image size of job updated: 1646556
	549  -  MemoryUsage of job (MB)
	561400  -  ResidentSetSize of job (KB)
...
006 (9061361.000.000) 11/11 20:43:14 Image size of job updated: 1647604
	549  -  MemoryUsage of job (MB)
	561400  -  ResidentSetSize of job (KB)
...
006 (9061361.000.000) 11/11 20:48:14 Image size of job updated: 1650088
	549  -  MemoryUsage of job (MB)
	561400  -  ResidentSetSize of job (KB)
...
006 (9061361.000.000) 11/11 20:53:15 Image size of job updated: 1651632
	549  -  MemoryUsage of job (MB)
	561400  -  ResidentSetSize of job (KB)
...
006 (9061361.000.000) 11/11 20:58:16 Image size of job updated: 1652924
	561  -  MemoryUsage of job (MB)
	574160  -  ResidentSetSize of job (KB)
...
006 (9061361.000.000) 11/11 21:03:16 Image size of job updated: 1654800
	569  -  MemoryUsage of job (MB)
	581668  -  ResidentSetSize of job (KB)
...
006 (9061361.000.000) 11/11 21:08:16 Image size of job updated: 1656260
	569  -  MemoryUsage of job (MB)
	581668  -  ResidentSetSize of job (KB)
...
006 (9061361.000.000) 11/11 21:13:17 Image size of job updated: 1657480
	572  -  MemoryUsage of job (MB)
	585300  -  ResidentSetSize of job (KB)
...
006 (9061361.000.000) 11/11 21:18:17 Image size of job updated: 1658760
	578  -  MemoryUsage of job (MB)
	591584  -  ResidentSetSize of job (KB)
...
006 (9061361.000.000) 11/11 21:23:17 Image size of job updated: 1659960
	578  -  MemoryUsage of job (MB)
	591584  -  ResidentSetSize of job (KB)
...
006 (9061361.000.000) 11/11 21:28:19 Image size of job updated: 1661232
	578  -  MemoryUsage of job (MB)
	591584  -  ResidentSetSize of job (KB)
...
006 (9061361.000.000) 11/11 21:33:19 Image size of job updated: 1663940
	589  -  MemoryUsage of job (MB)
	602668  -  ResidentSetSize of job (KB)
...
006 (9061361.000.000) 11/11 21:38:19 Image size of job updated: 1665212
	592  -  MemoryUsage of job (MB)
	606160  -  ResidentSetSize of job (KB)
...
006 (9061361.000.000) 11/11 21:43:20 Image size of job updated: 1666360
	592  -  MemoryUsage of job (MB)
	606160  -  ResidentSetSize of job (KB)
...
006 (9061361.000.000) 11/11 21:48:21 Image size of job updated: 1667680
	592  -  MemoryUsage of job (MB)
	606160  -  ResidentSetSize of job (KB)
...
006 (9061361.000.000) 11/11 21:53:21 Image size of job updated: 1668940
	592  -  MemoryUsage of job (MB)
	606160  -  ResidentSetSize of job (KB)
...
006 (9061361.000.000) 11/11 21:58:21 Image size of job updated: 1670112
	592  -  MemoryUsage of job (MB)
	606160  -  ResidentSetSize of job (KB)
...
006 (9061361.000.000) 11/11 22:03:22 Image size of job updated: 1673088
	592  -  MemoryUsage of job (MB)
	606160  -  ResidentSetSize of job (KB)
...
006 (9061361.000.000) 11/11 22:08:23 Image size of job updated: 1674468
	592  -  MemoryUsage of job (MB)
	606160  -  ResidentSetSize of job (KB)
...
006 (9061361.000.000) 11/11 22:13:23 Image size of job updated: 1675728
	592  -  MemoryUsage of job (MB)
	606160  -  ResidentSetSize of job (KB)
...
006 (9061361.000.000) 11/11 22:18:23 Image size of job updated: 1676980
	592  -  MemoryUsage of job (MB)
	606160  -  ResidentSetSize of job (KB)
...
006 (9061361.000.000) 11/11 22:21:24 Image size of job updated: 1905304
	592  -  MemoryUsage of job (MB)
	606160  -  ResidentSetSize of job (KB)
...
040 (9061361.000.000) 11/11 22:21:24 Started transferring output files
...
040 (9061361.000.000) 11/11 22:21:24 Finished transferring output files
...
005 (9061361.000.000) 11/11 22:21:24 Job terminated.
	(1) Normal termination (return value 0)
		Usr 0 02:17:34, Sys 0 07:43:06  -  Run Remote Usage
		Usr 0 00:00:00, Sys 0 00:00:00  -  Run Local Usage
		Usr 0 02:17:34, Sys 0 07:43:06  -  Total Remote Usage
		Usr 0 00:00:00, Sys 0 00:00:00  -  Total Local Usage
	4779  -  Run Bytes Sent By Job
	11541  -  Run Bytes Received By Job
	4779  -  Total Bytes Sent By Job
	11541  -  Total Bytes Received By Job
	Partitionable Resources :    Usage  Request Allocated 
	   Cpus                 :     0.99        1         1 
	   Disk (KB)            :    38          12   1317256 
	   Memory (MB)          :   592        2000      2000 

	Job terminated of its own accord at 2023-11-11T21:21:24Z.
...
