000 (9061349.000.000) 11/11 12:15:43 Job submitted from host: <188.184.90.62:9618?addrs=188.184.90.62-9618+[2001-1458-201-e4--100-238]-9618&alias=bigbird16.cern.ch&noUDP&sock=schedd_4073970_23e3>
...
000 (9061350.000.000) 11/11 12:15:43 Job submitted from host: <188.184.90.62:9618?addrs=188.184.90.62-9618+[2001-1458-201-e4--100-238]-9618&alias=bigbird16.cern.ch&noUDP&sock=schedd_4073970_23e3>
...
040 (9061349.000.000) 11/11 12:17:09 Started transferring input files
	Transferring to host: <128.142.248.62:9618?addrs=128.142.248.62-9618+[2001-1458-301-73--100-12e]-9618&alias=b7g23p9060.cern.ch&noUDP&sock=slot1_1_3735_6531_252150>
...
040 (9061349.000.000) 11/11 12:17:09 Finished transferring input files
...
040 (9061350.000.000) 11/11 12:17:09 Started transferring input files
	Transferring to host: <128.142.132.171:9618?addrs=128.142.132.171-9618+[2001-1458-301-5a--100-9f]-9618&alias=b7g12p4360.cern.ch&noUDP&sock=slot1_10_3063_e916_27738>
...
040 (9061350.000.000) 11/11 12:17:09 Finished transferring input files
...
001 (9061349.000.000) 11/11 12:17:10 Job executing on host: <128.142.248.62:9618?addrs=128.142.248.62-9618+[2001-1458-301-73--100-12e]-9618&alias=b7g23p9060.cern.ch&noUDP&sock=startd_3148_d83a>
...
001 (9061350.000.000) 11/11 12:17:10 Job executing on host: <128.142.132.171:9618?addrs=128.142.132.171-9618+[2001-1458-301-5a--100-9f]-9618&alias=b7g12p4360.cern.ch&noUDP&sock=startd_2874_e747>
...
006 (9061349.000.000) 11/11 12:17:19 Image size of job updated: 311076
	159  -  MemoryUsage of job (MB)
	161812  -  ResidentSetSize of job (KB)
...
006 (9061350.000.000) 11/11 12:17:19 Image size of job updated: 305632
	153  -  MemoryUsage of job (MB)
	156604  -  ResidentSetSize of job (KB)
...
006 (9061350.000.000) 11/11 12:18:41 Image size of job updated: 1273752
	154  -  MemoryUsage of job (MB)
	157156  -  ResidentSetSize of job (KB)
...
040 (9061350.000.000) 11/11 12:18:41 Started transferring output files
...
040 (9061350.000.000) 11/11 12:18:41 Finished transferring output files
...
005 (9061350.000.000) 11/11 12:18:41 Job terminated.
	(1) Normal termination (return value 0)
		Usr 0 00:01:11, Sys 0 00:00:02  -  Run Remote Usage
		Usr 0 00:00:00, Sys 0 00:00:00  -  Run Local Usage
		Usr 0 00:01:11, Sys 0 00:00:02  -  Total Remote Usage
		Usr 0 00:00:00, Sys 0 00:00:00  -  Total Local Usage
	4779  -  Run Bytes Sent By Job
	11536  -  Run Bytes Received By Job
	4779  -  Total Bytes Sent By Job
	11536  -  Total Bytes Received By Job
	Partitionable Resources :    Usage  Request Allocated 
	   Cpus                 :                 1         1 
	   Disk (KB)            :       30       12   1618425 
	   Memory (MB)          :      154     2000      2000 

	Job terminated of its own accord at 2023-11-11T11:18:41Z.
...
006 (9061349.000.000) 11/11 12:18:41 Image size of job updated: 1273616
	159  -  MemoryUsage of job (MB)
	161812  -  ResidentSetSize of job (KB)
...
040 (9061349.000.000) 11/11 12:18:41 Started transferring output files
...
040 (9061349.000.000) 11/11 12:18:41 Finished transferring output files
...
005 (9061349.000.000) 11/11 12:18:41 Job terminated.
	(1) Normal termination (return value 0)
		Usr 0 00:01:11, Sys 0 00:00:01  -  Run Remote Usage
		Usr 0 00:00:00, Sys 0 00:00:00  -  Run Local Usage
		Usr 0 00:01:11, Sys 0 00:00:01  -  Total Remote Usage
		Usr 0 00:00:00, Sys 0 00:00:00  -  Total Local Usage
	4779  -  Run Bytes Sent By Job
	11536  -  Run Bytes Received By Job
	4779  -  Total Bytes Sent By Job
	11536  -  Total Bytes Received By Job
	Partitionable Resources :    Usage  Request Allocated 
	   Cpus                 :                 1         1 
	   Disk (KB)            :       30       12   3118073 
	   Memory (MB)          :      159     2000      2000 

	Job terminated of its own accord at 2023-11-11T11:18:41Z.
...
