000 (9061347.000.000) 11/11 12:15:39 Job submitted from host: <188.184.90.62:9618?addrs=188.184.90.62-9618+[2001-1458-201-e4--100-238]-9618&alias=bigbird16.cern.ch&noUDP&sock=schedd_4073970_23e3>
...
040 (9061347.000.000) 11/11 12:17:08 Started transferring input files
	Transferring to host: <188.184.160.150:9618?addrs=188.184.160.150-9618+[2001-1458-301-48--100-90]-9618&alias=b7s09p5770.cern.ch&noUDP&sock=slot1_1_231283_8bd6_262228>
...
040 (9061347.000.000) 11/11 12:17:08 Finished transferring input files
...
001 (9061347.000.000) 11/11 12:17:09 Job executing on host: <188.184.160.150:9618?addrs=188.184.160.150-9618+[2001-1458-301-48--100-90]-9618&alias=b7s09p5770.cern.ch&noUDP&sock=startd_231245_6a12>
...
006 (9061347.000.000) 11/11 12:17:18 Image size of job updated: 126384
	5  -  MemoryUsage of job (MB)
	4884  -  ResidentSetSize of job (KB)
...
006 (9061347.000.000) 11/11 12:18:32 Image size of job updated: 1242584
	5  -  MemoryUsage of job (MB)
	4884  -  ResidentSetSize of job (KB)
...
040 (9061347.000.000) 11/11 12:18:32 Started transferring output files
...
040 (9061347.000.000) 11/11 12:18:32 Finished transferring output files
...
005 (9061347.000.000) 11/11 12:18:32 Job terminated.
	(1) Normal termination (return value 0)
		Usr 0 00:00:06, Sys 0 00:00:01  -  Run Remote Usage
		Usr 0 00:00:00, Sys 0 00:00:00  -  Run Local Usage
		Usr 0 00:00:06, Sys 0 00:00:01  -  Total Remote Usage
		Usr 0 00:00:00, Sys 0 00:00:00  -  Total Local Usage
	4778  -  Run Bytes Sent By Job
	11532  -  Run Bytes Received By Job
	4778  -  Total Bytes Sent By Job
	11532  -  Total Bytes Received By Job
	Partitionable Resources :    Usage  Request Allocated 
	   Cpus                 :                 1         1 
	   Disk (KB)            :       30       12   3014055 
	   Memory (MB)          :        5     2000      2000 

	Job terminated of its own accord at 2023-11-11T11:18:32Z.
...
