000 (9061358.000.000) 11/11 12:15:55 Job submitted from host: <188.184.90.62:9618?addrs=188.184.90.62-9618+[2001-1458-201-e4--100-238]-9618&alias=bigbird16.cern.ch&noUDP&sock=schedd_4073970_23e3>
...
040 (9061358.000.000) 11/11 12:17:12 Started transferring input files
	Transferring to host: <128.142.63.100:9618?addrs=128.142.63.100-9618+[2001-1458-301-38--100-61]-9618&alias=b7s08p7111.cern.ch&noUDP&sock=slot1_9_7574_516d_93613>
...
040 (9061358.000.000) 11/11 12:17:12 Finished transferring input files
...
001 (9061358.000.000) 11/11 12:17:13 Job executing on host: <128.142.63.100:9618?addrs=128.142.63.100-9618+[2001-1458-301-38--100-61]-9618&alias=b7s08p7111.cern.ch&noUDP&sock=startd_5955_3691>
...
006 (9061358.000.000) 11/11 12:17:22 Image size of job updated: 260328
	117  -  MemoryUsage of job (MB)
	119164  -  ResidentSetSize of job (KB)
...
006 (9061358.000.000) 11/11 12:22:23 Image size of job updated: 1316160
	255  -  MemoryUsage of job (MB)
	260712  -  ResidentSetSize of job (KB)
...
006 (9061358.000.000) 11/11 12:27:24 Image size of job updated: 1379704
	290  -  MemoryUsage of job (MB)
	296548  -  ResidentSetSize of job (KB)
...
006 (9061358.000.000) 11/11 12:37:24 Image size of job updated: 1380636
	292  -  MemoryUsage of job (MB)
	298984  -  ResidentSetSize of job (KB)
...
006 (9061358.000.000) 11/11 12:42:25 Image size of job updated: 1389256
	301  -  MemoryUsage of job (MB)
	308116  -  ResidentSetSize of job (KB)
...
006 (9061358.000.000) 11/11 12:47:26 Image size of job updated: 1397716
	318  -  MemoryUsage of job (MB)
	325156  -  ResidentSetSize of job (KB)
...
006 (9061358.000.000) 11/11 12:52:26 Image size of job updated: 1407780
	318  -  MemoryUsage of job (MB)
	325156  -  ResidentSetSize of job (KB)
...
006 (9061358.000.000) 11/11 12:57:27 Image size of job updated: 1414676
	342  -  MemoryUsage of job (MB)
	349448  -  ResidentSetSize of job (KB)
...
006 (9061358.000.000) 11/11 13:02:28 Image size of job updated: 1420288
	347  -  MemoryUsage of job (MB)
	355220  -  ResidentSetSize of job (KB)
...
006 (9061358.000.000) 11/11 13:07:28 Image size of job updated: 1428608
	347  -  MemoryUsage of job (MB)
	355220  -  ResidentSetSize of job (KB)
...
006 (9061358.000.000) 11/11 13:12:28 Image size of job updated: 1436080
	364  -  MemoryUsage of job (MB)
	372572  -  ResidentSetSize of job (KB)
...
006 (9061358.000.000) 11/11 13:17:29 Image size of job updated: 1442116
	364  -  MemoryUsage of job (MB)
	372572  -  ResidentSetSize of job (KB)
...
006 (9061358.000.000) 11/11 13:22:30 Image size of job updated: 1447860
	372  -  MemoryUsage of job (MB)
	380508  -  ResidentSetSize of job (KB)
...
006 (9061358.000.000) 11/11 13:27:30 Image size of job updated: 1453424
	383  -  MemoryUsage of job (MB)
	391196  -  ResidentSetSize of job (KB)
...
006 (9061358.000.000) 11/11 13:32:30 Image size of job updated: 1459020
	383  -  MemoryUsage of job (MB)
	391196  -  ResidentSetSize of job (KB)
...
006 (9061358.000.000) 11/11 13:37:31 Image size of job updated: 1464252
	383  -  MemoryUsage of job (MB)
	391196  -  ResidentSetSize of job (KB)
...
006 (9061358.000.000) 11/11 13:42:31 Image size of job updated: 1469428
	383  -  MemoryUsage of job (MB)
	391196  -  ResidentSetSize of job (KB)
...
006 (9061358.000.000) 11/11 13:47:31 Image size of job updated: 1475528
	386  -  MemoryUsage of job (MB)
	394516  -  ResidentSetSize of job (KB)
...
006 (9061358.000.000) 11/11 13:52:32 Image size of job updated: 1479144
	386  -  MemoryUsage of job (MB)
	394516  -  ResidentSetSize of job (KB)
...
006 (9061358.000.000) 11/11 13:57:02 Image size of job updated: 1479336
	386  -  MemoryUsage of job (MB)
	394516  -  ResidentSetSize of job (KB)
...
040 (9061358.000.000) 11/11 13:57:02 Started transferring output files
...
040 (9061358.000.000) 11/11 13:57:02 Finished transferring output files
...
005 (9061358.000.000) 11/11 13:57:02 Job terminated.
	(1) Normal termination (return value 0)
		Usr 0 00:34:03, Sys 0 00:59:55  -  Run Remote Usage
		Usr 0 00:00:00, Sys 0 00:00:00  -  Run Local Usage
		Usr 0 00:34:03, Sys 0 00:59:55  -  Total Remote Usage
		Usr 0 00:00:00, Sys 0 00:00:00  -  Total Local Usage
	4780  -  Run Bytes Sent By Job
	11540  -  Run Bytes Received By Job
	4780  -  Total Bytes Sent By Job
	11540  -  Total Bytes Received By Job
	Partitionable Resources :    Usage  Request Allocated 
	   Cpus                 :     0.91        1         1 
	   Disk (KB)            :    38          12   1331660 
	   Memory (MB)          :   386        2000      2000 

	Job terminated of its own accord at 2023-11-11T12:57:02Z.
...
