000 (9061329.000.000) 11/11 12:15:25 Job submitted from host: <188.184.90.62:9618?addrs=188.184.90.62-9618+[2001-1458-201-e4--100-238]-9618&alias=bigbird16.cern.ch&noUDP&sock=schedd_4073970_23e3>
...
000 (9061330.000.000) 11/11 12:15:25 Job submitted from host: <188.184.90.62:9618?addrs=188.184.90.62-9618+[2001-1458-201-e4--100-238]-9618&alias=bigbird16.cern.ch&noUDP&sock=schedd_4073970_23e3>
...
040 (9061330.000.000) 11/11 12:17:06 Started transferring input files
	Transferring to host: <128.142.58.174:9618?addrs=128.142.58.174-9618+[2001-1458-301-16--100-ad]-9618&alias=b7s03p4524.cern.ch&noUDP&sock=slot1_13_3985_8afb_40166>
...
040 (9061330.000.000) 11/11 12:17:06 Finished transferring input files
...
040 (9061329.000.000) 11/11 12:17:06 Started transferring input files
	Transferring to host: <128.142.58.62:9618?addrs=128.142.58.62-9618+[2001-1458-301-16--100-3d]-9618&alias=b7s03p9378.cern.ch&noUDP&sock=slot1_11_60897_3205_189096>
...
040 (9061329.000.000) 11/11 12:17:06 Finished transferring input files
...
001 (9061330.000.000) 11/11 12:17:07 Job executing on host: <128.142.58.174:9618?addrs=128.142.58.174-9618+[2001-1458-301-16--100-ad]-9618&alias=b7s03p4524.cern.ch&noUDP&sock=startd_2896_fe5c>
...
001 (9061329.000.000) 11/11 12:17:07 Job executing on host: <128.142.58.62:9618?addrs=128.142.58.62-9618+[2001-1458-301-16--100-3d]-9618&alias=b7s03p9378.cern.ch&noUDP&sock=startd_2742_5cc6>
...
006 (9061330.000.000) 11/11 12:17:16 Image size of job updated: 850692
	161  -  MemoryUsage of job (MB)
	164176  -  ResidentSetSize of job (KB)
...
006 (9061329.000.000) 11/11 12:17:16 Image size of job updated: 260600
	117  -  MemoryUsage of job (MB)
	119444  -  ResidentSetSize of job (KB)
...
040 (9061330.000.000) 11/11 12:17:19 Started transferring output files
...
040 (9061330.000.000) 11/11 12:17:19 Finished transferring output files
...
005 (9061330.000.000) 11/11 12:17:20 Job terminated.
	(1) Normal termination (return value 0)
		Usr 0 00:00:03, Sys 0 00:00:01  -  Run Remote Usage
		Usr 0 00:00:00, Sys 0 00:00:00  -  Run Local Usage
		Usr 0 00:00:03, Sys 0 00:00:01  -  Total Remote Usage
		Usr 0 00:00:00, Sys 0 00:00:00  -  Total Local Usage
	4786  -  Run Bytes Sent By Job
	11558  -  Run Bytes Received By Job
	4786  -  Total Bytes Sent By Job
	11558  -  Total Bytes Received By Job
	Partitionable Resources :    Usage  Request Allocated 
	   Cpus                 :                 1         1 
	   Disk (KB)            :       30       12   1258207 
	   Memory (MB)          :      161     2000      2000 

	Job terminated of its own accord at 2023-11-11T11:17:19Z.
...
006 (9061329.000.000) 11/11 12:17:41 Image size of job updated: 1246696
	117  -  MemoryUsage of job (MB)
	119680  -  ResidentSetSize of job (KB)
...
040 (9061329.000.000) 11/11 12:17:41 Started transferring output files
...
040 (9061329.000.000) 11/11 12:17:41 Finished transferring output files
...
005 (9061329.000.000) 11/11 12:17:41 Job terminated.
	(1) Normal termination (return value 0)
		Usr 0 00:00:05, Sys 0 00:00:01  -  Run Remote Usage
		Usr 0 00:00:00, Sys 0 00:00:00  -  Run Local Usage
		Usr 0 00:00:05, Sys 0 00:00:01  -  Total Remote Usage
		Usr 0 00:00:00, Sys 0 00:00:00  -  Total Local Usage
	4786  -  Run Bytes Sent By Job
	11558  -  Run Bytes Received By Job
	4786  -  Total Bytes Sent By Job
	11558  -  Total Bytes Received By Job
	Partitionable Resources :    Usage  Request Allocated 
	   Cpus                 :                 1         1 
	   Disk (KB)            :       30       12   1324523 
	   Memory (MB)          :      117     2000      2000 

	Job terminated of its own accord at 2023-11-11T11:17:41Z.
...
