000 (9061335.000.000) 11/11 12:15:29 Job submitted from host: <188.184.90.62:9618?addrs=188.184.90.62-9618+[2001-1458-201-e4--100-238]-9618&alias=bigbird16.cern.ch&noUDP&sock=schedd_4073970_23e3>
...
040 (9061335.000.000) 11/11 12:17:07 Started transferring input files
	Transferring to host: <128.142.61.146:9618?addrs=128.142.61.146-9618+[2001-1458-301-23--100-91]-9618&alias=b7s06p8457.cern.ch&noUDP&sock=slot1_14_4518_16f1_249933>
...
040 (9061335.000.000) 11/11 12:17:07 Finished transferring input files
...
001 (9061335.000.000) 11/11 12:17:08 Job executing on host: <128.142.61.146:9618?addrs=128.142.61.146-9618+[2001-1458-301-23--100-91]-9618&alias=b7s06p8457.cern.ch&noUDP&sock=startd_3265_18ce>
...
006 (9061335.000.000) 11/11 12:17:17 Image size of job updated: 852696
	126  -  MemoryUsage of job (MB)
	128652  -  ResidentSetSize of job (KB)
...
006 (9061335.000.000) 11/11 12:22:18 Image size of job updated: 1342384
	264  -  MemoryUsage of job (MB)
	269460  -  ResidentSetSize of job (KB)
...
006 (9061335.000.000) 11/11 12:27:19 Image size of job updated: 1370812
	294  -  MemoryUsage of job (MB)
	301028  -  ResidentSetSize of job (KB)
...
006 (9061335.000.000) 11/11 12:32:19 Image size of job updated: 1374312
	294  -  MemoryUsage of job (MB)
	301028  -  ResidentSetSize of job (KB)
...
006 (9061335.000.000) 11/11 12:37:20 Image size of job updated: 1385040
	320  -  MemoryUsage of job (MB)
	327400  -  ResidentSetSize of job (KB)
...
006 (9061335.000.000) 11/11 12:42:21 Image size of job updated: 1391484
	320  -  MemoryUsage of job (MB)
	327400  -  ResidentSetSize of job (KB)
...
006 (9061335.000.000) 11/11 12:47:21 Image size of job updated: 1399880
	320  -  MemoryUsage of job (MB)
	327400  -  ResidentSetSize of job (KB)
...
006 (9061335.000.000) 11/11 12:52:21 Image size of job updated: 1407052
	320  -  MemoryUsage of job (MB)
	327400  -  ResidentSetSize of job (KB)
...
006 (9061335.000.000) 11/11 12:57:22 Image size of job updated: 1416424
	344  -  MemoryUsage of job (MB)
	351980  -  ResidentSetSize of job (KB)
...
006 (9061335.000.000) 11/11 13:02:23 Image size of job updated: 1420884
	350  -  MemoryUsage of job (MB)
	357780  -  ResidentSetSize of job (KB)
...
006 (9061335.000.000) 11/11 13:07:23 Image size of job updated: 1427388
	352  -  MemoryUsage of job (MB)
	359736  -  ResidentSetSize of job (KB)
...
006 (9061335.000.000) 11/11 13:12:23 Image size of job updated: 1433892
	352  -  MemoryUsage of job (MB)
	359736  -  ResidentSetSize of job (KB)
...
006 (9061335.000.000) 11/11 13:17:24 Image size of job updated: 1439944
	362  -  MemoryUsage of job (MB)
	369880  -  ResidentSetSize of job (KB)
...
006 (9061335.000.000) 11/11 13:22:25 Image size of job updated: 1445256
	370  -  MemoryUsage of job (MB)
	378676  -  ResidentSetSize of job (KB)
...
006 (9061335.000.000) 11/11 13:27:25 Image size of job updated: 1450676
	370  -  MemoryUsage of job (MB)
	378676  -  ResidentSetSize of job (KB)
...
006 (9061335.000.000) 11/11 13:32:25 Image size of job updated: 1455908
	370  -  MemoryUsage of job (MB)
	378676  -  ResidentSetSize of job (KB)
...
006 (9061335.000.000) 11/11 13:37:26 Image size of job updated: 1461132
	378  -  MemoryUsage of job (MB)
	386844  -  ResidentSetSize of job (KB)
...
006 (9061335.000.000) 11/11 13:42:27 Image size of job updated: 1466260
	378  -  MemoryUsage of job (MB)
	386844  -  ResidentSetSize of job (KB)
...
006 (9061335.000.000) 11/11 13:47:27 Image size of job updated: 1471364
	378  -  MemoryUsage of job (MB)
	386844  -  ResidentSetSize of job (KB)
...
006 (9061335.000.000) 11/11 13:52:27 Image size of job updated: 1480928
	378  -  MemoryUsage of job (MB)
	386844  -  ResidentSetSize of job (KB)
...
006 (9061335.000.000) 11/11 13:57:28 Image size of job updated: 1483816
	387  -  MemoryUsage of job (MB)
	396124  -  ResidentSetSize of job (KB)
...
006 (9061335.000.000) 11/11 14:02:28 Image size of job updated: 1486516
	387  -  MemoryUsage of job (MB)
	396124  -  ResidentSetSize of job (KB)
...
006 (9061335.000.000) 11/11 14:07:28 Image size of job updated: 1487784
	387  -  MemoryUsage of job (MB)
	396124  -  ResidentSetSize of job (KB)
...
006 (9061335.000.000) 11/11 14:12:29 Image size of job updated: 1487784
	393  -  MemoryUsage of job (MB)
	402252  -  ResidentSetSize of job (KB)
...
006 (9061335.000.000) 11/11 14:17:30 Image size of job updated: 1487784
	399  -  MemoryUsage of job (MB)
	408032  -  ResidentSetSize of job (KB)
...
040 (9061335.000.000) 11/11 14:31:05 Entered queue to transfer output files
...
040 (9061335.000.000) 11/11 14:31:51 Started transferring output files
...
040 (9061335.000.000) 11/11 14:31:51 Finished transferring output files
...
005 (9061335.000.000) 11/11 14:31:52 Job terminated.
	(1) Normal termination (return value 0)
		Usr 0 00:38:53, Sys 0 01:32:48  -  Run Remote Usage
		Usr 0 00:00:00, Sys 0 00:00:00  -  Run Local Usage
		Usr 0 00:38:53, Sys 0 01:32:48  -  Total Remote Usage
		Usr 0 00:00:00, Sys 0 00:00:00  -  Total Local Usage
	4786  -  Run Bytes Sent By Job
	11557  -  Run Bytes Received By Job
	4786  -  Total Bytes Sent By Job
	11557  -  Total Bytes Received By Job
	Partitionable Resources :    Usage  Request Allocated 
	   Cpus                 :        0        1         1 
	   Disk (KB)            :       38       12   2892282 
	   Memory (MB)          :      399     2000      2000 

	Job terminated of its own accord at 2023-11-11T13:31:00Z.
...
