000 (9170596.000.000) 12/26 19:35:12 Job submitted from host: <188.184.90.62:9618?addrs=188.184.90.62-9618+[2001-1458-201-e4--100-238]-9618&alias=bigbird16.cern.ch&noUDP&sock=schedd_4073970_23e3>
...
040 (9170596.000.000) 12/26 19:35:54 Started transferring input files
	Transferring to host: <128.142.57.127:9618?addrs=128.142.57.127-9618+[2001-1458-301-7--100-7e]-9618&alias=b7s02p6294.cern.ch&noUDP&sock=slot1_6_4123_c6c1_218661>
...
040 (9170596.000.000) 12/26 19:35:54 Finished transferring input files
...
001 (9170596.000.000) 12/26 19:35:55 Job executing on host: <128.142.57.127:9618?addrs=128.142.57.127-9618+[2001-1458-301-7--100-7e]-9618&alias=b7s02p6294.cern.ch&noUDP&sock=startd_2855_defa>
...
006 (9170596.000.000) 12/26 19:36:04 Image size of job updated: 1197128
	162  -  MemoryUsage of job (MB)
	165708  -  ResidentSetSize of job (KB)
...
006 (9170596.000.000) 12/26 19:37:47 Image size of job updated: 1307508
	162  -  MemoryUsage of job (MB)
	165708  -  ResidentSetSize of job (KB)
...
040 (9170596.000.000) 12/26 19:37:47 Started transferring output files
...
040 (9170596.000.000) 12/26 19:37:47 Finished transferring output files
...
005 (9170596.000.000) 12/26 19:37:47 Job terminated.
	(1) Normal termination (return value 0)
		Usr 0 00:00:48, Sys 0 00:00:01  -  Run Remote Usage
		Usr 0 00:00:00, Sys 0 00:00:00  -  Run Local Usage
		Usr 0 00:00:48, Sys 0 00:00:01  -  Total Remote Usage
		Usr 0 00:00:00, Sys 0 00:00:00  -  Total Local Usage
	6066  -  Run Bytes Sent By Job
	11184  -  Run Bytes Received By Job
	6066  -  Total Bytes Sent By Job
	11184  -  Total Bytes Received By Job
	Partitionable Resources :    Usage  Request Allocated 
	   Cpus                 :                 1         1 
	   Disk (KB)            :       31       12   1275312 
	   Memory (MB)          :      162     2000      2000 

	Job terminated of its own accord at 2023-12-26T18:37:47Z.
...
