000 (9170595.000.000) 12/26 19:35:09 Job submitted from host: <188.184.90.62:9618?addrs=188.184.90.62-9618+[2001-1458-201-e4--100-238]-9618&alias=bigbird16.cern.ch&noUDP&sock=schedd_4073970_23e3>
...
040 (9170595.000.000) 12/26 19:35:53 Started transferring input files
	Transferring to host: <128.142.132.17:9618?addrs=128.142.132.17-9618+[2001-1458-301-5a--100-5]-9618&alias=b7g12p2280.cern.ch&noUDP&sock=slot1_3_5044_b446_265676>
...
040 (9170595.000.000) 12/26 19:35:53 Finished transferring input files
...
001 (9170595.000.000) 12/26 19:35:54 Job executing on host: <128.142.132.17:9618?addrs=128.142.132.17-9618+[2001-1458-301-5a--100-5]-9618&alias=b7g12p2280.cern.ch&noUDP&sock=startd_4366_4a94>
...
006 (9170595.000.000) 12/26 19:36:02 Image size of job updated: 816732
	147  -  MemoryUsage of job (MB)
	149588  -  ResidentSetSize of job (KB)
...
006 (9170595.000.000) 12/26 19:36:35 Image size of job updated: 1305112
	147  -  MemoryUsage of job (MB)
	149588  -  ResidentSetSize of job (KB)
...
040 (9170595.000.000) 12/26 19:36:35 Started transferring output files
...
040 (9170595.000.000) 12/26 19:36:35 Finished transferring output files
...
005 (9170595.000.000) 12/26 19:36:35 Job terminated.
	(1) Normal termination (return value 0)
		Usr 0 00:00:14, Sys 0 00:00:01  -  Run Remote Usage
		Usr 0 00:00:00, Sys 0 00:00:00  -  Run Local Usage
		Usr 0 00:00:14, Sys 0 00:00:01  -  Total Remote Usage
		Usr 0 00:00:00, Sys 0 00:00:00  -  Total Local Usage
	5633  -  Run Bytes Sent By Job
	11183  -  Run Bytes Received By Job
	5633  -  Total Bytes Sent By Job
	11183  -  Total Bytes Received By Job
	Partitionable Resources :    Usage  Request Allocated 
	   Cpus                 :                 1         1 
	   Disk (KB)            :       30       12   1679202 
	   Memory (MB)          :      147     2000      2000 

	Job terminated of its own accord at 2023-12-26T18:36:35Z.
...
