000 (9170616.000.000) 12/26 19:35:52 Job submitted from host: <188.184.90.62:9618?addrs=188.184.90.62-9618+[2001-1458-201-e4--100-238]-9618&alias=bigbird16.cern.ch&noUDP&sock=schedd_4073970_23e3>
...
040 (9170616.000.000) 12/26 19:36:02 Started transferring input files
	Transferring to host: <128.142.57.113:9618?addrs=128.142.57.113-9618+[2001-1458-301-7--100-70]-9618&alias=b7s02p4192.cern.ch&noUDP&sock=slot1_34_5083_2ee8_221977>
...
040 (9170616.000.000) 12/26 19:36:02 Finished transferring input files
...
001 (9170616.000.000) 12/26 19:36:03 Job executing on host: <128.142.57.113:9618?addrs=128.142.57.113-9618+[2001-1458-301-7--100-70]-9618&alias=b7s02p4192.cern.ch&noUDP&sock=startd_4625_f19b>
...
006 (9170616.000.000) 12/26 19:36:12 Image size of job updated: 823260
	183  -  MemoryUsage of job (MB)
	187324  -  ResidentSetSize of job (KB)
...
006 (9170616.000.000) 12/26 19:37:16 Image size of job updated: 1274388
	183  -  MemoryUsage of job (MB)
	187324  -  ResidentSetSize of job (KB)
...
040 (9170616.000.000) 12/26 19:37:16 Started transferring output files
...
040 (9170616.000.000) 12/26 19:37:16 Finished transferring output files
...
005 (9170616.000.000) 12/26 19:37:16 Job terminated.
	(1) Normal termination (return value 0)
		Usr 0 00:00:33, Sys 0 00:00:01  -  Run Remote Usage
		Usr 0 00:00:00, Sys 0 00:00:00  -  Run Local Usage
		Usr 0 00:00:33, Sys 0 00:00:01  -  Total Remote Usage
		Usr 0 00:00:00, Sys 0 00:00:00  -  Total Local Usage
	6140  -  Run Bytes Sent By Job
	11184  -  Run Bytes Received By Job
	6140  -  Total Bytes Sent By Job
	11184  -  Total Bytes Received By Job
	Partitionable Resources :    Usage  Request Allocated 
	   Cpus                 :                 1         1 
	   Disk (KB)            :       32       12   2998034 
	   Memory (MB)          :      183     2000      2000 

	Job terminated of its own accord at 2023-12-26T18:37:16Z.
...
