000 (9170590.000.000) 12/26 19:35:01 Job submitted from host: <188.184.90.62:9618?addrs=188.184.90.62-9618+[2001-1458-201-e4--100-238]-9618&alias=bigbird16.cern.ch&noUDP&sock=schedd_4073970_23e3>
...
040 (9170590.000.000) 12/26 19:35:52 Started transferring input files
	Transferring to host: <128.142.56.87:9618?addrs=128.142.56.87-9618+[2001-1458-301-6--100-56]-9618&alias=b7s01p0440.cern.ch&noUDP&sock=slot1_13_4216_4da5_222281>
...
040 (9170590.000.000) 12/26 19:35:52 Finished transferring input files
...
001 (9170590.000.000) 12/26 19:35:53 Job executing on host: <128.142.56.87:9618?addrs=128.142.56.87-9618+[2001-1458-301-6--100-56]-9618&alias=b7s01p0440.cern.ch&noUDP&sock=startd_2941_dc1f>
...
006 (9170590.000.000) 12/26 19:36:02 Image size of job updated: 306036
	147  -  MemoryUsage of job (MB)
	150500  -  ResidentSetSize of job (KB)
...
006 (9170590.000.000) 12/26 19:41:03 Image size of job updated: 1307504
	229  -  MemoryUsage of job (MB)
	234248  -  ResidentSetSize of job (KB)
...
006 (9170590.000.000) 12/26 19:46:03 Image size of job updated: 1307504
	229  -  MemoryUsage of job (MB)
	234272  -  ResidentSetSize of job (KB)
...
006 (9170590.000.000) 12/26 19:51:03 Image size of job updated: 1307504
	229  -  MemoryUsage of job (MB)
	234296  -  ResidentSetSize of job (KB)
...
040 (9170590.000.000) 12/26 19:55:25 Started transferring output files
...
040 (9170590.000.000) 12/26 19:55:25 Finished transferring output files
...
005 (9170590.000.000) 12/26 19:55:25 Job terminated.
	(1) Normal termination (return value 0)
		Usr 0 00:09:23, Sys 0 00:00:06  -  Run Remote Usage
		Usr 0 00:00:00, Sys 0 00:00:00  -  Run Local Usage
		Usr 0 00:09:23, Sys 0 00:00:06  -  Total Remote Usage
		Usr 0 00:00:00, Sys 0 00:00:00  -  Total Local Usage
	12311  -  Run Bytes Sent By Job
	11179  -  Run Bytes Received By Job
	12311  -  Total Bytes Sent By Job
	11179  -  Total Bytes Received By Job
	Partitionable Resources :    Usage  Request Allocated 
	   Cpus                 :     0.40        1         1 
	   Disk (KB)            :    44          12   1380656 
	   Memory (MB)          :   229        2000      2000 

	Job terminated of its own accord at 2023-12-26T18:55:25Z.
...
