000 (9170610.000.000) 12/26 19:35:40 Job submitted from host: <188.184.90.62:9618?addrs=188.184.90.62-9618+[2001-1458-201-e4--100-238]-9618&alias=bigbird16.cern.ch&noUDP&sock=schedd_4073970_23e3>
...
040 (9170610.000.000) 12/26 19:35:58 Started transferring input files
	Transferring to host: <128.142.57.91:9618?addrs=128.142.57.91-9618+[2001-1458-301-7--100-5a]-9618&alias=b7s02p5034.cern.ch&noUDP&sock=slot1_15_4157_bb82_223397>
...
040 (9170610.000.000) 12/26 19:35:58 Finished transferring input files
...
001 (9170610.000.000) 12/26 19:35:59 Job executing on host: <128.142.57.91:9618?addrs=128.142.57.91-9618+[2001-1458-301-7--100-5a]-9618&alias=b7s02p5034.cern.ch&noUDP&sock=startd_2922_d3d2>
...
006 (9170610.000.000) 12/26 19:36:07 Image size of job updated: 304824
	147  -  MemoryUsage of job (MB)
	149580  -  ResidentSetSize of job (KB)
...
006 (9170610.000.000) 12/26 19:37:06 Image size of job updated: 1277604
	147  -  MemoryUsage of job (MB)
	149580  -  ResidentSetSize of job (KB)
...
040 (9170610.000.000) 12/26 19:37:06 Started transferring output files
...
040 (9170610.000.000) 12/26 19:37:06 Finished transferring output files
...
005 (9170610.000.000) 12/26 19:37:06 Job terminated.
	(1) Normal termination (return value 0)
		Usr 0 00:00:23, Sys 0 00:00:01  -  Run Remote Usage
		Usr 0 00:00:00, Sys 0 00:00:00  -  Run Local Usage
		Usr 0 00:00:23, Sys 0 00:00:01  -  Total Remote Usage
		Usr 0 00:00:00, Sys 0 00:00:00  -  Total Local Usage
	6185  -  Run Bytes Sent By Job
	11184  -  Run Bytes Received By Job
	6185  -  Total Bytes Sent By Job
	11184  -  Total Bytes Received By Job
	Partitionable Resources :    Usage  Request Allocated 
	   Cpus                 :                 1         1 
	   Disk (KB)            :       31       12   1334477 
	   Memory (MB)          :      147     2000      2000 

	Job terminated of its own accord at 2023-12-26T18:37:06Z.
...
