000 (9170608.000.000) 12/26 19:35:36 Job submitted from host: <188.184.90.62:9618?addrs=188.184.90.62-9618+[2001-1458-201-e4--100-238]-9618&alias=bigbird16.cern.ch&noUDP&sock=schedd_4073970_23e3>
...
040 (9170608.000.000) 12/26 19:35:58 Started transferring input files
	Transferring to host: <128.142.59.133:9618?addrs=128.142.59.133-9618+[2001-1458-301-21--100-84]-9618&alias=b7s04p7137.cern.ch&noUDP&sock=slot1_9_40612_93ed_193876>
...
040 (9170608.000.000) 12/26 19:35:58 Finished transferring input files
...
001 (9170608.000.000) 12/26 19:35:59 Job executing on host: <128.142.59.133:9618?addrs=128.142.59.133-9618+[2001-1458-301-21--100-84]-9618&alias=b7s04p7137.cern.ch&noUDP&sock=startd_26294_134f>
...
006 (9170608.000.000) 12/26 19:36:07 Image size of job updated: 813416
	147  -  MemoryUsage of job (MB)
	149864  -  ResidentSetSize of job (KB)
...
006 (9170608.000.000) 12/26 19:36:37 Image size of job updated: 1281936
	147  -  MemoryUsage of job (MB)
	149864  -  ResidentSetSize of job (KB)
...
040 (9170608.000.000) 12/26 19:36:38 Started transferring output files
...
040 (9170608.000.000) 12/26 19:36:38 Finished transferring output files
...
005 (9170608.000.000) 12/26 19:36:38 Job terminated.
	(1) Normal termination (return value 0)
		Usr 0 00:00:08, Sys 0 00:00:01  -  Run Remote Usage
		Usr 0 00:00:00, Sys 0 00:00:00  -  Run Local Usage
		Usr 0 00:00:08, Sys 0 00:00:01  -  Total Remote Usage
		Usr 0 00:00:00, Sys 0 00:00:00  -  Total Local Usage
	5827  -  Run Bytes Sent By Job
	11184  -  Run Bytes Received By Job
	5827  -  Total Bytes Sent By Job
	11184  -  Total Bytes Received By Job
	Partitionable Resources :    Usage  Request Allocated 
	   Cpus                 :                 1         1 
	   Disk (KB)            :       31       12   2940118 
	   Memory (MB)          :      147     2000      2000 

	Job terminated of its own accord at 2023-12-26T18:36:37Z.
...
