000 (9170607.000.000) 12/26 19:35:34 Job submitted from host: <188.184.90.62:9618?addrs=188.184.90.62-9618+[2001-1458-201-e4--100-238]-9618&alias=bigbird16.cern.ch&noUDP&sock=schedd_4073970_23e3>
...
040 (9170607.000.000) 12/26 19:35:57 Started transferring input files
	Transferring to host: <128.142.59.12:9618?addrs=128.142.59.12-9618+[2001-1458-301-21--100-b]-9618&alias=b7s04p6505.cern.ch&noUDP&sock=slot1_22_9096_b46b_218614>
...
040 (9170607.000.000) 12/26 19:35:57 Finished transferring input files
...
001 (9170607.000.000) 12/26 19:35:58 Job executing on host: <128.142.59.12:9618?addrs=128.142.59.12-9618+[2001-1458-301-21--100-b]-9618&alias=b7s04p6505.cern.ch&noUDP&sock=startd_7897_437d>
...
006 (9170607.000.000) 12/26 19:36:07 Image size of job updated: 335108
	162  -  MemoryUsage of job (MB)
	165804  -  ResidentSetSize of job (KB)
...
006 (9170607.000.000) 12/26 19:36:25 Image size of job updated: 1276428
	162  -  MemoryUsage of job (MB)
	165812  -  ResidentSetSize of job (KB)
...
040 (9170607.000.000) 12/26 19:36:25 Started transferring output files
...
040 (9170607.000.000) 12/26 19:36:25 Finished transferring output files
...
005 (9170607.000.000) 12/26 19:36:25 Job terminated.
	(1) Normal termination (return value 0)
		Usr 0 00:00:02, Sys 0 00:00:01  -  Run Remote Usage
		Usr 0 00:00:00, Sys 0 00:00:00  -  Run Local Usage
		Usr 0 00:00:02, Sys 0 00:00:01  -  Total Remote Usage
		Usr 0 00:00:00, Sys 0 00:00:00  -  Total Local Usage
	5577  -  Run Bytes Sent By Job
	11183  -  Run Bytes Received By Job
	5577  -  Total Bytes Sent By Job
	11183  -  Total Bytes Received By Job
	Partitionable Resources :    Usage  Request Allocated 
	   Cpus                 :                 1         1 
	   Disk (KB)            :       30       12   1333010 
	   Memory (MB)          :      162     2000      2000 

	Job terminated of its own accord at 2023-12-26T18:36:25Z.
...
