000 (9170614.000.000) 12/26 19:35:47 Job submitted from host: <188.184.90.62:9618?addrs=188.184.90.62-9618+[2001-1458-201-e4--100-238]-9618&alias=bigbird16.cern.ch&noUDP&sock=schedd_4073970_23e3>
...
040 (9170614.000.000) 12/26 19:36:00 Started transferring input files
	Transferring to host: <128.142.57.88:9618?addrs=128.142.57.88-9618+[2001-1458-301-7--100-57]-9618&alias=b7s02p6891.cern.ch&noUDP&sock=slot1_13_4544_68b2_225580>
...
040 (9170614.000.000) 12/26 19:36:00 Finished transferring input files
...
001 (9170614.000.000) 12/26 19:36:01 Job executing on host: <128.142.57.88:9618?addrs=128.142.57.88-9618+[2001-1458-301-7--100-57]-9618&alias=b7s02p6891.cern.ch&noUDP&sock=startd_3166_30ee>
...
006 (9170614.000.000) 12/26 19:36:10 Image size of job updated: 562000
	161  -  MemoryUsage of job (MB)
	164772  -  ResidentSetSize of job (KB)
...
006 (9170614.000.000) 12/26 19:36:52 Image size of job updated: 1275644
	161  -  MemoryUsage of job (MB)
	164776  -  ResidentSetSize of job (KB)
...
040 (9170614.000.000) 12/26 19:36:52 Started transferring output files
...
040 (9170614.000.000) 12/26 19:36:52 Finished transferring output files
...
005 (9170614.000.000) 12/26 19:36:52 Job terminated.
	(1) Normal termination (return value 0)
		Usr 0 00:00:14, Sys 0 00:00:01  -  Run Remote Usage
		Usr 0 00:00:00, Sys 0 00:00:00  -  Run Local Usage
		Usr 0 00:00:14, Sys 0 00:00:01  -  Total Remote Usage
		Usr 0 00:00:00, Sys 0 00:00:00  -  Total Local Usage
	5796  -  Run Bytes Sent By Job
	11185  -  Run Bytes Received By Job
	5796  -  Total Bytes Sent By Job
	11185  -  Total Bytes Received By Job
	Partitionable Resources :    Usage  Request Allocated 
	   Cpus                 :                 1         1 
	   Disk (KB)            :       30       12   1323167 
	   Memory (MB)          :      161     2000      2000 

	Job terminated of its own accord at 2023-12-26T18:36:52Z.
...
