000 (9170609.000.000) 12/26 19:35:37 Job submitted from host: <188.184.90.62:9618?addrs=188.184.90.62-9618+[2001-1458-201-e4--100-238]-9618&alias=bigbird16.cern.ch&noUDP&sock=schedd_4073970_23e3>
...
040 (9170609.000.000) 12/26 19:35:58 Started transferring input files
	Transferring to host: <128.142.59.93:9618?addrs=128.142.59.93-9618+[2001-1458-301-21--100-5c]-9618&alias=b7s04p6184.cern.ch&noUDP&sock=slot1_15_4162_4162_209570>
...
040 (9170609.000.000) 12/26 19:35:58 Finished transferring input files
...
001 (9170609.000.000) 12/26 19:35:59 Job executing on host: <128.142.59.93:9618?addrs=128.142.59.93-9618+[2001-1458-301-21--100-5c]-9618&alias=b7s04p6184.cern.ch&noUDP&sock=startd_3984_4566>
...
006 (9170609.000.000) 12/26 19:36:07 Image size of job updated: 305220
	147  -  MemoryUsage of job (MB)
	149848  -  ResidentSetSize of job (KB)
...
006 (9170609.000.000) 12/26 19:41:07 Image size of job updated: 1283604
	216  -  MemoryUsage of job (MB)
	220244  -  ResidentSetSize of job (KB)
...
040 (9170609.000.000) 12/26 19:43:45 Started transferring output files
...
040 (9170609.000.000) 12/26 19:43:45 Finished transferring output files
...
005 (9170609.000.000) 12/26 19:43:45 Job terminated.
	(1) Normal termination (return value 0)
		Usr 0 00:03:26, Sys 0 00:00:02  -  Run Remote Usage
		Usr 0 00:00:00, Sys 0 00:00:00  -  Run Local Usage
		Usr 0 00:03:26, Sys 0 00:00:02  -  Total Remote Usage
		Usr 0 00:00:00, Sys 0 00:00:00  -  Total Local Usage
	12466  -  Run Bytes Sent By Job
	11184  -  Run Bytes Received By Job
	12466  -  Total Bytes Sent By Job
	11184  -  Total Bytes Received By Job
	Partitionable Resources :    Usage  Request Allocated 
	   Cpus                 :                 1         1 
	   Disk (KB)            :       37       12   1314654 
	   Memory (MB)          :      216     2000      2000 

	Job terminated of its own accord at 2023-12-26T18:43:45Z.
...
