000 (9170612.000.000) 12/26 19:35:43 Job submitted from host: <188.184.90.62:9618?addrs=188.184.90.62-9618+[2001-1458-201-e4--100-238]-9618&alias=bigbird16.cern.ch&noUDP&sock=schedd_4073970_23e3>
...
040 (9170612.000.000) 12/26 19:35:59 Started transferring input files
	Transferring to host: <128.142.56.47:9618?addrs=128.142.56.47-9618&alias=b7s01p0839.cern.ch&noUDP&sock=slot1_26_3976_339b_217042>
...
040 (9170612.000.000) 12/26 19:35:59 Finished transferring input files
...
001 (9170612.000.000) 12/26 19:36:00 Job executing on host: <128.142.56.47:9618?addrs=128.142.56.47-9618&alias=b7s01p0839.cern.ch&noUDP&sock=startd_2957_d5a3>
...
006 (9170612.000.000) 12/26 19:36:09 Image size of job updated: 339744
	167  -  MemoryUsage of job (MB)
	170436  -  ResidentSetSize of job (KB)
...
006 (9170612.000.000) 12/26 19:39:00 Image size of job updated: 1278692
	167  -  MemoryUsage of job (MB)
	170436  -  ResidentSetSize of job (KB)
...
040 (9170612.000.000) 12/26 19:39:00 Started transferring output files
...
040 (9170612.000.000) 12/26 19:39:00 Finished transferring output files
...
005 (9170612.000.000) 12/26 19:39:00 Job terminated.
	(1) Normal termination (return value 0)
		Usr 0 00:01:06, Sys 0 00:00:02  -  Run Remote Usage
		Usr 0 00:00:00, Sys 0 00:00:00  -  Run Local Usage
		Usr 0 00:01:06, Sys 0 00:00:02  -  Total Remote Usage
		Usr 0 00:00:00, Sys 0 00:00:00  -  Total Local Usage
	7506  -  Run Bytes Sent By Job
	11185  -  Run Bytes Received By Job
	7506  -  Total Bytes Sent By Job
	11185  -  Total Bytes Received By Job
	Partitionable Resources :    Usage  Request Allocated 
	   Cpus                 :                 1         1 
	   Disk (KB)            :       32       12   1331440 
	   Memory (MB)          :      167     2000      2000 

	Job terminated of its own accord at 2023-12-26T18:39:00Z.
...
