000 (9170605.000.000) 12/26 19:35:30 Job submitted from host: <188.184.90.62:9618?addrs=188.184.90.62-9618+[2001-1458-201-e4--100-238]-9618&alias=bigbird16.cern.ch&noUDP&sock=schedd_4073970_23e3>
...
040 (9170605.000.000) 12/26 19:35:57 Started transferring input files
	Transferring to host: <128.142.56.126:9618?addrs=128.142.56.126-9618+[2001-1458-301-6--100-7d]-9618&alias=b7s01p3334.cern.ch&noUDP&sock=slot1_15_4125_2f81_223145>
...
040 (9170605.000.000) 12/26 19:35:57 Finished transferring input files
...
001 (9170605.000.000) 12/26 19:35:58 Job executing on host: <128.142.56.126:9618?addrs=128.142.56.126-9618+[2001-1458-301-6--100-7d]-9618&alias=b7s01p3334.cern.ch&noUDP&sock=startd_2999_a49d>
...
006 (9170605.000.000) 12/26 19:36:07 Image size of job updated: 1208328
	164  -  MemoryUsage of job (MB)
	167448  -  ResidentSetSize of job (KB)
...
006 (9170605.000.000) 12/26 19:41:07 Image size of job updated: 1282412
	215  -  MemoryUsage of job (MB)
	219280  -  ResidentSetSize of job (KB)
...
006 (9170605.000.000) 12/26 19:46:07 Image size of job updated: 1282412
	215  -  MemoryUsage of job (MB)
	219380  -  ResidentSetSize of job (KB)
...
006 (9170605.000.000) 12/26 19:51:09 Image size of job updated: 1282412
	215  -  MemoryUsage of job (MB)
	219608  -  ResidentSetSize of job (KB)
...
040 (9170605.000.000) 12/26 19:52:08 Started transferring output files
...
040 (9170605.000.000) 12/26 19:52:08 Finished transferring output files
...
005 (9170605.000.000) 12/26 19:52:08 Job terminated.
	(1) Normal termination (return value 0)
		Usr 0 00:09:36, Sys 0 00:00:04  -  Run Remote Usage
		Usr 0 00:00:00, Sys 0 00:00:00  -  Run Local Usage
		Usr 0 00:09:36, Sys 0 00:00:04  -  Total Remote Usage
		Usr 0 00:00:00, Sys 0 00:00:00  -  Total Local Usage
	14867  -  Run Bytes Sent By Job
	11193  -  Run Bytes Received By Job
	14867  -  Total Bytes Sent By Job
	11193  -  Total Bytes Received By Job
	Partitionable Resources :    Usage  Request Allocated 
	   Cpus                 :     0.39        1         1 
	   Disk (KB)            :    47          12   1324410 
	   Memory (MB)          :   215        2000      2000 

	Job terminated of its own accord at 2023-12-26T18:52:08Z.
...
