000 (9170606.000.000) 12/26 19:35:32 Job submitted from host: <188.184.90.62:9618?addrs=188.184.90.62-9618+[2001-1458-201-e4--100-238]-9618&alias=bigbird16.cern.ch&noUDP&sock=schedd_4073970_23e3>
...
040 (9170606.000.000) 12/26 19:35:57 Started transferring input files
	Transferring to host: <128.142.58.138:9618?addrs=128.142.58.138-9618&alias=b7s03p4336.cern.ch&noUDP&sock=slot1_4_11325_3ca6_222752>
...
040 (9170606.000.000) 12/26 19:35:57 Finished transferring input files
...
001 (9170606.000.000) 12/26 19:35:58 Job executing on host: <128.142.58.138:9618?addrs=128.142.58.138-9618&alias=b7s03p4336.cern.ch&noUDP&sock=startd_10492_37c1>
...
006 (9170606.000.000) 12/26 19:36:07 Image size of job updated: 1126024
	164  -  MemoryUsage of job (MB)
	167828  -  ResidentSetSize of job (KB)
...
006 (9170606.000.000) 12/26 19:38:56 Image size of job updated: 1282100
	164  -  MemoryUsage of job (MB)
	167828  -  ResidentSetSize of job (KB)
...
040 (9170606.000.000) 12/26 19:38:56 Started transferring output files
...
040 (9170606.000.000) 12/26 19:38:56 Finished transferring output files
...
005 (9170606.000.000) 12/26 19:38:56 Job terminated.
	(1) Normal termination (return value 0)
		Usr 0 00:01:29, Sys 0 00:00:01  -  Run Remote Usage
		Usr 0 00:00:00, Sys 0 00:00:00  -  Run Local Usage
		Usr 0 00:01:29, Sys 0 00:00:01  -  Total Remote Usage
		Usr 0 00:00:00, Sys 0 00:00:00  -  Total Local Usage
	7136  -  Run Bytes Sent By Job
	11192  -  Run Bytes Received By Job
	7136  -  Total Bytes Sent By Job
	11192  -  Total Bytes Received By Job
	Partitionable Resources :    Usage  Request Allocated 
	   Cpus                 :                 1         1 
	   Disk (KB)            :       32       12   1312893 
	   Memory (MB)          :      164     2000      2000 

	Job terminated of its own accord at 2023-12-26T18:38:56Z.
...
