000 (9170601.000.000) 12/26 19:35:21 Job submitted from host: <188.184.90.62:9618?addrs=188.184.90.62-9618+[2001-1458-201-e4--100-238]-9618&alias=bigbird16.cern.ch&noUDP&sock=schedd_4073970_23e3>
...
040 (9170601.000.000) 12/26 19:35:55 Started transferring input files
	Transferring to host: <128.142.57.103:9618?addrs=128.142.57.103-9618+[2001-1458-301-7--100-66]-9618&alias=b7s02p4167.cern.ch&noUDP&sock=slot1_1_8732_3bdc_218921>
...
040 (9170601.000.000) 12/26 19:35:55 Finished transferring input files
...
001 (9170601.000.000) 12/26 19:35:56 Job executing on host: <128.142.57.103:9618?addrs=128.142.57.103-9618+[2001-1458-301-7--100-66]-9618&alias=b7s02p4167.cern.ch&noUDP&sock=startd_7235_2fcb>
...
006 (9170601.000.000) 12/26 19:36:05 Image size of job updated: 1208616
	169  -  MemoryUsage of job (MB)
	172744  -  ResidentSetSize of job (KB)
...
006 (9170601.000.000) 12/26 19:36:40 Image size of job updated: 1285564
	169  -  MemoryUsage of job (MB)
	172744  -  ResidentSetSize of job (KB)
...
040 (9170601.000.000) 12/26 19:36:40 Started transferring output files
...
040 (9170601.000.000) 12/26 19:36:40 Finished transferring output files
...
005 (9170601.000.000) 12/26 19:36:40 Job terminated.
	(1) Normal termination (return value 0)
		Usr 0 00:00:18, Sys 0 00:00:01  -  Run Remote Usage
		Usr 0 00:00:00, Sys 0 00:00:00  -  Run Local Usage
		Usr 0 00:00:18, Sys 0 00:00:01  -  Total Remote Usage
		Usr 0 00:00:00, Sys 0 00:00:00  -  Total Local Usage
	6109  -  Run Bytes Sent By Job
	11191  -  Run Bytes Received By Job
	6109  -  Total Bytes Sent By Job
	11191  -  Total Bytes Received By Job
	Partitionable Resources :    Usage  Request Allocated 
	   Cpus                 :                 1         1 
	   Disk (KB)            :       31       12   1302491 
	   Memory (MB)          :      169     2000      2000 

	Job terminated of its own accord at 2023-12-26T18:36:40Z.
...
