000 (9170602.000.000) 12/26 19:35:23 Job submitted from host: <188.184.90.62:9618?addrs=188.184.90.62-9618+[2001-1458-201-e4--100-238]-9618&alias=bigbird16.cern.ch&noUDP&sock=schedd_4073970_23e3>
...
040 (9170602.000.000) 12/26 19:35:56 Started transferring input files
	Transferring to host: <128.142.56.61:9618?addrs=128.142.56.61-9618+[2001-1458-301-6--100-3c]-9618&alias=b7s01p2423.cern.ch&noUDP&sock=slot1_3_4389_328c_222721>
...
040 (9170602.000.000) 12/26 19:35:56 Finished transferring input files
...
001 (9170602.000.000) 12/26 19:35:57 Job executing on host: <128.142.56.61:9618?addrs=128.142.56.61-9618+[2001-1458-301-6--100-3c]-9618&alias=b7s01p2423.cern.ch&noUDP&sock=startd_3093_1e84>
...
006 (9170602.000.000) 12/26 19:36:06 Image size of job updated: 334520
	162  -  MemoryUsage of job (MB)
	165216  -  ResidentSetSize of job (KB)
...
006 (9170602.000.000) 12/26 19:41:06 Image size of job updated: 1283116
	214  -  MemoryUsage of job (MB)
	218492  -  ResidentSetSize of job (KB)
...
040 (9170602.000.000) 12/26 19:44:08 Started transferring output files
...
040 (9170602.000.000) 12/26 19:44:08 Finished transferring output files
...
005 (9170602.000.000) 12/26 19:44:08 Job terminated.
	(1) Normal termination (return value 0)
		Usr 0 00:04:20, Sys 0 00:00:02  -  Run Remote Usage
		Usr 0 00:00:00, Sys 0 00:00:00  -  Run Local Usage
		Usr 0 00:04:20, Sys 0 00:00:02  -  Total Remote Usage
		Usr 0 00:00:00, Sys 0 00:00:00  -  Total Local Usage
	11951  -  Run Bytes Sent By Job
	11191  -  Run Bytes Received By Job
	11951  -  Total Bytes Sent By Job
	11191  -  Total Bytes Received By Job
	Partitionable Resources :    Usage  Request Allocated 
	   Cpus                 :     0.62        1         1 
	   Disk (KB)            :    44          12   1380956 
	   Memory (MB)          :   214        2000      2000 

	Job terminated of its own accord at 2023-12-26T18:44:08Z.
...
