000 (9055922.000.000) 11/09 13:10:27 Job submitted from host: <188.184.90.62:9618?addrs=188.184.90.62-9618+[2001-1458-201-e4--100-238]-9618&alias=bigbird16.cern.ch&noUDP&sock=schedd_4073970_23e3>
...
040 (9055922.000.000) 11/09 13:22:26 Started transferring input files
	Transferring to host: <128.142.60.49:9618?addrs=128.142.60.49-9618+[2001-1458-301-22--100-30]-9618&alias=b7s05p9498.cern.ch&noUDP&sock=slot1_57_5345_c932_160285>
...
040 (9055922.000.000) 11/09 13:22:26 Finished transferring input files
...
001 (9055922.000.000) 11/09 13:22:27 Job executing on host: <128.142.60.49:9618?addrs=128.142.60.49-9618+[2001-1458-301-22--100-30]-9618&alias=b7s05p9498.cern.ch&noUDP&sock=startd_3818_68ae>
...
006 (9055922.000.000) 11/09 13:22:35 Image size of job updated: 370004
	64  -  MemoryUsage of job (MB)
	64764  -  ResidentSetSize of job (KB)
...
006 (9055922.000.000) 11/09 13:24:08 Image size of job updated: 1273004
	64  -  MemoryUsage of job (MB)
	64764  -  ResidentSetSize of job (KB)
...
040 (9055922.000.000) 11/09 13:24:08 Started transferring output files
...
040 (9055922.000.000) 11/09 13:24:08 Finished transferring output files
...
005 (9055922.000.000) 11/09 13:24:08 Job terminated.
	(1) Normal termination (return value 0)
		Usr 0 00:01:02, Sys 0 00:00:01  -  Run Remote Usage
		Usr 0 00:00:00, Sys 0 00:00:00  -  Run Local Usage
		Usr 0 00:01:02, Sys 0 00:00:01  -  Total Remote Usage
		Usr 0 00:00:00, Sys 0 00:00:00  -  Total Local Usage
	4896  -  Run Bytes Sent By Job
	10627  -  Run Bytes Received By Job
	4896  -  Total Bytes Sent By Job
	10627  -  Total Bytes Received By Job
	Partitionable Resources :    Usage  Request Allocated 
	   Cpus                 :                 1         1 
	   Disk (KB)            :       29       12   1361910 
	   Memory (MB)          :       64     2000      2000 

	Job terminated of its own accord at 2023-11-09T12:24:08Z.
...
000 (9055963.000.000) 11/09 14:11:43 Job submitted from host: <188.184.90.62:9618?addrs=188.184.90.62-9618+[2001-1458-201-e4--100-238]-9618&alias=bigbird16.cern.ch&noUDP&sock=schedd_4073970_23e3>
...
040 (9055963.000.000) 11/09 14:34:08 Started transferring input files
	Transferring to host: <128.142.60.23:9618?addrs=128.142.60.23-9618&alias=b7s05p7711.cern.ch&noUDP&sock=slot1_10_6613_34e6_27775>
...
040 (9055963.000.000) 11/09 14:34:08 Finished transferring input files
...
001 (9055963.000.000) 11/09 14:34:09 Job executing on host: <128.142.60.23:9618?addrs=128.142.60.23-9618&alias=b7s05p7711.cern.ch&noUDP&sock=startd_5312_2b2c>
...
006 (9055963.000.000) 11/09 14:34:18 Image size of job updated: 1122896
	144  -  MemoryUsage of job (MB)
	146556  -  ResidentSetSize of job (KB)
...
006 (9055963.000.000) 11/09 14:39:19 Image size of job updated: 1273260
	207  -  MemoryUsage of job (MB)
	210948  -  ResidentSetSize of job (KB)
...
006 (9055963.000.000) 11/09 14:44:19 Image size of job updated: 1273260
	208  -  MemoryUsage of job (MB)
	212144  -  ResidentSetSize of job (KB)
...
006 (9055963.000.000) 11/09 14:49:20 Image size of job updated: 1273260
	208  -  MemoryUsage of job (MB)
	212368  -  ResidentSetSize of job (KB)
...
006 (9055963.000.000) 11/09 14:54:21 Image size of job updated: 1274024
	209  -  MemoryUsage of job (MB)
	213328  -  ResidentSetSize of job (KB)
...
006 (9055963.000.000) 11/09 14:59:21 Image size of job updated: 1274024
	209  -  MemoryUsage of job (MB)
	213476  -  ResidentSetSize of job (KB)
...
006 (9055963.000.000) 11/09 15:04:21 Image size of job updated: 1274024
	209  -  MemoryUsage of job (MB)
	213572  -  ResidentSetSize of job (KB)
...
006 (9055963.000.000) 11/09 15:09:23 Image size of job updated: 1274024
	209  -  MemoryUsage of job (MB)
	213576  -  ResidentSetSize of job (KB)
...
006 (9055963.000.000) 11/09 15:14:23 Image size of job updated: 1274536
	209  -  MemoryUsage of job (MB)
	213856  -  ResidentSetSize of job (KB)
...
006 (9055963.000.000) 11/09 15:18:28 Image size of job updated: 1275048
	209  -  MemoryUsage of job (MB)
	213856  -  ResidentSetSize of job (KB)
...
040 (9055963.000.000) 11/09 15:18:28 Started transferring output files
...
040 (9055963.000.000) 11/09 15:18:28 Finished transferring output files
...
005 (9055963.000.000) 11/09 15:18:28 Job terminated.
	(1) Normal termination (return value 0)
		Usr 0 00:40:42, Sys 0 00:00:21  -  Run Remote Usage
		Usr 0 00:00:00, Sys 0 00:00:00  -  Run Local Usage
		Usr 0 00:40:42, Sys 0 00:00:21  -  Total Remote Usage
		Usr 0 00:00:00, Sys 0 00:00:00  -  Total Local Usage
	7916  -  Run Bytes Sent By Job
	10627  -  Run Bytes Received By Job
	7916  -  Total Bytes Sent By Job
	10627  -  Total Bytes Received By Job
	Partitionable Resources :    Usage  Request Allocated 
	   Cpus                 :     0.93        1         1 
	   Disk (KB)            :    39          12   1020234 
	   Memory (MB)          :   209        2000      2000 

	Job terminated of its own accord at 2023-11-09T14:18:28Z.
...
000 (9074415.000.000) 11/15 18:06:27 Job submitted from host: <188.184.90.62:9618?addrs=188.184.90.62-9618+[2001-1458-201-e4--100-238]-9618&alias=bigbird16.cern.ch&noUDP&sock=schedd_4073970_23e3>
...
040 (9074415.000.000) 11/16 00:49:11 Started transferring input files
	Transferring to host: <188.184.160.41:9618?addrs=188.184.160.41-9618+[2001-1458-301-48--100-23]-9618&alias=b7s09p9955.cern.ch&noUDP&sock=slot1_2_122954_f741_283982>
...
040 (9074415.000.000) 11/16 00:49:11 Finished transferring input files
...
001 (9074415.000.000) 11/16 00:49:12 Job executing on host: <188.184.160.41:9618?addrs=188.184.160.41-9618+[2001-1458-301-48--100-23]-9618&alias=b7s09p9955.cern.ch&noUDP&sock=startd_28570_38dd>
...
006 (9074415.000.000) 11/16 00:49:21 Image size of job updated: 963640
	5  -  MemoryUsage of job (MB)
	4588  -  ResidentSetSize of job (KB)
...
006 (9074415.000.000) 11/16 00:51:04 Image size of job updated: 1273128
	5  -  MemoryUsage of job (MB)
	4588  -  ResidentSetSize of job (KB)
...
040 (9074415.000.000) 11/16 00:51:04 Started transferring output files
...
040 (9074415.000.000) 11/16 00:51:04 Finished transferring output files
...
005 (9074415.000.000) 11/16 00:51:04 Job terminated.
	(1) Normal termination (return value 0)
		Usr 0 00:00:09, Sys 0 00:00:01  -  Run Remote Usage
		Usr 0 00:00:00, Sys 0 00:00:00  -  Run Local Usage
		Usr 0 00:00:09, Sys 0 00:00:01  -  Total Remote Usage
		Usr 0 00:00:00, Sys 0 00:00:00  -  Total Local Usage
	4960  -  Run Bytes Sent By Job
	10627  -  Run Bytes Received By Job
	4960  -  Total Bytes Sent By Job
	10627  -  Total Bytes Received By Job
	Partitionable Resources :    Usage  Request Allocated 
	   Cpus                 :                 1         1 
	   Disk (KB)            :       30       12   3059198 
	   Memory (MB)          :        5     2000      2000 

	Job terminated of its own accord at 2023-11-15T23:51:04Z.
...
000 (9075736.000.000) 11/16 10:27:57 Job submitted from host: <188.184.90.62:9618?addrs=188.184.90.62-9618+[2001-1458-201-e4--100-238]-9618&alias=bigbird16.cern.ch&noUDP&sock=schedd_4073970_23e3>
...
040 (9075736.000.000) 11/16 13:32:28 Started transferring input files
	Transferring to host: <188.184.160.162:9618?addrs=188.184.160.162-9618+[2001-1458-301-48--100-9c]-9618&alias=b7s09p9337.cern.ch&noUDP&sock=slot1_35_3921_72f9_165829>
...
040 (9075736.000.000) 11/16 13:32:28 Finished transferring input files
...
001 (9075736.000.000) 11/16 13:32:29 Job executing on host: <188.184.160.162:9618?addrs=188.184.160.162-9618+[2001-1458-301-48--100-9c]-9618&alias=b7s09p9337.cern.ch&noUDP&sock=startd_3180_cb41>
...
006 (9075736.000.000) 11/16 13:32:37 Image size of job updated: 229432
	101  -  MemoryUsage of job (MB)
	102624  -  ResidentSetSize of job (KB)
...
006 (9075736.000.000) 11/16 13:37:37 Image size of job updated: 1274292
	210  -  MemoryUsage of job (MB)
	214344  -  ResidentSetSize of job (KB)
...
006 (9075736.000.000) 11/16 13:42:38 Image size of job updated: 1274292
	210  -  MemoryUsage of job (MB)
	214592  -  ResidentSetSize of job (KB)
...
006 (9075736.000.000) 11/16 13:47:39 Image size of job updated: 1274292
	210  -  MemoryUsage of job (MB)
	214712  -  ResidentSetSize of job (KB)
...
006 (9075736.000.000) 11/16 13:52:39 Image size of job updated: 1274292
	210  -  MemoryUsage of job (MB)
	214744  -  ResidentSetSize of job (KB)
...
006 (9075736.000.000) 11/16 13:57:40 Image size of job updated: 1274292
	210  -  MemoryUsage of job (MB)
	214760  -  ResidentSetSize of job (KB)
...
006 (9075736.000.000) 11/16 14:02:41 Image size of job updated: 1274292
	210  -  MemoryUsage of job (MB)
	214780  -  ResidentSetSize of job (KB)
...
006 (9075736.000.000) 11/16 14:07:41 Image size of job updated: 1274292
	210  -  MemoryUsage of job (MB)
	214784  -  ResidentSetSize of job (KB)
...
006 (9075736.000.000) 11/16 14:12:41 Image size of job updated: 1274292
	210  -  MemoryUsage of job (MB)
	214820  -  ResidentSetSize of job (KB)
...
006 (9075736.000.000) 11/16 14:17:42 Image size of job updated: 1274292
	210  -  MemoryUsage of job (MB)
	214836  -  ResidentSetSize of job (KB)
...
006 (9075736.000.000) 11/16 14:22:42 Image size of job updated: 1274292
	210  -  MemoryUsage of job (MB)
	214840  -  ResidentSetSize of job (KB)
...
006 (9075736.000.000) 11/16 14:27:42 Image size of job updated: 1274292
	210  -  MemoryUsage of job (MB)
	214856  -  ResidentSetSize of job (KB)
...
006 (9075736.000.000) 11/16 14:32:43 Image size of job updated: 1274292
	210  -  MemoryUsage of job (MB)
	214860  -  ResidentSetSize of job (KB)
...
006 (9075736.000.000) 11/16 14:37:44 Image size of job updated: 1274292
	210  -  MemoryUsage of job (MB)
	214864  -  ResidentSetSize of job (KB)
...
006 (9075736.000.000) 11/16 14:42:44 Image size of job updated: 1274292
	210  -  MemoryUsage of job (MB)
	214872  -  ResidentSetSize of job (KB)
...
006 (9075736.000.000) 11/16 14:47:45 Image size of job updated: 1274292
	210  -  MemoryUsage of job (MB)
	214880  -  ResidentSetSize of job (KB)
...
006 (9075736.000.000) 11/16 14:57:46 Image size of job updated: 1274292
	210  -  MemoryUsage of job (MB)
	214912  -  ResidentSetSize of job (KB)
...
006 (9075736.000.000) 11/16 15:02:47 Image size of job updated: 1274292
	210  -  MemoryUsage of job (MB)
	214932  -  ResidentSetSize of job (KB)
...
006 (9075736.000.000) 11/16 15:07:48 Image size of job updated: 1274292
	210  -  MemoryUsage of job (MB)
	214940  -  ResidentSetSize of job (KB)
...
006 (9075736.000.000) 11/16 15:12:48 Image size of job updated: 1274292
	210  -  MemoryUsage of job (MB)
	214948  -  ResidentSetSize of job (KB)
...
006 (9075736.000.000) 11/16 15:42:51 Image size of job updated: 1274292
	210  -  MemoryUsage of job (MB)
	214956  -  ResidentSetSize of job (KB)
...
006 (9075736.000.000) 11/16 15:47:51 Image size of job updated: 1274292
	210  -  MemoryUsage of job (MB)
	215008  -  ResidentSetSize of job (KB)
...
006 (9075736.000.000) 11/16 15:52:52 Image size of job updated: 1274812
	222  -  MemoryUsage of job (MB)
	226804  -  ResidentSetSize of job (KB)
...
006 (9075736.000.000) 11/16 15:57:53 Image size of job updated: 1274812
	222  -  MemoryUsage of job (MB)
	226988  -  ResidentSetSize of job (KB)
...
006 (9075736.000.000) 11/16 16:02:53 Image size of job updated: 1274812
	222  -  MemoryUsage of job (MB)
	227068  -  ResidentSetSize of job (KB)
...
006 (9075736.000.000) 11/16 16:06:14 Image size of job updated: 1275068
	222  -  MemoryUsage of job (MB)
	227068  -  ResidentSetSize of job (KB)
...
040 (9075736.000.000) 11/16 16:06:14 Started transferring output files
...
040 (9075736.000.000) 11/16 16:06:15 Finished transferring output files
...
005 (9075736.000.000) 11/16 16:06:15 Job terminated.
	(1) Normal termination (return value 0)
		Usr 0 01:47:55, Sys 0 00:00:27  -  Run Remote Usage
		Usr 0 00:00:00, Sys 0 00:00:00  -  Run Local Usage
		Usr 0 01:47:55, Sys 0 00:00:27  -  Total Remote Usage
		Usr 0 00:00:00, Sys 0 00:00:00  -  Total Local Usage
	3744360  -  Run Bytes Sent By Job
	10627  -  Run Bytes Received By Job
	3744360  -  Total Bytes Sent By Job
	10627  -  Total Bytes Received By Job
	Partitionable Resources :    Usage  Request Allocated 
	   Cpus                 :     0.98        1         1 
	   Disk (KB)            :  3689          12   3034502 
	   Memory (MB)          :   222        2000      2000 

	Job terminated of its own accord at 2023-11-16T15:06:14Z.
...
000 (9076166.000.000) 11/17 08:46:47 Job submitted from host: <188.184.90.62:9618?addrs=188.184.90.62-9618+[2001-1458-201-e4--100-238]-9618&alias=bigbird16.cern.ch&noUDP&sock=schedd_4073970_23e3>
...
040 (9076166.000.000) 11/17 12:54:45 Started transferring input files
	Transferring to host: <128.142.130.179:9618?addrs=128.142.130.179-9618+[2001-1458-301-58--100-a7]-9618&alias=b7g20p9295.cern.ch&noUDP&sock=slot1_44_4817_c31d_124869>
...
040 (9076166.000.000) 11/17 12:54:45 Finished transferring input files
...
001 (9076166.000.000) 11/17 12:54:46 Job executing on host: <128.142.130.179:9618?addrs=128.142.130.179-9618+[2001-1458-301-58--100-a7]-9618&alias=b7g20p9295.cern.ch&noUDP&sock=startd_3703_874a>
...
006 (9076166.000.000) 11/17 12:54:55 Image size of job updated: 577896
	8  -  MemoryUsage of job (MB)
	7580  -  ResidentSetSize of job (KB)
...
006 (9076166.000.000) 11/17 12:55:13 Image size of job updated: 577896
	8  -  MemoryUsage of job (MB)
	7684  -  ResidentSetSize of job (KB)
...
040 (9076166.000.000) 11/17 12:55:13 Started transferring output files
...
040 (9076166.000.000) 11/17 12:55:13 Finished transferring output files
...
005 (9076166.000.000) 11/17 12:55:13 Job terminated.
	(1) Normal termination (return value 1)
		Usr 0 00:00:03, Sys 0 00:00:01  -  Run Remote Usage
		Usr 0 00:00:00, Sys 0 00:00:00  -  Run Local Usage
		Usr 0 00:00:03, Sys 0 00:00:01  -  Total Remote Usage
		Usr 0 00:00:00, Sys 0 00:00:00  -  Total Local Usage
	407  -  Run Bytes Sent By Job
	11200  -  Run Bytes Received By Job
	407  -  Total Bytes Sent By Job
	11200  -  Total Bytes Received By Job
	Partitionable Resources :    Usage  Request Allocated 
	   Cpus                 :                 1         1 
	   Disk (KB)            :       28       12   1535379 
	   Memory (MB)          :        8     2000      2000 

	Job terminated of its own accord at 2023-11-17T11:55:13Z.
...
000 (9090395.000.000) 11/22 16:01:11 Job submitted from host: <188.184.90.62:9618?addrs=188.184.90.62-9618+[2001-1458-201-e4--100-238]-9618&alias=bigbird16.cern.ch&noUDP&sock=schedd_4073970_23e3>
...
009 (9090395.000.000) 11/22 16:02:26 Job was aborted.
	via condor_rm (by user lfavilla)
...
000 (9090400.000.000) 11/22 16:02:44 Job submitted from host: <188.184.90.62:9618?addrs=188.184.90.62-9618+[2001-1458-201-e4--100-238]-9618&alias=bigbird16.cern.ch&noUDP&sock=schedd_4073970_23e3>
...
040 (9090400.000.000) 11/22 16:20:01 Started transferring input files
	Transferring to host: <128.142.61.85:9618?addrs=128.142.61.85-9618+[2001-1458-301-23--100-54]-9618&alias=b7s06p9082.cern.ch&noUDP&sock=slot1_11_28646_72c6_19786>
...
040 (9090400.000.000) 11/22 16:20:01 Finished transferring input files
...
001 (9090400.000.000) 11/22 16:20:02 Job executing on host: <128.142.61.85:9618?addrs=128.142.61.85-9618+[2001-1458-301-23--100-54]-9618&alias=b7s06p9082.cern.ch&noUDP&sock=startd_22539_752f>
...
006 (9090400.000.000) 11/22 16:20:10 Image size of job updated: 912580
	138  -  MemoryUsage of job (MB)
	140608  -  ResidentSetSize of job (KB)
...
006 (9090400.000.000) 11/22 16:25:11 Image size of job updated: 1272148
	206  -  MemoryUsage of job (MB)
	210112  -  ResidentSetSize of job (KB)
...
006 (9090400.000.000) 11/22 16:30:12 Image size of job updated: 1272148
	206  -  MemoryUsage of job (MB)
	210816  -  ResidentSetSize of job (KB)
...
040 (9090400.000.000) 11/22 16:31:36 Started transferring output files
...
040 (9090400.000.000) 11/22 16:31:36 Finished transferring output files
...
005 (9090400.000.000) 11/22 16:31:36 Job terminated.
	(1) Normal termination (return value 0)
		Usr 0 00:10:37, Sys 0 00:00:03  -  Run Remote Usage
		Usr 0 00:00:00, Sys 0 00:00:00  -  Run Local Usage
		Usr 0 00:10:37, Sys 0 00:00:03  -  Total Remote Usage
		Usr 0 00:00:00, Sys 0 00:00:00  -  Total Local Usage
	4900  -  Run Bytes Sent By Job
	11228  -  Run Bytes Received By Job
	4900  -  Total Bytes Sent By Job
	11228  -  Total Bytes Received By Job
	Partitionable Resources :    Usage  Request Allocated 
	   Cpus                 :     0.98        1         1 
	   Disk (KB)            :    37          12   2769992 
	   Memory (MB)          :   206        2000      2000 

	Job terminated of its own accord at 2023-11-22T15:31:36Z.
...
000 (9093018.000.000) 11/23 21:30:16 Job submitted from host: <188.184.90.62:9618?addrs=188.184.90.62-9618+[2001-1458-201-e4--100-238]-9618&alias=bigbird16.cern.ch&noUDP&sock=schedd_4073970_23e3>
...
040 (9093018.000.000) 11/24 00:00:58 Started transferring input files
	Transferring to host: <188.184.160.149:9618?addrs=188.184.160.149-9618+[2001-1458-301-48--100-8f]-9618&alias=b7s09p4556.cern.ch&noUDP&sock=slot1_13_197270_4f8f_279218>
...
040 (9093018.000.000) 11/24 00:00:58 Finished transferring input files
...
001 (9093018.000.000) 11/24 00:00:59 Job executing on host: <188.184.160.149:9618?addrs=188.184.160.149-9618+[2001-1458-301-48--100-8f]-9618&alias=b7s09p4556.cern.ch&noUDP&sock=startd_197232_534e>
...
006 (9093018.000.000) 11/24 00:01:08 Image size of job updated: 697160
	131  -  MemoryUsage of job (MB)
	133596  -  ResidentSetSize of job (KB)
...
006 (9093018.000.000) 11/24 00:06:09 Image size of job updated: 1272248
	206  -  MemoryUsage of job (MB)
	210192  -  ResidentSetSize of job (KB)
...
006 (9093018.000.000) 11/24 00:11:09 Image size of job updated: 1272392
	206  -  MemoryUsage of job (MB)
	210236  -  ResidentSetSize of job (KB)
...
006 (9093018.000.000) 11/24 00:21:10 Image size of job updated: 1272648
	207  -  MemoryUsage of job (MB)
	211328  -  ResidentSetSize of job (KB)
...
040 (9093018.000.000) 11/24 00:21:46 Started transferring output files
...
040 (9093018.000.000) 11/24 00:21:46 Finished transferring output files
...
005 (9093018.000.000) 11/24 00:21:46 Job terminated.
	(1) Normal termination (return value 0)
		Usr 0 00:19:45, Sys 0 00:00:03  -  Run Remote Usage
		Usr 0 00:00:00, Sys 0 00:00:00  -  Run Local Usage
		Usr 0 00:19:45, Sys 0 00:00:03  -  Total Remote Usage
		Usr 0 00:00:00, Sys 0 00:00:00  -  Total Local Usage
	4900  -  Run Bytes Sent By Job
	11232  -  Run Bytes Received By Job
	4900  -  Total Bytes Sent By Job
	11232  -  Total Bytes Received By Job
	Partitionable Resources :    Usage  Request Allocated 
	   Cpus                 :     0.98        1         1 
	   Disk (KB)            :    38          12   3008638 
	   Memory (MB)          :   207        2000      2000 

	Job terminated of its own accord at 2023-11-23T23:21:46Z.
...
