000 (9055919.000.000) 11/09 13:10:22 Job submitted from host: <188.184.90.62:9618?addrs=188.184.90.62-9618+[2001-1458-201-e4--100-238]-9618&alias=bigbird16.cern.ch&noUDP&sock=schedd_4073970_23e3>
...
040 (9055919.000.000) 11/09 13:22:25 Started transferring input files
	Transferring to host: <128.142.63.50:9618?addrs=128.142.63.50-9618+[2001-1458-301-38--100-2f]-9618&alias=b7s08p3946.cern.ch&noUDP&sock=slot1_10_3187_479b_251193>
...
040 (9055919.000.000) 11/09 13:22:25 Finished transferring input files
...
001 (9055919.000.000) 11/09 13:22:26 Job executing on host: <128.142.63.50:9618?addrs=128.142.63.50-9618+[2001-1458-301-38--100-2f]-9618&alias=b7s08p3946.cern.ch&noUDP&sock=startd_2741_ad2e>
...
006 (9055919.000.000) 11/09 13:22:34 Image size of job updated: 730448
	137  -  MemoryUsage of job (MB)
	140108  -  ResidentSetSize of job (KB)
...
006 (9055919.000.000) 11/09 13:27:35 Image size of job updated: 1278352
	230  -  MemoryUsage of job (MB)
	234548  -  ResidentSetSize of job (KB)
...
006 (9055919.000.000) 11/09 13:30:59 Image size of job updated: 1279120
	230  -  MemoryUsage of job (MB)
	234548  -  ResidentSetSize of job (KB)
...
040 (9055919.000.000) 11/09 13:30:59 Started transferring output files
...
040 (9055919.000.000) 11/09 13:30:59 Finished transferring output files
...
005 (9055919.000.000) 11/09 13:30:59 Job terminated.
	(1) Normal termination (return value 0)
		Usr 0 00:05:11, Sys 0 00:00:02  -  Run Remote Usage
		Usr 0 00:00:00, Sys 0 00:00:00  -  Run Local Usage
		Usr 0 00:05:11, Sys 0 00:00:02  -  Total Remote Usage
		Usr 0 00:00:00, Sys 0 00:00:00  -  Total Local Usage
	5456  -  Run Bytes Sent By Job
	10617  -  Run Bytes Received By Job
	5456  -  Total Bytes Sent By Job
	10617  -  Total Bytes Received By Job
	Partitionable Resources :    Usage  Request Allocated 
	   Cpus                 :                 1         1 
	   Disk (KB)            :       30       12   1297078 
	   Memory (MB)          :      230     2000      2000 

	Job terminated of its own accord at 2023-11-09T12:30:59Z.
...
000 (9055953.000.000) 11/09 14:11:07 Job submitted from host: <188.184.90.62:9618?addrs=188.184.90.62-9618+[2001-1458-201-e4--100-238]-9618&alias=bigbird16.cern.ch&noUDP&sock=schedd_4073970_23e3>
...
000 (9055960.000.000) 11/09 14:11:36 Job submitted from host: <188.184.90.62:9618?addrs=188.184.90.62-9618+[2001-1458-201-e4--100-238]-9618&alias=bigbird16.cern.ch&noUDP&sock=schedd_4073970_23e3>
...
040 (9055953.000.000) 11/09 14:34:06 Started transferring input files
	Transferring to host: <188.184.160.82:9618?addrs=188.184.160.82-9618+[2001-1458-301-48--100-4c]-9618&alias=b7s09p8903.cern.ch&noUDP&sock=slot1_11_11033_7f1a_35131>
...
040 (9055953.000.000) 11/09 14:34:06 Finished transferring input files
...
001 (9055953.000.000) 11/09 14:34:07 Job executing on host: <188.184.160.82:9618?addrs=188.184.160.82-9618+[2001-1458-301-48--100-4c]-9618&alias=b7s09p8903.cern.ch&noUDP&sock=startd_10969_666d>
...
040 (9055960.000.000) 11/09 14:34:09 Started transferring input files
	Transferring to host: <188.184.160.168:9618?addrs=188.184.160.168-9618+[2001-1458-301-48--100-a2]-9618&alias=b7s09p5173.cern.ch&noUDP&sock=slot1_20_208885_2107_174413>
...
040 (9055960.000.000) 11/09 14:34:09 Finished transferring input files
...
001 (9055960.000.000) 11/09 14:34:10 Job executing on host: <188.184.160.168:9618?addrs=188.184.160.168-9618+[2001-1458-301-48--100-a2]-9618&alias=b7s09p5173.cern.ch&noUDP&sock=startd_208847_3fd3>
...
006 (9055953.000.000) 11/09 14:34:16 Image size of job updated: 941488
	142  -  MemoryUsage of job (MB)
	144856  -  ResidentSetSize of job (KB)
...
006 (9055960.000.000) 11/09 14:34:19 Image size of job updated: 711152
	125  -  MemoryUsage of job (MB)
	127668  -  ResidentSetSize of job (KB)
...
006 (9055953.000.000) 11/09 14:39:17 Image size of job updated: 1278700
	221  -  MemoryUsage of job (MB)
	225492  -  ResidentSetSize of job (KB)
...
006 (9055960.000.000) 11/09 14:39:20 Image size of job updated: 1278420
	220  -  MemoryUsage of job (MB)
	224488  -  ResidentSetSize of job (KB)
...
006 (9055953.000.000) 11/09 14:44:17 Image size of job updated: 1278700
	221  -  MemoryUsage of job (MB)
	225852  -  ResidentSetSize of job (KB)
...
006 (9055960.000.000) 11/09 14:44:20 Image size of job updated: 1278696
	221  -  MemoryUsage of job (MB)
	225576  -  ResidentSetSize of job (KB)
...
006 (9055953.000.000) 11/09 14:49:18 Image size of job updated: 1278700
	228  -  MemoryUsage of job (MB)
	232804  -  ResidentSetSize of job (KB)
...
006 (9055960.000.000) 11/09 14:49:20 Image size of job updated: 1278696
	221  -  MemoryUsage of job (MB)
	226088  -  ResidentSetSize of job (KB)
...
006 (9055953.000.000) 11/09 14:54:19 Image size of job updated: 1278700
	228  -  MemoryUsage of job (MB)
	232848  -  ResidentSetSize of job (KB)
...
006 (9055960.000.000) 11/09 14:54:21 Image size of job updated: 1278696
	228  -  MemoryUsage of job (MB)
	232660  -  ResidentSetSize of job (KB)
...
006 (9055953.000.000) 11/09 14:59:19 Image size of job updated: 1278700
	228  -  MemoryUsage of job (MB)
	232992  -  ResidentSetSize of job (KB)
...
006 (9055960.000.000) 11/09 14:59:21 Image size of job updated: 1278696
	228  -  MemoryUsage of job (MB)
	232840  -  ResidentSetSize of job (KB)
...
006 (9055953.000.000) 11/09 15:04:20 Image size of job updated: 1278700
	228  -  MemoryUsage of job (MB)
	233060  -  ResidentSetSize of job (KB)
...
006 (9055960.000.000) 11/09 15:04:21 Image size of job updated: 1278696
	228  -  MemoryUsage of job (MB)
	232900  -  ResidentSetSize of job (KB)
...
006 (9055953.000.000) 11/09 15:09:21 Image size of job updated: 1278700
	228  -  MemoryUsage of job (MB)
	233188  -  ResidentSetSize of job (KB)
...
006 (9055960.000.000) 11/09 15:09:22 Image size of job updated: 1278696
	228  -  MemoryUsage of job (MB)
	233040  -  ResidentSetSize of job (KB)
...
006 (9055953.000.000) 11/09 15:14:21 Image size of job updated: 1278700
	228  -  MemoryUsage of job (MB)
	233200  -  ResidentSetSize of job (KB)
...
006 (9055960.000.000) 11/09 15:14:22 Image size of job updated: 1278696
	228  -  MemoryUsage of job (MB)
	233076  -  ResidentSetSize of job (KB)
...
006 (9055953.000.000) 11/09 15:19:21 Image size of job updated: 1278700
	230  -  MemoryUsage of job (MB)
	234820  -  ResidentSetSize of job (KB)
...
006 (9055960.000.000) 11/09 15:19:22 Image size of job updated: 1278696
	228  -  MemoryUsage of job (MB)
	233088  -  ResidentSetSize of job (KB)
...
006 (9055953.000.000) 11/09 15:24:22 Image size of job updated: 1278956
	230  -  MemoryUsage of job (MB)
	234924  -  ResidentSetSize of job (KB)
...
006 (9055960.000.000) 11/09 15:24:23 Image size of job updated: 1278696
	230  -  MemoryUsage of job (MB)
	234668  -  ResidentSetSize of job (KB)
...
006 (9055953.000.000) 11/09 15:29:22 Image size of job updated: 1278956
	230  -  MemoryUsage of job (MB)
	234956  -  ResidentSetSize of job (KB)
...
006 (9055960.000.000) 11/09 15:29:23 Image size of job updated: 1278952
	230  -  MemoryUsage of job (MB)
	234772  -  ResidentSetSize of job (KB)
...
006 (9055960.000.000) 11/09 15:34:23 Image size of job updated: 1278952
	230  -  MemoryUsage of job (MB)
	234796  -  ResidentSetSize of job (KB)
...
006 (9055953.000.000) 11/09 15:39:23 Image size of job updated: 1278956
	230  -  MemoryUsage of job (MB)
	234972  -  ResidentSetSize of job (KB)
...
006 (9055960.000.000) 11/09 15:39:25 Image size of job updated: 1278952
	230  -  MemoryUsage of job (MB)
	234832  -  ResidentSetSize of job (KB)
...
006 (9055960.000.000) 11/09 15:44:25 Image size of job updated: 1278952
	230  -  MemoryUsage of job (MB)
	234848  -  ResidentSetSize of job (KB)
...
006 (9055953.000.000) 11/09 15:49:24 Image size of job updated: 1278956
	230  -  MemoryUsage of job (MB)
	234976  -  ResidentSetSize of job (KB)
...
006 (9055960.000.000) 11/09 15:49:25 Image size of job updated: 1278952
	230  -  MemoryUsage of job (MB)
	234860  -  ResidentSetSize of job (KB)
...
006 (9055953.000.000) 11/09 15:54:25 Image size of job updated: 1278956
	230  -  MemoryUsage of job (MB)
	235080  -  ResidentSetSize of job (KB)
...
006 (9055960.000.000) 11/09 15:59:27 Image size of job updated: 1278952
	230  -  MemoryUsage of job (MB)
	234968  -  ResidentSetSize of job (KB)
...
006 (9055953.000.000) 11/09 16:09:26 Image size of job updated: 1278956
	231  -  MemoryUsage of job (MB)
	235532  -  ResidentSetSize of job (KB)
...
006 (9055960.000.000) 11/09 16:09:28 Image size of job updated: 1278952
	230  -  MemoryUsage of job (MB)
	234976  -  ResidentSetSize of job (KB)
...
006 (9055953.000.000) 11/09 16:19:27 Image size of job updated: 1279212
	231  -  MemoryUsage of job (MB)
	235628  -  ResidentSetSize of job (KB)
...
006 (9055960.000.000) 11/09 16:19:35 Image size of job updated: 1278952
	231  -  MemoryUsage of job (MB)
	235536  -  ResidentSetSize of job (KB)
...
006 (9055953.000.000) 11/09 16:24:27 Image size of job updated: 1279212
	231  -  MemoryUsage of job (MB)
	235804  -  ResidentSetSize of job (KB)
...
006 (9055953.000.000) 11/09 16:29:28 Image size of job updated: 1279212
	231  -  MemoryUsage of job (MB)
	235808  -  ResidentSetSize of job (KB)
...
006 (9055960.000.000) 11/09 16:29:30 Image size of job updated: 1279208
	231  -  MemoryUsage of job (MB)
	235624  -  ResidentSetSize of job (KB)
...
006 (9055960.000.000) 11/09 16:34:30 Image size of job updated: 1279208
	231  -  MemoryUsage of job (MB)
	235640  -  ResidentSetSize of job (KB)
...
006 (9055960.000.000) 11/09 16:39:31 Image size of job updated: 1279208
	231  -  MemoryUsage of job (MB)
	235816  -  ResidentSetSize of job (KB)
...
006 (9055960.000.000) 11/09 16:44:31 Image size of job updated: 1279208
	231  -  MemoryUsage of job (MB)
	235824  -  ResidentSetSize of job (KB)
...
006 (9055953.000.000) 11/09 16:49:31 Image size of job updated: 1279212
	231  -  MemoryUsage of job (MB)
	235844  -  ResidentSetSize of job (KB)
...
006 (9055953.000.000) 11/09 17:09:32 Image size of job updated: 1279212
	231  -  MemoryUsage of job (MB)
	235992  -  ResidentSetSize of job (KB)
...
006 (9055960.000.000) 11/09 17:14:34 Image size of job updated: 1279208
	231  -  MemoryUsage of job (MB)
	235860  -  ResidentSetSize of job (KB)
...
006 (9055953.000.000) 11/09 17:24:34 Image size of job updated: 1279724
	231  -  MemoryUsage of job (MB)
	236292  -  ResidentSetSize of job (KB)
...
006 (9055960.000.000) 11/09 17:44:36 Image size of job updated: 1279208
	231  -  MemoryUsage of job (MB)
	235992  -  ResidentSetSize of job (KB)
...
006 (9055960.000.000) 11/09 18:14:40 Image size of job updated: 1279464
	231  -  MemoryUsage of job (MB)
	235992  -  ResidentSetSize of job (KB)
...
006 (9055953.000.000) 11/09 19:24:48 Image size of job updated: 1280604
	232  -  MemoryUsage of job (MB)
	237100  -  ResidentSetSize of job (KB)
...
006 (9055953.000.000) 11/09 19:34:49 Image size of job updated: 1280604
	232  -  MemoryUsage of job (MB)
	237128  -  ResidentSetSize of job (KB)
...
006 (9055953.000.000) 11/09 19:49:51 Image size of job updated: 1280604
	232  -  MemoryUsage of job (MB)
	237332  -  ResidentSetSize of job (KB)
...
006 (9055960.000.000) 11/09 19:54:51 Image size of job updated: 1279720
	231  -  MemoryUsage of job (MB)
	236248  -  ResidentSetSize of job (KB)
...
006 (9055960.000.000) 11/09 20:14:53 Image size of job updated: 1279720
	231  -  MemoryUsage of job (MB)
	236280  -  ResidentSetSize of job (KB)
...
006 (9055960.000.000) 11/09 20:44:57 Image size of job updated: 1279852
	231  -  MemoryUsage of job (MB)
	236380  -  ResidentSetSize of job (KB)
...
006 (9055960.000.000) 11/09 20:49:57 Image size of job updated: 1280852
	232  -  MemoryUsage of job (MB)
	237344  -  ResidentSetSize of job (KB)
...
006 (9055960.000.000) 11/09 20:54:58 Image size of job updated: 1280852
	232  -  MemoryUsage of job (MB)
	237524  -  ResidentSetSize of job (KB)
...
040 (9055953.000.000) 11/09 21:08:29 Started transferring output files
...
040 (9055953.000.000) 11/09 21:08:30 Finished transferring output files
...
005 (9055953.000.000) 11/09 21:08:30 Job terminated.
	(1) Normal termination (return value 0)
		Usr 0 06:13:08, Sys 0 00:00:16  -  Run Remote Usage
		Usr 0 00:00:00, Sys 0 00:00:00  -  Run Local Usage
		Usr 0 06:13:08, Sys 0 00:00:16  -  Total Remote Usage
		Usr 0 00:00:00, Sys 0 00:00:00  -  Total Local Usage
	23826  -  Run Bytes Sent By Job
	10617  -  Run Bytes Received By Job
	23826  -  Total Bytes Sent By Job
	10617  -  Total Bytes Received By Job
	Partitionable Resources :    Usage  Request Allocated 
	   Cpus                 :     1.00        1         1 
	   Disk (KB)            :    55          12   3008232 
	   Memory (MB)          :   232        2000      2000 

	Job terminated of its own accord at 2023-11-09T20:08:29Z.
...
040 (9055960.000.000) 11/09 22:56:17 Started transferring output files
...
040 (9055960.000.000) 11/09 22:56:17 Finished transferring output files
...
005 (9055960.000.000) 11/09 22:56:17 Job terminated.
	(1) Normal termination (return value 0)
		Usr 0 07:54:53, Sys 0 00:00:15  -  Run Remote Usage
		Usr 0 00:00:00, Sys 0 00:00:00  -  Run Local Usage
		Usr 0 07:54:53, Sys 0 00:00:15  -  Total Remote Usage
		Usr 0 00:00:00, Sys 0 00:00:00  -  Total Local Usage
	23826  -  Run Bytes Sent By Job
	10617  -  Run Bytes Received By Job
	23826  -  Total Bytes Sent By Job
	10617  -  Total Bytes Received By Job
	Partitionable Resources :    Usage  Request Allocated 
	   Cpus                 :     0.91        1         1 
	   Disk (KB)            :    56          12   3000543 
	   Memory (MB)          :   232        2000      2000 

	Job terminated of its own accord at 2023-11-09T21:56:16Z.
...
000 (9074411.000.000) 11/15 18:06:21 Job submitted from host: <188.184.90.62:9618?addrs=188.184.90.62-9618+[2001-1458-201-e4--100-238]-9618&alias=bigbird16.cern.ch&noUDP&sock=schedd_4073970_23e3>
...
040 (9074411.000.000) 11/16 00:49:11 Started transferring input files
	Transferring to host: <188.184.160.145:9618?addrs=188.184.160.145-9618+[2001-1458-301-48--100-8b]-9618&alias=b7s09p5998.cern.ch&noUDP&sock=slot1_11_123144_d689_281929>
...
040 (9074411.000.000) 11/16 00:49:11 Finished transferring input files
...
001 (9074411.000.000) 11/16 00:49:12 Job executing on host: <188.184.160.145:9618?addrs=188.184.160.145-9618+[2001-1458-301-48--100-8b]-9618&alias=b7s09p5998.cern.ch&noUDP&sock=startd_28320_be2f>
...
006 (9074411.000.000) 11/16 00:49:21 Image size of job updated: 288640
	138  -  MemoryUsage of job (MB)
	140624  -  ResidentSetSize of job (KB)
...
006 (9074411.000.000) 11/16 00:54:22 Image size of job updated: 1291168
	242  -  MemoryUsage of job (MB)
	247764  -  ResidentSetSize of job (KB)
...
040 (9074411.000.000) 11/16 00:55:01 Started transferring output files
...
040 (9074411.000.000) 11/16 00:55:02 Finished transferring output files
...
005 (9074411.000.000) 11/16 00:55:02 Job terminated.
	(1) Normal termination (return value 0)
		Usr 0 00:00:17, Sys 0 00:00:03  -  Run Remote Usage
		Usr 0 00:00:00, Sys 0 00:00:00  -  Run Local Usage
		Usr 0 00:00:17, Sys 0 00:00:03  -  Total Remote Usage
		Usr 0 00:00:00, Sys 0 00:00:00  -  Total Local Usage
	5904  -  Run Bytes Sent By Job
	10617  -  Run Bytes Received By Job
	5904  -  Total Bytes Sent By Job
	10617  -  Total Bytes Received By Job
	Partitionable Resources :    Usage  Request Allocated 
	   Cpus                 :     0.03        1         1 
	   Disk (KB)            :    38          12   3019609 
	   Memory (MB)          :   242        2000      2000 

	Job terminated of its own accord at 2023-11-15T23:55:01Z.
...
000 (9075733.000.000) 11/16 10:27:51 Job submitted from host: <188.184.90.62:9618?addrs=188.184.90.62-9618+[2001-1458-201-e4--100-238]-9618&alias=bigbird16.cern.ch&noUDP&sock=schedd_4073970_23e3>
...
040 (9075733.000.000) 11/16 13:32:26 Started transferring input files
	Transferring to host: <188.184.160.86:9618?addrs=188.184.160.86-9618+[2001-1458-301-48--100-50]-9618&alias=b7s09p7478.cern.ch&noUDP&sock=slot1_48_119889_6564_281393>
...
040 (9075733.000.000) 11/16 13:32:26 Finished transferring input files
...
001 (9075733.000.000) 11/16 13:32:27 Job executing on host: <188.184.160.86:9618?addrs=188.184.160.86-9618+[2001-1458-301-48--100-50]-9618&alias=b7s09p7478.cern.ch&noUDP&sock=startd_87521_b46d>
...
006 (9075733.000.000) 11/16 13:32:36 Image size of job updated: 377720
	129  -  MemoryUsage of job (MB)
	131792  -  ResidentSetSize of job (KB)
...
006 (9075733.000.000) 11/16 13:37:36 Image size of job updated: 1293500
	222  -  MemoryUsage of job (MB)
	227048  -  ResidentSetSize of job (KB)
...
006 (9075733.000.000) 11/16 13:42:36 Image size of job updated: 1293500
	222  -  MemoryUsage of job (MB)
	227176  -  ResidentSetSize of job (KB)
...
006 (9075733.000.000) 11/16 13:47:37 Image size of job updated: 1293500
	222  -  MemoryUsage of job (MB)
	227248  -  ResidentSetSize of job (KB)
...
006 (9075733.000.000) 11/16 13:57:37 Image size of job updated: 1293500
	222  -  MemoryUsage of job (MB)
	227260  -  ResidentSetSize of job (KB)
...
006 (9075733.000.000) 11/16 14:02:38 Image size of job updated: 1293500
	222  -  MemoryUsage of job (MB)
	227276  -  ResidentSetSize of job (KB)
...
006 (9075733.000.000) 11/16 14:17:40 Image size of job updated: 1293500
	222  -  MemoryUsage of job (MB)
	227280  -  ResidentSetSize of job (KB)
...
006 (9075733.000.000) 11/16 14:27:41 Image size of job updated: 1293500
	222  -  MemoryUsage of job (MB)
	227296  -  ResidentSetSize of job (KB)
...
006 (9075733.000.000) 11/16 14:47:43 Image size of job updated: 1293500
	235  -  MemoryUsage of job (MB)
	239852  -  ResidentSetSize of job (KB)
...
006 (9075733.000.000) 11/16 14:52:44 Image size of job updated: 1293500
	237  -  MemoryUsage of job (MB)
	241892  -  ResidentSetSize of job (KB)
...
006 (9075733.000.000) 11/16 15:02:44 Image size of job updated: 1293500
	237  -  MemoryUsage of job (MB)
	241896  -  ResidentSetSize of job (KB)
...
006 (9075733.000.000) 11/16 15:12:46 Image size of job updated: 1293500
	237  -  MemoryUsage of job (MB)
	241900  -  ResidentSetSize of job (KB)
...
006 (9075733.000.000) 11/16 15:57:50 Image size of job updated: 1293500
	237  -  MemoryUsage of job (MB)
	241908  -  ResidentSetSize of job (KB)
...
006 (9075733.000.000) 11/16 16:17:52 Image size of job updated: 1293500
	237  -  MemoryUsage of job (MB)
	241912  -  ResidentSetSize of job (KB)
...
006 (9075733.000.000) 11/16 17:17:58 Image size of job updated: 1293500
	237  -  MemoryUsage of job (MB)
	241924  -  ResidentSetSize of job (KB)
...
006 (9075733.000.000) 11/16 17:27:58 Image size of job updated: 1293500
	237  -  MemoryUsage of job (MB)
	242092  -  ResidentSetSize of job (KB)
...
006 (9075733.000.000) 11/16 17:32:59 Image size of job updated: 1293500
	239  -  MemoryUsage of job (MB)
	244480  -  ResidentSetSize of job (KB)
...
006 (9075733.000.000) 11/16 17:37:59 Image size of job updated: 1293500
	239  -  MemoryUsage of job (MB)
	244544  -  ResidentSetSize of job (KB)
...
006 (9075733.000.000) 11/16 17:42:59 Image size of job updated: 1293500
	239  -  MemoryUsage of job (MB)
	244560  -  ResidentSetSize of job (KB)
...
006 (9075733.000.000) 11/16 17:48:00 Image size of job updated: 1293500
	239  -  MemoryUsage of job (MB)
	244568  -  ResidentSetSize of job (KB)
...
006 (9075733.000.000) 11/16 18:03:01 Image size of job updated: 1293500
	239  -  MemoryUsage of job (MB)
	244608  -  ResidentSetSize of job (KB)
...
006 (9075733.000.000) 11/16 18:08:01 Image size of job updated: 1293500
	242  -  MemoryUsage of job (MB)
	246808  -  ResidentSetSize of job (KB)
...
006 (9075733.000.000) 11/16 18:13:01 Image size of job updated: 1293500
	242  -  MemoryUsage of job (MB)
	246844  -  ResidentSetSize of job (KB)
...
006 (9075733.000.000) 11/16 18:18:02 Image size of job updated: 1293500
	242  -  MemoryUsage of job (MB)
	246892  -  ResidentSetSize of job (KB)
...
006 (9075733.000.000) 11/16 18:23:02 Image size of job updated: 1293500
	242  -  MemoryUsage of job (MB)
	246896  -  ResidentSetSize of job (KB)
...
006 (9075733.000.000) 11/16 19:33:09 Image size of job updated: 1293500
	242  -  MemoryUsage of job (MB)
	246932  -  ResidentSetSize of job (KB)
...
006 (9075733.000.000) 11/16 19:43:11 Image size of job updated: 1293500
	242  -  MemoryUsage of job (MB)
	246940  -  ResidentSetSize of job (KB)
...
006 (9075733.000.000) 11/16 20:13:15 Image size of job updated: 1293500
	242  -  MemoryUsage of job (MB)
	246988  -  ResidentSetSize of job (KB)
...
006 (9075733.000.000) 11/16 20:48:18 Image size of job updated: 1293500
	242  -  MemoryUsage of job (MB)
	246992  -  ResidentSetSize of job (KB)
...
006 (9075733.000.000) 11/16 21:23:22 Image size of job updated: 1293500
	242  -  MemoryUsage of job (MB)
	247172  -  ResidentSetSize of job (KB)
...
006 (9075733.000.000) 11/16 21:28:22 Image size of job updated: 1293500
	242  -  MemoryUsage of job (MB)
	247176  -  ResidentSetSize of job (KB)
...
006 (9075733.000.000) 11/16 21:33:23 Image size of job updated: 1293500
	244  -  MemoryUsage of job (MB)
	249376  -  ResidentSetSize of job (KB)
...
006 (9075733.000.000) 11/16 21:38:23 Image size of job updated: 1293500
	244  -  MemoryUsage of job (MB)
	249380  -  ResidentSetSize of job (KB)
...
006 (9075733.000.000) 11/16 22:08:27 Image size of job updated: 1294224
	244  -  MemoryUsage of job (MB)
	249808  -  ResidentSetSize of job (KB)
...
000 (9076163.000.000) 11/17 08:46:41 Job submitted from host: <188.184.90.62:9618?addrs=188.184.90.62-9618+[2001-1458-201-e4--100-238]-9618&alias=bigbird16.cern.ch&noUDP&sock=schedd_4073970_23e3>
...
040 (9076163.000.000) 11/17 12:54:43 Started transferring input files
	Transferring to host: <128.142.132.71:9618?addrs=128.142.132.71-9618+[2001-1458-301-5a--100-3b]-9618&alias=b7g12p3434.cern.ch&noUDP&sock=slot1_6_29034_d456_61548>
...
040 (9076163.000.000) 11/17 12:54:43 Finished transferring input files
...
001 (9076163.000.000) 11/17 12:54:44 Job executing on host: <128.142.132.71:9618?addrs=128.142.132.71-9618+[2001-1458-301-5a--100-3b]-9618&alias=b7g12p3434.cern.ch&noUDP&sock=startd_28996_6c35>
...
006 (9076163.000.000) 11/17 12:54:53 Image size of job updated: 285372
	41  -  MemoryUsage of job (MB)
	41876  -  ResidentSetSize of job (KB)
...
006 (9076163.000.000) 11/17 12:59:53 Image size of job updated: 1278776
	217  -  MemoryUsage of job (MB)
	222020  -  ResidentSetSize of job (KB)
...
006 (9076163.000.000) 11/17 13:04:53 Image size of job updated: 1281292
	221  -  MemoryUsage of job (MB)
	225312  -  ResidentSetSize of job (KB)
...
006 (9076163.000.000) 11/17 13:09:54 Image size of job updated: 1281292
	221  -  MemoryUsage of job (MB)
	225700  -  ResidentSetSize of job (KB)
...
006 (9076163.000.000) 11/17 13:14:55 Image size of job updated: 1281292
	221  -  MemoryUsage of job (MB)
	225896  -  ResidentSetSize of job (KB)
...
006 (9076163.000.000) 11/17 13:19:55 Image size of job updated: 1281292
	222  -  MemoryUsage of job (MB)
	226384  -  ResidentSetSize of job (KB)
...
006 (9076163.000.000) 11/17 13:24:56 Image size of job updated: 1281292
	222  -  MemoryUsage of job (MB)
	226392  -  ResidentSetSize of job (KB)
...
006 (9076163.000.000) 11/17 13:34:57 Image size of job updated: 1281292
	222  -  MemoryUsage of job (MB)
	226396  -  ResidentSetSize of job (KB)
...
006 (9076163.000.000) 11/17 13:39:58 Image size of job updated: 1281292
	222  -  MemoryUsage of job (MB)
	226400  -  ResidentSetSize of job (KB)
...
006 (9076163.000.000) 11/17 13:44:59 Image size of job updated: 1281292
	222  -  MemoryUsage of job (MB)
	226992  -  ResidentSetSize of job (KB)
...
006 (9076163.000.000) 11/17 13:49:59 Image size of job updated: 1281292
	229  -  MemoryUsage of job (MB)
	234280  -  ResidentSetSize of job (KB)
...
006 (9076163.000.000) 11/17 14:00:01 Image size of job updated: 1281292
	231  -  MemoryUsage of job (MB)
	235880  -  ResidentSetSize of job (KB)
...
006 (9076163.000.000) 11/17 14:05:01 Image size of job updated: 1281292
	232  -  MemoryUsage of job (MB)
	237240  -  ResidentSetSize of job (KB)
...
006 (9076163.000.000) 11/17 14:10:01 Image size of job updated: 1281804
	233  -  MemoryUsage of job (MB)
	237608  -  ResidentSetSize of job (KB)
...
006 (9076163.000.000) 11/17 14:25:02 Image size of job updated: 1282060
	233  -  MemoryUsage of job (MB)
	237776  -  ResidentSetSize of job (KB)
...
006 (9076163.000.000) 11/17 14:30:03 Image size of job updated: 1282316
	233  -  MemoryUsage of job (MB)
	237776  -  ResidentSetSize of job (KB)
...
006 (9076163.000.000) 11/17 14:55:06 Image size of job updated: 1282316
	233  -  MemoryUsage of job (MB)
	237784  -  ResidentSetSize of job (KB)
...
006 (9076163.000.000) 11/17 15:00:07 Image size of job updated: 1282316
	233  -  MemoryUsage of job (MB)
	237800  -  ResidentSetSize of job (KB)
...
006 (9076163.000.000) 11/17 15:05:08 Image size of job updated: 1282316
	233  -  MemoryUsage of job (MB)
	237820  -  ResidentSetSize of job (KB)
...
006 (9076163.000.000) 11/17 15:10:08 Image size of job updated: 1282316
	233  -  MemoryUsage of job (MB)
	237828  -  ResidentSetSize of job (KB)
...
006 (9076163.000.000) 11/17 15:20:09 Image size of job updated: 1282316
	233  -  MemoryUsage of job (MB)
	238188  -  ResidentSetSize of job (KB)
...
006 (9076163.000.000) 11/17 15:25:10 Image size of job updated: 1282316
	233  -  MemoryUsage of job (MB)
	238244  -  ResidentSetSize of job (KB)
...
006 (9076163.000.000) 11/17 15:30:10 Image size of job updated: 1282316
	233  -  MemoryUsage of job (MB)
	238444  -  ResidentSetSize of job (KB)
...
006 (9076163.000.000) 11/17 15:55:14 Image size of job updated: 1282316
	233  -  MemoryUsage of job (MB)
	238468  -  ResidentSetSize of job (KB)
...
006 (9076163.000.000) 11/17 17:30:23 Image size of job updated: 1282316
	234  -  MemoryUsage of job (MB)
	238724  -  ResidentSetSize of job (KB)
...
006 (9076163.000.000) 11/17 19:25:34 Image size of job updated: 1282316
	234  -  MemoryUsage of job (MB)
	238728  -  ResidentSetSize of job (KB)
...
006 (9075733.000.000) 11/17 19:55:41 Image size of job updated: 1294224
	245  -  MemoryUsage of job (MB)
	249880  -  ResidentSetSize of job (KB)
...
006 (9076163.000.000) 11/17 20:10:39 Image size of job updated: 1282572
	234  -  MemoryUsage of job (MB)
	238728  -  ResidentSetSize of job (KB)
...
006 (9076163.000.000) 11/17 21:40:48 Image size of job updated: 1282572
	234  -  MemoryUsage of job (MB)
	238908  -  ResidentSetSize of job (KB)
...
040 (9076163.000.000) 11/17 21:42:15 Started transferring output files
...
040 (9076163.000.000) 11/17 21:42:15 Finished transferring output files
...
005 (9076163.000.000) 11/17 21:42:15 Job terminated.
	(1) Normal termination (return value 0)
		Usr 0 08:26:18, Sys 0 00:00:37  -  Run Remote Usage
		Usr 0 00:00:00, Sys 0 00:00:00  -  Run Local Usage
		Usr 0 08:26:18, Sys 0 00:00:37  -  Total Remote Usage
		Usr 0 00:00:00, Sys 0 00:00:00  -  Total Local Usage
	6871  -  Run Bytes Sent By Job
	11190  -  Run Bytes Received By Job
	6871  -  Total Bytes Sent By Job
	11190  -  Total Bytes Received By Job
	Partitionable Resources :    Usage  Request Allocated 
	   Cpus                 :     0.94        1         1 
	   Disk (KB)            :    39          12   1556092 
	   Memory (MB)          :   234        2000      2000 

	Job terminated of its own accord at 2023-11-17T20:42:15Z.
...
006 (9075733.000.000) 11/18 00:06:09 Image size of job updated: 1294224
	245  -  MemoryUsage of job (MB)
	249892  -  ResidentSetSize of job (KB)
...
006 (9075733.000.000) 11/18 00:11:09 Image size of job updated: 1294224
	245  -  MemoryUsage of job (MB)
	250148  -  ResidentSetSize of job (KB)
...
040 (9075733.000.000) 11/18 00:13:46 Started transferring output files
...
040 (9075733.000.000) 11/18 00:13:51 Finished transferring output files
...
005 (9075733.000.000) 11/18 00:13:51 Job terminated.
	(1) Normal termination (return value 0)
		Usr 1 02:29:44, Sys 0 00:05:00  -  Run Remote Usage
		Usr 0 00:00:00, Sys 0 00:00:00  -  Run Local Usage
		Usr 1 02:29:44, Sys 0 00:05:00  -  Total Remote Usage
		Usr 0 00:00:00, Sys 0 00:00:00  -  Total Local Usage
	90577528  -  Run Bytes Sent By Job
	10617  -  Run Bytes Received By Job
	90577528  -  Total Bytes Sent By Job
	10617  -  Total Bytes Received By Job
	Partitionable Resources :    Usage  Request Allocated 
	   Cpus                 :     0.97        1         1 
	   Disk (KB)            : 88487          12   2912421 
	   Memory (MB)          :   245        2000      2000 

	Job terminated of its own accord at 2023-11-17T23:13:46Z.
...
000 (9090397.000.000) 11/22 16:02:38 Job submitted from host: <188.184.90.62:9618?addrs=188.184.90.62-9618+[2001-1458-201-e4--100-238]-9618&alias=bigbird16.cern.ch&noUDP&sock=schedd_4073970_23e3>
...
040 (9090397.000.000) 11/22 16:20:00 Started transferring input files
	Transferring to host: <128.142.132.25:9618?addrs=128.142.132.25-9618+[2001-1458-301-5a--100-d]-9618&alias=b7g12p4989.cern.ch&noUDP&sock=slot1_10_3256_e57d_162343>
...
040 (9090397.000.000) 11/22 16:20:00 Finished transferring input files
...
001 (9090397.000.000) 11/22 16:20:01 Job executing on host: <128.142.132.25:9618?addrs=128.142.132.25-9618+[2001-1458-301-5a--100-d]-9618&alias=b7g12p4989.cern.ch&noUDP&sock=startd_2805_933e>
...
006 (9090397.000.000) 11/22 16:20:10 Image size of job updated: 285628
	78  -  MemoryUsage of job (MB)
	79124  -  ResidentSetSize of job (KB)
...
006 (9090397.000.000) 11/22 16:25:11 Image size of job updated: 1278780
	218  -  MemoryUsage of job (MB)
	222932  -  ResidentSetSize of job (KB)
...
006 (9090397.000.000) 11/22 16:30:12 Image size of job updated: 1281292
	221  -  MemoryUsage of job (MB)
	226184  -  ResidentSetSize of job (KB)
...
006 (9090397.000.000) 11/22 16:35:12 Image size of job updated: 1281292
	222  -  MemoryUsage of job (MB)
	226548  -  ResidentSetSize of job (KB)
...
006 (9090397.000.000) 11/22 16:40:12 Image size of job updated: 1281292
	222  -  MemoryUsage of job (MB)
	227020  -  ResidentSetSize of job (KB)
...
006 (9090397.000.000) 11/22 16:45:13 Image size of job updated: 1281292
	222  -  MemoryUsage of job (MB)
	227056  -  ResidentSetSize of job (KB)
...
006 (9090397.000.000) 11/22 17:00:14 Image size of job updated: 1281292
	222  -  MemoryUsage of job (MB)
	227072  -  ResidentSetSize of job (KB)
...
006 (9090397.000.000) 11/22 17:05:15 Image size of job updated: 1281292
	223  -  MemoryUsage of job (MB)
	227464  -  ResidentSetSize of job (KB)
...
006 (9090397.000.000) 11/22 17:10:15 Image size of job updated: 1281292
	230  -  MemoryUsage of job (MB)
	234532  -  ResidentSetSize of job (KB)
...
006 (9090397.000.000) 11/22 17:20:17 Image size of job updated: 1281548
	231  -  MemoryUsage of job (MB)
	235860  -  ResidentSetSize of job (KB)
...
006 (9090397.000.000) 11/22 17:25:17 Image size of job updated: 1281548
	232  -  MemoryUsage of job (MB)
	237272  -  ResidentSetSize of job (KB)
...
006 (9090397.000.000) 11/22 17:30:17 Image size of job updated: 1281804
	232  -  MemoryUsage of job (MB)
	237460  -  ResidentSetSize of job (KB)
...
006 (9090397.000.000) 11/22 17:45:18 Image size of job updated: 1281804
	232  -  MemoryUsage of job (MB)
	237528  -  ResidentSetSize of job (KB)
...
006 (9090397.000.000) 11/22 18:10:21 Image size of job updated: 1281804
	233  -  MemoryUsage of job (MB)
	238028  -  ResidentSetSize of job (KB)
...
006 (9090397.000.000) 11/22 19:25:29 Image size of job updated: 1281804
	233  -  MemoryUsage of job (MB)
	238212  -  ResidentSetSize of job (KB)
...
006 (9090397.000.000) 11/22 20:20:35 Image size of job updated: 1282060
	233  -  MemoryUsage of job (MB)
	238224  -  ResidentSetSize of job (KB)
...
006 (9090397.000.000) 11/22 22:40:50 Image size of job updated: 1282060
	233  -  MemoryUsage of job (MB)
	238380  -  ResidentSetSize of job (KB)
...
006 (9090397.000.000) 11/22 22:45:50 Image size of job updated: 1282316
	233  -  MemoryUsage of job (MB)
	238468  -  ResidentSetSize of job (KB)
...
006 (9090397.000.000) 11/23 00:31:02 Image size of job updated: 1282572
	233  -  MemoryUsage of job (MB)
	238468  -  ResidentSetSize of job (KB)
...
040 (9090397.000.000) 11/23 00:31:22 Started transferring output files
...
040 (9090397.000.000) 11/23 00:31:23 Finished transferring output files
...
005 (9090397.000.000) 11/23 00:31:23 Job terminated.
	(1) Normal termination (return value 0)
		Usr 0 07:50:20, Sys 0 00:01:48  -  Run Remote Usage
		Usr 0 00:00:00, Sys 0 00:00:00  -  Run Local Usage
		Usr 0 07:50:20, Sys 0 00:01:48  -  Total Remote Usage
		Usr 0 00:00:00, Sys 0 00:00:00  -  Total Local Usage
	6871  -  Run Bytes Sent By Job
	11218  -  Run Bytes Received By Job
	6871  -  Total Bytes Sent By Job
	11218  -  Total Bytes Received By Job
	Partitionable Resources :    Usage  Request Allocated 
	   Cpus                 :     1.00        1         1 
	   Disk (KB)            :    39          12   1579601 
	   Memory (MB)          :   233        2000      2000 

	Job terminated of its own accord at 2023-11-22T23:31:21Z.
...
000 (9093015.000.000) 11/23 21:30:10 Job submitted from host: <188.184.90.62:9618?addrs=188.184.90.62-9618+[2001-1458-201-e4--100-238]-9618&alias=bigbird16.cern.ch&noUDP&sock=schedd_4073970_23e3>
...
040 (9093015.000.000) 11/24 00:00:57 Started transferring input files
	Transferring to host: <128.142.248.196:9618?addrs=128.142.248.196-9618+[2001-1458-301-73--100-c3]-9618&alias=b7g23p3833.cern.ch&noUDP&sock=slot1_34_56098_dda2_43715>
...
040 (9093015.000.000) 11/24 00:00:57 Finished transferring input files
...
001 (9093015.000.000) 11/24 00:00:58 Job executing on host: <128.142.248.196:9618?addrs=128.142.248.196-9618+[2001-1458-301-73--100-c3]-9618&alias=b7g23p3833.cern.ch&noUDP&sock=startd_56060_135a>
...
006 (9093015.000.000) 11/24 00:01:07 Image size of job updated: 395860
	126  -  MemoryUsage of job (MB)
	128404  -  ResidentSetSize of job (KB)
...
006 (9093015.000.000) 11/24 00:06:08 Image size of job updated: 1278920
	218  -  MemoryUsage of job (MB)
	223132  -  ResidentSetSize of job (KB)
...
006 (9093015.000.000) 11/24 00:11:09 Image size of job updated: 1281060
	221  -  MemoryUsage of job (MB)
	226296  -  ResidentSetSize of job (KB)
...
006 (9093015.000.000) 11/24 00:16:09 Image size of job updated: 1281060
	222  -  MemoryUsage of job (MB)
	226452  -  ResidentSetSize of job (KB)
...
006 (9093015.000.000) 11/24 00:21:10 Image size of job updated: 1281060
	222  -  MemoryUsage of job (MB)
	226908  -  ResidentSetSize of job (KB)
...
006 (9093015.000.000) 11/24 00:26:11 Image size of job updated: 1281060
	222  -  MemoryUsage of job (MB)
	226928  -  ResidentSetSize of job (KB)
...
006 (9093015.000.000) 11/24 00:31:11 Image size of job updated: 1281060
	222  -  MemoryUsage of job (MB)
	226932  -  ResidentSetSize of job (KB)
...
006 (9093015.000.000) 11/24 00:36:11 Image size of job updated: 1281060
	222  -  MemoryUsage of job (MB)
	226960  -  ResidentSetSize of job (KB)
...
006 (9093015.000.000) 11/24 00:41:12 Image size of job updated: 1281060
	223  -  MemoryUsage of job (MB)
	227532  -  ResidentSetSize of job (KB)
...
006 (9093015.000.000) 11/24 00:46:13 Image size of job updated: 1281060
	229  -  MemoryUsage of job (MB)
	234220  -  ResidentSetSize of job (KB)
...
006 (9093015.000.000) 11/24 00:51:13 Image size of job updated: 1281060
	231  -  MemoryUsage of job (MB)
	236040  -  ResidentSetSize of job (KB)
...
006 (9093015.000.000) 11/24 00:56:14 Image size of job updated: 1281316
	232  -  MemoryUsage of job (MB)
	237324  -  ResidentSetSize of job (KB)
...
006 (9093015.000.000) 11/24 01:01:15 Image size of job updated: 1281572
	232  -  MemoryUsage of job (MB)
	237324  -  ResidentSetSize of job (KB)
...
006 (9093015.000.000) 11/24 01:11:16 Image size of job updated: 1281572
	232  -  MemoryUsage of job (MB)
	237568  -  ResidentSetSize of job (KB)
...
006 (9093015.000.000) 11/24 01:16:17 Image size of job updated: 1281828
	233  -  MemoryUsage of job (MB)
	237652  -  ResidentSetSize of job (KB)
...
006 (9093015.000.000) 11/24 01:51:21 Image size of job updated: 1281828
	233  -  MemoryUsage of job (MB)
	237968  -  ResidentSetSize of job (KB)
...
006 (9093015.000.000) 11/24 01:56:21 Image size of job updated: 1281828
	233  -  MemoryUsage of job (MB)
	238028  -  ResidentSetSize of job (KB)
...
006 (9093015.000.000) 11/24 02:11:22 Image size of job updated: 1281828
	233  -  MemoryUsage of job (MB)
	238040  -  ResidentSetSize of job (KB)
...
006 (9093015.000.000) 11/24 03:16:28 Image size of job updated: 1282596
	233  -  MemoryUsage of job (MB)
	238040  -  ResidentSetSize of job (KB)
...
006 (9093015.000.000) 11/24 03:36:29 Image size of job updated: 1282596
	233  -  MemoryUsage of job (MB)
	238264  -  ResidentSetSize of job (KB)
...
006 (9093015.000.000) 11/24 04:21:34 Image size of job updated: 1282596
	233  -  MemoryUsage of job (MB)
	238296  -  ResidentSetSize of job (KB)
...
040 (9093015.000.000) 11/24 06:15:55 Started transferring output files
...
040 (9093015.000.000) 11/24 06:15:55 Finished transferring output files
...
005 (9093015.000.000) 11/24 06:15:55 Job terminated.
	(1) Normal termination (return value 0)
		Usr 0 05:57:00, Sys 0 00:00:38  -  Run Remote Usage
		Usr 0 00:00:00, Sys 0 00:00:00  -  Run Local Usage
		Usr 0 05:57:00, Sys 0 00:00:38  -  Total Remote Usage
		Usr 0 00:00:00, Sys 0 00:00:00  -  Total Local Usage
	6871  -  Run Bytes Sent By Job
	11222  -  Run Bytes Received By Job
	6871  -  Total Bytes Sent By Job
	11222  -  Total Bytes Received By Job
	Partitionable Resources :    Usage  Request Allocated 
	   Cpus                 :     0.94        1         1 
	   Disk (KB)            :    39          12   3032356 
	   Memory (MB)          :   233        2000      2000 

	Job terminated of its own accord at 2023-11-24T05:15:55Z.
...
