000 (9055918.000.000) 11/09 13:10:19 Job submitted from host: <188.184.90.62:9618?addrs=188.184.90.62-9618+[2001-1458-201-e4--100-238]-9618&alias=bigbird16.cern.ch&noUDP&sock=schedd_4073970_23e3>
...
040 (9055918.000.000) 11/09 13:22:25 Started transferring input files
	Transferring to host: <128.142.58.60:9618?addrs=128.142.58.60-9618+[2001-1458-301-16--100-3b]-9618&alias=b7s03p3748.cern.ch&noUDP&sock=slot1_11_4789_089c_252598>
...
040 (9055918.000.000) 11/09 13:22:25 Finished transferring input files
...
001 (9055918.000.000) 11/09 13:22:26 Job executing on host: <128.142.58.60:9618?addrs=128.142.58.60-9618+[2001-1458-301-16--100-3b]-9618&alias=b7s03p3748.cern.ch&noUDP&sock=startd_4208_ea9d>
...
006 (9055918.000.000) 11/09 13:22:34 Image size of job updated: 257288
	115  -  MemoryUsage of job (MB)
	117220  -  ResidentSetSize of job (KB)
...
006 (9055918.000.000) 11/09 13:27:34 Image size of job updated: 1288060
	239  -  MemoryUsage of job (MB)
	244504  -  ResidentSetSize of job (KB)
...
040 (9055918.000.000) 11/09 13:28:47 Started transferring output files
...
040 (9055918.000.000) 11/09 13:28:47 Finished transferring output files
...
005 (9055918.000.000) 11/09 13:28:47 Job terminated.
	(1) Normal termination (return value 0)
		Usr 0 00:03:26, Sys 0 00:00:02  -  Run Remote Usage
		Usr 0 00:00:00, Sys 0 00:00:00  -  Run Local Usage
		Usr 0 00:03:26, Sys 0 00:00:02  -  Total Remote Usage
		Usr 0 00:00:00, Sys 0 00:00:00  -  Total Local Usage
	5479  -  Run Bytes Sent By Job
	10623  -  Run Bytes Received By Job
	5479  -  Total Bytes Sent By Job
	10623  -  Total Bytes Received By Job
	Partitionable Resources :    Usage  Request Allocated 
	   Cpus                 :     0.73        1         1 
	   Disk (KB)            :    37          12   1270188 
	   Memory (MB)          :   239        2000      2000 

	Job terminated of its own accord at 2023-11-09T12:28:47Z.
...
000 (9055952.000.000) 11/09 14:11:06 Job submitted from host: <188.184.90.62:9618?addrs=188.184.90.62-9618+[2001-1458-201-e4--100-238]-9618&alias=bigbird16.cern.ch&noUDP&sock=schedd_4073970_23e3>
...
000 (9055959.000.000) 11/09 14:11:34 Job submitted from host: <188.184.90.62:9618?addrs=188.184.90.62-9618+[2001-1458-201-e4--100-238]-9618&alias=bigbird16.cern.ch&noUDP&sock=schedd_4073970_23e3>
...
040 (9055952.000.000) 11/09 14:34:06 Started transferring input files
	Transferring to host: <188.184.160.78:9618?addrs=188.184.160.78-9618+[2001-1458-301-48--100-48]-9618&alias=b7s09p7643.cern.ch&noUDP&sock=slot1_59_8339_546c_7803>
...
040 (9055952.000.000) 11/09 14:34:06 Finished transferring input files
...
001 (9055952.000.000) 11/09 14:34:07 Job executing on host: <188.184.160.78:9618?addrs=188.184.160.78-9618+[2001-1458-301-48--100-48]-9618&alias=b7s09p7643.cern.ch&noUDP&sock=startd_6617_4a43>
...
040 (9055959.000.000) 11/09 14:34:09 Started transferring input files
	Transferring to host: <188.184.160.176:9618?addrs=188.184.160.176-9618+[2001-1458-301-48--100-aa]-9618&alias=b7s09p7721.cern.ch&noUDP&sock=slot1_10_135446_b5bd_174187>
...
040 (9055959.000.000) 11/09 14:34:09 Finished transferring input files
...
001 (9055959.000.000) 11/09 14:34:10 Job executing on host: <188.184.160.176:9618?addrs=188.184.160.176-9618+[2001-1458-301-48--100-aa]-9618&alias=b7s09p7721.cern.ch&noUDP&sock=startd_28392_2101>
...
006 (9055952.000.000) 11/09 14:34:16 Image size of job updated: 95280
	56  -  MemoryUsage of job (MB)
	56980  -  ResidentSetSize of job (KB)
...
006 (9055959.000.000) 11/09 14:34:19 Image size of job updated: 301392
	143  -  MemoryUsage of job (MB)
	146284  -  ResidentSetSize of job (KB)
...
006 (9055952.000.000) 11/09 14:39:17 Image size of job updated: 1287152
	227  -  MemoryUsage of job (MB)
	231900  -  ResidentSetSize of job (KB)
...
006 (9055959.000.000) 11/09 14:39:20 Image size of job updated: 1287104
	228  -  MemoryUsage of job (MB)
	232532  -  ResidentSetSize of job (KB)
...
006 (9055952.000.000) 11/09 14:44:17 Image size of job updated: 1287152
	228  -  MemoryUsage of job (MB)
	232536  -  ResidentSetSize of job (KB)
...
006 (9055959.000.000) 11/09 14:44:21 Image size of job updated: 1287104
	234  -  MemoryUsage of job (MB)
	239548  -  ResidentSetSize of job (KB)
...
006 (9055952.000.000) 11/09 14:49:18 Image size of job updated: 1287152
	234  -  MemoryUsage of job (MB)
	239120  -  ResidentSetSize of job (KB)
...
006 (9055959.000.000) 11/09 14:49:21 Image size of job updated: 1287104
	235  -  MemoryUsage of job (MB)
	240256  -  ResidentSetSize of job (KB)
...
006 (9055952.000.000) 11/09 14:54:19 Image size of job updated: 1287152
	235  -  MemoryUsage of job (MB)
	239784  -  ResidentSetSize of job (KB)
...
006 (9055959.000.000) 11/09 14:54:21 Image size of job updated: 1287104
	235  -  MemoryUsage of job (MB)
	240372  -  ResidentSetSize of job (KB)
...
006 (9055952.000.000) 11/09 14:59:19 Image size of job updated: 1287152
	235  -  MemoryUsage of job (MB)
	239844  -  ResidentSetSize of job (KB)
...
006 (9055959.000.000) 11/09 14:59:22 Image size of job updated: 1287104
	238  -  MemoryUsage of job (MB)
	242832  -  ResidentSetSize of job (KB)
...
006 (9055952.000.000) 11/09 15:04:20 Image size of job updated: 1287152
	235  -  MemoryUsage of job (MB)
	239908  -  ResidentSetSize of job (KB)
...
006 (9055959.000.000) 11/09 15:04:23 Image size of job updated: 1287104
	238  -  MemoryUsage of job (MB)
	242876  -  ResidentSetSize of job (KB)
...
006 (9055952.000.000) 11/09 15:09:21 Image size of job updated: 1287152
	237  -  MemoryUsage of job (MB)
	242648  -  ResidentSetSize of job (KB)
...
006 (9055959.000.000) 11/09 15:09:23 Image size of job updated: 1287104
	238  -  MemoryUsage of job (MB)
	242956  -  ResidentSetSize of job (KB)
...
006 (9055952.000.000) 11/09 15:14:21 Image size of job updated: 1287152
	237  -  MemoryUsage of job (MB)
	242684  -  ResidentSetSize of job (KB)
...
006 (9055959.000.000) 11/09 15:19:25 Image size of job updated: 1287104
	238  -  MemoryUsage of job (MB)
	243560  -  ResidentSetSize of job (KB)
...
006 (9055952.000.000) 11/09 15:24:23 Image size of job updated: 1287152
	238  -  MemoryUsage of job (MB)
	242700  -  ResidentSetSize of job (KB)
...
006 (9055959.000.000) 11/09 15:24:25 Image size of job updated: 1287616
	239  -  MemoryUsage of job (MB)
	243876  -  ResidentSetSize of job (KB)
...
006 (9055952.000.000) 11/09 15:29:23 Image size of job updated: 1287152
	238  -  MemoryUsage of job (MB)
	242716  -  ResidentSetSize of job (KB)
...
006 (9055959.000.000) 11/09 15:29:25 Image size of job updated: 1287616
	239  -  MemoryUsage of job (MB)
	243880  -  ResidentSetSize of job (KB)
...
006 (9055952.000.000) 11/09 15:39:25 Image size of job updated: 1287152
	238  -  MemoryUsage of job (MB)
	243204  -  ResidentSetSize of job (KB)
...
006 (9055952.000.000) 11/09 15:44:25 Image size of job updated: 1287408
	238  -  MemoryUsage of job (MB)
	243492  -  ResidentSetSize of job (KB)
...
006 (9055952.000.000) 11/09 15:49:25 Image size of job updated: 1287664
	239  -  MemoryUsage of job (MB)
	243736  -  ResidentSetSize of job (KB)
...
006 (9055959.000.000) 11/09 15:49:27 Image size of job updated: 1288128
	239  -  MemoryUsage of job (MB)
	244396  -  ResidentSetSize of job (KB)
...
006 (9055952.000.000) 11/09 16:14:28 Image size of job updated: 1287664
	239  -  MemoryUsage of job (MB)
	243752  -  ResidentSetSize of job (KB)
...
006 (9055952.000.000) 11/09 16:19:28 Image size of job updated: 1288176
	239  -  MemoryUsage of job (MB)
	243752  -  ResidentSetSize of job (KB)
...
006 (9055952.000.000) 11/09 16:24:29 Image size of job updated: 1288176
	239  -  MemoryUsage of job (MB)
	244216  -  ResidentSetSize of job (KB)
...
006 (9055959.000.000) 11/09 16:39:32 Image size of job updated: 1288128
	239  -  MemoryUsage of job (MB)
	244544  -  ResidentSetSize of job (KB)
...
006 (9055959.000.000) 11/09 16:54:33 Image size of job updated: 1288128
	239  -  MemoryUsage of job (MB)
	244572  -  ResidentSetSize of job (KB)
...
006 (9055959.000.000) 11/09 16:59:34 Image size of job updated: 1288128
	239  -  MemoryUsage of job (MB)
	244588  -  ResidentSetSize of job (KB)
...
006 (9055952.000.000) 11/09 17:09:33 Image size of job updated: 1288176
	239  -  MemoryUsage of job (MB)
	244228  -  ResidentSetSize of job (KB)
...
006 (9055952.000.000) 11/09 17:24:35 Image size of job updated: 1288176
	240  -  MemoryUsage of job (MB)
	244748  -  ResidentSetSize of job (KB)
...
006 (9055959.000.000) 11/09 17:39:38 Image size of job updated: 1288128
	240  -  MemoryUsage of job (MB)
	244796  -  ResidentSetSize of job (KB)
...
040 (9055959.000.000) 11/09 17:50:38 Started transferring output files
...
040 (9055959.000.000) 11/09 17:50:38 Finished transferring output files
...
005 (9055959.000.000) 11/09 17:50:38 Job terminated.
	(1) Normal termination (return value 0)
		Usr 0 03:00:18, Sys 0 00:00:15  -  Run Remote Usage
		Usr 0 00:00:00, Sys 0 00:00:00  -  Run Local Usage
		Usr 0 03:00:18, Sys 0 00:00:15  -  Total Remote Usage
		Usr 0 00:00:00, Sys 0 00:00:00  -  Total Local Usage
	24164  -  Run Bytes Sent By Job
	10623  -  Run Bytes Received By Job
	24164  -  Total Bytes Sent By Job
	10623  -  Total Bytes Received By Job
	Partitionable Resources :    Usage  Request Allocated 
	   Cpus                 :     0.92        1         1 
	   Disk (KB)            :    56          12   3111135 
	   Memory (MB)          :   240        2000      2000 

	Job terminated of its own accord at 2023-11-09T16:50:38Z.
...
040 (9055952.000.000) 11/09 18:33:27 Started transferring output files
...
040 (9055952.000.000) 11/09 18:33:27 Finished transferring output files
...
005 (9055952.000.000) 11/09 18:33:27 Job terminated.
	(1) Normal termination (return value 0)
		Usr 0 03:40:40, Sys 0 00:00:41  -  Run Remote Usage
		Usr 0 00:00:00, Sys 0 00:00:00  -  Run Local Usage
		Usr 0 03:40:40, Sys 0 00:00:41  -  Total Remote Usage
		Usr 0 00:00:00, Sys 0 00:00:00  -  Total Local Usage
	24164  -  Run Bytes Sent By Job
	10623  -  Run Bytes Received By Job
	24164  -  Total Bytes Sent By Job
	10623  -  Total Bytes Received By Job
	Partitionable Resources :    Usage  Request Allocated 
	   Cpus                 :     1.00        1         1 
	   Disk (KB)            :    56          12   3055284 
	   Memory (MB)          :   240        2000      2000 

	Job terminated of its own accord at 2023-11-09T17:33:27Z.
...
000 (9074409.000.000) 11/15 18:06:19 Job submitted from host: <188.184.90.62:9618?addrs=188.184.90.62-9618+[2001-1458-201-e4--100-238]-9618&alias=bigbird16.cern.ch&noUDP&sock=schedd_4073970_23e3>
...
040 (9074409.000.000) 11/16 00:49:11 Started transferring input files
	Transferring to host: <128.142.57.16:9618?addrs=128.142.57.16-9618&alias=b7s02p1761.cern.ch&noUDP&sock=slot1_7_3110_06b8_59808>
...
040 (9074409.000.000) 11/16 00:49:11 Finished transferring input files
...
001 (9074409.000.000) 11/16 00:49:12 Job executing on host: <128.142.57.16:9618?addrs=128.142.57.16-9618&alias=b7s02p1761.cern.ch&noUDP&sock=startd_2656_5fa1>
...
006 (9074409.000.000) 11/16 00:49:21 Image size of job updated: 943340
	10  -  MemoryUsage of job (MB)
	9704  -  ResidentSetSize of job (KB)
...
006 (9074409.000.000) 11/16 00:53:54 Image size of job updated: 1282900
	10  -  MemoryUsage of job (MB)
	9704  -  ResidentSetSize of job (KB)
...
040 (9074409.000.000) 11/16 00:53:55 Started transferring output files
...
040 (9074409.000.000) 11/16 00:53:55 Finished transferring output files
...
005 (9074409.000.000) 11/16 00:53:55 Job terminated.
	(1) Normal termination (return value 0)
		Usr 0 00:00:15, Sys 0 00:00:01  -  Run Remote Usage
		Usr 0 00:00:00, Sys 0 00:00:00  -  Run Local Usage
		Usr 0 00:00:15, Sys 0 00:00:01  -  Total Remote Usage
		Usr 0 00:00:00, Sys 0 00:00:00  -  Total Local Usage
	5075  -  Run Bytes Sent By Job
	10623  -  Run Bytes Received By Job
	5075  -  Total Bytes Sent By Job
	10623  -  Total Bytes Received By Job
	Partitionable Resources :    Usage  Request Allocated 
	   Cpus                 :     0.01        1         1 
	   Disk (KB)            :    36          12   1338726 
	   Memory (MB)          :    10        2000      2000 

	Job terminated of its own accord at 2023-11-15T23:53:54Z.
...
000 (9075732.000.000) 11/16 10:27:49 Job submitted from host: <188.184.90.62:9618?addrs=188.184.90.62-9618+[2001-1458-201-e4--100-238]-9618&alias=bigbird16.cern.ch&noUDP&sock=schedd_4073970_23e3>
...
040 (9075732.000.000) 11/16 13:32:26 Started transferring input files
	Transferring to host: <188.184.160.168:9618?addrs=188.184.160.168-9618+[2001-1458-301-48--100-a2]-9618&alias=b7s09p5173.cern.ch&noUDP&sock=slot1_22_208885_2107_184487>
...
040 (9075732.000.000) 11/16 13:32:26 Finished transferring input files
...
001 (9075732.000.000) 11/16 13:32:27 Job executing on host: <188.184.160.168:9618?addrs=188.184.160.168-9618+[2001-1458-301-48--100-a2]-9618&alias=b7s09p5173.cern.ch&noUDP&sock=startd_208847_3fd3>
...
006 (9075732.000.000) 11/16 13:32:36 Image size of job updated: 828960
	138  -  MemoryUsage of job (MB)
	140664  -  ResidentSetSize of job (KB)
...
006 (9075732.000.000) 11/16 13:37:37 Image size of job updated: 1282624
	223  -  MemoryUsage of job (MB)
	227444  -  ResidentSetSize of job (KB)
...
006 (9075732.000.000) 11/16 13:42:37 Image size of job updated: 1282624
	224  -  MemoryUsage of job (MB)
	228392  -  ResidentSetSize of job (KB)
...
006 (9075732.000.000) 11/16 13:47:38 Image size of job updated: 1282624
	224  -  MemoryUsage of job (MB)
	228448  -  ResidentSetSize of job (KB)
...
006 (9075732.000.000) 11/16 13:52:39 Image size of job updated: 1282624
	224  -  MemoryUsage of job (MB)
	228468  -  ResidentSetSize of job (KB)
...
006 (9075732.000.000) 11/16 13:57:39 Image size of job updated: 1282624
	224  -  MemoryUsage of job (MB)
	228568  -  ResidentSetSize of job (KB)
...
006 (9075732.000.000) 11/16 14:02:39 Image size of job updated: 1282624
	224  -  MemoryUsage of job (MB)
	228588  -  ResidentSetSize of job (KB)
...
006 (9075732.000.000) 11/16 14:07:40 Image size of job updated: 1282624
	224  -  MemoryUsage of job (MB)
	229100  -  ResidentSetSize of job (KB)
...
006 (9075732.000.000) 11/16 14:12:40 Image size of job updated: 1282624
	231  -  MemoryUsage of job (MB)
	235644  -  ResidentSetSize of job (KB)
...
006 (9075732.000.000) 11/16 14:17:40 Image size of job updated: 1282880
	231  -  MemoryUsage of job (MB)
	235996  -  ResidentSetSize of job (KB)
...
006 (9075732.000.000) 11/16 14:22:41 Image size of job updated: 1282880
	231  -  MemoryUsage of job (MB)
	236052  -  ResidentSetSize of job (KB)
...
006 (9075732.000.000) 11/16 14:47:44 Image size of job updated: 1282880
	231  -  MemoryUsage of job (MB)
	236088  -  ResidentSetSize of job (KB)
...
006 (9075732.000.000) 11/16 16:07:52 Image size of job updated: 1283136
	231  -  MemoryUsage of job (MB)
	236428  -  ResidentSetSize of job (KB)
...
006 (9075732.000.000) 11/16 16:12:52 Image size of job updated: 1283136
	231  -  MemoryUsage of job (MB)
	236432  -  ResidentSetSize of job (KB)
...
006 (9075732.000.000) 11/16 17:18:00 Image size of job updated: 1283136
	231  -  MemoryUsage of job (MB)
	236484  -  ResidentSetSize of job (KB)
...
006 (9075732.000.000) 11/16 17:23:01 Image size of job updated: 1283136
	234  -  MemoryUsage of job (MB)
	238936  -  ResidentSetSize of job (KB)
...
006 (9075732.000.000) 11/16 17:28:02 Image size of job updated: 1283136
	234  -  MemoryUsage of job (MB)
	238984  -  ResidentSetSize of job (KB)
...
006 (9075732.000.000) 11/16 17:33:02 Image size of job updated: 1283136
	234  -  MemoryUsage of job (MB)
	239008  -  ResidentSetSize of job (KB)
...
006 (9075732.000.000) 11/16 17:43:03 Image size of job updated: 1283136
	234  -  MemoryUsage of job (MB)
	239020  -  ResidentSetSize of job (KB)
...
006 (9075732.000.000) 11/16 17:48:04 Image size of job updated: 1283136
	234  -  MemoryUsage of job (MB)
	239048  -  ResidentSetSize of job (KB)
...
006 (9075732.000.000) 11/16 17:53:04 Image size of job updated: 1283136
	234  -  MemoryUsage of job (MB)
	239052  -  ResidentSetSize of job (KB)
...
006 (9075732.000.000) 11/16 18:33:07 Image size of job updated: 1283392
	234  -  MemoryUsage of job (MB)
	239104  -  ResidentSetSize of job (KB)
...
006 (9075732.000.000) 11/16 18:38:08 Image size of job updated: 1283392
	235  -  MemoryUsage of job (MB)
	239636  -  ResidentSetSize of job (KB)
...
006 (9075732.000.000) 11/16 19:18:11 Image size of job updated: 1283648
	235  -  MemoryUsage of job (MB)
	239988  -  ResidentSetSize of job (KB)
...
006 (9075732.000.000) 11/16 21:08:22 Image size of job updated: 1283648
	235  -  MemoryUsage of job (MB)
	240224  -  ResidentSetSize of job (KB)
...
006 (9075732.000.000) 11/16 21:18:24 Image size of job updated: 1283648
	235  -  MemoryUsage of job (MB)
	240232  -  ResidentSetSize of job (KB)
...
006 (9075732.000.000) 11/16 21:23:24 Image size of job updated: 1283648
	235  -  MemoryUsage of job (MB)
	240236  -  ResidentSetSize of job (KB)
...
006 (9075732.000.000) 11/16 21:33:25 Image size of job updated: 1283648
	235  -  MemoryUsage of job (MB)
	240252  -  ResidentSetSize of job (KB)
...
040 (9075732.000.000) 11/16 21:45:03 Started transferring output files
...
040 (9075732.000.000) 11/16 21:45:03 Finished transferring output files
...
005 (9075732.000.000) 11/16 21:45:03 Job terminated.
	(1) Normal termination (return value 0)
		Usr 0 07:38:56, Sys 0 00:00:37  -  Run Remote Usage
		Usr 0 00:00:00, Sys 0 00:00:00  -  Run Local Usage
		Usr 0 07:38:56, Sys 0 00:00:37  -  Total Remote Usage
		Usr 0 00:00:00, Sys 0 00:00:00  -  Total Local Usage
	46931  -  Run Bytes Sent By Job
	10623  -  Run Bytes Received By Job
	46931  -  Total Bytes Sent By Job
	10623  -  Total Bytes Received By Job
	Partitionable Resources :    Usage  Request Allocated 
	   Cpus                 :     0.98        1         1 
	   Disk (KB)            :    78          12   2945630 
	   Memory (MB)          :   235        2000      2000 

	Job terminated of its own accord at 2023-11-16T20:45:03Z.
...
000 (9076162.000.000) 11/17 08:46:39 Job submitted from host: <188.184.90.62:9618?addrs=188.184.90.62-9618+[2001-1458-201-e4--100-238]-9618&alias=bigbird16.cern.ch&noUDP&sock=schedd_4073970_23e3>
...
040 (9076162.000.000) 11/17 12:54:44 Started transferring input files
	Transferring to host: <128.142.130.138:9618?addrs=128.142.130.138-9618+[2001-1458-301-58--100-7e]-9618&alias=b7g20p9473.cern.ch&noUDP&sock=slot1_2_3225_0ddc_53452>
...
040 (9076162.000.000) 11/17 12:54:44 Finished transferring input files
...
001 (9076162.000.000) 11/17 12:54:45 Job executing on host: <128.142.130.138:9618?addrs=128.142.130.138-9618+[2001-1458-301-58--100-7e]-9618&alias=b7g20p9473.cern.ch&noUDP&sock=startd_2767_82a4>
...
006 (9076162.000.000) 11/17 12:54:54 Image size of job updated: 285372
	7  -  MemoryUsage of job (MB)
	6504  -  ResidentSetSize of job (KB)
...
006 (9076162.000.000) 11/17 12:59:55 Image size of job updated: 1282580
	222  -  MemoryUsage of job (MB)
	227288  -  ResidentSetSize of job (KB)
...
006 (9076162.000.000) 11/17 13:04:55 Image size of job updated: 1282580
	222  -  MemoryUsage of job (MB)
	227320  -  ResidentSetSize of job (KB)
...
006 (9076162.000.000) 11/17 13:09:55 Image size of job updated: 1282580
	223  -  MemoryUsage of job (MB)
	228172  -  ResidentSetSize of job (KB)
...
006 (9076162.000.000) 11/17 13:14:56 Image size of job updated: 1282580
	223  -  MemoryUsage of job (MB)
	228348  -  ResidentSetSize of job (KB)
...
006 (9076162.000.000) 11/17 13:19:57 Image size of job updated: 1282580
	224  -  MemoryUsage of job (MB)
	228380  -  ResidentSetSize of job (KB)
...
006 (9076162.000.000) 11/17 13:24:57 Image size of job updated: 1282580
	224  -  MemoryUsage of job (MB)
	228400  -  ResidentSetSize of job (KB)
...
006 (9076162.000.000) 11/17 13:29:58 Image size of job updated: 1282580
	224  -  MemoryUsage of job (MB)
	228564  -  ResidentSetSize of job (KB)
...
006 (9076162.000.000) 11/17 13:39:59 Image size of job updated: 1282580
	224  -  MemoryUsage of job (MB)
	228592  -  ResidentSetSize of job (KB)
...
006 (9076162.000.000) 11/17 13:45:00 Image size of job updated: 1282580
	224  -  MemoryUsage of job (MB)
	228600  -  ResidentSetSize of job (KB)
...
006 (9076162.000.000) 11/17 14:00:01 Image size of job updated: 1282580
	224  -  MemoryUsage of job (MB)
	228608  -  ResidentSetSize of job (KB)
...
006 (9076162.000.000) 11/17 14:05:02 Image size of job updated: 1282580
	224  -  MemoryUsage of job (MB)
	228620  -  ResidentSetSize of job (KB)
...
006 (9076162.000.000) 11/17 14:10:02 Image size of job updated: 1282580
	231  -  MemoryUsage of job (MB)
	235696  -  ResidentSetSize of job (KB)
...
006 (9076162.000.000) 11/17 14:15:02 Image size of job updated: 1282580
	231  -  MemoryUsage of job (MB)
	235728  -  ResidentSetSize of job (KB)
...
006 (9076162.000.000) 11/17 14:25:03 Image size of job updated: 1282836
	231  -  MemoryUsage of job (MB)
	236060  -  ResidentSetSize of job (KB)
...
006 (9076162.000.000) 11/17 14:35:04 Image size of job updated: 1282836
	231  -  MemoryUsage of job (MB)
	236096  -  ResidentSetSize of job (KB)
...
006 (9076162.000.000) 11/17 14:40:05 Image size of job updated: 1282836
	231  -  MemoryUsage of job (MB)
	236108  -  ResidentSetSize of job (KB)
...
006 (9076162.000.000) 11/17 14:55:07 Image size of job updated: 1282836
	231  -  MemoryUsage of job (MB)
	236112  -  ResidentSetSize of job (KB)
...
006 (9076162.000.000) 11/17 15:15:08 Image size of job updated: 1282836
	231  -  MemoryUsage of job (MB)
	236136  -  ResidentSetSize of job (KB)
...
006 (9076162.000.000) 11/17 15:20:08 Image size of job updated: 1282836
	231  -  MemoryUsage of job (MB)
	236140  -  ResidentSetSize of job (KB)
...
006 (9076162.000.000) 11/17 15:50:12 Image size of job updated: 1282836
	231  -  MemoryUsage of job (MB)
	236160  -  ResidentSetSize of job (KB)
...
006 (9076162.000.000) 11/17 17:05:19 Image size of job updated: 1283092
	231  -  MemoryUsage of job (MB)
	236516  -  ResidentSetSize of job (KB)
...
006 (9076162.000.000) 11/17 19:20:32 Image size of job updated: 1283092
	231  -  MemoryUsage of job (MB)
	236524  -  ResidentSetSize of job (KB)
...
006 (9076162.000.000) 11/17 19:25:33 Image size of job updated: 1283092
	232  -  MemoryUsage of job (MB)
	236692  -  ResidentSetSize of job (KB)
...
006 (9076162.000.000) 11/17 19:30:34 Image size of job updated: 1283092
	232  -  MemoryUsage of job (MB)
	236716  -  ResidentSetSize of job (KB)
...
006 (9076162.000.000) 11/17 19:35:34 Image size of job updated: 1283092
	233  -  MemoryUsage of job (MB)
	238432  -  ResidentSetSize of job (KB)
...
006 (9076162.000.000) 11/17 19:45:36 Image size of job updated: 1283092
	233  -  MemoryUsage of job (MB)
	238440  -  ResidentSetSize of job (KB)
...
006 (9076162.000.000) 11/17 19:50:36 Image size of job updated: 1283092
	233  -  MemoryUsage of job (MB)
	238512  -  ResidentSetSize of job (KB)
...
006 (9076162.000.000) 11/17 20:00:38 Image size of job updated: 1283092
	233  -  MemoryUsage of job (MB)
	238532  -  ResidentSetSize of job (KB)
...
006 (9076162.000.000) 11/17 20:20:40 Image size of job updated: 1283092
	233  -  MemoryUsage of job (MB)
	238540  -  ResidentSetSize of job (KB)
...
006 (9076162.000.000) 11/17 20:25:41 Image size of job updated: 1283092
	233  -  MemoryUsage of job (MB)
	238544  -  ResidentSetSize of job (KB)
...
006 (9076162.000.000) 11/17 21:40:48 Image size of job updated: 1283348
	233  -  MemoryUsage of job (MB)
	238544  -  ResidentSetSize of job (KB)
...
006 (9076162.000.000) 11/17 21:50:50 Image size of job updated: 1283348
	234  -  MemoryUsage of job (MB)
	238872  -  ResidentSetSize of job (KB)
...
006 (9076162.000.000) 11/17 21:55:50 Image size of job updated: 1283348
	234  -  MemoryUsage of job (MB)
	239128  -  ResidentSetSize of job (KB)
...
006 (9076162.000.000) 11/17 22:05:51 Image size of job updated: 1283348
	234  -  MemoryUsage of job (MB)
	239140  -  ResidentSetSize of job (KB)
...
006 (9076162.000.000) 11/17 22:10:52 Image size of job updated: 1283348
	234  -  MemoryUsage of job (MB)
	239144  -  ResidentSetSize of job (KB)
...
006 (9076162.000.000) 11/17 22:55:56 Image size of job updated: 1283348
	234  -  MemoryUsage of job (MB)
	239336  -  ResidentSetSize of job (KB)
...
006 (9076162.000.000) 11/18 00:31:05 Image size of job updated: 1283604
	234  -  MemoryUsage of job (MB)
	239580  -  ResidentSetSize of job (KB)
...
006 (9076162.000.000) 11/18 02:26:18 Image size of job updated: 1283604
	235  -  MemoryUsage of job (MB)
	239972  -  ResidentSetSize of job (KB)
...
006 (9076162.000.000) 11/18 02:31:19 Image size of job updated: 1283604
	235  -  MemoryUsage of job (MB)
	240156  -  ResidentSetSize of job (KB)
...
006 (9076162.000.000) 11/18 02:46:20 Image size of job updated: 1283604
	235  -  MemoryUsage of job (MB)
	240160  -  ResidentSetSize of job (KB)
...
040 (9076162.000.000) 11/18 03:20:55 Started transferring output files
...
040 (9076162.000.000) 11/18 03:20:55 Finished transferring output files
...
005 (9076162.000.000) 11/18 03:20:55 Job terminated.
	(1) Normal termination (return value 0)
		Usr 0 13:43:46, Sys 0 00:01:03  -  Run Remote Usage
		Usr 0 00:00:00, Sys 0 00:00:00  -  Run Local Usage
		Usr 0 13:43:46, Sys 0 00:01:03  -  Total Remote Usage
		Usr 0 00:00:00, Sys 0 00:00:00  -  Total Local Usage
	9233  -  Run Bytes Sent By Job
	11196  -  Run Bytes Received By Job
	9233  -  Total Bytes Sent By Job
	11196  -  Total Bytes Received By Job
	Partitionable Resources :    Usage  Request Allocated 
	   Cpus                 :     0.90        1         1 
	   Disk (KB)            :    42          12   1551541 
	   Memory (MB)          :   235        2000      2000 

	Job terminated of its own accord at 2023-11-18T02:20:55Z.
...
000 (9090396.000.000) 11/22 16:02:36 Job submitted from host: <188.184.90.62:9618?addrs=188.184.90.62-9618+[2001-1458-201-e4--100-238]-9618&alias=bigbird16.cern.ch&noUDP&sock=schedd_4073970_23e3>
...
040 (9090396.000.000) 11/22 16:20:00 Started transferring input files
	Transferring to host: <128.142.130.38:9618?addrs=128.142.130.38-9618+[2001-1458-301-58--100-1a]-9618&alias=b7g20p8951.cern.ch&noUDP&sock=slot1_6_3895_2137_144183>
...
040 (9090396.000.000) 11/22 16:20:00 Finished transferring input files
...
001 (9090396.000.000) 11/22 16:20:01 Job executing on host: <128.142.130.38:9618?addrs=128.142.130.38-9618+[2001-1458-301-58--100-1a]-9618&alias=b7g20p8951.cern.ch&noUDP&sock=startd_3760_a030>
...
006 (9090396.000.000) 11/22 16:20:10 Image size of job updated: 817984
	138  -  MemoryUsage of job (MB)
	140624  -  ResidentSetSize of job (KB)
...
006 (9090396.000.000) 11/22 16:25:11 Image size of job updated: 1282508
	222  -  MemoryUsage of job (MB)
	227280  -  ResidentSetSize of job (KB)
...
006 (9090396.000.000) 11/22 16:30:12 Image size of job updated: 1282508
	223  -  MemoryUsage of job (MB)
	227868  -  ResidentSetSize of job (KB)
...
006 (9090396.000.000) 11/22 16:35:12 Image size of job updated: 1282508
	223  -  MemoryUsage of job (MB)
	228216  -  ResidentSetSize of job (KB)
...
006 (9090396.000.000) 11/22 16:40:12 Image size of job updated: 1282508
	223  -  MemoryUsage of job (MB)
	228336  -  ResidentSetSize of job (KB)
...
006 (9090396.000.000) 11/22 16:45:13 Image size of job updated: 1282508
	224  -  MemoryUsage of job (MB)
	228356  -  ResidentSetSize of job (KB)
...
006 (9090396.000.000) 11/22 16:50:13 Image size of job updated: 1282508
	224  -  MemoryUsage of job (MB)
	228420  -  ResidentSetSize of job (KB)
...
006 (9090396.000.000) 11/22 16:55:13 Image size of job updated: 1282508
	224  -  MemoryUsage of job (MB)
	228424  -  ResidentSetSize of job (KB)
...
006 (9090396.000.000) 11/22 17:00:14 Image size of job updated: 1282508
	224  -  MemoryUsage of job (MB)
	228564  -  ResidentSetSize of job (KB)
...
006 (9090396.000.000) 11/22 17:05:15 Image size of job updated: 1282508
	224  -  MemoryUsage of job (MB)
	228580  -  ResidentSetSize of job (KB)
...
006 (9090396.000.000) 11/22 17:15:16 Image size of job updated: 1282508
	224  -  MemoryUsage of job (MB)
	228716  -  ResidentSetSize of job (KB)
...
006 (9090396.000.000) 11/22 17:20:17 Image size of job updated: 1282508
	231  -  MemoryUsage of job (MB)
	235888  -  ResidentSetSize of job (KB)
...
006 (9090396.000.000) 11/22 17:30:17 Image size of job updated: 1282764
	231  -  MemoryUsage of job (MB)
	236264  -  ResidentSetSize of job (KB)
...
006 (9090396.000.000) 11/22 17:35:18 Image size of job updated: 1282764
	231  -  MemoryUsage of job (MB)
	236292  -  ResidentSetSize of job (KB)
...
006 (9090396.000.000) 11/22 17:40:19 Image size of job updated: 1282764
	231  -  MemoryUsage of job (MB)
	236296  -  ResidentSetSize of job (KB)
...
006 (9090396.000.000) 11/22 18:05:21 Image size of job updated: 1282764
	231  -  MemoryUsage of job (MB)
	236312  -  ResidentSetSize of job (KB)
...
006 (9090396.000.000) 11/22 18:30:25 Image size of job updated: 1283020
	231  -  MemoryUsage of job (MB)
	236340  -  ResidentSetSize of job (KB)
...
006 (9090396.000.000) 11/22 19:10:27 Image size of job updated: 1283020
	231  -  MemoryUsage of job (MB)
	236344  -  ResidentSetSize of job (KB)
...
006 (9090396.000.000) 11/22 20:45:37 Image size of job updated: 1283020
	231  -  MemoryUsage of job (MB)
	236348  -  ResidentSetSize of job (KB)
...
006 (9090396.000.000) 11/22 21:45:44 Image size of job updated: 1283020
	231  -  MemoryUsage of job (MB)
	236364  -  ResidentSetSize of job (KB)
...
006 (9090396.000.000) 11/22 21:50:44 Image size of job updated: 1283020
	231  -  MemoryUsage of job (MB)
	236496  -  ResidentSetSize of job (KB)
...
006 (9090396.000.000) 11/22 21:55:45 Image size of job updated: 1283020
	231  -  MemoryUsage of job (MB)
	236516  -  ResidentSetSize of job (KB)
...
006 (9090396.000.000) 11/22 22:00:46 Image size of job updated: 1283020
	233  -  MemoryUsage of job (MB)
	238232  -  ResidentSetSize of job (KB)
...
006 (9090396.000.000) 11/22 22:10:46 Image size of job updated: 1283020
	233  -  MemoryUsage of job (MB)
	238256  -  ResidentSetSize of job (KB)
...
006 (9090396.000.000) 11/22 22:15:47 Image size of job updated: 1283020
	233  -  MemoryUsage of job (MB)
	238328  -  ResidentSetSize of job (KB)
...
006 (9090396.000.000) 11/22 22:20:47 Image size of job updated: 1283020
	233  -  MemoryUsage of job (MB)
	238336  -  ResidentSetSize of job (KB)
...
006 (9090396.000.000) 11/22 22:50:50 Image size of job updated: 1283020
	233  -  MemoryUsage of job (MB)
	238348  -  ResidentSetSize of job (KB)
...
006 (9090396.000.000) 11/22 23:10:52 Image size of job updated: 1283276
	234  -  MemoryUsage of job (MB)
	238608  -  ResidentSetSize of job (KB)
...
006 (9090396.000.000) 11/22 23:30:53 Image size of job updated: 1283276
	234  -  MemoryUsage of job (MB)
	238620  -  ResidentSetSize of job (KB)
...
006 (9090396.000.000) 11/23 00:10:59 Image size of job updated: 1283276
	234  -  MemoryUsage of job (MB)
	238692  -  ResidentSetSize of job (KB)
...
006 (9090396.000.000) 11/23 00:15:59 Image size of job updated: 1283276
	234  -  MemoryUsage of job (MB)
	238704  -  ResidentSetSize of job (KB)
...
006 (9090396.000.000) 11/23 00:26:01 Image size of job updated: 1283532
	234  -  MemoryUsage of job (MB)
	239148  -  ResidentSetSize of job (KB)
...
006 (9090396.000.000) 11/23 00:41:03 Image size of job updated: 1283532
	234  -  MemoryUsage of job (MB)
	239160  -  ResidentSetSize of job (KB)
...
006 (9090396.000.000) 11/23 00:46:03 Image size of job updated: 1283532
	234  -  MemoryUsage of job (MB)
	239192  -  ResidentSetSize of job (KB)
...
006 (9090396.000.000) 11/23 01:11:06 Image size of job updated: 1283532
	234  -  MemoryUsage of job (MB)
	239304  -  ResidentSetSize of job (KB)
...
006 (9090396.000.000) 11/23 01:21:07 Image size of job updated: 1283532
	234  -  MemoryUsage of job (MB)
	239408  -  ResidentSetSize of job (KB)
...
006 (9090396.000.000) 11/23 01:36:08 Image size of job updated: 1284044
	234  -  MemoryUsage of job (MB)
	239412  -  ResidentSetSize of job (KB)
...
006 (9090396.000.000) 11/23 05:06:29 Image size of job updated: 1284044
	234  -  MemoryUsage of job (MB)
	239428  -  ResidentSetSize of job (KB)
...
006 (9090396.000.000) 11/23 05:11:30 Image size of job updated: 1284044
	234  -  MemoryUsage of job (MB)
	239440  -  ResidentSetSize of job (KB)
...
006 (9090396.000.000) 11/23 05:21:31 Image size of job updated: 1284044
	235  -  MemoryUsage of job (MB)
	239888  -  ResidentSetSize of job (KB)
...
006 (9090396.000.000) 11/23 05:41:32 Image size of job updated: 1284044
	235  -  MemoryUsage of job (MB)
	239896  -  ResidentSetSize of job (KB)
...
006 (9090396.000.000) 11/23 06:06:36 Image size of job updated: 1284044
	235  -  MemoryUsage of job (MB)
	239912  -  ResidentSetSize of job (KB)
...
040 (9090396.000.000) 11/23 06:19:57 Started transferring output files
...
040 (9090396.000.000) 11/23 06:19:57 Finished transferring output files
...
005 (9090396.000.000) 11/23 06:19:57 Job terminated.
	(1) Normal termination (return value 0)
		Usr 0 13:24:20, Sys 0 00:00:36  -  Run Remote Usage
		Usr 0 00:00:00, Sys 0 00:00:00  -  Run Local Usage
		Usr 0 13:24:20, Sys 0 00:00:36  -  Total Remote Usage
		Usr 0 00:00:00, Sys 0 00:00:00  -  Total Local Usage
	9233  -  Run Bytes Sent By Job
	11224  -  Run Bytes Received By Job
	9233  -  Total Bytes Sent By Job
	11224  -  Total Bytes Received By Job
	Partitionable Resources :    Usage  Request Allocated 
	   Cpus                 :     0.99        1         1 
	   Disk (KB)            :    42          12   1288523 
	   Memory (MB)          :   235        2000      2000 

	Job terminated of its own accord at 2023-11-23T05:19:57Z.
...
000 (9093014.000.000) 11/23 21:30:08 Job submitted from host: <188.184.90.62:9618?addrs=188.184.90.62-9618+[2001-1458-201-e4--100-238]-9618&alias=bigbird16.cern.ch&noUDP&sock=schedd_4073970_23e3>
...
040 (9093014.000.000) 11/24 00:00:56 Started transferring input files
	Transferring to host: <128.142.248.105:9618?addrs=128.142.248.105-9618+[2001-1458-301-73--100-159]-9618&alias=b7g23p1831.cern.ch&noUDP&sock=slot1_11_262588_c02f_196500>
...
040 (9093014.000.000) 11/24 00:00:56 Finished transferring input files
...
001 (9093014.000.000) 11/24 00:00:57 Job executing on host: <128.142.248.105:9618?addrs=128.142.248.105-9618+[2001-1458-301-73--100-159]-9618&alias=b7g23p1831.cern.ch&noUDP&sock=startd_16915_dc8e>
...
006 (9093014.000.000) 11/24 00:01:06 Image size of job updated: 288872
	138  -  MemoryUsage of job (MB)
	140768  -  ResidentSetSize of job (KB)
...
006 (9093014.000.000) 11/24 00:06:07 Image size of job updated: 1282724
	223  -  MemoryUsage of job (MB)
	227868  -  ResidentSetSize of job (KB)
...
006 (9093014.000.000) 11/24 00:11:08 Image size of job updated: 1282724
	224  -  MemoryUsage of job (MB)
	228796  -  ResidentSetSize of job (KB)
...
006 (9093014.000.000) 11/24 00:16:08 Image size of job updated: 1282724
	224  -  MemoryUsage of job (MB)
	228996  -  ResidentSetSize of job (KB)
...
006 (9093014.000.000) 11/24 00:21:08 Image size of job updated: 1282724
	224  -  MemoryUsage of job (MB)
	229044  -  ResidentSetSize of job (KB)
...
006 (9093014.000.000) 11/24 00:26:09 Image size of job updated: 1282724
	224  -  MemoryUsage of job (MB)
	229152  -  ResidentSetSize of job (KB)
...
006 (9093014.000.000) 11/24 00:31:09 Image size of job updated: 1282724
	224  -  MemoryUsage of job (MB)
	229156  -  ResidentSetSize of job (KB)
...
006 (9093014.000.000) 11/24 00:36:09 Image size of job updated: 1282724
	224  -  MemoryUsage of job (MB)
	229268  -  ResidentSetSize of job (KB)
...
006 (9093014.000.000) 11/24 00:41:10 Image size of job updated: 1282724
	224  -  MemoryUsage of job (MB)
	229280  -  ResidentSetSize of job (KB)
...
006 (9093014.000.000) 11/24 00:51:11 Image size of job updated: 1282724
	224  -  MemoryUsage of job (MB)
	229344  -  ResidentSetSize of job (KB)
...
006 (9093014.000.000) 11/24 00:56:11 Image size of job updated: 1282724
	225  -  MemoryUsage of job (MB)
	230328  -  ResidentSetSize of job (KB)
...
006 (9093014.000.000) 11/24 01:01:12 Image size of job updated: 1282724
	228  -  MemoryUsage of job (MB)
	232756  -  ResidentSetSize of job (KB)
...
006 (9093014.000.000) 11/24 01:06:13 Image size of job updated: 1282724
	231  -  MemoryUsage of job (MB)
	235648  -  ResidentSetSize of job (KB)
...
006 (9093014.000.000) 11/24 01:11:13 Image size of job updated: 1282724
	231  -  MemoryUsage of job (MB)
	236236  -  ResidentSetSize of job (KB)
...
006 (9093014.000.000) 11/24 01:26:15 Image size of job updated: 1282724
	231  -  MemoryUsage of job (MB)
	236292  -  ResidentSetSize of job (KB)
...
006 (9093014.000.000) 11/24 01:31:15 Image size of job updated: 1282724
	231  -  MemoryUsage of job (MB)
	236312  -  ResidentSetSize of job (KB)
...
006 (9093014.000.000) 11/24 01:36:16 Image size of job updated: 1282724
	231  -  MemoryUsage of job (MB)
	236408  -  ResidentSetSize of job (KB)
...
006 (9093014.000.000) 11/24 01:41:17 Image size of job updated: 1282980
	232  -  MemoryUsage of job (MB)
	236668  -  ResidentSetSize of job (KB)
...
006 (9093014.000.000) 11/24 01:46:17 Image size of job updated: 1282980
	232  -  MemoryUsage of job (MB)
	236676  -  ResidentSetSize of job (KB)
...
006 (9093014.000.000) 11/24 01:56:19 Image size of job updated: 1282980
	232  -  MemoryUsage of job (MB)
	236740  -  ResidentSetSize of job (KB)
...
006 (9093014.000.000) 11/24 03:46:28 Image size of job updated: 1282980
	232  -  MemoryUsage of job (MB)
	236744  -  ResidentSetSize of job (KB)
...
006 (9093014.000.000) 11/24 05:21:38 Image size of job updated: 1282980
	232  -  MemoryUsage of job (MB)
	236756  -  ResidentSetSize of job (KB)
...
006 (9093014.000.000) 11/24 05:26:39 Image size of job updated: 1282980
	232  -  MemoryUsage of job (MB)
	236768  -  ResidentSetSize of job (KB)
...
006 (9093014.000.000) 11/24 08:51:59 Image size of job updated: 1283748
	232  -  MemoryUsage of job (MB)
	236768  -  ResidentSetSize of job (KB)
...
006 (9093014.000.000) 11/24 14:27:34 Image size of job updated: 1283748
	232  -  MemoryUsage of job (MB)
	236784  -  ResidentSetSize of job (KB)
...
006 (9093014.000.000) 11/24 14:32:34 Image size of job updated: 1283748
	232  -  MemoryUsage of job (MB)
	236816  -  ResidentSetSize of job (KB)
...
006 (9093014.000.000) 11/24 14:37:35 Image size of job updated: 1283748
	232  -  MemoryUsage of job (MB)
	236820  -  ResidentSetSize of job (KB)
...
006 (9093014.000.000) 11/24 14:42:36 Image size of job updated: 1283748
	232  -  MemoryUsage of job (MB)
	236924  -  ResidentSetSize of job (KB)
...
006 (9093014.000.000) 11/24 14:47:36 Image size of job updated: 1283748
	232  -  MemoryUsage of job (MB)
	236936  -  ResidentSetSize of job (KB)
...
006 (9093014.000.000) 11/24 14:52:37 Image size of job updated: 1283748
	232  -  MemoryUsage of job (MB)
	237012  -  ResidentSetSize of job (KB)
...
006 (9093014.000.000) 11/24 14:57:39 Image size of job updated: 1283748
	233  -  MemoryUsage of job (MB)
	237812  -  ResidentSetSize of job (KB)
...
006 (9093014.000.000) 11/24 15:02:38 Image size of job updated: 1283748
	234  -  MemoryUsage of job (MB)
	238732  -  ResidentSetSize of job (KB)
...
006 (9093014.000.000) 11/24 15:07:39 Image size of job updated: 1283748
	234  -  MemoryUsage of job (MB)
	239028  -  ResidentSetSize of job (KB)
...
006 (9093014.000.000) 11/24 15:17:40 Image size of job updated: 1283748
	234  -  MemoryUsage of job (MB)
	239036  -  ResidentSetSize of job (KB)
...
006 (9093014.000.000) 11/24 15:27:42 Image size of job updated: 1283748
	234  -  MemoryUsage of job (MB)
	239056  -  ResidentSetSize of job (KB)
...
006 (9093014.000.000) 11/24 15:32:42 Image size of job updated: 1283748
	234  -  MemoryUsage of job (MB)
	239108  -  ResidentSetSize of job (KB)
...
006 (9093014.000.000) 11/24 15:37:42 Image size of job updated: 1283748
	234  -  MemoryUsage of job (MB)
	239136  -  ResidentSetSize of job (KB)
...
006 (9093014.000.000) 11/24 15:47:43 Image size of job updated: 1283748
	234  -  MemoryUsage of job (MB)
	239140  -  ResidentSetSize of job (KB)
...
006 (9093014.000.000) 11/24 15:52:43 Image size of job updated: 1283748
	234  -  MemoryUsage of job (MB)
	239152  -  ResidentSetSize of job (KB)
...
006 (9093014.000.000) 11/24 15:57:44 Image size of job updated: 1283748
	234  -  MemoryUsage of job (MB)
	239168  -  ResidentSetSize of job (KB)
...
006 (9093014.000.000) 11/24 16:42:49 Image size of job updated: 1283748
	234  -  MemoryUsage of job (MB)
	239172  -  ResidentSetSize of job (KB)
...
006 (9093014.000.000) 11/24 16:57:51 Image size of job updated: 1283748
	234  -  MemoryUsage of job (MB)
	239184  -  ResidentSetSize of job (KB)
...
006 (9093014.000.000) 11/24 20:13:12 Image size of job updated: 1283748
	234  -  MemoryUsage of job (MB)
	239444  -  ResidentSetSize of job (KB)
...
006 (9093014.000.000) 11/24 20:48:16 Image size of job updated: 1283748
	234  -  MemoryUsage of job (MB)
	239536  -  ResidentSetSize of job (KB)
...
006 (9093014.000.000) 11/24 20:53:16 Image size of job updated: 1283748
	234  -  MemoryUsage of job (MB)
	239576  -  ResidentSetSize of job (KB)
...
006 (9093014.000.000) 11/24 20:58:17 Image size of job updated: 1283748
	235  -  MemoryUsage of job (MB)
	239664  -  ResidentSetSize of job (KB)
...
006 (9093014.000.000) 11/24 21:03:18 Image size of job updated: 1283748
	235  -  MemoryUsage of job (MB)
	239760  -  ResidentSetSize of job (KB)
...
006 (9093014.000.000) 11/24 21:08:18 Image size of job updated: 1283748
	235  -  MemoryUsage of job (MB)
	239852  -  ResidentSetSize of job (KB)
...
006 (9093014.000.000) 11/24 21:13:19 Image size of job updated: 1283748
	235  -  MemoryUsage of job (MB)
	239944  -  ResidentSetSize of job (KB)
...
006 (9093014.000.000) 11/24 21:18:20 Image size of job updated: 1283748
	235  -  MemoryUsage of job (MB)
	240040  -  ResidentSetSize of job (KB)
...
006 (9093014.000.000) 11/24 21:23:20 Image size of job updated: 1283748
	235  -  MemoryUsage of job (MB)
	240132  -  ResidentSetSize of job (KB)
...
040 (9093014.000.000) 11/24 21:23:40 Started transferring output files
...
040 (9093014.000.000) 11/24 21:23:40 Finished transferring output files
...
005 (9093014.000.000) 11/24 21:23:40 Job terminated.
	(1) Normal termination (return value 1)
		Usr 0 06:18:12, Sys 0 00:01:08  -  Run Remote Usage
		Usr 0 00:00:00, Sys 0 00:00:00  -  Run Local Usage
		Usr 0 06:18:12, Sys 0 00:01:08  -  Total Remote Usage
		Usr 0 00:00:00, Sys 0 00:00:00  -  Total Local Usage
	6787  -  Run Bytes Sent By Job
	11228  -  Run Bytes Received By Job
	6787  -  Total Bytes Sent By Job
	11228  -  Total Bytes Received By Job
	Partitionable Resources :    Usage  Request Allocated 
	   Cpus                 :        0        1         1 
	   Disk (KB)            :       39       12   2832755 
	   Memory (MB)          :      235     2000      2000 

	Job terminated of its own accord at 2023-11-24T20:23:40Z.
...
000 (9093740.000.000) 11/24 21:46:05 Job submitted from host: <188.184.90.62:9618?addrs=188.184.90.62-9618+[2001-1458-201-e4--100-238]-9618&alias=bigbird16.cern.ch&noUDP&sock=schedd_4073970_23e3>
...
040 (9093740.000.000) 11/27 22:08:14 Started transferring input files
	Transferring to host: <128.142.61.60:9618?addrs=128.142.61.60-9618+[2001-1458-301-23--100-3b]-9618&alias=b7s06p4675.cern.ch&noUDP&sock=slot1_7_4092_ef1f_158225>
...
040 (9093740.000.000) 11/27 22:08:14 Finished transferring input files
...
001 (9093740.000.000) 11/27 22:08:15 Job executing on host: <128.142.61.60:9618?addrs=128.142.61.60-9618+[2001-1458-301-23--100-3b]-9618&alias=b7s06p4675.cern.ch&noUDP&sock=startd_2940_2c87>
...
006 (9093740.000.000) 11/27 22:08:24 Image size of job updated: 288616
	138  -  MemoryUsage of job (MB)
	140760  -  ResidentSetSize of job (KB)
...
006 (9093740.000.000) 11/27 22:13:24 Image size of job updated: 1189076
	145  -  MemoryUsage of job (MB)
	147492  -  ResidentSetSize of job (KB)
...
006 (9093740.000.000) 11/27 22:18:24 Image size of job updated: 1189076
	145  -  MemoryUsage of job (MB)
	147580  -  ResidentSetSize of job (KB)
...
006 (9093740.000.000) 11/27 22:23:25 Image size of job updated: 1189076
	145  -  MemoryUsage of job (MB)
	147672  -  ResidentSetSize of job (KB)
...
006 (9093740.000.000) 11/27 22:28:26 Image size of job updated: 1189076
	145  -  MemoryUsage of job (MB)
	147764  -  ResidentSetSize of job (KB)
...
006 (9093740.000.000) 11/27 22:33:26 Image size of job updated: 1189076
	145  -  MemoryUsage of job (MB)
	147856  -  ResidentSetSize of job (KB)
...
040 (9093740.000.000) 11/27 22:38:22 Started transferring output files
...
040 (9093740.000.000) 11/27 22:38:22 Finished transferring output files
...
005 (9093740.000.000) 11/27 22:38:23 Job terminated.
	(1) Normal termination (return value 1)
		Usr 0 00:00:02, Sys 0 00:00:01  -  Run Remote Usage
		Usr 0 00:00:00, Sys 0 00:00:00  -  Run Local Usage
		Usr 0 00:00:02, Sys 0 00:00:01  -  Total Remote Usage
		Usr 0 00:00:00, Sys 0 00:00:00  -  Total Local Usage
	5517  -  Run Bytes Sent By Job
	11228  -  Run Bytes Received By Job
	5517  -  Total Bytes Sent By Job
	11228  -  Total Bytes Received By Job
	Partitionable Resources :    Usage  Request Allocated 
	   Cpus                 :        0        1         1 
	   Disk (KB)            :       38       12   1293403 
	   Memory (MB)          :      145     2000      2000 

	Job terminated of its own accord at 2023-11-27T21:38:22Z.
...
000 (9107093.000.000) 11/28 14:32:22 Job submitted from host: <188.184.90.62:9618?addrs=188.184.90.62-9618+[2001-1458-201-e4--100-238]-9618&alias=bigbird16.cern.ch&noUDP&sock=schedd_4073970_23e3>
...
040 (9107093.000.000) 11/28 15:05:51 Started transferring input files
	Transferring to host: <128.142.56.115:9618?addrs=128.142.56.115-9618&alias=b7s01p7942.cern.ch&noUDP&sock=slot1_1_4601_9214_8881>
...
040 (9107093.000.000) 11/28 15:05:51 Finished transferring input files
...
001 (9107093.000.000) 11/28 15:05:52 Job executing on host: <128.142.56.115:9618?addrs=128.142.56.115-9618&alias=b7s01p7942.cern.ch&noUDP&sock=startd_3484_500c>
...
006 (9107093.000.000) 11/28 15:06:01 Image size of job updated: 791772
	129  -  MemoryUsage of job (MB)
	131556  -  ResidentSetSize of job (KB)
...
006 (9107093.000.000) 11/28 15:11:02 Image size of job updated: 1282728
	223  -  MemoryUsage of job (MB)
	227492  -  ResidentSetSize of job (KB)
...
006 (9107093.000.000) 11/28 15:16:03 Image size of job updated: 1282728
	223  -  MemoryUsage of job (MB)
	228348  -  ResidentSetSize of job (KB)
...
006 (9107093.000.000) 11/28 15:21:03 Image size of job updated: 1282728
	224  -  MemoryUsage of job (MB)
	228456  -  ResidentSetSize of job (KB)
...
006 (9107093.000.000) 11/28 15:26:03 Image size of job updated: 1282728
	224  -  MemoryUsage of job (MB)
	228500  -  ResidentSetSize of job (KB)
...
006 (9107093.000.000) 11/28 15:31:04 Image size of job updated: 1282728
	224  -  MemoryUsage of job (MB)
	228556  -  ResidentSetSize of job (KB)
...
006 (9107093.000.000) 11/28 15:36:04 Image size of job updated: 1282728
	224  -  MemoryUsage of job (MB)
	228612  -  ResidentSetSize of job (KB)
...
006 (9107093.000.000) 11/28 15:41:04 Image size of job updated: 1282728
	224  -  MemoryUsage of job (MB)
	228680  -  ResidentSetSize of job (KB)
...
006 (9107093.000.000) 11/28 15:46:06 Image size of job updated: 1282728
	224  -  MemoryUsage of job (MB)
	228736  -  ResidentSetSize of job (KB)
...
006 (9107093.000.000) 11/28 15:56:06 Image size of job updated: 1282728
	224  -  MemoryUsage of job (MB)
	228808  -  ResidentSetSize of job (KB)
...
006 (9107093.000.000) 11/28 16:01:07 Image size of job updated: 1282728
	225  -  MemoryUsage of job (MB)
	229504  -  ResidentSetSize of job (KB)
...
006 (9107093.000.000) 11/28 16:06:08 Image size of job updated: 1282728
	231  -  MemoryUsage of job (MB)
	236148  -  ResidentSetSize of job (KB)
...
006 (9107093.000.000) 11/28 16:11:08 Image size of job updated: 1282984
	232  -  MemoryUsage of job (MB)
	236788  -  ResidentSetSize of job (KB)
...
006 (9107093.000.000) 11/28 16:16:08 Image size of job updated: 1282984
	232  -  MemoryUsage of job (MB)
	236848  -  ResidentSetSize of job (KB)
...
006 (9107093.000.000) 11/28 16:21:09 Image size of job updated: 1282984
	232  -  MemoryUsage of job (MB)
	236860  -  ResidentSetSize of job (KB)
...
006 (9107093.000.000) 11/28 16:26:09 Image size of job updated: 1282984
	232  -  MemoryUsage of job (MB)
	236864  -  ResidentSetSize of job (KB)
...
006 (9107093.000.000) 11/28 16:41:11 Image size of job updated: 1282984
	232  -  MemoryUsage of job (MB)
	236876  -  ResidentSetSize of job (KB)
...
006 (9107093.000.000) 11/28 16:46:11 Image size of job updated: 1282984
	232  -  MemoryUsage of job (MB)
	236904  -  ResidentSetSize of job (KB)
...
006 (9107093.000.000) 11/28 16:51:12 Image size of job updated: 1282984
	232  -  MemoryUsage of job (MB)
	236908  -  ResidentSetSize of job (KB)
...
006 (9107093.000.000) 11/28 16:56:13 Image size of job updated: 1282984
	232  -  MemoryUsage of job (MB)
	236916  -  ResidentSetSize of job (KB)
...
006 (9107093.000.000) 11/28 17:06:14 Image size of job updated: 1282984
	232  -  MemoryUsage of job (MB)
	236932  -  ResidentSetSize of job (KB)
...
006 (9107093.000.000) 11/28 17:11:15 Image size of job updated: 1282984
	232  -  MemoryUsage of job (MB)
	236944  -  ResidentSetSize of job (KB)
...
006 (9107093.000.000) 11/28 17:51:18 Image size of job updated: 1283240
	232  -  MemoryUsage of job (MB)
	236944  -  ResidentSetSize of job (KB)
...
006 (9107093.000.000) 11/28 18:51:25 Image size of job updated: 1283240
	232  -  MemoryUsage of job (MB)
	236948  -  ResidentSetSize of job (KB)
...
006 (9107093.000.000) 11/28 18:56:25 Image size of job updated: 1283240
	232  -  MemoryUsage of job (MB)
	237148  -  ResidentSetSize of job (KB)
...
006 (9107093.000.000) 11/28 19:01:26 Image size of job updated: 1283240
	234  -  MemoryUsage of job (MB)
	239012  -  ResidentSetSize of job (KB)
...
006 (9107093.000.000) 11/28 19:06:27 Image size of job updated: 1283240
	234  -  MemoryUsage of job (MB)
	239020  -  ResidentSetSize of job (KB)
...
006 (9107093.000.000) 11/28 19:11:27 Image size of job updated: 1283240
	234  -  MemoryUsage of job (MB)
	239088  -  ResidentSetSize of job (KB)
...
006 (9107093.000.000) 11/28 19:16:28 Image size of job updated: 1283240
	234  -  MemoryUsage of job (MB)
	239124  -  ResidentSetSize of job (KB)
...
006 (9107093.000.000) 11/28 19:21:29 Image size of job updated: 1283240
	234  -  MemoryUsage of job (MB)
	239136  -  ResidentSetSize of job (KB)
...
006 (9107093.000.000) 11/28 19:31:29 Image size of job updated: 1283240
	234  -  MemoryUsage of job (MB)
	239316  -  ResidentSetSize of job (KB)
...
006 (9107093.000.000) 11/28 19:41:30 Image size of job updated: 1283240
	234  -  MemoryUsage of job (MB)
	239348  -  ResidentSetSize of job (KB)
...
006 (9107093.000.000) 11/28 20:16:34 Image size of job updated: 1283496
	234  -  MemoryUsage of job (MB)
	239456  -  ResidentSetSize of job (KB)
...
006 (9107093.000.000) 11/28 20:21:34 Image size of job updated: 1283496
	234  -  MemoryUsage of job (MB)
	239552  -  ResidentSetSize of job (KB)
...
006 (9107093.000.000) 11/28 20:31:35 Image size of job updated: 1283496
	234  -  MemoryUsage of job (MB)
	239576  -  ResidentSetSize of job (KB)
...
006 (9107093.000.000) 11/28 20:51:37 Image size of job updated: 1283496
	235  -  MemoryUsage of job (MB)
	239820  -  ResidentSetSize of job (KB)
...
006 (9107093.000.000) 11/28 21:46:43 Image size of job updated: 1283496
	235  -  MemoryUsage of job (MB)
	240076  -  ResidentSetSize of job (KB)
...
006 (9107093.000.000) 11/28 21:51:44 Image size of job updated: 1283752
	235  -  MemoryUsage of job (MB)
	240332  -  ResidentSetSize of job (KB)
...
040 (9107093.000.000) 11/28 23:31:40 Started transferring output files
...
040 (9107093.000.000) 11/28 23:31:41 Finished transferring output files
...
005 (9107093.000.000) 11/28 23:31:41 Job terminated.
	(1) Normal termination (return value 0)
		Usr 0 07:21:24, Sys 0 00:00:40  -  Run Remote Usage
		Usr 0 00:00:00, Sys 0 00:00:00  -  Run Local Usage
		Usr 0 07:21:24, Sys 0 00:00:40  -  Total Remote Usage
		Usr 0 00:00:00, Sys 0 00:00:00  -  Total Local Usage
	9233  -  Run Bytes Sent By Job
	11192  -  Run Bytes Received By Job
	9233  -  Total Bytes Sent By Job
	11192  -  Total Bytes Received By Job
	Partitionable Resources :    Usage  Request Allocated 
	   Cpus                 :     0.97        1         1 
	   Disk (KB)            :    41          12   1299724 
	   Memory (MB)          :   235        2000      2000 

	Job terminated of its own accord at 2023-11-28T22:31:40Z.
...
