Examining Component:         WJetsHT200to400_2018
nNewEntries: 43716
nOldEntries: 1531441.0
Event nr: 0
Event nr: 100
Event nr: 200
Event nr: 300
Event nr: 400
Event nr: 500
Event nr: 600
Event nr: 700
Event nr: 800
Event nr: 900
Event nr: 1000
Event nr: 1100
Event nr: 1200
Event nr: 1300
Event nr: 1400
Event nr: 1500
Event nr: 1600
Event nr: 1700
Event nr: 1800
Event nr: 1900
Event nr: 2000
Event nr: 2100
Event nr: 2200
Event nr: 2300
Event nr: 2400
Event nr: 2500
Event nr: 2600
Event nr: 2700
Event nr: 2800
Event nr: 2900
Event nr: 3000
Event nr: 3100
Event nr: 3200
Event nr: 3300
Event nr: 3400
Event nr: 3500
Event nr: 3600
Event nr: 3700
Event nr: 3800
Event nr: 3900
Event nr: 4000
Event nr: 4100
Event nr: 4200
Event nr: 4300
Event nr: 4400
Event nr: 4500
Event nr: 4600
Event nr: 4700
Event nr: 4800
Event nr: 4900
Event nr: 5000
Event nr: 5100
Event nr: 5200
Event nr: 5300
Event nr: 5400
Event nr: 5500
Event nr: 5600
Event nr: 5700
Event nr: 5800
Event nr: 5900
Event nr: 6000
Event nr: 6100
Event nr: 6200
Event nr: 6300
Event nr: 6400
Event nr: 6500
Event nr: 6600
Event nr: 6700
Event nr: 6800
Event nr: 6900
Event nr: 7000
Event nr: 7100
Event nr: 7200
Event nr: 7300
Event nr: 7400
Event nr: 7500
Event nr: 7600
Event nr: 7700
Event nr: 7800
Event nr: 7900
Event nr: 8000
Event nr: 8100
Event nr: 8200
Event nr: 8300
Event nr: 8400
Event nr: 8500
Event nr: 8600
Event nr: 8700
Event nr: 8800
Event nr: 8900
Event nr: 9000
Event nr: 9100
Event nr: 9200
Event nr: 9300
Event nr: 9400
Event nr: 9500
Event nr: 9600
Event nr: 9700
Event nr: 9800
Event nr: 9900
Event nr: 10000
Event nr: 10100
Event nr: 10200
Event nr: 10300
Event nr: 10400
Event nr: 10500
Event nr: 10600
Event nr: 10700
Event nr: 10800
Event nr: 10900
Event nr: 11000
Event nr: 11100
Event nr: 11200
Event nr: 11300
Event nr: 11400
Event nr: 11500
Event nr: 11600
Event nr: 11700
Event nr: 11800
Event nr: 11900
Event nr: 12000
Event nr: 12100
Event nr: 12200
Event nr: 12300
Event nr: 12400
Event nr: 12500
Event nr: 12600
Event nr: 12700
Event nr: 12800
Event nr: 12900
Event nr: 13000
Event nr: 13100
Event nr: 13200
Event nr: 13300
Event nr: 13400
Event nr: 13500
Event nr: 13600
Event nr: 13700
Event nr: 13800
Event nr: 13900
Event nr: 14000
Event nr: 14100
Event nr: 14200
Event nr: 14300
Event nr: 14400
Event nr: 14500
Event nr: 14600
Event nr: 14700
Event nr: 14800
Event nr: 14900
Event nr: 15000
Event nr: 15100
Event nr: 15200
Event nr: 15300
Event nr: 15400
Event nr: 15500
Event nr: 15600
Event nr: 15700
Event nr: 15800
Event nr: 15900
Event nr: 16000
Event nr: 16100
Event nr: 16200
Event nr: 16300
Event nr: 16400
Event nr: 16500
Event nr: 16600
Event nr: 16700
Event nr: 16800
Event nr: 16900
Event nr: 17000
Event nr: 17100
Event nr: 17200
Event nr: 17300
Event nr: 17400
Event nr: 17500
Event nr: 17600
Event nr: 17700
Event nr: 17800
Event nr: 17900
Event nr: 18000
Event nr: 18100
Event nr: 18200
Event nr: 18300
Event nr: 18400
Event nr: 18500
Event nr: 18600
Event nr: 18700
Event nr: 18800
Event nr: 18900
Event nr: 19000
Event nr: 19100
Event nr: 19200
Event nr: 19300
Event nr: 19400
Event nr: 19500
Event nr: 19600
Event nr: 19700
Event nr: 19800
Event nr: 19900
Event nr: 20000
Event nr: 20100
Event nr: 20200
Event nr: 20300
Event nr: 20400
Event nr: 20500
Event nr: 20600
Event nr: 20700
Event nr: 20800
Event nr: 20900
Event nr: 21000
Event nr: 21100
Event nr: 21200
Event nr: 21300
Event nr: 21400
Event nr: 21500
Event nr: 21600
Event nr: 21700
Event nr: 21800
Event nr: 21900
Event nr: 22000
Event nr: 22100
Event nr: 22200
Event nr: 22300
Event nr: 22400
Event nr: 22500
Event nr: 22600
Event nr: 22700
Event nr: 22800
Event nr: 22900
Event nr: 23000
Event nr: 23100
Event nr: 23200
Event nr: 23300
Event nr: 23400
Event nr: 23500
Event nr: 23600
Event nr: 23700
Event nr: 23800
Event nr: 23900
Event nr: 24000
Event nr: 24100
Event nr: 24200
Event nr: 24300
Event nr: 24400
Event nr: 24500
Event nr: 24600
Event nr: 24700
Event nr: 24800
Event nr: 24900
Event nr: 25000
Event nr: 25100
Event nr: 25200
Event nr: 25300
Event nr: 25400
Event nr: 25500
Event nr: 25600
Event nr: 25700
Event nr: 25800
Event nr: 25900
Event nr: 26000
Event nr: 26100
Event nr: 26200
Event nr: 26300
Event nr: 26400
Event nr: 26500
Event nr: 26600
Event nr: 26700
Event nr: 26800
Event nr: 26900
Event nr: 27000
Event nr: 27100
Event nr: 27200
Event nr: 27300
Event nr: 27400
Event nr: 27500
Event nr: 27600
Event nr: 27700
Event nr: 27800
Event nr: 27900
Event nr: 28000
Event nr: 28100
Event nr: 28200
Event nr: 28300
Event nr: 28400
Event nr: 28500
Event nr: 28600
Event nr: 28700
Event nr: 28800
Event nr: 28900
Event nr: 29000
Event nr: 29100
Event nr: 29200
Event nr: 29300
Event nr: 29400
Event nr: 29500
Event nr: 29600
Event nr: 29700
Event nr: 29800
Event nr: 29900
Event nr: 30000
Event nr: 30100
Event nr: 30200
Event nr: 30300
Event nr: 30400
Event nr: 30500
Event nr: 30600
Event nr: 30700
Event nr: 30800
Event nr: 30900
Event nr: 31000
Event nr: 31100
Event nr: 31200
Event nr: 31300
Event nr: 31400
Event nr: 31500
Event nr: 31600
Event nr: 31700
Event nr: 31800
Event nr: 31900
Event nr: 32000
Event nr: 32100
Event nr: 32200
Event nr: 32300
Event nr: 32400
Event nr: 32500
Event nr: 32600
Event nr: 32700
Event nr: 32800
Event nr: 32900
Event nr: 33000
Event nr: 33100
Event nr: 33200
Event nr: 33300
Event nr: 33400
Event nr: 33500
Event nr: 33600
Event nr: 33700
Event nr: 33800
Event nr: 33900
Event nr: 34000
Event nr: 34100
Event nr: 34200
Event nr: 34300
Event nr: 34400
Event nr: 34500
Event nr: 34600
Event nr: 34700
Event nr: 34800
Event nr: 34900
Event nr: 35000
Event nr: 35100
Event nr: 35200
Event nr: 35300
Event nr: 35400
Event nr: 35500
Event nr: 35600
Event nr: 35700
Event nr: 35800
Event nr: 35900
Event nr: 36000
Event nr: 36100
Event nr: 36200
Event nr: 36300
Event nr: 36400
Event nr: 36500
Event nr: 36600
Event nr: 36700
Event nr: 36800
Event nr: 36900
Event nr: 37000
Event nr: 37100
Event nr: 37200
Event nr: 37300
Event nr: 37400
Event nr: 37500
Event nr: 37600
Event nr: 37700
Event nr: 37800
Event nr: 37900
Event nr: 38000
Event nr: 38100
Event nr: 38200
Event nr: 38300
Event nr: 38400
Event nr: 38500
Event nr: 38600
Event nr: 38700
Event nr: 38800
Event nr: 38900
Event nr: 39000
Event nr: 39100
Event nr: 39200
Event nr: 39300
Event nr: 39400
Event nr: 39500
Event nr: 39600
Event nr: 39700
Event nr: 39800
Event nr: 39900
Event nr: 40000
Event nr: 40100
Event nr: 40200
Event nr: 40300
Event nr: 40400
Event nr: 40500
Event nr: 40600
Event nr: 40700
Event nr: 40800
Event nr: 40900
Event nr: 41000
Event nr: 41100
Event nr: 41200
Event nr: 41300
Event nr: 41400
Event nr: 41500
Event nr: 41600
Event nr: 41700
Event nr: 41800
Event nr: 41900
Event nr: 42000
Event nr: 42100
Event nr: 42200
Event nr: 42300
Event nr: 42400
Event nr: 42500
Event nr: 42600
Event nr: 42700
Event nr: 42800
Event nr: 42900
Event nr: 43000
Event nr: 43100
Event nr: 43200
Event nr: 43300
Event nr: 43400
Event nr: 43500
Event nr: 43600
Event nr: 43700
Writing histograms to outFile:           /eos/user/l/lfavilla/my_framework/TopSelection_tmp/plots/WJetsHT200to400_2018.root
