Examining Component:         WJetsHT400to600_2018
nNewEntries: 4154
nOldEntries: 42404.0
Event nr: 0
Event nr: 100
Event nr: 200
Event nr: 300
Event nr: 400
Event nr: 500
Event nr: 600
Event nr: 700
Event nr: 800
Event nr: 900
Event nr: 1000
Event nr: 1100
Event nr: 1200
Event nr: 1300
Event nr: 1400
Event nr: 1500
Event nr: 1600
Event nr: 1700
Event nr: 1800
Event nr: 1900
Event nr: 2000
Event nr: 2100
Event nr: 2200
Event nr: 2300
Event nr: 2400
Event nr: 2500
Event nr: 2600
Event nr: 2700
Event nr: 2800
Event nr: 2900
Event nr: 3000
Event nr: 3100
Event nr: 3200
Event nr: 3300
Event nr: 3400
Event nr: 3500
Event nr: 3600
Event nr: 3700
Event nr: 3800
Event nr: 3900
Event nr: 4000
Event nr: 4100
Writing histograms to outFile:           /eos/user/l/lfavilla/my_framework/TopSelection_tmp/plots/WJetsHT400to600_2018.root
