Examining Component:         ZJetsToNuNu_HT600To800_2018
nNewEntries: 113578
nOldEntries: 464688.0
Event nr: 0
Event nr: 100
Event nr: 200
Event nr: 300
Event nr: 400
Event nr: 500
Event nr: 600
Event nr: 700
Event nr: 800
Event nr: 900
Event nr: 1000
Event nr: 1100
Event nr: 1200
Event nr: 1300
Event nr: 1400
Event nr: 1500
Event nr: 1600
Event nr: 1700
Event nr: 1800
Event nr: 1900
Event nr: 2000
Event nr: 2100
Event nr: 2200
Event nr: 2300
Event nr: 2400
Event nr: 2500
Event nr: 2600
Event nr: 2700
Event nr: 2800
Event nr: 2900
Event nr: 3000
Event nr: 3100
Event nr: 3200
Event nr: 3300
Event nr: 3400
Event nr: 3500
Event nr: 3600
Event nr: 3700
Event nr: 3800
Event nr: 3900
Event nr: 4000
Event nr: 4100
Event nr: 4200
Event nr: 4300
Event nr: 4400
Event nr: 4500
Event nr: 4600
Event nr: 4700
Event nr: 4800
Event nr: 4900
Event nr: 5000
Event nr: 5100
Event nr: 5200
Event nr: 5300
Event nr: 5400
Event nr: 5500
Event nr: 5600
Event nr: 5700
Event nr: 5800
Event nr: 5900
Event nr: 6000
Event nr: 6100
Event nr: 6200
Event nr: 6300
Event nr: 6400
Event nr: 6500
Event nr: 6600
Event nr: 6700
Event nr: 6800
Event nr: 6900
Event nr: 7000
Event nr: 7100
Event nr: 7200
Event nr: 7300
Event nr: 7400
Event nr: 7500
Event nr: 7600
Event nr: 7700
Event nr: 7800
Event nr: 7900
Event nr: 8000
Event nr: 8100
Event nr: 8200
Event nr: 8300
Event nr: 8400
Event nr: 8500
Event nr: 8600
Event nr: 8700
Event nr: 8800
Event nr: 8900
Event nr: 9000
Event nr: 9100
Event nr: 9200
Event nr: 9300
Event nr: 9400
Event nr: 9500
Event nr: 9600
Event nr: 9700
Event nr: 9800
Event nr: 9900
Event nr: 10000
Event nr: 10100
Event nr: 10200
Event nr: 10300
Event nr: 10400
Event nr: 10500
Event nr: 10600
Event nr: 10700
Event nr: 10800
Event nr: 10900
Event nr: 11000
Event nr: 11100
Event nr: 11200
Event nr: 11300
Event nr: 11400
Event nr: 11500
Event nr: 11600
Event nr: 11700
Event nr: 11800
Event nr: 11900
Event nr: 12000
Event nr: 12100
Event nr: 12200
Event nr: 12300
Event nr: 12400
Event nr: 12500
Event nr: 12600
Event nr: 12700
Event nr: 12800
Event nr: 12900
Event nr: 13000
Event nr: 13100
Event nr: 13200
Event nr: 13300
Event nr: 13400
Event nr: 13500
Event nr: 13600
Event nr: 13700
Event nr: 13800
Event nr: 13900
Event nr: 14000
Event nr: 14100
Event nr: 14200
Event nr: 14300
Event nr: 14400
Event nr: 14500
Event nr: 14600
Event nr: 14700
Event nr: 14800
Event nr: 14900
Event nr: 15000
Event nr: 15100
Event nr: 15200
Event nr: 15300
Event nr: 15400
Event nr: 15500
Event nr: 15600
Event nr: 15700
Event nr: 15800
Event nr: 15900
Event nr: 16000
Event nr: 16100
Event nr: 16200
Event nr: 16300
Event nr: 16400
Event nr: 16500
Event nr: 16600
Event nr: 16700
Event nr: 16800
Event nr: 16900
Event nr: 17000
Event nr: 17100
Event nr: 17200
Event nr: 17300
Event nr: 17400
Event nr: 17500
Event nr: 17600
Event nr: 17700
Event nr: 17800
Event nr: 17900
Event nr: 18000
Event nr: 18100
Event nr: 18200
Event nr: 18300
Event nr: 18400
Event nr: 18500
Event nr: 18600
Event nr: 18700
Event nr: 18800
Event nr: 18900
Event nr: 19000
Event nr: 19100
Event nr: 19200
Event nr: 19300
Event nr: 19400
Event nr: 19500
Event nr: 19600
Event nr: 19700
Event nr: 19800
Event nr: 19900
Event nr: 20000
Event nr: 20100
Event nr: 20200
Event nr: 20300
Event nr: 20400
Event nr: 20500
Event nr: 20600
Event nr: 20700
Event nr: 20800
Event nr: 20900
Event nr: 21000
Event nr: 21100
Event nr: 21200
Event nr: 21300
Event nr: 21400
Event nr: 21500
Event nr: 21600
Event nr: 21700
Event nr: 21800
Event nr: 21900
Event nr: 22000
Event nr: 22100
Event nr: 22200
Event nr: 22300
Event nr: 22400
Event nr: 22500
Event nr: 22600
Event nr: 22700
Event nr: 22800
Event nr: 22900
Event nr: 23000
Event nr: 23100
Event nr: 23200
Event nr: 23300
Event nr: 23400
Event nr: 23500
Event nr: 23600
Event nr: 23700
Event nr: 23800
Event nr: 23900
Event nr: 24000
Event nr: 24100
Event nr: 24200
Event nr: 24300
Event nr: 24400
Event nr: 24500
Event nr: 24600
Event nr: 24700
Event nr: 24800
Event nr: 24900
Event nr: 25000
Event nr: 25100
Event nr: 25200
Event nr: 25300
Event nr: 25400
Event nr: 25500
Event nr: 25600
Event nr: 25700
Event nr: 25800
Event nr: 25900
Event nr: 26000
Event nr: 26100
Event nr: 26200
Event nr: 26300
Event nr: 26400
Event nr: 26500
Event nr: 26600
Event nr: 26700
Event nr: 26800
Event nr: 26900
Event nr: 27000
Event nr: 27100
Event nr: 27200
Event nr: 27300
Event nr: 27400
Event nr: 27500
Event nr: 27600
Event nr: 27700
Event nr: 27800
Event nr: 27900
Event nr: 28000
Event nr: 28100
Event nr: 28200
Event nr: 28300
Event nr: 28400
Event nr: 28500
Event nr: 28600
Event nr: 28700
Event nr: 28800
Event nr: 28900
Event nr: 29000
Event nr: 29100
Event nr: 29200
Event nr: 29300
Event nr: 29400
Event nr: 29500
Event nr: 29600
Event nr: 29700
Event nr: 29800
Event nr: 29900
Event nr: 30000
Event nr: 30100
Event nr: 30200
Event nr: 30300
Event nr: 30400
Event nr: 30500
Event nr: 30600
Event nr: 30700
Event nr: 30800
Event nr: 30900
Event nr: 31000
Event nr: 31100
Event nr: 31200
Event nr: 31300
Event nr: 31400
Event nr: 31500
Event nr: 31600
Event nr: 31700
Event nr: 31800
Event nr: 31900
Event nr: 32000
Event nr: 32100
Event nr: 32200
Event nr: 32300
Event nr: 32400
Event nr: 32500
Event nr: 32600
Event nr: 32700
Event nr: 32800
Event nr: 32900
Event nr: 33000
Event nr: 33100
Event nr: 33200
Event nr: 33300
Event nr: 33400
Event nr: 33500
Event nr: 33600
Event nr: 33700
Event nr: 33800
Event nr: 33900
Event nr: 34000
Event nr: 34100
Event nr: 34200
Event nr: 34300
Event nr: 34400
Event nr: 34500
Event nr: 34600
Event nr: 34700
Event nr: 34800
Event nr: 34900
Event nr: 35000
Event nr: 35100
Event nr: 35200
Event nr: 35300
Event nr: 35400
Event nr: 35500
Event nr: 35600
Event nr: 35700
Event nr: 35800
Event nr: 35900
Event nr: 36000
Event nr: 36100
Event nr: 36200
Event nr: 36300
Event nr: 36400
Event nr: 36500
Event nr: 36600
Event nr: 36700
Event nr: 36800
Event nr: 36900
Event nr: 37000
Event nr: 37100
Event nr: 37200
Event nr: 37300
Event nr: 37400
Event nr: 37500
Event nr: 37600
Event nr: 37700
Event nr: 37800
Event nr: 37900
Event nr: 38000
Event nr: 38100
Event nr: 38200
Event nr: 38300
Event nr: 38400
Event nr: 38500
Event nr: 38600
Event nr: 38700
Event nr: 38800
Event nr: 38900
Event nr: 39000
Event nr: 39100
Event nr: 39200
Event nr: 39300
Event nr: 39400
Event nr: 39500
Event nr: 39600
Event nr: 39700
Event nr: 39800
Event nr: 39900
Event nr: 40000
Event nr: 40100
Event nr: 40200
Event nr: 40300
Event nr: 40400
Event nr: 40500
Event nr: 40600
Event nr: 40700
Event nr: 40800
Event nr: 40900
Event nr: 41000
Event nr: 41100
Event nr: 41200
Event nr: 41300
Event nr: 41400
Event nr: 41500
Event nr: 41600
Event nr: 41700
Event nr: 41800
Event nr: 41900
Event nr: 42000
Event nr: 42100
Event nr: 42200
Event nr: 42300
Event nr: 42400
Event nr: 42500
Event nr: 42600
Event nr: 42700
Event nr: 42800
Event nr: 42900
Event nr: 43000
Event nr: 43100
Event nr: 43200
Event nr: 43300
Event nr: 43400
Event nr: 43500
Event nr: 43600
Event nr: 43700
Event nr: 43800
Event nr: 43900
Event nr: 44000
Event nr: 44100
Event nr: 44200
Event nr: 44300
Event nr: 44400
Event nr: 44500
Event nr: 44600
Event nr: 44700
Event nr: 44800
Event nr: 44900
Event nr: 45000
Event nr: 45100
Event nr: 45200
Event nr: 45300
Event nr: 45400
Event nr: 45500
Event nr: 45600
Event nr: 45700
Event nr: 45800
Event nr: 45900
Event nr: 46000
Event nr: 46100
Event nr: 46200
Event nr: 46300
Event nr: 46400
Event nr: 46500
Event nr: 46600
Event nr: 46700
Event nr: 46800
Event nr: 46900
Event nr: 47000
Event nr: 47100
Event nr: 47200
Event nr: 47300
Event nr: 47400
Event nr: 47500
Event nr: 47600
Event nr: 47700
Event nr: 47800
Event nr: 47900
Event nr: 48000
Event nr: 48100
Event nr: 48200
Event nr: 48300
Event nr: 48400
Event nr: 48500
Event nr: 48600
Event nr: 48700
Event nr: 48800
Event nr: 48900
Event nr: 49000
Event nr: 49100
Event nr: 49200
Event nr: 49300
Event nr: 49400
Event nr: 49500
Event nr: 49600
Event nr: 49700
Event nr: 49800
Event nr: 49900
Event nr: 50000
Event nr: 50100
Event nr: 50200
Event nr: 50300
Event nr: 50400
Event nr: 50500
Event nr: 50600
Event nr: 50700
Event nr: 50800
Event nr: 50900
Event nr: 51000
Event nr: 51100
Event nr: 51200
Event nr: 51300
Event nr: 51400
Event nr: 51500
Event nr: 51600
Event nr: 51700
Event nr: 51800
Event nr: 51900
Event nr: 52000
Event nr: 52100
Event nr: 52200
Event nr: 52300
Event nr: 52400
Event nr: 52500
Event nr: 52600
Event nr: 52700
Event nr: 52800
Event nr: 52900
Event nr: 53000
Event nr: 53100
Event nr: 53200
Event nr: 53300
Event nr: 53400
Event nr: 53500
Event nr: 53600
Event nr: 53700
Event nr: 53800
Event nr: 53900
Event nr: 54000
Event nr: 54100
Event nr: 54200
Event nr: 54300
Event nr: 54400
Event nr: 54500
Event nr: 54600
Event nr: 54700
Event nr: 54800
Event nr: 54900
Event nr: 55000
Event nr: 55100
Event nr: 55200
Event nr: 55300
Event nr: 55400
Event nr: 55500
Event nr: 55600
Event nr: 55700
Event nr: 55800
Event nr: 55900
Event nr: 56000
Event nr: 56100
Event nr: 56200
Event nr: 56300
Event nr: 56400
Event nr: 56500
Event nr: 56600
Event nr: 56700
Event nr: 56800
Event nr: 56900
Event nr: 57000
Event nr: 57100
Event nr: 57200
Event nr: 57300
Event nr: 57400
Event nr: 57500
Event nr: 57600
Event nr: 57700
Event nr: 57800
Event nr: 57900
Event nr: 58000
Event nr: 58100
Event nr: 58200
Event nr: 58300
Event nr: 58400
Event nr: 58500
Event nr: 58600
Event nr: 58700
Event nr: 58800
Event nr: 58900
Event nr: 59000
Event nr: 59100
Event nr: 59200
Event nr: 59300
Event nr: 59400
Event nr: 59500
Event nr: 59600
Event nr: 59700
Event nr: 59800
Event nr: 59900
Event nr: 60000
Event nr: 60100
Event nr: 60200
Event nr: 60300
Event nr: 60400
Event nr: 60500
Event nr: 60600
Event nr: 60700
Event nr: 60800
Event nr: 60900
Event nr: 61000
Event nr: 61100
Event nr: 61200
Event nr: 61300
Event nr: 61400
Event nr: 61500
Event nr: 61600
Event nr: 61700
Event nr: 61800
Event nr: 61900
Event nr: 62000
Event nr: 62100
Event nr: 62200
Event nr: 62300
Event nr: 62400
Event nr: 62500
Event nr: 62600
Event nr: 62700
Event nr: 62800
Event nr: 62900
Event nr: 63000
Event nr: 63100
Event nr: 63200
Event nr: 63300
Event nr: 63400
Event nr: 63500
Event nr: 63600
Event nr: 63700
Event nr: 63800
Event nr: 63900
Event nr: 64000
Event nr: 64100
Event nr: 64200
Event nr: 64300
Event nr: 64400
Event nr: 64500
Event nr: 64600
Event nr: 64700
Event nr: 64800
Event nr: 64900
Event nr: 65000
Event nr: 65100
Event nr: 65200
Event nr: 65300
Event nr: 65400
Event nr: 65500
Event nr: 65600
Event nr: 65700
Event nr: 65800
Event nr: 65900
Event nr: 66000
Event nr: 66100
Event nr: 66200
Event nr: 66300
Event nr: 66400
Event nr: 66500
Event nr: 66600
Event nr: 66700
Event nr: 66800
Event nr: 66900
Event nr: 67000
Event nr: 67100
Event nr: 67200
Event nr: 67300
Event nr: 67400
Event nr: 67500
Event nr: 67600
Event nr: 67700
Event nr: 67800
Event nr: 67900
Event nr: 68000
Event nr: 68100
Event nr: 68200
Event nr: 68300
Event nr: 68400
Event nr: 68500
Event nr: 68600
Event nr: 68700
Event nr: 68800
Event nr: 68900
Event nr: 69000
Event nr: 69100
Event nr: 69200
Event nr: 69300
Event nr: 69400
Event nr: 69500
Event nr: 69600
Event nr: 69700
Event nr: 69800
Event nr: 69900
Event nr: 70000
Event nr: 70100
Event nr: 70200
Event nr: 70300
Event nr: 70400
Event nr: 70500
Event nr: 70600
Event nr: 70700
Event nr: 70800
Event nr: 70900
Event nr: 71000
Event nr: 71100
Event nr: 71200
Event nr: 71300
Event nr: 71400
Event nr: 71500
Event nr: 71600
Event nr: 71700
Event nr: 71800
Event nr: 71900
Event nr: 72000
Event nr: 72100
Event nr: 72200
Event nr: 72300
Event nr: 72400
Event nr: 72500
Event nr: 72600
Event nr: 72700
Event nr: 72800
Event nr: 72900
Event nr: 73000
Event nr: 73100
Event nr: 73200
Event nr: 73300
Event nr: 73400
Event nr: 73500
Event nr: 73600
Event nr: 73700
Event nr: 73800
Event nr: 73900
Event nr: 74000
Event nr: 74100
Event nr: 74200
Event nr: 74300
Event nr: 74400
Event nr: 74500
Event nr: 74600
Event nr: 74700
Event nr: 74800
Event nr: 74900
Event nr: 75000
Event nr: 75100
Event nr: 75200
Event nr: 75300
Event nr: 75400
Event nr: 75500
Event nr: 75600
Event nr: 75700
Event nr: 75800
Event nr: 75900
Event nr: 76000
Event nr: 76100
Event nr: 76200
Event nr: 76300
Event nr: 76400
Event nr: 76500
Event nr: 76600
Event nr: 76700
Event nr: 76800
Event nr: 76900
Event nr: 77000
Event nr: 77100
Event nr: 77200
Event nr: 77300
Event nr: 77400
Event nr: 77500
Event nr: 77600
Event nr: 77700
Event nr: 77800
Event nr: 77900
Event nr: 78000
Event nr: 78100
Event nr: 78200
Event nr: 78300
Event nr: 78400
Event nr: 78500
Event nr: 78600
Event nr: 78700
Event nr: 78800
Event nr: 78900
Event nr: 79000
Event nr: 79100
Event nr: 79200
Event nr: 79300
Event nr: 79400
Event nr: 79500
Event nr: 79600
Event nr: 79700
Event nr: 79800
Event nr: 79900
Event nr: 80000
Event nr: 80100
Event nr: 80200
Event nr: 80300
Event nr: 80400
Event nr: 80500
Event nr: 80600
Event nr: 80700
Event nr: 80800
Event nr: 80900
Event nr: 81000
Event nr: 81100
Event nr: 81200
Event nr: 81300
Event nr: 81400
Event nr: 81500
Event nr: 81600
Event nr: 81700
Event nr: 81800
Event nr: 81900
Event nr: 82000
Event nr: 82100
Event nr: 82200
Event nr: 82300
Event nr: 82400
Event nr: 82500
Event nr: 82600
Event nr: 82700
Event nr: 82800
Event nr: 82900
Event nr: 83000
Event nr: 83100
Event nr: 83200
Event nr: 83300
Event nr: 83400
Event nr: 83500
Event nr: 83600
Event nr: 83700
Event nr: 83800
Event nr: 83900
Event nr: 84000
Event nr: 84100
Event nr: 84200
Event nr: 84300
Event nr: 84400
Event nr: 84500
Event nr: 84600
Event nr: 84700
Event nr: 84800
Event nr: 84900
Event nr: 85000
Event nr: 85100
Event nr: 85200
Event nr: 85300
Event nr: 85400
Event nr: 85500
Event nr: 85600
Event nr: 85700
Event nr: 85800
Event nr: 85900
Event nr: 86000
Event nr: 86100
Event nr: 86200
Event nr: 86300
Event nr: 86400
Event nr: 86500
Event nr: 86600
Event nr: 86700
Event nr: 86800
Event nr: 86900
Event nr: 87000
Event nr: 87100
Event nr: 87200
Event nr: 87300
Event nr: 87400
Event nr: 87500
Event nr: 87600
Event nr: 87700
Event nr: 87800
Event nr: 87900
Event nr: 88000
Event nr: 88100
Event nr: 88200
Event nr: 88300
Event nr: 88400
Event nr: 88500
Event nr: 88600
Event nr: 88700
Event nr: 88800
Event nr: 88900
Event nr: 89000
Event nr: 89100
Event nr: 89200
Event nr: 89300
Event nr: 89400
Event nr: 89500
Event nr: 89600
Event nr: 89700
Event nr: 89800
Event nr: 89900
Event nr: 90000
Event nr: 90100
Event nr: 90200
Event nr: 90300
Event nr: 90400
Event nr: 90500
Event nr: 90600
Event nr: 90700
Event nr: 90800
Event nr: 90900
Event nr: 91000
Event nr: 91100
Event nr: 91200
Event nr: 91300
Event nr: 91400
Event nr: 91500
Event nr: 91600
Event nr: 91700
Event nr: 91800
Event nr: 91900
Event nr: 92000
Event nr: 92100
Event nr: 92200
Event nr: 92300
Event nr: 92400
Event nr: 92500
Event nr: 92600
Event nr: 92700
Event nr: 92800
Event nr: 92900
Event nr: 93000
Event nr: 93100
Event nr: 93200
Event nr: 93300
Event nr: 93400
Event nr: 93500
Event nr: 93600
Event nr: 93700
Event nr: 93800
Event nr: 93900
Event nr: 94000
Event nr: 94100
Event nr: 94200
Event nr: 94300
Event nr: 94400
Event nr: 94500
Event nr: 94600
Event nr: 94700
Event nr: 94800
Event nr: 94900
Event nr: 95000
Event nr: 95100
Event nr: 95200
Event nr: 95300
Event nr: 95400
Event nr: 95500
Event nr: 95600
Event nr: 95700
Event nr: 95800
Event nr: 95900
Event nr: 96000
Event nr: 96100
Event nr: 96200
Event nr: 96300
Event nr: 96400
Event nr: 96500
Event nr: 96600
Event nr: 96700
Event nr: 96800
Event nr: 96900
Event nr: 97000
Event nr: 97100
Event nr: 97200
Event nr: 97300
Event nr: 97400
Event nr: 97500
Event nr: 97600
Event nr: 97700
Event nr: 97800
Event nr: 97900
Event nr: 98000
Event nr: 98100
Event nr: 98200
Event nr: 98300
Event nr: 98400
Event nr: 98500
Event nr: 98600
Event nr: 98700
Event nr: 98800
Event nr: 98900
Event nr: 99000
Event nr: 99100
Event nr: 99200
Event nr: 99300
Event nr: 99400
Event nr: 99500
Event nr: 99600
Event nr: 99700
Event nr: 99800
Event nr: 99900
Event nr: 100000
Event nr: 100100
Event nr: 100200
Event nr: 100300
Event nr: 100400
Event nr: 100500
Event nr: 100600
Event nr: 100700
Event nr: 100800
Event nr: 100900
Event nr: 101000
Event nr: 101100
Event nr: 101200
Event nr: 101300
Event nr: 101400
Event nr: 101500
Event nr: 101600
Event nr: 101700
Event nr: 101800
Event nr: 101900
Event nr: 102000
Event nr: 102100
Event nr: 102200
Event nr: 102300
Event nr: 102400
Event nr: 102500
Event nr: 102600
Event nr: 102700
Event nr: 102800
Event nr: 102900
Event nr: 103000
Event nr: 103100
Event nr: 103200
Event nr: 103300
Event nr: 103400
Event nr: 103500
Event nr: 103600
Event nr: 103700
Event nr: 103800
Event nr: 103900
Event nr: 104000
Event nr: 104100
Event nr: 104200
Event nr: 104300
Event nr: 104400
Event nr: 104500
Event nr: 104600
Event nr: 104700
Event nr: 104800
Event nr: 104900
Event nr: 105000
Event nr: 105100
Event nr: 105200
Event nr: 105300
Event nr: 105400
Event nr: 105500
Event nr: 105600
Event nr: 105700
Event nr: 105800
Event nr: 105900
Event nr: 106000
Event nr: 106100
Event nr: 106200
Event nr: 106300
Event nr: 106400
Event nr: 106500
Event nr: 106600
Event nr: 106700
Event nr: 106800
Event nr: 106900
Event nr: 107000
Event nr: 107100
Event nr: 107200
Event nr: 107300
Event nr: 107400
Event nr: 107500
Event nr: 107600
Event nr: 107700
Event nr: 107800
Event nr: 107900
Event nr: 108000
Event nr: 108100
Event nr: 108200
Event nr: 108300
Event nr: 108400
Event nr: 108500
Event nr: 108600
Event nr: 108700
Event nr: 108800
Event nr: 108900
Event nr: 109000
Event nr: 109100
Event nr: 109200
Event nr: 109300
Event nr: 109400
Event nr: 109500
Event nr: 109600
Event nr: 109700
Event nr: 109800
Event nr: 109900
Event nr: 110000
Event nr: 110100
Event nr: 110200
Event nr: 110300
Event nr: 110400
Event nr: 110500
Event nr: 110600
Event nr: 110700
Event nr: 110800
Event nr: 110900
Event nr: 111000
Event nr: 111100
Event nr: 111200
Event nr: 111300
Event nr: 111400
Event nr: 111500
Event nr: 111600
Event nr: 111700
Event nr: 111800
Event nr: 111900
Event nr: 112000
Event nr: 112100
Event nr: 112200
Event nr: 112300
Event nr: 112400
Event nr: 112500
Event nr: 112600
Event nr: 112700
Event nr: 112800
Event nr: 112900
Event nr: 113000
Event nr: 113100
Event nr: 113200
Event nr: 113300
Event nr: 113400
Event nr: 113500
Writing histograms to outFile:           /eos/user/l/lfavilla/my_framework/TopSelection_tmp/plots/ZJetsToNuNu_HT600To800_2018.root
