TT_Mtt_700to1000_2018
Event nr: 0
event 12 taken
tops_over_thr: [(2, <TopLowPt[2]>), (3, <TopLowPt[3]>), (13, <TopLowPt[13]>)]
scores:        [0.6638145446777344, 0.607822060585022, 0.5874281525611877]
truth:         [0.0, 0.0, 0.0]
[3 2 0]
[3 2 1]
[5 3 0]
tops_selected: [(2, <TopLowPt[2]>)]
<TopLowPt[2]>
event 12 taken
tops_over_thr: [(17, <TopHighPt[17]>), (8, <TopHighPt[8]>), (31, <TopHighPt[31]>)]
scores:        [0.9021148681640625, 0.811049222946167, 0.7905632257461548]
truth:         [1.0, 0.0, 0.0]
[4 1 0 - 0]
[3 1 0 - 0]
[5 1 0 - 0]
tops_selected: [(17, <TopHighPt[17]>)]
<TopHighPt[17]>
event 12 taken
No candidate found in cat.:      Merged

-------------------------------------------------------------

event 55 taken
No candidate found in cat.:      Resolved
event 55 taken
tops_over_thr: [(0, <TopHighPt[0]>), (8, <TopHighPt[8]>)]
scores:        [0.9237477779388428, 0.8870582580566406]
truth:         [1.0, 1.0]
[1 0 -1 - 0]
[3 1 0 - 0]
tops_selected: [(0, <TopHighPt[0]>)]
<TopHighPt[0]>
event 55 taken
tops_over_thr: [(0, <FatJet[0]>)]
scores:        [0.978515625]
truth:         [False]
[0]
tops_selected: [(0, <FatJet[0]>)]
<FatJet[0]>

-------------------------------------------------------------

event 86 taken
No candidate found in cat.:      Resolved
event 86 taken
No candidate found in cat.:      Mixed
event 86 taken
No candidate found in cat.:      Merged

-------------------------------------------------------------

event 89 taken
No candidate found in cat.:      Resolved
event 89 taken
No candidate found in cat.:      Mixed
event 89 taken
No candidate found in cat.:      Merged

-------------------------------------------------------------

event 94 taken
No candidate found in cat.:      Resolved
event 94 taken
No candidate found in cat.:      Mixed
event 94 taken
No candidate found in cat.:      Merged

-------------------------------------------------------------

Event nr: 100
event 108 taken
tops_over_thr: [(18, <TopLowPt[18]>), (3, <TopLowPt[3]>), (17, <TopLowPt[17]>)]
scores:        [0.7256643772125244, 0.7122696042060852, 0.7057727575302124]
truth:         [0.0, 0.0, 0.0]
[5 4 2]
[3 2 1]
[5 4 1]
tops_selected: [(18, <TopLowPt[18]>)]
<TopLowPt[18]>
event 108 taken
tops_over_thr: [(8, <TopHighPt[8]>), (7, <TopHighPt[7]>)]
scores:        [0.8977525234222412, 0.8045845031738281]
truth:         [0.0, 0.0]
[3 1 0 - 0]
[3 1 0 - -1]
tops_selected: [(8, <TopHighPt[8]>)]
<TopHighPt[8]>
event 108 taken
No candidate found in cat.:      Merged

-------------------------------------------------------------

event 109 taken
No candidate found in cat.:      Resolved
event 109 taken
No candidate found in cat.:      Mixed
event 109 taken
No candidate found in cat.:      Merged

-------------------------------------------------------------

event 133 taken
No candidate found in cat.:      Resolved
event 133 taken
No candidate found in cat.:      Mixed
event 133 taken
No candidate found in cat.:      Merged

-------------------------------------------------------------

event 157 taken
No candidate found in cat.:      Resolved
event 157 taken
No candidate found in cat.:      Mixed
event 157 taken
No candidate found in cat.:      Merged

-------------------------------------------------------------

event 165 taken
No candidate found in cat.:      Resolved
event 165 taken
No candidate found in cat.:      Mixed
event 165 taken
No candidate found in cat.:      Merged

-------------------------------------------------------------

event 195 taken
No candidate found in cat.:      Resolved
event 195 taken
No candidate found in cat.:      Mixed
event 195 taken
No candidate found in cat.:      Merged

-------------------------------------------------------------

Event nr: 200
event 204 taken
No candidate found in cat.:      Resolved
event 204 taken
tops_over_thr: [(7, <TopHighPt[7]>), (8, <TopHighPt[8]>)]
scores:        [0.888298511505127, 0.8636029958724976]
truth:         [0.0, 0.0]
[3 1 0 - -1]
[3 1 0 - 0]
tops_selected: [(7, <TopHighPt[7]>)]
<TopHighPt[7]>
event 204 taken
No candidate found in cat.:      Merged

-------------------------------------------------------------

event 214 taken
tops_over_thr: [(1, <TopLowPt[1]>)]
scores:        [0.629277229309082]
truth:         [1.0]
[3 1 0]
tops_selected: [(1, <TopLowPt[1]>)]
<TopLowPt[1]>
event 214 taken
No candidate found in cat.:      Mixed
event 214 taken
No candidate found in cat.:      Merged

-------------------------------------------------------------

event 217 taken
No candidate found in cat.:      Resolved
event 217 taken
No candidate found in cat.:      Mixed
event 217 taken
No candidate found in cat.:      Merged

-------------------------------------------------------------

event 231 taken
tops_over_thr: [(3, <TopLowPt[3]>)]
scores:        [0.6791386604309082]
truth:         [0.0]
[3 2 1]
tops_selected: [(3, <TopLowPt[3]>)]
<TopLowPt[3]>
event 231 taken
No candidate found in cat.:      Mixed
event 231 taken
No candidate found in cat.:      Merged

-------------------------------------------------------------

event 235 taken
No candidate found in cat.:      Resolved
event 235 taken
No candidate found in cat.:      Mixed
event 235 taken
No candidate found in cat.:      Merged

-------------------------------------------------------------

event 239 taken
No candidate found in cat.:      Resolved
event 239 taken
No candidate found in cat.:      Mixed
event 239 taken
No candidate found in cat.:      Merged

-------------------------------------------------------------

event 252 taken
No candidate found in cat.:      Resolved
event 252 taken
tops_over_thr: [(8, <TopHighPt[8]>), (6, <TopHighPt[6]>), (7, <TopHighPt[7]>), (0, <TopHighPt[0]>), (5, <TopHighPt[5]>)]
scores:        [0.977149486541748, 0.9518448114395142, 0.9382443428039551, 0.9245179891586304, 0.9235347509384155]
truth:         [1.0, 1.0, 1.0, 1.0, 1.0]
[3 1 0 - 0]
[3 1 -1 - 0]
[3 1 0 - -1]
[1 0 -1 - 0]
[3 0 -1 - 0]
tops_selected: [(8, <TopHighPt[8]>)]
<TopHighPt[8]>
event 252 taken
tops_over_thr: [(0, <FatJet[0]>)]
scores:        [0.99755859375]
truth:         [True]
[0]
tops_selected: [(0, <FatJet[0]>)]
<FatJet[0]>

-------------------------------------------------------------

event 255 taken
No candidate found in cat.:      Resolved
event 255 taken
No candidate found in cat.:      Mixed
event 255 taken
No candidate found in cat.:      Merged

-------------------------------------------------------------

event 290 taken
No candidate found in cat.:      Resolved
event 290 taken
No candidate found in cat.:      Mixed
event 290 taken
No candidate found in cat.:      Merged

-------------------------------------------------------------

Event nr: 300
event 320 taken
No candidate found in cat.:      Resolved
event 320 taken
No candidate found in cat.:      Mixed
event 320 taken
No candidate found in cat.:      Merged

-------------------------------------------------------------

event 322 taken
No candidate found in cat.:      Resolved
event 322 taken
No candidate found in cat.:      Mixed
event 322 taken
No candidate found in cat.:      Merged

-------------------------------------------------------------

event 338 taken
No candidate found in cat.:      Resolved
event 338 taken
No candidate found in cat.:      Mixed
event 338 taken
No candidate found in cat.:      Merged

-------------------------------------------------------------

event 347 taken
No candidate found in cat.:      Resolved
event 347 taken
No candidate found in cat.:      Mixed
event 347 taken
No candidate found in cat.:      Merged

-------------------------------------------------------------

event 385 taken
No candidate found in cat.:      Resolved
event 385 taken
No candidate found in cat.:      Mixed
event 385 taken
No candidate found in cat.:      Merged

-------------------------------------------------------------

event 390 taken
No candidate found in cat.:      Resolved
event 390 taken
tops_over_thr: [(4, <TopHighPt[4]>), (2, <TopHighPt[2]>), (0, <TopHighPt[0]>), (3, <TopHighPt[3]>)]
scores:        [0.9630287289619446, 0.9050053954124451, 0.8856543302536011, 0.8230113983154297]
truth:         [1.0, 1.0, 1.0, 1.0]
[2 1 0 - 0]
[2 1 -1 - 0]
[1 0 -1 - 0]
[2 1 0 - -1]
tops_selected: [(4, <TopHighPt[4]>)]
<TopHighPt[4]>
event 390 taken
No candidate found in cat.:      Merged

-------------------------------------------------------------

Event nr: 400
event 410 taken
No candidate found in cat.:      Resolved
event 410 taken
tops_over_thr: [(8, <TopHighPt[8]>), (5, <TopHighPt[5]>), (7, <TopHighPt[7]>), (6, <TopHighPt[6]>)]
scores:        [0.9560939073562622, 0.8762123584747314, 0.8649327754974365, 0.8389922380447388]
truth:         [1.0, 1.0, 1.0, 1.0]
[3 1 0 - 0]
[3 0 -1 - 0]
[3 1 0 - -1]
[3 1 -1 - 0]
tops_selected: [(8, <TopHighPt[8]>)]
<TopHighPt[8]>
event 410 taken
No candidate found in cat.:      Merged

-------------------------------------------------------------

event 415 taken
No candidate found in cat.:      Resolved
event 415 taken
No candidate found in cat.:      Mixed
event 415 taken
No candidate found in cat.:      Merged

-------------------------------------------------------------

event 429 taken
tops_over_thr: [(3, <TopLowPt[3]>)]
scores:        [0.6044947504997253]
truth:         [0.0]
[3 2 1]
tops_selected: [(3, <TopLowPt[3]>)]
<TopLowPt[3]>
event 429 taken
tops_over_thr: [(4, <TopHighPt[4]>), (2, <TopHighPt[2]>), (17, <TopHighPt[17]>), (12, <TopHighPt[12]>), (8, <TopHighPt[8]>), (1, <TopHighPt[1]>)]
scores:        [0.9126632213592529, 0.8521985411643982, 0.8453119397163391, 0.8035469055175781, 0.7997461557388306, 0.7926909923553467]
truth:         [0.0, 0.0, 0.0, 0.0, 1.0, 0.0]
[2 1 0 - 0]
[2 1 -1 - 0]
[4 1 0 - 0]
[3 2 1 - -1]
[3 1 0 - 0]
[2 0 -1 - 0]
tops_selected: [(4, <TopHighPt[4]>)]
<TopHighPt[4]>
event 429 taken
No candidate found in cat.:      Merged

-------------------------------------------------------------

event 438 taken
No candidate found in cat.:      Resolved
event 438 taken
tops_over_thr: [(4, <TopHighPt[4]>), (2, <TopHighPt[2]>), (3, <TopHighPt[3]>), (1, <TopHighPt[1]>), (0, <TopHighPt[0]>)]
scores:        [0.9650699496269226, 0.9439578056335449, 0.9405590891838074, 0.9349644184112549, 0.9334136843681335]
truth:         [1.0, 1.0, 1.0, 1.0, 1.0]
[2 1 0 - 0]
[2 1 -1 - 0]
[2 1 0 - -1]
[2 0 -1 - 0]
[1 0 -1 - 0]
tops_selected: [(4, <TopHighPt[4]>)]
<TopHighPt[4]>
event 438 taken
tops_over_thr: [(0, <FatJet[0]>)]
scores:        [0.99658203125]
truth:         [False]
[0]
tops_selected: [(0, <FatJet[0]>)]
<FatJet[0]>

-------------------------------------------------------------

event 442 taken
No candidate found in cat.:      Resolved
event 442 taken
tops_over_thr: [(10, <TopHighPt[10]>)]
scores:        [0.8690849542617798]
truth:         [0.0]
[3 2 0 - -1]
tops_selected: [(10, <TopHighPt[10]>)]
<TopHighPt[10]>
event 442 taken
No candidate found in cat.:      Merged

-------------------------------------------------------------

event 443 taken
No candidate found in cat.:      Resolved
event 443 taken
No candidate found in cat.:      Mixed
event 443 taken
No candidate found in cat.:      Merged

-------------------------------------------------------------

event 448 taken
No candidate found in cat.:      Resolved
event 448 taken
tops_over_thr: [(24, <TopHighPt[24]>)]
scores:        [0.7627100944519043]
truth:         [0.0]
[4 3 2 - -1]
tops_selected: [(24, <TopHighPt[24]>)]
<TopHighPt[24]>
event 448 taken
No candidate found in cat.:      Merged

-------------------------------------------------------------

event 465 taken
No candidate found in cat.:      Resolved
event 465 taken
No candidate found in cat.:      Mixed
event 465 taken
No candidate found in cat.:      Merged

-------------------------------------------------------------

event 483 taken
No candidate found in cat.:      Resolved
event 483 taken
No candidate found in cat.:      Mixed
event 483 taken
No candidate found in cat.:      Merged

-------------------------------------------------------------

Event nr: 500
event 507 taken
No candidate found in cat.:      Resolved
event 507 taken
tops_over_thr: [(4, <TopHighPt[4]>), (0, <TopHighPt[0]>)]
scores:        [0.906797468662262, 0.8395774364471436]
truth:         [1.0, 1.0]
[2 1 0 - 0]
[1 0 -1 - 0]
tops_selected: [(4, <TopHighPt[4]>)]
<TopHighPt[4]>
event 507 taken
No candidate found in cat.:      Merged

-------------------------------------------------------------

event 512 taken
No candidate found in cat.:      Resolved
event 512 taken
tops_over_thr: [(8, <TopHighPt[8]>)]
scores:        [0.8539309501647949]
truth:         [1.0]
[3 1 0 - 0]
tops_selected: [(8, <TopHighPt[8]>)]
<TopHighPt[8]>
event 512 taken
No candidate found in cat.:      Merged

-------------------------------------------------------------

event 526 taken
No candidate found in cat.:      Resolved
event 526 taken
tops_over_thr: [(11, <TopHighPt[11]>), (1, <TopHighPt[1]>), (9, <TopHighPt[9]>)]
scores:        [0.9074184894561768, 0.882620096206665, 0.872266411781311]
truth:         [1.0, 1.0, 1.0]
[3 2 0 - 0]
[2 0 -1 - 0]
[3 2 -1 - 0]
tops_selected: [(11, <TopHighPt[11]>)]
<TopHighPt[11]>
event 526 taken
No candidate found in cat.:      Merged

-------------------------------------------------------------

event 535 taken
No candidate found in cat.:      Resolved
event 535 taken
No candidate found in cat.:      Mixed
event 535 taken
No candidate found in cat.:      Merged

-------------------------------------------------------------

event 537 taken
No candidate found in cat.:      Resolved
event 537 taken
tops_over_thr: [(20, <TopHighPt[20]>), (1, <TopHighPt[1]>)]
scores:        [0.8796944618225098, 0.8602679371833801]
truth:         [1.0, 1.0]
[4 2 0 - 0]
[2 0 -1 - 0]
tops_selected: [(20, <TopHighPt[20]>)]
<TopHighPt[20]>
event 537 taken
No candidate found in cat.:      Merged

-------------------------------------------------------------

event 538 taken
No candidate found in cat.:      Resolved
event 538 taken
tops_over_thr: [(4, <TopHighPt[4]>)]
scores:        [0.845473051071167]
truth:         [1.0]
[4 1 0 - -1]
tops_selected: [(4, <TopHighPt[4]>)]
<TopHighPt[4]>
event 538 taken
No candidate found in cat.:      Merged

-------------------------------------------------------------

event 539 taken
No candidate found in cat.:      Resolved
event 539 taken
tops_over_thr: [(4, <TopHighPt[4]>), (8, <TopHighPt[8]>), (3, <TopHighPt[3]>), (7, <TopHighPt[7]>), (0, <TopHighPt[0]>), (5, <TopHighPt[5]>)]
scores:        [0.9104607105255127, 0.8999840021133423, 0.8934434056282043, 0.8197802901268005, 0.7732069492340088, 0.762374758720398]
truth:         [0.0, 1.0, 0.0, 1.0, 0.0, 1.0]
[2 1 0 - 0]
[3 1 0 - 0]
[2 1 0 - -1]
[3 1 0 - -1]
[1 0 -1 - 0]
[3 0 -1 - 0]
tops_selected: [(4, <TopHighPt[4]>)]
<TopHighPt[4]>
event 539 taken
tops_over_thr: [(0, <FatJet[0]>)]
scores:        [0.9599609375]
truth:         [False]
[0]
tops_selected: [(0, <FatJet[0]>)]
<FatJet[0]>

-------------------------------------------------------------

event 562 taken
No candidate found in cat.:      Resolved
event 562 taken
No candidate found in cat.:      Mixed
event 562 taken
No candidate found in cat.:      Merged

-------------------------------------------------------------

event 573 taken
No candidate found in cat.:      Resolved
event 573 taken
No candidate found in cat.:      Mixed
event 573 taken
No candidate found in cat.:      Merged

-------------------------------------------------------------

event 574 taken
No candidate found in cat.:      Resolved
event 574 taken
No candidate found in cat.:      Mixed
event 574 taken
No candidate found in cat.:      Merged

-------------------------------------------------------------

event 577 taken
No candidate found in cat.:      Resolved
event 577 taken
No candidate found in cat.:      Mixed
event 577 taken
No candidate found in cat.:      Merged

-------------------------------------------------------------

event 588 taken
No candidate found in cat.:      Resolved
event 588 taken
No candidate found in cat.:      Mixed
event 588 taken
No candidate found in cat.:      Merged

-------------------------------------------------------------

event 590 taken
No candidate found in cat.:      Resolved
event 590 taken
No candidate found in cat.:      Mixed
event 590 taken
No candidate found in cat.:      Merged

-------------------------------------------------------------

event 595 taken
No candidate found in cat.:      Resolved
event 595 taken
tops_over_thr: [(11, <TopHighPt[11]>), (35, <TopHighPt[35]>)]
scores:        [0.7905511260032654, 0.7689996361732483]
truth:         [0.0, 0.0]
[3 2 0 - 0]
[5 2 0 - 0]
tops_selected: [(11, <TopHighPt[11]>)]
<TopHighPt[11]>
event 595 taken
No candidate found in cat.:      Merged

-------------------------------------------------------------

Event nr: 600
event 602 taken
tops_over_thr: [(24, <TopLowPt[24]>), (13, <TopLowPt[13]>)]
scores:        [0.5683138966560364, 0.5442402958869934]
truth:         [0.0, 0.0]
[6 3 1]
[5 3 0]
tops_selected: [(24, <TopLowPt[24]>)]
<TopLowPt[24]>
event 602 taken
tops_over_thr: [(4, <TopHighPt[4]>), (33, <TopHighPt[33]>), (0, <TopHighPt[0]>), (3, <TopHighPt[3]>), (38, <TopHighPt[38]>), (2, <TopHighPt[2]>)]
scores:        [0.9362319111824036, 0.8915682435035706, 0.8513849377632141, 0.824756383895874, 0.8101839423179626, 0.7783647775650024]
truth:         [1.0, 0.0, 1.0, 1.0, 0.0, 1.0]
[2 1 0 - 0]
[5 1 0 - 0]
[1 0 -1 - 0]
[2 1 0 - -1]
[5 2 1 - 0]
[2 1 -1 - 0]
tops_selected: [(4, <TopHighPt[4]>)]
<TopHighPt[4]>
event 602 taken
No candidate found in cat.:      Merged

-------------------------------------------------------------

event 654 taken
No candidate found in cat.:      Resolved
event 654 taken
tops_over_thr: [(3, <TopHighPt[3]>)]
scores:        [0.9055420160293579]
truth:         [1.0]
[2 1 0 - -1]
tops_selected: [(3, <TopHighPt[3]>)]
<TopHighPt[3]>
event 654 taken
No candidate found in cat.:      Merged

-------------------------------------------------------------

event 662 taken
No candidate found in cat.:      Resolved
event 662 taken
No candidate found in cat.:      Mixed
event 662 taken
No candidate found in cat.:      Merged

-------------------------------------------------------------

event 690 taken
tops_over_thr: [(0, <TopLowPt[0]>), (2, <TopLowPt[2]>), (7, <TopLowPt[7]>)]
scores:        [0.6936588883399963, 0.6274977326393127, 0.5664958357810974]
truth:         [1.0, 0.0, 0.0]
[2 1 0]
[3 2 0]
[4 3 0]
tops_selected: [(0, <TopLowPt[0]>)]
<TopLowPt[0]>
event 690 taken
No candidate found in cat.:      Mixed
event 690 taken
No candidate found in cat.:      Merged

-------------------------------------------------------------

Event nr: 700
event 705 taken
No candidate found in cat.:      Resolved
event 705 taken
No candidate found in cat.:      Mixed
event 705 taken
No candidate found in cat.:      Merged

-------------------------------------------------------------

event 710 taken
No candidate found in cat.:      Resolved
event 710 taken
No candidate found in cat.:      Mixed
event 710 taken
No candidate found in cat.:      Merged

-------------------------------------------------------------

event 751 taken
No candidate found in cat.:      Resolved
event 751 taken
tops_over_thr: [(4, <TopHighPt[4]>), (0, <TopHighPt[0]>)]
scores:        [0.8638509511947632, 0.8448295593261719]
truth:         [1.0, 1.0]
[2 1 0 - 0]
[1 0 -1 - 0]
tops_selected: [(4, <TopHighPt[4]>)]
<TopHighPt[4]>
event 751 taken
No candidate found in cat.:      Merged

-------------------------------------------------------------

event 773 taken
No candidate found in cat.:      Resolved
event 773 taken
No candidate found in cat.:      Mixed
event 773 taken
No candidate found in cat.:      Merged

-------------------------------------------------------------

event 778 taken
No candidate found in cat.:      Resolved
event 778 taken
tops_over_thr: [(20, <TopHighPt[20]>), (19, <TopHighPt[19]>), (18, <TopHighPt[18]>), (1, <TopHighPt[1]>), (14, <TopHighPt[14]>)]
scores:        [0.9422568082809448, 0.9321215748786926, 0.9133914709091187, 0.909092903137207, 0.8978114128112793]
truth:         [1.0, 1.0, 1.0, 1.0, 1.0]
[4 2 0 - 0]
[4 2 0 - -1]
[4 2 -1 - 0]
[2 0 -1 - 0]
[4 0 -1 - 0]
tops_selected: [(20, <TopHighPt[20]>)]
<TopHighPt[20]>
event 778 taken
tops_over_thr: [(0, <FatJet[0]>)]
scores:        [0.9990234375]
truth:         [True]
[0]
tops_selected: [(0, <FatJet[0]>)]
<FatJet[0]>

-------------------------------------------------------------

Event nr: 800
event 817 taken
No candidate found in cat.:      Resolved
event 817 taken
No candidate found in cat.:      Mixed
event 817 taken
No candidate found in cat.:      Merged

-------------------------------------------------------------

event 830 taken
No candidate found in cat.:      Resolved
event 830 taken
No candidate found in cat.:      Mixed
event 830 taken
No candidate found in cat.:      Merged

-------------------------------------------------------------

event 848 taken
No candidate found in cat.:      Resolved
event 848 taken
No candidate found in cat.:      Mixed
event 848 taken
No candidate found in cat.:      Merged

-------------------------------------------------------------

event 871 taken
No candidate found in cat.:      Resolved
event 871 taken
tops_over_thr: [(94, <TopHighPt[94]>)]
scores:        [0.7599937915802002]
truth:         [0.0]
[5 3 0 - -1]
tops_selected: [(94, <TopHighPt[94]>)]
<TopHighPt[94]>
event 871 taken
No candidate found in cat.:      Merged

-------------------------------------------------------------

event 879 taken
No candidate found in cat.:      Resolved
event 879 taken
tops_over_thr: [(7, <TopHighPt[7]>), (0, <TopHighPt[0]>), (4, <TopHighPt[4]>)]
scores:        [0.9337944984436035, 0.8990026116371155, 0.838093638420105]
truth:         [1.0, 1.0, 1.0]
[2 1 0 - 0]
[1 0 -1 - 0]
[2 1 -1 - 0]
tops_selected: [(7, <TopHighPt[7]>)]
<TopHighPt[7]>
event 879 taken
No candidate found in cat.:      Merged

-------------------------------------------------------------

event 894 taken
No candidate found in cat.:      Resolved
event 894 taken
No candidate found in cat.:      Mixed
event 894 taken
No candidate found in cat.:      Merged

-------------------------------------------------------------

Event nr: 900
event 900 taken
No candidate found in cat.:      Resolved
event 900 taken
No candidate found in cat.:      Mixed
event 900 taken
No candidate found in cat.:      Merged

-------------------------------------------------------------

event 938 taken
tops_over_thr: [(9, <TopLowPt[9]>)]
scores:        [0.579669713973999]
truth:         [0.0]
[4 3 2]
tops_selected: [(9, <TopLowPt[9]>)]
<TopLowPt[9]>
event 938 taken
No candidate found in cat.:      Mixed
event 938 taken
No candidate found in cat.:      Merged

-------------------------------------------------------------

event 953 taken
No candidate found in cat.:      Resolved
event 953 taken
No candidate found in cat.:      Mixed
event 953 taken
No candidate found in cat.:      Merged

-------------------------------------------------------------

event 956 taken
No candidate found in cat.:      Resolved
event 956 taken
No candidate found in cat.:      Mixed
event 956 taken
No candidate found in cat.:      Merged

-------------------------------------------------------------

event 972 taken
No candidate found in cat.:      Resolved
event 972 taken
No candidate found in cat.:      Mixed
event 972 taken
No candidate found in cat.:      Merged

-------------------------------------------------------------

event 978 taken
No candidate found in cat.:      Resolved
event 978 taken
No candidate found in cat.:      Mixed
event 978 taken
No candidate found in cat.:      Merged

-------------------------------------------------------------

event 988 taken
No candidate found in cat.:      Resolved
event 988 taken
No candidate found in cat.:      Mixed
event 988 taken
No candidate found in cat.:      Merged

-------------------------------------------------------------

TT_Mtt_1000toInf_2018
Event nr: 0
event 2 taken
No candidate found in cat.:      Resolved
event 2 taken
No candidate found in cat.:      Mixed
event 2 taken
No candidate found in cat.:      Merged

-------------------------------------------------------------

event 46 taken
tops_over_thr: [(0, <TopLowPt[0]>)]
scores:        [0.6117245554924011]
truth:         [1.0]
[2 1 0]
tops_selected: [(0, <TopLowPt[0]>)]
<TopLowPt[0]>
event 46 taken
tops_over_thr: [(0, <TopHighPt[0]>)]
scores:        [0.8499977588653564]
truth:         [1.0]
[2 1 0 - -1]
tops_selected: [(0, <TopHighPt[0]>)]
<TopHighPt[0]>
event 46 taken
No candidate found in cat.:      Merged

-------------------------------------------------------------

event 58 taken
No candidate found in cat.:      Resolved
event 58 taken
No candidate found in cat.:      Mixed
event 58 taken
No candidate found in cat.:      Merged

-------------------------------------------------------------

event 63 taken
No candidate found in cat.:      Resolved
event 63 taken
tops_over_thr: [(8, <TopHighPt[8]>), (11, <TopHighPt[11]>)]
scores:        [0.8374671936035156, 0.785724401473999]
truth:         [1.0, 0.0]
[3 1 0 - 0]
[3 2 0 - 0]
tops_selected: [(8, <TopHighPt[8]>)]
<TopHighPt[8]>
event 63 taken
No candidate found in cat.:      Merged

-------------------------------------------------------------

event 66 taken
No candidate found in cat.:      Resolved
event 66 taken
No candidate found in cat.:      Mixed
event 66 taken
No candidate found in cat.:      Merged

-------------------------------------------------------------

event 73 taken
No candidate found in cat.:      Resolved
event 73 taken
tops_over_thr: [(38, <TopHighPt[38]>), (36, <TopHighPt[36]>)]
scores:        [0.8387996554374695, 0.7780320644378662]
truth:         [1.0, 1.0]
[4 2 1 - 1]
[4 2 1 - -1]
tops_selected: [(38, <TopHighPt[38]>)]
<TopHighPt[38]>
event 73 taken
No candidate found in cat.:      Merged

-------------------------------------------------------------

event 87 taken
No candidate found in cat.:      Resolved
event 87 taken
No candidate found in cat.:      Mixed
event 87 taken
No candidate found in cat.:      Merged

-------------------------------------------------------------

Event nr: 100
event 131 taken
No candidate found in cat.:      Resolved
event 131 taken
tops_over_thr: [(37, <TopHighPt[37]>)]
scores:        [0.8648183941841125]
truth:         [1.0]
[4 2 1 - 0]
tops_selected: [(37, <TopHighPt[37]>)]
<TopHighPt[37]>
event 131 taken
No candidate found in cat.:      Merged

-------------------------------------------------------------

event 149 taken
No candidate found in cat.:      Resolved
event 149 taken
No candidate found in cat.:      Mixed
event 149 taken
No candidate found in cat.:      Merged

-------------------------------------------------------------

event 155 taken
tops_over_thr: [(26, <TopLowPt[26]>), (24, <TopLowPt[24]>), (31, <TopLowPt[31]>)]
scores:        [0.8253744840621948, 0.6370378732681274, 0.5566209554672241]
truth:         [0.0, 0.0, 0.0]
[6 4 0]
[6 3 1]
[6 5 1]
tops_selected: [(26, <TopLowPt[26]>)]
<TopLowPt[26]>
event 155 taken
tops_over_thr: [(61, <TopHighPt[61]>), (55, <TopHighPt[55]>), (67, <TopHighPt[67]>), (60, <TopHighPt[60]>), (59, <TopHighPt[59]>)]
scores:        [0.9334232807159424, 0.8879692554473877, 0.8097370862960815, 0.8052941560745239, 0.776611864566803]
truth:         [0.0, 0.0, 0.0, 0.0, 0.0]
[6 2 0 - 0]
[6 0 -1 - 0]
[6 3 1 - -1]
[6 2 0 - -1]
[6 2 -1 - 0]
tops_selected: [(61, <TopHighPt[61]>)]
<TopHighPt[61]>
event 155 taken
No candidate found in cat.:      Merged

-------------------------------------------------------------

event 160 taken
No candidate found in cat.:      Resolved
event 160 taken
No candidate found in cat.:      Mixed
event 160 taken
No candidate found in cat.:      Merged

-------------------------------------------------------------

event 166 taken
No candidate found in cat.:      Resolved
event 166 taken
tops_over_thr: [(53, <TopHighPt[53]>), (50, <TopHighPt[50]>), (51, <TopHighPt[51]>)]
scores:        [0.8960224390029907, 0.860374927520752, 0.7910149097442627]
truth:         [1.0, 1.0, 1.0]
[6 1 0 - 0]
[6 0 -1 - 0]
[6 1 -1 - 0]
tops_selected: [(53, <TopHighPt[53]>)]
<TopHighPt[53]>
event 166 taken
No candidate found in cat.:      Merged

-------------------------------------------------------------

event 184 taken
No candidate found in cat.:      Resolved
event 184 taken
tops_over_thr: [(44, <TopHighPt[44]>), (12, <TopHighPt[12]>)]
scores:        [0.8673505783081055, 0.7634278535842896]
truth:         [0.0, 0.0]
[5 4 0 - 0]
[4 0 -1 - 0]
tops_selected: [(44, <TopHighPt[44]>)]
<TopHighPt[44]>
event 184 taken
No candidate found in cat.:      Merged

-------------------------------------------------------------

event 193 taken
No candidate found in cat.:      Resolved
event 193 taken
tops_over_thr: [(4, <TopHighPt[4]>), (2, <TopHighPt[2]>), (1, <TopHighPt[1]>)]
scores:        [0.8977189660072327, 0.8360816240310669, 0.8102630376815796]
truth:         [1.0, 1.0, 1.0]
[2 1 0 - 0]
[2 1 -1 - 0]
[2 0 -1 - 0]
tops_selected: [(4, <TopHighPt[4]>)]
<TopHighPt[4]>
event 193 taken
No candidate found in cat.:      Merged

-------------------------------------------------------------

Event nr: 200
event 201 taken
No candidate found in cat.:      Resolved
event 201 taken
No candidate found in cat.:      Mixed
event 201 taken
No candidate found in cat.:      Merged

-------------------------------------------------------------

event 244 taken
No candidate found in cat.:      Resolved
event 244 taken
No candidate found in cat.:      Mixed
event 244 taken
tops_over_thr: [(0, <FatJet[0]>)]
scores:        [0.9716796875]
truth:         [True]
[0]
tops_selected: [(0, <FatJet[0]>)]
<FatJet[0]>

-------------------------------------------------------------

event 248 taken
No candidate found in cat.:      Resolved
event 248 taken
tops_over_thr: [(0, <TopHighPt[0]>)]
scores:        [0.7920171022415161]
truth:         [0.0]
[2 1 0 - -1]
tops_selected: [(0, <TopHighPt[0]>)]
<TopHighPt[0]>
event 248 taken
No candidate found in cat.:      Merged

-------------------------------------------------------------

event 261 taken
No candidate found in cat.:      Resolved
event 261 taken
tops_over_thr: [(4, <TopHighPt[4]>), (0, <TopHighPt[0]>), (1, <TopHighPt[1]>), (3, <TopHighPt[3]>), (2, <TopHighPt[2]>)]
scores:        [0.9061985611915588, 0.865861177444458, 0.8607958555221558, 0.847164511680603, 0.8291577100753784]
truth:         [1.0, 1.0, 1.0, 1.0, 1.0]
[2 1 0 - 0]
[1 0 -1 - 0]
[2 0 -1 - 0]
[2 1 0 - -1]
[2 1 -1 - 0]
tops_selected: [(4, <TopHighPt[4]>)]
<TopHighPt[4]>
event 261 taken
tops_over_thr: [(0, <FatJet[0]>)]
scores:        [0.98876953125]
truth:         [True]
[0]
tops_selected: [(0, <FatJet[0]>)]
<FatJet[0]>

-------------------------------------------------------------

event 295 taken
tops_over_thr: [(0, <TopLowPt[0]>)]
scores:        [0.5652625560760498]
truth:         [1.0]
[2 1 0]
tops_selected: [(0, <TopLowPt[0]>)]
<TopLowPt[0]>
event 295 taken
tops_over_thr: [(4, <TopHighPt[4]>), (1, <TopHighPt[1]>), (0, <TopHighPt[0]>), (3, <TopHighPt[3]>), (8, <TopHighPt[8]>), (11, <TopHighPt[11]>), (10, <TopHighPt[10]>)]
scores:        [0.9307726621627808, 0.8671969175338745, 0.8667528629302979, 0.8542256355285645, 0.8361774682998657, 0.826880156993866, 0.7714529037475586]
truth:         [1.0, 1.0, 1.0, 1.0, 0.0, 0.0, 0.0]
[2 1 0 - 0]
[2 0 -1 - 0]
[1 0 -1 - 0]
[2 1 0 - -1]
[3 1 0 - 0]
[3 2 0 - 0]
[3 2 0 - -1]
tops_selected: [(4, <TopHighPt[4]>)]
<TopHighPt[4]>
event 295 taken
No candidate found in cat.:      Merged

-------------------------------------------------------------

Event nr: 300
event 338 taken
No candidate found in cat.:      Resolved
event 338 taken
tops_over_thr: [(4, <TopHighPt[4]>)]
scores:        [0.8626328706741333]
truth:         [1.0]
[2 1 0 - 0]
tops_selected: [(4, <TopHighPt[4]>)]
<TopHighPt[4]>
event 338 taken
No candidate found in cat.:      Merged

-------------------------------------------------------------

event 380 taken
No candidate found in cat.:      Resolved
event 380 taken
No candidate found in cat.:      Mixed
event 380 taken
No candidate found in cat.:      Merged

-------------------------------------------------------------

event 386 taken
No candidate found in cat.:      Resolved
event 386 taken
No candidate found in cat.:      Mixed
event 386 taken
No candidate found in cat.:      Merged

-------------------------------------------------------------

event 398 taken
No candidate found in cat.:      Resolved
event 398 taken
No candidate found in cat.:      Mixed
event 398 taken
No candidate found in cat.:      Merged

-------------------------------------------------------------

Event nr: 400
event 404 taken
No candidate found in cat.:      Resolved
event 404 taken
No candidate found in cat.:      Mixed
event 404 taken
No candidate found in cat.:      Merged

-------------------------------------------------------------

event 410 taken
No candidate found in cat.:      Resolved
event 410 taken
tops_over_thr: [(38, <TopHighPt[38]>), (27, <TopHighPt[27]>), (32, <TopHighPt[32]>), (36, <TopHighPt[36]>), (122, <TopHighPt[122]>)]
scores:        [0.8764896392822266, 0.8161158561706543, 0.7743675708770752, 0.7714289426803589, 0.7681132555007935]
truth:         [0.0, 0.0, 0.0, 0.0, 0.0]
[4 2 1 - 1]
[4 1 -1 - 1]
[4 2 -1 - 1]
[4 2 1 - -1]
[6 4 1 - 1]
tops_selected: [(38, <TopHighPt[38]>)]
<TopHighPt[38]>
event 410 taken
No candidate found in cat.:      Merged

-------------------------------------------------------------

event 427 taken
No candidate found in cat.:      Resolved
event 427 taken
tops_over_thr: [(4, <TopHighPt[4]>), (1, <TopHighPt[1]>), (2, <TopHighPt[2]>)]
scores:        [0.9593068361282349, 0.8758779764175415, 0.8709226250648499]
truth:         [1.0, 1.0, 1.0]
[2 1 0 - 0]
[2 0 -1 - 0]
[2 1 -1 - 0]
tops_selected: [(4, <TopHighPt[4]>)]
<TopHighPt[4]>
event 427 taken
No candidate found in cat.:      Merged

-------------------------------------------------------------

event 456 taken
No candidate found in cat.:      Resolved
event 456 taken
tops_over_thr: [(106, <TopHighPt[106]>), (70, <TopHighPt[70]>), (105, <TopHighPt[105]>), (108, <TopHighPt[108]>), (104, <TopHighPt[104]>), (92, <TopHighPt[92]>)]
scores:        [0.9235056638717651, 0.8361479043960571, 0.8130735754966736, 0.7734366655349731, 0.7689932584762573, 0.761626124382019]
truth:         [0.0, 0.0, 0.0, 0.0, 0.0, 0.0]
[6 3 0 - 1]
[5 3 1 - 1]
[6 3 0 - 0]
[6 3 1 - 0]
[6 3 0 - -1]
[6 1 0 - 0]
tops_selected: [(106, <TopHighPt[106]>)]
<TopHighPt[106]>
event 456 taken
tops_over_thr: [(0, <FatJet[0]>)]
scores:        [0.9853515625]
truth:         [False]
[0]
tops_selected: [(0, <FatJet[0]>)]
<FatJet[0]>

-------------------------------------------------------------

event 474 taken
tops_over_thr: [(19, <TopLowPt[19]>), (18, <TopLowPt[18]>)]
scores:        [0.6573188304901123, 0.553803563117981]
truth:         [0.0, 0.0]
[5 4 3]
[5 4 2]
tops_selected: [(19, <TopLowPt[19]>)]
<TopLowPt[19]>
event 474 taken
tops_over_thr: [(4, <TopHighPt[4]>), (0, <TopHighPt[0]>), (1, <TopHighPt[1]>), (3, <TopHighPt[3]>), (2, <TopHighPt[2]>)]
scores:        [0.945862889289856, 0.9005039930343628, 0.8916574120521545, 0.8887995481491089, 0.8762933015823364]
truth:         [0.0, 1.0, 0.0, 0.0, 0.0]
[2 1 0 - 0]
[1 0 -1 - 0]
[2 0 -1 - 0]
[2 1 0 - -1]
[2 1 -1 - 0]
tops_selected: [(4, <TopHighPt[4]>)]
<TopHighPt[4]>
event 474 taken
tops_over_thr: [(0, <FatJet[0]>)]
scores:        [0.9990234375]
truth:         [True]
[0]
tops_selected: [(0, <FatJet[0]>)]
<FatJet[0]>

-------------------------------------------------------------

event 484 taken
No candidate found in cat.:      Resolved
event 484 taken
tops_over_thr: [(4, <TopHighPt[4]>)]
scores:        [0.8156836032867432]
truth:         [0.0]
[2 1 0 - 0]
tops_selected: [(4, <TopHighPt[4]>)]
<TopHighPt[4]>
event 484 taken
No candidate found in cat.:      Merged

-------------------------------------------------------------

event 490 taken
No candidate found in cat.:      Resolved
event 490 taken
No candidate found in cat.:      Mixed
event 490 taken
No candidate found in cat.:      Merged

-------------------------------------------------------------

Event nr: 500
event 504 taken
tops_over_thr: [(0, <TopLowPt[0]>), (18, <TopLowPt[18]>)]
scores:        [0.709924578666687, 0.6033796668052673]
truth:         [1.0, 0.0]
[2 1 0]
[5 4 2]
tops_selected: [(0, <TopLowPt[0]>)]
<TopLowPt[0]>
event 504 taken
tops_over_thr: [(4, <TopHighPt[4]>), (2, <TopHighPt[2]>), (1, <TopHighPt[1]>), (3, <TopHighPt[3]>)]
scores:        [0.9644389152526855, 0.9175240397453308, 0.8750906586647034, 0.8691726326942444]
truth:         [1.0, 1.0, 1.0, 1.0]
[2 1 0 - 0]
[2 1 -1 - 0]
[2 0 -1 - 0]
[2 1 0 - -1]
tops_selected: [(4, <TopHighPt[4]>)]
<TopHighPt[4]>
event 504 taken
No candidate found in cat.:      Merged

-------------------------------------------------------------

event 524 taken
No candidate found in cat.:      Resolved
event 524 taken
No candidate found in cat.:      Mixed
event 524 taken
No candidate found in cat.:      Merged

-------------------------------------------------------------

event 534 taken
tops_over_thr: [(15, <TopLowPt[15]>), (9, <TopLowPt[9]>), (18, <TopLowPt[18]>)]
scores:        [0.7042365670204163, 0.6779305934906006, 0.6525266170501709]
truth:         [0.0, 0.0, 0.0]
[5 3 2]
[4 3 2]
[5 4 2]
tops_selected: [(15, <TopLowPt[15]>)]
<TopLowPt[15]>
event 534 taken
No candidate found in cat.:      Mixed
event 534 taken
No candidate found in cat.:      Merged

-------------------------------------------------------------

event 535 taken
No candidate found in cat.:      Resolved
event 535 taken
tops_over_thr: [(4, <TopHighPt[4]>), (0, <TopHighPt[0]>), (2, <TopHighPt[2]>), (1, <TopHighPt[1]>), (3, <TopHighPt[3]>)]
scores:        [0.9671995639801025, 0.9627454280853271, 0.9378882050514221, 0.9308551549911499, 0.9074843525886536]
truth:         [1.0, 1.0, 1.0, 1.0, 1.0]
[2 1 0 - 0]
[1 0 -1 - 0]
[2 1 -1 - 0]
[2 0 -1 - 0]
[2 1 0 - -1]
tops_selected: [(4, <TopHighPt[4]>)]
<TopHighPt[4]>
event 535 taken
tops_over_thr: [(0, <FatJet[0]>)]
scores:        [0.99755859375]
truth:         [True]
[0]
tops_selected: [(0, <FatJet[0]>)]
<FatJet[0]>

-------------------------------------------------------------

event 552 taken
No candidate found in cat.:      Resolved
event 552 taken
tops_over_thr: [(0, <TopHighPt[0]>)]
scores:        [0.9287517070770264]
truth:         [1.0]
[1 0 -1 - 0]
tops_selected: [(0, <TopHighPt[0]>)]
<TopHighPt[0]>
event 552 taken
tops_over_thr: [(0, <FatJet[0]>)]
scores:        [0.9990234375]
truth:         [True]
[0]
tops_selected: [(0, <FatJet[0]>)]
<FatJet[0]>

-------------------------------------------------------------

event 557 taken
tops_over_thr: [(6, <TopLowPt[6]>)]
scores:        [0.5839719772338867]
truth:         [1.0]
[4 2 1]
tops_selected: [(6, <TopLowPt[6]>)]
<TopLowPt[6]>
event 557 taken
No candidate found in cat.:      Mixed
event 557 taken
No candidate found in cat.:      Merged

-------------------------------------------------------------

event 558 taken
No candidate found in cat.:      Resolved
event 558 taken
No candidate found in cat.:      Mixed
event 558 taken
No candidate found in cat.:      Merged

-------------------------------------------------------------

event 567 taken
No candidate found in cat.:      Resolved
event 567 taken
No candidate found in cat.:      Mixed
event 567 taken
No candidate found in cat.:      Merged

-------------------------------------------------------------

event 583 taken
No candidate found in cat.:      Resolved
event 583 taken
No candidate found in cat.:      Mixed
event 583 taken
No candidate found in cat.:      Merged

-------------------------------------------------------------

Event nr: 600
event 600 taken
No candidate found in cat.:      Resolved
event 600 taken
No candidate found in cat.:      Mixed
event 600 taken
No candidate found in cat.:      Merged

-------------------------------------------------------------

event 609 taken
No candidate found in cat.:      Resolved
event 609 taken
No candidate found in cat.:      Mixed
event 609 taken
No candidate found in cat.:      Merged

-------------------------------------------------------------

event 636 taken
No candidate found in cat.:      Resolved
event 636 taken
No candidate found in cat.:      Mixed
event 636 taken
No candidate found in cat.:      Merged

-------------------------------------------------------------

event 639 taken
No candidate found in cat.:      Resolved
event 639 taken
tops_over_thr: [(7, <TopHighPt[7]>), (8, <TopHighPt[8]>)]
scores:        [0.7974278926849365, 0.7955170273780823]
truth:         [1.0, 1.0]
[3 1 0 - -1]
[3 1 0 - 0]
tops_selected: [(7, <TopHighPt[7]>)]
<TopHighPt[7]>
event 639 taken
No candidate found in cat.:      Merged

-------------------------------------------------------------

event 658 taken
No candidate found in cat.:      Resolved
event 658 taken
No candidate found in cat.:      Mixed
event 658 taken
No candidate found in cat.:      Merged

-------------------------------------------------------------

event 668 taken
No candidate found in cat.:      Resolved
event 668 taken
No candidate found in cat.:      Mixed
event 668 taken
No candidate found in cat.:      Merged

-------------------------------------------------------------

event 682 taken
No candidate found in cat.:      Resolved
event 682 taken
tops_over_thr: [(4, <TopHighPt[4]>), (0, <TopHighPt[0]>), (2, <TopHighPt[2]>), (3, <TopHighPt[3]>)]
scores:        [0.9722610712051392, 0.944010853767395, 0.9187862277030945, 0.8493887186050415]
truth:         [1.0, 1.0, 1.0, 1.0]
[2 1 0 - 0]
[1 0 -1 - 0]
[2 1 -1 - 0]
[2 1 0 - -1]
tops_selected: [(4, <TopHighPt[4]>)]
<TopHighPt[4]>
event 682 taken
No candidate found in cat.:      Merged

-------------------------------------------------------------

event 692 taken
No candidate found in cat.:      Resolved
event 692 taken
No candidate found in cat.:      Mixed
event 692 taken
No candidate found in cat.:      Merged

-------------------------------------------------------------

Event nr: 700
event 723 taken
No candidate found in cat.:      Resolved
event 723 taken
tops_over_thr: [(0, <TopHighPt[0]>)]
scores:        [0.9072318077087402]
truth:         [1.0]
[2 1 0 - -1]
tops_selected: [(0, <TopHighPt[0]>)]
<TopHighPt[0]>
event 723 taken
No candidate found in cat.:      Merged

-------------------------------------------------------------

event 727 taken
No candidate found in cat.:      Resolved
event 727 taken
No candidate found in cat.:      Mixed
event 727 taken
No candidate found in cat.:      Merged

-------------------------------------------------------------

event 736 taken
No candidate found in cat.:      Resolved
event 736 taken
No candidate found in cat.:      Mixed
event 736 taken
No candidate found in cat.:      Merged

-------------------------------------------------------------

event 738 taken
No candidate found in cat.:      Resolved
event 738 taken
No candidate found in cat.:      Mixed
event 738 taken
No candidate found in cat.:      Merged

-------------------------------------------------------------

event 748 taken
No candidate found in cat.:      Resolved
event 748 taken
No candidate found in cat.:      Mixed
event 748 taken
No candidate found in cat.:      Merged

-------------------------------------------------------------

event 757 taken
No candidate found in cat.:      Resolved
event 757 taken
tops_over_thr: [(4, <TopHighPt[4]>), (0, <TopHighPt[0]>), (2, <TopHighPt[2]>), (3, <TopHighPt[3]>)]
scores:        [0.9514757394790649, 0.8986936807632446, 0.815498948097229, 0.789172887802124]
truth:         [1.0, 1.0, 1.0, 1.0]
[2 1 0 - 0]
[1 0 -1 - 0]
[2 1 -1 - 0]
[2 1 0 - -1]
tops_selected: [(4, <TopHighPt[4]>)]
<TopHighPt[4]>
event 757 taken
No candidate found in cat.:      Merged

-------------------------------------------------------------

event 780 taken
No candidate found in cat.:      Resolved
event 780 taken
No candidate found in cat.:      Mixed
event 780 taken
No candidate found in cat.:      Merged

-------------------------------------------------------------

Event nr: 800
event 822 taken
No candidate found in cat.:      Resolved
event 822 taken
tops_over_thr: [(21, <TopHighPt[21]>)]
scores:        [0.8086264133453369]
truth:         [0.0]
[3 2 1 - -1]
tops_selected: [(21, <TopHighPt[21]>)]
<TopHighPt[21]>
event 822 taken
No candidate found in cat.:      Merged

-------------------------------------------------------------

event 863 taken
No candidate found in cat.:      Resolved
event 863 taken
No candidate found in cat.:      Mixed
event 863 taken
No candidate found in cat.:      Merged

-------------------------------------------------------------

event 874 taken
No candidate found in cat.:      Resolved
event 874 taken
tops_over_thr: [(4, <TopHighPt[4]>)]
scores:        [0.8332937955856323]
truth:         [0.0]
[2 1 -1 - 0]
tops_selected: [(4, <TopHighPt[4]>)]
<TopHighPt[4]>
event 874 taken
tops_over_thr: [(0, <FatJet[0]>)]
scores:        [0.9921875]
truth:         [False]
[0]
tops_selected: [(0, <FatJet[0]>)]
<FatJet[0]>

-------------------------------------------------------------

event 879 taken
No candidate found in cat.:      Resolved
event 879 taken
tops_over_thr: [(4, <TopHighPt[4]>), (0, <TopHighPt[0]>)]
scores:        [0.873578667640686, 0.8276503086090088]
truth:         [1.0, 1.0]
[2 1 0 - 0]
[1 0 -1 - 0]
tops_selected: [(4, <TopHighPt[4]>)]
<TopHighPt[4]>
event 879 taken
No candidate found in cat.:      Merged

-------------------------------------------------------------

event 881 taken
No candidate found in cat.:      Resolved
event 881 taken
No candidate found in cat.:      Mixed
event 881 taken
No candidate found in cat.:      Merged

-------------------------------------------------------------

event 894 taken
No candidate found in cat.:      Resolved
event 894 taken
tops_over_thr: [(19, <TopHighPt[19]>), (20, <TopHighPt[20]>)]
scores:        [0.7929989099502563, 0.7816575765609741]
truth:         [1.0, 1.0]
[4 2 0 - -1]
[4 2 0 - 0]
tops_selected: [(19, <TopHighPt[19]>)]
<TopHighPt[19]>
event 894 taken
No candidate found in cat.:      Merged

-------------------------------------------------------------

Event nr: 900
event 923 taken
No candidate found in cat.:      Resolved
event 923 taken
tops_over_thr: [(38, <TopHighPt[38]>), (36, <TopHighPt[36]>), (32, <TopHighPt[32]>), (27, <TopHighPt[27]>)]
scores:        [0.9634858965873718, 0.9442989826202393, 0.9273220300674438, 0.9263995289802551]
truth:         [1.0, 1.0, 1.0, 1.0]
[4 2 1 - 1]
[4 2 1 - -1]
[4 2 -1 - 1]
[4 1 -1 - 1]
tops_selected: [(38, <TopHighPt[38]>)]
<TopHighPt[38]>
event 923 taken
No candidate found in cat.:      Merged

-------------------------------------------------------------

event 932 taken
No candidate found in cat.:      Resolved
event 932 taken
tops_over_thr: [(8, <TopHighPt[8]>), (6, <TopHighPt[6]>), (5, <TopHighPt[5]>), (7, <TopHighPt[7]>)]
scores:        [0.9711345434188843, 0.9387890100479126, 0.9236772060394287, 0.8691918253898621]
truth:         [1.0, 1.0, 1.0, 1.0]
[3 1 0 - 0]
[3 1 -1 - 0]
[3 0 -1 - 0]
[3 1 0 - -1]
tops_selected: [(8, <TopHighPt[8]>)]
<TopHighPt[8]>
event 932 taken
No candidate found in cat.:      Merged

-------------------------------------------------------------

event 991 taken
No candidate found in cat.:      Resolved
event 991 taken
tops_over_thr: [(34, <TopHighPt[34]>), (33, <TopHighPt[33]>), (24, <TopHighPt[24]>), (31, <TopHighPt[31]>), (2, <TopHighPt[2]>)]
scores:        [0.9699070453643799, 0.9427743554115295, 0.9289660453796387, 0.922680139541626, 0.8791459798812866]
truth:         [1.0, 1.0, 1.0, 1.0, 1.0]
[4 2 0 - 0]
[4 2 0 - -1]
[4 0 -1 - 0]
[4 2 -1 - 0]
[2 0 -1 - 0]
tops_selected: [(34, <TopHighPt[34]>)]
<TopHighPt[34]>
event 991 taken
tops_over_thr: [(0, <FatJet[0]>)]
scores:        [0.99853515625]
truth:         [True]
[0]
tops_selected: [(0, <FatJet[0]>)]
<FatJet[0]>

-------------------------------------------------------------

TT_semilep_2018
Event nr: 0
event 17 taken
No candidate found in cat.:      Resolved
event 17 taken
No candidate found in cat.:      Mixed
event 17 taken
No candidate found in cat.:      Merged

-------------------------------------------------------------

event 29 taken
No candidate found in cat.:      Resolved
event 29 taken
No candidate found in cat.:      Mixed
event 29 taken
No candidate found in cat.:      Merged

-------------------------------------------------------------

event 42 taken
No candidate found in cat.:      Resolved
event 42 taken
No candidate found in cat.:      Mixed
event 42 taken
No candidate found in cat.:      Merged

-------------------------------------------------------------

event 49 taken
tops_over_thr: [(0, <TopLowPt[0]>)]
scores:        [0.6767739653587341]
truth:         [1.0]
[2 1 0]
tops_selected: [(0, <TopLowPt[0]>)]
<TopLowPt[0]>
event 49 taken
No candidate found in cat.:      Mixed
event 49 taken
No candidate found in cat.:      Merged

-------------------------------------------------------------

event 53 taken
No candidate found in cat.:      Resolved
event 53 taken
No candidate found in cat.:      Mixed
event 53 taken
No candidate found in cat.:      Merged

-------------------------------------------------------------

event 55 taken
No candidate found in cat.:      Resolved
event 55 taken
No candidate found in cat.:      Mixed
event 55 taken
No candidate found in cat.:      Merged

-------------------------------------------------------------

event 69 taken
tops_over_thr: [(24, <TopLowPt[24]>), (20, <TopLowPt[20]>)]
scores:        [0.7260689735412598, 0.677678108215332]
truth:         [1.0, 0.0]
[6 3 1]
[6 1 0]
tops_selected: [(24, <TopLowPt[24]>)]
<TopLowPt[24]>
event 69 taken
tops_over_thr: [(55, <TopHighPt[55]>), (53, <TopHighPt[53]>), (52, <TopHighPt[52]>), (54, <TopHighPt[54]>)]
scores:        [0.9567065238952637, 0.9232733249664307, 0.9190529584884644, 0.8489400148391724]
truth:         [0.0, 0.0, 0.0, 0.0]
[6 1 0 - 0]
[6 1 -1 - 0]
[6 0 -1 - 0]
[6 1 0 - -1]
tops_selected: [(55, <TopHighPt[55]>)]
<TopHighPt[55]>
event 69 taken
No candidate found in cat.:      Merged

-------------------------------------------------------------

event 76 taken
tops_over_thr: [(2, <TopLowPt[2]>)]
scores:        [0.5565626621246338]
truth:         [0.0]
[3 2 0]
tops_selected: [(2, <TopLowPt[2]>)]
<TopLowPt[2]>
event 76 taken
tops_over_thr: [(5, <TopHighPt[5]>)]
scores:        [0.7952959537506104]
truth:         [0.0]
[4 2 0 - -1]
tops_selected: [(5, <TopHighPt[5]>)]
<TopHighPt[5]>
event 76 taken
No candidate found in cat.:      Merged

-------------------------------------------------------------

event 83 taken
No candidate found in cat.:      Resolved
event 83 taken
No candidate found in cat.:      Mixed
event 83 taken
No candidate found in cat.:      Merged

-------------------------------------------------------------

event 86 taken
tops_over_thr: [(3, <TopLowPt[3]>), (1, <TopLowPt[1]>)]
scores:        [0.826732873916626, 0.7004022598266602]
truth:         [0.0, 1.0]
[3 2 1]
[3 1 0]
tops_selected: [(3, <TopLowPt[3]>)]
<TopLowPt[3]>
event 86 taken
No candidate found in cat.:      Mixed
event 86 taken
No candidate found in cat.:      Merged

-------------------------------------------------------------

Event nr: 100
event 100 taken
No candidate found in cat.:      Resolved
event 100 taken
No candidate found in cat.:      Mixed
event 100 taken
No candidate found in cat.:      Merged

-------------------------------------------------------------

event 108 taken
No candidate found in cat.:      Resolved
event 108 taken
No candidate found in cat.:      Mixed
event 108 taken
No candidate found in cat.:      Merged

-------------------------------------------------------------

event 115 taken
tops_over_thr: [(13, <TopLowPt[13]>), (16, <TopLowPt[16]>), (10, <TopLowPt[10]>), (31, <TopLowPt[31]>), (14, <TopLowPt[14]>), (17, <TopLowPt[17]>), (19, <TopLowPt[19]>), (7, <TopLowPt[7]>), (4, <TopLowPt[4]>)]
scores:        [0.7143178582191467, 0.6597493290901184, 0.635055661201477, 0.6321331262588501, 0.6188853979110718, 0.6120527386665344, 0.6101820468902588, 0.6075066924095154, 0.5763536095619202]
truth:         [0.0, 0.0, 1.0, 0.0, 0.0, 0.0, 0.0, 0.0, 0.0]
[5 3 0]
[5 4 0]
[5 1 0]
[6 5 1]
[5 3 1]
[5 4 1]
[5 4 3]
[4 3 0]
[4 1 0]
tops_selected: [(13, <TopLowPt[13]>)]
<TopLowPt[13]>
event 115 taken
tops_over_thr: [(9, <TopHighPt[9]>)]
scores:        [0.8475195169448853]
truth:         [1.0]
[5 1 0 - -1]
tops_selected: [(9, <TopHighPt[9]>)]
<TopHighPt[9]>
event 115 taken
No candidate found in cat.:      Merged

-------------------------------------------------------------

event 122 taken
No candidate found in cat.:      Resolved
event 122 taken
No candidate found in cat.:      Mixed
event 122 taken
No candidate found in cat.:      Merged

-------------------------------------------------------------

event 129 taken
No candidate found in cat.:      Resolved
event 129 taken
tops_over_thr: [(8, <TopHighPt[8]>), (0, <TopHighPt[0]>), (6, <TopHighPt[6]>), (25, <TopHighPt[25]>)]
scores:        [0.9171024560928345, 0.893951416015625, 0.8660869598388672, 0.8449277877807617]
truth:         [0.0, 0.0, 0.0, 0.0]
[3 1 0 - 0]
[1 0 -1 - 0]
[3 1 -1 - 0]
[4 3 0 - 0]
tops_selected: [(8, <TopHighPt[8]>)]
<TopHighPt[8]>
event 129 taken
No candidate found in cat.:      Merged

-------------------------------------------------------------

event 134 taken
No candidate found in cat.:      Resolved
event 134 taken
tops_over_thr: [(8, <TopHighPt[8]>), (5, <TopHighPt[5]>)]
scores:        [0.9172807931900024, 0.7890455722808838]
truth:         [1.0, 1.0]
[3 1 0 - 0]
[3 0 -1 - 0]
tops_selected: [(8, <TopHighPt[8]>)]
<TopHighPt[8]>
event 134 taken
No candidate found in cat.:      Merged

-------------------------------------------------------------

event 147 taken
tops_over_thr: [(2, <TopLowPt[2]>), (3, <TopLowPt[3]>)]
scores:        [0.6121795773506165, 0.5423507690429688]
truth:         [0.0, 0.0]
[3 2 0]
[3 2 1]
tops_selected: [(2, <TopLowPt[2]>)]
<TopLowPt[2]>
event 147 taken
No candidate found in cat.:      Mixed
event 147 taken
No candidate found in cat.:      Merged

-------------------------------------------------------------

event 165 taken
tops_over_thr: [(1, <TopLowPt[1]>)]
scores:        [0.6259443163871765]
truth:         [0.0]
[3 1 0]
tops_selected: [(1, <TopLowPt[1]>)]
<TopLowPt[1]>
event 165 taken
No candidate found in cat.:      Mixed
event 165 taken
No candidate found in cat.:      Merged

-------------------------------------------------------------

event 172 taken
No candidate found in cat.:      Resolved
event 172 taken
No candidate found in cat.:      Mixed
event 172 taken
No candidate found in cat.:      Merged

-------------------------------------------------------------

Event nr: 200
event 216 taken
No candidate found in cat.:      Resolved
event 216 taken
No candidate found in cat.:      Mixed
event 216 taken
No candidate found in cat.:      Merged

-------------------------------------------------------------

event 220 taken
tops_over_thr: [(7, <TopLowPt[7]>), (8, <TopLowPt[8]>), (4, <TopLowPt[4]>), (1, <TopLowPt[1]>)]
scores:        [0.8036844730377197, 0.7614604234695435, 0.7473869323730469, 0.5801968574523926]
truth:         [0.0, 0.0, 0.0, 0.0]
[4 3 0]
[4 3 1]
[4 1 0]
[3 1 0]
tops_selected: [(7, <TopLowPt[7]>)]
<TopLowPt[7]>
event 220 taken
tops_over_thr: [(8, <TopHighPt[8]>), (17, <TopHighPt[17]>), (16, <TopHighPt[16]>), (6, <TopHighPt[6]>)]
scores:        [0.9333258271217346, 0.874923825263977, 0.8185372352600098, 0.7745911478996277]
truth:         [0.0, 0.0, 0.0, 0.0]
[3 1 0 - 0]
[4 1 0 - 0]
[4 1 0 - -1]
[3 1 -1 - 0]
tops_selected: [(8, <TopHighPt[8]>)]
<TopHighPt[8]>
event 220 taken
No candidate found in cat.:      Merged

-------------------------------------------------------------

event 226 taken
No candidate found in cat.:      Resolved
event 226 taken
No candidate found in cat.:      Mixed
event 226 taken
No candidate found in cat.:      Merged

-------------------------------------------------------------

event 231 taken
tops_over_thr: [(3, <TopLowPt[3]>)]
scores:        [0.5473860502243042]
truth:         [0.0]
[3 2 1]
tops_selected: [(3, <TopLowPt[3]>)]
<TopLowPt[3]>
event 231 taken
tops_over_thr: [(3, <TopHighPt[3]>), (4, <TopHighPt[4]>)]
scores:        [0.8604249358177185, 0.7751734852790833]
truth:         [0.0, 0.0]
[2 1 0 - -1]
[2 1 0 - 0]
tops_selected: [(3, <TopHighPt[3]>)]
<TopHighPt[3]>
event 231 taken
No candidate found in cat.:      Merged

-------------------------------------------------------------

event 245 taken
No candidate found in cat.:      Resolved
event 245 taken
tops_over_thr: [(22, <TopHighPt[22]>), (18, <TopHighPt[18]>), (15, <TopHighPt[15]>), (21, <TopHighPt[21]>)]
scores:        [0.9451252818107605, 0.8788132071495056, 0.8673913478851318, 0.7721567153930664]
truth:         [1.0, 1.0, 1.0, 1.0]
[4 2 1 - 0]
[4 2 -1 - 0]
[4 1 -1 - 0]
[4 2 1 - -1]
tops_selected: [(22, <TopHighPt[22]>)]
<TopHighPt[22]>
event 245 taken
No candidate found in cat.:      Merged

-------------------------------------------------------------

event 250 taken
tops_over_thr: [(13, <TopLowPt[13]>), (7, <TopLowPt[7]>), (16, <TopLowPt[16]>), (10, <TopLowPt[10]>)]
scores:        [0.7106249928474426, 0.6584123373031616, 0.6527494788169861, 0.6204891204833984]
truth:         [0.0, 0.0, 0.0, 0.0]
[5 3 0]
[4 3 0]
[5 4 0]
[5 1 0]
tops_selected: [(13, <TopLowPt[13]>)]
<TopLowPt[13]>
event 250 taken
No candidate found in cat.:      Mixed
event 250 taken
No candidate found in cat.:      Merged

-------------------------------------------------------------

event 296 taken
No candidate found in cat.:      Resolved
event 296 taken
No candidate found in cat.:      Mixed
event 296 taken
No candidate found in cat.:      Merged

-------------------------------------------------------------

Event nr: 300
event 319 taken
No candidate found in cat.:      Resolved
event 319 taken
No candidate found in cat.:      Mixed
event 319 taken
No candidate found in cat.:      Merged

-------------------------------------------------------------

event 327 taken
No candidate found in cat.:      Resolved
event 327 taken
tops_over_thr: [(11, <TopHighPt[11]>)]
scores:        [0.8858791589736938]
truth:         [1.0]
[3 2 0 - 0]
tops_selected: [(11, <TopHighPt[11]>)]
<TopHighPt[11]>
event 327 taken
No candidate found in cat.:      Merged

-------------------------------------------------------------

event 338 taken
tops_over_thr: [(0, <TopLowPt[0]>)]
scores:        [0.7393970489501953]
truth:         [1.0]
[2 1 0]
tops_selected: [(0, <TopLowPt[0]>)]
<TopLowPt[0]>
event 338 taken
tops_over_thr: [(4, <TopHighPt[4]>), (1, <TopHighPt[1]>), (2, <TopHighPt[2]>), (3, <TopHighPt[3]>)]
scores:        [0.958551824092865, 0.9124304056167603, 0.910114049911499, 0.8455842733383179]
truth:         [1.0, 1.0, 1.0, 1.0]
[2 1 0 - 0]
[2 0 -1 - 0]
[2 1 -1 - 0]
[2 1 0 - -1]
tops_selected: [(4, <TopHighPt[4]>)]
<TopHighPt[4]>
event 338 taken
No candidate found in cat.:      Merged

-------------------------------------------------------------

event 398 taken
No candidate found in cat.:      Resolved
event 398 taken
No candidate found in cat.:      Mixed
event 398 taken
No candidate found in cat.:      Merged

-------------------------------------------------------------

Event nr: 400
event 401 taken
tops_over_thr: [(15, <TopLowPt[15]>), (13, <TopLowPt[13]>)]
scores:        [0.6065122485160828, 0.5656627416610718]
truth:         [0.0, 0.0]
[5 3 2]
[5 3 0]
tops_selected: [(15, <TopLowPt[15]>)]
<TopLowPt[15]>
event 401 taken
No candidate found in cat.:      Mixed
event 401 taken
No candidate found in cat.:      Merged

-------------------------------------------------------------

event 422 taken
No candidate found in cat.:      Resolved
event 422 taken
No candidate found in cat.:      Mixed
event 422 taken
No candidate found in cat.:      Merged

-------------------------------------------------------------

event 434 taken
No candidate found in cat.:      Resolved
event 434 taken
tops_over_thr: [(5, <TopHighPt[5]>)]
scores:        [0.793207049369812]
truth:         [0.0]
[2 1 -1 - 1]
tops_selected: [(5, <TopHighPt[5]>)]
<TopHighPt[5]>
event 434 taken
No candidate found in cat.:      Merged

-------------------------------------------------------------

event 444 taken
No candidate found in cat.:      Resolved
event 444 taken
No candidate found in cat.:      Mixed
event 444 taken
No candidate found in cat.:      Merged

-------------------------------------------------------------

event 470 taken
No candidate found in cat.:      Resolved
event 470 taken
No candidate found in cat.:      Mixed
event 470 taken
No candidate found in cat.:      Merged

-------------------------------------------------------------

event 479 taken
No candidate found in cat.:      Resolved
event 479 taken
No candidate found in cat.:      Mixed
event 479 taken
tops_over_thr: [(0, <FatJet[0]>)]
scores:        [0.9755859375]
truth:         [True]
[0]
tops_selected: [(0, <FatJet[0]>)]
<FatJet[0]>

-------------------------------------------------------------

Event nr: 500
event 500 taken
No candidate found in cat.:      Resolved
event 500 taken
tops_over_thr: [(4, <TopHighPt[4]>)]
scores:        [0.877345085144043]
truth:         [1.0]
[2 1 0 - 0]
tops_selected: [(4, <TopHighPt[4]>)]
<TopHighPt[4]>
event 500 taken
No candidate found in cat.:      Merged

-------------------------------------------------------------

event 514 taken
No candidate found in cat.:      Resolved
event 514 taken
tops_over_thr: [(40, <TopHighPt[40]>), (39, <TopHighPt[39]>)]
scores:        [0.8628110885620117, 0.7982469797134399]
truth:         [1.0, 1.0]
[5 3 0 - 0]
[5 3 0 - -1]
tops_selected: [(40, <TopHighPt[40]>)]
<TopHighPt[40]>
event 514 taken
No candidate found in cat.:      Merged

-------------------------------------------------------------

event 515 taken
No candidate found in cat.:      Resolved
event 515 taken
No candidate found in cat.:      Mixed
event 515 taken
No candidate found in cat.:      Merged

-------------------------------------------------------------

event 524 taken
No candidate found in cat.:      Resolved
event 524 taken
No candidate found in cat.:      Mixed
event 524 taken
No candidate found in cat.:      Merged

-------------------------------------------------------------

event 533 taken
No candidate found in cat.:      Resolved
event 533 taken
No candidate found in cat.:      Mixed
event 533 taken
No candidate found in cat.:      Merged

-------------------------------------------------------------

event 541 taken
No candidate found in cat.:      Resolved
event 541 taken
tops_over_thr: [(8, <TopHighPt[8]>)]
scores:        [0.8018463253974915]
truth:         [1.0]
[3 1 0 - 0]
tops_selected: [(8, <TopHighPt[8]>)]
<TopHighPt[8]>
event 541 taken
No candidate found in cat.:      Merged

-------------------------------------------------------------

event 547 taken
No candidate found in cat.:      Resolved
event 547 taken
No candidate found in cat.:      Mixed
event 547 taken
No candidate found in cat.:      Merged

-------------------------------------------------------------

event 555 taken
No candidate found in cat.:      Resolved
event 555 taken
No candidate found in cat.:      Mixed
event 555 taken
No candidate found in cat.:      Merged

-------------------------------------------------------------

event 581 taken
tops_over_thr: [(0, <TopLowPt[0]>), (2, <TopLowPt[2]>), (5, <TopLowPt[5]>)]
scores:        [0.6048746109008789, 0.5598593950271606, 0.5513003468513489]
truth:         [1.0, 0.0, 0.0]
[2 1 0]
[3 2 0]
[4 2 0]
tops_selected: [(0, <TopLowPt[0]>)]
<TopLowPt[0]>
event 581 taken
tops_over_thr: [(3, <TopHighPt[3]>), (4, <TopHighPt[4]>), (17, <TopHighPt[17]>)]
scores:        [0.9159029722213745, 0.824200451374054, 0.8142032027244568]
truth:         [1.0, 1.0, 0.0]
[2 1 0 - -1]
[2 1 0 - 0]
[4 1 0 - 0]
tops_selected: [(3, <TopHighPt[3]>)]
<TopHighPt[3]>
event 581 taken
No candidate found in cat.:      Merged

-------------------------------------------------------------

event 587 taken
No candidate found in cat.:      Resolved
event 587 taken
No candidate found in cat.:      Mixed
event 587 taken
No candidate found in cat.:      Merged

-------------------------------------------------------------

Event nr: 600
event 627 taken
tops_over_thr: [(1, <TopLowPt[1]>)]
scores:        [0.6357421278953552]
truth:         [1.0]
[3 1 0]
tops_selected: [(1, <TopLowPt[1]>)]
<TopLowPt[1]>
event 627 taken
No candidate found in cat.:      Mixed
event 627 taken
No candidate found in cat.:      Merged

-------------------------------------------------------------

event 651 taken
tops_over_thr: [(5, <TopLowPt[5]>), (7, <TopLowPt[7]>)]
scores:        [0.5989959836006165, 0.5915088653564453]
truth:         [0.0, 0.0]
[4 2 0]
[4 3 0]
tops_selected: [(5, <TopLowPt[5]>)]
<TopLowPt[5]>
event 651 taken
tops_over_thr: [(4, <TopHighPt[4]>), (1, <TopHighPt[1]>)]
scores:        [0.8703826665878296, 0.7877262830734253]
truth:         [1.0, 1.0]
[2 1 0 - 0]
[2 0 -1 - 0]
tops_selected: [(4, <TopHighPt[4]>)]
<TopHighPt[4]>
event 651 taken
No candidate found in cat.:      Merged

-------------------------------------------------------------

event 655 taken
No candidate found in cat.:      Resolved
event 655 taken
No candidate found in cat.:      Mixed
event 655 taken
No candidate found in cat.:      Merged

-------------------------------------------------------------

event 661 taken
No candidate found in cat.:      Resolved
event 661 taken
No candidate found in cat.:      Mixed
event 661 taken
No candidate found in cat.:      Merged

-------------------------------------------------------------

event 665 taken
No candidate found in cat.:      Resolved
event 665 taken
No candidate found in cat.:      Mixed
event 665 taken
No candidate found in cat.:      Merged

-------------------------------------------------------------

event 669 taken
No candidate found in cat.:      Resolved
event 669 taken
tops_over_thr: [(4, <TopHighPt[4]>), (8, <TopHighPt[8]>), (1, <TopHighPt[1]>), (5, <TopHighPt[5]>)]
scores:        [0.9395694732666016, 0.8891459703445435, 0.8876367211341858, 0.8546475768089294]
truth:         [0.0, 1.0, 0.0, 1.0]
[2 1 0 - 0]
[3 1 0 - 0]
[2 0 -1 - 0]
[3 0 -1 - 0]
tops_selected: [(4, <TopHighPt[4]>)]
<TopHighPt[4]>
event 669 taken
No candidate found in cat.:      Merged

-------------------------------------------------------------

event 676 taken
No candidate found in cat.:      Resolved
event 676 taken
No candidate found in cat.:      Mixed
event 676 taken
No candidate found in cat.:      Merged

-------------------------------------------------------------

event 681 taken
No candidate found in cat.:      Resolved
event 681 taken
tops_over_thr: [(36, <TopHighPt[36]>), (30, <TopHighPt[30]>), (62, <TopHighPt[62]>), (25, <TopHighPt[25]>), (35, <TopHighPt[35]>), (56, <TopHighPt[56]>), (51, <TopHighPt[51]>), (61, <TopHighPt[61]>)]
scores:        [0.9616026878356934, 0.9370112419128418, 0.9368689060211182, 0.924619197845459, 0.9044869542121887, 0.851057231426239, 0.7855184078216553, 0.7680397629737854]
truth:         [1.0, 1.0, 0.0, 1.0, 1.0, 0.0, 0.0, 0.0]
[4 2 1 - 0]
[4 2 -1 - 0]
[5 2 1 - 0]
[4 1 -1 - 0]
[4 2 1 - -1]
[5 2 -1 - 0]
[5 1 -1 - 0]
[5 2 1 - -1]
tops_selected: [(36, <TopHighPt[36]>)]
<TopHighPt[36]>
event 681 taken
No candidate found in cat.:      Merged

-------------------------------------------------------------

Event nr: 700
event 721 taken
tops_over_thr: [(0, <TopLowPt[0]>)]
scores:        [0.6016495227813721]
truth:         [0.0]
[2 1 0]
tops_selected: [(0, <TopLowPt[0]>)]
<TopLowPt[0]>
event 721 taken
No candidate found in cat.:      Mixed
event 721 taken
No candidate found in cat.:      Merged

-------------------------------------------------------------

event 731 taken
No candidate found in cat.:      Resolved
event 731 taken
No candidate found in cat.:      Mixed
event 731 taken
No candidate found in cat.:      Merged

-------------------------------------------------------------

event 737 taken
No candidate found in cat.:      Resolved
event 737 taken
No candidate found in cat.:      Mixed
event 737 taken
No candidate found in cat.:      Merged

-------------------------------------------------------------

event 797 taken
No candidate found in cat.:      Resolved
event 797 taken
tops_over_thr: [(4, <TopHighPt[4]>), (1, <TopHighPt[1]>), (2, <TopHighPt[2]>)]
scores:        [0.874468207359314, 0.7867616415023804, 0.759115993976593]
truth:         [0.0, 0.0, 0.0]
[2 1 0 - 0]
[2 0 -1 - 0]
[2 1 -1 - 0]
tops_selected: [(4, <TopHighPt[4]>)]
<TopHighPt[4]>
event 797 taken
No candidate found in cat.:      Merged

-------------------------------------------------------------

Event nr: 800
event 817 taken
No candidate found in cat.:      Resolved
event 817 taken
tops_over_thr: [(11, <TopHighPt[11]>), (9, <TopHighPt[9]>), (5, <TopHighPt[5]>)]
scores:        [0.9188684225082397, 0.853756844997406, 0.8478981256484985]
truth:         [1.0, 1.0, 1.0]
[3 2 0 - 0]
[3 2 -1 - 0]
[3 0 -1 - 0]
tops_selected: [(11, <TopHighPt[11]>)]
<TopHighPt[11]>
event 817 taken
No candidate found in cat.:      Merged

-------------------------------------------------------------

event 830 taken
No candidate found in cat.:      Resolved
event 830 taken
No candidate found in cat.:      Mixed
event 830 taken
No candidate found in cat.:      Merged

-------------------------------------------------------------

event 851 taken
No candidate found in cat.:      Resolved
event 851 taken
No candidate found in cat.:      Mixed
event 851 taken
No candidate found in cat.:      Merged

-------------------------------------------------------------

event 862 taken
No candidate found in cat.:      Resolved
event 862 taken
No candidate found in cat.:      Mixed
event 862 taken
No candidate found in cat.:      Merged

-------------------------------------------------------------

event 877 taken
No candidate found in cat.:      Resolved
event 877 taken
No candidate found in cat.:      Mixed
event 877 taken
No candidate found in cat.:      Merged

-------------------------------------------------------------

event 885 taken
No candidate found in cat.:      Resolved
event 885 taken
No candidate found in cat.:      Mixed
event 885 taken
No candidate found in cat.:      Merged

-------------------------------------------------------------

event 890 taken
tops_over_thr: [(0, <TopLowPt[0]>), (1, <TopLowPt[1]>)]
scores:        [0.7223188281059265, 0.6130387187004089]
truth:         [1.0, 0.0]
[2 1 0]
[3 1 0]
tops_selected: [(0, <TopLowPt[0]>)]
<TopLowPt[0]>
event 890 taken
No candidate found in cat.:      Mixed
event 890 taken
No candidate found in cat.:      Merged

-------------------------------------------------------------

event 898 taken
No candidate found in cat.:      Resolved
event 898 taken
No candidate found in cat.:      Mixed
event 898 taken
No candidate found in cat.:      Merged

-------------------------------------------------------------

event 899 taken
No candidate found in cat.:      Resolved
event 899 taken
No candidate found in cat.:      Mixed
event 899 taken
No candidate found in cat.:      Merged

-------------------------------------------------------------

Event nr: 900
event 909 taken
No candidate found in cat.:      Resolved
event 909 taken
No candidate found in cat.:      Mixed
event 909 taken
No candidate found in cat.:      Merged

-------------------------------------------------------------

event 910 taken
tops_over_thr: [(1, <TopLowPt[1]>)]
scores:        [0.6522449851036072]
truth:         [1.0]
[3 1 0]
tops_selected: [(1, <TopLowPt[1]>)]
<TopLowPt[1]>
event 910 taken
tops_over_thr: [(8, <TopHighPt[8]>), (6, <TopHighPt[6]>), (5, <TopHighPt[5]>)]
scores:        [0.9052196741104126, 0.8127049803733826, 0.7911380529403687]
truth:         [1.0, 1.0, 1.0]
[3 1 0 - 0]
[3 1 -1 - 0]
[3 0 -1 - 0]
tops_selected: [(8, <TopHighPt[8]>)]
<TopHighPt[8]>
event 910 taken
No candidate found in cat.:      Merged

-------------------------------------------------------------

event 913 taken
tops_over_thr: [(0, <TopLowPt[0]>), (1, <TopLowPt[1]>)]
scores:        [0.623285710811615, 0.5515561699867249]
truth:         [0.0, 1.0]
[2 1 0]
[3 1 0]
tops_selected: [(0, <TopLowPt[0]>)]
<TopLowPt[0]>
event 913 taken
No candidate found in cat.:      Mixed
event 913 taken
No candidate found in cat.:      Merged

-------------------------------------------------------------

event 919 taken
No candidate found in cat.:      Resolved
event 919 taken
No candidate found in cat.:      Mixed
event 919 taken
tops_over_thr: [(0, <FatJet[0]>)]
scores:        [0.99560546875]
truth:         [False]
[0]
tops_selected: [(0, <FatJet[0]>)]
<FatJet[0]>

-------------------------------------------------------------

event 962 taken
No candidate found in cat.:      Resolved
event 962 taken
No candidate found in cat.:      Mixed
event 962 taken
No candidate found in cat.:      Merged

-------------------------------------------------------------

event 965 taken
No candidate found in cat.:      Resolved
event 965 taken
tops_over_thr: [(60, <TopHighPt[60]>)]
scores:        [0.8338987827301025]
truth:         [1.0]
[5 2 0 - 0]
tops_selected: [(60, <TopHighPt[60]>)]
<TopHighPt[60]>
event 965 taken
No candidate found in cat.:      Merged

-------------------------------------------------------------

event 973 taken
No candidate found in cat.:      Resolved
event 973 taken
No candidate found in cat.:      Mixed
event 973 taken
No candidate found in cat.:      Merged

-------------------------------------------------------------

event 980 taken
tops_over_thr: [(0, <TopLowPt[0]>)]
scores:        [0.6733201742172241]
truth:         [1.0]
[2 1 0]
tops_selected: [(0, <TopLowPt[0]>)]
<TopLowPt[0]>
event 980 taken
No candidate found in cat.:      Mixed
event 980 taken
No candidate found in cat.:      Merged

-------------------------------------------------------------

event 982 taken
No candidate found in cat.:      Resolved
event 982 taken
tops_over_thr: [(31, <TopHighPt[31]>), (29, <TopHighPt[29]>), (42, <TopHighPt[42]>)]
scores:        [0.8938214778900146, 0.7813729047775269, 0.7619390487670898]
truth:         [0.0, 0.0, 0.0]
[4 2 1 - 1]
[4 2 1 - -1]
[4 3 2 - 1]
tops_selected: [(31, <TopHighPt[31]>)]
<TopHighPt[31]>
event 982 taken
No candidate found in cat.:      Merged

-------------------------------------------------------------

event 983 taken
tops_over_thr: [(7, <TopLowPt[7]>)]
scores:        [0.5723330974578857]
truth:         [0.0]
[4 3 0]
tops_selected: [(7, <TopLowPt[7]>)]
<TopLowPt[7]>
event 983 taken
No candidate found in cat.:      Mixed
event 983 taken
No candidate found in cat.:      Merged

-------------------------------------------------------------

event 990 taken
tops_over_thr: [(9, <TopLowPt[9]>), (15, <TopLowPt[15]>), (14, <TopLowPt[14]>), (8, <TopLowPt[8]>), (3, <TopLowPt[3]>), (18, <TopLowPt[18]>), (10, <TopLowPt[10]>)]
scores:        [0.7874696254730225, 0.7718696594238281, 0.7620913982391357, 0.7207371592521667, 0.6206791996955872, 0.6139910817146301, 0.5991546511650085]
truth:         [0.0, 0.0, 0.0, 0.0, 0.0, 0.0, 0.0]
[4 3 2]
[5 3 2]
[5 3 1]
[4 3 1]
[3 2 1]
[5 4 2]
[5 1 0]
tops_selected: [(9, <TopLowPt[9]>), (10, <TopLowPt[10]>)]
<TopLowPt[9]>
<TopLowPt[10]>
event 990 taken
tops_over_thr: [(8, <TopHighPt[8]>), (25, <TopHighPt[25]>), (39, <TopHighPt[39]>), (6, <TopHighPt[6]>), (7, <TopHighPt[7]>), (31, <TopHighPt[31]>)]
scores:        [0.8798213005065918, 0.8147025108337402, 0.811979353427887, 0.7968170642852783, 0.7902178764343262, 0.7636545896530151]
truth:         [1.0, 0.0, 0.0, 1.0, 1.0, 0.0]
[3 1 0 - 0]
[4 3 1 - 0]
[5 3 0 - 0]
[3 1 -1 - 0]
[3 1 0 - -1]
[5 1 0 - 0]
tops_selected: [(8, <TopHighPt[8]>)]
<TopHighPt[8]>
event 990 taken
No candidate found in cat.:      Merged

-------------------------------------------------------------

TT_hadr_2018
Event nr: 0
Event nr: 100
Event nr: 200
Event nr: 300
Event nr: 400
Event nr: 500
Event nr: 600
