000 (5530589.000.000) 05/24 11:54:01 Job submitted from host: <137.138.44.55:9618?addrs=137.138.44.55-9618+[2001-1458-d00-1a--48]-9618&alias=bigbird17.cern.ch&noUDP&sock=schedd_1927_5717>
...
040 (5530589.000.000) 05/24 11:56:35 Started transferring input files
	Transferring to host: <128.142.58.38:9618?addrs=128.142.58.38-9618+[2001-1458-301-16--100-25]-9618&alias=b7s03p9637.cern.ch&noUDP&sock=slot1_17_3215_021c_43738>
...
040 (5530589.000.000) 05/24 11:56:35 Finished transferring input files
...
001 (5530589.000.000) 05/24 11:56:36 Job executing on host: <128.142.58.38:9618?addrs=128.142.58.38-9618+[2001-1458-301-16--100-25]-9618&alias=b7s03p9637.cern.ch&noUDP&sock=startd_2928_f164>
...
006 (5530589.000.000) 05/24 11:56:45 Image size of job updated: 126388
	6  -  MemoryUsage of job (MB)
	5560  -  ResidentSetSize of job (KB)
...
006 (5530589.000.000) 05/24 11:57:13 Image size of job updated: 856588
	6  -  MemoryUsage of job (MB)
	5560  -  ResidentSetSize of job (KB)
...
040 (5530589.000.000) 05/24 11:57:13 Started transferring output files
...
040 (5530589.000.000) 05/24 11:57:13 Finished transferring output files
...
005 (5530589.000.000) 05/24 11:57:13 Job terminated.
	(1) Normal termination (return value 1)
		Usr 0 00:00:03, Sys 0 00:00:01  -  Run Remote Usage
		Usr 0 00:00:00, Sys 0 00:00:00  -  Run Local Usage
		Usr 0 00:00:03, Sys 0 00:00:01  -  Total Remote Usage
		Usr 0 00:00:00, Sys 0 00:00:00  -  Total Local Usage
	6425  -  Run Bytes Sent By Job
	10620  -  Run Bytes Received By Job
	6425  -  Total Bytes Sent By Job
	10620  -  Total Bytes Received By Job
	Partitionable Resources :    Usage  Request Allocated 
	   Cpus                 :                 1         1 
	   Disk (KB)            :       31       12   1181659 
	   Memory (MB)          :        6     2000      2000 

	Job terminated of its own accord at 2023-05-24T09:57:13Z.
...
000 (5530641.000.000) 05/24 12:03:29 Job submitted from host: <137.138.44.55:9618?addrs=137.138.44.55-9618+[2001-1458-d00-1a--48]-9618&alias=bigbird17.cern.ch&noUDP&sock=schedd_1927_5717>
...
040 (5530641.000.000) 05/24 12:09:02 Started transferring input files
	Transferring to host: <128.142.58.122:9618?addrs=128.142.58.122-9618+[2001-1458-301-16--100-79]-9618&alias=b7s03p5500.cern.ch&noUDP&sock=slot1_30_46407_adf8_41264>
...
040 (5530641.000.000) 05/24 12:09:02 Finished transferring input files
...
001 (5530641.000.000) 05/24 12:09:03 Job executing on host: <128.142.58.122:9618?addrs=128.142.58.122-9618+[2001-1458-301-16--100-79]-9618&alias=b7s03p5500.cern.ch&noUDP&sock=startd_44925_644b>
...
006 (5530641.000.000) 05/24 12:09:12 Image size of job updated: 829912
	139  -  MemoryUsage of job (MB)
	142176  -  ResidentSetSize of job (KB)
...
006 (5530641.000.000) 05/24 12:09:15 Image size of job updated: 885544
	139  -  MemoryUsage of job (MB)
	142204  -  ResidentSetSize of job (KB)
...
040 (5530641.000.000) 05/24 12:09:15 Started transferring output files
...
040 (5530641.000.000) 05/24 12:09:16 Finished transferring output files
...
005 (5530641.000.000) 05/24 12:09:16 Job terminated.
	(1) Normal termination (return value 1)
		Usr 0 00:00:03, Sys 0 00:00:01  -  Run Remote Usage
		Usr 0 00:00:00, Sys 0 00:00:00  -  Run Local Usage
		Usr 0 00:00:03, Sys 0 00:00:01  -  Total Remote Usage
		Usr 0 00:00:00, Sys 0 00:00:00  -  Total Local Usage
	6065  -  Run Bytes Sent By Job
	10620  -  Run Bytes Received By Job
	6065  -  Total Bytes Sent By Job
	10620  -  Total Bytes Received By Job
	Partitionable Resources :    Usage  Request Allocated 
	   Cpus                 :                 1         1 
	   Disk (KB)            :       30       12   3063101 
	   Memory (MB)          :      139     2000      2000 

	Job terminated of its own accord at 2023-05-24T10:09:15Z.
...
000 (5530717.000.000) 05/24 12:42:14 Job submitted from host: <137.138.44.55:9618?addrs=137.138.44.55-9618+[2001-1458-d00-1a--48]-9618&alias=bigbird17.cern.ch&noUDP&sock=schedd_1927_5717>
...
040 (5530717.000.000) 05/24 12:46:39 Started transferring input files
	Transferring to host: <128.142.130.179:9618?addrs=128.142.130.179-9618+[2001-1458-301-58--100-a7]-9618&alias=b7g20p9295.cern.ch&noUDP&sock=slot1_18_5051_a2e6_44797>
...
040 (5530717.000.000) 05/24 12:46:39 Finished transferring input files
...
001 (5530717.000.000) 05/24 12:46:40 Job executing on host: <128.142.130.179:9618?addrs=128.142.130.179-9618+[2001-1458-301-58--100-a7]-9618&alias=b7g20p9295.cern.ch&noUDP&sock=startd_4453_f751>
...
006 (5530717.000.000) 05/24 12:46:51 Image size of job updated: 963444
	24  -  MemoryUsage of job (MB)
	23948  -  ResidentSetSize of job (KB)
...
040 (5530717.000.000) 05/24 12:47:07 Started transferring output files
...
040 (5530717.000.000) 05/24 12:47:07 Finished transferring output files
...
005 (5530717.000.000) 05/24 12:47:07 Job terminated.
	(1) Normal termination (return value 0)
		Usr 0 00:00:07, Sys 0 00:00:01  -  Run Remote Usage
		Usr 0 00:00:00, Sys 0 00:00:00  -  Run Local Usage
		Usr 0 00:00:07, Sys 0 00:00:01  -  Total Remote Usage
		Usr 0 00:00:00, Sys 0 00:00:00  -  Total Local Usage
	176043  -  Run Bytes Sent By Job
	10620  -  Run Bytes Received By Job
	176043  -  Total Bytes Sent By Job
	10620  -  Total Bytes Received By Job
	Partitionable Resources :    Usage  Request Allocated 
	   Cpus                 :                 1         1 
	   Disk (KB)            :      196       12   1677492 
	   Memory (MB)          :       24     2000      2000 

	Job terminated of its own accord at 2023-05-24T10:47:06Z.
...
