000 (5530588.000.000) 05/24 11:53:53 Job submitted from host: <137.138.44.55:9618?addrs=137.138.44.55-9618+[2001-1458-d00-1a--48]-9618&alias=bigbird17.cern.ch&noUDP&sock=schedd_1927_5717>
...
040 (5530588.000.000) 05/24 11:56:34 Started transferring input files
	Transferring to host: <128.142.60.63:9618?addrs=128.142.60.63-9618+[2001-1458-301-22--100-3e]-9618&alias=b7s05p0756.cern.ch&noUDP&sock=slot1_10_5512_73d9_45656>
...
040 (5530588.000.000) 05/24 11:56:34 Finished transferring input files
...
001 (5530588.000.000) 05/24 11:56:35 Job executing on host: <128.142.60.63:9618?addrs=128.142.60.63-9618+[2001-1458-301-22--100-3e]-9618&alias=b7s05p0756.cern.ch&noUDP&sock=startd_4781_f262>
...
006 (5530588.000.000) 05/24 11:56:43 Image size of job updated: 694504
	125  -  MemoryUsage of job (MB)
	127484  -  ResidentSetSize of job (KB)
...
006 (5530588.000.000) 05/24 11:56:58 Image size of job updated: 846500
	125  -  MemoryUsage of job (MB)
	127484  -  ResidentSetSize of job (KB)
...
040 (5530588.000.000) 05/24 11:56:58 Started transferring output files
...
040 (5530588.000.000) 05/24 11:56:58 Finished transferring output files
...
005 (5530588.000.000) 05/24 11:56:58 Job terminated.
	(1) Normal termination (return value 1)
		Usr 0 00:00:03, Sys 0 00:00:01  -  Run Remote Usage
		Usr 0 00:00:00, Sys 0 00:00:00  -  Run Local Usage
		Usr 0 00:00:03, Sys 0 00:00:01  -  Total Remote Usage
		Usr 0 00:00:00, Sys 0 00:00:00  -  Total Local Usage
	6425  -  Run Bytes Sent By Job
	10620  -  Run Bytes Received By Job
	6425  -  Total Bytes Sent By Job
	10620  -  Total Bytes Received By Job
	Partitionable Resources :    Usage  Request Allocated 
	   Cpus                 :                 1         1 
	   Disk (KB)            :       31       12   1243800 
	   Memory (MB)          :      125     2000      2000 

	Job terminated of its own accord at 2023-05-24T09:56:58Z.
...
000 (5530640.000.000) 05/24 12:03:21 Job submitted from host: <137.138.44.55:9618?addrs=137.138.44.55-9618+[2001-1458-d00-1a--48]-9618&alias=bigbird17.cern.ch&noUDP&sock=schedd_1927_5717>
...
040 (5530640.000.000) 05/24 12:09:02 Started transferring input files
	Transferring to host: <128.142.58.122:9618?addrs=128.142.58.122-9618+[2001-1458-301-16--100-79]-9618&alias=b7s03p5500.cern.ch&noUDP&sock=slot1_27_46407_adf8_41263>
...
040 (5530640.000.000) 05/24 12:09:02 Finished transferring input files
...
001 (5530640.000.000) 05/24 12:09:03 Job executing on host: <128.142.58.122:9618?addrs=128.142.58.122-9618+[2001-1458-301-16--100-79]-9618&alias=b7s03p5500.cern.ch&noUDP&sock=startd_44925_644b>
...
006 (5530640.000.000) 05/24 12:09:12 Image size of job updated: 829912
	140  -  MemoryUsage of job (MB)
	142800  -  ResidentSetSize of job (KB)
...
006 (5530640.000.000) 05/24 12:09:15 Image size of job updated: 888088
	140  -  MemoryUsage of job (MB)
	142856  -  ResidentSetSize of job (KB)
...
040 (5530640.000.000) 05/24 12:09:16 Started transferring output files
...
040 (5530640.000.000) 05/24 12:09:16 Finished transferring output files
...
005 (5530640.000.000) 05/24 12:09:16 Job terminated.
	(1) Normal termination (return value 1)
		Usr 0 00:00:02, Sys 0 00:00:01  -  Run Remote Usage
		Usr 0 00:00:00, Sys 0 00:00:00  -  Run Local Usage
		Usr 0 00:00:02, Sys 0 00:00:01  -  Total Remote Usage
		Usr 0 00:00:00, Sys 0 00:00:00  -  Total Local Usage
	6065  -  Run Bytes Sent By Job
	10620  -  Run Bytes Received By Job
	6065  -  Total Bytes Sent By Job
	10620  -  Total Bytes Received By Job
	Partitionable Resources :    Usage  Request Allocated 
	   Cpus                 :                 1         1 
	   Disk (KB)            :       30       12   3063101 
	   Memory (MB)          :      140     2000      2000 

	Job terminated of its own accord at 2023-05-24T10:09:15Z.
...
000 (5530716.000.000) 05/24 12:42:06 Job submitted from host: <137.138.44.55:9618?addrs=137.138.44.55-9618+[2001-1458-d00-1a--48]-9618&alias=bigbird17.cern.ch&noUDP&sock=schedd_1927_5717>
...
040 (5530716.000.000) 05/24 12:46:38 Started transferring input files
	Transferring to host: <128.142.132.162:9618?addrs=128.142.132.162-9618+[2001-1458-301-5a--100-96]-9618&alias=b7g12p2505.cern.ch&noUDP&sock=slot1_30_6988_6d95_43045>
...
040 (5530716.000.000) 05/24 12:46:38 Finished transferring input files
...
001 (5530716.000.000) 05/24 12:46:39 Job executing on host: <128.142.132.162:9618?addrs=128.142.132.162-9618+[2001-1458-301-5a--100-96]-9618&alias=b7g12p2505.cern.ch&noUDP&sock=startd_5456_f0cf>
...
006 (5530716.000.000) 05/24 12:46:47 Image size of job updated: 285640
	10  -  MemoryUsage of job (MB)
	10112  -  ResidentSetSize of job (KB)
...
006 (5530716.000.000) 05/24 12:47:08 Image size of job updated: 893692
	10  -  MemoryUsage of job (MB)
	10116  -  ResidentSetSize of job (KB)
...
040 (5530716.000.000) 05/24 12:47:08 Started transferring output files
...
040 (5530716.000.000) 05/24 12:47:08 Finished transferring output files
...
005 (5530716.000.000) 05/24 12:47:08 Job terminated.
	(1) Normal termination (return value 0)
		Usr 0 00:00:09, Sys 0 00:00:01  -  Run Remote Usage
		Usr 0 00:00:00, Sys 0 00:00:00  -  Run Local Usage
		Usr 0 00:00:09, Sys 0 00:00:01  -  Total Remote Usage
		Usr 0 00:00:00, Sys 0 00:00:00  -  Total Local Usage
	180713  -  Run Bytes Sent By Job
	10620  -  Run Bytes Received By Job
	180713  -  Total Bytes Sent By Job
	10620  -  Total Bytes Received By Job
	Partitionable Resources :    Usage  Request Allocated 
	   Cpus                 :                 1         1 
	   Disk (KB)            :      201       12   1650708 
	   Memory (MB)          :       10     2000      2000 

	Job terminated of its own accord at 2023-05-24T10:47:08Z.
...
