000 (5530584.000.000) 05/24 11:53:25 Job submitted from host: <137.138.44.55:9618?addrs=137.138.44.55-9618+[2001-1458-d00-1a--48]-9618&alias=bigbird17.cern.ch&noUDP&sock=schedd_1927_5717>
...
040 (5530584.000.000) 05/24 11:56:34 Started transferring input files
	Transferring to host: <128.142.60.63:9618?addrs=128.142.60.63-9618+[2001-1458-301-22--100-3e]-9618&alias=b7s05p0756.cern.ch&noUDP&sock=slot1_43_5512_73d9_45657>
...
040 (5530584.000.000) 05/24 11:56:34 Finished transferring input files
...
001 (5530584.000.000) 05/24 11:56:35 Job executing on host: <128.142.60.63:9618?addrs=128.142.60.63-9618+[2001-1458-301-22--100-3e]-9618&alias=b7s05p0756.cern.ch&noUDP&sock=startd_4781_f262>
...
006 (5530584.000.000) 05/24 11:56:44 Image size of job updated: 694496
	129  -  MemoryUsage of job (MB)
	131172  -  ResidentSetSize of job (KB)
...
006 (5530584.000.000) 05/24 11:56:58 Image size of job updated: 846504
	129  -  MemoryUsage of job (MB)
	131172  -  ResidentSetSize of job (KB)
...
040 (5530584.000.000) 05/24 11:56:58 Started transferring output files
...
040 (5530584.000.000) 05/24 11:56:58 Finished transferring output files
...
005 (5530584.000.000) 05/24 11:56:58 Job terminated.
	(1) Normal termination (return value 1)
		Usr 0 00:00:03, Sys 0 00:00:01  -  Run Remote Usage
		Usr 0 00:00:00, Sys 0 00:00:00  -  Run Local Usage
		Usr 0 00:00:03, Sys 0 00:00:01  -  Total Remote Usage
		Usr 0 00:00:00, Sys 0 00:00:00  -  Total Local Usage
	6409  -  Run Bytes Sent By Job
	10620  -  Run Bytes Received By Job
	6409  -  Total Bytes Sent By Job
	10620  -  Total Bytes Received By Job
	Partitionable Resources :    Usage  Request Allocated 
	   Cpus                 :                 1         1 
	   Disk (KB)            :       31       12   1243800 
	   Memory (MB)          :      129     2000      2000 

	Job terminated of its own accord at 2023-05-24T09:56:58Z.
...
000 (5530636.000.000) 05/24 12:02:49 Job submitted from host: <137.138.44.55:9618?addrs=137.138.44.55-9618+[2001-1458-d00-1a--48]-9618&alias=bigbird17.cern.ch&noUDP&sock=schedd_1927_5717>
...
040 (5530636.000.000) 05/24 12:08:45 Started transferring input files
	Transferring to host: <128.142.193.174:9618?addrs=128.142.193.174-9618+[2001-1458-301-8--100-2a]-9618&alias=b7g21p5278.cern.ch&noUDP&sock=slot1_12_3522_5148_39302>
...
040 (5530636.000.000) 05/24 12:08:45 Finished transferring input files
...
001 (5530636.000.000) 05/24 12:08:46 Job executing on host: <128.142.193.174:9618?addrs=128.142.193.174-9618+[2001-1458-301-8--100-2a]-9618&alias=b7g21p5278.cern.ch&noUDP&sock=startd_3014_ee89>
...
006 (5530636.000.000) 05/24 12:08:55 Image size of job updated: 122324
	66  -  MemoryUsage of job (MB)
	66888  -  ResidentSetSize of job (KB)
...
006 (5530636.000.000) 05/24 12:09:08 Image size of job updated: 822728
	66  -  MemoryUsage of job (MB)
	67068  -  ResidentSetSize of job (KB)
...
040 (5530636.000.000) 05/24 12:09:08 Started transferring output files
...
040 (5530636.000.000) 05/24 12:09:08 Finished transferring output files
...
005 (5530636.000.000) 05/24 12:09:08 Job terminated.
	(1) Normal termination (return value 1)
		Usr 0 00:00:05, Sys 0 00:00:01  -  Run Remote Usage
		Usr 0 00:00:00, Sys 0 00:00:00  -  Run Local Usage
		Usr 0 00:00:05, Sys 0 00:00:01  -  Total Remote Usage
		Usr 0 00:00:00, Sys 0 00:00:00  -  Total Local Usage
	6059  -  Run Bytes Sent By Job
	10620  -  Run Bytes Received By Job
	6059  -  Total Bytes Sent By Job
	10620  -  Total Bytes Received By Job
	Partitionable Resources :    Usage  Request Allocated 
	   Cpus                 :                 1         1 
	   Disk (KB)            :       30       12   1269191 
	   Memory (MB)          :       66     2000      2000 

	Job terminated of its own accord at 2023-05-24T10:09:08Z.
...
000 (5530712.000.000) 05/24 12:41:34 Job submitted from host: <137.138.44.55:9618?addrs=137.138.44.55-9618+[2001-1458-d00-1a--48]-9618&alias=bigbird17.cern.ch&noUDP&sock=schedd_1927_5717>
...
040 (5530712.000.000) 05/24 12:46:37 Started transferring input files
	Transferring to host: <128.142.61.58:9618?addrs=128.142.61.58-9618+[2001-1458-301-23--100-39]-9618&alias=b7s06p9546.cern.ch&noUDP&sock=slot1_25_3649_cced_44115>
...
040 (5530712.000.000) 05/24 12:46:37 Finished transferring input files
...
001 (5530712.000.000) 05/24 12:46:38 Job executing on host: <128.142.61.58:9618?addrs=128.142.61.58-9618+[2001-1458-301-23--100-39]-9618&alias=b7s06p9546.cern.ch&noUDP&sock=startd_2908_397f>
...
006 (5530712.000.000) 05/24 12:46:47 Image size of job updated: 285384
	18  -  MemoryUsage of job (MB)
	18004  -  ResidentSetSize of job (KB)
...
006 (5530712.000.000) 05/24 12:46:59 Image size of job updated: 856592
	18  -  MemoryUsage of job (MB)
	18004  -  ResidentSetSize of job (KB)
...
040 (5530712.000.000) 05/24 12:46:59 Started transferring output files
...
040 (5530712.000.000) 05/24 12:46:59 Finished transferring output files
...
005 (5530712.000.000) 05/24 12:46:59 Job terminated.
	(1) Normal termination (return value 0)
		Usr 0 00:00:04, Sys 0 00:00:01  -  Run Remote Usage
		Usr 0 00:00:00, Sys 0 00:00:00  -  Run Local Usage
		Usr 0 00:00:04, Sys 0 00:00:01  -  Total Remote Usage
		Usr 0 00:00:00, Sys 0 00:00:00  -  Total Local Usage
	180221  -  Run Bytes Sent By Job
	10620  -  Run Bytes Received By Job
	180221  -  Total Bytes Sent By Job
	10620  -  Total Bytes Received By Job
	Partitionable Resources :    Usage  Request Allocated 
	   Cpus                 :                 1         1 
	   Disk (KB)            :      200       12   1340346 
	   Memory (MB)          :       18     2000      2000 

	Job terminated of its own accord at 2023-05-24T10:46:59Z.
...
