000 (5530586.000.000) 05/24 11:53:39 Job submitted from host: <137.138.44.55:9618?addrs=137.138.44.55-9618+[2001-1458-d00-1a--48]-9618&alias=bigbird17.cern.ch&noUDP&sock=schedd_1927_5717>
...
040 (5530586.000.000) 05/24 11:56:47 Started transferring input files
	Transferring to host: <128.142.60.63:9618?addrs=128.142.60.63-9618+[2001-1458-301-22--100-3e]-9618&alias=b7s05p0756.cern.ch&noUDP&sock=slot1_44_5512_73d9_45658>
...
040 (5530586.000.000) 05/24 11:56:47 Finished transferring input files
...
001 (5530586.000.000) 05/24 11:56:48 Job executing on host: <128.142.60.63:9618?addrs=128.142.60.63-9618+[2001-1458-301-22--100-3e]-9618&alias=b7s05p0756.cern.ch&noUDP&sock=startd_4781_f262>
...
006 (5530586.000.000) 05/24 11:56:56 Image size of job updated: 846500
	152  -  MemoryUsage of job (MB)
	155240  -  ResidentSetSize of job (KB)
...
006 (5530586.000.000) 05/24 11:56:58 Image size of job updated: 846500
	152  -  MemoryUsage of job (MB)
	155248  -  ResidentSetSize of job (KB)
...
040 (5530586.000.000) 05/24 11:56:58 Started transferring output files
...
040 (5530586.000.000) 05/24 11:56:58 Finished transferring output files
...
005 (5530586.000.000) 05/24 11:56:58 Job terminated.
	(1) Normal termination (return value 1)
		Usr 0 00:00:03, Sys 0 00:00:00  -  Run Remote Usage
		Usr 0 00:00:00, Sys 0 00:00:00  -  Run Local Usage
		Usr 0 00:00:03, Sys 0 00:00:00  -  Total Remote Usage
		Usr 0 00:00:00, Sys 0 00:00:00  -  Total Local Usage
	6425  -  Run Bytes Sent By Job
	10620  -  Run Bytes Received By Job
	6425  -  Total Bytes Sent By Job
	10620  -  Total Bytes Received By Job
	Partitionable Resources :    Usage  Request Allocated 
	   Cpus                 :                 1         1 
	   Disk (KB)            :       31       12   1243718 
	   Memory (MB)          :      152     2000      2000 

	Job terminated of its own accord at 2023-05-24T09:56:58Z.
...
000 (5530638.000.000) 05/24 12:03:04 Job submitted from host: <137.138.44.55:9618?addrs=137.138.44.55-9618+[2001-1458-d00-1a--48]-9618&alias=bigbird17.cern.ch&noUDP&sock=schedd_1927_5717>
...
040 (5530638.000.000) 05/24 12:09:02 Started transferring input files
	Transferring to host: <128.142.58.122:9618?addrs=128.142.58.122-9618+[2001-1458-301-16--100-79]-9618&alias=b7s03p5500.cern.ch&noUDP&sock=slot1_22_46407_adf8_41262>
...
040 (5530638.000.000) 05/24 12:09:02 Finished transferring input files
...
001 (5530638.000.000) 05/24 12:09:03 Job executing on host: <128.142.58.122:9618?addrs=128.142.58.122-9618+[2001-1458-301-16--100-79]-9618&alias=b7s03p5500.cern.ch&noUDP&sock=startd_44925_644b>
...
006 (5530638.000.000) 05/24 12:09:12 Image size of job updated: 829912
	139  -  MemoryUsage of job (MB)
	142028  -  ResidentSetSize of job (KB)
...
006 (5530638.000.000) 05/24 12:09:15 Image size of job updated: 829912
	139  -  MemoryUsage of job (MB)
	142184  -  ResidentSetSize of job (KB)
...
040 (5530638.000.000) 05/24 12:09:15 Started transferring output files
...
040 (5530638.000.000) 05/24 12:09:15 Finished transferring output files
...
005 (5530638.000.000) 05/24 12:09:15 Job terminated.
	(1) Normal termination (return value 1)
		Usr 0 00:00:03, Sys 0 00:00:01  -  Run Remote Usage
		Usr 0 00:00:00, Sys 0 00:00:00  -  Run Local Usage
		Usr 0 00:00:03, Sys 0 00:00:01  -  Total Remote Usage
		Usr 0 00:00:00, Sys 0 00:00:00  -  Total Local Usage
	6065  -  Run Bytes Sent By Job
	10620  -  Run Bytes Received By Job
	6065  -  Total Bytes Sent By Job
	10620  -  Total Bytes Received By Job
	Partitionable Resources :    Usage  Request Allocated 
	   Cpus                 :                 1         1 
	   Disk (KB)            :       30       12   3063102 
	   Memory (MB)          :      139     2000      2000 

	Job terminated of its own accord at 2023-05-24T10:09:15Z.
...
000 (5530714.000.000) 05/24 12:41:51 Job submitted from host: <137.138.44.55:9618?addrs=137.138.44.55-9618+[2001-1458-d00-1a--48]-9618&alias=bigbird17.cern.ch&noUDP&sock=schedd_1927_5717>
...
040 (5530714.000.000) 05/24 12:46:38 Started transferring input files
	Transferring to host: <128.142.132.75:9618?addrs=128.142.132.75-9618+[2001-1458-301-5a--100-3f]-9618&alias=b7g12p5895.cern.ch&noUDP&sock=slot1_27_5400_89d5_45029>
...
040 (5530714.000.000) 05/24 12:46:38 Finished transferring input files
...
001 (5530714.000.000) 05/24 12:46:39 Job executing on host: <128.142.132.75:9618?addrs=128.142.132.75-9618+[2001-1458-301-5a--100-3f]-9618&alias=b7g12p5895.cern.ch&noUDP&sock=startd_4759_db4c>
...
006 (5530714.000.000) 05/24 12:46:48 Image size of job updated: 285640
	11  -  MemoryUsage of job (MB)
	10948  -  ResidentSetSize of job (KB)
...
006 (5530714.000.000) 05/24 12:47:17 Image size of job updated: 822008
	11  -  MemoryUsage of job (MB)
	10948  -  ResidentSetSize of job (KB)
...
040 (5530714.000.000) 05/24 12:47:17 Started transferring output files
...
040 (5530714.000.000) 05/24 12:47:17 Finished transferring output files
...
005 (5530714.000.000) 05/24 12:47:17 Job terminated.
	(1) Normal termination (return value 0)
		Usr 0 00:00:08, Sys 0 00:00:01  -  Run Remote Usage
		Usr 0 00:00:00, Sys 0 00:00:00  -  Run Local Usage
		Usr 0 00:00:08, Sys 0 00:00:01  -  Total Remote Usage
		Usr 0 00:00:00, Sys 0 00:00:00  -  Total Local Usage
	180783  -  Run Bytes Sent By Job
	10620  -  Run Bytes Received By Job
	180783  -  Total Bytes Sent By Job
	10620  -  Total Bytes Received By Job
	Partitionable Resources :    Usage  Request Allocated 
	   Cpus                 :                 1         1 
	   Disk (KB)            :      201       12   1695525 
	   Memory (MB)          :       11     2000      2000 

	Job terminated of its own accord at 2023-05-24T10:47:17Z.
...
