000 (5633145.000.000) 07/17 11:22:55 Job submitted from host: <137.138.44.55:9618?addrs=137.138.44.55-9618+[2001-1458-d00-1a--48]-9618&alias=bigbird17.cern.ch&noUDP&sock=schedd_7840_2a97>
...
040 (5633145.000.000) 07/17 12:17:52 Started transferring input files
	Transferring to host: <128.142.131.42:9618?addrs=128.142.131.42-9618+[2001-1458-301-59--100-1e]-9618&alias=b7g11p4745.cern.ch&noUDP&sock=slot1_11_3489_10e7_11098>
...
040 (5633145.000.000) 07/17 12:17:52 Finished transferring input files
...
001 (5633145.000.000) 07/17 12:17:53 Job executing on host: <128.142.131.42:9618?addrs=128.142.131.42-9618+[2001-1458-301-59--100-1e]-9618&alias=b7g11p4745.cern.ch&noUDP&sock=startd_2988_1912>
...
006 (5633145.000.000) 07/17 12:18:02 Image size of job updated: 177412
	75  -  MemoryUsage of job (MB)
	76432  -  ResidentSetSize of job (KB)
...
006 (5633145.000.000) 07/17 12:20:47 Image size of job updated: 4217036
	75  -  MemoryUsage of job (MB)
	76432  -  ResidentSetSize of job (KB)
...
040 (5633145.000.000) 07/17 12:20:47 Started transferring output files
...
040 (5633145.000.000) 07/17 12:20:47 Finished transferring output files
...
005 (5633145.000.000) 07/17 12:20:47 Job terminated.
	(1) Normal termination (return value 1)
		Usr 0 00:02:03, Sys 0 00:00:04  -  Run Remote Usage
		Usr 0 00:00:00, Sys 0 00:00:00  -  Run Local Usage
		Usr 0 00:02:03, Sys 0 00:00:04  -  Total Remote Usage
		Usr 0 00:00:00, Sys 0 00:00:00  -  Total Local Usage
	9206  -  Run Bytes Sent By Job
	16591  -  Run Bytes Received By Job
	9206  -  Total Bytes Sent By Job
	16591  -  Total Bytes Received By Job
	Partitionable Resources :    Usage  Request Allocated 
	   Cpus                 :                 1         1 
	   Disk (KB)            :       39       20   1587958 
	   Memory (MB)          :       75     2000      2000 

	Job terminated of its own accord at 2023-07-17T10:20:47Z.
...
