000 (5633143.000.000) 07/17 11:22:51 Job submitted from host: <137.138.44.55:9618?addrs=137.138.44.55-9618+[2001-1458-d00-1a--48]-9618&alias=bigbird17.cern.ch&noUDP&sock=schedd_7840_2a97>
...
040 (5633143.000.000) 07/17 12:17:52 Started transferring input files
	Transferring to host: <128.142.192.204:9618?addrs=128.142.192.204-9618+[2001-1458-301-56--100-48]-9618&alias=b7g18p9434.cern.ch&noUDP&sock=slot1_12_5961_d04b_105170>
...
040 (5633143.000.000) 07/17 12:17:52 Finished transferring input files
...
001 (5633143.000.000) 07/17 12:17:53 Job executing on host: <128.142.192.204:9618?addrs=128.142.192.204-9618+[2001-1458-301-56--100-48]-9618&alias=b7g18p9434.cern.ch&noUDP&sock=startd_5133_63b8>
...
006 (5633143.000.000) 07/17 12:18:02 Image size of job updated: 700048
	126  -  MemoryUsage of job (MB)
	128708  -  ResidentSetSize of job (KB)
...
006 (5633143.000.000) 07/17 12:21:13 Image size of job updated: 5200108
	126  -  MemoryUsage of job (MB)
	128708  -  ResidentSetSize of job (KB)
...
040 (5633143.000.000) 07/17 12:21:13 Started transferring output files
...
040 (5633143.000.000) 07/17 12:21:13 Finished transferring output files
...
005 (5633143.000.000) 07/17 12:21:13 Job terminated.
	(1) Normal termination (return value 1)
		Usr 0 00:02:26, Sys 0 00:00:04  -  Run Remote Usage
		Usr 0 00:00:00, Sys 0 00:00:00  -  Run Local Usage
		Usr 0 00:02:26, Sys 0 00:00:04  -  Total Remote Usage
		Usr 0 00:00:00, Sys 0 00:00:00  -  Total Local Usage
	8739  -  Run Bytes Sent By Job
	18414  -  Run Bytes Received By Job
	8739  -  Total Bytes Sent By Job
	18414  -  Total Bytes Received By Job
	Partitionable Resources :    Usage  Request Allocated 
	   Cpus                 :     0.91        1         1 
	   Disk (KB)            :    48          20   2903585 
	   Memory (MB)          :   126        2000      2000 

	Job terminated of its own accord at 2023-07-17T10:21:13Z.
...
