000 (5633146.000.000) 07/17 11:22:57 Job submitted from host: <137.138.44.55:9618?addrs=137.138.44.55-9618+[2001-1458-d00-1a--48]-9618&alias=bigbird17.cern.ch&noUDP&sock=schedd_7840_2a97>
...
040 (5633146.000.000) 07/17 12:17:54 Started transferring input files
	Transferring to host: <128.142.131.167:9618?addrs=128.142.131.167-9618+[2001-1458-301-59--100-9b]-9618&alias=b7g11p9674.cern.ch&noUDP&sock=slot1_6_3239_eb1d_97676>
...
040 (5633146.000.000) 07/17 12:17:54 Finished transferring input files
...
001 (5633146.000.000) 07/17 12:17:55 Job executing on host: <128.142.131.167:9618?addrs=128.142.131.167-9618+[2001-1458-301-59--100-9b]-9618&alias=b7g11p9674.cern.ch&noUDP&sock=startd_2962_439c>
...
006 (5633146.000.000) 07/17 12:18:03 Image size of job updated: 14332
	5  -  MemoryUsage of job (MB)
	4892  -  ResidentSetSize of job (KB)
...
006 (5633146.000.000) 07/17 12:21:01 Image size of job updated: 1583676
	5  -  MemoryUsage of job (MB)
	4892  -  ResidentSetSize of job (KB)
...
040 (5633146.000.000) 07/17 12:21:01 Started transferring output files
...
040 (5633146.000.000) 07/17 12:21:01 Finished transferring output files
...
005 (5633146.000.000) 07/17 12:21:01 Job terminated.
	(1) Normal termination (return value 1)
		Usr 0 00:01:38, Sys 0 00:00:02  -  Run Remote Usage
		Usr 0 00:00:00, Sys 0 00:00:00  -  Run Local Usage
		Usr 0 00:01:38, Sys 0 00:00:02  -  Total Remote Usage
		Usr 0 00:00:00, Sys 0 00:00:00  -  Total Local Usage
	5489  -  Run Bytes Sent By Job
	11197  -  Run Bytes Received By Job
	5489  -  Total Bytes Sent By Job
	11197  -  Total Bytes Received By Job
	Partitionable Resources :    Usage  Request Allocated 
	   Cpus                 :                 1         1 
	   Disk (KB)            :       30       12   1595882 
	   Memory (MB)          :        5     2000      2000 

	Job terminated of its own accord at 2023-07-17T10:21:01Z.
...
