000 (5633133.000.000) 07/17 11:22:31 Job submitted from host: <137.138.44.55:9618?addrs=137.138.44.55-9618+[2001-1458-d00-1a--48]-9618&alias=bigbird17.cern.ch&noUDP&sock=schedd_7840_2a97>
...
040 (5633133.000.000) 07/17 12:17:48 Started transferring input files
	Transferring to host: <128.142.59.58:9618?addrs=128.142.59.58-9618+[2001-1458-301-21--100-39]-9618&alias=b7s04p4815.cern.ch&noUDP&sock=slot1_11_4052_c01e_26983>
...
040 (5633133.000.000) 07/17 12:17:48 Finished transferring input files
...
001 (5633133.000.000) 07/17 12:17:49 Job executing on host: <128.142.59.58:9618?addrs=128.142.59.58-9618+[2001-1458-301-21--100-39]-9618&alias=b7s04p4815.cern.ch&noUDP&sock=startd_2734_e004>
...
006 (5633133.000.000) 07/17 12:17:57 Image size of job updated: 699936
	126  -  MemoryUsage of job (MB)
	128608  -  ResidentSetSize of job (KB)
...
006 (5633133.000.000) 07/17 12:22:57 Image size of job updated: 1660920
	312  -  MemoryUsage of job (MB)
	319256  -  ResidentSetSize of job (KB)
...
040 (5633133.000.000) 07/17 12:25:30 Started transferring output files
...
040 (5633133.000.000) 07/17 12:25:30 Finished transferring output files
...
005 (5633133.000.000) 07/17 12:25:30 Job terminated.
	(1) Normal termination (return value 1)
		Usr 0 00:07:12, Sys 0 00:00:04  -  Run Remote Usage
		Usr 0 00:00:00, Sys 0 00:00:00  -  Run Local Usage
		Usr 0 00:07:12, Sys 0 00:00:04  -  Total Remote Usage
		Usr 0 00:00:00, Sys 0 00:00:00  -  Total Local Usage
	5485  -  Run Bytes Sent By Job
	10911  -  Run Bytes Received By Job
	5485  -  Total Bytes Sent By Job
	10911  -  Total Bytes Received By Job
	Partitionable Resources :    Usage  Request Allocated 
	   Cpus                 :                 1         1 
	   Disk (KB)            :       30       12   2931088 
	   Memory (MB)          :      312     2000      2000 

	Job terminated of its own accord at 2023-07-17T10:25:30Z.
...
