000 (5633151.000.000) 07/17 11:23:08 Job submitted from host: <137.138.44.55:9618?addrs=137.138.44.55-9618+[2001-1458-d00-1a--48]-9618&alias=bigbird17.cern.ch&noUDP&sock=schedd_7840_2a97>
...
040 (5633151.000.000) 07/17 12:17:55 Started transferring input files
	Transferring to host: <128.142.195.46:9618?addrs=128.142.195.46-9618+[2001-1458-301-26--100-2e]-9618&alias=b7g31p4660.cern.ch&noUDP&sock=slot1_21_9686_69c3_8875>
...
040 (5633151.000.000) 07/17 12:17:55 Finished transferring input files
...
001 (5633151.000.000) 07/17 12:17:56 Job executing on host: <128.142.195.46:9618?addrs=128.142.195.46-9618+[2001-1458-301-26--100-2e]-9618&alias=b7g31p4660.cern.ch&noUDP&sock=startd_8491_b2be>
...
006 (5633151.000.000) 07/17 12:18:05 Image size of job updated: 941016
	12  -  MemoryUsage of job (MB)
	12180  -  ResidentSetSize of job (KB)
...
006 (5633151.000.000) 07/17 12:23:06 Image size of job updated: 3413260
	1178  -  MemoryUsage of job (MB)
	1205656  -  ResidentSetSize of job (KB)
...
006 (5633151.000.000) 07/17 12:28:07 Image size of job updated: 4253196
	1374  -  MemoryUsage of job (MB)
	1406924  -  ResidentSetSize of job (KB)
...
006 (5633151.000.000) 07/17 12:33:07 Image size of job updated: 4253196
	1374  -  MemoryUsage of job (MB)
	1406940  -  ResidentSetSize of job (KB)
...
040 (5633151.000.000) 07/17 12:54:11 Started transferring output files
...
040 (5633151.000.000) 07/17 12:54:11 Finished transferring output files
...
005 (5633151.000.000) 07/17 12:54:11 Job terminated.
	(1) Normal termination (return value 1)
		Usr 0 00:35:06, Sys 0 00:00:14  -  Run Remote Usage
		Usr 0 00:00:00, Sys 0 00:00:00  -  Run Local Usage
		Usr 0 00:35:06, Sys 0 00:00:14  -  Total Remote Usage
		Usr 0 00:00:00, Sys 0 00:00:00  -  Total Local Usage
	5498  -  Run Bytes Sent By Job
	13817  -  Run Bytes Received By Job
	5498  -  Total Bytes Sent By Job
	13817  -  Total Bytes Received By Job
	Partitionable Resources :    Usage  Request Allocated 
	   Cpus                 :     0.99        1         1 
	   Disk (KB)            :    40          15   1142069 
	   Memory (MB)          :  1374        2000      2000 

	Job terminated of its own accord at 2023-07-17T10:54:11Z.
...
