DEBUG 2023-11-14 17:55:57.119 UTC: 	 CRAB Client version: v3.231010
DEBUG 2023-11-14 17:55:57.120 UTC: 	 Running on: Linux lxplus799.cern.ch 3.10.0-1160.99.1.el7.x86_64 #1 SMP Wed Sep 13 14:19:20 UTC 2023 x86_64 x86_64 x86_64 GNU/Linux - CentOS Linux 7 (Core)
DEBUG 2023-11-14 17:55:57.120 UTC: 	 Executing command: 'submit'
DEBUG 2023-11-14 17:55:57.120 UTC: 	 Found CRAB cache file /afs/cern.ch/user/l/lfavilla/.crab3
INFO 2023-11-14 17:55:57.122 UTC: 	 Will use CRAB configuration file crab_cfg.py
DEBUG 2023-11-14 17:55:57.122 UTC: 	 Loading CRAB configuration file.
DEBUG 2023-11-14 17:55:57.164 UTC: 	 Will use CRAB Analysis plugin (i.e. will run an analysis job type).
DEBUG 2023-11-14 17:55:57.189 UTC: 	 Checking credentials
DEBUG 2023-11-14 17:55:57.207 UTC: 	 Found proxy file /tmp/x509up_u159320
DEBUG 2023-11-14 17:55:57.207 UTC: 	 Making sure it has proper VOMS extension
DEBUG 2023-11-14 17:55:57.207 UTC: 	 Executing command :
 voms-proxy-info --vo --file /tmp/x509up_u159320
DEBUG 2023-11-14 17:55:58.166 UTC: 	 output : cms

 error: 
 retcode : 0
DEBUG 2023-11-14 17:55:58.166 UTC: 	 Getting proxy life time left
DEBUG 2023-11-14 17:55:58.166 UTC: 	 Executing command :
 voms-proxy-info --actimeleft --timeleft --file /tmp/x509up_u159320
DEBUG 2023-11-14 17:55:58.878 UTC: 	 output : 32632
32632

 error: 
 retcode : 0
DEBUG 2023-11-14 17:55:58.878 UTC: 	 Proxy valid for 09:03:52 hours
DEBUG 2023-11-14 17:55:58.915 UTC: 	 Encoded data for curl request: subresource=delegatedn
DEBUG 2023-11-14 17:55:58.994 UTC: 	 Registering user credentials on myproxy for /DC=ch/DC=cern/OU=computers/CN=crab-(preprod|prod|dev)-tw(01|02|03).cern.ch|/DC=ch/DC=cern/OU=computers/CN=stefanov(m|m2).cern.ch|/DC=ch/DC=cern/OU=computers/CN=dciangot-tw.cern.ch
DEBUG 2023-11-14 17:55:58.994 UTC: 	 Executing command :
 voms-proxy-info --identity --file /tmp/x509up_u159320
DEBUG 2023-11-14 17:55:59.895 UTC: 	 output : /DC=ch/DC=cern/OU=Organic Units/OU=Users/CN=lfavilla/CN=867090/CN=Leonardo Favilla

 error: 
 retcode : 0
DEBUG 2023-11-14 17:55:59.895 UTC: 	 Getting myproxy life time left for 70284ad9de3a40585c76dbf527363be004fcbd17
DEBUG 2023-11-14 17:55:59.895 UTC: 	 Executing command :
 myproxy-info -s myproxy.cern.ch -l 70284ad9de3a40585c76dbf527363be004fcbd17
DEBUG 2023-11-14 17:56:00.342 UTC: 	 output : username: 70284ad9de3a40585c76dbf527363be004fcbd17
owner: /DC=ch/DC=cern/OU=Organic Units/OU=Users/CN=lfavilla/CN=867090/CN=Leonardo Favilla
  renewal policy: /DC=ch/DC=cern/OU=computers/CN=crab-(preprod|prod|dev)-tw(01|02|03).cern.ch|/DC=ch/DC=cern/OU=computers/CN=stefanov(m|m2).cern.ch|/DC=ch/DC=cern/OU=computers/CN=dciangot-tw.cern.ch
  trusted retrieval policy: /DC=ch/DC=cern/OU=computers/CN=crab-(preprod|prod|dev)-tw(01|02|03).cern.ch|/DC=ch/DC=cern/OU=computers/CN=stefanov(m|m2).cern.ch|/DC=ch/DC=cern/OU=computers/CN=dciangot-tw.cern.ch
  timeleft: 400:48:20  (16.7 days)

 error: 
 retcode : 0
DEBUG 2023-11-14 17:56:00.342 UTC: 	 Myproxy is valid: 1442880
DEBUG 2023-11-14 17:56:00.342 UTC: 	 Result of myproxy credential check:
  Credential exists on myproxy: username: 70284ad9de3a40585c76dbf527363be004fcbd17  - validity: 16 days, 16:48:00
DEBUG 2023-11-14 17:56:00.343 UTC: 	 Command use: submit
DEBUG 2023-11-14 17:56:00.343 UTC: 	 Options use: ['-c', 'crab_cfg.py']
DEBUG 2023-11-14 17:56:00.343 UTC: 	 Encoded data for curl request: subresource=version
DEBUG 2023-11-14 17:56:00.417 UTC: 	 CRABClient version: v3.231010
DEBUG 2023-11-14 17:56:00.417 UTC: 	 Instance is prod
DEBUG 2023-11-14 17:56:00.417 UTC: 	 Server base url is cmsweb.cern.ch
DEBUG 2023-11-14 17:56:00.417 UTC: 	 Command api workflow
DEBUG 2023-11-14 17:56:00.417 UTC: 	 Started submission
DEBUG 2023-11-14 17:56:00.417 UTC: 	 Working on /afs/cern.ch/user/l/lfavilla/CMSSW_12_6_0/src/PhysicsTools/NanoAODTools/crab/crab_TprimeToTZ_700_2018
DEBUG 2023-11-14 17:56:00.418 UTC: 	 Encoded data for curl request: subresource=backendurls
DEBUG 2023-11-14 17:56:00.661 UTC: 	 Loading required information from the environment
DEBUG 2023-11-14 17:56:00.661 UTC: 	 Found CMSSW_12_6_0 for slc7_amd64_gcc10 with base /afs/cern.ch/user/l/lfavilla/CMSSW_12_6_0
DEBUG 2023-11-14 17:56:00.661 UTC: 	 Loading required information from the environment
DEBUG 2023-11-14 17:56:00.661 UTC: 	 Found CMSSW_12_6_0 for slc7_amd64_gcc10 with base /afs/cern.ch/user/l/lfavilla/CMSSW_12_6_0
DEBUG 2023-11-14 17:56:00.661 UTC: 	 UNIQUE NAME: tarUUID 5b07806b-8f5a-4414-9581-00c7dfa98665 
DEBUG 2023-11-14 17:56:00.661 UTC: 	 self.config: from WMCore.Configuration import Configuration
config = Configuration()
config.section_('General')
config.General.transferLogs = True
config.General.requestName = 'TprimeToTZ_700_2018'
config.section_('JobType')
config.JobType.inputFiles = ['crab_script.py', '../scripts/haddnano.py', '../scripts/keep_and_drop.txt']
config.JobType.scriptExe = 'crab_script.sh'
config.JobType.psetName = 'PSet.py'
config.JobType.pluginName = 'Analysis'
config.JobType.maxJobRuntimeMin = 2700
config.section_('Data')
config.Data.unitsPerJob = 1
config.Data.inputDBS = 'global'
config.Data.outputDatasetTag = 'TprimeToTZ_700_2018'
config.Data.allowNonValidInputDataset = True
config.Data.publication = False
config.Data.outLFNDirBase = '/store/user/lfavilla/DM_v0'
config.Data.inputDataset = '/TprimeBToTZ_M-700_LH_TuneCP5_PSweights_13TeV-madgraph_pythia8/RunIISummer19UL18NanoAODv2-106X_upgrade2018_realistic_v15_L1v1-v1/NANOAODSIM'
config.Data.splitting = 'FileBased'
config.section_('Site')
config.Site.storageSite = 'T2_IT_Pisa'

DEBUG 2023-11-14 17:56:00.661 UTC: 	 self.config.JobType.psetName: PSet.py
INFO 2023-11-14 17:56:00.662 UTC: 	 Importing CMSSW configuration PSet.py
INFO 2023-11-14 17:56:01.133 UTC: 	 Finished importing CMSSW configuration PSet.py
DEBUG 2023-11-14 17:56:01.133 UTC: 	 Writing CMSSW configuration to /afs/cern.ch/user/l/lfavilla/CMSSW_12_6_0/src/PhysicsTools/NanoAODTools/crab/crab_TprimeToTZ_700_2018/inputs/PSet.py
DEBUG 2023-11-14 17:56:01.145 UTC: 	 The following EDM output files will be collected: ['tree_hadd.root']
DEBUG 2023-11-14 17:56:01.145 UTC: 	 The following TFile output files will be collected: []
DEBUG 2023-11-14 17:56:01.145 UTC: 	 The following user output files (not listed as PoolOuputModule or TFileService in the CMSSW PSet) will be collected: 
DEBUG 2023-11-14 17:56:01.145 UTC: 	 Loading required information from the environment
DEBUG 2023-11-14 17:56:01.145 UTC: 	 Found CMSSW_12_6_0 for slc7_amd64_gcc10 with base /afs/cern.ch/user/l/lfavilla/CMSSW_12_6_0
DEBUG 2023-11-14 17:56:01.145 UTC: 	 Making tarball in /afs/cern.ch/user/l/lfavilla/CMSSW_12_6_0/src/PhysicsTools/NanoAODTools/crab/crab_TprimeToTZ_700_2018/inputs/5b07806b-8f5a-4414-9581-00c7dfa98665default.tgz
DEBUG 2023-11-14 17:56:01.146 UTC: 	 Checking directory /afs/cern.ch/user/l/lfavilla/CMSSW_12_6_0/bin
DEBUG 2023-11-14 17:56:01.146 UTC: 	 Adding directory /afs/cern.ch/user/l/lfavilla/CMSSW_12_6_0/bin to tarball
DEBUG 2023-11-14 17:56:01.444 UTC: 	 Checking directory /afs/cern.ch/user/l/lfavilla/CMSSW_12_6_0/python
DEBUG 2023-11-14 17:56:01.444 UTC: 	 Adding directory /afs/cern.ch/user/l/lfavilla/CMSSW_12_6_0/python to tarball
DEBUG 2023-11-14 17:56:01.567 UTC: 	 Checking directory /afs/cern.ch/user/l/lfavilla/CMSSW_12_6_0/cfipython
DEBUG 2023-11-14 17:56:01.567 UTC: 	 Adding directory /afs/cern.ch/user/l/lfavilla/CMSSW_12_6_0/cfipython to tarball
DEBUG 2023-11-14 17:56:01.569 UTC: 	 Checking directory /afs/cern.ch/user/l/lfavilla/CMSSW_12_6_0/lib
DEBUG 2023-11-14 17:56:01.569 UTC: 	 Adding directory /afs/cern.ch/user/l/lfavilla/CMSSW_12_6_0/lib to tarball
DEBUG 2023-11-14 17:56:01.625 UTC: 	 Checking directory /afs/cern.ch/user/l/lfavilla/CMSSW_12_6_0/biglib
DEBUG 2023-11-14 17:56:01.625 UTC: 	 Adding directory /afs/cern.ch/user/l/lfavilla/CMSSW_12_6_0/biglib to tarball
DEBUG 2023-11-14 17:56:01.627 UTC: 	 Checking directory /afs/cern.ch/user/l/lfavilla/CMSSW_12_6_0/module
DEBUG 2023-11-14 17:56:01.627 UTC: 	 Checking directory /afs/cern.ch/user/l/lfavilla/CMSSW_12_6_0/config/SCRAM/hooks
DEBUG 2023-11-14 17:56:01.659 UTC: 	 Adding directory /afs/cern.ch/user/l/lfavilla/CMSSW_12_6_0/config/SCRAM/hooks to tarball
DEBUG 2023-11-14 17:56:05.623 UTC: 	 Adding directory /afs/cern.ch/user/l/lfavilla/CMSSW_12_6_0/src/PhysicsTools/NanoAODTools/data to tarball
DEBUG 2023-11-14 17:56:31.756 UTC: 	 Adding directory /afs/cern.ch/user/l/lfavilla/CMSSW_12_6_0/src/PhysicsTools/NanoAODTools/interface to tarball
DEBUG 2023-11-14 17:56:31.780 UTC: 	 Adding directory /afs/cern.ch/user/l/lfavilla/CMSSW_12_6_0/src/PhysicsTools/NanoAODTools/python to tarball
DEBUG 2023-11-14 17:58:15.486 UTC: 	 Adding directory /afs/cern.ch/user/l/lfavilla/CMSSW_12_6_0/src/PhysicsTools/NanoAODTools/python/postprocessing/data to tarball
DEBUG 2023-11-14 17:58:20.053 UTC: 	 Adding file crab_script.py to tarball
DEBUG 2023-11-14 17:58:20.161 UTC: 	 Adding file ../scripts/haddnano.py to tarball
DEBUG 2023-11-14 17:58:20.200 UTC: 	 Adding file ../scripts/keep_and_drop.txt to tarball
DEBUG 2023-11-14 17:58:25.336 UTC: 	 Uploading archive /afs/cern.ch/user/l/lfavilla/CMSSW_12_6_0/src/PhysicsTools/NanoAODTools/crab/crab_TprimeToTZ_700_2018/inputs/5b07806b-8f5a-4414-9581-00c7dfa98665default.tgz (88 MB) to the CRAB cache. Using URI https://cmsweb.cern.ch/S3/crabcache_prod
DEBUG 2023-11-14 17:58:53.138 UTC: 	 Encoded data for curl request: subresource=upload&objecttype=sandbox&tarballname=b5b851833246b982a5e7fea5ed9ca556c3b0f06691b06de9010eebad2f889798.tar.gz
DEBUG 2023-11-14 17:58:53.289 UTC: 	 Will execute:
curl -f -v -X POST  -H "User-Agent: CRAB" -F "key=lfavilla/sandboxes/b5b851833246b982a5e7fea5ed9ca556c3b0f06691b06de9010eebad2f889798.tar.gz" -F "AWSAccessKeyId=ab00fcc889f248c495d2875f15a3badb" -F "policy=eyJleHBpcmF0aW9uIjogIjIwMjMtMTEtMTRUMTg6NTg6NTNaIiwgImNvbmRpdGlvbnMiOiBbeyJidWNrZXQiOiAiY3JhYmNhY2hlX3Byb2QifSwgeyJrZXkiOiAibGZhdmlsbGEvc2FuZGJveGVzL2I1Yjg1MTgzMzI0NmI5ODJhNWU3ZmVhNWVkOWNhNTU2YzNiMGYwNjY5MWIwNmRlOTAxMGVlYmFkMmY4ODk3OTgudGFyLmd6In1dfQ==" -F "signature=qxMfOTsZW9wDtlGbxd0N2nhIGzk=" -F "file=@/afs/cern.ch/user/l/lfavilla/CMSSW_12_6_0/src/PhysicsTools/NanoAODTools/crab/crab_TprimeToTZ_700_2018/inputs/5b07806b-8f5a-4414-9581-00c7dfa98665default.tgz" "https://s3.cern.ch/crabcache_prod"
DEBUG 2023-11-14 17:58:55.036 UTC: 	 exitcode: 0
stdout: b''
DEBUG 2023-11-14 17:58:55.037 UTC: 	 sandbox /afs/cern.ch/user/l/lfavilla/CMSSW_12_6_0/src/PhysicsTools/NanoAODTools/crab/crab_TprimeToTZ_700_2018/inputs/5b07806b-8f5a-4414-9581-00c7dfa98665default.tgz successully uploaded to S3
DEBUG 2023-11-14 17:58:55.037 UTC: 	 Loading required information from the environment
DEBUG 2023-11-14 17:58:55.037 UTC: 	 Found CMSSW_12_6_0 for slc7_amd64_gcc10 with base /afs/cern.ch/user/l/lfavilla/CMSSW_12_6_0
DEBUG 2023-11-14 17:58:55.037 UTC: 	 Making tarball in /afs/cern.ch/user/l/lfavilla/CMSSW_12_6_0/src/PhysicsTools/NanoAODTools/crab/crab_TprimeToTZ_700_2018/inputs/debugFiles.tgz
DEBUG 2023-11-14 17:58:55.044 UTC: 	 Uploading archive /afs/cern.ch/user/l/lfavilla/CMSSW_12_6_0/src/PhysicsTools/NanoAODTools/crab/crab_TprimeToTZ_700_2018/inputs/debugFiles.tgz (1 KB) to the CRAB cache. Using URI https://cmsweb.cern.ch/S3/crabcache_prod
DEBUG 2023-11-14 17:58:55.047 UTC: 	 Encoded data for curl request: subresource=upload&objecttype=sandbox&tarballname=2a446e6873f98a09030b79aa93a5cd34930c5bb0fe32845bebc3641214dc72e6.tar.gz
DEBUG 2023-11-14 17:58:55.133 UTC: 	 Will execute:
curl -f -v -X POST  -H "User-Agent: CRAB" -F "key=lfavilla/sandboxes/2a446e6873f98a09030b79aa93a5cd34930c5bb0fe32845bebc3641214dc72e6.tar.gz" -F "AWSAccessKeyId=ab00fcc889f248c495d2875f15a3badb" -F "policy=eyJleHBpcmF0aW9uIjogIjIwMjMtMTEtMTRUMTg6NTg6NTVaIiwgImNvbmRpdGlvbnMiOiBbeyJidWNrZXQiOiAiY3JhYmNhY2hlX3Byb2QifSwgeyJrZXkiOiAibGZhdmlsbGEvc2FuZGJveGVzLzJhNDQ2ZTY4NzNmOThhMDkwMzBiNzlhYTkzYTVjZDM0OTMwYzViYjBmZTMyODQ1YmViYzM2NDEyMTRkYzcyZTYudGFyLmd6In1dfQ==" -F "signature=76muRlW5zUKE971iV7/F2fDvh7E=" -F "file=@/afs/cern.ch/user/l/lfavilla/CMSSW_12_6_0/src/PhysicsTools/NanoAODTools/crab/crab_TprimeToTZ_700_2018/inputs/debugFiles.tgz" "https://s3.cern.ch/crabcache_prod"
DEBUG 2023-11-14 17:58:55.182 UTC: 	 exitcode: 0
stdout: b''
DEBUG 2023-11-14 17:58:55.182 UTC: 	 sandbox /afs/cern.ch/user/l/lfavilla/CMSSW_12_6_0/src/PhysicsTools/NanoAODTools/crab/crab_TprimeToTZ_700_2018/inputs/debugFiles.tgz successully uploaded to S3
DEBUG 2023-11-14 17:58:55.182 UTC: 	 Result uploading input files: b5b851833246b982a5e7fea5ed9ca556c3b0f06691b06de9010eebad2f889798.tar.gz 
INFO 2023-11-14 17:58:55.184 UTC: 	 Sending the request to the server at cmsweb.cern.ch
DEBUG 2023-11-14 17:58:55.184 UTC: 	 Submitting {'dryrun': 0, 'workflow': 'crab_TprimeToTZ_700_2018', 'saveoutput': 1, 'savelogsflag': 1, 'inputdata': '/TprimeBToTZ_M-700_LH_TuneCP5_PSweights_13TeV-madgraph_pythia8/RunIISummer19UL18NanoAODv2-106X_upgrade2018_realistic_v15_L1v1-v1/NANOAODSIM', 'primarydataset': '', 'nonvaliddata': 1, 'userfiles': [], 'dbsurl': 'https://cmsweb.cern.ch/dbs/prod/global/DBSReader', 'useparent': 0, 'ignorelocality': 0, 'splitalgo': 'FileBased', 'algoargs': 1, 'totalunits': 0, 'lfn': '/store/user/lfavilla/DM_v0', 'publication': 0, 'publishdbsurl': 'https://cmsweb.cern.ch/dbs/prod/phys03/DBSWriter', 'publishname2': 'TprimeToTZ_700_2018', 'jobtype': 'Analysis', 'generator': 'pythia', 'addoutputfiles': [], 'maxjobruntime': 2700, 'numcores': 1, 'maxmemory': 2000, 'priority': 10, 'nonprodsw': 0, 'scriptexe': 'crab_script.sh', 'asyncdest': 'T2_IT_Pisa', 'requireaccelerator': 0, 'oneEventMode': 0, 'extrajdl': [], 'ignoreglobalblacklist': 0, 'partialdataset': 0, 'inputblocks': [], 'tfileoutfiles': [], 'edmoutfiles': ['tree_hadd.root'], 'jobarch': 'slc7_amd64_gcc10', 'jobsw': 'CMSSW_12_6_0', 'cacheurl': 'https://cmsweb.cern.ch/S3/crabcache_prod', 'cachefilename': 'b5b851833246b982a5e7fea5ed9ca556c3b0f06691b06de9010eebad2f889798.tar.gz', 'debugfilename': '2a446e6873f98a09030b79aa93a5cd34930c5bb0fe32845bebc3641214dc72e6.tar.gz'} 
DEBUG 2023-11-14 17:58:55.185 UTC: 	 Encoded data for curl request: dryrun=0&workflow=crab_TprimeToTZ_700_2018&saveoutput=1&savelogsflag=1&inputdata=%2FTprimeBToTZ_M-700_LH_TuneCP5_PSweights_13TeV-madgraph_pythia8%2FRunIISummer19UL18NanoAODv2-106X_upgrade2018_realistic_v15_L1v1-v1%2FNANOAODSIM&primarydataset=&nonvaliddata=1&dbsurl=https%3A%2F%2Fcmsweb.cern.ch%2Fdbs%2Fprod%2Fglobal%2FDBSReader&useparent=0&ignorelocality=0&splitalgo=FileBased&algoargs=1&totalunits=0&lfn=%2Fstore%2Fuser%2Flfavilla%2FDM_v0&publication=0&publishdbsurl=https%3A%2F%2Fcmsweb.cern.ch%2Fdbs%2Fprod%2Fphys03%2FDBSWriter&publishname2=TprimeToTZ_700_2018&jobtype=Analysis&generator=pythia&maxjobruntime=2700&numcores=1&maxmemory=2000&priority=10&nonprodsw=0&scriptexe=crab_script.sh&asyncdest=T2_IT_Pisa&requireaccelerator=0&oneEventMode=0&ignoreglobalblacklist=0&partialdataset=0&jobarch=slc7_amd64_gcc10&jobsw=CMSSW_12_6_0&cacheurl=https%3A%2F%2Fcmsweb.cern.ch%2FS3%2Fcrabcache_prod&cachefilename=b5b851833246b982a5e7fea5ed9ca556c3b0f06691b06de9010eebad2f889798.tar.gz&debugfilename=2a446e6873f98a09030b79aa93a5cd34930c5bb0fe32845bebc3641214dc72e6.tar.gz&edmoutfiles=tree_hadd.root
DEBUG 2023-11-14 17:58:55.267 UTC: 	 Result: {'result': [{'RequestName': '231114_175855:lfavilla_crab_TprimeToTZ_700_2018'}]}
INFO 2023-11-14 17:58:55.277 UTC: 	 Success: Your task has been delivered to the prod CRAB3 server.
INFO 2023-11-14 17:58:55.277 UTC: 	 Task name: 231114_175855:lfavilla_crab_TprimeToTZ_700_2018
INFO 2023-11-14 17:58:55.277 UTC: 	 Project dir: ./crab_TprimeToTZ_700_2018
INFO 2023-11-14 17:58:55.277 UTC: 	 Please use ' crab status -d ./crab_TprimeToTZ_700_2018 ' to check how the submission process proceeds.
DEBUG 2023-11-14 17:58:55.277 UTC: 	 About to return
INFO 2023-11-14 17:58:55.281 UTC: 	 Log file is /afs/cern.ch/user/l/lfavilla/CMSSW_12_6_0/src/PhysicsTools/NanoAODTools/crab/crab_TprimeToTZ_700_2018/crab.log
DEBUG 2023-11-15 14:37:58.224 UTC: 	 CRAB Client version: v3.231010
DEBUG 2023-11-15 14:37:58.224 UTC: 	 Running on: Linux lxplus743.cern.ch 3.10.0-1160.95.1.el7.x86_64 #1 SMP Mon Jul 24 13:59:37 UTC 2023 x86_64 x86_64 x86_64 GNU/Linux - CentOS Linux 7 (Core)
DEBUG 2023-11-15 14:37:58.224 UTC: 	 Executing command: 'getoutput'
DEBUG 2023-11-15 14:37:58.224 UTC: 	 Found CRAB cache file /afs/cern.ch/user/l/lfavilla/.crab3
DEBUG 2023-11-15 14:37:58.296 UTC: 	 Using VO group '' and VO role 'NULL' as written in the request cache file for this task.
DEBUG 2023-11-15 14:37:58.301 UTC: 	 Checking credentials
DEBUG 2023-11-15 14:37:58.301 UTC: 	 Found proxy file /tmp/x509up_u159320
DEBUG 2023-11-15 14:37:58.301 UTC: 	 Making sure it has proper VOMS extension
DEBUG 2023-11-15 14:37:58.301 UTC: 	 Executing command :
 voms-proxy-info --vo --file /tmp/x509up_u159320
DEBUG 2023-11-15 14:37:58.874 UTC: 	 output : cms

 error: 
 retcode : 0
DEBUG 2023-11-15 14:37:58.874 UTC: 	 Getting proxy life time left
DEBUG 2023-11-15 14:37:58.874 UTC: 	 Executing command :
 voms-proxy-info --actimeleft --timeleft --file /tmp/x509up_u159320
DEBUG 2023-11-15 14:37:59.629 UTC: 	 output : 30067
30067

 error: 
 retcode : 0
DEBUG 2023-11-15 14:37:59.629 UTC: 	 Proxy valid for 08:21:07 hours
DEBUG 2023-11-15 14:37:59.849 UTC: 	 Encoded data for curl request: subresource=delegatedn
DEBUG 2023-11-15 14:37:59.949 UTC: 	 Registering user credentials on myproxy for /DC=ch/DC=cern/OU=computers/CN=crab-(preprod|prod|dev)-tw(01|02|03).cern.ch|/DC=ch/DC=cern/OU=computers/CN=stefanov(m|m2).cern.ch|/DC=ch/DC=cern/OU=computers/CN=dciangot-tw.cern.ch
DEBUG 2023-11-15 14:37:59.950 UTC: 	 Executing command :
 voms-proxy-info --identity --file /tmp/x509up_u159320
DEBUG 2023-11-15 14:38:00.531 UTC: 	 output : /DC=ch/DC=cern/OU=Organic Units/OU=Users/CN=lfavilla/CN=867090/CN=Leonardo Favilla

 error: 
 retcode : 0
DEBUG 2023-11-15 14:38:00.531 UTC: 	 Getting myproxy life time left for 70284ad9de3a40585c76dbf527363be004fcbd17
DEBUG 2023-11-15 14:38:00.531 UTC: 	 Executing command :
 myproxy-info -s myproxy.cern.ch -l 70284ad9de3a40585c76dbf527363be004fcbd17
DEBUG 2023-11-15 14:38:00.746 UTC: 	 output : username: 70284ad9de3a40585c76dbf527363be004fcbd17
owner: /DC=ch/DC=cern/OU=Organic Units/OU=Users/CN=lfavilla/CN=867090/CN=Leonardo Favilla
  renewal policy: /DC=ch/DC=cern/OU=computers/CN=crab-(preprod|prod|dev)-tw(01|02|03).cern.ch|/DC=ch/DC=cern/OU=computers/CN=stefanov(m|m2).cern.ch|/DC=ch/DC=cern/OU=computers/CN=dciangot-tw.cern.ch
  trusted retrieval policy: /DC=ch/DC=cern/OU=computers/CN=crab-(preprod|prod|dev)-tw(01|02|03).cern.ch|/DC=ch/DC=cern/OU=computers/CN=stefanov(m|m2).cern.ch|/DC=ch/DC=cern/OU=computers/CN=dciangot-tw.cern.ch
  timeleft: 380:06:20  (15.8 days)

 error: 
 retcode : 0
DEBUG 2023-11-15 14:38:00.746 UTC: 	 Myproxy is valid: 1368360
DEBUG 2023-11-15 14:38:00.746 UTC: 	 Result of myproxy credential check:
  Credential exists on myproxy: username: 70284ad9de3a40585c76dbf527363be004fcbd17  - validity: 15 days, 20:06:00
DEBUG 2023-11-15 14:38:00.747 UTC: 	 Command use: getoutput
DEBUG 2023-11-15 14:38:00.747 UTC: 	 Options use: ['--xrootd', '--jobids=1', '-d', './crab_TprimeToTZ_700_2018/']
DEBUG 2023-11-15 14:38:00.747 UTC: 	 Encoded data for curl request: subresource=version
DEBUG 2023-11-15 14:38:00.832 UTC: 	 CRABClient version: v3.231010
DEBUG 2023-11-15 14:38:00.833 UTC: 	 Instance is prod
DEBUG 2023-11-15 14:38:00.833 UTC: 	 Server base url is cmsweb.cern.ch
DEBUG 2023-11-15 14:38:00.833 UTC: 	 Command api workflow
DEBUG 2023-11-15 14:38:00.833 UTC: 	 Encoded data for curl request: subresource=search&workflow=231114_175855%3Alfavilla_crab_TprimeToTZ_700_2018
DEBUG 2023-11-15 14:38:00.909 UTC: 	 Server result: {'desc': {'columns': ['tm_taskname', 'tm_activity', 'panda_jobset_id', 'tm_task_status', 'tm_task_command', 'tm_start_time', 'tm_start_injection', 'tm_end_injection', 'tm_task_failure', 'tm_job_sw', 'tm_job_arch', 'tm_input_dataset', 'tm_nonvalid_input_dataset', 'tm_use_parent', 'tm_site_whitelist', 'tm_site_blacklist', 'tm_split_algo', 'tm_split_args', 'tm_user_sandbox', 'tm_cache_url', 'tm_username', 'tm_user_dn', 'tm_user_vo', 'tm_user_role', 'tm_user_group', 'tm_publish_name', 'tm_publish_groupname', 'tm_asyncdest', 'tm_dbs_url', 'tm_publish_dbs_url', 'tm_publication', 'tm_outfiles', 'tm_tfile_outfiles', 'tm_edm_outfiles', 'tm_job_type', 'tm_generator', 'tm_events_per_lumi', 'tm_arguments', 'panda_resubmitted_jobs', 'tm_save_logs', 'tw_name', 'tm_user_infiles', 'tm_maxjobruntime', 'tm_numcores', 'tm_maxmemory', 'tm_priority', 'tm_output_dataset', 'tm_task_warnings', 'tm_user_webdir', 'tm_scriptexe', 'tm_scriptargs', 'tm_extrajdl', 'tm_asourl', 'tm_collector', 'tm_schedd', 'tm_dry_run', 'tm_user_files', 'tm_transfer_outputs', 'tm_output_lfn', 'tm_ignore_locality', 'tm_fail_limit', 'tm_one_event_mode', 'tm_secondary_input_dataset', 'tm_primary_dataset', 'tm_last_publication', 'tm_debug_files', 'clusterid', 'tm_asodb', 'tm_ignore_global_blacklist', 'tm_submitter_ip_addr', 'tm_totalunits', 'tm_ddm_reqid', 'tm_user_config', 'tm_transfer_container', 'tm_transfer_rule', 'tm_publish_rule']}, 'result': ['231114_175855:lfavilla_crab_TprimeToTZ_700_2018', 'None', 'None', 'SUBMITTED', 'SUBMIT', '2023-11-14 17:58:55.258954', 'None', '2023-11-14 18:00:01.128248', 'None', 'CMSSW_12_6_0', 'slc7_amd64_gcc10', '/TprimeBToTZ_M-700_LH_TuneCP5_PSweights_13TeV-madgraph_pythia8/RunIISummer19UL18NanoAODv2-106X_upgrade2018_realistic_v15_L1v1-v1/NANOAODSIM', 'T', '0', '[]', '[]', 'FileBased', "{'halt_job_on_file_boundaries': False, 'splitOnRun': False, 'files_per_job': 1, 'runs': [], 'lumis': []}", 'b5b851833246b982a5e7fea5ed9ca556c3b0f06691b06de9010eebad2f889798.tar.gz', 'https://cmsweb.cern.ch/S3/crabcache_prod', 'lfavilla', '/DC=ch/DC=cern/OU=Organic Units/OU=Users/CN=lfavilla/CN=867090/CN=Leonardo Favilla', 'cms', 'None', 'None', 'TprimeToTZ_700_2018-00000000000000000000000000000000', 'F', 'T2_IT_Pisa', 'https://cmsweb.cern.ch/dbs/prod/global/DBSReader', 'https://cmsweb.cern.ch/dbs/prod/phys03/DBSWriter', 'F', '[]', '[]', "['tree_hadd.root']", 'Analysis', 'pythia', 'None', '{}', 'None', 'T', 'crab-prod-tw01', '[]', '2700', '1', '2000', '10', "['/TprimeBToTZ_M-700_LH_TuneCP5_PSweights_13TeV-madgraph_pythia8/lfavilla-TprimeToTZ_700_2018-00000000000000000000000000000000/USER']", '[]', 'http://vocms0196.cern.ch/mon/lfavilla/231114_175855:lfavilla_crab_TprimeToTZ_700_2018', 'crab_script.sh', '[]', '[]', 'None', 'cmsgwms-collector-global.cern.ch:9620,cmsgwms-collector-global.fnal.gov:9620', 'crab3@vocms0196.cern.ch', 'F', '[]', 'T', '/store/user/lfavilla/DM_v0', 'F', 'None', 'F', 'None', 'TprimeBToTZ_M-700_LH_TuneCP5_PSweights_13TeV-madgraph_pythia8', 'None', '2a446e6873f98a09030b79aa93a5cd34930c5bb0fe32845bebc3641214dc72e6.tar.gz', '96297173', 'None', 'F', '188.185.101.116', '0.0', 'None', '{"partialdataset": false, "requireaccelerator": false, "acceleratorparams": null, "inputblocks": null}', 'None', 'None', 'None']}
DEBUG 2023-11-15 14:38:00.925 UTC: 	 CRAB Client version: v3.231010
DEBUG 2023-11-15 14:38:00.925 UTC: 	 Running on: Linux lxplus743.cern.ch 3.10.0-1160.95.1.el7.x86_64 #1 SMP Mon Jul 24 13:59:37 UTC 2023 x86_64 x86_64 x86_64 GNU/Linux - CentOS Linux 7 (Core)
DEBUG 2023-11-15 14:38:00.925 UTC: 	 Executing command: 'status'
DEBUG 2023-11-15 14:38:00.925 UTC: 	 Found CRAB cache file /afs/cern.ch/user/l/lfavilla/.crab3
DEBUG 2023-11-15 14:38:00.972 UTC: 	 Checking credentials
DEBUG 2023-11-15 14:38:00.973 UTC: 	 Found proxy file /tmp/x509up_u159320
DEBUG 2023-11-15 14:38:00.973 UTC: 	 Making sure it has proper VOMS extension
DEBUG 2023-11-15 14:38:00.973 UTC: 	 Executing command :
 voms-proxy-info --vo --file /tmp/x509up_u159320
DEBUG 2023-11-15 14:38:01.628 UTC: 	 output : cms

 error: 
 retcode : 0
DEBUG 2023-11-15 14:38:01.629 UTC: 	 Getting proxy life time left
DEBUG 2023-11-15 14:38:01.629 UTC: 	 Executing command :
 voms-proxy-info --actimeleft --timeleft --file /tmp/x509up_u159320
DEBUG 2023-11-15 14:38:02.264 UTC: 	 output : 30064
30064

 error: 
 retcode : 0
DEBUG 2023-11-15 14:38:02.264 UTC: 	 Proxy valid for 08:21:04 hours
DEBUG 2023-11-15 14:38:02.264 UTC: 	 Encoded data for curl request: subresource=delegatedn
DEBUG 2023-11-15 14:38:02.351 UTC: 	 Registering user credentials on myproxy for /DC=ch/DC=cern/OU=computers/CN=crab-(preprod|prod|dev)-tw(01|02|03).cern.ch|/DC=ch/DC=cern/OU=computers/CN=stefanov(m|m2).cern.ch|/DC=ch/DC=cern/OU=computers/CN=dciangot-tw.cern.ch
DEBUG 2023-11-15 14:38:02.351 UTC: 	 Executing command :
 voms-proxy-info --identity --file /tmp/x509up_u159320
DEBUG 2023-11-15 14:38:02.909 UTC: 	 output : /DC=ch/DC=cern/OU=Organic Units/OU=Users/CN=lfavilla/CN=867090/CN=Leonardo Favilla

 error: 
 retcode : 0
DEBUG 2023-11-15 14:38:02.910 UTC: 	 Getting myproxy life time left for 70284ad9de3a40585c76dbf527363be004fcbd17
DEBUG 2023-11-15 14:38:02.910 UTC: 	 Executing command :
 myproxy-info -s myproxy.cern.ch -l 70284ad9de3a40585c76dbf527363be004fcbd17
DEBUG 2023-11-15 14:38:03.116 UTC: 	 output : username: 70284ad9de3a40585c76dbf527363be004fcbd17
owner: /DC=ch/DC=cern/OU=Organic Units/OU=Users/CN=lfavilla/CN=867090/CN=Leonardo Favilla
  renewal policy: /DC=ch/DC=cern/OU=computers/CN=crab-(preprod|prod|dev)-tw(01|02|03).cern.ch|/DC=ch/DC=cern/OU=computers/CN=stefanov(m|m2).cern.ch|/DC=ch/DC=cern/OU=computers/CN=dciangot-tw.cern.ch
  trusted retrieval policy: /DC=ch/DC=cern/OU=computers/CN=crab-(preprod|prod|dev)-tw(01|02|03).cern.ch|/DC=ch/DC=cern/OU=computers/CN=stefanov(m|m2).cern.ch|/DC=ch/DC=cern/OU=computers/CN=dciangot-tw.cern.ch
  timeleft: 380:06:17  (15.8 days)

 error: 
 retcode : 0
DEBUG 2023-11-15 14:38:03.117 UTC: 	 Myproxy is valid: 1368360
DEBUG 2023-11-15 14:38:03.117 UTC: 	 Result of myproxy credential check:
  Credential exists on myproxy: username: 70284ad9de3a40585c76dbf527363be004fcbd17  - validity: 15 days, 20:06:00
DEBUG 2023-11-15 14:38:03.117 UTC: 	 Command use: status
DEBUG 2023-11-15 14:38:03.117 UTC: 	 Options use: []
DEBUG 2023-11-15 14:38:03.117 UTC: 	 Encoded data for curl request: subresource=version
DEBUG 2023-11-15 14:38:03.163 UTC: 	 CRABClient version: v3.231010
DEBUG 2023-11-15 14:38:03.163 UTC: 	 Instance is prod
DEBUG 2023-11-15 14:38:03.163 UTC: 	 Server base url is cmsweb.cern.ch
DEBUG 2023-11-15 14:38:03.163 UTC: 	 Command api workflow
DEBUG 2023-11-15 14:38:03.163 UTC: 	 Encoded data for curl request: subresource=search&workflow=231114_175855%3Alfavilla_crab_TprimeToTZ_700_2018
DEBUG 2023-11-15 14:38:03.285 UTC: 	 Got information from server oracle database: {'desc': {'columns': ['tm_taskname', 'tm_activity', 'panda_jobset_id', 'tm_task_status', 'tm_task_command', 'tm_start_time', 'tm_start_injection', 'tm_end_injection', 'tm_task_failure', 'tm_job_sw', 'tm_job_arch', 'tm_input_dataset', 'tm_nonvalid_input_dataset', 'tm_use_parent', 'tm_site_whitelist', 'tm_site_blacklist', 'tm_split_algo', 'tm_split_args', 'tm_user_sandbox', 'tm_cache_url', 'tm_username', 'tm_user_dn', 'tm_user_vo', 'tm_user_role', 'tm_user_group', 'tm_publish_name', 'tm_publish_groupname', 'tm_asyncdest', 'tm_dbs_url', 'tm_publish_dbs_url', 'tm_publication', 'tm_outfiles', 'tm_tfile_outfiles', 'tm_edm_outfiles', 'tm_job_type', 'tm_generator', 'tm_events_per_lumi', 'tm_arguments', 'panda_resubmitted_jobs', 'tm_save_logs', 'tw_name', 'tm_user_infiles', 'tm_maxjobruntime', 'tm_numcores', 'tm_maxmemory', 'tm_priority', 'tm_output_dataset', 'tm_task_warnings', 'tm_user_webdir', 'tm_scriptexe', 'tm_scriptargs', 'tm_extrajdl', 'tm_asourl', 'tm_collector', 'tm_schedd', 'tm_dry_run', 'tm_user_files', 'tm_transfer_outputs', 'tm_output_lfn', 'tm_ignore_locality', 'tm_fail_limit', 'tm_one_event_mode', 'tm_secondary_input_dataset', 'tm_primary_dataset', 'tm_last_publication', 'tm_debug_files', 'clusterid', 'tm_asodb', 'tm_ignore_global_blacklist', 'tm_submitter_ip_addr', 'tm_totalunits', 'tm_ddm_reqid', 'tm_user_config', 'tm_transfer_container', 'tm_transfer_rule', 'tm_publish_rule']}, 'result': ['231114_175855:lfavilla_crab_TprimeToTZ_700_2018', 'None', 'None', 'SUBMITTED', 'SUBMIT', '2023-11-14 17:58:55.258954', 'None', '2023-11-14 18:00:01.128248', 'None', 'CMSSW_12_6_0', 'slc7_amd64_gcc10', '/TprimeBToTZ_M-700_LH_TuneCP5_PSweights_13TeV-madgraph_pythia8/RunIISummer19UL18NanoAODv2-106X_upgrade2018_realistic_v15_L1v1-v1/NANOAODSIM', 'T', '0', '[]', '[]', 'FileBased', "{'halt_job_on_file_boundaries': False, 'splitOnRun': False, 'files_per_job': 1, 'runs': [], 'lumis': []}", 'b5b851833246b982a5e7fea5ed9ca556c3b0f06691b06de9010eebad2f889798.tar.gz', 'https://cmsweb.cern.ch/S3/crabcache_prod', 'lfavilla', '/DC=ch/DC=cern/OU=Organic Units/OU=Users/CN=lfavilla/CN=867090/CN=Leonardo Favilla', 'cms', 'None', 'None', 'TprimeToTZ_700_2018-00000000000000000000000000000000', 'F', 'T2_IT_Pisa', 'https://cmsweb.cern.ch/dbs/prod/global/DBSReader', 'https://cmsweb.cern.ch/dbs/prod/phys03/DBSWriter', 'F', '[]', '[]', "['tree_hadd.root']", 'Analysis', 'pythia', 'None', '{}', 'None', 'T', 'crab-prod-tw01', '[]', '2700', '1', '2000', '10', "['/TprimeBToTZ_M-700_LH_TuneCP5_PSweights_13TeV-madgraph_pythia8/lfavilla-TprimeToTZ_700_2018-00000000000000000000000000000000/USER']", '[]', 'http://vocms0196.cern.ch/mon/lfavilla/231114_175855:lfavilla_crab_TprimeToTZ_700_2018', 'crab_script.sh', '[]', '[]', 'None', 'cmsgwms-collector-global.cern.ch:9620,cmsgwms-collector-global.fnal.gov:9620', 'crab3@vocms0196.cern.ch', 'F', '[]', 'T', '/store/user/lfavilla/DM_v0', 'F', 'None', 'F', 'None', 'TprimeBToTZ_M-700_LH_TuneCP5_PSweights_13TeV-madgraph_pythia8', 'None', '2a446e6873f98a09030b79aa93a5cd34930c5bb0fe32845bebc3641214dc72e6.tar.gz', '96297173', 'None', 'F', '188.185.101.116', '0.0', 'None', '{"partialdataset": false, "requireaccelerator": false, "acceleratorparams": null, "inputblocks": null}', 'None', 'None', 'None']}
INFO 2023-11-15 14:38:03.286 UTC: 	 CRAB project directory:		/afs/cern.ch/user/l/lfavilla/CMSSW_12_6_0/src/PhysicsTools/NanoAODTools/crab/crab_TprimeToTZ_700_2018
INFO 2023-11-15 14:38:03.286 UTC: 	 Task name:			231114_175855:lfavilla_crab_TprimeToTZ_700_2018
INFO 2023-11-15 14:38:03.286 UTC: 	 Grid scheduler - Task Worker:	crab3@vocms0196.cern.ch - crab-prod-tw01
INFO 2023-11-15 14:38:03.286 UTC: 	 Status on the CRAB server:	SUBMITTED
INFO 2023-11-15 14:38:03.286 UTC: 	 Task URL to use for HELP:	https://cmsweb.cern.ch/crabserver/ui/task/231114_175855%3Alfavilla_crab_TprimeToTZ_700_2018
INFO 2023-11-15 14:38:03.325 UTC: 	 Dashboard monitoring URL:	https://monit-grafana.cern.ch/d/cmsTMDetail/cms-task-monitoring-task-view?orgId=11&var-user=lfavilla&var-task=231114_175855%3Alfavilla_crab_TprimeToTZ_700_2018&from=1699981135000&to=now
DEBUG 2023-11-15 14:38:03.325 UTC: 	 The CRAB server submitted your task to the Grid scheduler (cluster ID: 96297173)
DEBUG 2023-11-15 14:38:03.325 UTC: 	 Webdir is located at http://vocms0196.cern.ch/mon/lfavilla/231114_175855:lfavilla_crab_TprimeToTZ_700_2018
DEBUG 2023-11-15 14:38:03.325 UTC: 	 Encoded data for curl request: subresource=webdirprx&workflow=231114_175855%3Alfavilla_crab_TprimeToTZ_700_2018
DEBUG 2023-11-15 14:38:03.541 UTC: 	 Proxied webdir is located at https://cmsweb.cern.ch:8443/scheddmon/0196/lfavilla/231114_175855:lfavilla_crab_TprimeToTZ_700_2018
DEBUG 2023-11-15 14:38:03.545 UTC: 	 Retrieving 'status_cache' file from https://cmsweb.cern.ch:8443/scheddmon/0196/lfavilla/231114_175855:lfavilla_crab_TprimeToTZ_700_2018/status_cache.pkl
DEBUG 2023-11-15 14:38:03.546 UTC: 	 Will execute:
curl -sS --capath /etc/grid-security/certificates --cert /tmp/x509up_u159320 --key /tmp/x509up_u159320 -o /tmp/crab_status-cache-ow8fkdkx.pkl -w %"{http_code}" "https://cmsweb.cern.ch:8443/scheddmon/0196/lfavilla/231114_175855:lfavilla_crab_TprimeToTZ_700_2018/status_cache.pkl"
DEBUG 2023-11-15 14:38:03.546 UTC: 	 Executing command :
 curl -sS --capath /etc/grid-security/certificates --cert /tmp/x509up_u159320 --key /tmp/x509up_u159320 -o /tmp/crab_status-cache-ow8fkdkx.pkl -w %"{http_code}" "https://cmsweb.cern.ch:8443/scheddmon/0196/lfavilla/231114_175855:lfavilla_crab_TprimeToTZ_700_2018/status_cache.pkl"
DEBUG 2023-11-15 14:38:03.799 UTC: 	 output : 200
 error: 
 retcode : 0
DEBUG 2023-11-15 14:38:03.799 UTC: 	 exitcode: 0
stdout: 200
stderr: 
error details: 
DEBUG 2023-11-15 14:38:03.800 UTC: 	 Got information from status cache file: {'2': {'Retries': 1, 'Restarts': 0, 'SiteHistory': ['Unknown', 'T2_US_Purdue', 'T2_US_Purdue', 'T2_EE_Estonia', 'T2_EE_Estonia'], 'ResidentSetSize': [949152, 1119368], 'SubmitTimes': [1699984811.0, 1700004744.0], 'StartTimes': [1699984974.0, 1700004903.0], 'EndTimes': [1700001066.0, 1700035406.0], 'TotalUserCpuTimeHistory': [15436, 30288], 'TotalSysCpuTimeHistory': [682, 1940], 'WallDurations': [10.0, 193.6973946094513, 16092.0, 9.0, 30503.0], 'JobIds': ['96297195.0', '96311333.0'], 'State': 'finished', 'RecordedSite': True}, '4': {'Retries': 0, 'Restarts': 0, 'SiteHistory': ['Unknown', 'T2_IT_Pisa', 'T2_IT_Pisa'], 'ResidentSetSize': [893364], 'SubmitTimes': [1699984811.0], 'StartTimes': [1699984940.0], 'EndTimes': [1699986906.0], 'TotalUserCpuTimeHistory': [1812], 'TotalSysCpuTimeHistory': [173], 'WallDurations': [9.0, 227.6973946094513, 1966.0], 'JobIds': ['96297197.0'], 'State': 'finished', 'RecordedSite': True}, '1': {'Retries': 0, 'Restarts': 0, 'SiteHistory': ['Unknown', 'T2_US_Purdue', 'T2_US_Purdue'], 'ResidentSetSize': [948340], 'SubmitTimes': [1699984811.0], 'StartTimes': [1699985231.0], 'EndTimes': [1699995263.0], 'TotalUserCpuTimeHistory': [9346], 'TotalSysCpuTimeHistory': [414], 'WallDurations': [8.0, 236.9262182712555, 10032.0], 'JobIds': ['96297199.0'], 'State': 'finished', 'RecordedSite': True}, '3': {'Retries': 0, 'Restarts': 0, 'SiteHistory': ['Unknown', 'T2_IT_Pisa', 'T2_IT_Pisa'], 'ResidentSetSize': [903904], 'SubmitTimes': [1699984811.0], 'StartTimes': [1699984940.0], 'EndTimes': [1699996206.0], 'TotalUserCpuTimeHistory': [8884], 'TotalSysCpuTimeHistory': [923], 'WallDurations': [8.0, 227.6973946094513, 11266.0], 'JobIds': ['96297201.0'], 'State': 'finished', 'RecordedSite': True}}
INFO 2023-11-15 14:38:03.800 UTC: 	 Status on the scheduler:	COMPLETED
INFO 2023-11-15 14:38:03.800 UTC: 	 
Jobs status:                    finished     		100.0% (4/4)
INFO 2023-11-15 14:38:03.800 UTC: 	 
No publication information (publication has been disabled in the CRAB configuration file)
INFO 2023-11-15 14:38:03.800 UTC: 	 
Warning: the max jobs runtime is less than 30% of the task requested value (2700 min), please consider to request a lower value for failed jobs (allowed through crab resubmit) and/or improve the jobs splitting (e.g. config.Data.splitting = 'Automatic') in a new task.
INFO 2023-11-15 14:38:03.800 UTC: 	 
Summary of run jobs:
 * Memory: 926MB min, 1093MB max, 944MB ave
 * Runtime: 0:32:46 min, 8:28:23 max, 3:44:01 ave
 * CPU eff: 87% min, 106% max, 100% ave
 * Waste: 4:43:42 (24% of total)

DEBUG 2023-11-15 14:38:03.800 UTC: 	 Retrieving locations for task 231114_175855:lfavilla_crab_TprimeToTZ_700_2018
DEBUG 2023-11-15 14:38:03.800 UTC: 	 Retrieving all file locations
DEBUG 2023-11-15 14:38:03.800 UTC: 	 Retrieving jobs [('jobids', 1)]
DEBUG 2023-11-15 14:38:03.800 UTC: 	 Encoded data for curl request: workflow=231114_175855%3Alfavilla_crab_TprimeToTZ_700_2018&subresource=data2&limit=-1&jobids=1
DEBUG 2023-11-15 14:38:03.945 UTC: 	 Server result: {'result': [{'jobid': '2', 'lfn': '/store/user/lfavilla/DM_v0/TprimeBToTZ_M-700_LH_TuneCP5_PSweights_13TeV-madgraph_pythia8/TprimeToTZ_700_2018/231114_175855/0000/tree_hadd_2.root', 'site': 'T2_IT_Pisa', 'tmplfn': '/store/user/lfavilla/DM_v0/TprimeBToTZ_M-700_LH_TuneCP5_PSweights_13TeV-madgraph_pythia8/TprimeToTZ_700_2018/231114_175855/0000/tree_hadd_2.root', 'tmpsite': 'T2_EE_Estonia', 'directstageout': 'F', 'size': 279292962, 'checksum': {'cksum': 4156121722, 'md5': '74c24656', 'adler32': '74c24656'}}, {'jobid': '1', 'lfn': '/store/user/lfavilla/DM_v0/TprimeBToTZ_M-700_LH_TuneCP5_PSweights_13TeV-madgraph_pythia8/TprimeToTZ_700_2018/231114_175855/0000/tree_hadd_1.root', 'site': 'T2_IT_Pisa', 'tmplfn': '/store/user/lfavilla/DM_v0/TprimeBToTZ_M-700_LH_TuneCP5_PSweights_13TeV-madgraph_pythia8/TprimeToTZ_700_2018/231114_175855/0000/tree_hadd_1.root', 'tmpsite': 'T2_US_Wisconsin', 'directstageout': 'F', 'size': 148570685, 'checksum': {'cksum': 712832738, 'md5': '48b9f8da', 'adler32': '48b9f8da'}}, {'jobid': '3', 'lfn': '/store/user/lfavilla/DM_v0/TprimeBToTZ_M-700_LH_TuneCP5_PSweights_13TeV-madgraph_pythia8/TprimeToTZ_700_2018/231114_175855/0000/tree_hadd_3.root', 'site': 'T2_IT_Pisa', 'tmplfn': '/store/user/lfavilla/DM_v0/TprimeBToTZ_M-700_LH_TuneCP5_PSweights_13TeV-madgraph_pythia8/TprimeToTZ_700_2018/231114_175855/0000/tree_hadd_3.root', 'tmpsite': 'T2_IT_Pisa', 'directstageout': 'T', 'size': 71550597, 'checksum': {'cksum': 3865420719, 'md5': '6bbca1f7', 'adler32': '6bbca1f7'}}, {'jobid': '4', 'lfn': '/store/user/lfavilla/DM_v0/TprimeBToTZ_M-700_LH_TuneCP5_PSweights_13TeV-madgraph_pythia8/TprimeToTZ_700_2018/231114_175855/0000/tree_hadd_4.root', 'site': 'T2_IT_Pisa', 'tmplfn': '/store/user/lfavilla/DM_v0/TprimeBToTZ_M-700_LH_TuneCP5_PSweights_13TeV-madgraph_pythia8/TprimeToTZ_700_2018/231114_175855/0000/tree_hadd_4.root', 'tmpsite': 'T2_IT_Pisa', 'directstageout': 'T', 'size': 19997935, 'checksum': {'cksum': 3323729236, 'md5': 'f93f1dfa', 'adler32': 'f93f1dfa'}}]}
DEBUG 2023-11-15 14:38:03.945 UTC: 	 Getting url info
DEBUG 2023-11-15 14:38:03.945 UTC: 	 XRootD urls are requested
INFO 2023-11-15 14:38:03.945 UTC: 	 root://cms-xrd-global.cern.ch//store/user/lfavilla/DM_v0/TprimeBToTZ_M-700_LH_TuneCP5_PSweights_13TeV-madgraph_pythia8/TprimeToTZ_700_2018/231114_175855/0000/tree_hadd_2.root
root://cms-xrd-global.cern.ch//store/user/lfavilla/DM_v0/TprimeBToTZ_M-700_LH_TuneCP5_PSweights_13TeV-madgraph_pythia8/TprimeToTZ_700_2018/231114_175855/0000/tree_hadd_1.root
root://cms-xrd-global.cern.ch//store/user/lfavilla/DM_v0/TprimeBToTZ_M-700_LH_TuneCP5_PSweights_13TeV-madgraph_pythia8/TprimeToTZ_700_2018/231114_175855/0000/tree_hadd_3.root
root://cms-xrd-global.cern.ch//store/user/lfavilla/DM_v0/TprimeBToTZ_M-700_LH_TuneCP5_PSweights_13TeV-madgraph_pythia8/TprimeToTZ_700_2018/231114_175855/0000/tree_hadd_4.root
DEBUG 2023-11-15 14:38:03.956 UTC: 	 Log file is /afs/cern.ch/user/l/lfavilla/CMSSW_12_6_0/src/PhysicsTools/NanoAODTools/crab/crab_TprimeToTZ_700_2018/crab.log
