DEBUG 2023-06-06 10:41:52.372 UTC: 	 CRAB Client version: v3.230417
DEBUG 2023-06-06 10:41:52.372 UTC: 	 Running on: Linux lxplus725.cern.ch 3.10.0-1160.90.1.el7.x86_64 #1 SMP Thu May 4 15:21:22 UTC 2023 x86_64 x86_64 x86_64 GNU/Linux - CentOS Linux 7 (Core)
DEBUG 2023-06-06 10:41:52.372 UTC: 	 Executing command: 'submit'
DEBUG 2023-06-06 10:41:52.372 UTC: 	 Found CRAB cache file /afs/cern.ch/user/l/lfavilla/.crab3
INFO 2023-06-06 10:41:52.373 UTC: 	 Will use CRAB configuration file crab_cfg.py
DEBUG 2023-06-06 10:41:52.373 UTC: 	 Loading CRAB configuration file.
DEBUG 2023-06-06 10:41:52.417 UTC: 	 Will use CRAB Analysis plugin (i.e. will run an analysis job type).
DEBUG 2023-06-06 10:41:52.550 UTC: 	 Checking credentials
DEBUG 2023-06-06 10:41:52.550 UTC: 	 Proxy file /tmp/x509up_u159320 not found
DEBUG 2023-06-06 10:41:52.550 UTC: 	 Creating new proxy for 172:00 hours
DEBUG 2023-06-06 10:41:52.550 UTC: 	 Executing command :
 voms-proxy-init --rfc --cert ~/.globus/usercert.pem --key ~/.globus/userkey.pem --out /tmp/x509up_u159320 --valid 192:00 --voms cms:/cms
DEBUG 2023-06-06 10:41:57.872 UTC: 	 output : 
 error: 
 retcode : 0
DEBUG 2023-06-06 10:41:57.872 UTC: 	 Executing command :
 voms-proxy-info --actimeleft --timeleft --file /tmp/x509up_u159320
DEBUG 2023-06-06 10:41:58.320 UTC: 	 output : 691198
691198

 error: 
 retcode : 0
DEBUG 2023-06-06 10:41:58.321 UTC: 	 Proxy created.
DEBUG 2023-06-06 10:41:58.338 UTC: 	 Encoded data for curl request: subresource=delegatedn
DEBUG 2023-06-06 10:41:58.338 UTC: 	 Executing command :
 curl -v -X GET -H "User-Agent: CRABClient/v3.230417" -H "Accept: */*" --data @/tmp/crab_curlData2vgfk6lu --cert "/tmp/x509up_u159320" --key "/tmp/x509up_u159320" --capath "/etc/grid-security/certificates/" "https://cmsweb.cern.ch:8443/crabserver/prod/info?subresource=delegatedn" | tee /dev/stderr 
DEBUG 2023-06-06 10:41:58.384 UTC: 	 output : {"result": [
 {"services": ["/DC=ch/DC=cern/OU=computers/CN=crab-(preprod|prod|dev)-tw(01|02|03).cern.ch|/DC=ch/DC=cern/OU=computers/CN=stefanov(m|m2).cern.ch|/DC=ch/DC=cern/OU=computers/CN=dciangot-tw.cern.ch"]}
]}

 error:   % Total    % Received % Xferd  Average Speed   Time    Time     Time  Current
                                 Dload  Upload   Total   Spent    Left  Speed
  0     0    0     0    0     0      0      0 --:--:-- --:--:-- --:--:--     0*   Trying 188.185.89.202:8443...
* Connected to cmsweb.cern.ch (188.185.89.202) port 8443 (#0)
* ALPN, offering http/1.1
* Cipher selection: ALL:!EXPORT:!EXPORT40:!EXPORT56:!aNULL:!LOW:!RC4:@STRENGTH
* successfully set certificate verify locations:
*  CAfile: /etc/pki/tls/certs/ca-bundle.crt
*  CApath: /etc/grid-security/certificates/
* TLSv1.2 (OUT), TLS header, Certificate Status (22):
} [5 bytes data]
* TLSv1.2 (OUT), TLS handshake, Client hello (1):
} [512 bytes data]
* TLSv1.2 (IN), TLS handshake, Server hello (2):
{ [109 bytes data]
* TLSv1.2 (IN), TLS handshake, Certificate (11):
{ [6240 bytes data]
* TLSv1.2 (IN), TLS handshake, Server key exchange (12):
{ [333 bytes data]
* TLSv1.2 (IN), TLS handshake, Request CERT (13):
{ [13122 bytes data]
* TLSv1.2 (IN), TLS handshake, Server finished (14):
{ [4 bytes data]
* TLSv1.2 (OUT), TLS handshake, Certificate (11):
} [6775 bytes data]
* TLSv1.2 (OUT), TLS handshake, Client key exchange (16):
} [70 bytes data]
* TLSv1.2 (OUT), TLS handshake, CERT verify (15):
} [264 bytes data]
* TLSv1.2 (OUT), TLS change cipher, Change cipher spec (1):
} [1 bytes data]
* TLSv1.2 (OUT), TLS handshake, Finished (20):
} [16 bytes data]
* TLSv1.2 (IN), TLS change cipher, Change cipher spec (1):
{ [1 bytes data]
* TLSv1.2 (IN), TLS handshake, Finished (20):
{ [16 bytes data]
* SSL connection using TLSv1.2 / ECDHE-RSA-AES128-GCM-SHA256
* ALPN, server accepted to use http/1.1
* Server certificate:
*  subject: DC=ch; DC=cern; OU=computers; CN=cmsweb.cern.ch
*  start date: Feb 28 02:56:51 2023 GMT
*  expire date: Apr  3 02:56:51 2024 GMT
*  subjectAltName: host "cmsweb.cern.ch" matched cert's "cmsweb.cern.ch"
*  issuer: DC=ch; DC=cern; CN=CERN Grid Certification Authority
*  SSL certificate verify ok.
} [5 bytes data]
> GET /crabserver/prod/info?subresource=delegatedn HTTP/1.1
> Host: cmsweb.cern.ch:8443
> User-Agent: CRABClient/v3.230417
> Accept: */*
> Content-Length: 22
> Content-Type: application/x-www-form-urlencoded
> 
} [22 bytes data]
* Mark bundle as not supporting multiuse
< HTTP/1.1 200 OK
< Date: Tue, 06 Jun 2023 10:41:58 GMT
< Server: Apache
< Content-Type: application/json
< Content-Length: 216
< Vary: Accept
< Cache-Control: max-age=3600
< X-Rest-Status: 100
< Etag: "531fb58a933656ea08a7f418b273fdae3c95932a"
< X-Rest-Time: 2220.154 us
< CMS-Server-Time: D=10309 t=1686048118370854
< 
{ [5 bytes data]
100   238  100   216  100    22   8231    838 --:--:-- --:--:-- --:--:--  9153
* Connection #0 to host cmsweb.cern.ch left intact
{"result": [
 {"services": ["/DC=ch/DC=cern/OU=computers/CN=crab-(preprod|prod|dev)-tw(01|02|03).cern.ch|/DC=ch/DC=cern/OU=computers/CN=stefanov(m|m2).cern.ch|/DC=ch/DC=cern/OU=computers/CN=dciangot-tw.cern.ch"]}
]}

 retcode : 0
DEBUG 2023-06-06 10:41:58.385 UTC: 	 Registering user credentials on myproxy for /DC=ch/DC=cern/OU=computers/CN=crab-(preprod|prod|dev)-tw(01|02|03).cern.ch|/DC=ch/DC=cern/OU=computers/CN=stefanov(m|m2).cern.ch|/DC=ch/DC=cern/OU=computers/CN=dciangot-tw.cern.ch
DEBUG 2023-06-06 10:41:58.385 UTC: 	 Executing command :
 voms-proxy-info --identity --file /tmp/x509up_u159320
DEBUG 2023-06-06 10:41:58.834 UTC: 	 output : /DC=ch/DC=cern/OU=Organic Units/OU=Users/CN=lfavilla/CN=867090/CN=Leonardo Favilla

 error: 
 retcode : 0
DEBUG 2023-06-06 10:41:58.834 UTC: 	 Getting myproxy life time left for 70284ad9de3a40585c76dbf527363be004fcbd17
DEBUG 2023-06-06 10:41:58.834 UTC: 	 Executing command :
 myproxy-info -s myproxy.cern.ch -l 70284ad9de3a40585c76dbf527363be004fcbd17
DEBUG 2023-06-06 10:41:59.120 UTC: 	 output : username: 70284ad9de3a40585c76dbf527363be004fcbd17
owner: /DC=ch/DC=cern/OU=Organic Units/OU=Users/CN=lfavilla/CN=867090/CN=Leonardo Favilla
  renewal policy: /DC=ch/DC=cern/OU=computers/CN=crab-(preprod|prod|dev)-tw(01|02|03).cern.ch|/DC=ch/DC=cern/OU=computers/CN=stefanov(m|m2).cern.ch|/DC=ch/DC=cern/OU=computers/CN=dciangot-tw.cern.ch
  trusted retrieval policy: /DC=ch/DC=cern/OU=computers/CN=crab-(preprod|prod|dev)-tw(01|02|03).cern.ch|/DC=ch/DC=cern/OU=computers/CN=stefanov(m|m2).cern.ch|/DC=ch/DC=cern/OU=computers/CN=dciangot-tw.cern.ch
  timeleft: 580:02:33  (24.2 days)

 error: 
 retcode : 0
DEBUG 2023-06-06 10:41:59.121 UTC: 	 Myproxy is valid: 2088120
DEBUG 2023-06-06 10:41:59.121 UTC: 	 Result of myproxy credential check:
  Credential exists on myproxy: username: 70284ad9de3a40585c76dbf527363be004fcbd17  - validity: 24 days, 4:02:00
DEBUG 2023-06-06 10:41:59.121 UTC: 	 Command use: submit
DEBUG 2023-06-06 10:41:59.121 UTC: 	 Options use: ['-c', 'crab_cfg.py']
DEBUG 2023-06-06 10:41:59.121 UTC: 	 Encoded data for curl request: subresource=version
DEBUG 2023-06-06 10:41:59.121 UTC: 	 Executing command :
 curl -v -X GET -H "User-Agent: CRABClient/v3.230417" -H "Accept: */*" --data @/tmp/crab_curlData6jdd0f21 --cert "/tmp/x509up_u159320" --key "/tmp/x509up_u159320" --capath "/etc/grid-security/certificates/" "https://cmsweb.cern.ch:8443/crabserver/prod/info?subresource=version" | tee /dev/stderr 
DEBUG 2023-06-06 10:41:59.164 UTC: 	 output : {"result": [
 ["3.3.19", "3.3.20", "v3", "development", "v3.230504"]
]}

 error:   % Total    % Received % Xferd  Average Speed   Time    Time     Time  Current
                                 Dload  Upload   Total   Spent    Left  Speed
  0     0    0     0    0     0      0      0 --:--:-- --:--:-- --:--:--     0*   Trying 188.185.89.202:8443...
* Connected to cmsweb.cern.ch (188.185.89.202) port 8443 (#0)
* ALPN, offering http/1.1
* Cipher selection: ALL:!EXPORT:!EXPORT40:!EXPORT56:!aNULL:!LOW:!RC4:@STRENGTH
* successfully set certificate verify locations:
*  CAfile: /etc/pki/tls/certs/ca-bundle.crt
*  CApath: /etc/grid-security/certificates/
* TLSv1.2 (OUT), TLS header, Certificate Status (22):
} [5 bytes data]
* TLSv1.2 (OUT), TLS handshake, Client hello (1):
} [512 bytes data]
* TLSv1.2 (IN), TLS handshake, Server hello (2):
{ [109 bytes data]
* TLSv1.2 (IN), TLS handshake, Certificate (11):
{ [6240 bytes data]
* TLSv1.2 (IN), TLS handshake, Server key exchange (12):
{ [333 bytes data]
* TLSv1.2 (IN), TLS handshake, Request CERT (13):
{ [13122 bytes data]
* TLSv1.2 (IN), TLS handshake, Server finished (14):
{ [4 bytes data]
* TLSv1.2 (OUT), TLS handshake, Certificate (11):
} [6775 bytes data]
* TLSv1.2 (OUT), TLS handshake, Client key exchange (16):
} [70 bytes data]
* TLSv1.2 (OUT), TLS handshake, CERT verify (15):
} [264 bytes data]
* TLSv1.2 (OUT), TLS change cipher, Change cipher spec (1):
} [1 bytes data]
* TLSv1.2 (OUT), TLS handshake, Finished (20):
} [16 bytes data]
* TLSv1.2 (IN), TLS change cipher, Change cipher spec (1):
{ [1 bytes data]
* TLSv1.2 (IN), TLS handshake, Finished (20):
{ [16 bytes data]
* SSL connection using TLSv1.2 / ECDHE-RSA-AES128-GCM-SHA256
* ALPN, server accepted to use http/1.1
* Server certificate:
*  subject: DC=ch; DC=cern; OU=computers; CN=cmsweb.cern.ch
*  start date: Feb 28 02:56:51 2023 GMT
*  expire date: Apr  3 02:56:51 2024 GMT
*  subjectAltName: host "cmsweb.cern.ch" matched cert's "cmsweb.cern.ch"
*  issuer: DC=ch; DC=cern; CN=CERN Grid Certification Authority
*  SSL certificate verify ok.
} [5 bytes data]
> GET /crabserver/prod/info?subresource=version HTTP/1.1
> Host: cmsweb.cern.ch:8443
> User-Agent: CRABClient/v3.230417
> Accept: */*
> Content-Length: 19
> Content-Type: application/x-www-form-urlencoded
> 
} [19 bytes data]
* Mark bundle as not supporting multiuse
< HTTP/1.1 200 OK
< Date: Tue, 06 Jun 2023 10:41:59 GMT
< Server: Apache
< Content-Type: application/json
< Content-Length: 72
< Vary: Accept
< Cache-Control: max-age=3600
< X-Rest-Status: 100
< Etag: "63f3e3aba51685849350eabf1b77b9be151d379c"
< X-Rest-Time: 2316.952 us
< CMS-Server-Time: D=9458 t=1686048119149470
< 
{ [5 bytes data]
100    91  100    72  100    19   2835    748 --:--:-- --:--:-- --:--:--  3640
* Connection #0 to host cmsweb.cern.ch left intact
{"result": [
 ["3.3.19", "3.3.20", "v3", "development", "v3.230504"]
]}

 retcode : 0
DEBUG 2023-06-06 10:41:59.164 UTC: 	 CRABClient version: v3.230417
DEBUG 2023-06-06 10:41:59.164 UTC: 	 Instance is prod
DEBUG 2023-06-06 10:41:59.164 UTC: 	 Server base url is cmsweb.cern.ch
DEBUG 2023-06-06 10:41:59.164 UTC: 	 Command api workflow
DEBUG 2023-06-06 10:41:59.164 UTC: 	 Started submission
DEBUG 2023-06-06 10:41:59.164 UTC: 	 Working on /afs/cern.ch/user/l/lfavilla/CMSSW_12_6_0/src/PhysicsTools/NanoAODTools/crab/crab_ZJetsToNuNu_HT100To200_2018
DEBUG 2023-06-06 10:41:59.165 UTC: 	 Encoded data for curl request: subresource=backendurls
DEBUG 2023-06-06 10:41:59.165 UTC: 	 Executing command :
 curl -v -X GET -H "User-Agent: CRABClient/v3.230417" -H "Accept: */*" --data @/tmp/crab_curlDataymzxcnmz --cert "/tmp/x509up_u159320" --key "/tmp/x509up_u159320" --capath "/etc/grid-security/certificates/" "https://cmsweb.cern.ch:8443/crabserver/prod/info?subresource=backendurls" | tee /dev/stderr 
DEBUG 2023-06-06 10:41:59.209 UTC: 	 output : {"result": [
 {"cacheSSL": "https://cmsweb.cern.ch/S3/crabcache_prod", "htcondorSchedds": {"crab3@vocms059.cern.ch": {"proxiedurl": "https://cmsweb.cern.ch:8443/scheddmon/059", "weightfactor": 0}, "crab3@vocms068.cern.ch": {"proxiedurl": "https://cmsweb.cern.ch:8443/scheddmon/068", "weightfactor": 1}, "crab3@vocms069.cern.ch": {"proxiedurl": "https://cmsweb.cern.ch:8443/scheddmon/069", "weightfactor": 1}, "crab3@vocms0106.cern.ch": {"proxiedurl": "https://cmsweb.cern.ch:8443/scheddmon/0106", "weightfactor": 1}, "crab3@vocms0107.cern.ch": {"proxiedurl": "https://cmsweb.cern.ch:8443/scheddmon/0107", "weightfactor": 1}, "crab3@vocms0119.cern.ch": {"proxiedurl": "https://cmsweb.cern.ch:8443/scheddmon/0119", "weightfactor": 1}, "crab3@vocms0120.cern.ch": {"proxiedurl": "https://cmsweb.cern.ch:8443/scheddmon/0120", "weightfactor": 1}, "crab3@vocms0121.cern.ch": {"proxiedurl": "https://cmsweb.cern.ch:8443/scheddmon/0121", "weightfactor": 1}, "crab3@vocms0122.cern.ch": {"proxiedurl": "https://cmsweb.cern.ch:8443/scheddmon/0122", "weightfactor": 1}, "crab3@vocms0137.cern.ch": {"proxiedurl": "https://cmsweb.cern.ch:8443/scheddmon/0137", "weightfactor": 1}, "crab3@vocms0144.cern.ch": {"proxiedurl": "https://cmsweb.cern.ch:8443/scheddmon/0144", "weightfactor": 1}, "crab3@vocms0155.cern.ch": {"proxiedurl": "https://cmsweb.cern.ch:8443/scheddmon/0155", "weightfactor": 1}, "crab3@vocms0194.cern.ch": {"proxiedurl": "https://cmsweb.cern.ch:8443/scheddmon/0194", "weightfactor": 1}, "crab3@vocms0195.cern.ch": {"proxiedurl": "https://cmsweb.cern.ch:8443/scheddmon/0195", "weightfactor": 1}, "crab3@vocms0196.cern.ch": {"proxiedurl": "https://cmsweb.cern.ch:8443/scheddmon/0196", "weightfactor": 1}, "crab3@vocms0197.cern.ch": {"proxiedurl": "https://cmsweb.cern.ch:8443/scheddmon/0197", "weightfactor": 1}, "crab3@vocms0198.cern.ch": {"proxiedurl": "https://cmsweb.cern.ch:8443/scheddmon/0198", "weightfactor": 1}, "crab3@vocms0199.cern.ch": {"proxiedurl": "https://cmsweb.cern.ch:8443/scheddmon/0199", "weightfactor": 1}, "crab3@crab-preprod-scd03.cern.ch": {"proxiedurl": "https://cmsweb.cern.ch:8443/scheddmon/crab-preprod-scd03", "weightfactor": 0}}, "htcondorPool": "cmsgwms-collector-global.cern.ch:9620,cmsgwms-collector-global.fnal.gov:9620"}
]}

 error:   % Total    % Received % Xferd  Average Speed   Time    Time     Time  Current
                                 Dload  Upload   Total   Spent    Left  Speed
  0     0    0     0    0     0      0      0 --:--:-- --:--:-- --:--:--     0*   Trying 188.185.89.202:8443...
* Connected to cmsweb.cern.ch (188.185.89.202) port 8443 (#0)
* ALPN, offering http/1.1
* Cipher selection: ALL:!EXPORT:!EXPORT40:!EXPORT56:!aNULL:!LOW:!RC4:@STRENGTH
* successfully set certificate verify locations:
*  CAfile: /etc/pki/tls/certs/ca-bundle.crt
*  CApath: /etc/grid-security/certificates/
* TLSv1.2 (OUT), TLS header, Certificate Status (22):
} [5 bytes data]
* TLSv1.2 (OUT), TLS handshake, Client hello (1):
} [512 bytes data]
* TLSv1.2 (IN), TLS handshake, Server hello (2):
{ [109 bytes data]
* TLSv1.2 (IN), TLS handshake, Certificate (11):
{ [6240 bytes data]
* TLSv1.2 (IN), TLS handshake, Server key exchange (12):
{ [333 bytes data]
* TLSv1.2 (IN), TLS handshake, Request CERT (13):
{ [13122 bytes data]
* TLSv1.2 (IN), TLS handshake, Server finished (14):
{ [4 bytes data]
* TLSv1.2 (OUT), TLS handshake, Certificate (11):
} [6775 bytes data]
* TLSv1.2 (OUT), TLS handshake, Client key exchange (16):
} [70 bytes data]
* TLSv1.2 (OUT), TLS handshake, CERT verify (15):
} [264 bytes data]
* TLSv1.2 (OUT), TLS change cipher, Change cipher spec (1):
} [1 bytes data]
* TLSv1.2 (OUT), TLS handshake, Finished (20):
} [16 bytes data]
* TLSv1.2 (IN), TLS change cipher, Change cipher spec (1):
{ [1 bytes data]
* TLSv1.2 (IN), TLS handshake, Finished (20):
{ [16 bytes data]
* SSL connection using TLSv1.2 / ECDHE-RSA-AES128-GCM-SHA256
* ALPN, server accepted to use http/1.1
* Server certificate:
*  subject: DC=ch; DC=cern; OU=computers; CN=cmsweb.cern.ch
*  start date: Feb 28 02:56:51 2023 GMT
*  expire date: Apr  3 02:56:51 2024 GMT
*  subjectAltName: host "cmsweb.cern.ch" matched cert's "cmsweb.cern.ch"
*  issuer: DC=ch; DC=cern; CN=CERN Grid Certification Authority
*  SSL certificate verify ok.
} [5 bytes data]
> GET /crabserver/prod/info?subresource=backendurls HTTP/1.1
> Host: cmsweb.cern.ch:8443
> User-Agent: CRABClient/v3.230417
> Accept: */*
> Content-Length: 23
> Content-Type: application/x-www-form-urlencoded
> 
} [23 bytes data]
* Mark bundle as not supporting multiuse
< HTTP/1.1 200 OK
< Date: Tue, 06 Jun 2023 10:41:59 GMT
< Server: Apache
< Content-Type: application/json
< Content-Length: 2260
< Vary: Accept
< Cache-Control: max-age=3600
< X-Rest-Status: 100
< Etag: "54594f7741620a590cf934e274196c47e3ab9b81"
< X-Rest-Time: 2710.581 us
< CMS-Server-Time: D=10286 t=1686048119196421
< 
{ [5 bytes data]
100  2283  100  2260  100    23  94918    965 --:--:-- --:--:-- --:--:-- 99260
* Connection #0 to host cmsweb.cern.ch left intact
{"result": [
 {"cacheSSL": "https://cmsweb.cern.ch/S3/crabcache_prod", "htcondorSchedds": {"crab3@vocms059.cern.ch": {"proxiedurl": "https://cmsweb.cern.ch:8443/scheddmon/059", "weightfactor": 0}, "crab3@vocms068.cern.ch": {"proxiedurl": "https://cmsweb.cern.ch:8443/scheddmon/068", "weightfactor": 1}, "crab3@vocms069.cern.ch": {"proxiedurl": "https://cmsweb.cern.ch:8443/scheddmon/069", "weightfactor": 1}, "crab3@vocms0106.cern.ch": {"proxiedurl": "https://cmsweb.cern.ch:8443/scheddmon/0106", "weightfactor": 1}, "crab3@vocms0107.cern.ch": {"proxiedurl": "https://cmsweb.cern.ch:8443/scheddmon/0107", "weightfactor": 1}, "crab3@vocms0119.cern.ch": {"proxiedurl": "https://cmsweb.cern.ch:8443/scheddmon/0119", "weightfactor": 1}, "crab3@vocms0120.cern.ch": {"proxiedurl": "https://cmsweb.cern.ch:8443/scheddmon/0120", "weightfactor": 1}, "crab3@vocms0121.cern.ch": {"proxiedurl": "https://cmsweb.cern.ch:8443/scheddmon/0121", "weightfactor": 1}, "crab3@vocms0122.cern.ch": {"proxiedurl": "https://cmsweb.cern.ch:8443/scheddmon/0122", "weightfactor": 1}, "crab3@vocms0137.cern.ch": {"proxiedurl": "https://cmsweb.cern.ch:8443/scheddmon/0137", "weightfactor": 1}, "crab3@vocms0144.cern.ch": {"proxiedurl": "https://cmsweb.cern.ch:8443/scheddmon/0144", "weightfactor": 1}, "crab3@vocms0155.cern.ch": {"proxiedurl": "https://cmsweb.cern.ch:8443/scheddmon/0155", "weightfactor": 1}, "crab3@vocms0194.cern.ch": {"proxiedurl": "https://cmsweb.cern.ch:8443/scheddmon/0194", "weightfactor": 1}, "crab3@vocms0195.cern.ch": {"proxiedurl": "https://cmsweb.cern.ch:8443/scheddmon/0195", "weightfactor": 1}, "crab3@vocms0196.cern.ch": {"proxiedurl": "https://cmsweb.cern.ch:8443/scheddmon/0196", "weightfactor": 1}, "crab3@vocms0197.cern.ch": {"proxiedurl": "https://cmsweb.cern.ch:8443/scheddmon/0197", "weightfactor": 1}, "crab3@vocms0198.cern.ch": {"proxiedurl": "https://cmsweb.cern.ch:8443/scheddmon/0198", "weightfactor": 1}, "crab3@vocms0199.cern.ch": {"proxiedurl": "https://cmsweb.cern.ch:8443/scheddmon/0199", "weightfactor": 1}, "crab3@crab-preprod-scd03.cern.ch": {"proxiedurl": "https://cmsweb.cern.ch:8443/scheddmon/crab-preprod-scd03", "weightfactor": 0}}, "htcondorPool": "cmsgwms-collector-global.cern.ch:9620,cmsgwms-collector-global.fnal.gov:9620"}
]}

 retcode : 0
DEBUG 2023-06-06 10:41:59.270 UTC: 	 Loading required information from the environment
DEBUG 2023-06-06 10:41:59.271 UTC: 	 Found CMSSW_12_6_0 for slc7_amd64_gcc10 with base /afs/cern.ch/user/l/lfavilla/CMSSW_12_6_0
DEBUG 2023-06-06 10:41:59.271 UTC: 	 Loading required information from the environment
DEBUG 2023-06-06 10:41:59.271 UTC: 	 Found CMSSW_12_6_0 for slc7_amd64_gcc10 with base /afs/cern.ch/user/l/lfavilla/CMSSW_12_6_0
DEBUG 2023-06-06 10:41:59.271 UTC: 	 UNIQUE NAME: tarUUID 3f4e6c58-ca41-4932-bdcb-79ffddb041b7 
DEBUG 2023-06-06 10:41:59.271 UTC: 	 self.config: from WMCore.Configuration import Configuration
config = Configuration()
config.section_('General')
config.General.requestName = 'ZJetsToNuNu_HT100To200_2018'
config.General.transferLogs = True
config.section_('JobType')
config.JobType.inputFiles = ['crab_script.py', '../scripts/haddnano.py', '../scripts/keep_and_drop.txt']
config.JobType.sendPythonFolder = True
config.JobType.scriptExe = 'crab_script.sh'
config.JobType.pluginName = 'Analysis'
config.JobType.psetName = 'PSet.py'
config.section_('Data')
config.Data.inputDataset = '/ZJetsToNuNu_HT-100To200_TuneCP5_13TeV-madgraphMLM-pythia8/RunIISummer20UL18NanoAODv2-106X_upgrade2018_realistic_v15_L1v1-v1/NANOAODSIM'
config.Data.outLFNDirBase = '/store/user/lfavilla/DM_v0'
config.Data.splitting = 'FileBased'
config.Data.allowNonValidInputDataset = True
config.Data.unitsPerJob = 1
config.Data.publication = False
config.Data.inputDBS = 'global'
config.Data.outputDatasetTag = 'ZJetsToNuNu_HT100To200_2018'
config.section_('Site')
config.Site.storageSite = 'T2_IT_Pisa'

DEBUG 2023-06-06 10:41:59.271 UTC: 	 self.config.JobType.psetName: PSet.py
INFO 2023-06-06 10:41:59.271 UTC: 	 Importing CMSSW configuration PSet.py
INFO 2023-06-06 10:41:59.676 UTC: 	 Finished importing CMSSW configuration PSet.py
DEBUG 2023-06-06 10:41:59.676 UTC: 	 Writing CMSSW configuration to /afs/cern.ch/user/l/lfavilla/CMSSW_12_6_0/src/PhysicsTools/NanoAODTools/crab/crab_ZJetsToNuNu_HT100To200_2018/inputs/PSet.py
DEBUG 2023-06-06 10:41:59.753 UTC: 	 The following EDM output files will be collected: ['tree_hadd.root']
DEBUG 2023-06-06 10:41:59.753 UTC: 	 The following TFile output files will be collected: []
DEBUG 2023-06-06 10:41:59.753 UTC: 	 The following user output files (not listed as PoolOuputModule or TFileService in the CMSSW PSet) will be collected: 
DEBUG 2023-06-06 10:41:59.753 UTC: 	 Loading required information from the environment
DEBUG 2023-06-06 10:41:59.753 UTC: 	 Found CMSSW_12_6_0 for slc7_amd64_gcc10 with base /afs/cern.ch/user/l/lfavilla/CMSSW_12_6_0
DEBUG 2023-06-06 10:41:59.753 UTC: 	 Making tarball in /afs/cern.ch/user/l/lfavilla/CMSSW_12_6_0/src/PhysicsTools/NanoAODTools/crab/crab_ZJetsToNuNu_HT100To200_2018/inputs/3f4e6c58-ca41-4932-bdcb-79ffddb041b7default.tgz
DEBUG 2023-06-06 10:41:59.759 UTC: 	 Checking directory /afs/cern.ch/user/l/lfavilla/CMSSW_12_6_0/lib
DEBUG 2023-06-06 10:41:59.759 UTC: 	 Adding directory /afs/cern.ch/user/l/lfavilla/CMSSW_12_6_0/lib to tarball
DEBUG 2023-06-06 10:41:59.872 UTC: 	 Checking directory /afs/cern.ch/user/l/lfavilla/CMSSW_12_6_0/biglib
DEBUG 2023-06-06 10:41:59.872 UTC: 	 Adding directory /afs/cern.ch/user/l/lfavilla/CMSSW_12_6_0/biglib to tarball
DEBUG 2023-06-06 10:41:59.873 UTC: 	 Checking directory /afs/cern.ch/user/l/lfavilla/CMSSW_12_6_0/module
DEBUG 2023-06-06 10:41:59.873 UTC: 	 Checking directory /afs/cern.ch/user/l/lfavilla/CMSSW_12_6_0/python
DEBUG 2023-06-06 10:41:59.873 UTC: 	 Adding directory /afs/cern.ch/user/l/lfavilla/CMSSW_12_6_0/python to tarball
DEBUG 2023-06-06 10:41:59.935 UTC: 	 Checking directory /afs/cern.ch/user/l/lfavilla/CMSSW_12_6_0/cfipython
DEBUG 2023-06-06 10:41:59.935 UTC: 	 Adding directory /afs/cern.ch/user/l/lfavilla/CMSSW_12_6_0/cfipython to tarball
DEBUG 2023-06-06 10:42:04.276 UTC: 	 Adding data directory /afs/cern.ch/user/l/lfavilla/CMSSW_12_6_0/src/PhysicsTools/NanoAODTools/data to tarball
DEBUG 2023-06-06 10:42:32.109 UTC: 	 Adding data directory /afs/cern.ch/user/l/lfavilla/CMSSW_12_6_0/src/PhysicsTools/NanoAODTools/interface to tarball
DEBUG 2023-06-06 10:42:32.353 UTC: 	 Adding data directory /afs/cern.ch/user/l/lfavilla/CMSSW_12_6_0/src/PhysicsTools/NanoAODTools/python to tarball
DEBUG 2023-06-06 10:42:42.371 UTC: 	 Adding data directory /afs/cern.ch/user/l/lfavilla/CMSSW_12_6_0/src/PhysicsTools/NanoAODTools/python/postprocessing/data to tarball
DEBUG 2023-06-06 10:42:43.852 UTC: 	 Adding file crab_script.py to tarball
DEBUG 2023-06-06 10:42:43.853 UTC: 	 Adding file ../scripts/haddnano.py to tarball
DEBUG 2023-06-06 10:42:43.858 UTC: 	 Adding file ../scripts/keep_and_drop.txt to tarball
DEBUG 2023-06-06 10:42:52.330 UTC: 	 Uploading archive /afs/cern.ch/user/l/lfavilla/CMSSW_12_6_0/src/PhysicsTools/NanoAODTools/crab/crab_ZJetsToNuNu_HT100To200_2018/inputs/3f4e6c58-ca41-4932-bdcb-79ffddb041b7default.tgz (79 MB) to the CRAB cache. Using URI https://cmsweb.cern.ch/S3/crabcache_prod
DEBUG 2023-06-06 10:43:09.195 UTC: 	 Encoded data for curl request: subresource=upload&objecttype=sandbox&tarballname=9bf3e45e118c52189282086484e79c8967600913ebd8510621c0608bfe3b0699.tar.gz
DEBUG 2023-06-06 10:43:09.196 UTC: 	 Executing command :
 curl -v -X GET -H "User-Agent: CRABClient/v3.230417" -H "Accept: */*" --data @/tmp/crab_curlDatab4t56w4n --cert "/tmp/x509up_u159320" --key "/tmp/x509up_u159320" --capath "/etc/grid-security/certificates/" "https://cmsweb.cern.ch:8443/crabserver/prod/cache?subresource=upload&objecttype=sandbox&tarballname=9bf3e45e118c52189282086484e79c8967600913ebd8510621c0608bfe3b0699.tar.gz" | tee /dev/stderr 
DEBUG 2023-06-06 10:43:09.286 UTC: 	 output : {"result": [
 "https://s3.cern.ch/crabcache_prod"
,{"key": "lfavilla/sandboxes/9bf3e45e118c52189282086484e79c8967600913ebd8510621c0608bfe3b0699.tar.gz", "AWSAccessKeyId": "ab00fcc889f248c495d2875f15a3badb", "policy": "eyJleHBpcmF0aW9uIjogIjIwMjMtMDYtMDZUMTE6NDM6MDlaIiwgImNvbmRpdGlvbnMiOiBbeyJidWNrZXQiOiAiY3JhYmNhY2hlX3Byb2QifSwgeyJrZXkiOiAibGZhdmlsbGEvc2FuZGJveGVzLzliZjNlNDVlMTE4YzUyMTg5MjgyMDg2NDg0ZTc5Yzg5Njc2MDA5MTNlYmQ4NTEwNjIxYzA2MDhiZmUzYjA2OTkudGFyLmd6In1dfQ==", "signature": "TRvDUPNwoEZ4QxgewgKG/PosGAs="}
]}

 error:   % Total    % Received % Xferd  Average Speed   Time    Time     Time  Current
                                 Dload  Upload   Total   Spent    Left  Speed
  0     0    0     0    0     0      0      0 --:--:-- --:--:-- --:--:--     0*   Trying 188.185.89.202:8443...
* Connected to cmsweb.cern.ch (188.185.89.202) port 8443 (#0)
* ALPN, offering http/1.1
* Cipher selection: ALL:!EXPORT:!EXPORT40:!EXPORT56:!aNULL:!LOW:!RC4:@STRENGTH
* successfully set certificate verify locations:
*  CAfile: /etc/pki/tls/certs/ca-bundle.crt
*  CApath: /etc/grid-security/certificates/
* TLSv1.2 (OUT), TLS header, Certificate Status (22):
} [5 bytes data]
* TLSv1.2 (OUT), TLS handshake, Client hello (1):
} [512 bytes data]
* TLSv1.2 (IN), TLS handshake, Server hello (2):
{ [109 bytes data]
* TLSv1.2 (IN), TLS handshake, Certificate (11):
{ [6240 bytes data]
* TLSv1.2 (IN), TLS handshake, Server key exchange (12):
{ [333 bytes data]
* TLSv1.2 (IN), TLS handshake, Request CERT (13):
{ [13122 bytes data]
* TLSv1.2 (IN), TLS handshake, Server finished (14):
{ [4 bytes data]
* TLSv1.2 (OUT), TLS handshake, Certificate (11):
} [6775 bytes data]
* TLSv1.2 (OUT), TLS handshake, Client key exchange (16):
} [70 bytes data]
* TLSv1.2 (OUT), TLS handshake, CERT verify (15):
} [264 bytes data]
* TLSv1.2 (OUT), TLS change cipher, Change cipher spec (1):
} [1 bytes data]
* TLSv1.2 (OUT), TLS handshake, Finished (20):
} [16 bytes data]
* TLSv1.2 (IN), TLS change cipher, Change cipher spec (1):
{ [1 bytes data]
* TLSv1.2 (IN), TLS handshake, Finished (20):
{ [16 bytes data]
* SSL connection using TLSv1.2 / ECDHE-RSA-AES128-GCM-SHA256
* ALPN, server accepted to use http/1.1
* Server certificate:
*  subject: DC=ch; DC=cern; OU=computers; CN=cmsweb.cern.ch
*  start date: Feb 28 02:56:51 2023 GMT
*  expire date: Apr  3 02:56:51 2024 GMT
*  subjectAltName: host "cmsweb.cern.ch" matched cert's "cmsweb.cern.ch"
*  issuer: DC=ch; DC=cern; CN=CERN Grid Certification Authority
*  SSL certificate verify ok.
} [5 bytes data]
> GET /crabserver/prod/cache?subresource=upload&objecttype=sandbox&tarballname=9bf3e45e118c52189282086484e79c8967600913ebd8510621c0608bfe3b0699.tar.gz HTTP/1.1
> Host: cmsweb.cern.ch:8443
> User-Agent: CRABClient/v3.230417
> Accept: */*
> Content-Length: 121
> Content-Type: application/x-www-form-urlencoded
> 
} [121 bytes data]
* Mark bundle as not supporting multiuse
< HTTP/1.1 200 OK
< Date: Tue, 06 Jun 2023 10:43:09 GMT
< Server: Apache
< Content-Type: application/json
< Content-Length: 521
< Vary: Accept
< Cache-Control: max-age=3600
< X-Rest-Status: 100
< Etag: "b80d330bbad0af6cb0268db61bb656e57a4208e6"
< X-Rest-Time: 28743.267 us
< CMS-Server-Time: D=36321 t=1686048189245778
< 
{ [5 bytes data]
100   642  100   521  100   121   9953   2311 --:--:-- --:--:-- --:--:-- 12346
* Connection #0 to host cmsweb.cern.ch left intact
{"result": [
 "https://s3.cern.ch/crabcache_prod"
,{"key": "lfavilla/sandboxes/9bf3e45e118c52189282086484e79c8967600913ebd8510621c0608bfe3b0699.tar.gz", "AWSAccessKeyId": "ab00fcc889f248c495d2875f15a3badb", "policy": "eyJleHBpcmF0aW9uIjogIjIwMjMtMDYtMDZUMTE6NDM6MDlaIiwgImNvbmRpdGlvbnMiOiBbeyJidWNrZXQiOiAiY3JhYmNhY2hlX3Byb2QifSwgeyJrZXkiOiAibGZhdmlsbGEvc2FuZGJveGVzLzliZjNlNDVlMTE4YzUyMTg5MjgyMDg2NDg0ZTc5Yzg5Njc2MDA5MTNlYmQ4NTEwNjIxYzA2MDhiZmUzYjA2OTkudGFyLmd6In1dfQ==", "signature": "TRvDUPNwoEZ4QxgewgKG/PosGAs="}
]}

 retcode : 0
DEBUG 2023-06-06 10:43:09.287 UTC: 	 Will execute:
curl -f -v -X POST  -H "User-Agent: CRAB" -F "key=lfavilla/sandboxes/9bf3e45e118c52189282086484e79c8967600913ebd8510621c0608bfe3b0699.tar.gz" -F "AWSAccessKeyId=ab00fcc889f248c495d2875f15a3badb" -F "policy=eyJleHBpcmF0aW9uIjogIjIwMjMtMDYtMDZUMTE6NDM6MDlaIiwgImNvbmRpdGlvbnMiOiBbeyJidWNrZXQiOiAiY3JhYmNhY2hlX3Byb2QifSwgeyJrZXkiOiAibGZhdmlsbGEvc2FuZGJveGVzLzliZjNlNDVlMTE4YzUyMTg5MjgyMDg2NDg0ZTc5Yzg5Njc2MDA5MTNlYmQ4NTEwNjIxYzA2MDhiZmUzYjA2OTkudGFyLmd6In1dfQ==" -F "signature=TRvDUPNwoEZ4QxgewgKG/PosGAs=" -F "file=@/afs/cern.ch/user/l/lfavilla/CMSSW_12_6_0/src/PhysicsTools/NanoAODTools/crab/crab_ZJetsToNuNu_HT100To200_2018/inputs/3f4e6c58-ca41-4932-bdcb-79ffddb041b7default.tgz" "https://s3.cern.ch/crabcache_prod"
DEBUG 2023-06-06 10:43:11.212 UTC: 	 exitcode: 0
stdout: b''
DEBUG 2023-06-06 10:43:11.212 UTC: 	 sandbox /afs/cern.ch/user/l/lfavilla/CMSSW_12_6_0/src/PhysicsTools/NanoAODTools/crab/crab_ZJetsToNuNu_HT100To200_2018/inputs/3f4e6c58-ca41-4932-bdcb-79ffddb041b7default.tgz successully uploaded to S3
DEBUG 2023-06-06 10:43:11.212 UTC: 	 Loading required information from the environment
DEBUG 2023-06-06 10:43:11.212 UTC: 	 Found CMSSW_12_6_0 for slc7_amd64_gcc10 with base /afs/cern.ch/user/l/lfavilla/CMSSW_12_6_0
DEBUG 2023-06-06 10:43:11.212 UTC: 	 Making tarball in /afs/cern.ch/user/l/lfavilla/CMSSW_12_6_0/src/PhysicsTools/NanoAODTools/crab/crab_ZJetsToNuNu_HT100To200_2018/inputs/debugFiles.tgz
DEBUG 2023-06-06 10:43:11.217 UTC: 	 Uploading archive /afs/cern.ch/user/l/lfavilla/CMSSW_12_6_0/src/PhysicsTools/NanoAODTools/crab/crab_ZJetsToNuNu_HT100To200_2018/inputs/debugFiles.tgz (1 KB) to the CRAB cache. Using URI https://cmsweb.cern.ch/S3/crabcache_prod
DEBUG 2023-06-06 10:43:11.219 UTC: 	 Encoded data for curl request: subresource=upload&objecttype=sandbox&tarballname=135fe28b4bbeb01c427fec67064926635d9e9f490a17b3320bbe1b717e056c4d.tar.gz
DEBUG 2023-06-06 10:43:11.220 UTC: 	 Executing command :
 curl -v -X GET -H "User-Agent: CRABClient/v3.230417" -H "Accept: */*" --data @/tmp/crab_curlDatawj5akv3q --cert "/tmp/x509up_u159320" --key "/tmp/x509up_u159320" --capath "/etc/grid-security/certificates/" "https://cmsweb.cern.ch:8443/crabserver/prod/cache?subresource=upload&objecttype=sandbox&tarballname=135fe28b4bbeb01c427fec67064926635d9e9f490a17b3320bbe1b717e056c4d.tar.gz" | tee /dev/stderr 
DEBUG 2023-06-06 10:43:11.331 UTC: 	 output : {"result": [
 "https://s3.cern.ch/crabcache_prod"
,{"key": "lfavilla/sandboxes/135fe28b4bbeb01c427fec67064926635d9e9f490a17b3320bbe1b717e056c4d.tar.gz", "AWSAccessKeyId": "ab00fcc889f248c495d2875f15a3badb", "policy": "eyJleHBpcmF0aW9uIjogIjIwMjMtMDYtMDZUMTE6NDM6MTFaIiwgImNvbmRpdGlvbnMiOiBbeyJidWNrZXQiOiAiY3JhYmNhY2hlX3Byb2QifSwgeyJrZXkiOiAibGZhdmlsbGEvc2FuZGJveGVzLzEzNWZlMjhiNGJiZWIwMWM0MjdmZWM2NzA2NDkyNjYzNWQ5ZTlmNDkwYTE3YjMzMjBiYmUxYjcxN2UwNTZjNGQudGFyLmd6In1dfQ==", "signature": "F5DypVCrdQHI26IBUuIGlzGBZxI="}
]}

 error:   % Total    % Received % Xferd  Average Speed   Time    Time     Time  Current
                                 Dload  Upload   Total   Spent    Left  Speed
  0     0    0     0    0     0      0      0 --:--:-- --:--:-- --:--:--     0*   Trying 188.185.89.202:8443...
* Connected to cmsweb.cern.ch (188.185.89.202) port 8443 (#0)
* ALPN, offering http/1.1
* Cipher selection: ALL:!EXPORT:!EXPORT40:!EXPORT56:!aNULL:!LOW:!RC4:@STRENGTH
* successfully set certificate verify locations:
*  CAfile: /etc/pki/tls/certs/ca-bundle.crt
*  CApath: /etc/grid-security/certificates/
* TLSv1.2 (OUT), TLS header, Certificate Status (22):
} [5 bytes data]
* TLSv1.2 (OUT), TLS handshake, Client hello (1):
} [512 bytes data]
* TLSv1.2 (IN), TLS handshake, Server hello (2):
{ [109 bytes data]
* TLSv1.2 (IN), TLS handshake, Certificate (11):
{ [6240 bytes data]
* TLSv1.2 (IN), TLS handshake, Server key exchange (12):
{ [333 bytes data]
* TLSv1.2 (IN), TLS handshake, Request CERT (13):
{ [13122 bytes data]
* TLSv1.2 (IN), TLS handshake, Server finished (14):
{ [4 bytes data]
* TLSv1.2 (OUT), TLS handshake, Certificate (11):
} [6775 bytes data]
* TLSv1.2 (OUT), TLS handshake, Client key exchange (16):
} [70 bytes data]
* TLSv1.2 (OUT), TLS handshake, CERT verify (15):
} [264 bytes data]
* TLSv1.2 (OUT), TLS change cipher, Change cipher spec (1):
} [1 bytes data]
* TLSv1.2 (OUT), TLS handshake, Finished (20):
} [16 bytes data]
* TLSv1.2 (IN), TLS change cipher, Change cipher spec (1):
{ [1 bytes data]
* TLSv1.2 (IN), TLS handshake, Finished (20):
{ [16 bytes data]
* SSL connection using TLSv1.2 / ECDHE-RSA-AES128-GCM-SHA256
* ALPN, server accepted to use http/1.1
* Server certificate:
*  subject: DC=ch; DC=cern; OU=computers; CN=cmsweb.cern.ch
*  start date: Feb 28 02:56:51 2023 GMT
*  expire date: Apr  3 02:56:51 2024 GMT
*  subjectAltName: host "cmsweb.cern.ch" matched cert's "cmsweb.cern.ch"
*  issuer: DC=ch; DC=cern; CN=CERN Grid Certification Authority
*  SSL certificate verify ok.
} [5 bytes data]
> GET /crabserver/prod/cache?subresource=upload&objecttype=sandbox&tarballname=135fe28b4bbeb01c427fec67064926635d9e9f490a17b3320bbe1b717e056c4d.tar.gz HTTP/1.1
> Host: cmsweb.cern.ch:8443
> User-Agent: CRABClient/v3.230417
> Accept: */*
> Content-Length: 121
> Content-Type: application/x-www-form-urlencoded
> 
} [121 bytes data]
* Mark bundle as not supporting multiuse
< HTTP/1.1 200 OK
< Date: Tue, 06 Jun 2023 10:43:11 GMT
< Server: Apache
< Content-Type: application/json
< Content-Length: 521
< Vary: Accept
< Cache-Control: max-age=3600
< X-Rest-Status: 100
< Etag: "fc042515dad65c595cdc65e69c16108c723d037c"
< X-Rest-Time: 46241.999 us
< CMS-Server-Time: D=81430 t=1686048191246398
< 
{ [5 bytes data]
100   642  100   521  100   121   5428   1260 --:--:-- --:--:-- --:--:--  6757
* Connection #0 to host cmsweb.cern.ch left intact
{"result": [
 "https://s3.cern.ch/crabcache_prod"
,{"key": "lfavilla/sandboxes/135fe28b4bbeb01c427fec67064926635d9e9f490a17b3320bbe1b717e056c4d.tar.gz", "AWSAccessKeyId": "ab00fcc889f248c495d2875f15a3badb", "policy": "eyJleHBpcmF0aW9uIjogIjIwMjMtMDYtMDZUMTE6NDM6MTFaIiwgImNvbmRpdGlvbnMiOiBbeyJidWNrZXQiOiAiY3JhYmNhY2hlX3Byb2QifSwgeyJrZXkiOiAibGZhdmlsbGEvc2FuZGJveGVzLzEzNWZlMjhiNGJiZWIwMWM0MjdmZWM2NzA2NDkyNjYzNWQ5ZTlmNDkwYTE3YjMzMjBiYmUxYjcxN2UwNTZjNGQudGFyLmd6In1dfQ==", "signature": "F5DypVCrdQHI26IBUuIGlzGBZxI="}
]}

 retcode : 0
DEBUG 2023-06-06 10:43:11.332 UTC: 	 Will execute:
curl -f -v -X POST  -H "User-Agent: CRAB" -F "key=lfavilla/sandboxes/135fe28b4bbeb01c427fec67064926635d9e9f490a17b3320bbe1b717e056c4d.tar.gz" -F "AWSAccessKeyId=ab00fcc889f248c495d2875f15a3badb" -F "policy=eyJleHBpcmF0aW9uIjogIjIwMjMtMDYtMDZUMTE6NDM6MTFaIiwgImNvbmRpdGlvbnMiOiBbeyJidWNrZXQiOiAiY3JhYmNhY2hlX3Byb2QifSwgeyJrZXkiOiAibGZhdmlsbGEvc2FuZGJveGVzLzEzNWZlMjhiNGJiZWIwMWM0MjdmZWM2NzA2NDkyNjYzNWQ5ZTlmNDkwYTE3YjMzMjBiYmUxYjcxN2UwNTZjNGQudGFyLmd6In1dfQ==" -F "signature=F5DypVCrdQHI26IBUuIGlzGBZxI=" -F "file=@/afs/cern.ch/user/l/lfavilla/CMSSW_12_6_0/src/PhysicsTools/NanoAODTools/crab/crab_ZJetsToNuNu_HT100To200_2018/inputs/debugFiles.tgz" "https://s3.cern.ch/crabcache_prod"
DEBUG 2023-06-06 10:43:11.386 UTC: 	 exitcode: 0
stdout: b''
DEBUG 2023-06-06 10:43:11.386 UTC: 	 sandbox /afs/cern.ch/user/l/lfavilla/CMSSW_12_6_0/src/PhysicsTools/NanoAODTools/crab/crab_ZJetsToNuNu_HT100To200_2018/inputs/debugFiles.tgz successully uploaded to S3
DEBUG 2023-06-06 10:43:11.386 UTC: 	 Result uploading input files: 9bf3e45e118c52189282086484e79c8967600913ebd8510621c0608bfe3b0699.tar.gz 
INFO 2023-06-06 10:43:11.387 UTC: 	 Sending the request to the server at cmsweb.cern.ch
DEBUG 2023-06-06 10:43:11.387 UTC: 	 Submitting {'dryrun': 0, 'workflow': 'crab_ZJetsToNuNu_HT100To200_2018', 'saveoutput': 1, 'savelogsflag': 1, 'inputdata': '/ZJetsToNuNu_HT-100To200_TuneCP5_13TeV-madgraphMLM-pythia8/RunIISummer20UL18NanoAODv2-106X_upgrade2018_realistic_v15_L1v1-v1/NANOAODSIM', 'primarydataset': '', 'nonvaliddata': 1, 'userfiles': [], 'dbsurl': 'https://cmsweb.cern.ch/dbs/prod/global/DBSReader', 'useparent': 0, 'ignorelocality': 0, 'splitalgo': 'FileBased', 'algoargs': 1, 'totalunits': 0, 'lfn': '/store/user/lfavilla/DM_v0', 'publication': 0, 'publishdbsurl': 'https://cmsweb.cern.ch/dbs/prod/phys03/DBSWriter', 'publishname2': 'ZJetsToNuNu_HT100To200_2018', 'jobtype': 'Analysis', 'generator': 'pythia', 'addoutputfiles': [], 'maxjobruntime': 1250, 'numcores': 1, 'maxmemory': 2000, 'priority': 10, 'nonprodsw': 0, 'scriptexe': 'crab_script.sh', 'asyncdest': 'T2_IT_Pisa', 'requireaccelerator': 0, 'oneEventMode': 0, 'extrajdl': [], 'ignoreglobalblacklist': 0, 'partialdataset': 0, 'inputblocks': [], 'tfileoutfiles': [], 'edmoutfiles': ['tree_hadd.root'], 'jobarch': 'slc7_amd64_gcc10', 'jobsw': 'CMSSW_12_6_0', 'cacheurl': 'https://cmsweb.cern.ch/S3/crabcache_prod', 'cachefilename': '9bf3e45e118c52189282086484e79c8967600913ebd8510621c0608bfe3b0699.tar.gz', 'debugfilename': '135fe28b4bbeb01c427fec67064926635d9e9f490a17b3320bbe1b717e056c4d.tar.gz'} 
DEBUG 2023-06-06 10:43:11.387 UTC: 	 Encoded submit request: dryrun=0&workflow=crab_ZJetsToNuNu_HT100To200_2018&saveoutput=1&savelogsflag=1&inputdata=%2FZJetsToNuNu_HT-100To200_TuneCP5_13TeV-madgraphMLM-pythia8%2FRunIISummer20UL18NanoAODv2-106X_upgrade2018_realistic_v15_L1v1-v1%2FNANOAODSIM&primarydataset=&nonvaliddata=1&dbsurl=https%3A%2F%2Fcmsweb.cern.ch%2Fdbs%2Fprod%2Fglobal%2FDBSReader&useparent=0&ignorelocality=0&splitalgo=FileBased&algoargs=1&totalunits=0&lfn=%2Fstore%2Fuser%2Flfavilla%2FDM_v0&publication=0&publishdbsurl=https%3A%2F%2Fcmsweb.cern.ch%2Fdbs%2Fprod%2Fphys03%2FDBSWriter&publishname2=ZJetsToNuNu_HT100To200_2018&jobtype=Analysis&generator=pythia&maxjobruntime=1250&numcores=1&maxmemory=2000&priority=10&nonprodsw=0&scriptexe=crab_script.sh&asyncdest=T2_IT_Pisa&requireaccelerator=0&oneEventMode=0&ignoreglobalblacklist=0&partialdataset=0&jobarch=slc7_amd64_gcc10&jobsw=CMSSW_12_6_0&cacheurl=https%3A%2F%2Fcmsweb.cern.ch%2FS3%2Fcrabcache_prod&cachefilename=9bf3e45e118c52189282086484e79c8967600913ebd8510621c0608bfe3b0699.tar.gz&debugfilename=135fe28b4bbeb01c427fec67064926635d9e9f490a17b3320bbe1b717e056c4d.tar.gz&edmoutfiles=tree_hadd.root
DEBUG 2023-06-06 10:43:11.387 UTC: 	 Encoded data for curl request: dryrun=0&workflow=crab_ZJetsToNuNu_HT100To200_2018&saveoutput=1&savelogsflag=1&inputdata=%2FZJetsToNuNu_HT-100To200_TuneCP5_13TeV-madgraphMLM-pythia8%2FRunIISummer20UL18NanoAODv2-106X_upgrade2018_realistic_v15_L1v1-v1%2FNANOAODSIM&primarydataset=&nonvaliddata=1&dbsurl=https%3A%2F%2Fcmsweb.cern.ch%2Fdbs%2Fprod%2Fglobal%2FDBSReader&useparent=0&ignorelocality=0&splitalgo=FileBased&algoargs=1&totalunits=0&lfn=%2Fstore%2Fuser%2Flfavilla%2FDM_v0&publication=0&publishdbsurl=https%3A%2F%2Fcmsweb.cern.ch%2Fdbs%2Fprod%2Fphys03%2FDBSWriter&publishname2=ZJetsToNuNu_HT100To200_2018&jobtype=Analysis&generator=pythia&maxjobruntime=1250&numcores=1&maxmemory=2000&priority=10&nonprodsw=0&scriptexe=crab_script.sh&asyncdest=T2_IT_Pisa&requireaccelerator=0&oneEventMode=0&ignoreglobalblacklist=0&partialdataset=0&jobarch=slc7_amd64_gcc10&jobsw=CMSSW_12_6_0&cacheurl=https%3A%2F%2Fcmsweb.cern.ch%2FS3%2Fcrabcache_prod&cachefilename=9bf3e45e118c52189282086484e79c8967600913ebd8510621c0608bfe3b0699.tar.gz&debugfilename=135fe28b4bbeb01c427fec67064926635d9e9f490a17b3320bbe1b717e056c4d.tar.gz&edmoutfiles=tree_hadd.root
DEBUG 2023-06-06 10:43:11.388 UTC: 	 Executing command :
 curl -v -X PUT -H "User-Agent: CRABClient/v3.230417" -H "Accept: */*" --data @/tmp/crab_curlDatatjmlisua --cert "/tmp/x509up_u159320" --key "/tmp/x509up_u159320" --capath "/etc/grid-security/certificates/" "https://cmsweb.cern.ch:8443/crabserver/prod/workflow" | tee /dev/stderr 
DEBUG 2023-06-06 10:43:12.038 UTC: 	 output : {"result": [
 {"RequestName": "230606_104311:lfavilla_crab_ZJetsToNuNu_HT100To200_2018"}
]}

 error:   % Total    % Received % Xferd  Average Speed   Time    Time     Time  Current
                                 Dload  Upload   Total   Spent    Left  Speed
  0     0    0     0    0     0      0      0 --:--:-- --:--:-- --:--:--     0*   Trying 188.185.89.202:8443...
* Connected to cmsweb.cern.ch (188.185.89.202) port 8443 (#0)
* ALPN, offering http/1.1
* Cipher selection: ALL:!EXPORT:!EXPORT40:!EXPORT56:!aNULL:!LOW:!RC4:@STRENGTH
* successfully set certificate verify locations:
*  CAfile: /etc/pki/tls/certs/ca-bundle.crt
*  CApath: /etc/grid-security/certificates/
* TLSv1.2 (OUT), TLS header, Certificate Status (22):
} [5 bytes data]
* TLSv1.2 (OUT), TLS handshake, Client hello (1):
} [512 bytes data]
* TLSv1.2 (IN), TLS handshake, Server hello (2):
{ [109 bytes data]
* TLSv1.2 (IN), TLS handshake, Certificate (11):
{ [6240 bytes data]
* TLSv1.2 (IN), TLS handshake, Server key exchange (12):
{ [333 bytes data]
* TLSv1.2 (IN), TLS handshake, Request CERT (13):
{ [13122 bytes data]
* TLSv1.2 (IN), TLS handshake, Server finished (14):
{ [4 bytes data]
* TLSv1.2 (OUT), TLS handshake, Certificate (11):
} [6775 bytes data]
* TLSv1.2 (OUT), TLS handshake, Client key exchange (16):
} [70 bytes data]
* TLSv1.2 (OUT), TLS handshake, CERT verify (15):
} [264 bytes data]
* TLSv1.2 (OUT), TLS change cipher, Change cipher spec (1):
} [1 bytes data]
* TLSv1.2 (OUT), TLS handshake, Finished (20):
} [16 bytes data]
* TLSv1.2 (IN), TLS change cipher, Change cipher spec (1):
{ [1 bytes data]
* TLSv1.2 (IN), TLS handshake, Finished (20):
{ [16 bytes data]
* SSL connection using TLSv1.2 / ECDHE-RSA-AES128-GCM-SHA256
* ALPN, server accepted to use http/1.1
* Server certificate:
*  subject: DC=ch; DC=cern; OU=computers; CN=cmsweb.cern.ch
*  start date: Feb 28 02:56:51 2023 GMT
*  expire date: Apr  3 02:56:51 2024 GMT
*  subjectAltName: host "cmsweb.cern.ch" matched cert's "cmsweb.cern.ch"
*  issuer: DC=ch; DC=cern; CN=CERN Grid Certification Authority
*  SSL certificate verify ok.
} [5 bytes data]
> PUT /crabserver/prod/workflow HTTP/1.1
> Host: cmsweb.cern.ch:8443
> User-Agent: CRABClient/v3.230417
> Accept: */*
> Content-Length: 1104
> Content-Type: application/x-www-form-urlencoded
> 
} [1104 bytes data]
100  1104    0     0  100  1104      0   5462 --:--:-- --:--:-- --:--:--  5465* Mark bundle as not supporting multiuse
< HTTP/1.1 200 OK
< Date: Tue, 06 Jun 2023 10:43:12 GMT
< Server: Apache
< Content-Type: application/json
< Content-Length: 92
< Vary: Accept
< X-Rest-Status: 100
< Etag: "b3c722721c9b141f44a8916bba7f77f147224793"
< X-Rest-Time: 610865.355 us
< CMS-Server-Time: D=618164 t=1686048191414965
< 
{ [5 bytes data]
100  1196  100    92  100  1104    145   1741 --:--:-- --:--:-- --:--:--  1886
* Connection #0 to host cmsweb.cern.ch left intact
{"result": [
 {"RequestName": "230606_104311:lfavilla_crab_ZJetsToNuNu_HT100To200_2018"}
]}

 retcode : 0
DEBUG 2023-06-06 10:43:12.038 UTC: 	 Result: {'result': [{'RequestName': '230606_104311:lfavilla_crab_ZJetsToNuNu_HT100To200_2018'}]}
INFO 2023-06-06 10:43:12.041 UTC: 	 Success: Your task has been delivered to the prod CRAB3 server.
INFO 2023-06-06 10:43:12.041 UTC: 	 Task name: 230606_104311:lfavilla_crab_ZJetsToNuNu_HT100To200_2018
INFO 2023-06-06 10:43:12.041 UTC: 	 Project dir: ./crab_ZJetsToNuNu_HT100To200_2018
INFO 2023-06-06 10:43:12.042 UTC: 	 Please use ' crab status -d ./crab_ZJetsToNuNu_HT100To200_2018 ' to check how the submission process proceeds.
DEBUG 2023-06-06 10:43:12.042 UTC: 	 About to return
INFO 2023-06-06 10:43:12.044 UTC: 	 Log file is /afs/cern.ch/user/l/lfavilla/CMSSW_12_6_0/src/PhysicsTools/NanoAODTools/crab/crab_ZJetsToNuNu_HT100To200_2018/crab.log
