000 (9065296.000.000) 11/12 11:48:41 Job submitted from host: <188.184.90.62:9618?addrs=188.184.90.62-9618+[2001-1458-201-e4--100-238]-9618&alias=bigbird16.cern.ch&noUDP&sock=schedd_4073970_23e3>
...
040 (9065296.000.000) 11/12 11:56:52 Started transferring input files
	Transferring to host: <128.142.56.15:9618?addrs=128.142.56.15-9618+[2001-1458-301-6--100-e]-9618&alias=b7s01p9673.cern.ch&noUDP&sock=slot1_2_3482_2247_34996>
...
040 (9065296.000.000) 11/12 11:56:52 Finished transferring input files
...
001 (9065296.000.000) 11/12 11:56:53 Job executing on host: <128.142.56.15:9618?addrs=128.142.56.15-9618+[2001-1458-301-6--100-e]-9618&alias=b7s01p9673.cern.ch&noUDP&sock=startd_2745_6b8f>
...
006 (9065296.000.000) 11/12 11:57:01 Image size of job updated: 353228
	27  -  MemoryUsage of job (MB)
	27272  -  ResidentSetSize of job (KB)
...
006 (9065296.000.000) 11/12 11:58:58 Image size of job updated: 8955468
	27  -  MemoryUsage of job (MB)
	27272  -  ResidentSetSize of job (KB)
...
040 (9065296.000.000) 11/12 11:58:58 Started transferring output files
...
040 (9065296.000.000) 11/12 11:58:58 Finished transferring output files
...
005 (9065296.000.000) 11/12 11:58:58 Job terminated.
	(1) Normal termination (return value 1)
		Usr 0 00:00:12, Sys 0 00:00:11  -  Run Remote Usage
		Usr 0 00:00:00, Sys 0 00:00:00  -  Run Local Usage
		Usr 0 00:00:12, Sys 0 00:00:11  -  Total Remote Usage
		Usr 0 00:00:00, Sys 0 00:00:00  -  Total Local Usage
	6609  -  Run Bytes Sent By Job
	10702  -  Run Bytes Received By Job
	6609  -  Total Bytes Sent By Job
	10702  -  Total Bytes Received By Job
	Partitionable Resources :    Usage  Request Allocated 
	   Cpus                 :                 1         1 
	   Disk (KB)            :       31       12   1099476 
	   Memory (MB)          :       27     2000      2000 

	Job terminated of its own accord at 2023-11-12T10:58:58Z.
...
000 (9065521.000.000) 11/12 12:22:02 Job submitted from host: <188.184.90.62:9618?addrs=188.184.90.62-9618+[2001-1458-201-e4--100-238]-9618&alias=bigbird16.cern.ch&noUDP&sock=schedd_4073970_23e3>
...
040 (9065521.000.000) 11/12 12:26:24 Started transferring input files
	Transferring to host: <188.184.160.160:9618?addrs=188.184.160.160-9618+[2001-1458-301-48--100-9a]-9618&alias=b7s09p5701.cern.ch&noUDP&sock=slot1_16_123386_5953_257298>
...
040 (9065521.000.000) 11/12 12:26:24 Finished transferring input files
...
001 (9065521.000.000) 11/12 12:26:25 Job executing on host: <188.184.160.160:9618?addrs=188.184.160.160-9618+[2001-1458-301-48--100-9a]-9618&alias=b7s09p5701.cern.ch&noUDP&sock=startd_28534_8774>
...
006 (9065521.000.000) 11/12 12:26:33 Image size of job updated: 113620
	44  -  MemoryUsage of job (MB)
	44848  -  ResidentSetSize of job (KB)
...
006 (9065521.000.000) 11/12 12:27:59 Image size of job updated: 14553124
	44  -  MemoryUsage of job (MB)
	44856  -  ResidentSetSize of job (KB)
...
040 (9065521.000.000) 11/12 12:27:59 Started transferring output files
...
040 (9065521.000.000) 11/12 12:27:59 Finished transferring output files
...
005 (9065521.000.000) 11/12 12:27:59 Job terminated.
	(1) Normal termination (return value 1)
		Usr 0 00:00:15, Sys 0 00:00:15  -  Run Remote Usage
		Usr 0 00:00:00, Sys 0 00:00:00  -  Run Local Usage
		Usr 0 00:00:15, Sys 0 00:00:15  -  Total Remote Usage
		Usr 0 00:00:00, Sys 0 00:00:00  -  Total Local Usage
	6568  -  Run Bytes Sent By Job
	11267  -  Run Bytes Received By Job
	6568  -  Total Bytes Sent By Job
	11267  -  Total Bytes Received By Job
	Partitionable Resources :    Usage  Request Allocated 
	   Cpus                 :                 1         1 
	   Disk (KB)            :       32       12   2802523 
	   Memory (MB)          :       44     2000      2000 

	Job terminated of its own accord at 2023-11-12T11:27:59Z.
...
000 (9065680.000.000) 11/12 13:20:31 Job submitted from host: <188.184.90.62:9618?addrs=188.184.90.62-9618+[2001-1458-201-e4--100-238]-9618&alias=bigbird16.cern.ch&noUDP&sock=schedd_4073970_23e3>
...
040 (9065680.000.000) 11/12 13:26:19 Started transferring input files
	Transferring to host: <128.142.59.135:9618?addrs=128.142.59.135-9618+[2001-1458-301-21--100-86]-9618&alias=b7s04p9835.cern.ch&noUDP&sock=slot1_25_37038_5f1b_97785>
...
040 (9065680.000.000) 11/12 13:26:19 Finished transferring input files
...
001 (9065680.000.000) 11/12 13:26:20 Job executing on host: <128.142.59.135:9618?addrs=128.142.59.135-9618+[2001-1458-301-21--100-86]-9618&alias=b7s04p9835.cern.ch&noUDP&sock=startd_2866_6a85>
...
006 (9065680.000.000) 11/12 13:26:29 Image size of job updated: 158984
	86  -  MemoryUsage of job (MB)
	87048  -  ResidentSetSize of job (KB)
...
006 (9065680.000.000) 11/12 13:26:57 Image size of job updated: 1278328
	86  -  MemoryUsage of job (MB)
	87084  -  ResidentSetSize of job (KB)
...
040 (9065680.000.000) 11/12 13:26:57 Started transferring output files
...
040 (9065680.000.000) 11/12 13:26:57 Finished transferring output files
...
005 (9065680.000.000) 11/12 13:26:57 Job terminated.
	(1) Normal termination (return value 1)
		Usr 0 00:00:08, Sys 0 00:00:02  -  Run Remote Usage
		Usr 0 00:00:00, Sys 0 00:00:00  -  Run Local Usage
		Usr 0 00:00:08, Sys 0 00:00:02  -  Total Remote Usage
		Usr 0 00:00:00, Sys 0 00:00:00  -  Total Local Usage
	2404  -  Run Bytes Sent By Job
	11267  -  Run Bytes Received By Job
	2404  -  Total Bytes Sent By Job
	11267  -  Total Bytes Received By Job
	Partitionable Resources :    Usage  Request Allocated 
	   Cpus                 :                 1         1 
	   Disk (KB)            :       30       12   1204433 
	   Memory (MB)          :       86     2000      2000 

	Job terminated of its own accord at 2023-11-12T12:26:57Z.
...
000 (9065790.000.000) 11/12 13:46:42 Job submitted from host: <188.184.90.62:9618?addrs=188.184.90.62-9618+[2001-1458-201-e4--100-238]-9618&alias=bigbird16.cern.ch&noUDP&sock=schedd_4073970_23e3>
...
040 (9065790.000.000) 11/12 13:51:35 Started transferring input files
	Transferring to host: <188.184.160.82:9618?addrs=188.184.160.82-9618+[2001-1458-301-48--100-4c]-9618&alias=b7s09p8903.cern.ch&noUDP&sock=slot1_23_11033_7f1a_38870>
...
040 (9065790.000.000) 11/12 13:51:35 Finished transferring input files
...
001 (9065790.000.000) 11/12 13:51:36 Job executing on host: <188.184.160.82:9618?addrs=188.184.160.82-9618+[2001-1458-301-48--100-4c]-9618&alias=b7s09p8903.cern.ch&noUDP&sock=startd_10969_666d>
...
006 (9065790.000.000) 11/12 13:51:45 Image size of job updated: 269256
	110  -  MemoryUsage of job (MB)
	112316  -  ResidentSetSize of job (KB)
...
006 (9065790.000.000) 11/12 13:52:48 Image size of job updated: 19772880
	110  -  MemoryUsage of job (MB)
	112364  -  ResidentSetSize of job (KB)
...
040 (9065790.000.000) 11/12 13:52:48 Started transferring output files
...
040 (9065790.000.000) 11/12 13:52:48 Finished transferring output files
...
005 (9065790.000.000) 11/12 13:52:48 Job terminated.
	(1) Normal termination (return value 1)
		Usr 0 00:00:22, Sys 0 00:00:18  -  Run Remote Usage
		Usr 0 00:00:00, Sys 0 00:00:00  -  Run Local Usage
		Usr 0 00:00:22, Sys 0 00:00:18  -  Total Remote Usage
		Usr 0 00:00:00, Sys 0 00:00:00  -  Total Local Usage
	6568  -  Run Bytes Sent By Job
	11267  -  Run Bytes Received By Job
	6568  -  Total Bytes Sent By Job
	11267  -  Total Bytes Received By Job
	Partitionable Resources :    Usage  Request Allocated 
	   Cpus                 :                 1         1 
	   Disk (KB)            :       32       12   2939316 
	   Memory (MB)          :      110     2000      2000 

	Job terminated of its own accord at 2023-11-12T12:52:48Z.
...
000 (9065945.000.000) 11/12 14:44:22 Job submitted from host: <188.184.90.62:9618?addrs=188.184.90.62-9618+[2001-1458-201-e4--100-238]-9618&alias=bigbird16.cern.ch&noUDP&sock=schedd_4073970_23e3>
...
040 (9065945.000.000) 11/12 14:57:58 Started transferring input files
	Transferring to host: <128.142.59.49:9618?addrs=128.142.59.49-9618+[2001-1458-301-21--100-30]-9618&alias=b7s04p4032.cern.ch&noUDP&sock=slot1_5_5243_eaee_263883>
...
040 (9065945.000.000) 11/12 14:57:58 Finished transferring input files
...
001 (9065945.000.000) 11/12 14:57:59 Job executing on host: <128.142.59.49:9618?addrs=128.142.59.49-9618+[2001-1458-301-21--100-30]-9618&alias=b7s04p4032.cern.ch&noUDP&sock=startd_4597_bcf5>
...
006 (9065945.000.000) 11/12 14:58:07 Image size of job updated: 918848
	55  -  MemoryUsage of job (MB)
	56296  -  ResidentSetSize of job (KB)
...
006 (9065945.000.000) 11/12 14:59:04 Image size of job updated: 22230020
	55  -  MemoryUsage of job (MB)
	56296  -  ResidentSetSize of job (KB)
...
040 (9065945.000.000) 11/12 14:59:04 Started transferring output files
...
040 (9065945.000.000) 11/12 14:59:04 Finished transferring output files
...
005 (9065945.000.000) 11/12 14:59:04 Job terminated.
	(1) Normal termination (return value 1)
		Usr 0 00:00:21, Sys 0 00:00:11  -  Run Remote Usage
		Usr 0 00:00:00, Sys 0 00:00:00  -  Run Local Usage
		Usr 0 00:00:21, Sys 0 00:00:11  -  Total Remote Usage
		Usr 0 00:00:00, Sys 0 00:00:00  -  Total Local Usage
	7514  -  Run Bytes Sent By Job
	11267  -  Run Bytes Received By Job
	7514  -  Total Bytes Sent By Job
	11267  -  Total Bytes Received By Job
	Partitionable Resources :    Usage  Request Allocated 
	   Cpus                 :     0.15        1         1 
	   Disk (KB)            :    40          12   1297157 
	   Memory (MB)          :    55        2000      2000 

	Job terminated of its own accord at 2023-11-12T13:59:04Z.
...
000 (9066059.000.000) 11/12 15:26:38 Job submitted from host: <188.184.90.62:9618?addrs=188.184.90.62-9618+[2001-1458-201-e4--100-238]-9618&alias=bigbird16.cern.ch&noUDP&sock=schedd_4073970_23e3>
...
040 (9066059.000.000) 11/12 15:29:14 Started transferring input files
	Transferring to host: <188.184.160.111:9618?addrs=188.184.160.111-9618+[2001-1458-301-48--100-69]-9618&alias=b7s09p5073.cern.ch&noUDP&sock=slot1_1_3733_fc71_203918>
...
040 (9066059.000.000) 11/12 15:29:14 Finished transferring input files
...
001 (9066059.000.000) 11/12 15:29:15 Job executing on host: <188.184.160.111:9618?addrs=188.184.160.111-9618+[2001-1458-301-48--100-69]-9618&alias=b7s09p5073.cern.ch&noUDP&sock=startd_2980_9c50>
...
006 (9066059.000.000) 11/12 15:29:25 Image size of job updated: 949416
	1  -  MemoryUsage of job (MB)
	972  -  ResidentSetSize of job (KB)
...
006 (9066059.000.000) 11/12 15:34:25 Image size of job updated: 22355712
	15914  -  MemoryUsage of job (MB)
	16295548  -  ResidentSetSize of job (KB)
...
006 (9066059.000.000) 11/12 15:39:25 Image size of job updated: 23279928
	15915  -  MemoryUsage of job (MB)
	16296024  -  ResidentSetSize of job (KB)
...
006 (9066059.000.000) 11/12 15:54:26 Image size of job updated: 24215608
	15915  -  MemoryUsage of job (MB)
	16296024  -  ResidentSetSize of job (KB)
...
006 (9066059.000.000) 11/12 16:04:28 Image size of job updated: 33966560
	15915  -  MemoryUsage of job (MB)
	16296024  -  ResidentSetSize of job (KB)
...
006 (9066059.000.000) 11/12 16:05:49 Image size of job updated: 34261636
	15915  -  MemoryUsage of job (MB)
	16296024  -  ResidentSetSize of job (KB)
...
040 (9066059.000.000) 11/12 16:05:49 Started transferring output files
...
040 (9066059.000.000) 11/12 16:05:49 Finished transferring output files
...
005 (9066059.000.000) 11/12 16:05:49 Job terminated.
	(1) Normal termination (return value 1)
		Usr 0 00:02:06, Sys 0 00:00:25  -  Run Remote Usage
		Usr 0 00:00:00, Sys 0 00:00:00  -  Run Local Usage
		Usr 0 00:02:06, Sys 0 00:00:25  -  Total Remote Usage
		Usr 0 00:00:00, Sys 0 00:00:00  -  Total Local Usage
	11070  -  Run Bytes Sent By Job
	11267  -  Run Bytes Received By Job
	11070  -  Total Bytes Sent By Job
	11267  -  Total Bytes Received By Job
	Partitionable Resources :    Usage  Request Allocated 
	   Cpus                 :     0.01        1         1 
	   Disk (KB)            :    45          12   2865260 
	   Memory (MB)          : 15915        2000      2000 

	Job terminated of its own accord at 2023-11-12T15:05:49Z.
...
000 (9066514.000.000) 11/12 16:36:09 Job submitted from host: <188.184.90.62:9618?addrs=188.184.90.62-9618+[2001-1458-201-e4--100-238]-9618&alias=bigbird16.cern.ch&noUDP&sock=schedd_4073970_23e3>
...
040 (9066514.000.000) 11/12 16:42:09 Started transferring input files
	Transferring to host: <128.142.58.157:9618?addrs=128.142.58.157-9618+[2001-1458-301-16--100-9c]-9618&alias=b7s03p2716.cern.ch&noUDP&sock=slot1_6_4132_1e21_252188>
...
040 (9066514.000.000) 11/12 16:42:09 Finished transferring input files
...
001 (9066514.000.000) 11/12 16:42:10 Job executing on host: <128.142.58.157:9618?addrs=128.142.58.157-9618+[2001-1458-301-16--100-9c]-9618&alias=b7s03p2716.cern.ch&noUDP&sock=startd_2879_5540>
...
006 (9066514.000.000) 11/12 16:42:19 Image size of job updated: 951580
	102  -  MemoryUsage of job (MB)
	103712  -  ResidentSetSize of job (KB)
...
006 (9066514.000.000) 11/12 16:44:25 Image size of job updated: 34261648
	102  -  MemoryUsage of job (MB)
	103744  -  ResidentSetSize of job (KB)
...
040 (9066514.000.000) 11/12 16:44:25 Started transferring output files
...
040 (9066514.000.000) 11/12 16:44:25 Finished transferring output files
...
005 (9066514.000.000) 11/12 16:44:25 Job terminated.
	(1) Normal termination (return value 1)
		Usr 0 00:01:17, Sys 0 00:00:20  -  Run Remote Usage
		Usr 0 00:00:00, Sys 0 00:00:00  -  Run Local Usage
		Usr 0 00:01:17, Sys 0 00:00:20  -  Total Remote Usage
		Usr 0 00:00:00, Sys 0 00:00:00  -  Total Local Usage
	10244  -  Run Bytes Sent By Job
	11267  -  Run Bytes Received By Job
	10244  -  Total Bytes Sent By Job
	11267  -  Total Bytes Received By Job
	Partitionable Resources :    Usage  Request Allocated 
	   Cpus                 :     0.27        1         1 
	   Disk (KB)            :    44          12   1245111 
	   Memory (MB)          :   102        2000      2000 

	Job terminated of its own accord at 2023-11-12T15:44:25Z.
...
000 (9066856.000.000) 11/12 17:32:03 Job submitted from host: <188.184.90.62:9618?addrs=188.184.90.62-9618+[2001-1458-201-e4--100-238]-9618&alias=bigbird16.cern.ch&noUDP&sock=schedd_4073970_23e3>
...
040 (9066856.000.000) 11/12 17:36:28 Started transferring input files
	Transferring to host: <128.142.132.102:9618?addrs=128.142.132.102-9618+[2001-1458-301-5a--100-5a]-9618&alias=b7g12p9652.cern.ch&noUDP&sock=slot1_18_3376_7282_147488>
...
040 (9066856.000.000) 11/12 17:36:28 Finished transferring input files
...
001 (9066856.000.000) 11/12 17:36:29 Job executing on host: <128.142.132.102:9618?addrs=128.142.132.102-9618+[2001-1458-301-5a--100-5a]-9618&alias=b7g12p9652.cern.ch&noUDP&sock=startd_2922_d3d2>
...
006 (9066856.000.000) 11/12 17:36:38 Image size of job updated: 897488
	10  -  MemoryUsage of job (MB)
	9904  -  ResidentSetSize of job (KB)
...
006 (9066856.000.000) 11/12 17:41:38 Image size of job updated: 22262688
	20306  -  MemoryUsage of job (MB)
	20792716  -  ResidentSetSize of job (KB)
...
006 (9066856.000.000) 11/12 17:44:23 Image size of job updated: 31807180
	20306  -  MemoryUsage of job (MB)
	20792716  -  ResidentSetSize of job (KB)
...
040 (9066856.000.000) 11/12 17:44:23 Started transferring output files
...
040 (9066856.000.000) 11/12 17:44:23 Finished transferring output files
...
005 (9066856.000.000) 11/12 17:44:23 Job terminated.
	(1) Normal termination (return value 1)
		Usr 0 00:02:53, Sys 0 00:00:26  -  Run Remote Usage
		Usr 0 00:00:00, Sys 0 00:00:00  -  Run Local Usage
		Usr 0 00:02:53, Sys 0 00:00:26  -  Total Remote Usage
		Usr 0 00:00:00, Sys 0 00:00:00  -  Total Local Usage
	10918  -  Run Bytes Sent By Job
	11267  -  Run Bytes Received By Job
	10918  -  Total Bytes Sent By Job
	11267  -  Total Bytes Received By Job
	Partitionable Resources :    Usage  Request Allocated 
	   Cpus                 :     0.09        1         1 
	   Disk (KB)            :    44          12   1534773 
	   Memory (MB)          : 20306        2000      2000 

	Job terminated of its own accord at 2023-11-12T16:44:23Z.
...
000 (9066971.000.000) 11/12 17:48:57 Job submitted from host: <188.184.90.62:9618?addrs=188.184.90.62-9618+[2001-1458-201-e4--100-238]-9618&alias=bigbird16.cern.ch&noUDP&sock=schedd_4073970_23e3>
...
009 (9066971.000.000) 11/12 17:50:23 Job was aborted.
	via condor_rm (by user lfavilla)
...
000 (9066972.000.000) 11/12 17:50:28 Job submitted from host: <188.184.90.62:9618?addrs=188.184.90.62-9618+[2001-1458-201-e4--100-238]-9618&alias=bigbird16.cern.ch&noUDP&sock=schedd_4073970_23e3>
...
040 (9066972.000.000) 11/12 17:52:17 Started transferring input files
	Transferring to host: <188.184.160.93:9618?addrs=188.184.160.93-9618&alias=b7s09p5986.cern.ch&noUDP&sock=slot1_15_40478_29a7_156239>
...
040 (9066972.000.000) 11/12 17:52:17 Finished transferring input files
...
001 (9066972.000.000) 11/12 17:52:18 Job executing on host: <188.184.160.93:9618?addrs=188.184.160.93-9618&alias=b7s09p5986.cern.ch&noUDP&sock=startd_4045_1cad>
...
006 (9066972.000.000) 11/12 17:52:27 Image size of job updated: 790492
	112  -  MemoryUsage of job (MB)
	114216  -  ResidentSetSize of job (KB)
...
006 (9066972.000.000) 11/12 17:53:45 Image size of job updated: 21069180
	112  -  MemoryUsage of job (MB)
	114332  -  ResidentSetSize of job (KB)
...
040 (9066972.000.000) 11/12 17:53:45 Started transferring output files
...
040 (9066972.000.000) 11/12 17:53:45 Finished transferring output files
...
005 (9066972.000.000) 11/12 17:53:45 Job terminated.
	(1) Normal termination (return value 1)
		Usr 0 00:00:29, Sys 0 00:00:23  -  Run Remote Usage
		Usr 0 00:00:00, Sys 0 00:00:00  -  Run Local Usage
		Usr 0 00:00:29, Sys 0 00:00:23  -  Total Remote Usage
		Usr 0 00:00:00, Sys 0 00:00:00  -  Total Local Usage
	7869  -  Run Bytes Sent By Job
	11267  -  Run Bytes Received By Job
	7869  -  Total Bytes Sent By Job
	11267  -  Total Bytes Received By Job
	Partitionable Resources :    Usage  Request Allocated 
	   Cpus                 :                 1         1 
	   Disk (KB)            :       33       12   3028777 
	   Memory (MB)          :      112     2000      2000 

	Job terminated of its own accord at 2023-11-12T16:53:45Z.
...
000 (9067448.000.000) 11/12 21:59:28 Job submitted from host: <188.184.90.62:9618?addrs=188.184.90.62-9618+[2001-1458-201-e4--100-238]-9618&alias=bigbird16.cern.ch&noUDP&sock=schedd_4073970_23e3>
...
040 (9067448.000.000) 11/12 22:00:40 Started transferring input files
	Transferring to host: <128.142.132.121:9618?addrs=128.142.132.121-9618+[2001-1458-301-5a--100-6d]-9618&alias=b7g12p6431.cern.ch&noUDP&sock=slot1_15_6145_7553_252407>
...
040 (9067448.000.000) 11/12 22:00:40 Finished transferring input files
...
001 (9067448.000.000) 11/12 22:00:41 Job executing on host: <128.142.132.121:9618?addrs=128.142.132.121-9618+[2001-1458-301-5a--100-6d]-9618&alias=b7g12p6431.cern.ch&noUDP&sock=startd_5098_61e7>
...
006 (9067448.000.000) 11/12 22:00:50 Image size of job updated: 660740
	90  -  MemoryUsage of job (MB)
	91388  -  ResidentSetSize of job (KB)
...
006 (9067448.000.000) 11/12 22:05:51 Image size of job updated: 35194544
	23805  -  MemoryUsage of job (MB)
	24375684  -  ResidentSetSize of job (KB)
...
006 (9067448.000.000) 11/12 22:20:52 Image size of job updated: 36270344
	23805  -  MemoryUsage of job (MB)
	24375684  -  ResidentSetSize of job (KB)
...
040 (9067448.000.000) 11/12 22:34:31 Started transferring output files
...
040 (9067448.000.000) 11/12 22:34:31 Finished transferring output files
...
005 (9067448.000.000) 11/12 22:34:31 Job terminated.
	(1) Normal termination (return value 0)
		Usr 0 00:49:44, Sys 0 00:05:07  -  Run Remote Usage
		Usr 0 00:00:00, Sys 0 00:00:00  -  Run Local Usage
		Usr 0 00:49:44, Sys 0 00:05:07  -  Total Remote Usage
		Usr 0 00:00:00, Sys 0 00:00:00  -  Total Local Usage
	2385020  -  Run Bytes Sent By Job
	11267  -  Run Bytes Received By Job
	2385020  -  Total Bytes Sent By Job
	11267  -  Total Bytes Received By Job
	Partitionable Resources :    Usage  Request Allocated 
	   Cpus                 :     1.06        1         1 
	   Disk (KB)            :  2367          12   1682411 
	   Memory (MB)          : 23805        2000      2000 

	Job terminated of its own accord at 2023-11-12T21:34:31Z.
...
000 (9090302.000.000) 11/22 11:00:01 Job submitted from host: <188.184.90.62:9618?addrs=188.184.90.62-9618+[2001-1458-201-e4--100-238]-9618&alias=bigbird16.cern.ch&noUDP&sock=schedd_4073970_23e3>
...
009 (9090302.000.000) 11/22 11:00:32 Job was aborted.
	via condor_rm (by user lfavilla)
...
