000 (8841669.000.000) 10/02 00:07:09 Job submitted from host: <188.184.90.62:9618?addrs=188.184.90.62-9618+[2001-1458-201-e4--100-238]-9618&alias=bigbird16.cern.ch&noUDP&sock=schedd_4073970_23e3>
...
040 (8841669.000.000) 10/02 00:10:28 Started transferring input files
	Transferring to host: <128.142.61.29:9618?addrs=128.142.61.29-9618+[2001-1458-301-23--100-1c]-9618&alias=b7s06p7938.cern.ch&noUDP&sock=slot1_3_44614_594f_4565>
...
040 (8841669.000.000) 10/02 00:10:28 Finished transferring input files
...
001 (8841669.000.000) 10/02 00:10:29 Job executing on host: <128.142.61.29:9618?addrs=128.142.61.29-9618+[2001-1458-301-23--100-1c]-9618&alias=b7s06p7938.cern.ch&noUDP&sock=startd_44575_5225>
...
006 (8841669.000.000) 10/02 00:10:39 Image size of job updated: 830276
	31  -  MemoryUsage of job (MB)
	30896  -  ResidentSetSize of job (KB)
...
006 (8841669.000.000) 10/02 00:15:39 Image size of job updated: 22537156
	6988  -  MemoryUsage of job (MB)
	7154964  -  ResidentSetSize of job (KB)
...
006 (8841669.000.000) 10/02 00:20:39 Image size of job updated: 22597128
	8326  -  MemoryUsage of job (MB)
	8525028  -  ResidentSetSize of job (KB)
...
006 (8841669.000.000) 10/02 00:25:40 Image size of job updated: 22601736
	8438  -  MemoryUsage of job (MB)
	8640252  -  ResidentSetSize of job (KB)
...
040 (8841669.000.000) 10/02 00:27:26 Started transferring output files
...
040 (8841669.000.000) 10/02 00:27:26 Finished transferring output files
...
005 (8841669.000.000) 10/02 00:27:26 Job terminated.
	(1) Normal termination (return value 0)
		Usr 0 00:23:30, Sys 0 00:04:47  -  Run Remote Usage
		Usr 0 00:00:00, Sys 0 00:00:00  -  Run Local Usage
		Usr 0 00:23:30, Sys 0 00:04:47  -  Total Remote Usage
		Usr 0 00:00:00, Sys 0 00:00:00  -  Total Local Usage
	14451  -  Run Bytes Sent By Job
	11336  -  Run Bytes Received By Job
	14451  -  Total Bytes Sent By Job
	11336  -  Total Bytes Received By Job
	Partitionable Resources :    Usage  Request Allocated 
	   Cpus                 :     2.21        1         1 
	   Disk (KB)            :    48          12   3026840 
	   Memory (MB)          :  8438        2000      2000 

	Job terminated of its own accord at 2023-10-01T22:27:26Z.
...
000 (8841703.000.000) 10/02 01:19:03 Job submitted from host: <188.184.90.62:9618?addrs=188.184.90.62-9618+[2001-1458-201-e4--100-238]-9618&alias=bigbird16.cern.ch&noUDP&sock=schedd_4073970_23e3>
...
040 (8841703.000.000) 10/02 01:22:21 Started transferring input files
	Transferring to host: <128.142.132.115:9618?addrs=128.142.132.115-9618+[2001-1458-301-5a--100-67]-9618&alias=b7g12p3756.cern.ch&noUDP&sock=slot1_1_5228_594e_187509>
...
040 (8841703.000.000) 10/02 01:22:21 Finished transferring input files
...
001 (8841703.000.000) 10/02 01:22:22 Job executing on host: <128.142.132.115:9618?addrs=128.142.132.115-9618+[2001-1458-301-5a--100-67]-9618&alias=b7g12p3756.cern.ch&noUDP&sock=startd_4551_2f99>
...
006 (8841703.000.000) 10/02 01:22:31 Image size of job updated: 160800
	87  -  MemoryUsage of job (MB)
	88800  -  ResidentSetSize of job (KB)
...
006 (8841703.000.000) 10/02 01:27:32 Image size of job updated: 20373260
	11249  -  MemoryUsage of job (MB)
	11518060  -  ResidentSetSize of job (KB)
...
006 (8841703.000.000) 10/02 01:32:33 Image size of job updated: 20373260
	11594  -  MemoryUsage of job (MB)
	11872056  -  ResidentSetSize of job (KB)
...
006 (8841703.000.000) 10/02 01:37:33 Image size of job updated: 20433928
	11594  -  MemoryUsage of job (MB)
	11872056  -  ResidentSetSize of job (KB)
...
040 (8841703.000.000) 10/02 01:42:04 Started transferring output files
...
040 (8841703.000.000) 10/02 01:42:04 Finished transferring output files
...
005 (8841703.000.000) 10/02 01:42:04 Job terminated.
	(1) Normal termination (return value 0)
		Usr 0 00:32:58, Sys 0 00:05:23  -  Run Remote Usage
		Usr 0 00:00:00, Sys 0 00:00:00  -  Run Local Usage
		Usr 0 00:32:58, Sys 0 00:05:23  -  Total Remote Usage
		Usr 0 00:00:00, Sys 0 00:00:00  -  Total Local Usage
	13887  -  Run Bytes Sent By Job
	11929  -  Run Bytes Received By Job
	13887  -  Total Bytes Sent By Job
	11929  -  Total Bytes Received By Job
	Partitionable Resources :    Usage  Request Allocated 
	   Cpus                 :     1.84        1         1 
	   Disk (KB)            :    48          12   1703688 
	   Memory (MB)          : 11594        2000      2000 

	Job terminated of its own accord at 2023-10-01T23:42:04Z.
...
