000 (8841676.000.000) 10/02 00:07:27 Job submitted from host: <188.184.90.62:9618?addrs=188.184.90.62-9618+[2001-1458-201-e4--100-238]-9618&alias=bigbird16.cern.ch&noUDP&sock=schedd_4073970_23e3>
...
040 (8841676.000.000) 10/02 00:10:31 Started transferring input files
	Transferring to host: <128.142.248.122:9618?addrs=128.142.248.122-9618+[2001-1458-301-73--100-16a]-9618&alias=b7g23p1073.cern.ch&noUDP&sock=slot1_19_181757_ffb8_4118>
...
040 (8841676.000.000) 10/02 00:10:31 Finished transferring input files
...
001 (8841676.000.000) 10/02 00:10:32 Job executing on host: <128.142.248.122:9618?addrs=128.142.248.122-9618+[2001-1458-301-73--100-16a]-9618&alias=b7g23p1073.cern.ch&noUDP&sock=startd_3252_2e13>
...
006 (8841676.000.000) 10/02 00:10:41 Image size of job updated: 994104
	124  -  MemoryUsage of job (MB)
	126792  -  ResidentSetSize of job (KB)
...
006 (8841676.000.000) 10/02 00:15:42 Image size of job updated: 22528992
	11843  -  MemoryUsage of job (MB)
	12126936  -  ResidentSetSize of job (KB)
...
006 (8841676.000.000) 10/02 00:21:05 Image size of job updated: 22530528
	11843  -  MemoryUsage of job (MB)
	12126936  -  ResidentSetSize of job (KB)
...
006 (8841676.000.000) 10/02 00:25:42 Image size of job updated: 22536928
	11843  -  MemoryUsage of job (MB)
	12126936  -  ResidentSetSize of job (KB)
...
006 (8841676.000.000) 10/02 00:35:43 Image size of job updated: 22600484
	11843  -  MemoryUsage of job (MB)
	12126936  -  ResidentSetSize of job (KB)
...
040 (8841676.000.000) 10/02 00:52:08 Started transferring output files
...
040 (8841676.000.000) 10/02 00:52:08 Finished transferring output files
...
005 (8841676.000.000) 10/02 00:52:09 Job terminated.
	(1) Normal termination (return value 0)
		Usr 0 00:38:34, Sys 0 00:08:30  -  Run Remote Usage
		Usr 0 00:00:00, Sys 0 00:00:00  -  Run Local Usage
		Usr 0 00:38:34, Sys 0 00:08:30  -  Total Remote Usage
		Usr 0 00:00:00, Sys 0 00:00:00  -  Total Local Usage
	15790  -  Run Bytes Sent By Job
	11364  -  Run Bytes Received By Job
	15790  -  Total Bytes Sent By Job
	11364  -  Total Bytes Received By Job
	Partitionable Resources :    Usage  Request Allocated 
	   Cpus                 :     0.16        1         1 
	   Disk (KB)            :    49          12   3019232 
	   Memory (MB)          : 11843        2000      2000 

	Job terminated of its own accord at 2023-10-01T22:52:07Z.
...
000 (8841710.000.000) 10/02 01:19:19 Job submitted from host: <188.184.90.62:9618?addrs=188.184.90.62-9618+[2001-1458-201-e4--100-238]-9618&alias=bigbird16.cern.ch&noUDP&sock=schedd_4073970_23e3>
...
040 (8841710.000.000) 10/02 01:22:24 Started transferring input files
	Transferring to host: <128.142.58.43:9618?addrs=128.142.58.43-9618+[2001-1458-301-16--100-2a]-9618&alias=b7s03p3631.cern.ch&noUDP&sock=slot1_24_15490_db2f_127331>
...
040 (8841710.000.000) 10/02 01:22:24 Finished transferring input files
...
001 (8841710.000.000) 10/02 01:22:25 Job executing on host: <128.142.58.43:9618?addrs=128.142.58.43-9618+[2001-1458-301-16--100-2a]-9618&alias=b7s03p3631.cern.ch&noUDP&sock=startd_15444_e0be>
...
006 (8841710.000.000) 10/02 01:22:34 Image size of job updated: 951592
	5  -  MemoryUsage of job (MB)
	4892  -  ResidentSetSize of job (KB)
...
006 (8841710.000.000) 10/02 01:27:35 Image size of job updated: 21912920
	9759  -  MemoryUsage of job (MB)
	9992236  -  ResidentSetSize of job (KB)
...
006 (8841710.000.000) 10/02 01:32:35 Image size of job updated: 22531280
	9759  -  MemoryUsage of job (MB)
	9992236  -  ResidentSetSize of job (KB)
...
006 (8841710.000.000) 10/02 01:37:36 Image size of job updated: 22537168
	9759  -  MemoryUsage of job (MB)
	9992236  -  ResidentSetSize of job (KB)
...
006 (8841710.000.000) 10/02 01:47:37 Image size of job updated: 22602252
	10238  -  MemoryUsage of job (MB)
	10483268  -  ResidentSetSize of job (KB)
...
006 (8841710.000.000) 10/02 01:52:38 Image size of job updated: 22603532
	10238  -  MemoryUsage of job (MB)
	10483268  -  ResidentSetSize of job (KB)
...
040 (8841710.000.000) 10/02 02:04:15 Started transferring output files
...
040 (8841710.000.000) 10/02 02:04:15 Finished transferring output files
...
005 (8841710.000.000) 10/02 02:04:15 Job terminated.
	(1) Normal termination (return value 0)
		Usr 0 00:24:40, Sys 0 00:02:39  -  Run Remote Usage
		Usr 0 00:00:00, Sys 0 00:00:00  -  Run Local Usage
		Usr 0 00:24:40, Sys 0 00:02:39  -  Total Remote Usage
		Usr 0 00:00:00, Sys 0 00:00:00  -  Total Local Usage
	15782  -  Run Bytes Sent By Job
	11957  -  Run Bytes Received By Job
	15782  -  Total Bytes Sent By Job
	11957  -  Total Bytes Received By Job
	Partitionable Resources :    Usage  Request Allocated 
	   Cpus                 :     0.82        1         1 
	   Disk (KB)            :    50          12   1336121 
	   Memory (MB)          : 10238        2000      2000 

	Job terminated of its own accord at 2023-10-02T00:04:15Z.
...
