000 (8841673.000.000) 10/02 00:07:19 Job submitted from host: <188.184.90.62:9618?addrs=188.184.90.62-9618+[2001-1458-201-e4--100-238]-9618&alias=bigbird16.cern.ch&noUDP&sock=schedd_4073970_23e3>
...
040 (8841673.000.000) 10/02 00:10:30 Started transferring input files
	Transferring to host: <128.142.248.122:9618?addrs=128.142.248.122-9618+[2001-1458-301-73--100-16a]-9618&alias=b7g23p1073.cern.ch&noUDP&sock=slot1_17_181757_ffb8_4117>
...
040 (8841673.000.000) 10/02 00:10:30 Finished transferring input files
...
001 (8841673.000.000) 10/02 00:10:31 Job executing on host: <128.142.248.122:9618?addrs=128.142.248.122-9618+[2001-1458-301-73--100-16a]-9618&alias=b7g23p1073.cern.ch&noUDP&sock=startd_3252_2e13>
...
006 (8841673.000.000) 10/02 00:10:39 Image size of job updated: 937304
	99  -  MemoryUsage of job (MB)
	100824  -  ResidentSetSize of job (KB)
...
006 (8841673.000.000) 10/02 00:15:39 Image size of job updated: 22612624
	11779  -  MemoryUsage of job (MB)
	12061076  -  ResidentSetSize of job (KB)
...
006 (8841673.000.000) 10/02 00:21:05 Image size of job updated: 22612624
	11782  -  MemoryUsage of job (MB)
	12063828  -  ResidentSetSize of job (KB)
...
040 (8841673.000.000) 10/02 00:54:58 Started transferring output files
...
040 (8841673.000.000) 10/02 00:54:58 Finished transferring output files
...
005 (8841673.000.000) 10/02 00:54:58 Job terminated.
	(1) Normal termination (return value 0)
		Usr 0 00:39:32, Sys 0 00:08:23  -  Run Remote Usage
		Usr 0 00:00:00, Sys 0 00:00:00  -  Run Local Usage
		Usr 0 00:39:32, Sys 0 00:08:23  -  Total Remote Usage
		Usr 0 00:00:00, Sys 0 00:00:00  -  Total Local Usage
	15367  -  Run Bytes Sent By Job
	11364  -  Run Bytes Received By Job
	15367  -  Total Bytes Sent By Job
	11364  -  Total Bytes Received By Job
	Partitionable Resources :    Usage  Request Allocated 
	   Cpus                 :     0.15        1         1 
	   Disk (KB)            :    49          12   3019252 
	   Memory (MB)          : 11782        2000      2000 

	Job terminated of its own accord at 2023-10-01T22:54:58Z.
...
000 (8841707.000.000) 10/02 01:19:13 Job submitted from host: <188.184.90.62:9618?addrs=188.184.90.62-9618+[2001-1458-201-e4--100-238]-9618&alias=bigbird16.cern.ch&noUDP&sock=schedd_4073970_23e3>
...
040 (8841707.000.000) 10/02 01:22:22 Started transferring input files
	Transferring to host: <128.142.137.146:9618?addrs=128.142.137.146-9618+[2001-1458-301-5e--100-86]-9618&alias=b7g19p3479.cern.ch&noUDP&sock=slot1_14_4600_ddb4_113920>
...
040 (8841707.000.000) 10/02 01:22:22 Finished transferring input files
...
001 (8841707.000.000) 10/02 01:22:23 Job executing on host: <128.142.137.146:9618?addrs=128.142.137.146-9618+[2001-1458-301-5e--100-86]-9618&alias=b7g19p3479.cern.ch&noUDP&sock=startd_3178_6c11>
...
006 (8841707.000.000) 10/02 01:22:32 Image size of job updated: 700800
	82  -  MemoryUsage of job (MB)
	82972  -  ResidentSetSize of job (KB)
...
006 (8841707.000.000) 10/02 01:27:33 Image size of job updated: 20373260
	11496  -  MemoryUsage of job (MB)
	11771732  -  ResidentSetSize of job (KB)
...
006 (8841707.000.000) 10/02 01:32:33 Image size of job updated: 20438096
	11496  -  MemoryUsage of job (MB)
	11771736  -  ResidentSetSize of job (KB)
...
006 (8841707.000.000) 10/02 01:37:33 Image size of job updated: 20438096
	11946  -  MemoryUsage of job (MB)
	12231948  -  ResidentSetSize of job (KB)
...
040 (8841707.000.000) 10/02 01:38:47 Started transferring output files
...
040 (8841707.000.000) 10/02 01:38:47 Finished transferring output files
...
005 (8841707.000.000) 10/02 01:38:47 Job terminated.
	(1) Normal termination (return value 0)
		Usr 0 00:28:11, Sys 0 00:04:39  -  Run Remote Usage
		Usr 0 00:00:00, Sys 0 00:00:00  -  Run Local Usage
		Usr 0 00:28:11, Sys 0 00:04:39  -  Total Remote Usage
		Usr 0 00:00:00, Sys 0 00:00:00  -  Total Local Usage
	15077  -  Run Bytes Sent By Job
	11957  -  Run Bytes Received By Job
	15077  -  Total Bytes Sent By Job
	11957  -  Total Bytes Received By Job
	Partitionable Resources :    Usage  Request Allocated 
	   Cpus                 :     2.27        1         1 
	   Disk (KB)            :    49          12   1754038 
	   Memory (MB)          : 11946        2000      2000 

	Job terminated of its own accord at 2023-10-01T23:38:46Z.
...
