000 (8841681.000.000) 10/02 00:07:38 Job submitted from host: <188.184.90.62:9618?addrs=188.184.90.62-9618+[2001-1458-201-e4--100-238]-9618&alias=bigbird16.cern.ch&noUDP&sock=schedd_4073970_23e3>
...
040 (8841681.000.000) 10/02 00:10:33 Started transferring input files
	Transferring to host: <128.142.61.29:9618?addrs=128.142.61.29-9618+[2001-1458-301-23--100-1c]-9618&alias=b7s06p7938.cern.ch&noUDP&sock=slot1_11_44614_594f_4569>
...
040 (8841681.000.000) 10/02 00:10:33 Finished transferring input files
...
001 (8841681.000.000) 10/02 00:10:34 Job executing on host: <128.142.61.29:9618?addrs=128.142.61.29-9618+[2001-1458-301-23--100-1c]-9618&alias=b7s06p7938.cern.ch&noUDP&sock=startd_44575_5225>
...
006 (8841681.000.000) 10/02 00:10:42 Image size of job updated: 102572
	100  -  MemoryUsage of job (MB)
	102272  -  ResidentSetSize of job (KB)
...
006 (8841681.000.000) 10/02 00:15:42 Image size of job updated: 22536904
	7718  -  MemoryUsage of job (MB)
	7902552  -  ResidentSetSize of job (KB)
...
040 (8841681.000.000) 10/02 00:19:05 Started transferring output files
...
040 (8841681.000.000) 10/02 00:19:05 Finished transferring output files
...
005 (8841681.000.000) 10/02 00:19:05 Job terminated.
	(1) Normal termination (return value 137)
		Usr 0 00:10:59, Sys 0 00:02:29  -  Run Remote Usage
		Usr 0 00:00:00, Sys 0 00:00:00  -  Run Local Usage
		Usr 0 00:10:59, Sys 0 00:02:29  -  Total Remote Usage
		Usr 0 00:00:00, Sys 0 00:00:00  -  Total Local Usage
	7318  -  Run Bytes Sent By Job
	11360  -  Run Bytes Received By Job
	7318  -  Total Bytes Sent By Job
	11360  -  Total Bytes Received By Job
	Partitionable Resources :    Usage  Request Allocated 
	   Cpus                 :     2.03        1         1 
	   Disk (KB)            :    41          12   3026749 
	   Memory (MB)          :  7718        2000      2000 

	Job terminated of its own accord at 2023-10-01T22:19:05Z.
...
000 (8841715.000.000) 10/02 01:19:31 Job submitted from host: <188.184.90.62:9618?addrs=188.184.90.62-9618+[2001-1458-201-e4--100-238]-9618&alias=bigbird16.cern.ch&noUDP&sock=schedd_4073970_23e3>
...
040 (8841715.000.000) 10/02 01:22:25 Started transferring input files
	Transferring to host: <188.184.162.131:9618?addrs=188.184.162.131-9618+[2001-1458-301-4a--100-7d]-9618&alias=b7s11p6193.cern.ch&noUDP&sock=slot1_4_3561_cbea_80612>
...
040 (8841715.000.000) 10/02 01:22:25 Finished transferring input files
...
001 (8841715.000.000) 10/02 01:22:26 Job executing on host: <188.184.162.131:9618?addrs=188.184.162.131-9618+[2001-1458-301-4a--100-7d]-9618&alias=b7s11p6193.cern.ch&noUDP&sock=startd_2899_0d25>
...
006 (8841715.000.000) 10/02 01:22:35 Image size of job updated: 147824
	75  -  MemoryUsage of job (MB)
	76064  -  ResidentSetSize of job (KB)
...
006 (8841715.000.000) 10/02 01:27:36 Image size of job updated: 22531288
	11544  -  MemoryUsage of job (MB)
	11820160  -  ResidentSetSize of job (KB)
...
006 (8841715.000.000) 10/02 01:32:36 Image size of job updated: 22536920
	11544  -  MemoryUsage of job (MB)
	11820160  -  ResidentSetSize of job (KB)
...
006 (8841715.000.000) 10/02 01:37:37 Image size of job updated: 22603280
	11544  -  MemoryUsage of job (MB)
	11820160  -  ResidentSetSize of job (KB)
...
040 (8841715.000.000) 10/02 01:40:50 Started transferring output files
...
040 (8841715.000.000) 10/02 01:40:50 Finished transferring output files
...
005 (8841715.000.000) 10/02 01:40:50 Job terminated.
	(1) Normal termination (return value 0)
		Usr 0 00:30:01, Sys 0 00:04:44  -  Run Remote Usage
		Usr 0 00:00:00, Sys 0 00:00:00  -  Run Local Usage
		Usr 0 00:30:01, Sys 0 00:04:44  -  Total Remote Usage
		Usr 0 00:00:00, Sys 0 00:00:00  -  Total Local Usage
	14915  -  Run Bytes Sent By Job
	11953  -  Run Bytes Received By Job
	14915  -  Total Bytes Sent By Job
	11953  -  Total Bytes Received By Job
	Partitionable Resources :    Usage  Request Allocated 
	   Cpus                 :     2.18        1         1 
	   Disk (KB)            :    49          12   2981328 
	   Memory (MB)          : 11544        2000      2000 

	Job terminated of its own accord at 2023-10-01T23:40:49Z.
...
