000 (8841668.000.000) 10/02 00:05:55 Job submitted from host: <188.184.90.62:9618?addrs=188.184.90.62-9618+[2001-1458-201-e4--100-238]-9618&alias=bigbird16.cern.ch&noUDP&sock=schedd_4073970_23e3>
...
040 (8841668.000.000) 10/02 00:07:07 Started transferring input files
	Transferring to host: <128.142.130.40:9618?addrs=128.142.130.40-9618+[2001-1458-301-58--100-1c]-9618&alias=b7g20p8621.cern.ch&noUDP&sock=slot1_16_8470_a192_192967>
...
040 (8841668.000.000) 10/02 00:07:07 Finished transferring input files
...
001 (8841668.000.000) 10/02 00:07:08 Job executing on host: <128.142.130.40:9618?addrs=128.142.130.40-9618+[2001-1458-301-58--100-1c]-9618&alias=b7g20p8621.cern.ch&noUDP&sock=startd_7488_b941>
...
006 (8841668.000.000) 10/02 00:07:17 Image size of job updated: 912416
	5  -  MemoryUsage of job (MB)
	4596  -  ResidentSetSize of job (KB)
...
006 (8841668.000.000) 10/02 00:12:18 Image size of job updated: 12228160
	11231  -  MemoryUsage of job (MB)
	11499672  -  ResidentSetSize of job (KB)
...
006 (8841668.000.000) 10/02 00:17:18 Image size of job updated: 19762980
	11231  -  MemoryUsage of job (MB)
	11499708  -  ResidentSetSize of job (KB)
...
006 (8841668.000.000) 10/02 00:22:19 Image size of job updated: 19805848
	11231  -  MemoryUsage of job (MB)
	11499708  -  ResidentSetSize of job (KB)
...
006 (8841668.000.000) 10/02 00:27:20 Image size of job updated: 20371980
	11231  -  MemoryUsage of job (MB)
	11499708  -  ResidentSetSize of job (KB)
...
006 (8841668.000.000) 10/02 00:32:20 Image size of job updated: 20373772
	11231  -  MemoryUsage of job (MB)
	11499708  -  ResidentSetSize of job (KB)
...
006 (8841668.000.000) 10/02 00:57:24 Image size of job updated: 20593680
	11231  -  MemoryUsage of job (MB)
	11499708  -  ResidentSetSize of job (KB)
...
040 (8841668.000.000) 10/02 01:28:53 Started transferring output files
...
040 (8841668.000.000) 10/02 01:28:53 Finished transferring output files
...
005 (8841668.000.000) 10/02 01:28:53 Job terminated.
	(1) Normal termination (return value 0)
		Usr 0 00:54:14, Sys 0 00:05:38  -  Run Remote Usage
		Usr 0 00:00:00, Sys 0 00:00:00  -  Run Local Usage
		Usr 0 00:54:14, Sys 0 00:05:38  -  Total Remote Usage
		Usr 0 00:00:00, Sys 0 00:00:00  -  Total Local Usage
	14990  -  Run Bytes Sent By Job
	11352  -  Run Bytes Received By Job
	14990  -  Total Bytes Sent By Job
	11352  -  Total Bytes Received By Job
	Partitionable Resources :    Usage  Request Allocated 
	   Cpus                 :     0.95        1         1 
	   Disk (KB)            :    49          12   1616349 
	   Memory (MB)          : 11231        2000      2000 

	Job terminated of its own accord at 2023-10-01T23:28:53Z.
...
