DEBUG 2023-11-14 18:44:19.899 UTC: 	 CRAB Client version: v3.231010
DEBUG 2023-11-14 18:44:19.899 UTC: 	 Running on: Linux lxplus799.cern.ch 3.10.0-1160.99.1.el7.x86_64 #1 SMP Wed Sep 13 14:19:20 UTC 2023 x86_64 x86_64 x86_64 GNU/Linux - CentOS Linux 7 (Core)
DEBUG 2023-11-14 18:44:19.899 UTC: 	 Executing command: 'submit'
DEBUG 2023-11-14 18:44:19.900 UTC: 	 Found CRAB cache file /afs/cern.ch/user/l/lfavilla/.crab3
INFO 2023-11-14 18:44:19.901 UTC: 	 Will use CRAB configuration file crab_cfg.py
DEBUG 2023-11-14 18:44:19.901 UTC: 	 Loading CRAB configuration file.
DEBUG 2023-11-14 18:44:19.912 UTC: 	 Will use CRAB Analysis plugin (i.e. will run an analysis job type).
DEBUG 2023-11-14 18:44:19.965 UTC: 	 Checking credentials
DEBUG 2023-11-14 18:44:19.965 UTC: 	 Found proxy file /tmp/x509up_u159320
DEBUG 2023-11-14 18:44:19.965 UTC: 	 Making sure it has proper VOMS extension
DEBUG 2023-11-14 18:44:19.965 UTC: 	 Executing command :
 voms-proxy-info --vo --file /tmp/x509up_u159320
DEBUG 2023-11-14 18:44:20.871 UTC: 	 output : cms

 error: 
 retcode : 0
DEBUG 2023-11-14 18:44:20.872 UTC: 	 Getting proxy life time left
DEBUG 2023-11-14 18:44:20.872 UTC: 	 Executing command :
 voms-proxy-info --actimeleft --timeleft --file /tmp/x509up_u159320
DEBUG 2023-11-14 18:44:21.808 UTC: 	 output : 29729
29729

 error: 
 retcode : 0
DEBUG 2023-11-14 18:44:21.808 UTC: 	 Proxy valid for 08:15:29 hours
DEBUG 2023-11-14 18:44:22.179 UTC: 	 Encoded data for curl request: subresource=delegatedn
DEBUG 2023-11-14 18:44:22.240 UTC: 	 Registering user credentials on myproxy for /DC=ch/DC=cern/OU=computers/CN=crab-(preprod|prod|dev)-tw(01|02|03).cern.ch|/DC=ch/DC=cern/OU=computers/CN=stefanov(m|m2).cern.ch|/DC=ch/DC=cern/OU=computers/CN=dciangot-tw.cern.ch
DEBUG 2023-11-14 18:44:22.240 UTC: 	 Executing command :
 voms-proxy-info --identity --file /tmp/x509up_u159320
DEBUG 2023-11-14 18:44:23.048 UTC: 	 output : /DC=ch/DC=cern/OU=Organic Units/OU=Users/CN=lfavilla/CN=867090/CN=Leonardo Favilla

 error: 
 retcode : 0
DEBUG 2023-11-14 18:44:23.048 UTC: 	 Getting myproxy life time left for 70284ad9de3a40585c76dbf527363be004fcbd17
DEBUG 2023-11-14 18:44:23.049 UTC: 	 Executing command :
 myproxy-info -s myproxy.cern.ch -l 70284ad9de3a40585c76dbf527363be004fcbd17
DEBUG 2023-11-14 18:44:23.377 UTC: 	 output : username: 70284ad9de3a40585c76dbf527363be004fcbd17
owner: /DC=ch/DC=cern/OU=Organic Units/OU=Users/CN=lfavilla/CN=867090/CN=Leonardo Favilla
  renewal policy: /DC=ch/DC=cern/OU=computers/CN=crab-(preprod|prod|dev)-tw(01|02|03).cern.ch|/DC=ch/DC=cern/OU=computers/CN=stefanov(m|m2).cern.ch|/DC=ch/DC=cern/OU=computers/CN=dciangot-tw.cern.ch
  trusted retrieval policy: /DC=ch/DC=cern/OU=computers/CN=crab-(preprod|prod|dev)-tw(01|02|03).cern.ch|/DC=ch/DC=cern/OU=computers/CN=stefanov(m|m2).cern.ch|/DC=ch/DC=cern/OU=computers/CN=dciangot-tw.cern.ch
  timeleft: 399:59:57  (16.7 days)

 error: 
 retcode : 0
DEBUG 2023-11-14 18:44:23.378 UTC: 	 Myproxy is valid: 1439940
DEBUG 2023-11-14 18:44:23.378 UTC: 	 Result of myproxy credential check:
  Credential exists on myproxy: username: 70284ad9de3a40585c76dbf527363be004fcbd17  - validity: 16 days, 15:59:00
DEBUG 2023-11-14 18:44:23.378 UTC: 	 Command use: submit
DEBUG 2023-11-14 18:44:23.378 UTC: 	 Options use: ['-c', 'crab_cfg.py']
DEBUG 2023-11-14 18:44:23.378 UTC: 	 Encoded data for curl request: subresource=version
DEBUG 2023-11-14 18:44:23.506 UTC: 	 CRABClient version: v3.231010
DEBUG 2023-11-14 18:44:23.507 UTC: 	 Instance is prod
DEBUG 2023-11-14 18:44:23.507 UTC: 	 Server base url is cmsweb.cern.ch
DEBUG 2023-11-14 18:44:23.507 UTC: 	 Command api workflow
DEBUG 2023-11-14 18:44:23.507 UTC: 	 Started submission
DEBUG 2023-11-14 18:44:23.507 UTC: 	 Working on /afs/cern.ch/user/l/lfavilla/CMSSW_12_6_0/src/PhysicsTools/NanoAODTools/crab/crab_ZJetsToNuNu_HT800To1200_2018
DEBUG 2023-11-14 18:44:23.507 UTC: 	 Encoded data for curl request: subresource=backendurls
DEBUG 2023-11-14 18:44:23.662 UTC: 	 Loading required information from the environment
DEBUG 2023-11-14 18:44:23.662 UTC: 	 Found CMSSW_12_6_0 for slc7_amd64_gcc10 with base /afs/cern.ch/user/l/lfavilla/CMSSW_12_6_0
DEBUG 2023-11-14 18:44:23.662 UTC: 	 Loading required information from the environment
DEBUG 2023-11-14 18:44:23.662 UTC: 	 Found CMSSW_12_6_0 for slc7_amd64_gcc10 with base /afs/cern.ch/user/l/lfavilla/CMSSW_12_6_0
DEBUG 2023-11-14 18:44:23.662 UTC: 	 UNIQUE NAME: tarUUID 9b6072ac-f792-465f-ae10-852e2aa93a69 
DEBUG 2023-11-14 18:44:23.662 UTC: 	 self.config: from WMCore.Configuration import Configuration
config = Configuration()
config.section_('General')
config.General.transferLogs = True
config.General.requestName = 'ZJetsToNuNu_HT800To1200_2018'
config.section_('JobType')
config.JobType.maxJobRuntimeMin = 2700
config.JobType.scriptExe = 'crab_script.sh'
config.JobType.pluginName = 'Analysis'
config.JobType.psetName = 'PSet.py'
config.JobType.inputFiles = ['crab_script.py', '../scripts/haddnano.py', '../scripts/keep_and_drop.txt']
config.section_('Data')
config.Data.inputDBS = 'global'
config.Data.unitsPerJob = 1
config.Data.publication = False
config.Data.outLFNDirBase = '/store/user/lfavilla/DM_v0'
config.Data.outputDatasetTag = 'ZJetsToNuNu_HT800To1200_2018'
config.Data.allowNonValidInputDataset = True
config.Data.splitting = 'FileBased'
config.Data.inputDataset = '/ZJetsToNuNu_HT-800To1200_TuneCP5_13TeV-madgraphMLM-pythia8/RunIISummer20UL18NanoAODv9-106X_upgrade2018_realistic_v16_L1v1-v1/NANOAODSIM'
config.section_('Site')
config.Site.storageSite = 'T2_IT_Pisa'

DEBUG 2023-11-14 18:44:23.663 UTC: 	 self.config.JobType.psetName: PSet.py
INFO 2023-11-14 18:44:23.663 UTC: 	 Importing CMSSW configuration PSet.py
INFO 2023-11-14 18:44:23.954 UTC: 	 Finished importing CMSSW configuration PSet.py
DEBUG 2023-11-14 18:44:23.954 UTC: 	 Writing CMSSW configuration to /afs/cern.ch/user/l/lfavilla/CMSSW_12_6_0/src/PhysicsTools/NanoAODTools/crab/crab_ZJetsToNuNu_HT800To1200_2018/inputs/PSet.py
DEBUG 2023-11-14 18:44:23.976 UTC: 	 The following EDM output files will be collected: ['tree_hadd.root']
DEBUG 2023-11-14 18:44:23.976 UTC: 	 The following TFile output files will be collected: []
DEBUG 2023-11-14 18:44:23.976 UTC: 	 The following user output files (not listed as PoolOuputModule or TFileService in the CMSSW PSet) will be collected: 
DEBUG 2023-11-14 18:44:23.976 UTC: 	 Loading required information from the environment
DEBUG 2023-11-14 18:44:23.976 UTC: 	 Found CMSSW_12_6_0 for slc7_amd64_gcc10 with base /afs/cern.ch/user/l/lfavilla/CMSSW_12_6_0
DEBUG 2023-11-14 18:44:23.976 UTC: 	 Making tarball in /afs/cern.ch/user/l/lfavilla/CMSSW_12_6_0/src/PhysicsTools/NanoAODTools/crab/crab_ZJetsToNuNu_HT800To1200_2018/inputs/9b6072ac-f792-465f-ae10-852e2aa93a69default.tgz
DEBUG 2023-11-14 18:44:23.977 UTC: 	 Checking directory /afs/cern.ch/user/l/lfavilla/CMSSW_12_6_0/bin
DEBUG 2023-11-14 18:44:23.977 UTC: 	 Adding directory /afs/cern.ch/user/l/lfavilla/CMSSW_12_6_0/bin to tarball
DEBUG 2023-11-14 18:44:23.982 UTC: 	 Checking directory /afs/cern.ch/user/l/lfavilla/CMSSW_12_6_0/python
DEBUG 2023-11-14 18:44:23.982 UTC: 	 Adding directory /afs/cern.ch/user/l/lfavilla/CMSSW_12_6_0/python to tarball
DEBUG 2023-11-14 18:44:23.993 UTC: 	 Checking directory /afs/cern.ch/user/l/lfavilla/CMSSW_12_6_0/cfipython
DEBUG 2023-11-14 18:44:23.993 UTC: 	 Adding directory /afs/cern.ch/user/l/lfavilla/CMSSW_12_6_0/cfipython to tarball
DEBUG 2023-11-14 18:44:23.996 UTC: 	 Checking directory /afs/cern.ch/user/l/lfavilla/CMSSW_12_6_0/lib
DEBUG 2023-11-14 18:44:23.996 UTC: 	 Adding directory /afs/cern.ch/user/l/lfavilla/CMSSW_12_6_0/lib to tarball
DEBUG 2023-11-14 18:44:24.004 UTC: 	 Checking directory /afs/cern.ch/user/l/lfavilla/CMSSW_12_6_0/biglib
DEBUG 2023-11-14 18:44:24.004 UTC: 	 Adding directory /afs/cern.ch/user/l/lfavilla/CMSSW_12_6_0/biglib to tarball
DEBUG 2023-11-14 18:44:24.006 UTC: 	 Checking directory /afs/cern.ch/user/l/lfavilla/CMSSW_12_6_0/module
DEBUG 2023-11-14 18:44:24.007 UTC: 	 Checking directory /afs/cern.ch/user/l/lfavilla/CMSSW_12_6_0/config/SCRAM/hooks
DEBUG 2023-11-14 18:44:24.007 UTC: 	 Adding directory /afs/cern.ch/user/l/lfavilla/CMSSW_12_6_0/config/SCRAM/hooks to tarball
DEBUG 2023-11-14 18:44:24.426 UTC: 	 Adding directory /afs/cern.ch/user/l/lfavilla/CMSSW_12_6_0/src/PhysicsTools/NanoAODTools/data to tarball
DEBUG 2023-11-14 18:44:42.258 UTC: 	 Adding directory /afs/cern.ch/user/l/lfavilla/CMSSW_12_6_0/src/PhysicsTools/NanoAODTools/interface to tarball
DEBUG 2023-11-14 18:44:42.264 UTC: 	 Adding directory /afs/cern.ch/user/l/lfavilla/CMSSW_12_6_0/src/PhysicsTools/NanoAODTools/python to tarball
DEBUG 2023-11-14 18:45:02.680 UTC: 	 Adding directory /afs/cern.ch/user/l/lfavilla/CMSSW_12_6_0/src/PhysicsTools/NanoAODTools/python/postprocessing/data to tarball
DEBUG 2023-11-14 18:45:08.743 UTC: 	 Adding file crab_script.py to tarball
DEBUG 2023-11-14 18:45:08.744 UTC: 	 Adding file ../scripts/haddnano.py to tarball
DEBUG 2023-11-14 18:45:08.746 UTC: 	 Adding file ../scripts/keep_and_drop.txt to tarball
DEBUG 2023-11-14 18:45:18.361 UTC: 	 Uploading archive /afs/cern.ch/user/l/lfavilla/CMSSW_12_6_0/src/PhysicsTools/NanoAODTools/crab/crab_ZJetsToNuNu_HT800To1200_2018/inputs/9b6072ac-f792-465f-ae10-852e2aa93a69default.tgz (89 MB) to the CRAB cache. Using URI https://cmsweb.cern.ch/S3/crabcache_prod
DEBUG 2023-11-14 18:45:46.992 UTC: 	 Encoded data for curl request: subresource=upload&objecttype=sandbox&tarballname=123fa9c4679415250ac8ecf48b39b95f08fafd5f3931b0e3c85ee8e35cc9112c.tar.gz
DEBUG 2023-11-14 18:45:47.204 UTC: 	 Will execute:
curl -f -v -X POST  -H "User-Agent: CRAB" -F "key=lfavilla/sandboxes/123fa9c4679415250ac8ecf48b39b95f08fafd5f3931b0e3c85ee8e35cc9112c.tar.gz" -F "AWSAccessKeyId=ab00fcc889f248c495d2875f15a3badb" -F "policy=eyJleHBpcmF0aW9uIjogIjIwMjMtMTEtMTRUMTk6NDU6NDdaIiwgImNvbmRpdGlvbnMiOiBbeyJidWNrZXQiOiAiY3JhYmNhY2hlX3Byb2QifSwgeyJrZXkiOiAibGZhdmlsbGEvc2FuZGJveGVzLzEyM2ZhOWM0Njc5NDE1MjUwYWM4ZWNmNDhiMzliOTVmMDhmYWZkNWYzOTMxYjBlM2M4NWVlOGUzNWNjOTExMmMudGFyLmd6In1dfQ==" -F "signature=JtLGVy32Le0dBfH8Z8MDf0aX3Zg=" -F "file=@/afs/cern.ch/user/l/lfavilla/CMSSW_12_6_0/src/PhysicsTools/NanoAODTools/crab/crab_ZJetsToNuNu_HT800To1200_2018/inputs/9b6072ac-f792-465f-ae10-852e2aa93a69default.tgz" "https://s3.cern.ch/crabcache_prod"
DEBUG 2023-11-14 18:45:49.039 UTC: 	 exitcode: 0
stdout: b''
DEBUG 2023-11-14 18:45:49.039 UTC: 	 sandbox /afs/cern.ch/user/l/lfavilla/CMSSW_12_6_0/src/PhysicsTools/NanoAODTools/crab/crab_ZJetsToNuNu_HT800To1200_2018/inputs/9b6072ac-f792-465f-ae10-852e2aa93a69default.tgz successully uploaded to S3
DEBUG 2023-11-14 18:45:49.039 UTC: 	 Loading required information from the environment
DEBUG 2023-11-14 18:45:49.039 UTC: 	 Found CMSSW_12_6_0 for slc7_amd64_gcc10 with base /afs/cern.ch/user/l/lfavilla/CMSSW_12_6_0
DEBUG 2023-11-14 18:45:49.039 UTC: 	 Making tarball in /afs/cern.ch/user/l/lfavilla/CMSSW_12_6_0/src/PhysicsTools/NanoAODTools/crab/crab_ZJetsToNuNu_HT800To1200_2018/inputs/debugFiles.tgz
DEBUG 2023-11-14 18:45:49.048 UTC: 	 Uploading archive /afs/cern.ch/user/l/lfavilla/CMSSW_12_6_0/src/PhysicsTools/NanoAODTools/crab/crab_ZJetsToNuNu_HT800To1200_2018/inputs/debugFiles.tgz (1 KB) to the CRAB cache. Using URI https://cmsweb.cern.ch/S3/crabcache_prod
DEBUG 2023-11-14 18:45:49.052 UTC: 	 Encoded data for curl request: subresource=upload&objecttype=sandbox&tarballname=677fe4cf5007ce35ce80e506c81bfa3e416235939321eafdd5b54657e7ee4a88.tar.gz
DEBUG 2023-11-14 18:45:49.128 UTC: 	 Will execute:
curl -f -v -X POST  -H "User-Agent: CRAB" -F "key=lfavilla/sandboxes/677fe4cf5007ce35ce80e506c81bfa3e416235939321eafdd5b54657e7ee4a88.tar.gz" -F "AWSAccessKeyId=ab00fcc889f248c495d2875f15a3badb" -F "policy=eyJleHBpcmF0aW9uIjogIjIwMjMtMTEtMTRUMTk6NDU6NDlaIiwgImNvbmRpdGlvbnMiOiBbeyJidWNrZXQiOiAiY3JhYmNhY2hlX3Byb2QifSwgeyJrZXkiOiAibGZhdmlsbGEvc2FuZGJveGVzLzY3N2ZlNGNmNTAwN2NlMzVjZTgwZTUwNmM4MWJmYTNlNDE2MjM1OTM5MzIxZWFmZGQ1YjU0NjU3ZTdlZTRhODgudGFyLmd6In1dfQ==" -F "signature=dIxu3LwzJAVkpHg/E2qv5ATDFZ8=" -F "file=@/afs/cern.ch/user/l/lfavilla/CMSSW_12_6_0/src/PhysicsTools/NanoAODTools/crab/crab_ZJetsToNuNu_HT800To1200_2018/inputs/debugFiles.tgz" "https://s3.cern.ch/crabcache_prod"
DEBUG 2023-11-14 18:45:49.212 UTC: 	 exitcode: 0
stdout: b''
DEBUG 2023-11-14 18:45:49.212 UTC: 	 sandbox /afs/cern.ch/user/l/lfavilla/CMSSW_12_6_0/src/PhysicsTools/NanoAODTools/crab/crab_ZJetsToNuNu_HT800To1200_2018/inputs/debugFiles.tgz successully uploaded to S3
DEBUG 2023-11-14 18:45:49.212 UTC: 	 Result uploading input files: 123fa9c4679415250ac8ecf48b39b95f08fafd5f3931b0e3c85ee8e35cc9112c.tar.gz 
INFO 2023-11-14 18:45:49.214 UTC: 	 Sending the request to the server at cmsweb.cern.ch
DEBUG 2023-11-14 18:45:49.215 UTC: 	 Submitting {'dryrun': 0, 'workflow': 'crab_ZJetsToNuNu_HT800To1200_2018', 'saveoutput': 1, 'savelogsflag': 1, 'inputdata': '/ZJetsToNuNu_HT-800To1200_TuneCP5_13TeV-madgraphMLM-pythia8/RunIISummer20UL18NanoAODv9-106X_upgrade2018_realistic_v16_L1v1-v1/NANOAODSIM', 'primarydataset': '', 'nonvaliddata': 1, 'userfiles': [], 'dbsurl': 'https://cmsweb.cern.ch/dbs/prod/global/DBSReader', 'useparent': 0, 'ignorelocality': 0, 'splitalgo': 'FileBased', 'algoargs': 1, 'totalunits': 0, 'lfn': '/store/user/lfavilla/DM_v0', 'publication': 0, 'publishdbsurl': 'https://cmsweb.cern.ch/dbs/prod/phys03/DBSWriter', 'publishname2': 'ZJetsToNuNu_HT800To1200_2018', 'jobtype': 'Analysis', 'generator': 'pythia', 'addoutputfiles': [], 'maxjobruntime': 2700, 'numcores': 1, 'maxmemory': 2000, 'priority': 10, 'nonprodsw': 0, 'scriptexe': 'crab_script.sh', 'asyncdest': 'T2_IT_Pisa', 'requireaccelerator': 0, 'oneEventMode': 0, 'extrajdl': [], 'ignoreglobalblacklist': 0, 'partialdataset': 0, 'inputblocks': [], 'tfileoutfiles': [], 'edmoutfiles': ['tree_hadd.root'], 'jobarch': 'slc7_amd64_gcc10', 'jobsw': 'CMSSW_12_6_0', 'cacheurl': 'https://cmsweb.cern.ch/S3/crabcache_prod', 'cachefilename': '123fa9c4679415250ac8ecf48b39b95f08fafd5f3931b0e3c85ee8e35cc9112c.tar.gz', 'debugfilename': '677fe4cf5007ce35ce80e506c81bfa3e416235939321eafdd5b54657e7ee4a88.tar.gz'} 
DEBUG 2023-11-14 18:45:49.215 UTC: 	 Encoded data for curl request: dryrun=0&workflow=crab_ZJetsToNuNu_HT800To1200_2018&saveoutput=1&savelogsflag=1&inputdata=%2FZJetsToNuNu_HT-800To1200_TuneCP5_13TeV-madgraphMLM-pythia8%2FRunIISummer20UL18NanoAODv9-106X_upgrade2018_realistic_v16_L1v1-v1%2FNANOAODSIM&primarydataset=&nonvaliddata=1&dbsurl=https%3A%2F%2Fcmsweb.cern.ch%2Fdbs%2Fprod%2Fglobal%2FDBSReader&useparent=0&ignorelocality=0&splitalgo=FileBased&algoargs=1&totalunits=0&lfn=%2Fstore%2Fuser%2Flfavilla%2FDM_v0&publication=0&publishdbsurl=https%3A%2F%2Fcmsweb.cern.ch%2Fdbs%2Fprod%2Fphys03%2FDBSWriter&publishname2=ZJetsToNuNu_HT800To1200_2018&jobtype=Analysis&generator=pythia&maxjobruntime=2700&numcores=1&maxmemory=2000&priority=10&nonprodsw=0&scriptexe=crab_script.sh&asyncdest=T2_IT_Pisa&requireaccelerator=0&oneEventMode=0&ignoreglobalblacklist=0&partialdataset=0&jobarch=slc7_amd64_gcc10&jobsw=CMSSW_12_6_0&cacheurl=https%3A%2F%2Fcmsweb.cern.ch%2FS3%2Fcrabcache_prod&cachefilename=123fa9c4679415250ac8ecf48b39b95f08fafd5f3931b0e3c85ee8e35cc9112c.tar.gz&debugfilename=677fe4cf5007ce35ce80e506c81bfa3e416235939321eafdd5b54657e7ee4a88.tar.gz&edmoutfiles=tree_hadd.root
DEBUG 2023-11-14 18:45:49.341 UTC: 	 Result: {'result': [{'RequestName': '231114_184549:lfavilla_crab_ZJetsToNuNu_HT800To1200_2018'}]}
INFO 2023-11-14 18:45:49.359 UTC: 	 Success: Your task has been delivered to the prod CRAB3 server.
INFO 2023-11-14 18:45:49.359 UTC: 	 Task name: 231114_184549:lfavilla_crab_ZJetsToNuNu_HT800To1200_2018
INFO 2023-11-14 18:45:49.360 UTC: 	 Project dir: ./crab_ZJetsToNuNu_HT800To1200_2018
INFO 2023-11-14 18:45:49.360 UTC: 	 Please use ' crab status -d ./crab_ZJetsToNuNu_HT800To1200_2018 ' to check how the submission process proceeds.
DEBUG 2023-11-14 18:45:49.360 UTC: 	 About to return
INFO 2023-11-14 18:45:49.363 UTC: 	 Log file is /afs/cern.ch/user/l/lfavilla/CMSSW_12_6_0/src/PhysicsTools/NanoAODTools/crab/crab_ZJetsToNuNu_HT800To1200_2018/crab.log
DEBUG 2023-11-15 07:34:51.599 UTC: 	 CRAB Client version: v3.231010
DEBUG 2023-11-15 07:34:51.600 UTC: 	 Running on: Linux lxplus799.cern.ch 3.10.0-1160.99.1.el7.x86_64 #1 SMP Wed Sep 13 14:19:20 UTC 2023 x86_64 x86_64 x86_64 GNU/Linux - CentOS Linux 7 (Core)
DEBUG 2023-11-15 07:34:51.600 UTC: 	 Executing command: 'status'
DEBUG 2023-11-15 07:34:51.600 UTC: 	 Found CRAB cache file /afs/cern.ch/user/l/lfavilla/.crab3
DEBUG 2023-11-15 07:34:51.634 UTC: 	 Checking credentials
DEBUG 2023-11-15 07:34:51.635 UTC: 	 Found proxy file /tmp/x509up_u159320
DEBUG 2023-11-15 07:34:51.635 UTC: 	 Making sure it has proper VOMS extension
DEBUG 2023-11-15 07:34:51.635 UTC: 	 Executing command :
 voms-proxy-info --vo --file /tmp/x509up_u159320
DEBUG 2023-11-15 07:34:52.384 UTC: 	 output : cms

 error: 
 retcode : 0
DEBUG 2023-11-15 07:34:52.385 UTC: 	 Getting proxy life time left
DEBUG 2023-11-15 07:34:52.385 UTC: 	 Executing command :
 voms-proxy-info --actimeleft --timeleft --file /tmp/x509up_u159320
DEBUG 2023-11-15 07:34:53.133 UTC: 	 output : 43106
43106

 error: 
 retcode : 0
DEBUG 2023-11-15 07:34:53.133 UTC: 	 Proxy valid for 11:58:26 hours
DEBUG 2023-11-15 07:34:53.191 UTC: 	 Encoded data for curl request: subresource=delegatedn
DEBUG 2023-11-15 07:34:53.253 UTC: 	 Registering user credentials on myproxy for /DC=ch/DC=cern/OU=computers/CN=crab-(preprod|prod|dev)-tw(01|02|03).cern.ch|/DC=ch/DC=cern/OU=computers/CN=stefanov(m|m2).cern.ch|/DC=ch/DC=cern/OU=computers/CN=dciangot-tw.cern.ch
DEBUG 2023-11-15 07:34:53.254 UTC: 	 Executing command :
 voms-proxy-info --identity --file /tmp/x509up_u159320
DEBUG 2023-11-15 07:34:53.958 UTC: 	 output : /DC=ch/DC=cern/OU=Organic Units/OU=Users/CN=lfavilla/CN=867090/CN=Leonardo Favilla

 error: 
 retcode : 0
DEBUG 2023-11-15 07:34:53.958 UTC: 	 Getting myproxy life time left for 70284ad9de3a40585c76dbf527363be004fcbd17
DEBUG 2023-11-15 07:34:53.958 UTC: 	 Executing command :
 myproxy-info -s myproxy.cern.ch -l 70284ad9de3a40585c76dbf527363be004fcbd17
DEBUG 2023-11-15 07:34:54.228 UTC: 	 output : username: 70284ad9de3a40585c76dbf527363be004fcbd17
owner: /DC=ch/DC=cern/OU=Organic Units/OU=Users/CN=lfavilla/CN=867090/CN=Leonardo Favilla
  renewal policy: /DC=ch/DC=cern/OU=computers/CN=crab-(preprod|prod|dev)-tw(01|02|03).cern.ch|/DC=ch/DC=cern/OU=computers/CN=stefanov(m|m2).cern.ch|/DC=ch/DC=cern/OU=computers/CN=dciangot-tw.cern.ch
  trusted retrieval policy: /DC=ch/DC=cern/OU=computers/CN=crab-(preprod|prod|dev)-tw(01|02|03).cern.ch|/DC=ch/DC=cern/OU=computers/CN=stefanov(m|m2).cern.ch|/DC=ch/DC=cern/OU=computers/CN=dciangot-tw.cern.ch
  timeleft: 387:09:26  (16.1 days)

 error: 
 retcode : 0
DEBUG 2023-11-15 07:34:54.228 UTC: 	 Myproxy is valid: 1393740
DEBUG 2023-11-15 07:34:54.229 UTC: 	 Result of myproxy credential check:
  Credential exists on myproxy: username: 70284ad9de3a40585c76dbf527363be004fcbd17  - validity: 16 days, 3:09:00
DEBUG 2023-11-15 07:34:54.230 UTC: 	 Command use: status
DEBUG 2023-11-15 07:34:54.230 UTC: 	 Options use: ['-d', 'crab_ZJetsToNuNu_HT800To1200_2018']
DEBUG 2023-11-15 07:34:54.230 UTC: 	 Encoded data for curl request: subresource=version
DEBUG 2023-11-15 07:34:54.312 UTC: 	 CRABClient version: v3.231010
DEBUG 2023-11-15 07:34:54.313 UTC: 	 Instance is prod
DEBUG 2023-11-15 07:34:54.313 UTC: 	 Server base url is cmsweb.cern.ch
DEBUG 2023-11-15 07:34:54.313 UTC: 	 Command api workflow
DEBUG 2023-11-15 07:34:54.313 UTC: 	 Encoded data for curl request: subresource=search&workflow=231114_184549%3Alfavilla_crab_ZJetsToNuNu_HT800To1200_2018
DEBUG 2023-11-15 07:34:54.401 UTC: 	 Got information from server oracle database: {'desc': {'columns': ['tm_taskname', 'tm_activity', 'panda_jobset_id', 'tm_task_status', 'tm_task_command', 'tm_start_time', 'tm_start_injection', 'tm_end_injection', 'tm_task_failure', 'tm_job_sw', 'tm_job_arch', 'tm_input_dataset', 'tm_nonvalid_input_dataset', 'tm_use_parent', 'tm_site_whitelist', 'tm_site_blacklist', 'tm_split_algo', 'tm_split_args', 'tm_user_sandbox', 'tm_cache_url', 'tm_username', 'tm_user_dn', 'tm_user_vo', 'tm_user_role', 'tm_user_group', 'tm_publish_name', 'tm_publish_groupname', 'tm_asyncdest', 'tm_dbs_url', 'tm_publish_dbs_url', 'tm_publication', 'tm_outfiles', 'tm_tfile_outfiles', 'tm_edm_outfiles', 'tm_job_type', 'tm_generator', 'tm_events_per_lumi', 'tm_arguments', 'panda_resubmitted_jobs', 'tm_save_logs', 'tw_name', 'tm_user_infiles', 'tm_maxjobruntime', 'tm_numcores', 'tm_maxmemory', 'tm_priority', 'tm_output_dataset', 'tm_task_warnings', 'tm_user_webdir', 'tm_scriptexe', 'tm_scriptargs', 'tm_extrajdl', 'tm_asourl', 'tm_collector', 'tm_schedd', 'tm_dry_run', 'tm_user_files', 'tm_transfer_outputs', 'tm_output_lfn', 'tm_ignore_locality', 'tm_fail_limit', 'tm_one_event_mode', 'tm_secondary_input_dataset', 'tm_primary_dataset', 'tm_last_publication', 'tm_debug_files', 'clusterid', 'tm_asodb', 'tm_ignore_global_blacklist', 'tm_submitter_ip_addr', 'tm_totalunits', 'tm_ddm_reqid', 'tm_user_config', 'tm_transfer_container', 'tm_transfer_rule', 'tm_publish_rule']}, 'result': ['231114_184549:lfavilla_crab_ZJetsToNuNu_HT800To1200_2018', 'None', 'None', 'SUBMITTED', 'SUBMIT', '2023-11-14 18:45:49.329554', 'None', '2023-11-14 18:46:43.750010', 'None', 'CMSSW_12_6_0', 'slc7_amd64_gcc10', '/ZJetsToNuNu_HT-800To1200_TuneCP5_13TeV-madgraphMLM-pythia8/RunIISummer20UL18NanoAODv9-106X_upgrade2018_realistic_v16_L1v1-v1/NANOAODSIM', 'T', '0', '[]', '[]', 'FileBased', "{'halt_job_on_file_boundaries': False, 'splitOnRun': False, 'files_per_job': 1, 'runs': [], 'lumis': []}", '123fa9c4679415250ac8ecf48b39b95f08fafd5f3931b0e3c85ee8e35cc9112c.tar.gz', 'https://cmsweb.cern.ch/S3/crabcache_prod', 'lfavilla', '/DC=ch/DC=cern/OU=Organic Units/OU=Users/CN=lfavilla/CN=867090/CN=Leonardo Favilla', 'cms', 'None', 'None', 'ZJetsToNuNu_HT800To1200_2018-00000000000000000000000000000000', 'F', 'T2_IT_Pisa', 'https://cmsweb.cern.ch/dbs/prod/global/DBSReader', 'https://cmsweb.cern.ch/dbs/prod/phys03/DBSWriter', 'F', '[]', '[]', "['tree_hadd.root']", 'Analysis', 'pythia', 'None', '{}', 'None', 'T', 'crab-prod-tw01', '[]', '2700', '1', '2000', '10', "['/ZJetsToNuNu_HT-800To1200_TuneCP5_13TeV-madgraphMLM-pythia8/lfavilla-ZJetsToNuNu_HT800To1200_2018-00000000000000000000000000000000/USER']", '[]', 'http://vocms0120.cern.ch/mon/lfavilla/231114_184549:lfavilla_crab_ZJetsToNuNu_HT800To1200_2018', 'crab_script.sh', '[]', '[]', 'None', 'cmsgwms-collector-global.cern.ch:9620,cmsgwms-collector-global.fnal.gov:9620', 'crab3@vocms0120.cern.ch', 'F', '[]', 'T', '/store/user/lfavilla/DM_v0', 'F', 'None', 'F', 'None', 'ZJetsToNuNu_HT-800To1200_TuneCP5_13TeV-madgraphMLM-pythia8', 'None', '677fe4cf5007ce35ce80e506c81bfa3e416235939321eafdd5b54657e7ee4a88.tar.gz', '98792058', 'None', 'F', '137.138.154.184', '0.0', 'None', '{"partialdataset": false, "requireaccelerator": false, "acceleratorparams": null, "inputblocks": null}', 'None', 'None', 'None']}
INFO 2023-11-15 07:34:54.401 UTC: 	 CRAB project directory:		/afs/cern.ch/user/l/lfavilla/CMSSW_12_6_0/src/PhysicsTools/NanoAODTools/crab/crab_ZJetsToNuNu_HT800To1200_2018
INFO 2023-11-15 07:34:54.402 UTC: 	 Task name:			231114_184549:lfavilla_crab_ZJetsToNuNu_HT800To1200_2018
INFO 2023-11-15 07:34:54.402 UTC: 	 Grid scheduler - Task Worker:	crab3@vocms0120.cern.ch - crab-prod-tw01
INFO 2023-11-15 07:34:54.403 UTC: 	 Status on the CRAB server:	SUBMITTED
INFO 2023-11-15 07:34:54.403 UTC: 	 Task URL to use for HELP:	https://cmsweb.cern.ch/crabserver/ui/task/231114_184549%3Alfavilla_crab_ZJetsToNuNu_HT800To1200_2018
INFO 2023-11-15 07:34:54.415 UTC: 	 Dashboard monitoring URL:	https://monit-grafana.cern.ch/d/cmsTMDetail/cms-task-monitoring-task-view?orgId=11&var-user=lfavilla&var-task=231114_184549%3Alfavilla_crab_ZJetsToNuNu_HT800To1200_2018&from=1699983949000&to=now
DEBUG 2023-11-15 07:34:54.416 UTC: 	 The CRAB server submitted your task to the Grid scheduler (cluster ID: 98792058)
DEBUG 2023-11-15 07:34:54.416 UTC: 	 Webdir is located at http://vocms0120.cern.ch/mon/lfavilla/231114_184549:lfavilla_crab_ZJetsToNuNu_HT800To1200_2018
DEBUG 2023-11-15 07:34:54.416 UTC: 	 Encoded data for curl request: subresource=webdirprx&workflow=231114_184549%3Alfavilla_crab_ZJetsToNuNu_HT800To1200_2018
DEBUG 2023-11-15 07:34:54.483 UTC: 	 Proxied webdir is located at https://cmsweb.cern.ch:8443/scheddmon/0120/lfavilla/231114_184549:lfavilla_crab_ZJetsToNuNu_HT800To1200_2018
DEBUG 2023-11-15 07:34:54.483 UTC: 	 Retrieving 'status_cache' file from https://cmsweb.cern.ch:8443/scheddmon/0120/lfavilla/231114_184549:lfavilla_crab_ZJetsToNuNu_HT800To1200_2018/status_cache.pkl
DEBUG 2023-11-15 07:34:54.483 UTC: 	 Will execute:
curl -sS --capath /etc/grid-security/certificates --cert /tmp/x509up_u159320 --key /tmp/x509up_u159320 -o /tmp/crab_status-cache-ag4g5n5v.pkl -w %"{http_code}" "https://cmsweb.cern.ch:8443/scheddmon/0120/lfavilla/231114_184549:lfavilla_crab_ZJetsToNuNu_HT800To1200_2018/status_cache.pkl"
DEBUG 2023-11-15 07:34:54.483 UTC: 	 Executing command :
 curl -sS --capath /etc/grid-security/certificates --cert /tmp/x509up_u159320 --key /tmp/x509up_u159320 -o /tmp/crab_status-cache-ag4g5n5v.pkl -w %"{http_code}" "https://cmsweb.cern.ch:8443/scheddmon/0120/lfavilla/231114_184549:lfavilla_crab_ZJetsToNuNu_HT800To1200_2018/status_cache.pkl"
DEBUG 2023-11-15 07:34:54.538 UTC: 	 output : 200
 error: 
 retcode : 0
DEBUG 2023-11-15 07:34:54.538 UTC: 	 exitcode: 0
stdout: 200
stderr: 
error details: 
DEBUG 2023-11-15 07:34:54.539 UTC: 	 Got information from status cache file: {'2': {'Retries': 0, 'Restarts': 0, 'SiteHistory': ['Unknown', 'T2_UK_London_Brunel', 'T2_UK_London_Brunel'], 'ResidentSetSize': [857188], 'SubmitTimes': [1699987610.0], 'StartTimes': [1699987953.0], 'EndTimes': [], 'TotalUserCpuTimeHistory': [43224.0], 'TotalSysCpuTimeHistory': [5759.0], 'WallDurations': [9.0, 18.145004272460938, 45692.0], 'JobIds': ['98792060.0'], 'State': 'running', 'RecordedSite': True}, '1': {'Retries': 2, 'Restarts': 0, 'SiteHistory': ['Unknown', 'T2_UK_London_IC', 'T2_UK_London_IC', 'Unknown', 'T2_UK_London_IC', 'T2_UK_London_IC', 'Unknown', 'T2_UK_London_IC', 'T2_UK_London_IC'], 'ResidentSetSize': [913260, 953644, 886928], 'SubmitTimes': [1699987610.0, 1700005038.0, 1700019410.0], 'StartTimes': [1699987714.0, 1700005192.0, 1700019623.0], 'EndTimes': [1700003165.0, 1700013866.0], 'TotalUserCpuTimeHistory': [13978, 8766, 10439.0], 'TotalSysCpuTimeHistory': [626, 189, 320.0], 'WallDurations': [10.0, 257.14500427246094, 15451.0, 9.0, 211.48976635932922, 8674.0, 9.0, 226.1398606300354, 13831.0], 'JobIds': ['98792061.0', '98805102.0', '98817167.0'], 'State': 'running', 'RecordedSite': True}, '3': {'Retries': 0, 'Restarts': 0, 'SiteHistory': ['Unknown', 'T2_UK_London_IC', 'T2_UK_London_IC'], 'ResidentSetSize': [903716], 'SubmitTimes': [1699987610.0], 'StartTimes': [1699987740.0], 'EndTimes': [1699996532.0], 'TotalUserCpuTimeHistory': [8607], 'TotalSysCpuTimeHistory': [828], 'WallDurations': [8.0, 231.14500427246094, 8792.0], 'JobIds': ['98792062.0'], 'State': 'finished', 'RecordedSite': True}, '4': {'Retries': 0, 'Restarts': 0, 'SiteHistory': ['Unknown', 'T2_UK_London_IC', 'T2_UK_London_IC'], 'ResidentSetSize': [950924], 'SubmitTimes': [1699987610.0], 'StartTimes': [1699987714.0], 'EndTimes': [], 'TotalUserCpuTimeHistory': [41898.0], 'TotalSysCpuTimeHistory': [1834.0], 'WallDurations': [8.0, 257.14500427246094, 45688.0], 'JobIds': ['98792063.0'], 'State': 'running', 'RecordedSite': True}, '5': {'Retries': 0, 'Restarts': 0, 'SiteHistory': ['Unknown', 'T2_UK_London_IC', 'T2_UK_London_IC'], 'ResidentSetSize': [1018160], 'SubmitTimes': [1699987610.0], 'StartTimes': [1699987747.0], 'EndTimes': [], 'TotalUserCpuTimeHistory': [44876.0], 'TotalSysCpuTimeHistory': [3340.0], 'WallDurations': [8.0, 224.14500427246094, 45685.0], 'JobIds': ['98792064.0'], 'State': 'running', 'RecordedSite': True}}
INFO 2023-11-15 07:34:54.539 UTC: 	 Status on the scheduler:	SUBMITTED
INFO 2023-11-15 07:34:54.539 UTC: 	 
Jobs status:                    finished     		 20.0% (1/5)
INFO 2023-11-15 07:34:54.539 UTC: 	 				running      		 80.0% (4/5)
INFO 2023-11-15 07:34:54.539 UTC: 	 
No publication information (publication has been disabled in the CRAB configuration file)
INFO 2023-11-15 07:34:54.540 UTC: 	 
Warning: the max jobs runtime is less than 30% of the task requested value (2700 min), please consider to request a lower value for failed jobs (allowed through crab resubmit) and/or improve the jobs splitting (e.g. config.Data.splitting = 'Automatic') in a new task.
INFO 2023-11-15 07:34:54.540 UTC: 	 
Summary of run jobs:
 * Memory: 866MB min, 882MB max, 883MB ave
 * Runtime: 2:26:32 min, 2:26:32 max, 2:26:32 ave
 * CPU eff: 107% min, 107% max, 107% ave
 * Waste: 0:03:59 (3% of total)

INFO 2023-11-15 07:34:54.548 UTC: 	 Log file is /afs/cern.ch/user/l/lfavilla/CMSSW_12_6_0/src/PhysicsTools/NanoAODTools/crab/crab_ZJetsToNuNu_HT800To1200_2018/crab.log
DEBUG 2023-11-15 11:05:54.783 UTC: 	 CRAB Client version: v3.231010
DEBUG 2023-11-15 11:05:54.783 UTC: 	 Running on: Linux lxplus743.cern.ch 3.10.0-1160.95.1.el7.x86_64 #1 SMP Mon Jul 24 13:59:37 UTC 2023 x86_64 x86_64 x86_64 GNU/Linux - CentOS Linux 7 (Core)
DEBUG 2023-11-15 11:05:54.784 UTC: 	 Executing command: 'status'
DEBUG 2023-11-15 11:05:54.784 UTC: 	 Found CRAB cache file /afs/cern.ch/user/l/lfavilla/.crab3
DEBUG 2023-11-15 11:05:54.844 UTC: 	 Checking credentials
DEBUG 2023-11-15 11:05:54.844 UTC: 	 Found proxy file /tmp/x509up_u159320
DEBUG 2023-11-15 11:05:54.844 UTC: 	 Making sure it has proper VOMS extension
DEBUG 2023-11-15 11:05:54.845 UTC: 	 Executing command :
 voms-proxy-info --vo --file /tmp/x509up_u159320
DEBUG 2023-11-15 11:05:55.253 UTC: 	 output : cms

 error: 
 retcode : 0
DEBUG 2023-11-15 11:05:55.254 UTC: 	 Getting proxy life time left
DEBUG 2023-11-15 11:05:55.254 UTC: 	 Executing command :
 voms-proxy-info --actimeleft --timeleft --file /tmp/x509up_u159320
DEBUG 2023-11-15 11:05:55.676 UTC: 	 output : 42791
42791

 error: 
 retcode : 0
DEBUG 2023-11-15 11:05:55.676 UTC: 	 Proxy valid for 11:53:11 hours
DEBUG 2023-11-15 11:05:55.695 UTC: 	 Encoded data for curl request: subresource=delegatedn
DEBUG 2023-11-15 11:05:55.770 UTC: 	 Registering user credentials on myproxy for /DC=ch/DC=cern/OU=computers/CN=crab-(preprod|prod|dev)-tw(01|02|03).cern.ch|/DC=ch/DC=cern/OU=computers/CN=stefanov(m|m2).cern.ch|/DC=ch/DC=cern/OU=computers/CN=dciangot-tw.cern.ch
DEBUG 2023-11-15 11:05:55.771 UTC: 	 Executing command :
 voms-proxy-info --identity --file /tmp/x509up_u159320
DEBUG 2023-11-15 11:05:56.169 UTC: 	 output : /DC=ch/DC=cern/OU=Organic Units/OU=Users/CN=lfavilla/CN=867090/CN=Leonardo Favilla

 error: 
 retcode : 0
DEBUG 2023-11-15 11:05:56.169 UTC: 	 Getting myproxy life time left for 70284ad9de3a40585c76dbf527363be004fcbd17
DEBUG 2023-11-15 11:05:56.169 UTC: 	 Executing command :
 myproxy-info -s myproxy.cern.ch -l 70284ad9de3a40585c76dbf527363be004fcbd17
DEBUG 2023-11-15 11:05:56.370 UTC: 	 output : username: 70284ad9de3a40585c76dbf527363be004fcbd17
owner: /DC=ch/DC=cern/OU=Organic Units/OU=Users/CN=lfavilla/CN=867090/CN=Leonardo Favilla
  renewal policy: /DC=ch/DC=cern/OU=computers/CN=crab-(preprod|prod|dev)-tw(01|02|03).cern.ch|/DC=ch/DC=cern/OU=computers/CN=stefanov(m|m2).cern.ch|/DC=ch/DC=cern/OU=computers/CN=dciangot-tw.cern.ch
  trusted retrieval policy: /DC=ch/DC=cern/OU=computers/CN=crab-(preprod|prod|dev)-tw(01|02|03).cern.ch|/DC=ch/DC=cern/OU=computers/CN=stefanov(m|m2).cern.ch|/DC=ch/DC=cern/OU=computers/CN=dciangot-tw.cern.ch
  timeleft: 383:38:24  (16.0 days)

 error: 
 retcode : 0
DEBUG 2023-11-15 11:05:56.370 UTC: 	 Myproxy is valid: 1381080
DEBUG 2023-11-15 11:05:56.370 UTC: 	 Result of myproxy credential check:
  Credential exists on myproxy: username: 70284ad9de3a40585c76dbf527363be004fcbd17  - validity: 15 days, 23:38:00
DEBUG 2023-11-15 11:05:56.371 UTC: 	 Command use: status
DEBUG 2023-11-15 11:05:56.371 UTC: 	 Options use: ['-d', 'crab_ZJetsToNuNu_HT800To1200_2018']
DEBUG 2023-11-15 11:05:56.371 UTC: 	 Encoded data for curl request: subresource=version
DEBUG 2023-11-15 11:05:56.436 UTC: 	 CRABClient version: v3.231010
DEBUG 2023-11-15 11:05:56.436 UTC: 	 Instance is prod
DEBUG 2023-11-15 11:05:56.436 UTC: 	 Server base url is cmsweb.cern.ch
DEBUG 2023-11-15 11:05:56.436 UTC: 	 Command api workflow
DEBUG 2023-11-15 11:05:56.436 UTC: 	 Encoded data for curl request: subresource=search&workflow=231114_184549%3Alfavilla_crab_ZJetsToNuNu_HT800To1200_2018
DEBUG 2023-11-15 11:05:56.521 UTC: 	 Got information from server oracle database: {'desc': {'columns': ['tm_taskname', 'tm_activity', 'panda_jobset_id', 'tm_task_status', 'tm_task_command', 'tm_start_time', 'tm_start_injection', 'tm_end_injection', 'tm_task_failure', 'tm_job_sw', 'tm_job_arch', 'tm_input_dataset', 'tm_nonvalid_input_dataset', 'tm_use_parent', 'tm_site_whitelist', 'tm_site_blacklist', 'tm_split_algo', 'tm_split_args', 'tm_user_sandbox', 'tm_cache_url', 'tm_username', 'tm_user_dn', 'tm_user_vo', 'tm_user_role', 'tm_user_group', 'tm_publish_name', 'tm_publish_groupname', 'tm_asyncdest', 'tm_dbs_url', 'tm_publish_dbs_url', 'tm_publication', 'tm_outfiles', 'tm_tfile_outfiles', 'tm_edm_outfiles', 'tm_job_type', 'tm_generator', 'tm_events_per_lumi', 'tm_arguments', 'panda_resubmitted_jobs', 'tm_save_logs', 'tw_name', 'tm_user_infiles', 'tm_maxjobruntime', 'tm_numcores', 'tm_maxmemory', 'tm_priority', 'tm_output_dataset', 'tm_task_warnings', 'tm_user_webdir', 'tm_scriptexe', 'tm_scriptargs', 'tm_extrajdl', 'tm_asourl', 'tm_collector', 'tm_schedd', 'tm_dry_run', 'tm_user_files', 'tm_transfer_outputs', 'tm_output_lfn', 'tm_ignore_locality', 'tm_fail_limit', 'tm_one_event_mode', 'tm_secondary_input_dataset', 'tm_primary_dataset', 'tm_last_publication', 'tm_debug_files', 'clusterid', 'tm_asodb', 'tm_ignore_global_blacklist', 'tm_submitter_ip_addr', 'tm_totalunits', 'tm_ddm_reqid', 'tm_user_config', 'tm_transfer_container', 'tm_transfer_rule', 'tm_publish_rule']}, 'result': ['231114_184549:lfavilla_crab_ZJetsToNuNu_HT800To1200_2018', 'None', 'None', 'SUBMITTED', 'SUBMIT', '2023-11-14 18:45:49.329554', 'None', '2023-11-14 18:46:43.750010', 'None', 'CMSSW_12_6_0', 'slc7_amd64_gcc10', '/ZJetsToNuNu_HT-800To1200_TuneCP5_13TeV-madgraphMLM-pythia8/RunIISummer20UL18NanoAODv9-106X_upgrade2018_realistic_v16_L1v1-v1/NANOAODSIM', 'T', '0', '[]', '[]', 'FileBased', "{'halt_job_on_file_boundaries': False, 'splitOnRun': False, 'files_per_job': 1, 'runs': [], 'lumis': []}", '123fa9c4679415250ac8ecf48b39b95f08fafd5f3931b0e3c85ee8e35cc9112c.tar.gz', 'https://cmsweb.cern.ch/S3/crabcache_prod', 'lfavilla', '/DC=ch/DC=cern/OU=Organic Units/OU=Users/CN=lfavilla/CN=867090/CN=Leonardo Favilla', 'cms', 'None', 'None', 'ZJetsToNuNu_HT800To1200_2018-00000000000000000000000000000000', 'F', 'T2_IT_Pisa', 'https://cmsweb.cern.ch/dbs/prod/global/DBSReader', 'https://cmsweb.cern.ch/dbs/prod/phys03/DBSWriter', 'F', '[]', '[]', "['tree_hadd.root']", 'Analysis', 'pythia', 'None', '{}', 'None', 'T', 'crab-prod-tw01', '[]', '2700', '1', '2000', '10', "['/ZJetsToNuNu_HT-800To1200_TuneCP5_13TeV-madgraphMLM-pythia8/lfavilla-ZJetsToNuNu_HT800To1200_2018-00000000000000000000000000000000/USER']", '[]', 'http://vocms0120.cern.ch/mon/lfavilla/231114_184549:lfavilla_crab_ZJetsToNuNu_HT800To1200_2018', 'crab_script.sh', '[]', '[]', 'None', 'cmsgwms-collector-global.cern.ch:9620,cmsgwms-collector-global.fnal.gov:9620', 'crab3@vocms0120.cern.ch', 'F', '[]', 'T', '/store/user/lfavilla/DM_v0', 'F', 'None', 'F', 'None', 'ZJetsToNuNu_HT-800To1200_TuneCP5_13TeV-madgraphMLM-pythia8', 'None', '677fe4cf5007ce35ce80e506c81bfa3e416235939321eafdd5b54657e7ee4a88.tar.gz', '98792058', 'None', 'F', '137.138.154.184', '0.0', 'None', '{"partialdataset": false, "requireaccelerator": false, "acceleratorparams": null, "inputblocks": null}', 'None', 'None', 'None']}
INFO 2023-11-15 11:05:56.522 UTC: 	 CRAB project directory:		/afs/cern.ch/user/l/lfavilla/CMSSW_12_6_0/src/PhysicsTools/NanoAODTools/crab/crab_ZJetsToNuNu_HT800To1200_2018
INFO 2023-11-15 11:05:56.522 UTC: 	 Task name:			231114_184549:lfavilla_crab_ZJetsToNuNu_HT800To1200_2018
INFO 2023-11-15 11:05:56.522 UTC: 	 Grid scheduler - Task Worker:	crab3@vocms0120.cern.ch - crab-prod-tw01
INFO 2023-11-15 11:05:56.522 UTC: 	 Status on the CRAB server:	SUBMITTED
INFO 2023-11-15 11:05:56.522 UTC: 	 Task URL to use for HELP:	https://cmsweb.cern.ch/crabserver/ui/task/231114_184549%3Alfavilla_crab_ZJetsToNuNu_HT800To1200_2018
INFO 2023-11-15 11:05:56.529 UTC: 	 Dashboard monitoring URL:	https://monit-grafana.cern.ch/d/cmsTMDetail/cms-task-monitoring-task-view?orgId=11&var-user=lfavilla&var-task=231114_184549%3Alfavilla_crab_ZJetsToNuNu_HT800To1200_2018&from=1699983949000&to=now
DEBUG 2023-11-15 11:05:56.529 UTC: 	 The CRAB server submitted your task to the Grid scheduler (cluster ID: 98792058)
DEBUG 2023-11-15 11:05:56.529 UTC: 	 Webdir is located at http://vocms0120.cern.ch/mon/lfavilla/231114_184549:lfavilla_crab_ZJetsToNuNu_HT800To1200_2018
DEBUG 2023-11-15 11:05:56.529 UTC: 	 Encoded data for curl request: subresource=webdirprx&workflow=231114_184549%3Alfavilla_crab_ZJetsToNuNu_HT800To1200_2018
DEBUG 2023-11-15 11:05:56.627 UTC: 	 Proxied webdir is located at https://cmsweb.cern.ch:8443/scheddmon/0120/lfavilla/231114_184549:lfavilla_crab_ZJetsToNuNu_HT800To1200_2018
DEBUG 2023-11-15 11:05:56.642 UTC: 	 Retrieving 'status_cache' file from https://cmsweb.cern.ch:8443/scheddmon/0120/lfavilla/231114_184549:lfavilla_crab_ZJetsToNuNu_HT800To1200_2018/status_cache.pkl
DEBUG 2023-11-15 11:05:56.642 UTC: 	 Will execute:
curl -sS --capath /etc/grid-security/certificates --cert /tmp/x509up_u159320 --key /tmp/x509up_u159320 -o /tmp/crab_status-cache-w2ew38nd.pkl -w %"{http_code}" "https://cmsweb.cern.ch:8443/scheddmon/0120/lfavilla/231114_184549:lfavilla_crab_ZJetsToNuNu_HT800To1200_2018/status_cache.pkl"
DEBUG 2023-11-15 11:05:56.642 UTC: 	 Executing command :
 curl -sS --capath /etc/grid-security/certificates --cert /tmp/x509up_u159320 --key /tmp/x509up_u159320 -o /tmp/crab_status-cache-w2ew38nd.pkl -w %"{http_code}" "https://cmsweb.cern.ch:8443/scheddmon/0120/lfavilla/231114_184549:lfavilla_crab_ZJetsToNuNu_HT800To1200_2018/status_cache.pkl"
DEBUG 2023-11-15 11:05:56.681 UTC: 	 output : 200
 error: 
 retcode : 0
DEBUG 2023-11-15 11:05:56.681 UTC: 	 exitcode: 0
stdout: 200
stderr: 
error details: 
DEBUG 2023-11-15 11:05:56.681 UTC: 	 Got information from status cache file: {'2': {'Retries': 0, 'Restarts': 0, 'SiteHistory': ['Unknown', 'T2_UK_London_Brunel', 'T2_UK_London_Brunel'], 'ResidentSetSize': [872780], 'SubmitTimes': [1699987610.0], 'StartTimes': [1699987953.0], 'EndTimes': [], 'TotalUserCpuTimeHistory': [55439.0], 'TotalSysCpuTimeHistory': [7871.0], 'WallDurations': [9.0, 18.145004272460938, 58313.0], 'JobIds': ['98792060.0'], 'State': 'running', 'RecordedSite': True}, '1': {'Retries': 2, 'Restarts': 0, 'SiteHistory': ['Unknown', 'T2_UK_London_IC', 'T2_UK_London_IC', 'Unknown', 'T2_UK_London_IC', 'T2_UK_London_IC', 'Unknown', 'T2_UK_London_IC', 'T2_UK_London_IC'], 'ResidentSetSize': [913260, 953644, 886928], 'SubmitTimes': [1699987610.0, 1700005038.0, 1700019410.0], 'StartTimes': [1699987714.0, 1700005192.0, 1700019623.0], 'EndTimes': [1700003165.0, 1700013866.0, 1700039298.0], 'TotalUserCpuTimeHistory': [13978, 8766, 14542], 'TotalSysCpuTimeHistory': [626, 189, 436], 'WallDurations': [10.0, 257.14500427246094, 15451.0, 9.0, 211.48976635932922, 8674.0, 9.0, 226.1398606300354, 19675.0], 'JobIds': ['98792061.0', '98805102.0', '98817167.0'], 'State': 'failed', 'RecordedSite': True, 'Error': [90000, "Got recoverable stageout exception:\nStageout failed with code 1.\nThere were 1 failed/killed stageout jobs.\nFailure reasons (per document) follow:\n- 70d6f23ed526da7a3d1bfe92c088233704cb46c3946b7c31063403f2:\n  -----> ASO log start -----\n  ['TRANSFER [13] TRANSFER ERROR: Copy failed (3rd pull). Last attempt: copy curl error (35): SSL connect error [...CUT...] Full log at https://fts3-cms.cern.ch:8449/fts3/ftsmon/#/job/c5bca01e-8396-11ee-9c6e-fa163e172462']\n  <----- ASO log finish ----\n  The last failure reason is recoverable.", {}]}, '3': {'Retries': 0, 'Restarts': 0, 'SiteHistory': ['Unknown', 'T2_UK_London_IC', 'T2_UK_London_IC'], 'ResidentSetSize': [903716], 'SubmitTimes': [1699987610.0], 'StartTimes': [1699987740.0], 'EndTimes': [1699996532.0], 'TotalUserCpuTimeHistory': [8607], 'TotalSysCpuTimeHistory': [828], 'WallDurations': [8.0, 231.14500427246094, 8792.0], 'JobIds': ['98792062.0'], 'State': 'finished', 'RecordedSite': True}, '4': {'Retries': 0, 'Restarts': 0, 'SiteHistory': ['Unknown', 'T2_UK_London_IC', 'T2_UK_London_IC'], 'ResidentSetSize': [950924], 'SubmitTimes': [1699987610.0], 'StartTimes': [1699987714.0], 'EndTimes': [], 'TotalUserCpuTimeHistory': [51566.0], 'TotalSysCpuTimeHistory': [2136.0], 'WallDurations': [8.0, 257.14500427246094, 58612.0], 'JobIds': ['98792063.0'], 'State': 'running', 'RecordedSite': True}, '5': {'Retries': 0, 'Restarts': 0, 'SiteHistory': ['Unknown', 'T2_UK_London_IC', 'T2_UK_London_IC'], 'ResidentSetSize': [1018160], 'SubmitTimes': [1699987610.0], 'StartTimes': [1699987747.0], 'EndTimes': [1700034126.0], 'TotalUserCpuTimeHistory': [45546], 'TotalSysCpuTimeHistory': [3344], 'WallDurations': [8.0, 224.14500427246094, 46379.0], 'JobIds': ['98792064.0'], 'State': 'finished', 'RecordedSite': True}}
INFO 2023-11-15 11:05:56.681 UTC: 	 Status on the scheduler:	SUBMITTED
INFO 2023-11-15 11:05:56.681 UTC: 	 
Jobs status:                    failed       		 20.0% (1/5)
INFO 2023-11-15 11:05:56.682 UTC: 	 				finished     		 40.0% (2/5)
INFO 2023-11-15 11:05:56.682 UTC: 	 				running      		 40.0% (2/5)
INFO 2023-11-15 11:05:56.682 UTC: 	 
No publication information (publication has been disabled in the CRAB configuration file)
INFO 2023-11-15 11:05:56.682 UTC: 	 
Error Summary: (use crab status --verboseErrors for details about the errors)

1 jobs failed in postprocessing step

Have a look at https://twiki.cern.ch/twiki/bin/viewauth/CMSPublic/JobExitCodes for a description of the exit codes.
INFO 2023-11-15 11:05:56.682 UTC: 	 
Warning: the max jobs runtime is less than 30% of the task requested value (2700 min), please consider to request a lower value for failed jobs (allowed through crab resubmit) and/or improve the jobs splitting (e.g. config.Data.splitting = 'Automatic') in a new task.
INFO 2023-11-15 11:05:56.682 UTC: 	 
Summary of run jobs:
 * Memory: 866MB min, 994MB max, 914MB ave
 * Runtime: 2:26:32 min, 12:52:59 max, 6:55:48 ave
 * CPU eff: 76% min, 107% max, 98% ave
 * Waste: 7:01:59 (25% of total)

INFO 2023-11-15 11:05:56.703 UTC: 	 Log file is /afs/cern.ch/user/l/lfavilla/CMSSW_12_6_0/src/PhysicsTools/NanoAODTools/crab/crab_ZJetsToNuNu_HT800To1200_2018/crab.log
DEBUG 2023-11-15 13:39:22.685 UTC: 	 CRAB Client version: v3.231010
DEBUG 2023-11-15 13:39:22.685 UTC: 	 Running on: Linux lxplus743.cern.ch 3.10.0-1160.95.1.el7.x86_64 #1 SMP Mon Jul 24 13:59:37 UTC 2023 x86_64 x86_64 x86_64 GNU/Linux - CentOS Linux 7 (Core)
DEBUG 2023-11-15 13:39:22.685 UTC: 	 Executing command: 'status'
DEBUG 2023-11-15 13:39:22.685 UTC: 	 Found CRAB cache file /afs/cern.ch/user/l/lfavilla/.crab3
DEBUG 2023-11-15 13:39:22.862 UTC: 	 Checking credentials
DEBUG 2023-11-15 13:39:22.862 UTC: 	 Found proxy file /tmp/x509up_u159320
DEBUG 2023-11-15 13:39:22.862 UTC: 	 Making sure it has proper VOMS extension
DEBUG 2023-11-15 13:39:22.862 UTC: 	 Executing command :
 voms-proxy-info --vo --file /tmp/x509up_u159320
DEBUG 2023-11-15 13:39:23.260 UTC: 	 output : cms

 error: 
 retcode : 0
DEBUG 2023-11-15 13:39:23.261 UTC: 	 Getting proxy life time left
DEBUG 2023-11-15 13:39:23.261 UTC: 	 Executing command :
 voms-proxy-info --actimeleft --timeleft --file /tmp/x509up_u159320
DEBUG 2023-11-15 13:39:23.665 UTC: 	 output : 33583
33583

 error: 
 retcode : 0
DEBUG 2023-11-15 13:39:23.665 UTC: 	 Proxy valid for 09:19:43 hours
DEBUG 2023-11-15 13:39:23.682 UTC: 	 Encoded data for curl request: subresource=delegatedn
DEBUG 2023-11-15 13:39:23.770 UTC: 	 Registering user credentials on myproxy for /DC=ch/DC=cern/OU=computers/CN=crab-(preprod|prod|dev)-tw(01|02|03).cern.ch|/DC=ch/DC=cern/OU=computers/CN=stefanov(m|m2).cern.ch|/DC=ch/DC=cern/OU=computers/CN=dciangot-tw.cern.ch
DEBUG 2023-11-15 13:39:23.770 UTC: 	 Executing command :
 voms-proxy-info --identity --file /tmp/x509up_u159320
DEBUG 2023-11-15 13:39:24.179 UTC: 	 output : /DC=ch/DC=cern/OU=Organic Units/OU=Users/CN=lfavilla/CN=867090/CN=Leonardo Favilla

 error: 
 retcode : 0
DEBUG 2023-11-15 13:39:24.179 UTC: 	 Getting myproxy life time left for 70284ad9de3a40585c76dbf527363be004fcbd17
DEBUG 2023-11-15 13:39:24.179 UTC: 	 Executing command :
 myproxy-info -s myproxy.cern.ch -l 70284ad9de3a40585c76dbf527363be004fcbd17
DEBUG 2023-11-15 13:39:24.376 UTC: 	 output : username: 70284ad9de3a40585c76dbf527363be004fcbd17
owner: /DC=ch/DC=cern/OU=Organic Units/OU=Users/CN=lfavilla/CN=867090/CN=Leonardo Favilla
  renewal policy: /DC=ch/DC=cern/OU=computers/CN=crab-(preprod|prod|dev)-tw(01|02|03).cern.ch|/DC=ch/DC=cern/OU=computers/CN=stefanov(m|m2).cern.ch|/DC=ch/DC=cern/OU=computers/CN=dciangot-tw.cern.ch
  trusted retrieval policy: /DC=ch/DC=cern/OU=computers/CN=crab-(preprod|prod|dev)-tw(01|02|03).cern.ch|/DC=ch/DC=cern/OU=computers/CN=stefanov(m|m2).cern.ch|/DC=ch/DC=cern/OU=computers/CN=dciangot-tw.cern.ch
  timeleft: 381:04:56  (15.9 days)

 error: 
 retcode : 0
DEBUG 2023-11-15 13:39:24.376 UTC: 	 Myproxy is valid: 1371840
DEBUG 2023-11-15 13:39:24.376 UTC: 	 Result of myproxy credential check:
  Credential exists on myproxy: username: 70284ad9de3a40585c76dbf527363be004fcbd17  - validity: 15 days, 21:04:00
DEBUG 2023-11-15 13:39:24.377 UTC: 	 Command use: status
DEBUG 2023-11-15 13:39:24.377 UTC: 	 Options use: ['-d', 'crab_ZJetsToNuNu_HT800To1200_2018']
DEBUG 2023-11-15 13:39:24.377 UTC: 	 Encoded data for curl request: subresource=version
DEBUG 2023-11-15 13:39:24.416 UTC: 	 CRABClient version: v3.231010
DEBUG 2023-11-15 13:39:24.416 UTC: 	 Instance is prod
DEBUG 2023-11-15 13:39:24.416 UTC: 	 Server base url is cmsweb.cern.ch
DEBUG 2023-11-15 13:39:24.416 UTC: 	 Command api workflow
DEBUG 2023-11-15 13:39:24.417 UTC: 	 Encoded data for curl request: subresource=search&workflow=231114_184549%3Alfavilla_crab_ZJetsToNuNu_HT800To1200_2018
DEBUG 2023-11-15 13:39:24.481 UTC: 	 Got information from server oracle database: {'desc': {'columns': ['tm_taskname', 'tm_activity', 'panda_jobset_id', 'tm_task_status', 'tm_task_command', 'tm_start_time', 'tm_start_injection', 'tm_end_injection', 'tm_task_failure', 'tm_job_sw', 'tm_job_arch', 'tm_input_dataset', 'tm_nonvalid_input_dataset', 'tm_use_parent', 'tm_site_whitelist', 'tm_site_blacklist', 'tm_split_algo', 'tm_split_args', 'tm_user_sandbox', 'tm_cache_url', 'tm_username', 'tm_user_dn', 'tm_user_vo', 'tm_user_role', 'tm_user_group', 'tm_publish_name', 'tm_publish_groupname', 'tm_asyncdest', 'tm_dbs_url', 'tm_publish_dbs_url', 'tm_publication', 'tm_outfiles', 'tm_tfile_outfiles', 'tm_edm_outfiles', 'tm_job_type', 'tm_generator', 'tm_events_per_lumi', 'tm_arguments', 'panda_resubmitted_jobs', 'tm_save_logs', 'tw_name', 'tm_user_infiles', 'tm_maxjobruntime', 'tm_numcores', 'tm_maxmemory', 'tm_priority', 'tm_output_dataset', 'tm_task_warnings', 'tm_user_webdir', 'tm_scriptexe', 'tm_scriptargs', 'tm_extrajdl', 'tm_asourl', 'tm_collector', 'tm_schedd', 'tm_dry_run', 'tm_user_files', 'tm_transfer_outputs', 'tm_output_lfn', 'tm_ignore_locality', 'tm_fail_limit', 'tm_one_event_mode', 'tm_secondary_input_dataset', 'tm_primary_dataset', 'tm_last_publication', 'tm_debug_files', 'clusterid', 'tm_asodb', 'tm_ignore_global_blacklist', 'tm_submitter_ip_addr', 'tm_totalunits', 'tm_ddm_reqid', 'tm_user_config', 'tm_transfer_container', 'tm_transfer_rule', 'tm_publish_rule']}, 'result': ['231114_184549:lfavilla_crab_ZJetsToNuNu_HT800To1200_2018', 'None', 'None', 'SUBMITTED', 'SUBMIT', '2023-11-14 18:45:49.329554', 'None', '2023-11-14 18:46:43.750010', 'None', 'CMSSW_12_6_0', 'slc7_amd64_gcc10', '/ZJetsToNuNu_HT-800To1200_TuneCP5_13TeV-madgraphMLM-pythia8/RunIISummer20UL18NanoAODv9-106X_upgrade2018_realistic_v16_L1v1-v1/NANOAODSIM', 'T', '0', '[]', '[]', 'FileBased', "{'halt_job_on_file_boundaries': False, 'splitOnRun': False, 'files_per_job': 1, 'runs': [], 'lumis': []}", '123fa9c4679415250ac8ecf48b39b95f08fafd5f3931b0e3c85ee8e35cc9112c.tar.gz', 'https://cmsweb.cern.ch/S3/crabcache_prod', 'lfavilla', '/DC=ch/DC=cern/OU=Organic Units/OU=Users/CN=lfavilla/CN=867090/CN=Leonardo Favilla', 'cms', 'None', 'None', 'ZJetsToNuNu_HT800To1200_2018-00000000000000000000000000000000', 'F', 'T2_IT_Pisa', 'https://cmsweb.cern.ch/dbs/prod/global/DBSReader', 'https://cmsweb.cern.ch/dbs/prod/phys03/DBSWriter', 'F', '[]', '[]', "['tree_hadd.root']", 'Analysis', 'pythia', 'None', '{}', 'None', 'T', 'crab-prod-tw01', '[]', '2700', '1', '2000', '10', "['/ZJetsToNuNu_HT-800To1200_TuneCP5_13TeV-madgraphMLM-pythia8/lfavilla-ZJetsToNuNu_HT800To1200_2018-00000000000000000000000000000000/USER']", '[]', 'http://vocms0120.cern.ch/mon/lfavilla/231114_184549:lfavilla_crab_ZJetsToNuNu_HT800To1200_2018', 'crab_script.sh', '[]', '[]', 'None', 'cmsgwms-collector-global.cern.ch:9620,cmsgwms-collector-global.fnal.gov:9620', 'crab3@vocms0120.cern.ch', 'F', '[]', 'T', '/store/user/lfavilla/DM_v0', 'F', 'None', 'F', 'None', 'ZJetsToNuNu_HT-800To1200_TuneCP5_13TeV-madgraphMLM-pythia8', 'None', '677fe4cf5007ce35ce80e506c81bfa3e416235939321eafdd5b54657e7ee4a88.tar.gz', '98792058', 'None', 'F', '137.138.154.184', '0.0', 'None', '{"partialdataset": false, "requireaccelerator": false, "acceleratorparams": null, "inputblocks": null}', 'None', 'None', 'None']}
INFO 2023-11-15 13:39:24.481 UTC: 	 CRAB project directory:		/afs/cern.ch/user/l/lfavilla/CMSSW_12_6_0/src/PhysicsTools/NanoAODTools/crab/crab_ZJetsToNuNu_HT800To1200_2018
INFO 2023-11-15 13:39:24.481 UTC: 	 Task name:			231114_184549:lfavilla_crab_ZJetsToNuNu_HT800To1200_2018
INFO 2023-11-15 13:39:24.481 UTC: 	 Grid scheduler - Task Worker:	crab3@vocms0120.cern.ch - crab-prod-tw01
INFO 2023-11-15 13:39:24.481 UTC: 	 Status on the CRAB server:	SUBMITTED
INFO 2023-11-15 13:39:24.482 UTC: 	 Task URL to use for HELP:	https://cmsweb.cern.ch/crabserver/ui/task/231114_184549%3Alfavilla_crab_ZJetsToNuNu_HT800To1200_2018
INFO 2023-11-15 13:39:24.488 UTC: 	 Dashboard monitoring URL:	https://monit-grafana.cern.ch/d/cmsTMDetail/cms-task-monitoring-task-view?orgId=11&var-user=lfavilla&var-task=231114_184549%3Alfavilla_crab_ZJetsToNuNu_HT800To1200_2018&from=1699983949000&to=now
DEBUG 2023-11-15 13:39:24.488 UTC: 	 The CRAB server submitted your task to the Grid scheduler (cluster ID: 98792058)
DEBUG 2023-11-15 13:39:24.488 UTC: 	 Webdir is located at http://vocms0120.cern.ch/mon/lfavilla/231114_184549:lfavilla_crab_ZJetsToNuNu_HT800To1200_2018
DEBUG 2023-11-15 13:39:24.488 UTC: 	 Encoded data for curl request: subresource=webdirprx&workflow=231114_184549%3Alfavilla_crab_ZJetsToNuNu_HT800To1200_2018
DEBUG 2023-11-15 13:39:24.547 UTC: 	 Proxied webdir is located at https://cmsweb.cern.ch:8443/scheddmon/0120/lfavilla/231114_184549:lfavilla_crab_ZJetsToNuNu_HT800To1200_2018
DEBUG 2023-11-15 13:39:24.557 UTC: 	 Retrieving 'status_cache' file from https://cmsweb.cern.ch:8443/scheddmon/0120/lfavilla/231114_184549:lfavilla_crab_ZJetsToNuNu_HT800To1200_2018/status_cache.pkl
DEBUG 2023-11-15 13:39:24.557 UTC: 	 Will execute:
curl -sS --capath /etc/grid-security/certificates --cert /tmp/x509up_u159320 --key /tmp/x509up_u159320 -o /tmp/crab_status-cache-42680g39.pkl -w %"{http_code}" "https://cmsweb.cern.ch:8443/scheddmon/0120/lfavilla/231114_184549:lfavilla_crab_ZJetsToNuNu_HT800To1200_2018/status_cache.pkl"
DEBUG 2023-11-15 13:39:24.557 UTC: 	 Executing command :
 curl -sS --capath /etc/grid-security/certificates --cert /tmp/x509up_u159320 --key /tmp/x509up_u159320 -o /tmp/crab_status-cache-42680g39.pkl -w %"{http_code}" "https://cmsweb.cern.ch:8443/scheddmon/0120/lfavilla/231114_184549:lfavilla_crab_ZJetsToNuNu_HT800To1200_2018/status_cache.pkl"
DEBUG 2023-11-15 13:39:24.588 UTC: 	 output : 200
 error: 
 retcode : 0
DEBUG 2023-11-15 13:39:24.588 UTC: 	 exitcode: 0
stdout: 200
stderr: 
error details: 
DEBUG 2023-11-15 13:39:24.588 UTC: 	 Got information from status cache file: {'2': {'Retries': 0, 'Restarts': 0, 'SiteHistory': ['Unknown', 'T2_UK_London_Brunel', 'T2_UK_London_Brunel'], 'ResidentSetSize': [872780], 'SubmitTimes': [1699987610.0], 'StartTimes': [1699987953.0], 'EndTimes': [], 'TotalUserCpuTimeHistory': [63649.0], 'TotalSysCpuTimeHistory': [8916.0], 'WallDurations': [9.0, 18.145004272460938, 67029.0], 'JobIds': ['98792060.0'], 'State': 'running', 'RecordedSite': True}, '1': {'Retries': 2, 'Restarts': 0, 'SiteHistory': ['Unknown', 'T2_UK_London_IC', 'T2_UK_London_IC', 'Unknown', 'T2_UK_London_IC', 'T2_UK_London_IC', 'Unknown', 'T2_UK_London_IC', 'T2_UK_London_IC'], 'ResidentSetSize': [913260, 953644, 886928], 'SubmitTimes': [1699987610.0, 1700005038.0, 1700019410.0], 'StartTimes': [1699987714.0, 1700005192.0, 1700019623.0], 'EndTimes': [1700003165.0, 1700013866.0, 1700039298.0], 'TotalUserCpuTimeHistory': [13978, 8766, 14542], 'TotalSysCpuTimeHistory': [626, 189, 436], 'WallDurations': [10.0, 257.14500427246094, 15451.0, 9.0, 211.48976635932922, 8674.0, 9.0, 226.1398606300354, 19675.0], 'JobIds': ['98792061.0', '98805102.0', '98817167.0'], 'State': 'failed', 'RecordedSite': True, 'Error': [90000, "Got recoverable stageout exception:\nStageout failed with code 1.\nThere were 1 failed/killed stageout jobs.\nFailure reasons (per document) follow:\n- 70d6f23ed526da7a3d1bfe92c088233704cb46c3946b7c31063403f2:\n  -----> ASO log start -----\n  ['TRANSFER [13] TRANSFER ERROR: Copy failed (3rd pull). Last attempt: copy curl error (35): SSL connect error [...CUT...] Full log at https://fts3-cms.cern.ch:8449/fts3/ftsmon/#/job/c5bca01e-8396-11ee-9c6e-fa163e172462']\n  <----- ASO log finish ----\n  The last failure reason is recoverable.", {}]}, '3': {'Retries': 0, 'Restarts': 0, 'SiteHistory': ['Unknown', 'T2_UK_London_IC', 'T2_UK_London_IC'], 'ResidentSetSize': [903716], 'SubmitTimes': [1699987610.0], 'StartTimes': [1699987740.0], 'EndTimes': [1699996532.0], 'TotalUserCpuTimeHistory': [8607], 'TotalSysCpuTimeHistory': [828], 'WallDurations': [8.0, 231.14500427246094, 8792.0], 'JobIds': ['98792062.0'], 'State': 'finished', 'RecordedSite': True}, '4': {'Retries': 0, 'Restarts': 0, 'SiteHistory': ['Unknown', 'T2_UK_London_IC', 'T2_UK_London_IC'], 'ResidentSetSize': [950924], 'SubmitTimes': [1699987610.0], 'StartTimes': [1699987714.0], 'EndTimes': [], 'TotalUserCpuTimeHistory': [59194.0], 'TotalSysCpuTimeHistory': [2406.0], 'WallDurations': [8.0, 257.14500427246094, 67632.0], 'JobIds': ['98792063.0'], 'State': 'running', 'RecordedSite': True}, '5': {'Retries': 0, 'Restarts': 0, 'SiteHistory': ['Unknown', 'T2_UK_London_IC', 'T2_UK_London_IC'], 'ResidentSetSize': [1018160], 'SubmitTimes': [1699987610.0], 'StartTimes': [1699987747.0], 'EndTimes': [1700034126.0], 'TotalUserCpuTimeHistory': [45546], 'TotalSysCpuTimeHistory': [3344], 'WallDurations': [8.0, 224.14500427246094, 46379.0], 'JobIds': ['98792064.0'], 'State': 'finished', 'RecordedSite': True}}
INFO 2023-11-15 13:39:24.588 UTC: 	 Status on the scheduler:	SUBMITTED
INFO 2023-11-15 13:39:24.588 UTC: 	 
Jobs status:                    failed       		 20.0% (1/5)
INFO 2023-11-15 13:39:24.588 UTC: 	 				finished     		 40.0% (2/5)
INFO 2023-11-15 13:39:24.588 UTC: 	 				running      		 40.0% (2/5)
INFO 2023-11-15 13:39:24.588 UTC: 	 
No publication information (publication has been disabled in the CRAB configuration file)
INFO 2023-11-15 13:39:24.588 UTC: 	 
Error Summary: (use crab status --verboseErrors for details about the errors)

1 jobs failed in postprocessing step

Have a look at https://twiki.cern.ch/twiki/bin/viewauth/CMSPublic/JobExitCodes for a description of the exit codes.
INFO 2023-11-15 13:39:24.589 UTC: 	 
Warning: the max jobs runtime is less than 30% of the task requested value (2700 min), please consider to request a lower value for failed jobs (allowed through crab resubmit) and/or improve the jobs splitting (e.g. config.Data.splitting = 'Automatic') in a new task.
INFO 2023-11-15 13:39:24.589 UTC: 	 
Summary of run jobs:
 * Memory: 866MB min, 994MB max, 914MB ave
 * Runtime: 2:26:32 min, 12:52:59 max, 6:55:48 ave
 * CPU eff: 76% min, 107% max, 98% ave
 * Waste: 7:01:59 (25% of total)

INFO 2023-11-15 13:39:24.618 UTC: 	 Log file is /afs/cern.ch/user/l/lfavilla/CMSSW_12_6_0/src/PhysicsTools/NanoAODTools/crab/crab_ZJetsToNuNu_HT800To1200_2018/crab.log
DEBUG 2023-11-15 14:58:33.196 UTC: 	 CRAB Client version: v3.231010
DEBUG 2023-11-15 14:58:33.196 UTC: 	 Running on: Linux lxplus743.cern.ch 3.10.0-1160.95.1.el7.x86_64 #1 SMP Mon Jul 24 13:59:37 UTC 2023 x86_64 x86_64 x86_64 GNU/Linux - CentOS Linux 7 (Core)
DEBUG 2023-11-15 14:58:33.196 UTC: 	 Executing command: 'getoutput'
DEBUG 2023-11-15 14:58:33.198 UTC: 	 Found CRAB cache file /afs/cern.ch/user/l/lfavilla/.crab3
DEBUG 2023-11-15 14:58:33.209 UTC: 	 Using VO group '' and VO role 'NULL' as written in the request cache file for this task.
DEBUG 2023-11-15 14:58:33.217 UTC: 	 Checking credentials
DEBUG 2023-11-15 14:58:33.217 UTC: 	 Found proxy file /tmp/x509up_u159320
DEBUG 2023-11-15 14:58:33.217 UTC: 	 Making sure it has proper VOMS extension
DEBUG 2023-11-15 14:58:33.217 UTC: 	 Executing command :
 voms-proxy-info --vo --file /tmp/x509up_u159320
DEBUG 2023-11-15 14:58:33.633 UTC: 	 output : cms

 error: 
 retcode : 0
DEBUG 2023-11-15 14:58:33.633 UTC: 	 Getting proxy life time left
DEBUG 2023-11-15 14:58:33.633 UTC: 	 Executing command :
 voms-proxy-info --actimeleft --timeleft --file /tmp/x509up_u159320
DEBUG 2023-11-15 14:58:34.129 UTC: 	 output : 28832
28832

 error: 
 retcode : 0
DEBUG 2023-11-15 14:58:34.129 UTC: 	 Proxy valid for 08:00:32 hours
DEBUG 2023-11-15 14:58:34.155 UTC: 	 Encoded data for curl request: subresource=delegatedn
DEBUG 2023-11-15 14:58:34.202 UTC: 	 Registering user credentials on myproxy for /DC=ch/DC=cern/OU=computers/CN=crab-(preprod|prod|dev)-tw(01|02|03).cern.ch|/DC=ch/DC=cern/OU=computers/CN=stefanov(m|m2).cern.ch|/DC=ch/DC=cern/OU=computers/CN=dciangot-tw.cern.ch
DEBUG 2023-11-15 14:58:34.202 UTC: 	 Executing command :
 voms-proxy-info --identity --file /tmp/x509up_u159320
DEBUG 2023-11-15 14:58:34.623 UTC: 	 output : /DC=ch/DC=cern/OU=Organic Units/OU=Users/CN=lfavilla/CN=867090/CN=Leonardo Favilla

 error: 
 retcode : 0
DEBUG 2023-11-15 14:58:34.623 UTC: 	 Getting myproxy life time left for 70284ad9de3a40585c76dbf527363be004fcbd17
DEBUG 2023-11-15 14:58:34.623 UTC: 	 Executing command :
 myproxy-info -s myproxy.cern.ch -l 70284ad9de3a40585c76dbf527363be004fcbd17
DEBUG 2023-11-15 14:58:34.830 UTC: 	 output : username: 70284ad9de3a40585c76dbf527363be004fcbd17
owner: /DC=ch/DC=cern/OU=Organic Units/OU=Users/CN=lfavilla/CN=867090/CN=Leonardo Favilla
  renewal policy: /DC=ch/DC=cern/OU=computers/CN=crab-(preprod|prod|dev)-tw(01|02|03).cern.ch|/DC=ch/DC=cern/OU=computers/CN=stefanov(m|m2).cern.ch|/DC=ch/DC=cern/OU=computers/CN=dciangot-tw.cern.ch
  trusted retrieval policy: /DC=ch/DC=cern/OU=computers/CN=crab-(preprod|prod|dev)-tw(01|02|03).cern.ch|/DC=ch/DC=cern/OU=computers/CN=stefanov(m|m2).cern.ch|/DC=ch/DC=cern/OU=computers/CN=dciangot-tw.cern.ch
  timeleft: 379:45:46  (15.8 days)

 error: 
 retcode : 0
DEBUG 2023-11-15 14:58:34.830 UTC: 	 Myproxy is valid: 1367100
DEBUG 2023-11-15 14:58:34.830 UTC: 	 Result of myproxy credential check:
  Credential exists on myproxy: username: 70284ad9de3a40585c76dbf527363be004fcbd17  - validity: 15 days, 19:45:00
DEBUG 2023-11-15 14:58:34.831 UTC: 	 Command use: getoutput
DEBUG 2023-11-15 14:58:34.831 UTC: 	 Options use: ['--xrootd', '-d', './crab_ZJetsToNuNu_HT800To1200_2018/']
DEBUG 2023-11-15 14:58:34.831 UTC: 	 Encoded data for curl request: subresource=version
DEBUG 2023-11-15 14:58:34.929 UTC: 	 CRABClient version: v3.231010
DEBUG 2023-11-15 14:58:34.929 UTC: 	 Instance is prod
DEBUG 2023-11-15 14:58:34.929 UTC: 	 Server base url is cmsweb.cern.ch
DEBUG 2023-11-15 14:58:34.929 UTC: 	 Command api workflow
DEBUG 2023-11-15 14:58:34.929 UTC: 	 Encoded data for curl request: subresource=search&workflow=231114_184549%3Alfavilla_crab_ZJetsToNuNu_HT800To1200_2018
DEBUG 2023-11-15 14:58:35.020 UTC: 	 Server result: {'desc': {'columns': ['tm_taskname', 'tm_activity', 'panda_jobset_id', 'tm_task_status', 'tm_task_command', 'tm_start_time', 'tm_start_injection', 'tm_end_injection', 'tm_task_failure', 'tm_job_sw', 'tm_job_arch', 'tm_input_dataset', 'tm_nonvalid_input_dataset', 'tm_use_parent', 'tm_site_whitelist', 'tm_site_blacklist', 'tm_split_algo', 'tm_split_args', 'tm_user_sandbox', 'tm_cache_url', 'tm_username', 'tm_user_dn', 'tm_user_vo', 'tm_user_role', 'tm_user_group', 'tm_publish_name', 'tm_publish_groupname', 'tm_asyncdest', 'tm_dbs_url', 'tm_publish_dbs_url', 'tm_publication', 'tm_outfiles', 'tm_tfile_outfiles', 'tm_edm_outfiles', 'tm_job_type', 'tm_generator', 'tm_events_per_lumi', 'tm_arguments', 'panda_resubmitted_jobs', 'tm_save_logs', 'tw_name', 'tm_user_infiles', 'tm_maxjobruntime', 'tm_numcores', 'tm_maxmemory', 'tm_priority', 'tm_output_dataset', 'tm_task_warnings', 'tm_user_webdir', 'tm_scriptexe', 'tm_scriptargs', 'tm_extrajdl', 'tm_asourl', 'tm_collector', 'tm_schedd', 'tm_dry_run', 'tm_user_files', 'tm_transfer_outputs', 'tm_output_lfn', 'tm_ignore_locality', 'tm_fail_limit', 'tm_one_event_mode', 'tm_secondary_input_dataset', 'tm_primary_dataset', 'tm_last_publication', 'tm_debug_files', 'clusterid', 'tm_asodb', 'tm_ignore_global_blacklist', 'tm_submitter_ip_addr', 'tm_totalunits', 'tm_ddm_reqid', 'tm_user_config', 'tm_transfer_container', 'tm_transfer_rule', 'tm_publish_rule']}, 'result': ['231114_184549:lfavilla_crab_ZJetsToNuNu_HT800To1200_2018', 'None', 'None', 'SUBMITTED', 'SUBMIT', '2023-11-14 18:45:49.329554', 'None', '2023-11-14 18:46:43.750010', 'None', 'CMSSW_12_6_0', 'slc7_amd64_gcc10', '/ZJetsToNuNu_HT-800To1200_TuneCP5_13TeV-madgraphMLM-pythia8/RunIISummer20UL18NanoAODv9-106X_upgrade2018_realistic_v16_L1v1-v1/NANOAODSIM', 'T', '0', '[]', '[]', 'FileBased', "{'halt_job_on_file_boundaries': False, 'splitOnRun': False, 'files_per_job': 1, 'runs': [], 'lumis': []}", '123fa9c4679415250ac8ecf48b39b95f08fafd5f3931b0e3c85ee8e35cc9112c.tar.gz', 'https://cmsweb.cern.ch/S3/crabcache_prod', 'lfavilla', '/DC=ch/DC=cern/OU=Organic Units/OU=Users/CN=lfavilla/CN=867090/CN=Leonardo Favilla', 'cms', 'None', 'None', 'ZJetsToNuNu_HT800To1200_2018-00000000000000000000000000000000', 'F', 'T2_IT_Pisa', 'https://cmsweb.cern.ch/dbs/prod/global/DBSReader', 'https://cmsweb.cern.ch/dbs/prod/phys03/DBSWriter', 'F', '[]', '[]', "['tree_hadd.root']", 'Analysis', 'pythia', 'None', '{}', 'None', 'T', 'crab-prod-tw01', '[]', '2700', '1', '2000', '10', "['/ZJetsToNuNu_HT-800To1200_TuneCP5_13TeV-madgraphMLM-pythia8/lfavilla-ZJetsToNuNu_HT800To1200_2018-00000000000000000000000000000000/USER']", '[]', 'http://vocms0120.cern.ch/mon/lfavilla/231114_184549:lfavilla_crab_ZJetsToNuNu_HT800To1200_2018', 'crab_script.sh', '[]', '[]', 'None', 'cmsgwms-collector-global.cern.ch:9620,cmsgwms-collector-global.fnal.gov:9620', 'crab3@vocms0120.cern.ch', 'F', '[]', 'T', '/store/user/lfavilla/DM_v0', 'F', 'None', 'F', 'None', 'ZJetsToNuNu_HT-800To1200_TuneCP5_13TeV-madgraphMLM-pythia8', 'None', '677fe4cf5007ce35ce80e506c81bfa3e416235939321eafdd5b54657e7ee4a88.tar.gz', '98792058', 'None', 'F', '137.138.154.184', '0.0', 'None', '{"partialdataset": false, "requireaccelerator": false, "acceleratorparams": null, "inputblocks": null}', 'None', 'None', 'None']}
DEBUG 2023-11-15 14:58:35.051 UTC: 	 CRAB Client version: v3.231010
DEBUG 2023-11-15 14:58:35.052 UTC: 	 Running on: Linux lxplus743.cern.ch 3.10.0-1160.95.1.el7.x86_64 #1 SMP Mon Jul 24 13:59:37 UTC 2023 x86_64 x86_64 x86_64 GNU/Linux - CentOS Linux 7 (Core)
DEBUG 2023-11-15 14:58:35.052 UTC: 	 Executing command: 'status'
DEBUG 2023-11-15 14:58:35.052 UTC: 	 Found CRAB cache file /afs/cern.ch/user/l/lfavilla/.crab3
DEBUG 2023-11-15 14:58:35.060 UTC: 	 Checking credentials
DEBUG 2023-11-15 14:58:35.060 UTC: 	 Found proxy file /tmp/x509up_u159320
DEBUG 2023-11-15 14:58:35.060 UTC: 	 Making sure it has proper VOMS extension
DEBUG 2023-11-15 14:58:35.060 UTC: 	 Executing command :
 voms-proxy-info --vo --file /tmp/x509up_u159320
DEBUG 2023-11-15 14:58:35.502 UTC: 	 output : cms

 error: 
 retcode : 0
DEBUG 2023-11-15 14:58:35.502 UTC: 	 Getting proxy life time left
DEBUG 2023-11-15 14:58:35.502 UTC: 	 Executing command :
 voms-proxy-info --actimeleft --timeleft --file /tmp/x509up_u159320
DEBUG 2023-11-15 14:58:36.014 UTC: 	 output : 28830
28830

 error: 
 retcode : 0
DEBUG 2023-11-15 14:58:36.014 UTC: 	 Proxy valid for 08:00:30 hours
DEBUG 2023-11-15 14:58:36.014 UTC: 	 Encoded data for curl request: subresource=delegatedn
DEBUG 2023-11-15 14:58:36.073 UTC: 	 Registering user credentials on myproxy for /DC=ch/DC=cern/OU=computers/CN=crab-(preprod|prod|dev)-tw(01|02|03).cern.ch|/DC=ch/DC=cern/OU=computers/CN=stefanov(m|m2).cern.ch|/DC=ch/DC=cern/OU=computers/CN=dciangot-tw.cern.ch
DEBUG 2023-11-15 14:58:36.074 UTC: 	 Executing command :
 voms-proxy-info --identity --file /tmp/x509up_u159320
DEBUG 2023-11-15 14:58:36.536 UTC: 	 output : /DC=ch/DC=cern/OU=Organic Units/OU=Users/CN=lfavilla/CN=867090/CN=Leonardo Favilla

 error: 
 retcode : 0
DEBUG 2023-11-15 14:58:36.536 UTC: 	 Getting myproxy life time left for 70284ad9de3a40585c76dbf527363be004fcbd17
DEBUG 2023-11-15 14:58:36.536 UTC: 	 Executing command :
 myproxy-info -s myproxy.cern.ch -l 70284ad9de3a40585c76dbf527363be004fcbd17
DEBUG 2023-11-15 14:58:36.738 UTC: 	 output : username: 70284ad9de3a40585c76dbf527363be004fcbd17
owner: /DC=ch/DC=cern/OU=Organic Units/OU=Users/CN=lfavilla/CN=867090/CN=Leonardo Favilla
  renewal policy: /DC=ch/DC=cern/OU=computers/CN=crab-(preprod|prod|dev)-tw(01|02|03).cern.ch|/DC=ch/DC=cern/OU=computers/CN=stefanov(m|m2).cern.ch|/DC=ch/DC=cern/OU=computers/CN=dciangot-tw.cern.ch
  trusted retrieval policy: /DC=ch/DC=cern/OU=computers/CN=crab-(preprod|prod|dev)-tw(01|02|03).cern.ch|/DC=ch/DC=cern/OU=computers/CN=stefanov(m|m2).cern.ch|/DC=ch/DC=cern/OU=computers/CN=dciangot-tw.cern.ch
  timeleft: 379:45:44  (15.8 days)

 error: 
 retcode : 0
DEBUG 2023-11-15 14:58:36.738 UTC: 	 Myproxy is valid: 1367100
DEBUG 2023-11-15 14:58:36.738 UTC: 	 Result of myproxy credential check:
  Credential exists on myproxy: username: 70284ad9de3a40585c76dbf527363be004fcbd17  - validity: 15 days, 19:45:00
DEBUG 2023-11-15 14:58:36.739 UTC: 	 Command use: status
DEBUG 2023-11-15 14:58:36.739 UTC: 	 Options use: []
DEBUG 2023-11-15 14:58:36.739 UTC: 	 Encoded data for curl request: subresource=version
DEBUG 2023-11-15 14:58:36.794 UTC: 	 CRABClient version: v3.231010
DEBUG 2023-11-15 14:58:36.794 UTC: 	 Instance is prod
DEBUG 2023-11-15 14:58:36.794 UTC: 	 Server base url is cmsweb.cern.ch
DEBUG 2023-11-15 14:58:36.794 UTC: 	 Command api workflow
DEBUG 2023-11-15 14:58:36.794 UTC: 	 Encoded data for curl request: subresource=search&workflow=231114_184549%3Alfavilla_crab_ZJetsToNuNu_HT800To1200_2018
DEBUG 2023-11-15 14:58:36.848 UTC: 	 Got information from server oracle database: {'desc': {'columns': ['tm_taskname', 'tm_activity', 'panda_jobset_id', 'tm_task_status', 'tm_task_command', 'tm_start_time', 'tm_start_injection', 'tm_end_injection', 'tm_task_failure', 'tm_job_sw', 'tm_job_arch', 'tm_input_dataset', 'tm_nonvalid_input_dataset', 'tm_use_parent', 'tm_site_whitelist', 'tm_site_blacklist', 'tm_split_algo', 'tm_split_args', 'tm_user_sandbox', 'tm_cache_url', 'tm_username', 'tm_user_dn', 'tm_user_vo', 'tm_user_role', 'tm_user_group', 'tm_publish_name', 'tm_publish_groupname', 'tm_asyncdest', 'tm_dbs_url', 'tm_publish_dbs_url', 'tm_publication', 'tm_outfiles', 'tm_tfile_outfiles', 'tm_edm_outfiles', 'tm_job_type', 'tm_generator', 'tm_events_per_lumi', 'tm_arguments', 'panda_resubmitted_jobs', 'tm_save_logs', 'tw_name', 'tm_user_infiles', 'tm_maxjobruntime', 'tm_numcores', 'tm_maxmemory', 'tm_priority', 'tm_output_dataset', 'tm_task_warnings', 'tm_user_webdir', 'tm_scriptexe', 'tm_scriptargs', 'tm_extrajdl', 'tm_asourl', 'tm_collector', 'tm_schedd', 'tm_dry_run', 'tm_user_files', 'tm_transfer_outputs', 'tm_output_lfn', 'tm_ignore_locality', 'tm_fail_limit', 'tm_one_event_mode', 'tm_secondary_input_dataset', 'tm_primary_dataset', 'tm_last_publication', 'tm_debug_files', 'clusterid', 'tm_asodb', 'tm_ignore_global_blacklist', 'tm_submitter_ip_addr', 'tm_totalunits', 'tm_ddm_reqid', 'tm_user_config', 'tm_transfer_container', 'tm_transfer_rule', 'tm_publish_rule']}, 'result': ['231114_184549:lfavilla_crab_ZJetsToNuNu_HT800To1200_2018', 'None', 'None', 'SUBMITTED', 'SUBMIT', '2023-11-14 18:45:49.329554', 'None', '2023-11-14 18:46:43.750010', 'None', 'CMSSW_12_6_0', 'slc7_amd64_gcc10', '/ZJetsToNuNu_HT-800To1200_TuneCP5_13TeV-madgraphMLM-pythia8/RunIISummer20UL18NanoAODv9-106X_upgrade2018_realistic_v16_L1v1-v1/NANOAODSIM', 'T', '0', '[]', '[]', 'FileBased', "{'halt_job_on_file_boundaries': False, 'splitOnRun': False, 'files_per_job': 1, 'runs': [], 'lumis': []}", '123fa9c4679415250ac8ecf48b39b95f08fafd5f3931b0e3c85ee8e35cc9112c.tar.gz', 'https://cmsweb.cern.ch/S3/crabcache_prod', 'lfavilla', '/DC=ch/DC=cern/OU=Organic Units/OU=Users/CN=lfavilla/CN=867090/CN=Leonardo Favilla', 'cms', 'None', 'None', 'ZJetsToNuNu_HT800To1200_2018-00000000000000000000000000000000', 'F', 'T2_IT_Pisa', 'https://cmsweb.cern.ch/dbs/prod/global/DBSReader', 'https://cmsweb.cern.ch/dbs/prod/phys03/DBSWriter', 'F', '[]', '[]', "['tree_hadd.root']", 'Analysis', 'pythia', 'None', '{}', 'None', 'T', 'crab-prod-tw01', '[]', '2700', '1', '2000', '10', "['/ZJetsToNuNu_HT-800To1200_TuneCP5_13TeV-madgraphMLM-pythia8/lfavilla-ZJetsToNuNu_HT800To1200_2018-00000000000000000000000000000000/USER']", '[]', 'http://vocms0120.cern.ch/mon/lfavilla/231114_184549:lfavilla_crab_ZJetsToNuNu_HT800To1200_2018', 'crab_script.sh', '[]', '[]', 'None', 'cmsgwms-collector-global.cern.ch:9620,cmsgwms-collector-global.fnal.gov:9620', 'crab3@vocms0120.cern.ch', 'F', '[]', 'T', '/store/user/lfavilla/DM_v0', 'F', 'None', 'F', 'None', 'ZJetsToNuNu_HT-800To1200_TuneCP5_13TeV-madgraphMLM-pythia8', 'None', '677fe4cf5007ce35ce80e506c81bfa3e416235939321eafdd5b54657e7ee4a88.tar.gz', '98792058', 'None', 'F', '137.138.154.184', '0.0', 'None', '{"partialdataset": false, "requireaccelerator": false, "acceleratorparams": null, "inputblocks": null}', 'None', 'None', 'None']}
INFO 2023-11-15 14:58:36.849 UTC: 	 CRAB project directory:		/afs/cern.ch/user/l/lfavilla/CMSSW_12_6_0/src/PhysicsTools/NanoAODTools/crab/crab_ZJetsToNuNu_HT800To1200_2018
INFO 2023-11-15 14:58:36.849 UTC: 	 Task name:			231114_184549:lfavilla_crab_ZJetsToNuNu_HT800To1200_2018
INFO 2023-11-15 14:58:36.849 UTC: 	 Grid scheduler - Task Worker:	crab3@vocms0120.cern.ch - crab-prod-tw01
INFO 2023-11-15 14:58:36.849 UTC: 	 Status on the CRAB server:	SUBMITTED
INFO 2023-11-15 14:58:36.849 UTC: 	 Task URL to use for HELP:	https://cmsweb.cern.ch/crabserver/ui/task/231114_184549%3Alfavilla_crab_ZJetsToNuNu_HT800To1200_2018
INFO 2023-11-15 14:58:36.856 UTC: 	 Dashboard monitoring URL:	https://monit-grafana.cern.ch/d/cmsTMDetail/cms-task-monitoring-task-view?orgId=11&var-user=lfavilla&var-task=231114_184549%3Alfavilla_crab_ZJetsToNuNu_HT800To1200_2018&from=1699983949000&to=now
DEBUG 2023-11-15 14:58:36.856 UTC: 	 The CRAB server submitted your task to the Grid scheduler (cluster ID: 98792058)
DEBUG 2023-11-15 14:58:36.856 UTC: 	 Webdir is located at http://vocms0120.cern.ch/mon/lfavilla/231114_184549:lfavilla_crab_ZJetsToNuNu_HT800To1200_2018
DEBUG 2023-11-15 14:58:36.856 UTC: 	 Encoded data for curl request: subresource=webdirprx&workflow=231114_184549%3Alfavilla_crab_ZJetsToNuNu_HT800To1200_2018
DEBUG 2023-11-15 14:58:36.907 UTC: 	 Proxied webdir is located at https://cmsweb.cern.ch:8443/scheddmon/0120/lfavilla/231114_184549:lfavilla_crab_ZJetsToNuNu_HT800To1200_2018
DEBUG 2023-11-15 14:58:36.909 UTC: 	 Retrieving 'status_cache' file from https://cmsweb.cern.ch:8443/scheddmon/0120/lfavilla/231114_184549:lfavilla_crab_ZJetsToNuNu_HT800To1200_2018/status_cache.pkl
DEBUG 2023-11-15 14:58:36.909 UTC: 	 Will execute:
curl -sS --capath /etc/grid-security/certificates --cert /tmp/x509up_u159320 --key /tmp/x509up_u159320 -o /tmp/crab_status-cache-48vht9ea.pkl -w %"{http_code}" "https://cmsweb.cern.ch:8443/scheddmon/0120/lfavilla/231114_184549:lfavilla_crab_ZJetsToNuNu_HT800To1200_2018/status_cache.pkl"
DEBUG 2023-11-15 14:58:36.909 UTC: 	 Executing command :
 curl -sS --capath /etc/grid-security/certificates --cert /tmp/x509up_u159320 --key /tmp/x509up_u159320 -o /tmp/crab_status-cache-48vht9ea.pkl -w %"{http_code}" "https://cmsweb.cern.ch:8443/scheddmon/0120/lfavilla/231114_184549:lfavilla_crab_ZJetsToNuNu_HT800To1200_2018/status_cache.pkl"
DEBUG 2023-11-15 14:58:36.947 UTC: 	 output : 200
 error: 
 retcode : 0
DEBUG 2023-11-15 14:58:36.947 UTC: 	 exitcode: 0
stdout: 200
stderr: 
error details: 
DEBUG 2023-11-15 14:58:36.947 UTC: 	 Got information from status cache file: {'2': {'Retries': 0, 'Restarts': 0, 'SiteHistory': ['Unknown', 'T2_UK_London_Brunel', 'T2_UK_London_Brunel'], 'ResidentSetSize': [878396], 'SubmitTimes': [1699987610.0], 'StartTimes': [1699987953.0], 'EndTimes': [], 'TotalUserCpuTimeHistory': [67725.0], 'TotalSysCpuTimeHistory': [9230.0], 'WallDurations': [9.0, 18.145004272460938, 71837.0], 'JobIds': ['98792060.0'], 'State': 'running', 'RecordedSite': True}, '1': {'Retries': 2, 'Restarts': 0, 'SiteHistory': ['Unknown', 'T2_UK_London_IC', 'T2_UK_London_IC', 'Unknown', 'T2_UK_London_IC', 'T2_UK_London_IC', 'Unknown', 'T2_UK_London_IC', 'T2_UK_London_IC'], 'ResidentSetSize': [913260, 953644, 886928], 'SubmitTimes': [1699987610.0, 1700005038.0, 1700019410.0], 'StartTimes': [1699987714.0, 1700005192.0, 1700019623.0], 'EndTimes': [1700003165.0, 1700013866.0, 1700039298.0], 'TotalUserCpuTimeHistory': [13978, 8766, 14542], 'TotalSysCpuTimeHistory': [626, 189, 436], 'WallDurations': [10.0, 257.14500427246094, 15451.0, 9.0, 211.48976635932922, 8674.0, 9.0, 226.1398606300354, 19675.0], 'JobIds': ['98792061.0', '98805102.0', '98817167.0'], 'State': 'failed', 'RecordedSite': True, 'Error': [90000, "Got recoverable stageout exception:\nStageout failed with code 1.\nThere were 1 failed/killed stageout jobs.\nFailure reasons (per document) follow:\n- 70d6f23ed526da7a3d1bfe92c088233704cb46c3946b7c31063403f2:\n  -----> ASO log start -----\n  ['TRANSFER [13] TRANSFER ERROR: Copy failed (3rd pull). Last attempt: copy curl error (35): SSL connect error [...CUT...] Full log at https://fts3-cms.cern.ch:8449/fts3/ftsmon/#/job/c5bca01e-8396-11ee-9c6e-fa163e172462']\n  <----- ASO log finish ----\n  The last failure reason is recoverable.", {}]}, '3': {'Retries': 0, 'Restarts': 0, 'SiteHistory': ['Unknown', 'T2_UK_London_IC', 'T2_UK_London_IC'], 'ResidentSetSize': [903716], 'SubmitTimes': [1699987610.0], 'StartTimes': [1699987740.0], 'EndTimes': [1699996532.0], 'TotalUserCpuTimeHistory': [8607], 'TotalSysCpuTimeHistory': [828], 'WallDurations': [8.0, 231.14500427246094, 8792.0], 'JobIds': ['98792062.0'], 'State': 'finished', 'RecordedSite': True}, '4': {'Retries': 0, 'Restarts': 0, 'SiteHistory': ['Unknown', 'T2_UK_London_IC', 'T2_UK_London_IC'], 'ResidentSetSize': [950924], 'SubmitTimes': [1699987610.0], 'StartTimes': [1699987714.0], 'EndTimes': [], 'TotalUserCpuTimeHistory': [62666.0], 'TotalSysCpuTimeHistory': [2513.0], 'WallDurations': [8.0, 257.14500427246094, 72440.0], 'JobIds': ['98792063.0'], 'State': 'running', 'RecordedSite': True}, '5': {'Retries': 0, 'Restarts': 0, 'SiteHistory': ['Unknown', 'T2_UK_London_IC', 'T2_UK_London_IC'], 'ResidentSetSize': [1018160], 'SubmitTimes': [1699987610.0], 'StartTimes': [1699987747.0], 'EndTimes': [1700034126.0], 'TotalUserCpuTimeHistory': [45546], 'TotalSysCpuTimeHistory': [3344], 'WallDurations': [8.0, 224.14500427246094, 46379.0], 'JobIds': ['98792064.0'], 'State': 'finished', 'RecordedSite': True}}
INFO 2023-11-15 14:58:36.947 UTC: 	 Status on the scheduler:	SUBMITTED
INFO 2023-11-15 14:58:36.947 UTC: 	 
Jobs status:                    failed       		 20.0% (1/5)
INFO 2023-11-15 14:58:36.947 UTC: 	 				finished     		 40.0% (2/5)
INFO 2023-11-15 14:58:36.947 UTC: 	 				running      		 40.0% (2/5)
INFO 2023-11-15 14:58:36.947 UTC: 	 
No publication information (publication has been disabled in the CRAB configuration file)
INFO 2023-11-15 14:58:36.947 UTC: 	 
Error Summary: (use crab status --verboseErrors for details about the errors)

1 jobs failed in postprocessing step

Have a look at https://twiki.cern.ch/twiki/bin/viewauth/CMSPublic/JobExitCodes for a description of the exit codes.
INFO 2023-11-15 14:58:36.948 UTC: 	 
Warning: the max jobs runtime is less than 30% of the task requested value (2700 min), please consider to request a lower value for failed jobs (allowed through crab resubmit) and/or improve the jobs splitting (e.g. config.Data.splitting = 'Automatic') in a new task.
INFO 2023-11-15 14:58:36.948 UTC: 	 
Summary of run jobs:
 * Memory: 866MB min, 994MB max, 914MB ave
 * Runtime: 2:26:32 min, 12:52:59 max, 6:55:48 ave
 * CPU eff: 76% min, 107% max, 98% ave
 * Waste: 7:01:59 (25% of total)

DEBUG 2023-11-15 14:58:36.948 UTC: 	 Retrieving locations for task 231114_184549:lfavilla_crab_ZJetsToNuNu_HT800To1200_2018
DEBUG 2023-11-15 14:58:36.948 UTC: 	 Retrieving all file locations
DEBUG 2023-11-15 14:58:36.948 UTC: 	 Retrieving jobs [('jobids', '1'), ('jobids', '3'), ('jobids', '5')]
DEBUG 2023-11-15 14:58:36.948 UTC: 	 Encoded data for curl request: workflow=231114_184549%3Alfavilla_crab_ZJetsToNuNu_HT800To1200_2018&subresource=data2&limit=-1&jobids=1&jobids=3&jobids=5
DEBUG 2023-11-15 14:58:37.024 UTC: 	 Server result: {'result': [{'jobid': '5', 'lfn': '/store/user/lfavilla/DM_v0/ZJetsToNuNu_HT-800To1200_TuneCP5_13TeV-madgraphMLM-pythia8/ZJetsToNuNu_HT800To1200_2018/231114_184549/0000/tree_hadd_5.root', 'site': 'T2_IT_Pisa', 'tmplfn': '/store/user/lfavilla/DM_v0/ZJetsToNuNu_HT-800To1200_TuneCP5_13TeV-madgraphMLM-pythia8/ZJetsToNuNu_HT800To1200_2018/231114_184549/0000/tree_hadd_5.root', 'tmpsite': 'T2_UK_London_IC', 'directstageout': 'F', 'size': 832045298, 'checksum': {'cksum': 2890098982, 'md5': '87e01b4e', 'adler32': '87e01b4e'}}, {'jobid': '3', 'lfn': '/store/user/lfavilla/DM_v0/ZJetsToNuNu_HT-800To1200_TuneCP5_13TeV-madgraphMLM-pythia8/ZJetsToNuNu_HT800To1200_2018/231114_184549/0000/tree_hadd_3.root', 'site': 'T2_IT_Pisa', 'tmplfn': '/store/user/lfavilla/DM_v0/ZJetsToNuNu_HT-800To1200_TuneCP5_13TeV-madgraphMLM-pythia8/ZJetsToNuNu_HT800To1200_2018/231114_184549/0000/tree_hadd_3.root', 'tmpsite': 'T2_UK_London_IC', 'directstageout': 'F', 'size': 181861150, 'checksum': {'cksum': 2623367015, 'md5': 'ed5415e0', 'adler32': 'ed5415e0'}}]}
DEBUG 2023-11-15 14:58:37.024 UTC: 	 Getting url info
DEBUG 2023-11-15 14:58:37.024 UTC: 	 XRootD urls are requested
INFO 2023-11-15 14:58:37.024 UTC: 	 root://cms-xrd-global.cern.ch//store/user/lfavilla/DM_v0/ZJetsToNuNu_HT-800To1200_TuneCP5_13TeV-madgraphMLM-pythia8/ZJetsToNuNu_HT800To1200_2018/231114_184549/0000/tree_hadd_5.root
root://cms-xrd-global.cern.ch//store/user/lfavilla/DM_v0/ZJetsToNuNu_HT-800To1200_TuneCP5_13TeV-madgraphMLM-pythia8/ZJetsToNuNu_HT800To1200_2018/231114_184549/0000/tree_hadd_3.root
DEBUG 2023-11-15 14:58:37.054 UTC: 	 Log file is /afs/cern.ch/user/l/lfavilla/CMSSW_12_6_0/src/PhysicsTools/NanoAODTools/crab/crab_ZJetsToNuNu_HT800To1200_2018/crab.log
