DEBUG 2023-11-14 18:45:52.108 UTC: 	 CRAB Client version: v3.231010
DEBUG 2023-11-14 18:45:52.108 UTC: 	 Running on: Linux lxplus799.cern.ch 3.10.0-1160.99.1.el7.x86_64 #1 SMP Wed Sep 13 14:19:20 UTC 2023 x86_64 x86_64 x86_64 GNU/Linux - CentOS Linux 7 (Core)
DEBUG 2023-11-14 18:45:52.108 UTC: 	 Executing command: 'submit'
DEBUG 2023-11-14 18:45:52.108 UTC: 	 Found CRAB cache file /afs/cern.ch/user/l/lfavilla/.crab3
INFO 2023-11-14 18:45:52.110 UTC: 	 Will use CRAB configuration file crab_cfg.py
DEBUG 2023-11-14 18:45:52.110 UTC: 	 Loading CRAB configuration file.
DEBUG 2023-11-14 18:45:52.117 UTC: 	 Will use CRAB Analysis plugin (i.e. will run an analysis job type).
DEBUG 2023-11-14 18:45:52.128 UTC: 	 Checking credentials
DEBUG 2023-11-14 18:45:52.128 UTC: 	 Found proxy file /tmp/x509up_u159320
DEBUG 2023-11-14 18:45:52.128 UTC: 	 Making sure it has proper VOMS extension
DEBUG 2023-11-14 18:45:52.128 UTC: 	 Executing command :
 voms-proxy-info --vo --file /tmp/x509up_u159320
DEBUG 2023-11-14 18:45:53.073 UTC: 	 output : cms

 error: 
 retcode : 0
DEBUG 2023-11-14 18:45:53.073 UTC: 	 Getting proxy life time left
DEBUG 2023-11-14 18:45:53.073 UTC: 	 Executing command :
 voms-proxy-info --actimeleft --timeleft --file /tmp/x509up_u159320
DEBUG 2023-11-14 18:45:53.929 UTC: 	 output : 29637
29637

 error: 
 retcode : 0
DEBUG 2023-11-14 18:45:53.929 UTC: 	 Proxy valid for 08:13:57 hours
DEBUG 2023-11-14 18:45:53.966 UTC: 	 Encoded data for curl request: subresource=delegatedn
DEBUG 2023-11-14 18:45:54.072 UTC: 	 Registering user credentials on myproxy for /DC=ch/DC=cern/OU=computers/CN=crab-(preprod|prod|dev)-tw(01|02|03).cern.ch|/DC=ch/DC=cern/OU=computers/CN=stefanov(m|m2).cern.ch|/DC=ch/DC=cern/OU=computers/CN=dciangot-tw.cern.ch
DEBUG 2023-11-14 18:45:54.072 UTC: 	 Executing command :
 voms-proxy-info --identity --file /tmp/x509up_u159320
DEBUG 2023-11-14 18:45:54.941 UTC: 	 output : /DC=ch/DC=cern/OU=Organic Units/OU=Users/CN=lfavilla/CN=867090/CN=Leonardo Favilla

 error: 
 retcode : 0
DEBUG 2023-11-14 18:45:54.941 UTC: 	 Getting myproxy life time left for 70284ad9de3a40585c76dbf527363be004fcbd17
DEBUG 2023-11-14 18:45:54.941 UTC: 	 Executing command :
 myproxy-info -s myproxy.cern.ch -l 70284ad9de3a40585c76dbf527363be004fcbd17
DEBUG 2023-11-14 18:45:55.495 UTC: 	 output : username: 70284ad9de3a40585c76dbf527363be004fcbd17
owner: /DC=ch/DC=cern/OU=Organic Units/OU=Users/CN=lfavilla/CN=867090/CN=Leonardo Favilla
  renewal policy: /DC=ch/DC=cern/OU=computers/CN=crab-(preprod|prod|dev)-tw(01|02|03).cern.ch|/DC=ch/DC=cern/OU=computers/CN=stefanov(m|m2).cern.ch|/DC=ch/DC=cern/OU=computers/CN=dciangot-tw.cern.ch
  trusted retrieval policy: /DC=ch/DC=cern/OU=computers/CN=crab-(preprod|prod|dev)-tw(01|02|03).cern.ch|/DC=ch/DC=cern/OU=computers/CN=stefanov(m|m2).cern.ch|/DC=ch/DC=cern/OU=computers/CN=dciangot-tw.cern.ch
  timeleft: 399:58:25  (16.7 days)

 error: 
 retcode : 0
DEBUG 2023-11-14 18:45:55.495 UTC: 	 Myproxy is valid: 1439880
DEBUG 2023-11-14 18:45:55.495 UTC: 	 Result of myproxy credential check:
  Credential exists on myproxy: username: 70284ad9de3a40585c76dbf527363be004fcbd17  - validity: 16 days, 15:58:00
DEBUG 2023-11-14 18:45:55.495 UTC: 	 Command use: submit
DEBUG 2023-11-14 18:45:55.495 UTC: 	 Options use: ['-c', 'crab_cfg.py']
DEBUG 2023-11-14 18:45:55.496 UTC: 	 Encoded data for curl request: subresource=version
DEBUG 2023-11-14 18:45:55.701 UTC: 	 CRABClient version: v3.231010
DEBUG 2023-11-14 18:45:55.701 UTC: 	 Instance is prod
DEBUG 2023-11-14 18:45:55.701 UTC: 	 Server base url is cmsweb.cern.ch
DEBUG 2023-11-14 18:45:55.701 UTC: 	 Command api workflow
DEBUG 2023-11-14 18:45:55.701 UTC: 	 Started submission
DEBUG 2023-11-14 18:45:55.701 UTC: 	 Working on /afs/cern.ch/user/l/lfavilla/CMSSW_12_6_0/src/PhysicsTools/NanoAODTools/crab/crab_ZJetsToNuNu_HT1200To2500_2018
DEBUG 2023-11-14 18:45:55.701 UTC: 	 Encoded data for curl request: subresource=backendurls
DEBUG 2023-11-14 18:45:56.069 UTC: 	 Loading required information from the environment
DEBUG 2023-11-14 18:45:56.070 UTC: 	 Found CMSSW_12_6_0 for slc7_amd64_gcc10 with base /afs/cern.ch/user/l/lfavilla/CMSSW_12_6_0
DEBUG 2023-11-14 18:45:56.070 UTC: 	 Loading required information from the environment
DEBUG 2023-11-14 18:45:56.070 UTC: 	 Found CMSSW_12_6_0 for slc7_amd64_gcc10 with base /afs/cern.ch/user/l/lfavilla/CMSSW_12_6_0
DEBUG 2023-11-14 18:45:56.070 UTC: 	 UNIQUE NAME: tarUUID a56c8449-cdd1-4e01-838c-091018bdad2d 
DEBUG 2023-11-14 18:45:56.070 UTC: 	 self.config: from WMCore.Configuration import Configuration
config = Configuration()
config.section_('General')
config.General.requestName = 'ZJetsToNuNu_HT1200To2500_2018'
config.General.transferLogs = True
config.section_('JobType')
config.JobType.maxJobRuntimeMin = 2700
config.JobType.scriptExe = 'crab_script.sh'
config.JobType.inputFiles = ['crab_script.py', '../scripts/haddnano.py', '../scripts/keep_and_drop.txt']
config.JobType.pluginName = 'Analysis'
config.JobType.psetName = 'PSet.py'
config.section_('Data')
config.Data.allowNonValidInputDataset = True
config.Data.outLFNDirBase = '/store/user/lfavilla/DM_v0'
config.Data.inputDBS = 'global'
config.Data.splitting = 'FileBased'
config.Data.unitsPerJob = 1
config.Data.inputDataset = '/ZJetsToNuNu_HT-1200To2500_TuneCP5_13TeV-madgraphMLM-pythia8/RunIISummer20UL18NanoAODv9-106X_upgrade2018_realistic_v16_L1v1-v1/NANOAODSIM'
config.Data.publication = False
config.Data.outputDatasetTag = 'ZJetsToNuNu_HT1200To2500_2018'
config.section_('Site')
config.Site.storageSite = 'T2_IT_Pisa'

DEBUG 2023-11-14 18:45:56.070 UTC: 	 self.config.JobType.psetName: PSet.py
INFO 2023-11-14 18:45:56.070 UTC: 	 Importing CMSSW configuration PSet.py
INFO 2023-11-14 18:45:56.562 UTC: 	 Finished importing CMSSW configuration PSet.py
DEBUG 2023-11-14 18:45:56.562 UTC: 	 Writing CMSSW configuration to /afs/cern.ch/user/l/lfavilla/CMSSW_12_6_0/src/PhysicsTools/NanoAODTools/crab/crab_ZJetsToNuNu_HT1200To2500_2018/inputs/PSet.py
DEBUG 2023-11-14 18:45:56.574 UTC: 	 The following EDM output files will be collected: ['tree_hadd.root']
DEBUG 2023-11-14 18:45:56.574 UTC: 	 The following TFile output files will be collected: []
DEBUG 2023-11-14 18:45:56.574 UTC: 	 The following user output files (not listed as PoolOuputModule or TFileService in the CMSSW PSet) will be collected: 
DEBUG 2023-11-14 18:45:56.574 UTC: 	 Loading required information from the environment
DEBUG 2023-11-14 18:45:56.574 UTC: 	 Found CMSSW_12_6_0 for slc7_amd64_gcc10 with base /afs/cern.ch/user/l/lfavilla/CMSSW_12_6_0
DEBUG 2023-11-14 18:45:56.574 UTC: 	 Making tarball in /afs/cern.ch/user/l/lfavilla/CMSSW_12_6_0/src/PhysicsTools/NanoAODTools/crab/crab_ZJetsToNuNu_HT1200To2500_2018/inputs/a56c8449-cdd1-4e01-838c-091018bdad2ddefault.tgz
DEBUG 2023-11-14 18:45:56.575 UTC: 	 Checking directory /afs/cern.ch/user/l/lfavilla/CMSSW_12_6_0/bin
DEBUG 2023-11-14 18:45:56.575 UTC: 	 Adding directory /afs/cern.ch/user/l/lfavilla/CMSSW_12_6_0/bin to tarball
DEBUG 2023-11-14 18:45:56.581 UTC: 	 Checking directory /afs/cern.ch/user/l/lfavilla/CMSSW_12_6_0/python
DEBUG 2023-11-14 18:45:56.581 UTC: 	 Adding directory /afs/cern.ch/user/l/lfavilla/CMSSW_12_6_0/python to tarball
DEBUG 2023-11-14 18:45:56.599 UTC: 	 Checking directory /afs/cern.ch/user/l/lfavilla/CMSSW_12_6_0/cfipython
DEBUG 2023-11-14 18:45:56.599 UTC: 	 Adding directory /afs/cern.ch/user/l/lfavilla/CMSSW_12_6_0/cfipython to tarball
DEBUG 2023-11-14 18:45:56.602 UTC: 	 Checking directory /afs/cern.ch/user/l/lfavilla/CMSSW_12_6_0/lib
DEBUG 2023-11-14 18:45:56.602 UTC: 	 Adding directory /afs/cern.ch/user/l/lfavilla/CMSSW_12_6_0/lib to tarball
DEBUG 2023-11-14 18:45:56.608 UTC: 	 Checking directory /afs/cern.ch/user/l/lfavilla/CMSSW_12_6_0/biglib
DEBUG 2023-11-14 18:45:56.608 UTC: 	 Adding directory /afs/cern.ch/user/l/lfavilla/CMSSW_12_6_0/biglib to tarball
DEBUG 2023-11-14 18:45:56.610 UTC: 	 Checking directory /afs/cern.ch/user/l/lfavilla/CMSSW_12_6_0/module
DEBUG 2023-11-14 18:45:56.610 UTC: 	 Checking directory /afs/cern.ch/user/l/lfavilla/CMSSW_12_6_0/config/SCRAM/hooks
DEBUG 2023-11-14 18:45:56.610 UTC: 	 Adding directory /afs/cern.ch/user/l/lfavilla/CMSSW_12_6_0/config/SCRAM/hooks to tarball
DEBUG 2023-11-14 18:45:57.329 UTC: 	 Adding directory /afs/cern.ch/user/l/lfavilla/CMSSW_12_6_0/src/PhysicsTools/NanoAODTools/data to tarball
DEBUG 2023-11-14 18:46:15.974 UTC: 	 Adding directory /afs/cern.ch/user/l/lfavilla/CMSSW_12_6_0/src/PhysicsTools/NanoAODTools/interface to tarball
DEBUG 2023-11-14 18:46:15.980 UTC: 	 Adding directory /afs/cern.ch/user/l/lfavilla/CMSSW_12_6_0/src/PhysicsTools/NanoAODTools/python to tarball
DEBUG 2023-11-14 18:46:35.744 UTC: 	 Adding directory /afs/cern.ch/user/l/lfavilla/CMSSW_12_6_0/src/PhysicsTools/NanoAODTools/python/postprocessing/data to tarball
DEBUG 2023-11-14 18:46:40.189 UTC: 	 Adding file crab_script.py to tarball
DEBUG 2023-11-14 18:46:40.190 UTC: 	 Adding file ../scripts/haddnano.py to tarball
DEBUG 2023-11-14 18:46:40.191 UTC: 	 Adding file ../scripts/keep_and_drop.txt to tarball
DEBUG 2023-11-14 18:46:46.188 UTC: 	 Uploading archive /afs/cern.ch/user/l/lfavilla/CMSSW_12_6_0/src/PhysicsTools/NanoAODTools/crab/crab_ZJetsToNuNu_HT1200To2500_2018/inputs/a56c8449-cdd1-4e01-838c-091018bdad2ddefault.tgz (89 MB) to the CRAB cache. Using URI https://cmsweb.cern.ch/S3/crabcache_prod
DEBUG 2023-11-14 18:47:16.370 UTC: 	 Encoded data for curl request: subresource=upload&objecttype=sandbox&tarballname=84eb0a9db75cbee76b13231a44e0a98a8ff25a7b85513af51646939164642fcf.tar.gz
DEBUG 2023-11-14 18:47:16.653 UTC: 	 Will execute:
curl -f -v -X POST  -H "User-Agent: CRAB" -F "key=lfavilla/sandboxes/84eb0a9db75cbee76b13231a44e0a98a8ff25a7b85513af51646939164642fcf.tar.gz" -F "AWSAccessKeyId=ab00fcc889f248c495d2875f15a3badb" -F "policy=eyJleHBpcmF0aW9uIjogIjIwMjMtMTEtMTRUMTk6NDc6MTZaIiwgImNvbmRpdGlvbnMiOiBbeyJidWNrZXQiOiAiY3JhYmNhY2hlX3Byb2QifSwgeyJrZXkiOiAibGZhdmlsbGEvc2FuZGJveGVzLzg0ZWIwYTlkYjc1Y2JlZTc2YjEzMjMxYTQ0ZTBhOThhOGZmMjVhN2I4NTUxM2FmNTE2NDY5MzkxNjQ2NDJmY2YudGFyLmd6In1dfQ==" -F "signature=hbXXl+klcO/oO3enPC+GBapM29s=" -F "file=@/afs/cern.ch/user/l/lfavilla/CMSSW_12_6_0/src/PhysicsTools/NanoAODTools/crab/crab_ZJetsToNuNu_HT1200To2500_2018/inputs/a56c8449-cdd1-4e01-838c-091018bdad2ddefault.tgz" "https://s3.cern.ch/crabcache_prod"
DEBUG 2023-11-14 18:47:19.006 UTC: 	 exitcode: 0
stdout: b''
DEBUG 2023-11-14 18:47:19.007 UTC: 	 sandbox /afs/cern.ch/user/l/lfavilla/CMSSW_12_6_0/src/PhysicsTools/NanoAODTools/crab/crab_ZJetsToNuNu_HT1200To2500_2018/inputs/a56c8449-cdd1-4e01-838c-091018bdad2ddefault.tgz successully uploaded to S3
DEBUG 2023-11-14 18:47:19.007 UTC: 	 Loading required information from the environment
DEBUG 2023-11-14 18:47:19.007 UTC: 	 Found CMSSW_12_6_0 for slc7_amd64_gcc10 with base /afs/cern.ch/user/l/lfavilla/CMSSW_12_6_0
DEBUG 2023-11-14 18:47:19.007 UTC: 	 Making tarball in /afs/cern.ch/user/l/lfavilla/CMSSW_12_6_0/src/PhysicsTools/NanoAODTools/crab/crab_ZJetsToNuNu_HT1200To2500_2018/inputs/debugFiles.tgz
DEBUG 2023-11-14 18:47:19.022 UTC: 	 Uploading archive /afs/cern.ch/user/l/lfavilla/CMSSW_12_6_0/src/PhysicsTools/NanoAODTools/crab/crab_ZJetsToNuNu_HT1200To2500_2018/inputs/debugFiles.tgz (1 KB) to the CRAB cache. Using URI https://cmsweb.cern.ch/S3/crabcache_prod
DEBUG 2023-11-14 18:47:19.025 UTC: 	 Encoded data for curl request: subresource=upload&objecttype=sandbox&tarballname=2d9bcd320e2bc48ec31f057cac01e8deb95b1d192acafccd50d2da1375ab7d8e.tar.gz
DEBUG 2023-11-14 18:47:19.253 UTC: 	 Will execute:
curl -f -v -X POST  -H "User-Agent: CRAB" -F "key=lfavilla/sandboxes/2d9bcd320e2bc48ec31f057cac01e8deb95b1d192acafccd50d2da1375ab7d8e.tar.gz" -F "AWSAccessKeyId=ab00fcc889f248c495d2875f15a3badb" -F "policy=eyJleHBpcmF0aW9uIjogIjIwMjMtMTEtMTRUMTk6NDc6MTlaIiwgImNvbmRpdGlvbnMiOiBbeyJidWNrZXQiOiAiY3JhYmNhY2hlX3Byb2QifSwgeyJrZXkiOiAibGZhdmlsbGEvc2FuZGJveGVzLzJkOWJjZDMyMGUyYmM0OGVjMzFmMDU3Y2FjMDFlOGRlYjk1YjFkMTkyYWNhZmNjZDUwZDJkYTEzNzVhYjdkOGUudGFyLmd6In1dfQ==" -F "signature=xwVXDBilvSmKWrZV0CqxJWmQEzo=" -F "file=@/afs/cern.ch/user/l/lfavilla/CMSSW_12_6_0/src/PhysicsTools/NanoAODTools/crab/crab_ZJetsToNuNu_HT1200To2500_2018/inputs/debugFiles.tgz" "https://s3.cern.ch/crabcache_prod"
DEBUG 2023-11-14 18:47:19.427 UTC: 	 exitcode: 0
stdout: b''
DEBUG 2023-11-14 18:47:19.427 UTC: 	 sandbox /afs/cern.ch/user/l/lfavilla/CMSSW_12_6_0/src/PhysicsTools/NanoAODTools/crab/crab_ZJetsToNuNu_HT1200To2500_2018/inputs/debugFiles.tgz successully uploaded to S3
DEBUG 2023-11-14 18:47:19.427 UTC: 	 Result uploading input files: 84eb0a9db75cbee76b13231a44e0a98a8ff25a7b85513af51646939164642fcf.tar.gz 
INFO 2023-11-14 18:47:19.429 UTC: 	 Sending the request to the server at cmsweb.cern.ch
DEBUG 2023-11-14 18:47:19.430 UTC: 	 Submitting {'dryrun': 0, 'workflow': 'crab_ZJetsToNuNu_HT1200To2500_2018', 'saveoutput': 1, 'savelogsflag': 1, 'inputdata': '/ZJetsToNuNu_HT-1200To2500_TuneCP5_13TeV-madgraphMLM-pythia8/RunIISummer20UL18NanoAODv9-106X_upgrade2018_realistic_v16_L1v1-v1/NANOAODSIM', 'primarydataset': '', 'nonvaliddata': 1, 'userfiles': [], 'dbsurl': 'https://cmsweb.cern.ch/dbs/prod/global/DBSReader', 'useparent': 0, 'ignorelocality': 0, 'splitalgo': 'FileBased', 'algoargs': 1, 'totalunits': 0, 'lfn': '/store/user/lfavilla/DM_v0', 'publication': 0, 'publishdbsurl': 'https://cmsweb.cern.ch/dbs/prod/phys03/DBSWriter', 'publishname2': 'ZJetsToNuNu_HT1200To2500_2018', 'jobtype': 'Analysis', 'generator': 'pythia', 'addoutputfiles': [], 'maxjobruntime': 2700, 'numcores': 1, 'maxmemory': 2000, 'priority': 10, 'nonprodsw': 0, 'scriptexe': 'crab_script.sh', 'asyncdest': 'T2_IT_Pisa', 'requireaccelerator': 0, 'oneEventMode': 0, 'extrajdl': [], 'ignoreglobalblacklist': 0, 'partialdataset': 0, 'inputblocks': [], 'tfileoutfiles': [], 'edmoutfiles': ['tree_hadd.root'], 'jobarch': 'slc7_amd64_gcc10', 'jobsw': 'CMSSW_12_6_0', 'cacheurl': 'https://cmsweb.cern.ch/S3/crabcache_prod', 'cachefilename': '84eb0a9db75cbee76b13231a44e0a98a8ff25a7b85513af51646939164642fcf.tar.gz', 'debugfilename': '2d9bcd320e2bc48ec31f057cac01e8deb95b1d192acafccd50d2da1375ab7d8e.tar.gz'} 
DEBUG 2023-11-14 18:47:19.430 UTC: 	 Encoded data for curl request: dryrun=0&workflow=crab_ZJetsToNuNu_HT1200To2500_2018&saveoutput=1&savelogsflag=1&inputdata=%2FZJetsToNuNu_HT-1200To2500_TuneCP5_13TeV-madgraphMLM-pythia8%2FRunIISummer20UL18NanoAODv9-106X_upgrade2018_realistic_v16_L1v1-v1%2FNANOAODSIM&primarydataset=&nonvaliddata=1&dbsurl=https%3A%2F%2Fcmsweb.cern.ch%2Fdbs%2Fprod%2Fglobal%2FDBSReader&useparent=0&ignorelocality=0&splitalgo=FileBased&algoargs=1&totalunits=0&lfn=%2Fstore%2Fuser%2Flfavilla%2FDM_v0&publication=0&publishdbsurl=https%3A%2F%2Fcmsweb.cern.ch%2Fdbs%2Fprod%2Fphys03%2FDBSWriter&publishname2=ZJetsToNuNu_HT1200To2500_2018&jobtype=Analysis&generator=pythia&maxjobruntime=2700&numcores=1&maxmemory=2000&priority=10&nonprodsw=0&scriptexe=crab_script.sh&asyncdest=T2_IT_Pisa&requireaccelerator=0&oneEventMode=0&ignoreglobalblacklist=0&partialdataset=0&jobarch=slc7_amd64_gcc10&jobsw=CMSSW_12_6_0&cacheurl=https%3A%2F%2Fcmsweb.cern.ch%2FS3%2Fcrabcache_prod&cachefilename=84eb0a9db75cbee76b13231a44e0a98a8ff25a7b85513af51646939164642fcf.tar.gz&debugfilename=2d9bcd320e2bc48ec31f057cac01e8deb95b1d192acafccd50d2da1375ab7d8e.tar.gz&edmoutfiles=tree_hadd.root
DEBUG 2023-11-14 18:47:19.673 UTC: 	 Result: {'result': [{'RequestName': '231114_184719:lfavilla_crab_ZJetsToNuNu_HT1200To2500_2018'}]}
INFO 2023-11-14 18:47:19.713 UTC: 	 Success: Your task has been delivered to the prod CRAB3 server.
INFO 2023-11-14 18:47:19.714 UTC: 	 Task name: 231114_184719:lfavilla_crab_ZJetsToNuNu_HT1200To2500_2018
INFO 2023-11-14 18:47:19.714 UTC: 	 Project dir: ./crab_ZJetsToNuNu_HT1200To2500_2018
INFO 2023-11-14 18:47:19.714 UTC: 	 Please use ' crab status -d ./crab_ZJetsToNuNu_HT1200To2500_2018 ' to check how the submission process proceeds.
DEBUG 2023-11-14 18:47:19.714 UTC: 	 About to return
INFO 2023-11-14 18:47:19.717 UTC: 	 Log file is /afs/cern.ch/user/l/lfavilla/CMSSW_12_6_0/src/PhysicsTools/NanoAODTools/crab/crab_ZJetsToNuNu_HT1200To2500_2018/crab.log
DEBUG 2023-11-15 07:34:56.170 UTC: 	 CRAB Client version: v3.231010
DEBUG 2023-11-15 07:34:56.171 UTC: 	 Running on: Linux lxplus799.cern.ch 3.10.0-1160.99.1.el7.x86_64 #1 SMP Wed Sep 13 14:19:20 UTC 2023 x86_64 x86_64 x86_64 GNU/Linux - CentOS Linux 7 (Core)
DEBUG 2023-11-15 07:34:56.171 UTC: 	 Executing command: 'status'
DEBUG 2023-11-15 07:34:56.171 UTC: 	 Found CRAB cache file /afs/cern.ch/user/l/lfavilla/.crab3
DEBUG 2023-11-15 07:34:56.286 UTC: 	 Checking credentials
DEBUG 2023-11-15 07:34:56.286 UTC: 	 Found proxy file /tmp/x509up_u159320
DEBUG 2023-11-15 07:34:56.286 UTC: 	 Making sure it has proper VOMS extension
DEBUG 2023-11-15 07:34:56.286 UTC: 	 Executing command :
 voms-proxy-info --vo --file /tmp/x509up_u159320
DEBUG 2023-11-15 07:34:56.994 UTC: 	 output : cms

 error: 
 retcode : 0
DEBUG 2023-11-15 07:34:56.994 UTC: 	 Getting proxy life time left
DEBUG 2023-11-15 07:34:56.994 UTC: 	 Executing command :
 voms-proxy-info --actimeleft --timeleft --file /tmp/x509up_u159320
DEBUG 2023-11-15 07:34:57.754 UTC: 	 output : 43102
43102

 error: 
 retcode : 0
DEBUG 2023-11-15 07:34:57.754 UTC: 	 Proxy valid for 11:58:22 hours
DEBUG 2023-11-15 07:34:57.786 UTC: 	 Encoded data for curl request: subresource=delegatedn
DEBUG 2023-11-15 07:34:57.881 UTC: 	 Registering user credentials on myproxy for /DC=ch/DC=cern/OU=computers/CN=crab-(preprod|prod|dev)-tw(01|02|03).cern.ch|/DC=ch/DC=cern/OU=computers/CN=stefanov(m|m2).cern.ch|/DC=ch/DC=cern/OU=computers/CN=dciangot-tw.cern.ch
DEBUG 2023-11-15 07:34:57.882 UTC: 	 Executing command :
 voms-proxy-info --identity --file /tmp/x509up_u159320
DEBUG 2023-11-15 07:34:58.625 UTC: 	 output : /DC=ch/DC=cern/OU=Organic Units/OU=Users/CN=lfavilla/CN=867090/CN=Leonardo Favilla

 error: 
 retcode : 0
DEBUG 2023-11-15 07:34:58.625 UTC: 	 Getting myproxy life time left for 70284ad9de3a40585c76dbf527363be004fcbd17
DEBUG 2023-11-15 07:34:58.625 UTC: 	 Executing command :
 myproxy-info -s myproxy.cern.ch -l 70284ad9de3a40585c76dbf527363be004fcbd17
DEBUG 2023-11-15 07:34:58.923 UTC: 	 output : username: 70284ad9de3a40585c76dbf527363be004fcbd17
owner: /DC=ch/DC=cern/OU=Organic Units/OU=Users/CN=lfavilla/CN=867090/CN=Leonardo Favilla
  renewal policy: /DC=ch/DC=cern/OU=computers/CN=crab-(preprod|prod|dev)-tw(01|02|03).cern.ch|/DC=ch/DC=cern/OU=computers/CN=stefanov(m|m2).cern.ch|/DC=ch/DC=cern/OU=computers/CN=dciangot-tw.cern.ch
  trusted retrieval policy: /DC=ch/DC=cern/OU=computers/CN=crab-(preprod|prod|dev)-tw(01|02|03).cern.ch|/DC=ch/DC=cern/OU=computers/CN=stefanov(m|m2).cern.ch|/DC=ch/DC=cern/OU=computers/CN=dciangot-tw.cern.ch
  timeleft: 387:09:22  (16.1 days)

 error: 
 retcode : 0
DEBUG 2023-11-15 07:34:58.923 UTC: 	 Myproxy is valid: 1393740
DEBUG 2023-11-15 07:34:58.923 UTC: 	 Result of myproxy credential check:
  Credential exists on myproxy: username: 70284ad9de3a40585c76dbf527363be004fcbd17  - validity: 16 days, 3:09:00
DEBUG 2023-11-15 07:34:58.924 UTC: 	 Command use: status
DEBUG 2023-11-15 07:34:58.924 UTC: 	 Options use: ['-d', 'crab_ZJetsToNuNu_HT1200To2500_2018']
DEBUG 2023-11-15 07:34:58.924 UTC: 	 Encoded data for curl request: subresource=version
DEBUG 2023-11-15 07:34:59.002 UTC: 	 CRABClient version: v3.231010
DEBUG 2023-11-15 07:34:59.002 UTC: 	 Instance is prod
DEBUG 2023-11-15 07:34:59.002 UTC: 	 Server base url is cmsweb.cern.ch
DEBUG 2023-11-15 07:34:59.002 UTC: 	 Command api workflow
DEBUG 2023-11-15 07:34:59.003 UTC: 	 Encoded data for curl request: subresource=search&workflow=231114_184719%3Alfavilla_crab_ZJetsToNuNu_HT1200To2500_2018
DEBUG 2023-11-15 07:34:59.170 UTC: 	 Got information from server oracle database: {'desc': {'columns': ['tm_taskname', 'tm_activity', 'panda_jobset_id', 'tm_task_status', 'tm_task_command', 'tm_start_time', 'tm_start_injection', 'tm_end_injection', 'tm_task_failure', 'tm_job_sw', 'tm_job_arch', 'tm_input_dataset', 'tm_nonvalid_input_dataset', 'tm_use_parent', 'tm_site_whitelist', 'tm_site_blacklist', 'tm_split_algo', 'tm_split_args', 'tm_user_sandbox', 'tm_cache_url', 'tm_username', 'tm_user_dn', 'tm_user_vo', 'tm_user_role', 'tm_user_group', 'tm_publish_name', 'tm_publish_groupname', 'tm_asyncdest', 'tm_dbs_url', 'tm_publish_dbs_url', 'tm_publication', 'tm_outfiles', 'tm_tfile_outfiles', 'tm_edm_outfiles', 'tm_job_type', 'tm_generator', 'tm_events_per_lumi', 'tm_arguments', 'panda_resubmitted_jobs', 'tm_save_logs', 'tw_name', 'tm_user_infiles', 'tm_maxjobruntime', 'tm_numcores', 'tm_maxmemory', 'tm_priority', 'tm_output_dataset', 'tm_task_warnings', 'tm_user_webdir', 'tm_scriptexe', 'tm_scriptargs', 'tm_extrajdl', 'tm_asourl', 'tm_collector', 'tm_schedd', 'tm_dry_run', 'tm_user_files', 'tm_transfer_outputs', 'tm_output_lfn', 'tm_ignore_locality', 'tm_fail_limit', 'tm_one_event_mode', 'tm_secondary_input_dataset', 'tm_primary_dataset', 'tm_last_publication', 'tm_debug_files', 'clusterid', 'tm_asodb', 'tm_ignore_global_blacklist', 'tm_submitter_ip_addr', 'tm_totalunits', 'tm_ddm_reqid', 'tm_user_config', 'tm_transfer_container', 'tm_transfer_rule', 'tm_publish_rule']}, 'result': ['231114_184719:lfavilla_crab_ZJetsToNuNu_HT1200To2500_2018', 'None', 'None', 'SUBMITTED', 'SUBMIT', '2023-11-14 18:47:19.647763', 'None', '2023-11-14 18:48:01.218504', 'None', 'CMSSW_12_6_0', 'slc7_amd64_gcc10', '/ZJetsToNuNu_HT-1200To2500_TuneCP5_13TeV-madgraphMLM-pythia8/RunIISummer20UL18NanoAODv9-106X_upgrade2018_realistic_v16_L1v1-v1/NANOAODSIM', 'T', '0', '[]', '[]', 'FileBased', "{'halt_job_on_file_boundaries': False, 'splitOnRun': False, 'files_per_job': 1, 'runs': [], 'lumis': []}", '84eb0a9db75cbee76b13231a44e0a98a8ff25a7b85513af51646939164642fcf.tar.gz', 'https://cmsweb.cern.ch/S3/crabcache_prod', 'lfavilla', '/DC=ch/DC=cern/OU=Organic Units/OU=Users/CN=lfavilla/CN=867090/CN=Leonardo Favilla', 'cms', 'None', 'None', 'ZJetsToNuNu_HT1200To2500_2018-00000000000000000000000000000000', 'F', 'T2_IT_Pisa', 'https://cmsweb.cern.ch/dbs/prod/global/DBSReader', 'https://cmsweb.cern.ch/dbs/prod/phys03/DBSWriter', 'F', '[]', '[]', "['tree_hadd.root']", 'Analysis', 'pythia', 'None', '{}', 'None', 'T', 'crab-prod-tw01', '[]', '2700', '1', '2000', '10', "['/ZJetsToNuNu_HT-1200To2500_TuneCP5_13TeV-madgraphMLM-pythia8/lfavilla-ZJetsToNuNu_HT1200To2500_2018-00000000000000000000000000000000/USER']", '[]', 'http://vocms0106.cern.ch/mon/lfavilla/231114_184719:lfavilla_crab_ZJetsToNuNu_HT1200To2500_2018', 'crab_script.sh', '[]', '[]', 'None', 'cmsgwms-collector-global.cern.ch:9620,cmsgwms-collector-global.fnal.gov:9620', 'crab3@vocms0106.cern.ch', 'F', '[]', 'T', '/store/user/lfavilla/DM_v0', 'F', 'None', 'F', 'None', 'ZJetsToNuNu_HT-1200To2500_TuneCP5_13TeV-madgraphMLM-pythia8', 'None', '2d9bcd320e2bc48ec31f057cac01e8deb95b1d192acafccd50d2da1375ab7d8e.tar.gz', '87745020', 'None', 'F', '137.138.154.184', '0.0', 'None', '{"partialdataset": false, "requireaccelerator": false, "acceleratorparams": null, "inputblocks": null}', 'None', 'None', 'None']}
INFO 2023-11-15 07:34:59.171 UTC: 	 CRAB project directory:		/afs/cern.ch/user/l/lfavilla/CMSSW_12_6_0/src/PhysicsTools/NanoAODTools/crab/crab_ZJetsToNuNu_HT1200To2500_2018
INFO 2023-11-15 07:34:59.171 UTC: 	 Task name:			231114_184719:lfavilla_crab_ZJetsToNuNu_HT1200To2500_2018
INFO 2023-11-15 07:34:59.171 UTC: 	 Grid scheduler - Task Worker:	crab3@vocms0106.cern.ch - crab-prod-tw01
INFO 2023-11-15 07:34:59.171 UTC: 	 Status on the CRAB server:	SUBMITTED
INFO 2023-11-15 07:34:59.171 UTC: 	 Task URL to use for HELP:	https://cmsweb.cern.ch/crabserver/ui/task/231114_184719%3Alfavilla_crab_ZJetsToNuNu_HT1200To2500_2018
INFO 2023-11-15 07:34:59.182 UTC: 	 Dashboard monitoring URL:	https://monit-grafana.cern.ch/d/cmsTMDetail/cms-task-monitoring-task-view?orgId=11&var-user=lfavilla&var-task=231114_184719%3Alfavilla_crab_ZJetsToNuNu_HT1200To2500_2018&from=1699984039000&to=now
DEBUG 2023-11-15 07:34:59.183 UTC: 	 The CRAB server submitted your task to the Grid scheduler (cluster ID: 87745020)
DEBUG 2023-11-15 07:34:59.183 UTC: 	 Webdir is located at http://vocms0106.cern.ch/mon/lfavilla/231114_184719:lfavilla_crab_ZJetsToNuNu_HT1200To2500_2018
DEBUG 2023-11-15 07:34:59.183 UTC: 	 Encoded data for curl request: subresource=webdirprx&workflow=231114_184719%3Alfavilla_crab_ZJetsToNuNu_HT1200To2500_2018
DEBUG 2023-11-15 07:34:59.286 UTC: 	 Proxied webdir is located at https://cmsweb.cern.ch:8443/scheddmon/0106/lfavilla/231114_184719:lfavilla_crab_ZJetsToNuNu_HT1200To2500_2018
DEBUG 2023-11-15 07:34:59.287 UTC: 	 Retrieving 'status_cache' file from https://cmsweb.cern.ch:8443/scheddmon/0106/lfavilla/231114_184719:lfavilla_crab_ZJetsToNuNu_HT1200To2500_2018/status_cache.pkl
DEBUG 2023-11-15 07:34:59.287 UTC: 	 Will execute:
curl -sS --capath /etc/grid-security/certificates --cert /tmp/x509up_u159320 --key /tmp/x509up_u159320 -o /tmp/crab_status-cache-2kkkwump.pkl -w %"{http_code}" "https://cmsweb.cern.ch:8443/scheddmon/0106/lfavilla/231114_184719:lfavilla_crab_ZJetsToNuNu_HT1200To2500_2018/status_cache.pkl"
DEBUG 2023-11-15 07:34:59.287 UTC: 	 Executing command :
 curl -sS --capath /etc/grid-security/certificates --cert /tmp/x509up_u159320 --key /tmp/x509up_u159320 -o /tmp/crab_status-cache-2kkkwump.pkl -w %"{http_code}" "https://cmsweb.cern.ch:8443/scheddmon/0106/lfavilla/231114_184719:lfavilla_crab_ZJetsToNuNu_HT1200To2500_2018/status_cache.pkl"
DEBUG 2023-11-15 07:34:59.367 UTC: 	 output : 200
 error: 
 retcode : 0
DEBUG 2023-11-15 07:34:59.367 UTC: 	 exitcode: 0
stdout: 200
stderr: 
error details: 
DEBUG 2023-11-15 07:34:59.368 UTC: 	 Got information from status cache file: {'1': {'Retries': 2, 'Restarts': 1, 'SiteHistory': ['Unknown', 'T2_KR_KISTI', 'T2_KR_KISTI', 'Unknown', 'T2_KR_KISTI', 'T2_US_Florida', 'T2_US_Florida'], 'ResidentSetSize': [44932, 45000, 1128832], 'SubmitTimes': [1699987689.0, -1, 1699993393.0], 'StartTimes': [1699990561.0, 1699993251.0, 1699993841.0], 'EndTimes': [1699992992.0, 1699993323.0, 1699995189.0], 'TotalUserCpuTimeHistory': [2.0, 17, 1021], 'TotalSysCpuTimeHistory': [0.0, 0, 29], 'WallDurations': [9.0, 193.37451243400574, 2431.0, 72.0, 0, 8.0, 1348.0], 'JobIds': ['87745022.0', '87745022.0', '87748122.0'], 'State': 'finished', 'RecordedSite': True}, '2': {'Retries': 0, 'Restarts': 0, 'SiteHistory': ['Unknown', 'T2_US_Nebraska', 'T2_US_Nebraska'], 'ResidentSetSize': [1189700], 'SubmitTimes': [1699987689.0], 'StartTimes': [1699990967.0], 'EndTimes': [1699992559.0], 'TotalUserCpuTimeHistory': [1311], 'TotalSysCpuTimeHistory': [88], 'WallDurations': [10.0, 88.33598232269287, 1592.0], 'JobIds': ['87745023.0'], 'State': 'finished', 'RecordedSite': True}, '3': {'Retries': 0, 'Restarts': 0, 'SiteHistory': ['Unknown', 'T2_US_Purdue', 'T2_US_Purdue'], 'ResidentSetSize': [921812], 'SubmitTimes': [1699987689.0], 'StartTimes': [1699988242.0], 'EndTimes': [1699989326.0], 'TotalUserCpuTimeHistory': [761], 'TotalSysCpuTimeHistory': [58], 'WallDurations': [9.0, 106.06970429420471, 1084.0], 'JobIds': ['87745024.0'], 'State': 'finished', 'RecordedSite': True}, '4': {'Retries': 0, 'Restarts': 0, 'SiteHistory': ['Unknown', 'T2_US_Purdue', 'T2_US_Purdue'], 'ResidentSetSize': [938728], 'SubmitTimes': [1699987689.0], 'StartTimes': [1699988738.0], 'EndTimes': [1699995287.0], 'TotalUserCpuTimeHistory': [6273], 'TotalSysCpuTimeHistory': [407], 'WallDurations': [9.0, 210.38102960586548, 6549.0], 'JobIds': ['87745025.0'], 'State': 'finished', 'RecordedSite': True}, '5': {'Retries': 0, 'Restarts': 0, 'SiteHistory': ['Unknown', 'T2_US_Purdue', 'T2_US_Purdue'], 'ResidentSetSize': [926576], 'SubmitTimes': [1699987689.0], 'StartTimes': [1699988981.0], 'EndTimes': [1699992372.0], 'TotalUserCpuTimeHistory': [3084], 'TotalSysCpuTimeHistory': [213], 'WallDurations': [9.0, 268.7166666984558, 3391.0], 'JobIds': ['87745026.0'], 'State': 'finished', 'RecordedSite': True}, '6': {'Retries': 0, 'Restarts': 0, 'SiteHistory': ['Unknown', 'T2_DE_RWTH', 'T2_DE_RWTH'], 'ResidentSetSize': [947180], 'SubmitTimes': [1699987689.0], 'StartTimes': [1699987952.0], 'EndTimes': [1699994108.0], 'TotalUserCpuTimeHistory': [6047], 'TotalSysCpuTimeHistory': [804], 'WallDurations': [8.0, 95.91103720664978, 6156.0], 'JobIds': ['87745027.0'], 'State': 'finished', 'RecordedSite': True}, '7': {'Retries': 2, 'Restarts': 0, 'SiteHistory': ['Unknown', 'T2_US_Purdue', 'T2_US_Purdue', 'T2_US_Purdue', 'T2_US_Purdue', 'Unknown', 'T2_US_Vanderbilt', 'T2_US_Vanderbilt'], 'ResidentSetSize': [951132, 629484, 828816], 'SubmitTimes': [1699987689.0, 1700003788.0, 1700004179.0], 'StartTimes': [1699988239.0, 1700003986.0, 1700004479.0], 'EndTimes': [1700001921.0, 1700004051.0, 1700026764.0], 'TotalUserCpuTimeHistory': [13493, 19, 19209], 'TotalSysCpuTimeHistory': [784, 1, 212], 'WallDurations': [9.0, 109.06970429420471, 13682.0, 8.0, 65.0, 9.0, 117.38180303573608, 22285.0], 'JobIds': ['87745028.0', '87752397.0', '87752423.0'], 'State': 'finished', 'RecordedSite': True}, '8': {'Retries': 0, 'Restarts': 0, 'SiteHistory': ['Unknown', 'T2_US_Purdue', 'T2_US_Purdue'], 'ResidentSetSize': [56656], 'SubmitTimes': [1699987689.0], 'StartTimes': [1699988239.0], 'EndTimes': [1699988717.0], 'TotalUserCpuTimeHistory': [164], 'TotalSysCpuTimeHistory': [13], 'WallDurations': [10.0, 109.06970429420471, 478.0], 'JobIds': ['87745029.0'], 'State': 'finished', 'RecordedSite': True}, '9': {'Retries': 0, 'Restarts': 0, 'SiteHistory': ['Unknown', 'T2_ES_CIEMAT', 'T2_ES_CIEMAT'], 'ResidentSetSize': [926480], 'SubmitTimes': [1699987689.0], 'StartTimes': [1699988213.0], 'EndTimes': [1699998944.0], 'TotalUserCpuTimeHistory': [10763], 'TotalSysCpuTimeHistory': [1611], 'WallDurations': [9.0, 135.0697042942047, 10731.0], 'JobIds': ['87745030.0'], 'State': 'finished', 'RecordedSite': True}, '10': {'Retries': 0, 'Restarts': 0, 'SiteHistory': ['Unknown', 'T2_EE_Estonia', 'T2_EE_Estonia'], 'ResidentSetSize': [781920], 'SubmitTimes': [1699987689.0], 'StartTimes': [1699987955.0], 'EndTimes': [1699995044.0], 'TotalUserCpuTimeHistory': [6998], 'TotalSysCpuTimeHistory': [482], 'WallDurations': [10.0, 92.91103720664978, 7089.0], 'JobIds': ['87745031.0'], 'State': 'finished', 'RecordedSite': True}}
INFO 2023-11-15 07:34:59.368 UTC: 	 Status on the scheduler:	COMPLETED
INFO 2023-11-15 07:34:59.368 UTC: 	 
Jobs status:                    finished     		100.0% (10/10)
INFO 2023-11-15 07:34:59.369 UTC: 	 
No publication information (publication has been disabled in the CRAB configuration file)
INFO 2023-11-15 07:34:59.369 UTC: 	 
Warning: the max jobs runtime is less than 30% of the task requested value (2700 min), please consider to request a lower value for failed jobs (allowed through crab resubmit) and/or improve the jobs splitting (e.g. config.Data.splitting = 'Automatic') in a new task.
INFO 2023-11-15 07:34:59.369 UTC: 	 
Summary of run jobs:
 * Memory: 55MB min, 1161MB max, 844MB ave
 * Runtime: 0:07:58 min, 6:11:25 max, 1:41:10 ave
 * CPU eff: 37% min, 115% max, 98% ave
 * Waste: 4:58:13 (23% of total)

INFO 2023-11-15 07:34:59.401 UTC: 	 Log file is /afs/cern.ch/user/l/lfavilla/CMSSW_12_6_0/src/PhysicsTools/NanoAODTools/crab/crab_ZJetsToNuNu_HT1200To2500_2018/crab.log
DEBUG 2023-11-15 11:05:57.705 UTC: 	 CRAB Client version: v3.231010
DEBUG 2023-11-15 11:05:57.705 UTC: 	 Running on: Linux lxplus743.cern.ch 3.10.0-1160.95.1.el7.x86_64 #1 SMP Mon Jul 24 13:59:37 UTC 2023 x86_64 x86_64 x86_64 GNU/Linux - CentOS Linux 7 (Core)
DEBUG 2023-11-15 11:05:57.705 UTC: 	 Executing command: 'status'
DEBUG 2023-11-15 11:05:57.705 UTC: 	 Found CRAB cache file /afs/cern.ch/user/l/lfavilla/.crab3
DEBUG 2023-11-15 11:05:57.782 UTC: 	 Checking credentials
DEBUG 2023-11-15 11:05:57.782 UTC: 	 Found proxy file /tmp/x509up_u159320
DEBUG 2023-11-15 11:05:57.782 UTC: 	 Making sure it has proper VOMS extension
DEBUG 2023-11-15 11:05:57.782 UTC: 	 Executing command :
 voms-proxy-info --vo --file /tmp/x509up_u159320
DEBUG 2023-11-15 11:05:58.213 UTC: 	 output : cms

 error: 
 retcode : 0
DEBUG 2023-11-15 11:05:58.213 UTC: 	 Getting proxy life time left
DEBUG 2023-11-15 11:05:58.213 UTC: 	 Executing command :
 voms-proxy-info --actimeleft --timeleft --file /tmp/x509up_u159320
DEBUG 2023-11-15 11:05:58.621 UTC: 	 output : 42788
42788

 error: 
 retcode : 0
DEBUG 2023-11-15 11:05:58.622 UTC: 	 Proxy valid for 11:53:08 hours
DEBUG 2023-11-15 11:05:58.696 UTC: 	 Encoded data for curl request: subresource=delegatedn
DEBUG 2023-11-15 11:05:58.772 UTC: 	 Registering user credentials on myproxy for /DC=ch/DC=cern/OU=computers/CN=crab-(preprod|prod|dev)-tw(01|02|03).cern.ch|/DC=ch/DC=cern/OU=computers/CN=stefanov(m|m2).cern.ch|/DC=ch/DC=cern/OU=computers/CN=dciangot-tw.cern.ch
DEBUG 2023-11-15 11:05:58.773 UTC: 	 Executing command :
 voms-proxy-info --identity --file /tmp/x509up_u159320
DEBUG 2023-11-15 11:05:59.237 UTC: 	 output : /DC=ch/DC=cern/OU=Organic Units/OU=Users/CN=lfavilla/CN=867090/CN=Leonardo Favilla

 error: 
 retcode : 0
DEBUG 2023-11-15 11:05:59.237 UTC: 	 Getting myproxy life time left for 70284ad9de3a40585c76dbf527363be004fcbd17
DEBUG 2023-11-15 11:05:59.237 UTC: 	 Executing command :
 myproxy-info -s myproxy.cern.ch -l 70284ad9de3a40585c76dbf527363be004fcbd17
DEBUG 2023-11-15 11:05:59.447 UTC: 	 output : username: 70284ad9de3a40585c76dbf527363be004fcbd17
owner: /DC=ch/DC=cern/OU=Organic Units/OU=Users/CN=lfavilla/CN=867090/CN=Leonardo Favilla
  renewal policy: /DC=ch/DC=cern/OU=computers/CN=crab-(preprod|prod|dev)-tw(01|02|03).cern.ch|/DC=ch/DC=cern/OU=computers/CN=stefanov(m|m2).cern.ch|/DC=ch/DC=cern/OU=computers/CN=dciangot-tw.cern.ch
  trusted retrieval policy: /DC=ch/DC=cern/OU=computers/CN=crab-(preprod|prod|dev)-tw(01|02|03).cern.ch|/DC=ch/DC=cern/OU=computers/CN=stefanov(m|m2).cern.ch|/DC=ch/DC=cern/OU=computers/CN=dciangot-tw.cern.ch
  timeleft: 383:38:21  (16.0 days)

 error: 
 retcode : 0
DEBUG 2023-11-15 11:05:59.447 UTC: 	 Myproxy is valid: 1381080
DEBUG 2023-11-15 11:05:59.447 UTC: 	 Result of myproxy credential check:
  Credential exists on myproxy: username: 70284ad9de3a40585c76dbf527363be004fcbd17  - validity: 15 days, 23:38:00
DEBUG 2023-11-15 11:05:59.448 UTC: 	 Command use: status
DEBUG 2023-11-15 11:05:59.448 UTC: 	 Options use: ['-d', 'crab_ZJetsToNuNu_HT1200To2500_2018']
DEBUG 2023-11-15 11:05:59.448 UTC: 	 Encoded data for curl request: subresource=version
DEBUG 2023-11-15 11:05:59.494 UTC: 	 CRABClient version: v3.231010
DEBUG 2023-11-15 11:05:59.494 UTC: 	 Instance is prod
DEBUG 2023-11-15 11:05:59.494 UTC: 	 Server base url is cmsweb.cern.ch
DEBUG 2023-11-15 11:05:59.494 UTC: 	 Command api workflow
DEBUG 2023-11-15 11:05:59.494 UTC: 	 Encoded data for curl request: subresource=search&workflow=231114_184719%3Alfavilla_crab_ZJetsToNuNu_HT1200To2500_2018
DEBUG 2023-11-15 11:05:59.556 UTC: 	 Got information from server oracle database: {'desc': {'columns': ['tm_taskname', 'tm_activity', 'panda_jobset_id', 'tm_task_status', 'tm_task_command', 'tm_start_time', 'tm_start_injection', 'tm_end_injection', 'tm_task_failure', 'tm_job_sw', 'tm_job_arch', 'tm_input_dataset', 'tm_nonvalid_input_dataset', 'tm_use_parent', 'tm_site_whitelist', 'tm_site_blacklist', 'tm_split_algo', 'tm_split_args', 'tm_user_sandbox', 'tm_cache_url', 'tm_username', 'tm_user_dn', 'tm_user_vo', 'tm_user_role', 'tm_user_group', 'tm_publish_name', 'tm_publish_groupname', 'tm_asyncdest', 'tm_dbs_url', 'tm_publish_dbs_url', 'tm_publication', 'tm_outfiles', 'tm_tfile_outfiles', 'tm_edm_outfiles', 'tm_job_type', 'tm_generator', 'tm_events_per_lumi', 'tm_arguments', 'panda_resubmitted_jobs', 'tm_save_logs', 'tw_name', 'tm_user_infiles', 'tm_maxjobruntime', 'tm_numcores', 'tm_maxmemory', 'tm_priority', 'tm_output_dataset', 'tm_task_warnings', 'tm_user_webdir', 'tm_scriptexe', 'tm_scriptargs', 'tm_extrajdl', 'tm_asourl', 'tm_collector', 'tm_schedd', 'tm_dry_run', 'tm_user_files', 'tm_transfer_outputs', 'tm_output_lfn', 'tm_ignore_locality', 'tm_fail_limit', 'tm_one_event_mode', 'tm_secondary_input_dataset', 'tm_primary_dataset', 'tm_last_publication', 'tm_debug_files', 'clusterid', 'tm_asodb', 'tm_ignore_global_blacklist', 'tm_submitter_ip_addr', 'tm_totalunits', 'tm_ddm_reqid', 'tm_user_config', 'tm_transfer_container', 'tm_transfer_rule', 'tm_publish_rule']}, 'result': ['231114_184719:lfavilla_crab_ZJetsToNuNu_HT1200To2500_2018', 'None', 'None', 'SUBMITTED', 'SUBMIT', '2023-11-14 18:47:19.647763', 'None', '2023-11-14 18:48:01.218504', 'None', 'CMSSW_12_6_0', 'slc7_amd64_gcc10', '/ZJetsToNuNu_HT-1200To2500_TuneCP5_13TeV-madgraphMLM-pythia8/RunIISummer20UL18NanoAODv9-106X_upgrade2018_realistic_v16_L1v1-v1/NANOAODSIM', 'T', '0', '[]', '[]', 'FileBased', "{'halt_job_on_file_boundaries': False, 'splitOnRun': False, 'files_per_job': 1, 'runs': [], 'lumis': []}", '84eb0a9db75cbee76b13231a44e0a98a8ff25a7b85513af51646939164642fcf.tar.gz', 'https://cmsweb.cern.ch/S3/crabcache_prod', 'lfavilla', '/DC=ch/DC=cern/OU=Organic Units/OU=Users/CN=lfavilla/CN=867090/CN=Leonardo Favilla', 'cms', 'None', 'None', 'ZJetsToNuNu_HT1200To2500_2018-00000000000000000000000000000000', 'F', 'T2_IT_Pisa', 'https://cmsweb.cern.ch/dbs/prod/global/DBSReader', 'https://cmsweb.cern.ch/dbs/prod/phys03/DBSWriter', 'F', '[]', '[]', "['tree_hadd.root']", 'Analysis', 'pythia', 'None', '{}', 'None', 'T', 'crab-prod-tw01', '[]', '2700', '1', '2000', '10', "['/ZJetsToNuNu_HT-1200To2500_TuneCP5_13TeV-madgraphMLM-pythia8/lfavilla-ZJetsToNuNu_HT1200To2500_2018-00000000000000000000000000000000/USER']", '[]', 'http://vocms0106.cern.ch/mon/lfavilla/231114_184719:lfavilla_crab_ZJetsToNuNu_HT1200To2500_2018', 'crab_script.sh', '[]', '[]', 'None', 'cmsgwms-collector-global.cern.ch:9620,cmsgwms-collector-global.fnal.gov:9620', 'crab3@vocms0106.cern.ch', 'F', '[]', 'T', '/store/user/lfavilla/DM_v0', 'F', 'None', 'F', 'None', 'ZJetsToNuNu_HT-1200To2500_TuneCP5_13TeV-madgraphMLM-pythia8', 'None', '2d9bcd320e2bc48ec31f057cac01e8deb95b1d192acafccd50d2da1375ab7d8e.tar.gz', '87745020', 'None', 'F', '137.138.154.184', '0.0', 'None', '{"partialdataset": false, "requireaccelerator": false, "acceleratorparams": null, "inputblocks": null}', 'None', 'None', 'None']}
INFO 2023-11-15 11:05:59.556 UTC: 	 CRAB project directory:		/afs/cern.ch/user/l/lfavilla/CMSSW_12_6_0/src/PhysicsTools/NanoAODTools/crab/crab_ZJetsToNuNu_HT1200To2500_2018
INFO 2023-11-15 11:05:59.557 UTC: 	 Task name:			231114_184719:lfavilla_crab_ZJetsToNuNu_HT1200To2500_2018
INFO 2023-11-15 11:05:59.557 UTC: 	 Grid scheduler - Task Worker:	crab3@vocms0106.cern.ch - crab-prod-tw01
INFO 2023-11-15 11:05:59.557 UTC: 	 Status on the CRAB server:	SUBMITTED
INFO 2023-11-15 11:05:59.557 UTC: 	 Task URL to use for HELP:	https://cmsweb.cern.ch/crabserver/ui/task/231114_184719%3Alfavilla_crab_ZJetsToNuNu_HT1200To2500_2018
INFO 2023-11-15 11:05:59.564 UTC: 	 Dashboard monitoring URL:	https://monit-grafana.cern.ch/d/cmsTMDetail/cms-task-monitoring-task-view?orgId=11&var-user=lfavilla&var-task=231114_184719%3Alfavilla_crab_ZJetsToNuNu_HT1200To2500_2018&from=1699984039000&to=now
DEBUG 2023-11-15 11:05:59.564 UTC: 	 The CRAB server submitted your task to the Grid scheduler (cluster ID: 87745020)
DEBUG 2023-11-15 11:05:59.564 UTC: 	 Webdir is located at http://vocms0106.cern.ch/mon/lfavilla/231114_184719:lfavilla_crab_ZJetsToNuNu_HT1200To2500_2018
DEBUG 2023-11-15 11:05:59.564 UTC: 	 Encoded data for curl request: subresource=webdirprx&workflow=231114_184719%3Alfavilla_crab_ZJetsToNuNu_HT1200To2500_2018
DEBUG 2023-11-15 11:05:59.659 UTC: 	 Proxied webdir is located at https://cmsweb.cern.ch:8443/scheddmon/0106/lfavilla/231114_184719:lfavilla_crab_ZJetsToNuNu_HT1200To2500_2018
DEBUG 2023-11-15 11:05:59.669 UTC: 	 Retrieving 'status_cache' file from https://cmsweb.cern.ch:8443/scheddmon/0106/lfavilla/231114_184719:lfavilla_crab_ZJetsToNuNu_HT1200To2500_2018/status_cache.pkl
DEBUG 2023-11-15 11:05:59.669 UTC: 	 Will execute:
curl -sS --capath /etc/grid-security/certificates --cert /tmp/x509up_u159320 --key /tmp/x509up_u159320 -o /tmp/crab_status-cache-9t2zh7fd.pkl -w %"{http_code}" "https://cmsweb.cern.ch:8443/scheddmon/0106/lfavilla/231114_184719:lfavilla_crab_ZJetsToNuNu_HT1200To2500_2018/status_cache.pkl"
DEBUG 2023-11-15 11:05:59.669 UTC: 	 Executing command :
 curl -sS --capath /etc/grid-security/certificates --cert /tmp/x509up_u159320 --key /tmp/x509up_u159320 -o /tmp/crab_status-cache-9t2zh7fd.pkl -w %"{http_code}" "https://cmsweb.cern.ch:8443/scheddmon/0106/lfavilla/231114_184719:lfavilla_crab_ZJetsToNuNu_HT1200To2500_2018/status_cache.pkl"
DEBUG 2023-11-15 11:05:59.701 UTC: 	 output : 200
 error: 
 retcode : 0
DEBUG 2023-11-15 11:05:59.702 UTC: 	 exitcode: 0
stdout: 200
stderr: 
error details: 
DEBUG 2023-11-15 11:05:59.702 UTC: 	 Got information from status cache file: {'1': {'Retries': 2, 'Restarts': 1, 'SiteHistory': ['Unknown', 'T2_KR_KISTI', 'T2_KR_KISTI', 'Unknown', 'T2_KR_KISTI', 'T2_US_Florida', 'T2_US_Florida'], 'ResidentSetSize': [44932, 45000, 1128832], 'SubmitTimes': [1699987689.0, -1, 1699993393.0], 'StartTimes': [1699990561.0, 1699993251.0, 1699993841.0], 'EndTimes': [1699992992.0, 1699993323.0, 1699995189.0], 'TotalUserCpuTimeHistory': [2.0, 17, 1021], 'TotalSysCpuTimeHistory': [0.0, 0, 29], 'WallDurations': [9.0, 193.37451243400574, 2431.0, 72.0, 0, 8.0, 1348.0], 'JobIds': ['87745022.0', '87745022.0', '87748122.0'], 'State': 'finished', 'RecordedSite': True}, '2': {'Retries': 0, 'Restarts': 0, 'SiteHistory': ['Unknown', 'T2_US_Nebraska', 'T2_US_Nebraska'], 'ResidentSetSize': [1189700], 'SubmitTimes': [1699987689.0], 'StartTimes': [1699990967.0], 'EndTimes': [1699992559.0], 'TotalUserCpuTimeHistory': [1311], 'TotalSysCpuTimeHistory': [88], 'WallDurations': [10.0, 88.33598232269287, 1592.0], 'JobIds': ['87745023.0'], 'State': 'finished', 'RecordedSite': True}, '3': {'Retries': 0, 'Restarts': 0, 'SiteHistory': ['Unknown', 'T2_US_Purdue', 'T2_US_Purdue'], 'ResidentSetSize': [921812], 'SubmitTimes': [1699987689.0], 'StartTimes': [1699988242.0], 'EndTimes': [1699989326.0], 'TotalUserCpuTimeHistory': [761], 'TotalSysCpuTimeHistory': [58], 'WallDurations': [9.0, 106.06970429420471, 1084.0], 'JobIds': ['87745024.0'], 'State': 'finished', 'RecordedSite': True}, '4': {'Retries': 0, 'Restarts': 0, 'SiteHistory': ['Unknown', 'T2_US_Purdue', 'T2_US_Purdue'], 'ResidentSetSize': [938728], 'SubmitTimes': [1699987689.0], 'StartTimes': [1699988738.0], 'EndTimes': [1699995287.0], 'TotalUserCpuTimeHistory': [6273], 'TotalSysCpuTimeHistory': [407], 'WallDurations': [9.0, 210.38102960586548, 6549.0], 'JobIds': ['87745025.0'], 'State': 'finished', 'RecordedSite': True}, '5': {'Retries': 0, 'Restarts': 0, 'SiteHistory': ['Unknown', 'T2_US_Purdue', 'T2_US_Purdue'], 'ResidentSetSize': [926576], 'SubmitTimes': [1699987689.0], 'StartTimes': [1699988981.0], 'EndTimes': [1699992372.0], 'TotalUserCpuTimeHistory': [3084], 'TotalSysCpuTimeHistory': [213], 'WallDurations': [9.0, 268.7166666984558, 3391.0], 'JobIds': ['87745026.0'], 'State': 'finished', 'RecordedSite': True}, '6': {'Retries': 0, 'Restarts': 0, 'SiteHistory': ['Unknown', 'T2_DE_RWTH', 'T2_DE_RWTH'], 'ResidentSetSize': [947180], 'SubmitTimes': [1699987689.0], 'StartTimes': [1699987952.0], 'EndTimes': [1699994108.0], 'TotalUserCpuTimeHistory': [6047], 'TotalSysCpuTimeHistory': [804], 'WallDurations': [8.0, 95.91103720664978, 6156.0], 'JobIds': ['87745027.0'], 'State': 'finished', 'RecordedSite': True}, '7': {'Retries': 2, 'Restarts': 0, 'SiteHistory': ['Unknown', 'T2_US_Purdue', 'T2_US_Purdue', 'T2_US_Purdue', 'T2_US_Purdue', 'Unknown', 'T2_US_Vanderbilt', 'T2_US_Vanderbilt'], 'ResidentSetSize': [951132, 629484, 828816], 'SubmitTimes': [1699987689.0, 1700003788.0, 1700004179.0], 'StartTimes': [1699988239.0, 1700003986.0, 1700004479.0], 'EndTimes': [1700001921.0, 1700004051.0, 1700026764.0], 'TotalUserCpuTimeHistory': [13493, 19, 19209], 'TotalSysCpuTimeHistory': [784, 1, 212], 'WallDurations': [9.0, 109.06970429420471, 13682.0, 8.0, 65.0, 9.0, 117.38180303573608, 22285.0], 'JobIds': ['87745028.0', '87752397.0', '87752423.0'], 'State': 'finished', 'RecordedSite': True}, '8': {'Retries': 0, 'Restarts': 0, 'SiteHistory': ['Unknown', 'T2_US_Purdue', 'T2_US_Purdue'], 'ResidentSetSize': [56656], 'SubmitTimes': [1699987689.0], 'StartTimes': [1699988239.0], 'EndTimes': [1699988717.0], 'TotalUserCpuTimeHistory': [164], 'TotalSysCpuTimeHistory': [13], 'WallDurations': [10.0, 109.06970429420471, 478.0], 'JobIds': ['87745029.0'], 'State': 'finished', 'RecordedSite': True}, '9': {'Retries': 0, 'Restarts': 0, 'SiteHistory': ['Unknown', 'T2_ES_CIEMAT', 'T2_ES_CIEMAT'], 'ResidentSetSize': [926480], 'SubmitTimes': [1699987689.0], 'StartTimes': [1699988213.0], 'EndTimes': [1699998944.0], 'TotalUserCpuTimeHistory': [10763], 'TotalSysCpuTimeHistory': [1611], 'WallDurations': [9.0, 135.0697042942047, 10731.0], 'JobIds': ['87745030.0'], 'State': 'finished', 'RecordedSite': True}, '10': {'Retries': 0, 'Restarts': 0, 'SiteHistory': ['Unknown', 'T2_EE_Estonia', 'T2_EE_Estonia'], 'ResidentSetSize': [781920], 'SubmitTimes': [1699987689.0], 'StartTimes': [1699987955.0], 'EndTimes': [1699995044.0], 'TotalUserCpuTimeHistory': [6998], 'TotalSysCpuTimeHistory': [482], 'WallDurations': [10.0, 92.91103720664978, 7089.0], 'JobIds': ['87745031.0'], 'State': 'finished', 'RecordedSite': True}}
INFO 2023-11-15 11:05:59.702 UTC: 	 Status on the scheduler:	COMPLETED
INFO 2023-11-15 11:05:59.702 UTC: 	 
Jobs status:                    finished     		100.0% (10/10)
INFO 2023-11-15 11:05:59.702 UTC: 	 
No publication information (publication has been disabled in the CRAB configuration file)
INFO 2023-11-15 11:05:59.702 UTC: 	 
Warning: the max jobs runtime is less than 30% of the task requested value (2700 min), please consider to request a lower value for failed jobs (allowed through crab resubmit) and/or improve the jobs splitting (e.g. config.Data.splitting = 'Automatic') in a new task.
INFO 2023-11-15 11:05:59.702 UTC: 	 
Summary of run jobs:
 * Memory: 55MB min, 1161MB max, 844MB ave
 * Runtime: 0:07:58 min, 6:11:25 max, 1:41:10 ave
 * CPU eff: 37% min, 115% max, 98% ave
 * Waste: 4:58:13 (23% of total)

INFO 2023-11-15 11:05:59.763 UTC: 	 Log file is /afs/cern.ch/user/l/lfavilla/CMSSW_12_6_0/src/PhysicsTools/NanoAODTools/crab/crab_ZJetsToNuNu_HT1200To2500_2018/crab.log
DEBUG 2023-11-15 13:39:25.363 UTC: 	 CRAB Client version: v3.231010
DEBUG 2023-11-15 13:39:25.363 UTC: 	 Running on: Linux lxplus743.cern.ch 3.10.0-1160.95.1.el7.x86_64 #1 SMP Mon Jul 24 13:59:37 UTC 2023 x86_64 x86_64 x86_64 GNU/Linux - CentOS Linux 7 (Core)
DEBUG 2023-11-15 13:39:25.363 UTC: 	 Executing command: 'status'
DEBUG 2023-11-15 13:39:25.363 UTC: 	 Found CRAB cache file /afs/cern.ch/user/l/lfavilla/.crab3
DEBUG 2023-11-15 13:39:25.387 UTC: 	 Checking credentials
DEBUG 2023-11-15 13:39:25.387 UTC: 	 Found proxy file /tmp/x509up_u159320
DEBUG 2023-11-15 13:39:25.387 UTC: 	 Making sure it has proper VOMS extension
DEBUG 2023-11-15 13:39:25.387 UTC: 	 Executing command :
 voms-proxy-info --vo --file /tmp/x509up_u159320
DEBUG 2023-11-15 13:39:25.797 UTC: 	 output : cms

 error: 
 retcode : 0
DEBUG 2023-11-15 13:39:25.798 UTC: 	 Getting proxy life time left
DEBUG 2023-11-15 13:39:25.798 UTC: 	 Executing command :
 voms-proxy-info --actimeleft --timeleft --file /tmp/x509up_u159320
DEBUG 2023-11-15 13:39:26.181 UTC: 	 output : 33580
33580

 error: 
 retcode : 0
DEBUG 2023-11-15 13:39:26.182 UTC: 	 Proxy valid for 09:19:40 hours
DEBUG 2023-11-15 13:39:26.201 UTC: 	 Encoded data for curl request: subresource=delegatedn
DEBUG 2023-11-15 13:39:26.284 UTC: 	 Registering user credentials on myproxy for /DC=ch/DC=cern/OU=computers/CN=crab-(preprod|prod|dev)-tw(01|02|03).cern.ch|/DC=ch/DC=cern/OU=computers/CN=stefanov(m|m2).cern.ch|/DC=ch/DC=cern/OU=computers/CN=dciangot-tw.cern.ch
DEBUG 2023-11-15 13:39:26.284 UTC: 	 Executing command :
 voms-proxy-info --identity --file /tmp/x509up_u159320
DEBUG 2023-11-15 13:39:26.674 UTC: 	 output : /DC=ch/DC=cern/OU=Organic Units/OU=Users/CN=lfavilla/CN=867090/CN=Leonardo Favilla

 error: 
 retcode : 0
DEBUG 2023-11-15 13:39:26.674 UTC: 	 Getting myproxy life time left for 70284ad9de3a40585c76dbf527363be004fcbd17
DEBUG 2023-11-15 13:39:26.674 UTC: 	 Executing command :
 myproxy-info -s myproxy.cern.ch -l 70284ad9de3a40585c76dbf527363be004fcbd17
DEBUG 2023-11-15 13:39:26.866 UTC: 	 output : username: 70284ad9de3a40585c76dbf527363be004fcbd17
owner: /DC=ch/DC=cern/OU=Organic Units/OU=Users/CN=lfavilla/CN=867090/CN=Leonardo Favilla
  renewal policy: /DC=ch/DC=cern/OU=computers/CN=crab-(preprod|prod|dev)-tw(01|02|03).cern.ch|/DC=ch/DC=cern/OU=computers/CN=stefanov(m|m2).cern.ch|/DC=ch/DC=cern/OU=computers/CN=dciangot-tw.cern.ch
  trusted retrieval policy: /DC=ch/DC=cern/OU=computers/CN=crab-(preprod|prod|dev)-tw(01|02|03).cern.ch|/DC=ch/DC=cern/OU=computers/CN=stefanov(m|m2).cern.ch|/DC=ch/DC=cern/OU=computers/CN=dciangot-tw.cern.ch
  timeleft: 381:04:54  (15.9 days)

 error: 
 retcode : 0
DEBUG 2023-11-15 13:39:26.867 UTC: 	 Myproxy is valid: 1371840
DEBUG 2023-11-15 13:39:26.867 UTC: 	 Result of myproxy credential check:
  Credential exists on myproxy: username: 70284ad9de3a40585c76dbf527363be004fcbd17  - validity: 15 days, 21:04:00
DEBUG 2023-11-15 13:39:26.867 UTC: 	 Command use: status
DEBUG 2023-11-15 13:39:26.867 UTC: 	 Options use: ['-d', 'crab_ZJetsToNuNu_HT1200To2500_2018']
DEBUG 2023-11-15 13:39:26.867 UTC: 	 Encoded data for curl request: subresource=version
DEBUG 2023-11-15 13:39:26.905 UTC: 	 CRABClient version: v3.231010
DEBUG 2023-11-15 13:39:26.905 UTC: 	 Instance is prod
DEBUG 2023-11-15 13:39:26.905 UTC: 	 Server base url is cmsweb.cern.ch
DEBUG 2023-11-15 13:39:26.905 UTC: 	 Command api workflow
DEBUG 2023-11-15 13:39:26.905 UTC: 	 Encoded data for curl request: subresource=search&workflow=231114_184719%3Alfavilla_crab_ZJetsToNuNu_HT1200To2500_2018
DEBUG 2023-11-15 13:39:27.003 UTC: 	 Got information from server oracle database: {'desc': {'columns': ['tm_taskname', 'tm_activity', 'panda_jobset_id', 'tm_task_status', 'tm_task_command', 'tm_start_time', 'tm_start_injection', 'tm_end_injection', 'tm_task_failure', 'tm_job_sw', 'tm_job_arch', 'tm_input_dataset', 'tm_nonvalid_input_dataset', 'tm_use_parent', 'tm_site_whitelist', 'tm_site_blacklist', 'tm_split_algo', 'tm_split_args', 'tm_user_sandbox', 'tm_cache_url', 'tm_username', 'tm_user_dn', 'tm_user_vo', 'tm_user_role', 'tm_user_group', 'tm_publish_name', 'tm_publish_groupname', 'tm_asyncdest', 'tm_dbs_url', 'tm_publish_dbs_url', 'tm_publication', 'tm_outfiles', 'tm_tfile_outfiles', 'tm_edm_outfiles', 'tm_job_type', 'tm_generator', 'tm_events_per_lumi', 'tm_arguments', 'panda_resubmitted_jobs', 'tm_save_logs', 'tw_name', 'tm_user_infiles', 'tm_maxjobruntime', 'tm_numcores', 'tm_maxmemory', 'tm_priority', 'tm_output_dataset', 'tm_task_warnings', 'tm_user_webdir', 'tm_scriptexe', 'tm_scriptargs', 'tm_extrajdl', 'tm_asourl', 'tm_collector', 'tm_schedd', 'tm_dry_run', 'tm_user_files', 'tm_transfer_outputs', 'tm_output_lfn', 'tm_ignore_locality', 'tm_fail_limit', 'tm_one_event_mode', 'tm_secondary_input_dataset', 'tm_primary_dataset', 'tm_last_publication', 'tm_debug_files', 'clusterid', 'tm_asodb', 'tm_ignore_global_blacklist', 'tm_submitter_ip_addr', 'tm_totalunits', 'tm_ddm_reqid', 'tm_user_config', 'tm_transfer_container', 'tm_transfer_rule', 'tm_publish_rule']}, 'result': ['231114_184719:lfavilla_crab_ZJetsToNuNu_HT1200To2500_2018', 'None', 'None', 'SUBMITTED', 'SUBMIT', '2023-11-14 18:47:19.647763', 'None', '2023-11-14 18:48:01.218504', 'None', 'CMSSW_12_6_0', 'slc7_amd64_gcc10', '/ZJetsToNuNu_HT-1200To2500_TuneCP5_13TeV-madgraphMLM-pythia8/RunIISummer20UL18NanoAODv9-106X_upgrade2018_realistic_v16_L1v1-v1/NANOAODSIM', 'T', '0', '[]', '[]', 'FileBased', "{'halt_job_on_file_boundaries': False, 'splitOnRun': False, 'files_per_job': 1, 'runs': [], 'lumis': []}", '84eb0a9db75cbee76b13231a44e0a98a8ff25a7b85513af51646939164642fcf.tar.gz', 'https://cmsweb.cern.ch/S3/crabcache_prod', 'lfavilla', '/DC=ch/DC=cern/OU=Organic Units/OU=Users/CN=lfavilla/CN=867090/CN=Leonardo Favilla', 'cms', 'None', 'None', 'ZJetsToNuNu_HT1200To2500_2018-00000000000000000000000000000000', 'F', 'T2_IT_Pisa', 'https://cmsweb.cern.ch/dbs/prod/global/DBSReader', 'https://cmsweb.cern.ch/dbs/prod/phys03/DBSWriter', 'F', '[]', '[]', "['tree_hadd.root']", 'Analysis', 'pythia', 'None', '{}', 'None', 'T', 'crab-prod-tw01', '[]', '2700', '1', '2000', '10', "['/ZJetsToNuNu_HT-1200To2500_TuneCP5_13TeV-madgraphMLM-pythia8/lfavilla-ZJetsToNuNu_HT1200To2500_2018-00000000000000000000000000000000/USER']", '[]', 'http://vocms0106.cern.ch/mon/lfavilla/231114_184719:lfavilla_crab_ZJetsToNuNu_HT1200To2500_2018', 'crab_script.sh', '[]', '[]', 'None', 'cmsgwms-collector-global.cern.ch:9620,cmsgwms-collector-global.fnal.gov:9620', 'crab3@vocms0106.cern.ch', 'F', '[]', 'T', '/store/user/lfavilla/DM_v0', 'F', 'None', 'F', 'None', 'ZJetsToNuNu_HT-1200To2500_TuneCP5_13TeV-madgraphMLM-pythia8', 'None', '2d9bcd320e2bc48ec31f057cac01e8deb95b1d192acafccd50d2da1375ab7d8e.tar.gz', '87745020', 'None', 'F', '137.138.154.184', '0.0', 'None', '{"partialdataset": false, "requireaccelerator": false, "acceleratorparams": null, "inputblocks": null}', 'None', 'None', 'None']}
INFO 2023-11-15 13:39:27.003 UTC: 	 CRAB project directory:		/afs/cern.ch/user/l/lfavilla/CMSSW_12_6_0/src/PhysicsTools/NanoAODTools/crab/crab_ZJetsToNuNu_HT1200To2500_2018
INFO 2023-11-15 13:39:27.003 UTC: 	 Task name:			231114_184719:lfavilla_crab_ZJetsToNuNu_HT1200To2500_2018
INFO 2023-11-15 13:39:27.003 UTC: 	 Grid scheduler - Task Worker:	crab3@vocms0106.cern.ch - crab-prod-tw01
INFO 2023-11-15 13:39:27.003 UTC: 	 Status on the CRAB server:	SUBMITTED
INFO 2023-11-15 13:39:27.003 UTC: 	 Task URL to use for HELP:	https://cmsweb.cern.ch/crabserver/ui/task/231114_184719%3Alfavilla_crab_ZJetsToNuNu_HT1200To2500_2018
INFO 2023-11-15 13:39:27.009 UTC: 	 Dashboard monitoring URL:	https://monit-grafana.cern.ch/d/cmsTMDetail/cms-task-monitoring-task-view?orgId=11&var-user=lfavilla&var-task=231114_184719%3Alfavilla_crab_ZJetsToNuNu_HT1200To2500_2018&from=1699984039000&to=now
DEBUG 2023-11-15 13:39:27.010 UTC: 	 The CRAB server submitted your task to the Grid scheduler (cluster ID: 87745020)
DEBUG 2023-11-15 13:39:27.010 UTC: 	 Webdir is located at http://vocms0106.cern.ch/mon/lfavilla/231114_184719:lfavilla_crab_ZJetsToNuNu_HT1200To2500_2018
DEBUG 2023-11-15 13:39:27.010 UTC: 	 Encoded data for curl request: subresource=webdirprx&workflow=231114_184719%3Alfavilla_crab_ZJetsToNuNu_HT1200To2500_2018
DEBUG 2023-11-15 13:39:27.056 UTC: 	 Proxied webdir is located at https://cmsweb.cern.ch:8443/scheddmon/0106/lfavilla/231114_184719:lfavilla_crab_ZJetsToNuNu_HT1200To2500_2018
DEBUG 2023-11-15 13:39:27.058 UTC: 	 Retrieving 'status_cache' file from https://cmsweb.cern.ch:8443/scheddmon/0106/lfavilla/231114_184719:lfavilla_crab_ZJetsToNuNu_HT1200To2500_2018/status_cache.pkl
DEBUG 2023-11-15 13:39:27.058 UTC: 	 Will execute:
curl -sS --capath /etc/grid-security/certificates --cert /tmp/x509up_u159320 --key /tmp/x509up_u159320 -o /tmp/crab_status-cache-7spoijrm.pkl -w %"{http_code}" "https://cmsweb.cern.ch:8443/scheddmon/0106/lfavilla/231114_184719:lfavilla_crab_ZJetsToNuNu_HT1200To2500_2018/status_cache.pkl"
DEBUG 2023-11-15 13:39:27.058 UTC: 	 Executing command :
 curl -sS --capath /etc/grid-security/certificates --cert /tmp/x509up_u159320 --key /tmp/x509up_u159320 -o /tmp/crab_status-cache-7spoijrm.pkl -w %"{http_code}" "https://cmsweb.cern.ch:8443/scheddmon/0106/lfavilla/231114_184719:lfavilla_crab_ZJetsToNuNu_HT1200To2500_2018/status_cache.pkl"
DEBUG 2023-11-15 13:39:27.117 UTC: 	 output : 200
 error: 
 retcode : 0
DEBUG 2023-11-15 13:39:27.117 UTC: 	 exitcode: 0
stdout: 200
stderr: 
error details: 
DEBUG 2023-11-15 13:39:27.117 UTC: 	 Got information from status cache file: {'1': {'Retries': 2, 'Restarts': 1, 'SiteHistory': ['Unknown', 'T2_KR_KISTI', 'T2_KR_KISTI', 'Unknown', 'T2_KR_KISTI', 'T2_US_Florida', 'T2_US_Florida'], 'ResidentSetSize': [44932, 45000, 1128832], 'SubmitTimes': [1699987689.0, -1, 1699993393.0], 'StartTimes': [1699990561.0, 1699993251.0, 1699993841.0], 'EndTimes': [1699992992.0, 1699993323.0, 1699995189.0], 'TotalUserCpuTimeHistory': [2.0, 17, 1021], 'TotalSysCpuTimeHistory': [0.0, 0, 29], 'WallDurations': [9.0, 193.37451243400574, 2431.0, 72.0, 0, 8.0, 1348.0], 'JobIds': ['87745022.0', '87745022.0', '87748122.0'], 'State': 'finished', 'RecordedSite': True}, '2': {'Retries': 0, 'Restarts': 0, 'SiteHistory': ['Unknown', 'T2_US_Nebraska', 'T2_US_Nebraska'], 'ResidentSetSize': [1189700], 'SubmitTimes': [1699987689.0], 'StartTimes': [1699990967.0], 'EndTimes': [1699992559.0], 'TotalUserCpuTimeHistory': [1311], 'TotalSysCpuTimeHistory': [88], 'WallDurations': [10.0, 88.33598232269287, 1592.0], 'JobIds': ['87745023.0'], 'State': 'finished', 'RecordedSite': True}, '3': {'Retries': 0, 'Restarts': 0, 'SiteHistory': ['Unknown', 'T2_US_Purdue', 'T2_US_Purdue'], 'ResidentSetSize': [921812], 'SubmitTimes': [1699987689.0], 'StartTimes': [1699988242.0], 'EndTimes': [1699989326.0], 'TotalUserCpuTimeHistory': [761], 'TotalSysCpuTimeHistory': [58], 'WallDurations': [9.0, 106.06970429420471, 1084.0], 'JobIds': ['87745024.0'], 'State': 'finished', 'RecordedSite': True}, '4': {'Retries': 0, 'Restarts': 0, 'SiteHistory': ['Unknown', 'T2_US_Purdue', 'T2_US_Purdue'], 'ResidentSetSize': [938728], 'SubmitTimes': [1699987689.0], 'StartTimes': [1699988738.0], 'EndTimes': [1699995287.0], 'TotalUserCpuTimeHistory': [6273], 'TotalSysCpuTimeHistory': [407], 'WallDurations': [9.0, 210.38102960586548, 6549.0], 'JobIds': ['87745025.0'], 'State': 'finished', 'RecordedSite': True}, '5': {'Retries': 0, 'Restarts': 0, 'SiteHistory': ['Unknown', 'T2_US_Purdue', 'T2_US_Purdue'], 'ResidentSetSize': [926576], 'SubmitTimes': [1699987689.0], 'StartTimes': [1699988981.0], 'EndTimes': [1699992372.0], 'TotalUserCpuTimeHistory': [3084], 'TotalSysCpuTimeHistory': [213], 'WallDurations': [9.0, 268.7166666984558, 3391.0], 'JobIds': ['87745026.0'], 'State': 'finished', 'RecordedSite': True}, '6': {'Retries': 0, 'Restarts': 0, 'SiteHistory': ['Unknown', 'T2_DE_RWTH', 'T2_DE_RWTH'], 'ResidentSetSize': [947180], 'SubmitTimes': [1699987689.0], 'StartTimes': [1699987952.0], 'EndTimes': [1699994108.0], 'TotalUserCpuTimeHistory': [6047], 'TotalSysCpuTimeHistory': [804], 'WallDurations': [8.0, 95.91103720664978, 6156.0], 'JobIds': ['87745027.0'], 'State': 'finished', 'RecordedSite': True}, '7': {'Retries': 2, 'Restarts': 0, 'SiteHistory': ['Unknown', 'T2_US_Purdue', 'T2_US_Purdue', 'T2_US_Purdue', 'T2_US_Purdue', 'Unknown', 'T2_US_Vanderbilt', 'T2_US_Vanderbilt'], 'ResidentSetSize': [951132, 629484, 828816], 'SubmitTimes': [1699987689.0, 1700003788.0, 1700004179.0], 'StartTimes': [1699988239.0, 1700003986.0, 1700004479.0], 'EndTimes': [1700001921.0, 1700004051.0, 1700026764.0], 'TotalUserCpuTimeHistory': [13493, 19, 19209], 'TotalSysCpuTimeHistory': [784, 1, 212], 'WallDurations': [9.0, 109.06970429420471, 13682.0, 8.0, 65.0, 9.0, 117.38180303573608, 22285.0], 'JobIds': ['87745028.0', '87752397.0', '87752423.0'], 'State': 'finished', 'RecordedSite': True}, '8': {'Retries': 0, 'Restarts': 0, 'SiteHistory': ['Unknown', 'T2_US_Purdue', 'T2_US_Purdue'], 'ResidentSetSize': [56656], 'SubmitTimes': [1699987689.0], 'StartTimes': [1699988239.0], 'EndTimes': [1699988717.0], 'TotalUserCpuTimeHistory': [164], 'TotalSysCpuTimeHistory': [13], 'WallDurations': [10.0, 109.06970429420471, 478.0], 'JobIds': ['87745029.0'], 'State': 'finished', 'RecordedSite': True}, '9': {'Retries': 0, 'Restarts': 0, 'SiteHistory': ['Unknown', 'T2_ES_CIEMAT', 'T2_ES_CIEMAT'], 'ResidentSetSize': [926480], 'SubmitTimes': [1699987689.0], 'StartTimes': [1699988213.0], 'EndTimes': [1699998944.0], 'TotalUserCpuTimeHistory': [10763], 'TotalSysCpuTimeHistory': [1611], 'WallDurations': [9.0, 135.0697042942047, 10731.0], 'JobIds': ['87745030.0'], 'State': 'finished', 'RecordedSite': True}, '10': {'Retries': 0, 'Restarts': 0, 'SiteHistory': ['Unknown', 'T2_EE_Estonia', 'T2_EE_Estonia'], 'ResidentSetSize': [781920], 'SubmitTimes': [1699987689.0], 'StartTimes': [1699987955.0], 'EndTimes': [1699995044.0], 'TotalUserCpuTimeHistory': [6998], 'TotalSysCpuTimeHistory': [482], 'WallDurations': [10.0, 92.91103720664978, 7089.0], 'JobIds': ['87745031.0'], 'State': 'finished', 'RecordedSite': True}}
INFO 2023-11-15 13:39:27.117 UTC: 	 Status on the scheduler:	COMPLETED
INFO 2023-11-15 13:39:27.117 UTC: 	 
Jobs status:                    finished     		100.0% (10/10)
INFO 2023-11-15 13:39:27.118 UTC: 	 
No publication information (publication has been disabled in the CRAB configuration file)
INFO 2023-11-15 13:39:27.118 UTC: 	 
Warning: the max jobs runtime is less than 30% of the task requested value (2700 min), please consider to request a lower value for failed jobs (allowed through crab resubmit) and/or improve the jobs splitting (e.g. config.Data.splitting = 'Automatic') in a new task.
INFO 2023-11-15 13:39:27.118 UTC: 	 
Summary of run jobs:
 * Memory: 55MB min, 1161MB max, 844MB ave
 * Runtime: 0:07:58 min, 6:11:25 max, 1:41:10 ave
 * CPU eff: 37% min, 115% max, 98% ave
 * Waste: 4:58:13 (23% of total)

INFO 2023-11-15 13:39:27.143 UTC: 	 Log file is /afs/cern.ch/user/l/lfavilla/CMSSW_12_6_0/src/PhysicsTools/NanoAODTools/crab/crab_ZJetsToNuNu_HT1200To2500_2018/crab.log
DEBUG 2023-11-15 14:58:41.871 UTC: 	 CRAB Client version: v3.231010
DEBUG 2023-11-15 14:58:41.871 UTC: 	 Running on: Linux lxplus743.cern.ch 3.10.0-1160.95.1.el7.x86_64 #1 SMP Mon Jul 24 13:59:37 UTC 2023 x86_64 x86_64 x86_64 GNU/Linux - CentOS Linux 7 (Core)
DEBUG 2023-11-15 14:58:41.871 UTC: 	 Executing command: 'getoutput'
DEBUG 2023-11-15 14:58:41.872 UTC: 	 Found CRAB cache file /afs/cern.ch/user/l/lfavilla/.crab3
DEBUG 2023-11-15 14:58:41.908 UTC: 	 Using VO group '' and VO role 'NULL' as written in the request cache file for this task.
DEBUG 2023-11-15 14:58:42.139 UTC: 	 Checking credentials
DEBUG 2023-11-15 14:58:42.139 UTC: 	 Found proxy file /tmp/x509up_u159320
DEBUG 2023-11-15 14:58:42.139 UTC: 	 Making sure it has proper VOMS extension
DEBUG 2023-11-15 14:58:42.139 UTC: 	 Executing command :
 voms-proxy-info --vo --file /tmp/x509up_u159320
DEBUG 2023-11-15 14:58:42.602 UTC: 	 output : cms

 error: 
 retcode : 0
DEBUG 2023-11-15 14:58:42.603 UTC: 	 Getting proxy life time left
DEBUG 2023-11-15 14:58:42.603 UTC: 	 Executing command :
 voms-proxy-info --actimeleft --timeleft --file /tmp/x509up_u159320
DEBUG 2023-11-15 14:58:43.058 UTC: 	 output : 28823
28823

 error: 
 retcode : 0
DEBUG 2023-11-15 14:58:43.058 UTC: 	 Proxy valid for 08:00:23 hours
DEBUG 2023-11-15 14:58:43.092 UTC: 	 Encoded data for curl request: subresource=delegatedn
DEBUG 2023-11-15 14:58:43.144 UTC: 	 Registering user credentials on myproxy for /DC=ch/DC=cern/OU=computers/CN=crab-(preprod|prod|dev)-tw(01|02|03).cern.ch|/DC=ch/DC=cern/OU=computers/CN=stefanov(m|m2).cern.ch|/DC=ch/DC=cern/OU=computers/CN=dciangot-tw.cern.ch
DEBUG 2023-11-15 14:58:43.145 UTC: 	 Executing command :
 voms-proxy-info --identity --file /tmp/x509up_u159320
DEBUG 2023-11-15 14:58:43.671 UTC: 	 output : /DC=ch/DC=cern/OU=Organic Units/OU=Users/CN=lfavilla/CN=867090/CN=Leonardo Favilla

 error: 
 retcode : 0
DEBUG 2023-11-15 14:58:43.671 UTC: 	 Getting myproxy life time left for 70284ad9de3a40585c76dbf527363be004fcbd17
DEBUG 2023-11-15 14:58:43.671 UTC: 	 Executing command :
 myproxy-info -s myproxy.cern.ch -l 70284ad9de3a40585c76dbf527363be004fcbd17
DEBUG 2023-11-15 14:58:43.919 UTC: 	 output : username: 70284ad9de3a40585c76dbf527363be004fcbd17
owner: /DC=ch/DC=cern/OU=Organic Units/OU=Users/CN=lfavilla/CN=867090/CN=Leonardo Favilla
  renewal policy: /DC=ch/DC=cern/OU=computers/CN=crab-(preprod|prod|dev)-tw(01|02|03).cern.ch|/DC=ch/DC=cern/OU=computers/CN=stefanov(m|m2).cern.ch|/DC=ch/DC=cern/OU=computers/CN=dciangot-tw.cern.ch
  trusted retrieval policy: /DC=ch/DC=cern/OU=computers/CN=crab-(preprod|prod|dev)-tw(01|02|03).cern.ch|/DC=ch/DC=cern/OU=computers/CN=stefanov(m|m2).cern.ch|/DC=ch/DC=cern/OU=computers/CN=dciangot-tw.cern.ch
  timeleft: 379:45:37  (15.8 days)

 error: 
 retcode : 0
DEBUG 2023-11-15 14:58:43.919 UTC: 	 Myproxy is valid: 1367100
DEBUG 2023-11-15 14:58:43.919 UTC: 	 Result of myproxy credential check:
  Credential exists on myproxy: username: 70284ad9de3a40585c76dbf527363be004fcbd17  - validity: 15 days, 19:45:00
DEBUG 2023-11-15 14:58:43.920 UTC: 	 Command use: getoutput
DEBUG 2023-11-15 14:58:43.920 UTC: 	 Options use: ['--xrootd', '-d', './crab_ZJetsToNuNu_HT1200To2500_2018/']
DEBUG 2023-11-15 14:58:43.920 UTC: 	 Encoded data for curl request: subresource=version
DEBUG 2023-11-15 14:58:43.990 UTC: 	 CRABClient version: v3.231010
DEBUG 2023-11-15 14:58:43.990 UTC: 	 Instance is prod
DEBUG 2023-11-15 14:58:43.990 UTC: 	 Server base url is cmsweb.cern.ch
DEBUG 2023-11-15 14:58:43.990 UTC: 	 Command api workflow
DEBUG 2023-11-15 14:58:43.991 UTC: 	 Encoded data for curl request: subresource=search&workflow=231114_184719%3Alfavilla_crab_ZJetsToNuNu_HT1200To2500_2018
DEBUG 2023-11-15 14:58:44.091 UTC: 	 Server result: {'desc': {'columns': ['tm_taskname', 'tm_activity', 'panda_jobset_id', 'tm_task_status', 'tm_task_command', 'tm_start_time', 'tm_start_injection', 'tm_end_injection', 'tm_task_failure', 'tm_job_sw', 'tm_job_arch', 'tm_input_dataset', 'tm_nonvalid_input_dataset', 'tm_use_parent', 'tm_site_whitelist', 'tm_site_blacklist', 'tm_split_algo', 'tm_split_args', 'tm_user_sandbox', 'tm_cache_url', 'tm_username', 'tm_user_dn', 'tm_user_vo', 'tm_user_role', 'tm_user_group', 'tm_publish_name', 'tm_publish_groupname', 'tm_asyncdest', 'tm_dbs_url', 'tm_publish_dbs_url', 'tm_publication', 'tm_outfiles', 'tm_tfile_outfiles', 'tm_edm_outfiles', 'tm_job_type', 'tm_generator', 'tm_events_per_lumi', 'tm_arguments', 'panda_resubmitted_jobs', 'tm_save_logs', 'tw_name', 'tm_user_infiles', 'tm_maxjobruntime', 'tm_numcores', 'tm_maxmemory', 'tm_priority', 'tm_output_dataset', 'tm_task_warnings', 'tm_user_webdir', 'tm_scriptexe', 'tm_scriptargs', 'tm_extrajdl', 'tm_asourl', 'tm_collector', 'tm_schedd', 'tm_dry_run', 'tm_user_files', 'tm_transfer_outputs', 'tm_output_lfn', 'tm_ignore_locality', 'tm_fail_limit', 'tm_one_event_mode', 'tm_secondary_input_dataset', 'tm_primary_dataset', 'tm_last_publication', 'tm_debug_files', 'clusterid', 'tm_asodb', 'tm_ignore_global_blacklist', 'tm_submitter_ip_addr', 'tm_totalunits', 'tm_ddm_reqid', 'tm_user_config', 'tm_transfer_container', 'tm_transfer_rule', 'tm_publish_rule']}, 'result': ['231114_184719:lfavilla_crab_ZJetsToNuNu_HT1200To2500_2018', 'None', 'None', 'SUBMITTED', 'SUBMIT', '2023-11-14 18:47:19.647763', 'None', '2023-11-14 18:48:01.218504', 'None', 'CMSSW_12_6_0', 'slc7_amd64_gcc10', '/ZJetsToNuNu_HT-1200To2500_TuneCP5_13TeV-madgraphMLM-pythia8/RunIISummer20UL18NanoAODv9-106X_upgrade2018_realistic_v16_L1v1-v1/NANOAODSIM', 'T', '0', '[]', '[]', 'FileBased', "{'halt_job_on_file_boundaries': False, 'splitOnRun': False, 'files_per_job': 1, 'runs': [], 'lumis': []}", '84eb0a9db75cbee76b13231a44e0a98a8ff25a7b85513af51646939164642fcf.tar.gz', 'https://cmsweb.cern.ch/S3/crabcache_prod', 'lfavilla', '/DC=ch/DC=cern/OU=Organic Units/OU=Users/CN=lfavilla/CN=867090/CN=Leonardo Favilla', 'cms', 'None', 'None', 'ZJetsToNuNu_HT1200To2500_2018-00000000000000000000000000000000', 'F', 'T2_IT_Pisa', 'https://cmsweb.cern.ch/dbs/prod/global/DBSReader', 'https://cmsweb.cern.ch/dbs/prod/phys03/DBSWriter', 'F', '[]', '[]', "['tree_hadd.root']", 'Analysis', 'pythia', 'None', '{}', 'None', 'T', 'crab-prod-tw01', '[]', '2700', '1', '2000', '10', "['/ZJetsToNuNu_HT-1200To2500_TuneCP5_13TeV-madgraphMLM-pythia8/lfavilla-ZJetsToNuNu_HT1200To2500_2018-00000000000000000000000000000000/USER']", '[]', 'http://vocms0106.cern.ch/mon/lfavilla/231114_184719:lfavilla_crab_ZJetsToNuNu_HT1200To2500_2018', 'crab_script.sh', '[]', '[]', 'None', 'cmsgwms-collector-global.cern.ch:9620,cmsgwms-collector-global.fnal.gov:9620', 'crab3@vocms0106.cern.ch', 'F', '[]', 'T', '/store/user/lfavilla/DM_v0', 'F', 'None', 'F', 'None', 'ZJetsToNuNu_HT-1200To2500_TuneCP5_13TeV-madgraphMLM-pythia8', 'None', '2d9bcd320e2bc48ec31f057cac01e8deb95b1d192acafccd50d2da1375ab7d8e.tar.gz', '87745020', 'None', 'F', '137.138.154.184', '0.0', 'None', '{"partialdataset": false, "requireaccelerator": false, "acceleratorparams": null, "inputblocks": null}', 'None', 'None', 'None']}
DEBUG 2023-11-15 14:58:44.116 UTC: 	 CRAB Client version: v3.231010
DEBUG 2023-11-15 14:58:44.116 UTC: 	 Running on: Linux lxplus743.cern.ch 3.10.0-1160.95.1.el7.x86_64 #1 SMP Mon Jul 24 13:59:37 UTC 2023 x86_64 x86_64 x86_64 GNU/Linux - CentOS Linux 7 (Core)
DEBUG 2023-11-15 14:58:44.116 UTC: 	 Executing command: 'status'
DEBUG 2023-11-15 14:58:44.117 UTC: 	 Found CRAB cache file /afs/cern.ch/user/l/lfavilla/.crab3
DEBUG 2023-11-15 14:58:44.127 UTC: 	 Checking credentials
DEBUG 2023-11-15 14:58:44.128 UTC: 	 Found proxy file /tmp/x509up_u159320
DEBUG 2023-11-15 14:58:44.128 UTC: 	 Making sure it has proper VOMS extension
DEBUG 2023-11-15 14:58:44.128 UTC: 	 Executing command :
 voms-proxy-info --vo --file /tmp/x509up_u159320
DEBUG 2023-11-15 14:58:44.615 UTC: 	 output : cms

 error: 
 retcode : 0
DEBUG 2023-11-15 14:58:44.615 UTC: 	 Getting proxy life time left
DEBUG 2023-11-15 14:58:44.615 UTC: 	 Executing command :
 voms-proxy-info --actimeleft --timeleft --file /tmp/x509up_u159320
DEBUG 2023-11-15 14:58:45.222 UTC: 	 output : 28821
28821

 error: 
 retcode : 0
DEBUG 2023-11-15 14:58:45.222 UTC: 	 Proxy valid for 08:00:21 hours
DEBUG 2023-11-15 14:58:45.222 UTC: 	 Encoded data for curl request: subresource=delegatedn
DEBUG 2023-11-15 14:58:45.307 UTC: 	 Registering user credentials on myproxy for /DC=ch/DC=cern/OU=computers/CN=crab-(preprod|prod|dev)-tw(01|02|03).cern.ch|/DC=ch/DC=cern/OU=computers/CN=stefanov(m|m2).cern.ch|/DC=ch/DC=cern/OU=computers/CN=dciangot-tw.cern.ch
DEBUG 2023-11-15 14:58:45.308 UTC: 	 Executing command :
 voms-proxy-info --identity --file /tmp/x509up_u159320
DEBUG 2023-11-15 14:58:45.774 UTC: 	 output : /DC=ch/DC=cern/OU=Organic Units/OU=Users/CN=lfavilla/CN=867090/CN=Leonardo Favilla

 error: 
 retcode : 0
DEBUG 2023-11-15 14:58:45.775 UTC: 	 Getting myproxy life time left for 70284ad9de3a40585c76dbf527363be004fcbd17
DEBUG 2023-11-15 14:58:45.775 UTC: 	 Executing command :
 myproxy-info -s myproxy.cern.ch -l 70284ad9de3a40585c76dbf527363be004fcbd17
DEBUG 2023-11-15 14:58:45.974 UTC: 	 output : username: 70284ad9de3a40585c76dbf527363be004fcbd17
owner: /DC=ch/DC=cern/OU=Organic Units/OU=Users/CN=lfavilla/CN=867090/CN=Leonardo Favilla
  renewal policy: /DC=ch/DC=cern/OU=computers/CN=crab-(preprod|prod|dev)-tw(01|02|03).cern.ch|/DC=ch/DC=cern/OU=computers/CN=stefanov(m|m2).cern.ch|/DC=ch/DC=cern/OU=computers/CN=dciangot-tw.cern.ch
  trusted retrieval policy: /DC=ch/DC=cern/OU=computers/CN=crab-(preprod|prod|dev)-tw(01|02|03).cern.ch|/DC=ch/DC=cern/OU=computers/CN=stefanov(m|m2).cern.ch|/DC=ch/DC=cern/OU=computers/CN=dciangot-tw.cern.ch
  timeleft: 379:45:35  (15.8 days)

 error: 
 retcode : 0
DEBUG 2023-11-15 14:58:45.974 UTC: 	 Myproxy is valid: 1367100
DEBUG 2023-11-15 14:58:45.974 UTC: 	 Result of myproxy credential check:
  Credential exists on myproxy: username: 70284ad9de3a40585c76dbf527363be004fcbd17  - validity: 15 days, 19:45:00
DEBUG 2023-11-15 14:58:45.975 UTC: 	 Command use: status
DEBUG 2023-11-15 14:58:45.975 UTC: 	 Options use: []
DEBUG 2023-11-15 14:58:45.975 UTC: 	 Encoded data for curl request: subresource=version
DEBUG 2023-11-15 14:58:46.034 UTC: 	 CRABClient version: v3.231010
DEBUG 2023-11-15 14:58:46.034 UTC: 	 Instance is prod
DEBUG 2023-11-15 14:58:46.034 UTC: 	 Server base url is cmsweb.cern.ch
DEBUG 2023-11-15 14:58:46.034 UTC: 	 Command api workflow
DEBUG 2023-11-15 14:58:46.034 UTC: 	 Encoded data for curl request: subresource=search&workflow=231114_184719%3Alfavilla_crab_ZJetsToNuNu_HT1200To2500_2018
DEBUG 2023-11-15 14:58:46.087 UTC: 	 Got information from server oracle database: {'desc': {'columns': ['tm_taskname', 'tm_activity', 'panda_jobset_id', 'tm_task_status', 'tm_task_command', 'tm_start_time', 'tm_start_injection', 'tm_end_injection', 'tm_task_failure', 'tm_job_sw', 'tm_job_arch', 'tm_input_dataset', 'tm_nonvalid_input_dataset', 'tm_use_parent', 'tm_site_whitelist', 'tm_site_blacklist', 'tm_split_algo', 'tm_split_args', 'tm_user_sandbox', 'tm_cache_url', 'tm_username', 'tm_user_dn', 'tm_user_vo', 'tm_user_role', 'tm_user_group', 'tm_publish_name', 'tm_publish_groupname', 'tm_asyncdest', 'tm_dbs_url', 'tm_publish_dbs_url', 'tm_publication', 'tm_outfiles', 'tm_tfile_outfiles', 'tm_edm_outfiles', 'tm_job_type', 'tm_generator', 'tm_events_per_lumi', 'tm_arguments', 'panda_resubmitted_jobs', 'tm_save_logs', 'tw_name', 'tm_user_infiles', 'tm_maxjobruntime', 'tm_numcores', 'tm_maxmemory', 'tm_priority', 'tm_output_dataset', 'tm_task_warnings', 'tm_user_webdir', 'tm_scriptexe', 'tm_scriptargs', 'tm_extrajdl', 'tm_asourl', 'tm_collector', 'tm_schedd', 'tm_dry_run', 'tm_user_files', 'tm_transfer_outputs', 'tm_output_lfn', 'tm_ignore_locality', 'tm_fail_limit', 'tm_one_event_mode', 'tm_secondary_input_dataset', 'tm_primary_dataset', 'tm_last_publication', 'tm_debug_files', 'clusterid', 'tm_asodb', 'tm_ignore_global_blacklist', 'tm_submitter_ip_addr', 'tm_totalunits', 'tm_ddm_reqid', 'tm_user_config', 'tm_transfer_container', 'tm_transfer_rule', 'tm_publish_rule']}, 'result': ['231114_184719:lfavilla_crab_ZJetsToNuNu_HT1200To2500_2018', 'None', 'None', 'SUBMITTED', 'SUBMIT', '2023-11-14 18:47:19.647763', 'None', '2023-11-14 18:48:01.218504', 'None', 'CMSSW_12_6_0', 'slc7_amd64_gcc10', '/ZJetsToNuNu_HT-1200To2500_TuneCP5_13TeV-madgraphMLM-pythia8/RunIISummer20UL18NanoAODv9-106X_upgrade2018_realistic_v16_L1v1-v1/NANOAODSIM', 'T', '0', '[]', '[]', 'FileBased', "{'halt_job_on_file_boundaries': False, 'splitOnRun': False, 'files_per_job': 1, 'runs': [], 'lumis': []}", '84eb0a9db75cbee76b13231a44e0a98a8ff25a7b85513af51646939164642fcf.tar.gz', 'https://cmsweb.cern.ch/S3/crabcache_prod', 'lfavilla', '/DC=ch/DC=cern/OU=Organic Units/OU=Users/CN=lfavilla/CN=867090/CN=Leonardo Favilla', 'cms', 'None', 'None', 'ZJetsToNuNu_HT1200To2500_2018-00000000000000000000000000000000', 'F', 'T2_IT_Pisa', 'https://cmsweb.cern.ch/dbs/prod/global/DBSReader', 'https://cmsweb.cern.ch/dbs/prod/phys03/DBSWriter', 'F', '[]', '[]', "['tree_hadd.root']", 'Analysis', 'pythia', 'None', '{}', 'None', 'T', 'crab-prod-tw01', '[]', '2700', '1', '2000', '10', "['/ZJetsToNuNu_HT-1200To2500_TuneCP5_13TeV-madgraphMLM-pythia8/lfavilla-ZJetsToNuNu_HT1200To2500_2018-00000000000000000000000000000000/USER']", '[]', 'http://vocms0106.cern.ch/mon/lfavilla/231114_184719:lfavilla_crab_ZJetsToNuNu_HT1200To2500_2018', 'crab_script.sh', '[]', '[]', 'None', 'cmsgwms-collector-global.cern.ch:9620,cmsgwms-collector-global.fnal.gov:9620', 'crab3@vocms0106.cern.ch', 'F', '[]', 'T', '/store/user/lfavilla/DM_v0', 'F', 'None', 'F', 'None', 'ZJetsToNuNu_HT-1200To2500_TuneCP5_13TeV-madgraphMLM-pythia8', 'None', '2d9bcd320e2bc48ec31f057cac01e8deb95b1d192acafccd50d2da1375ab7d8e.tar.gz', '87745020', 'None', 'F', '137.138.154.184', '0.0', 'None', '{"partialdataset": false, "requireaccelerator": false, "acceleratorparams": null, "inputblocks": null}', 'None', 'None', 'None']}
INFO 2023-11-15 14:58:46.087 UTC: 	 CRAB project directory:		/afs/cern.ch/user/l/lfavilla/CMSSW_12_6_0/src/PhysicsTools/NanoAODTools/crab/crab_ZJetsToNuNu_HT1200To2500_2018
INFO 2023-11-15 14:58:46.087 UTC: 	 Task name:			231114_184719:lfavilla_crab_ZJetsToNuNu_HT1200To2500_2018
INFO 2023-11-15 14:58:46.087 UTC: 	 Grid scheduler - Task Worker:	crab3@vocms0106.cern.ch - crab-prod-tw01
INFO 2023-11-15 14:58:46.087 UTC: 	 Status on the CRAB server:	SUBMITTED
INFO 2023-11-15 14:58:46.087 UTC: 	 Task URL to use for HELP:	https://cmsweb.cern.ch/crabserver/ui/task/231114_184719%3Alfavilla_crab_ZJetsToNuNu_HT1200To2500_2018
INFO 2023-11-15 14:58:46.095 UTC: 	 Dashboard monitoring URL:	https://monit-grafana.cern.ch/d/cmsTMDetail/cms-task-monitoring-task-view?orgId=11&var-user=lfavilla&var-task=231114_184719%3Alfavilla_crab_ZJetsToNuNu_HT1200To2500_2018&from=1699984039000&to=now
DEBUG 2023-11-15 14:58:46.095 UTC: 	 The CRAB server submitted your task to the Grid scheduler (cluster ID: 87745020)
DEBUG 2023-11-15 14:58:46.095 UTC: 	 Webdir is located at http://vocms0106.cern.ch/mon/lfavilla/231114_184719:lfavilla_crab_ZJetsToNuNu_HT1200To2500_2018
DEBUG 2023-11-15 14:58:46.095 UTC: 	 Encoded data for curl request: subresource=webdirprx&workflow=231114_184719%3Alfavilla_crab_ZJetsToNuNu_HT1200To2500_2018
DEBUG 2023-11-15 14:58:46.153 UTC: 	 Proxied webdir is located at https://cmsweb.cern.ch:8443/scheddmon/0106/lfavilla/231114_184719:lfavilla_crab_ZJetsToNuNu_HT1200To2500_2018
DEBUG 2023-11-15 14:58:46.174 UTC: 	 Retrieving 'status_cache' file from https://cmsweb.cern.ch:8443/scheddmon/0106/lfavilla/231114_184719:lfavilla_crab_ZJetsToNuNu_HT1200To2500_2018/status_cache.pkl
DEBUG 2023-11-15 14:58:46.174 UTC: 	 Will execute:
curl -sS --capath /etc/grid-security/certificates --cert /tmp/x509up_u159320 --key /tmp/x509up_u159320 -o /tmp/crab_status-cache-sn_qd7pl.pkl -w %"{http_code}" "https://cmsweb.cern.ch:8443/scheddmon/0106/lfavilla/231114_184719:lfavilla_crab_ZJetsToNuNu_HT1200To2500_2018/status_cache.pkl"
DEBUG 2023-11-15 14:58:46.174 UTC: 	 Executing command :
 curl -sS --capath /etc/grid-security/certificates --cert /tmp/x509up_u159320 --key /tmp/x509up_u159320 -o /tmp/crab_status-cache-sn_qd7pl.pkl -w %"{http_code}" "https://cmsweb.cern.ch:8443/scheddmon/0106/lfavilla/231114_184719:lfavilla_crab_ZJetsToNuNu_HT1200To2500_2018/status_cache.pkl"
DEBUG 2023-11-15 14:58:46.213 UTC: 	 output : 200
 error: 
 retcode : 0
DEBUG 2023-11-15 14:58:46.213 UTC: 	 exitcode: 0
stdout: 200
stderr: 
error details: 
DEBUG 2023-11-15 14:58:46.213 UTC: 	 Got information from status cache file: {'1': {'Retries': 2, 'Restarts': 1, 'SiteHistory': ['Unknown', 'T2_KR_KISTI', 'T2_KR_KISTI', 'Unknown', 'T2_KR_KISTI', 'T2_US_Florida', 'T2_US_Florida'], 'ResidentSetSize': [44932, 45000, 1128832], 'SubmitTimes': [1699987689.0, -1, 1699993393.0], 'StartTimes': [1699990561.0, 1699993251.0, 1699993841.0], 'EndTimes': [1699992992.0, 1699993323.0, 1699995189.0], 'TotalUserCpuTimeHistory': [2.0, 17, 1021], 'TotalSysCpuTimeHistory': [0.0, 0, 29], 'WallDurations': [9.0, 193.37451243400574, 2431.0, 72.0, 0, 8.0, 1348.0], 'JobIds': ['87745022.0', '87745022.0', '87748122.0'], 'State': 'finished', 'RecordedSite': True}, '2': {'Retries': 0, 'Restarts': 0, 'SiteHistory': ['Unknown', 'T2_US_Nebraska', 'T2_US_Nebraska'], 'ResidentSetSize': [1189700], 'SubmitTimes': [1699987689.0], 'StartTimes': [1699990967.0], 'EndTimes': [1699992559.0], 'TotalUserCpuTimeHistory': [1311], 'TotalSysCpuTimeHistory': [88], 'WallDurations': [10.0, 88.33598232269287, 1592.0], 'JobIds': ['87745023.0'], 'State': 'finished', 'RecordedSite': True}, '3': {'Retries': 0, 'Restarts': 0, 'SiteHistory': ['Unknown', 'T2_US_Purdue', 'T2_US_Purdue'], 'ResidentSetSize': [921812], 'SubmitTimes': [1699987689.0], 'StartTimes': [1699988242.0], 'EndTimes': [1699989326.0], 'TotalUserCpuTimeHistory': [761], 'TotalSysCpuTimeHistory': [58], 'WallDurations': [9.0, 106.06970429420471, 1084.0], 'JobIds': ['87745024.0'], 'State': 'finished', 'RecordedSite': True}, '4': {'Retries': 0, 'Restarts': 0, 'SiteHistory': ['Unknown', 'T2_US_Purdue', 'T2_US_Purdue'], 'ResidentSetSize': [938728], 'SubmitTimes': [1699987689.0], 'StartTimes': [1699988738.0], 'EndTimes': [1699995287.0], 'TotalUserCpuTimeHistory': [6273], 'TotalSysCpuTimeHistory': [407], 'WallDurations': [9.0, 210.38102960586548, 6549.0], 'JobIds': ['87745025.0'], 'State': 'finished', 'RecordedSite': True}, '5': {'Retries': 0, 'Restarts': 0, 'SiteHistory': ['Unknown', 'T2_US_Purdue', 'T2_US_Purdue'], 'ResidentSetSize': [926576], 'SubmitTimes': [1699987689.0], 'StartTimes': [1699988981.0], 'EndTimes': [1699992372.0], 'TotalUserCpuTimeHistory': [3084], 'TotalSysCpuTimeHistory': [213], 'WallDurations': [9.0, 268.7166666984558, 3391.0], 'JobIds': ['87745026.0'], 'State': 'finished', 'RecordedSite': True}, '6': {'Retries': 0, 'Restarts': 0, 'SiteHistory': ['Unknown', 'T2_DE_RWTH', 'T2_DE_RWTH'], 'ResidentSetSize': [947180], 'SubmitTimes': [1699987689.0], 'StartTimes': [1699987952.0], 'EndTimes': [1699994108.0], 'TotalUserCpuTimeHistory': [6047], 'TotalSysCpuTimeHistory': [804], 'WallDurations': [8.0, 95.91103720664978, 6156.0], 'JobIds': ['87745027.0'], 'State': 'finished', 'RecordedSite': True}, '7': {'Retries': 2, 'Restarts': 0, 'SiteHistory': ['Unknown', 'T2_US_Purdue', 'T2_US_Purdue', 'T2_US_Purdue', 'T2_US_Purdue', 'Unknown', 'T2_US_Vanderbilt', 'T2_US_Vanderbilt'], 'ResidentSetSize': [951132, 629484, 828816], 'SubmitTimes': [1699987689.0, 1700003788.0, 1700004179.0], 'StartTimes': [1699988239.0, 1700003986.0, 1700004479.0], 'EndTimes': [1700001921.0, 1700004051.0, 1700026764.0], 'TotalUserCpuTimeHistory': [13493, 19, 19209], 'TotalSysCpuTimeHistory': [784, 1, 212], 'WallDurations': [9.0, 109.06970429420471, 13682.0, 8.0, 65.0, 9.0, 117.38180303573608, 22285.0], 'JobIds': ['87745028.0', '87752397.0', '87752423.0'], 'State': 'finished', 'RecordedSite': True}, '8': {'Retries': 0, 'Restarts': 0, 'SiteHistory': ['Unknown', 'T2_US_Purdue', 'T2_US_Purdue'], 'ResidentSetSize': [56656], 'SubmitTimes': [1699987689.0], 'StartTimes': [1699988239.0], 'EndTimes': [1699988717.0], 'TotalUserCpuTimeHistory': [164], 'TotalSysCpuTimeHistory': [13], 'WallDurations': [10.0, 109.06970429420471, 478.0], 'JobIds': ['87745029.0'], 'State': 'finished', 'RecordedSite': True}, '9': {'Retries': 0, 'Restarts': 0, 'SiteHistory': ['Unknown', 'T2_ES_CIEMAT', 'T2_ES_CIEMAT'], 'ResidentSetSize': [926480], 'SubmitTimes': [1699987689.0], 'StartTimes': [1699988213.0], 'EndTimes': [1699998944.0], 'TotalUserCpuTimeHistory': [10763], 'TotalSysCpuTimeHistory': [1611], 'WallDurations': [9.0, 135.0697042942047, 10731.0], 'JobIds': ['87745030.0'], 'State': 'finished', 'RecordedSite': True}, '10': {'Retries': 0, 'Restarts': 0, 'SiteHistory': ['Unknown', 'T2_EE_Estonia', 'T2_EE_Estonia'], 'ResidentSetSize': [781920], 'SubmitTimes': [1699987689.0], 'StartTimes': [1699987955.0], 'EndTimes': [1699995044.0], 'TotalUserCpuTimeHistory': [6998], 'TotalSysCpuTimeHistory': [482], 'WallDurations': [10.0, 92.91103720664978, 7089.0], 'JobIds': ['87745031.0'], 'State': 'finished', 'RecordedSite': True}}
INFO 2023-11-15 14:58:46.214 UTC: 	 Status on the scheduler:	COMPLETED
INFO 2023-11-15 14:58:46.214 UTC: 	 
Jobs status:                    finished     		100.0% (10/10)
INFO 2023-11-15 14:58:46.214 UTC: 	 
No publication information (publication has been disabled in the CRAB configuration file)
INFO 2023-11-15 14:58:46.214 UTC: 	 
Warning: the max jobs runtime is less than 30% of the task requested value (2700 min), please consider to request a lower value for failed jobs (allowed through crab resubmit) and/or improve the jobs splitting (e.g. config.Data.splitting = 'Automatic') in a new task.
INFO 2023-11-15 14:58:46.214 UTC: 	 
Summary of run jobs:
 * Memory: 55MB min, 1161MB max, 844MB ave
 * Runtime: 0:07:58 min, 6:11:25 max, 1:41:10 ave
 * CPU eff: 37% min, 115% max, 98% ave
 * Waste: 4:58:13 (23% of total)

DEBUG 2023-11-15 14:58:46.214 UTC: 	 Retrieving locations for task 231114_184719:lfavilla_crab_ZJetsToNuNu_HT1200To2500_2018
DEBUG 2023-11-15 14:58:46.214 UTC: 	 Retrieving all file locations
DEBUG 2023-11-15 14:58:46.214 UTC: 	 Retrieving jobs [('jobids', '1'), ('jobids', '2'), ('jobids', '3'), ('jobids', '4'), ('jobids', '5'), ('jobids', '6'), ('jobids', '7'), ('jobids', '8'), ('jobids', '9'), ('jobids', '10')]
DEBUG 2023-11-15 14:58:46.215 UTC: 	 Encoded data for curl request: workflow=231114_184719%3Alfavilla_crab_ZJetsToNuNu_HT1200To2500_2018&subresource=data2&limit=-1&jobids=1&jobids=2&jobids=3&jobids=4&jobids=5&jobids=6&jobids=7&jobids=8&jobids=9&jobids=10
DEBUG 2023-11-15 14:58:46.331 UTC: 	 Server result: {'result': [{'jobid': '7', 'lfn': '/store/user/lfavilla/DM_v0/ZJetsToNuNu_HT-1200To2500_TuneCP5_13TeV-madgraphMLM-pythia8/ZJetsToNuNu_HT1200To2500_2018/231114_184719/0000/tree_hadd_7.root', 'site': 'T2_IT_Pisa', 'tmplfn': '/store/user/lfavilla/DM_v0/ZJetsToNuNu_HT-1200To2500_TuneCP5_13TeV-madgraphMLM-pythia8/ZJetsToNuNu_HT1200To2500_2018/231114_184719/0000/tree_hadd_7.root', 'tmpsite': 'T2_US_Vanderbilt', 'directstageout': 'F', 'size': 319955529, 'checksum': {'cksum': 2163958373, 'md5': '1440b40a', 'adler32': '1440b40a'}}, {'jobid': '9', 'lfn': '/store/user/lfavilla/DM_v0/ZJetsToNuNu_HT-1200To2500_TuneCP5_13TeV-madgraphMLM-pythia8/ZJetsToNuNu_HT1200To2500_2018/231114_184719/0000/tree_hadd_9.root', 'site': 'T2_IT_Pisa', 'tmplfn': '/store/user/lfavilla/DM_v0/ZJetsToNuNu_HT-1200To2500_TuneCP5_13TeV-madgraphMLM-pythia8/ZJetsToNuNu_HT1200To2500_2018/231114_184719/0000/tree_hadd_9.root', 'tmpsite': 'T2_ES_CIEMAT', 'directstageout': 'F', 'size': 134527041, 'checksum': {'cksum': 2711634590, 'md5': '9943c5f3', 'adler32': '9943c5f3'}}, {'jobid': '4', 'lfn': '/store/user/lfavilla/DM_v0/ZJetsToNuNu_HT-1200To2500_TuneCP5_13TeV-madgraphMLM-pythia8/ZJetsToNuNu_HT1200To2500_2018/231114_184719/0000/tree_hadd_4.root', 'site': 'T2_IT_Pisa', 'tmplfn': '/store/user/lfavilla/DM_v0/ZJetsToNuNu_HT-1200To2500_TuneCP5_13TeV-madgraphMLM-pythia8/ZJetsToNuNu_HT1200To2500_2018/231114_184719/0000/tree_hadd_4.root', 'tmpsite': 'T2_US_Wisconsin', 'directstageout': 'F', 'size': 146910177, 'checksum': {'cksum': 645981512, 'md5': '2cd90a7f', 'adler32': '2cd90a7f'}}, {'jobid': '1', 'lfn': '/store/user/lfavilla/DM_v0/ZJetsToNuNu_HT-1200To2500_TuneCP5_13TeV-madgraphMLM-pythia8/ZJetsToNuNu_HT1200To2500_2018/231114_184719/0000/tree_hadd_1.root', 'site': 'T2_IT_Pisa', 'tmplfn': '/store/user/lfavilla/DM_v0/ZJetsToNuNu_HT-1200To2500_TuneCP5_13TeV-madgraphMLM-pythia8/ZJetsToNuNu_HT1200To2500_2018/231114_184719/0000/tree_hadd_1.root', 'tmpsite': 'T2_US_Florida', 'directstageout': 'F', 'size': 39288238, 'checksum': {'cksum': 564863450, 'md5': 'db198f8f', 'adler32': 'db198f8f'}}, {'jobid': '10', 'lfn': '/store/user/lfavilla/DM_v0/ZJetsToNuNu_HT-1200To2500_TuneCP5_13TeV-madgraphMLM-pythia8/ZJetsToNuNu_HT1200To2500_2018/231114_184719/0000/tree_hadd_10.root', 'site': 'T2_IT_Pisa', 'tmplfn': '/store/user/lfavilla/DM_v0/ZJetsToNuNu_HT-1200To2500_TuneCP5_13TeV-madgraphMLM-pythia8/ZJetsToNuNu_HT1200To2500_2018/231114_184719/0000/tree_hadd_10.root', 'tmpsite': 'T2_EE_Estonia', 'directstageout': 'F', 'size': 86360828, 'checksum': {'cksum': 4065633179, 'md5': '4ac61607', 'adler32': '4ac61607'}}, {'jobid': '6', 'lfn': '/store/user/lfavilla/DM_v0/ZJetsToNuNu_HT-1200To2500_TuneCP5_13TeV-madgraphMLM-pythia8/ZJetsToNuNu_HT1200To2500_2018/231114_184719/0000/tree_hadd_6.root', 'site': 'T2_IT_Pisa', 'tmplfn': '/store/user/lfavilla/DM_v0/ZJetsToNuNu_HT-1200To2500_TuneCP5_13TeV-madgraphMLM-pythia8/ZJetsToNuNu_HT1200To2500_2018/231114_184719/0000/tree_hadd_6.root', 'tmpsite': 'T2_DE_RWTH', 'directstageout': 'F', 'size': 112564714, 'checksum': {'cksum': 3289266179, 'md5': '4207e988', 'adler32': '4207e988'}}, {'jobid': '2', 'lfn': '/store/user/lfavilla/DM_v0/ZJetsToNuNu_HT-1200To2500_TuneCP5_13TeV-madgraphMLM-pythia8/ZJetsToNuNu_HT1200To2500_2018/231114_184719/0000/tree_hadd_2.root', 'site': 'T2_IT_Pisa', 'tmplfn': '/store/user/lfavilla/DM_v0/ZJetsToNuNu_HT-1200To2500_TuneCP5_13TeV-madgraphMLM-pythia8/ZJetsToNuNu_HT1200To2500_2018/231114_184719/0000/tree_hadd_2.root', 'tmpsite': 'T2_US_Nebraska', 'directstageout': 'F', 'size': 20324447, 'checksum': {'cksum': 2505240260, 'md5': '15a0d3f8', 'adler32': '15a0d3f8'}}, {'jobid': '5', 'lfn': '/store/user/lfavilla/DM_v0/ZJetsToNuNu_HT-1200To2500_TuneCP5_13TeV-madgraphMLM-pythia8/ZJetsToNuNu_HT1200To2500_2018/231114_184719/0000/tree_hadd_5.root', 'site': 'T2_IT_Pisa', 'tmplfn': '/store/user/lfavilla/DM_v0/ZJetsToNuNu_HT-1200To2500_TuneCP5_13TeV-madgraphMLM-pythia8/ZJetsToNuNu_HT1200To2500_2018/231114_184719/0000/tree_hadd_5.root', 'tmpsite': 'T2_US_Wisconsin', 'directstageout': 'F', 'size': 70190650, 'checksum': {'cksum': 967346269, 'md5': 'eb113d61', 'adler32': 'eb113d61'}}, {'jobid': '3', 'lfn': '/store/user/lfavilla/DM_v0/ZJetsToNuNu_HT-1200To2500_TuneCP5_13TeV-madgraphMLM-pythia8/ZJetsToNuNu_HT1200To2500_2018/231114_184719/0000/tree_hadd_3.root', 'site': 'T2_IT_Pisa', 'tmplfn': '/store/user/lfavilla/DM_v0/ZJetsToNuNu_HT-1200To2500_TuneCP5_13TeV-madgraphMLM-pythia8/ZJetsToNuNu_HT1200To2500_2018/231114_184719/0000/tree_hadd_3.root', 'tmpsite': 'T2_US_Wisconsin', 'directstageout': 'F', 'size': 20531121, 'checksum': {'cksum': 313966371, 'md5': '37f1b4e2', 'adler32': '37f1b4e2'}}, {'jobid': '8', 'lfn': '/store/user/lfavilla/DM_v0/ZJetsToNuNu_HT-1200To2500_TuneCP5_13TeV-madgraphMLM-pythia8/ZJetsToNuNu_HT1200To2500_2018/231114_184719/0000/tree_hadd_8.root', 'site': 'T2_IT_Pisa', 'tmplfn': '/store/user/lfavilla/DM_v0/ZJetsToNuNu_HT-1200To2500_TuneCP5_13TeV-madgraphMLM-pythia8/ZJetsToNuNu_HT1200To2500_2018/231114_184719/0000/tree_hadd_8.root', 'tmpsite': 'T2_US_Wisconsin', 'directstageout': 'F', 'size': 6889161, 'checksum': {'cksum': 1608497754, 'md5': '4e243d2a', 'adler32': '4e243d2a'}}]}
DEBUG 2023-11-15 14:58:46.331 UTC: 	 Getting url info
DEBUG 2023-11-15 14:58:46.331 UTC: 	 XRootD urls are requested
INFO 2023-11-15 14:58:46.331 UTC: 	 root://cms-xrd-global.cern.ch//store/user/lfavilla/DM_v0/ZJetsToNuNu_HT-1200To2500_TuneCP5_13TeV-madgraphMLM-pythia8/ZJetsToNuNu_HT1200To2500_2018/231114_184719/0000/tree_hadd_7.root
root://cms-xrd-global.cern.ch//store/user/lfavilla/DM_v0/ZJetsToNuNu_HT-1200To2500_TuneCP5_13TeV-madgraphMLM-pythia8/ZJetsToNuNu_HT1200To2500_2018/231114_184719/0000/tree_hadd_9.root
root://cms-xrd-global.cern.ch//store/user/lfavilla/DM_v0/ZJetsToNuNu_HT-1200To2500_TuneCP5_13TeV-madgraphMLM-pythia8/ZJetsToNuNu_HT1200To2500_2018/231114_184719/0000/tree_hadd_4.root
root://cms-xrd-global.cern.ch//store/user/lfavilla/DM_v0/ZJetsToNuNu_HT-1200To2500_TuneCP5_13TeV-madgraphMLM-pythia8/ZJetsToNuNu_HT1200To2500_2018/231114_184719/0000/tree_hadd_1.root
root://cms-xrd-global.cern.ch//store/user/lfavilla/DM_v0/ZJetsToNuNu_HT-1200To2500_TuneCP5_13TeV-madgraphMLM-pythia8/ZJetsToNuNu_HT1200To2500_2018/231114_184719/0000/tree_hadd_10.root
root://cms-xrd-global.cern.ch//store/user/lfavilla/DM_v0/ZJetsToNuNu_HT-1200To2500_TuneCP5_13TeV-madgraphMLM-pythia8/ZJetsToNuNu_HT1200To2500_2018/231114_184719/0000/tree_hadd_6.root
root://cms-xrd-global.cern.ch//store/user/lfavilla/DM_v0/ZJetsToNuNu_HT-1200To2500_TuneCP5_13TeV-madgraphMLM-pythia8/ZJetsToNuNu_HT1200To2500_2018/231114_184719/0000/tree_hadd_2.root
root://cms-xrd-global.cern.ch//store/user/lfavilla/DM_v0/ZJetsToNuNu_HT-1200To2500_TuneCP5_13TeV-madgraphMLM-pythia8/ZJetsToNuNu_HT1200To2500_2018/231114_184719/0000/tree_hadd_5.root
root://cms-xrd-global.cern.ch//store/user/lfavilla/DM_v0/ZJetsToNuNu_HT-1200To2500_TuneCP5_13TeV-madgraphMLM-pythia8/ZJetsToNuNu_HT1200To2500_2018/231114_184719/0000/tree_hadd_3.root
root://cms-xrd-global.cern.ch//store/user/lfavilla/DM_v0/ZJetsToNuNu_HT-1200To2500_TuneCP5_13TeV-madgraphMLM-pythia8/ZJetsToNuNu_HT1200To2500_2018/231114_184719/0000/tree_hadd_8.root
DEBUG 2023-11-15 14:58:46.361 UTC: 	 Log file is /afs/cern.ch/user/l/lfavilla/CMSSW_12_6_0/src/PhysicsTools/NanoAODTools/crab/crab_ZJetsToNuNu_HT1200To2500_2018/crab.log
