DEBUG 2023-11-14 18:47:28.953 UTC: 	 CRAB Client version: v3.231010
DEBUG 2023-11-14 18:47:28.953 UTC: 	 Running on: Linux lxplus799.cern.ch 3.10.0-1160.99.1.el7.x86_64 #1 SMP Wed Sep 13 14:19:20 UTC 2023 x86_64 x86_64 x86_64 GNU/Linux - CentOS Linux 7 (Core)
DEBUG 2023-11-14 18:47:28.953 UTC: 	 Executing command: 'submit'
DEBUG 2023-11-14 18:47:28.953 UTC: 	 Found CRAB cache file /afs/cern.ch/user/l/lfavilla/.crab3
INFO 2023-11-14 18:47:28.955 UTC: 	 Will use CRAB configuration file crab_cfg.py
DEBUG 2023-11-14 18:47:28.955 UTC: 	 Loading CRAB configuration file.
DEBUG 2023-11-14 18:47:29.028 UTC: 	 Will use CRAB Analysis plugin (i.e. will run an analysis job type).
DEBUG 2023-11-14 18:47:29.099 UTC: 	 Checking credentials
DEBUG 2023-11-14 18:47:29.100 UTC: 	 Found proxy file /tmp/x509up_u159320
DEBUG 2023-11-14 18:47:29.100 UTC: 	 Making sure it has proper VOMS extension
DEBUG 2023-11-14 18:47:29.100 UTC: 	 Executing command :
 voms-proxy-info --vo --file /tmp/x509up_u159320
DEBUG 2023-11-14 18:47:30.297 UTC: 	 output : cms

 error: 
 retcode : 0
DEBUG 2023-11-14 18:47:30.298 UTC: 	 Getting proxy life time left
DEBUG 2023-11-14 18:47:30.298 UTC: 	 Executing command :
 voms-proxy-info --actimeleft --timeleft --file /tmp/x509up_u159320
DEBUG 2023-11-14 18:47:31.473 UTC: 	 output : 29539
29539

 error: 
 retcode : 0
DEBUG 2023-11-14 18:47:31.473 UTC: 	 Proxy valid for 08:12:19 hours
DEBUG 2023-11-14 18:47:31.682 UTC: 	 Encoded data for curl request: subresource=delegatedn
DEBUG 2023-11-14 18:47:31.781 UTC: 	 Registering user credentials on myproxy for /DC=ch/DC=cern/OU=computers/CN=crab-(preprod|prod|dev)-tw(01|02|03).cern.ch|/DC=ch/DC=cern/OU=computers/CN=stefanov(m|m2).cern.ch|/DC=ch/DC=cern/OU=computers/CN=dciangot-tw.cern.ch
DEBUG 2023-11-14 18:47:31.781 UTC: 	 Executing command :
 voms-proxy-info --identity --file /tmp/x509up_u159320
DEBUG 2023-11-14 18:47:32.980 UTC: 	 output : /DC=ch/DC=cern/OU=Organic Units/OU=Users/CN=lfavilla/CN=867090/CN=Leonardo Favilla

 error: 
 retcode : 0
DEBUG 2023-11-14 18:47:32.980 UTC: 	 Getting myproxy life time left for 70284ad9de3a40585c76dbf527363be004fcbd17
DEBUG 2023-11-14 18:47:32.980 UTC: 	 Executing command :
 myproxy-info -s myproxy.cern.ch -l 70284ad9de3a40585c76dbf527363be004fcbd17
DEBUG 2023-11-14 18:47:33.429 UTC: 	 output : username: 70284ad9de3a40585c76dbf527363be004fcbd17
owner: /DC=ch/DC=cern/OU=Organic Units/OU=Users/CN=lfavilla/CN=867090/CN=Leonardo Favilla
  renewal policy: /DC=ch/DC=cern/OU=computers/CN=crab-(preprod|prod|dev)-tw(01|02|03).cern.ch|/DC=ch/DC=cern/OU=computers/CN=stefanov(m|m2).cern.ch|/DC=ch/DC=cern/OU=computers/CN=dciangot-tw.cern.ch
  trusted retrieval policy: /DC=ch/DC=cern/OU=computers/CN=crab-(preprod|prod|dev)-tw(01|02|03).cern.ch|/DC=ch/DC=cern/OU=computers/CN=stefanov(m|m2).cern.ch|/DC=ch/DC=cern/OU=computers/CN=dciangot-tw.cern.ch
  timeleft: 399:56:47  (16.7 days)

 error: 
 retcode : 0
DEBUG 2023-11-14 18:47:33.429 UTC: 	 Myproxy is valid: 1439760
DEBUG 2023-11-14 18:47:33.429 UTC: 	 Result of myproxy credential check:
  Credential exists on myproxy: username: 70284ad9de3a40585c76dbf527363be004fcbd17  - validity: 16 days, 15:56:00
DEBUG 2023-11-14 18:47:33.429 UTC: 	 Command use: submit
DEBUG 2023-11-14 18:47:33.429 UTC: 	 Options use: ['-c', 'crab_cfg.py']
DEBUG 2023-11-14 18:47:33.430 UTC: 	 Encoded data for curl request: subresource=version
DEBUG 2023-11-14 18:47:33.530 UTC: 	 CRABClient version: v3.231010
DEBUG 2023-11-14 18:47:33.530 UTC: 	 Instance is prod
DEBUG 2023-11-14 18:47:33.531 UTC: 	 Server base url is cmsweb.cern.ch
DEBUG 2023-11-14 18:47:33.531 UTC: 	 Command api workflow
DEBUG 2023-11-14 18:47:33.531 UTC: 	 Started submission
DEBUG 2023-11-14 18:47:33.531 UTC: 	 Working on /afs/cern.ch/user/l/lfavilla/CMSSW_12_6_0/src/PhysicsTools/NanoAODTools/crab/crab_ZJetsToNuNu_HT2500ToInf_2018
DEBUG 2023-11-14 18:47:33.531 UTC: 	 Encoded data for curl request: subresource=backendurls
DEBUG 2023-11-14 18:47:34.010 UTC: 	 Loading required information from the environment
DEBUG 2023-11-14 18:47:34.010 UTC: 	 Found CMSSW_12_6_0 for slc7_amd64_gcc10 with base /afs/cern.ch/user/l/lfavilla/CMSSW_12_6_0
DEBUG 2023-11-14 18:47:34.010 UTC: 	 Loading required information from the environment
DEBUG 2023-11-14 18:47:34.010 UTC: 	 Found CMSSW_12_6_0 for slc7_amd64_gcc10 with base /afs/cern.ch/user/l/lfavilla/CMSSW_12_6_0
DEBUG 2023-11-14 18:47:34.010 UTC: 	 UNIQUE NAME: tarUUID bc581c6e-b63f-41cf-bf56-0faf635f6e24 
DEBUG 2023-11-14 18:47:34.011 UTC: 	 self.config: from WMCore.Configuration import Configuration
config = Configuration()
config.section_('General')
config.General.requestName = 'ZJetsToNuNu_HT2500ToInf_2018'
config.General.transferLogs = True
config.section_('JobType')
config.JobType.psetName = 'PSet.py'
config.JobType.inputFiles = ['crab_script.py', '../scripts/haddnano.py', '../scripts/keep_and_drop.txt']
config.JobType.pluginName = 'Analysis'
config.JobType.scriptExe = 'crab_script.sh'
config.JobType.maxJobRuntimeMin = 2700
config.section_('Data')
config.Data.inputDBS = 'global'
config.Data.outLFNDirBase = '/store/user/lfavilla/DM_v0'
config.Data.outputDatasetTag = 'ZJetsToNuNu_HT2500ToInf_2018'
config.Data.allowNonValidInputDataset = True
config.Data.splitting = 'FileBased'
config.Data.publication = False
config.Data.unitsPerJob = 1
config.Data.inputDataset = '/ZJetsToNuNu_HT-2500ToInf_TuneCP5_13TeV-madgraphMLM-pythia8/RunIISummer20UL18NanoAODv9-106X_upgrade2018_realistic_v16_L1v1-v1/NANOAODSIM'
config.section_('Site')
config.Site.storageSite = 'T2_IT_Pisa'

DEBUG 2023-11-14 18:47:34.011 UTC: 	 self.config.JobType.psetName: PSet.py
INFO 2023-11-14 18:47:34.011 UTC: 	 Importing CMSSW configuration PSet.py
INFO 2023-11-14 18:47:34.612 UTC: 	 Finished importing CMSSW configuration PSet.py
DEBUG 2023-11-14 18:47:34.612 UTC: 	 Writing CMSSW configuration to /afs/cern.ch/user/l/lfavilla/CMSSW_12_6_0/src/PhysicsTools/NanoAODTools/crab/crab_ZJetsToNuNu_HT2500ToInf_2018/inputs/PSet.py
DEBUG 2023-11-14 18:47:34.669 UTC: 	 The following EDM output files will be collected: ['tree_hadd.root']
DEBUG 2023-11-14 18:47:34.670 UTC: 	 The following TFile output files will be collected: []
DEBUG 2023-11-14 18:47:34.670 UTC: 	 The following user output files (not listed as PoolOuputModule or TFileService in the CMSSW PSet) will be collected: 
DEBUG 2023-11-14 18:47:34.670 UTC: 	 Loading required information from the environment
DEBUG 2023-11-14 18:47:34.670 UTC: 	 Found CMSSW_12_6_0 for slc7_amd64_gcc10 with base /afs/cern.ch/user/l/lfavilla/CMSSW_12_6_0
DEBUG 2023-11-14 18:47:34.670 UTC: 	 Making tarball in /afs/cern.ch/user/l/lfavilla/CMSSW_12_6_0/src/PhysicsTools/NanoAODTools/crab/crab_ZJetsToNuNu_HT2500ToInf_2018/inputs/bc581c6e-b63f-41cf-bf56-0faf635f6e24default.tgz
DEBUG 2023-11-14 18:47:34.671 UTC: 	 Checking directory /afs/cern.ch/user/l/lfavilla/CMSSW_12_6_0/bin
DEBUG 2023-11-14 18:47:34.671 UTC: 	 Adding directory /afs/cern.ch/user/l/lfavilla/CMSSW_12_6_0/bin to tarball
DEBUG 2023-11-14 18:47:34.695 UTC: 	 Checking directory /afs/cern.ch/user/l/lfavilla/CMSSW_12_6_0/python
DEBUG 2023-11-14 18:47:34.695 UTC: 	 Adding directory /afs/cern.ch/user/l/lfavilla/CMSSW_12_6_0/python to tarball
DEBUG 2023-11-14 18:47:34.705 UTC: 	 Checking directory /afs/cern.ch/user/l/lfavilla/CMSSW_12_6_0/cfipython
DEBUG 2023-11-14 18:47:34.705 UTC: 	 Adding directory /afs/cern.ch/user/l/lfavilla/CMSSW_12_6_0/cfipython to tarball
DEBUG 2023-11-14 18:47:34.712 UTC: 	 Checking directory /afs/cern.ch/user/l/lfavilla/CMSSW_12_6_0/lib
DEBUG 2023-11-14 18:47:34.712 UTC: 	 Adding directory /afs/cern.ch/user/l/lfavilla/CMSSW_12_6_0/lib to tarball
DEBUG 2023-11-14 18:47:34.719 UTC: 	 Checking directory /afs/cern.ch/user/l/lfavilla/CMSSW_12_6_0/biglib
DEBUG 2023-11-14 18:47:34.719 UTC: 	 Adding directory /afs/cern.ch/user/l/lfavilla/CMSSW_12_6_0/biglib to tarball
DEBUG 2023-11-14 18:47:34.721 UTC: 	 Checking directory /afs/cern.ch/user/l/lfavilla/CMSSW_12_6_0/module
DEBUG 2023-11-14 18:47:34.722 UTC: 	 Checking directory /afs/cern.ch/user/l/lfavilla/CMSSW_12_6_0/config/SCRAM/hooks
DEBUG 2023-11-14 18:47:34.723 UTC: 	 Adding directory /afs/cern.ch/user/l/lfavilla/CMSSW_12_6_0/config/SCRAM/hooks to tarball
DEBUG 2023-11-14 18:47:35.276 UTC: 	 Adding directory /afs/cern.ch/user/l/lfavilla/CMSSW_12_6_0/src/PhysicsTools/NanoAODTools/data to tarball
DEBUG 2023-11-14 18:47:54.718 UTC: 	 Adding directory /afs/cern.ch/user/l/lfavilla/CMSSW_12_6_0/src/PhysicsTools/NanoAODTools/interface to tarball
DEBUG 2023-11-14 18:47:54.725 UTC: 	 Adding directory /afs/cern.ch/user/l/lfavilla/CMSSW_12_6_0/src/PhysicsTools/NanoAODTools/python to tarball
DEBUG 2023-11-14 18:48:14.422 UTC: 	 Adding directory /afs/cern.ch/user/l/lfavilla/CMSSW_12_6_0/src/PhysicsTools/NanoAODTools/python/postprocessing/data to tarball
DEBUG 2023-11-14 18:48:19.433 UTC: 	 Adding file crab_script.py to tarball
DEBUG 2023-11-14 18:48:19.434 UTC: 	 Adding file ../scripts/haddnano.py to tarball
DEBUG 2023-11-14 18:48:19.435 UTC: 	 Adding file ../scripts/keep_and_drop.txt to tarball
DEBUG 2023-11-14 18:48:25.220 UTC: 	 Uploading archive /afs/cern.ch/user/l/lfavilla/CMSSW_12_6_0/src/PhysicsTools/NanoAODTools/crab/crab_ZJetsToNuNu_HT2500ToInf_2018/inputs/bc581c6e-b63f-41cf-bf56-0faf635f6e24default.tgz (89 MB) to the CRAB cache. Using URI https://cmsweb.cern.ch/S3/crabcache_prod
DEBUG 2023-11-14 18:48:53.445 UTC: 	 Encoded data for curl request: subresource=upload&objecttype=sandbox&tarballname=7352e21212b7c260f4584c4e914c397e1005859596efaad49ab4108588eb2130.tar.gz
DEBUG 2023-11-14 18:48:53.634 UTC: 	 Will execute:
curl -f -v -X POST  -H "User-Agent: CRAB" -F "key=lfavilla/sandboxes/7352e21212b7c260f4584c4e914c397e1005859596efaad49ab4108588eb2130.tar.gz" -F "AWSAccessKeyId=ab00fcc889f248c495d2875f15a3badb" -F "policy=eyJleHBpcmF0aW9uIjogIjIwMjMtMTEtMTRUMTk6NDg6NTNaIiwgImNvbmRpdGlvbnMiOiBbeyJidWNrZXQiOiAiY3JhYmNhY2hlX3Byb2QifSwgeyJrZXkiOiAibGZhdmlsbGEvc2FuZGJveGVzLzczNTJlMjEyMTJiN2MyNjBmNDU4NGM0ZTkxNGMzOTdlMTAwNTg1OTU5NmVmYWFkNDlhYjQxMDg1ODhlYjIxMzAudGFyLmd6In1dfQ==" -F "signature=jVSfuv0XCqdZYD536FPurouj/wo=" -F "file=@/afs/cern.ch/user/l/lfavilla/CMSSW_12_6_0/src/PhysicsTools/NanoAODTools/crab/crab_ZJetsToNuNu_HT2500ToInf_2018/inputs/bc581c6e-b63f-41cf-bf56-0faf635f6e24default.tgz" "https://s3.cern.ch/crabcache_prod"
DEBUG 2023-11-14 18:48:55.505 UTC: 	 exitcode: 0
stdout: b''
DEBUG 2023-11-14 18:48:55.505 UTC: 	 sandbox /afs/cern.ch/user/l/lfavilla/CMSSW_12_6_0/src/PhysicsTools/NanoAODTools/crab/crab_ZJetsToNuNu_HT2500ToInf_2018/inputs/bc581c6e-b63f-41cf-bf56-0faf635f6e24default.tgz successully uploaded to S3
DEBUG 2023-11-14 18:48:55.505 UTC: 	 Loading required information from the environment
DEBUG 2023-11-14 18:48:55.505 UTC: 	 Found CMSSW_12_6_0 for slc7_amd64_gcc10 with base /afs/cern.ch/user/l/lfavilla/CMSSW_12_6_0
DEBUG 2023-11-14 18:48:55.505 UTC: 	 Making tarball in /afs/cern.ch/user/l/lfavilla/CMSSW_12_6_0/src/PhysicsTools/NanoAODTools/crab/crab_ZJetsToNuNu_HT2500ToInf_2018/inputs/debugFiles.tgz
DEBUG 2023-11-14 18:48:55.515 UTC: 	 Uploading archive /afs/cern.ch/user/l/lfavilla/CMSSW_12_6_0/src/PhysicsTools/NanoAODTools/crab/crab_ZJetsToNuNu_HT2500ToInf_2018/inputs/debugFiles.tgz (1 KB) to the CRAB cache. Using URI https://cmsweb.cern.ch/S3/crabcache_prod
DEBUG 2023-11-14 18:48:55.518 UTC: 	 Encoded data for curl request: subresource=upload&objecttype=sandbox&tarballname=42b91849ecd044a7d543ad5ce9daf7bb84e68afee9d706fbad2aa675884811a4.tar.gz
DEBUG 2023-11-14 18:48:55.703 UTC: 	 Will execute:
curl -f -v -X POST  -H "User-Agent: CRAB" -F "key=lfavilla/sandboxes/42b91849ecd044a7d543ad5ce9daf7bb84e68afee9d706fbad2aa675884811a4.tar.gz" -F "AWSAccessKeyId=ab00fcc889f248c495d2875f15a3badb" -F "policy=eyJleHBpcmF0aW9uIjogIjIwMjMtMTEtMTRUMTk6NDg6NTVaIiwgImNvbmRpdGlvbnMiOiBbeyJidWNrZXQiOiAiY3JhYmNhY2hlX3Byb2QifSwgeyJrZXkiOiAibGZhdmlsbGEvc2FuZGJveGVzLzQyYjkxODQ5ZWNkMDQ0YTdkNTQzYWQ1Y2U5ZGFmN2JiODRlNjhhZmVlOWQ3MDZmYmFkMmFhNjc1ODg0ODExYTQudGFyLmd6In1dfQ==" -F "signature=TGs9E+yhOWoRmKAhPCYndzjSEZc=" -F "file=@/afs/cern.ch/user/l/lfavilla/CMSSW_12_6_0/src/PhysicsTools/NanoAODTools/crab/crab_ZJetsToNuNu_HT2500ToInf_2018/inputs/debugFiles.tgz" "https://s3.cern.ch/crabcache_prod"
DEBUG 2023-11-14 18:48:55.820 UTC: 	 exitcode: 0
stdout: b''
DEBUG 2023-11-14 18:48:55.820 UTC: 	 sandbox /afs/cern.ch/user/l/lfavilla/CMSSW_12_6_0/src/PhysicsTools/NanoAODTools/crab/crab_ZJetsToNuNu_HT2500ToInf_2018/inputs/debugFiles.tgz successully uploaded to S3
DEBUG 2023-11-14 18:48:55.820 UTC: 	 Result uploading input files: 7352e21212b7c260f4584c4e914c397e1005859596efaad49ab4108588eb2130.tar.gz 
INFO 2023-11-14 18:48:55.822 UTC: 	 Sending the request to the server at cmsweb.cern.ch
DEBUG 2023-11-14 18:48:55.822 UTC: 	 Submitting {'dryrun': 0, 'workflow': 'crab_ZJetsToNuNu_HT2500ToInf_2018', 'saveoutput': 1, 'savelogsflag': 1, 'inputdata': '/ZJetsToNuNu_HT-2500ToInf_TuneCP5_13TeV-madgraphMLM-pythia8/RunIISummer20UL18NanoAODv9-106X_upgrade2018_realistic_v16_L1v1-v1/NANOAODSIM', 'primarydataset': '', 'nonvaliddata': 1, 'userfiles': [], 'dbsurl': 'https://cmsweb.cern.ch/dbs/prod/global/DBSReader', 'useparent': 0, 'ignorelocality': 0, 'splitalgo': 'FileBased', 'algoargs': 1, 'totalunits': 0, 'lfn': '/store/user/lfavilla/DM_v0', 'publication': 0, 'publishdbsurl': 'https://cmsweb.cern.ch/dbs/prod/phys03/DBSWriter', 'publishname2': 'ZJetsToNuNu_HT2500ToInf_2018', 'jobtype': 'Analysis', 'generator': 'pythia', 'addoutputfiles': [], 'maxjobruntime': 2700, 'numcores': 1, 'maxmemory': 2000, 'priority': 10, 'nonprodsw': 0, 'scriptexe': 'crab_script.sh', 'asyncdest': 'T2_IT_Pisa', 'requireaccelerator': 0, 'oneEventMode': 0, 'extrajdl': [], 'ignoreglobalblacklist': 0, 'partialdataset': 0, 'inputblocks': [], 'tfileoutfiles': [], 'edmoutfiles': ['tree_hadd.root'], 'jobarch': 'slc7_amd64_gcc10', 'jobsw': 'CMSSW_12_6_0', 'cacheurl': 'https://cmsweb.cern.ch/S3/crabcache_prod', 'cachefilename': '7352e21212b7c260f4584c4e914c397e1005859596efaad49ab4108588eb2130.tar.gz', 'debugfilename': '42b91849ecd044a7d543ad5ce9daf7bb84e68afee9d706fbad2aa675884811a4.tar.gz'} 
DEBUG 2023-11-14 18:48:55.823 UTC: 	 Encoded data for curl request: dryrun=0&workflow=crab_ZJetsToNuNu_HT2500ToInf_2018&saveoutput=1&savelogsflag=1&inputdata=%2FZJetsToNuNu_HT-2500ToInf_TuneCP5_13TeV-madgraphMLM-pythia8%2FRunIISummer20UL18NanoAODv9-106X_upgrade2018_realistic_v16_L1v1-v1%2FNANOAODSIM&primarydataset=&nonvaliddata=1&dbsurl=https%3A%2F%2Fcmsweb.cern.ch%2Fdbs%2Fprod%2Fglobal%2FDBSReader&useparent=0&ignorelocality=0&splitalgo=FileBased&algoargs=1&totalunits=0&lfn=%2Fstore%2Fuser%2Flfavilla%2FDM_v0&publication=0&publishdbsurl=https%3A%2F%2Fcmsweb.cern.ch%2Fdbs%2Fprod%2Fphys03%2FDBSWriter&publishname2=ZJetsToNuNu_HT2500ToInf_2018&jobtype=Analysis&generator=pythia&maxjobruntime=2700&numcores=1&maxmemory=2000&priority=10&nonprodsw=0&scriptexe=crab_script.sh&asyncdest=T2_IT_Pisa&requireaccelerator=0&oneEventMode=0&ignoreglobalblacklist=0&partialdataset=0&jobarch=slc7_amd64_gcc10&jobsw=CMSSW_12_6_0&cacheurl=https%3A%2F%2Fcmsweb.cern.ch%2FS3%2Fcrabcache_prod&cachefilename=7352e21212b7c260f4584c4e914c397e1005859596efaad49ab4108588eb2130.tar.gz&debugfilename=42b91849ecd044a7d543ad5ce9daf7bb84e68afee9d706fbad2aa675884811a4.tar.gz&edmoutfiles=tree_hadd.root
DEBUG 2023-11-14 18:48:55.954 UTC: 	 Result: {'result': [{'RequestName': '231114_184855:lfavilla_crab_ZJetsToNuNu_HT2500ToInf_2018'}]}
INFO 2023-11-14 18:48:55.961 UTC: 	 Success: Your task has been delivered to the prod CRAB3 server.
INFO 2023-11-14 18:48:55.962 UTC: 	 Task name: 231114_184855:lfavilla_crab_ZJetsToNuNu_HT2500ToInf_2018
INFO 2023-11-14 18:48:55.962 UTC: 	 Project dir: ./crab_ZJetsToNuNu_HT2500ToInf_2018
INFO 2023-11-14 18:48:55.962 UTC: 	 Please use ' crab status -d ./crab_ZJetsToNuNu_HT2500ToInf_2018 ' to check how the submission process proceeds.
DEBUG 2023-11-14 18:48:55.962 UTC: 	 About to return
INFO 2023-11-14 18:48:55.966 UTC: 	 Log file is /afs/cern.ch/user/l/lfavilla/CMSSW_12_6_0/src/PhysicsTools/NanoAODTools/crab/crab_ZJetsToNuNu_HT2500ToInf_2018/crab.log
DEBUG 2023-11-15 07:35:01.352 UTC: 	 CRAB Client version: v3.231010
DEBUG 2023-11-15 07:35:01.353 UTC: 	 Running on: Linux lxplus799.cern.ch 3.10.0-1160.99.1.el7.x86_64 #1 SMP Wed Sep 13 14:19:20 UTC 2023 x86_64 x86_64 x86_64 GNU/Linux - CentOS Linux 7 (Core)
DEBUG 2023-11-15 07:35:01.353 UTC: 	 Executing command: 'status'
DEBUG 2023-11-15 07:35:01.353 UTC: 	 Found CRAB cache file /afs/cern.ch/user/l/lfavilla/.crab3
DEBUG 2023-11-15 07:35:01.414 UTC: 	 Checking credentials
DEBUG 2023-11-15 07:35:01.414 UTC: 	 Found proxy file /tmp/x509up_u159320
DEBUG 2023-11-15 07:35:01.414 UTC: 	 Making sure it has proper VOMS extension
DEBUG 2023-11-15 07:35:01.414 UTC: 	 Executing command :
 voms-proxy-info --vo --file /tmp/x509up_u159320
DEBUG 2023-11-15 07:35:02.405 UTC: 	 output : cms

 error: 
 retcode : 0
DEBUG 2023-11-15 07:35:02.405 UTC: 	 Getting proxy life time left
DEBUG 2023-11-15 07:35:02.405 UTC: 	 Executing command :
 voms-proxy-info --actimeleft --timeleft --file /tmp/x509up_u159320
DEBUG 2023-11-15 07:35:03.341 UTC: 	 output : 43096
43096

 error: 
 retcode : 0
DEBUG 2023-11-15 07:35:03.341 UTC: 	 Proxy valid for 11:58:16 hours
DEBUG 2023-11-15 07:35:03.446 UTC: 	 Encoded data for curl request: subresource=delegatedn
DEBUG 2023-11-15 07:35:03.514 UTC: 	 Registering user credentials on myproxy for /DC=ch/DC=cern/OU=computers/CN=crab-(preprod|prod|dev)-tw(01|02|03).cern.ch|/DC=ch/DC=cern/OU=computers/CN=stefanov(m|m2).cern.ch|/DC=ch/DC=cern/OU=computers/CN=dciangot-tw.cern.ch
DEBUG 2023-11-15 07:35:03.515 UTC: 	 Executing command :
 voms-proxy-info --identity --file /tmp/x509up_u159320
DEBUG 2023-11-15 07:35:04.426 UTC: 	 output : /DC=ch/DC=cern/OU=Organic Units/OU=Users/CN=lfavilla/CN=867090/CN=Leonardo Favilla

 error: 
 retcode : 0
DEBUG 2023-11-15 07:35:04.426 UTC: 	 Getting myproxy life time left for 70284ad9de3a40585c76dbf527363be004fcbd17
DEBUG 2023-11-15 07:35:04.426 UTC: 	 Executing command :
 myproxy-info -s myproxy.cern.ch -l 70284ad9de3a40585c76dbf527363be004fcbd17
DEBUG 2023-11-15 07:35:04.717 UTC: 	 output : username: 70284ad9de3a40585c76dbf527363be004fcbd17
owner: /DC=ch/DC=cern/OU=Organic Units/OU=Users/CN=lfavilla/CN=867090/CN=Leonardo Favilla
  renewal policy: /DC=ch/DC=cern/OU=computers/CN=crab-(preprod|prod|dev)-tw(01|02|03).cern.ch|/DC=ch/DC=cern/OU=computers/CN=stefanov(m|m2).cern.ch|/DC=ch/DC=cern/OU=computers/CN=dciangot-tw.cern.ch
  trusted retrieval policy: /DC=ch/DC=cern/OU=computers/CN=crab-(preprod|prod|dev)-tw(01|02|03).cern.ch|/DC=ch/DC=cern/OU=computers/CN=stefanov(m|m2).cern.ch|/DC=ch/DC=cern/OU=computers/CN=dciangot-tw.cern.ch
  timeleft: 387:09:16  (16.1 days)

 error: 
 retcode : 0
DEBUG 2023-11-15 07:35:04.717 UTC: 	 Myproxy is valid: 1393740
DEBUG 2023-11-15 07:35:04.717 UTC: 	 Result of myproxy credential check:
  Credential exists on myproxy: username: 70284ad9de3a40585c76dbf527363be004fcbd17  - validity: 16 days, 3:09:00
DEBUG 2023-11-15 07:35:04.718 UTC: 	 Command use: status
DEBUG 2023-11-15 07:35:04.718 UTC: 	 Options use: ['-d', 'crab_ZJetsToNuNu_HT2500ToInf_2018']
DEBUG 2023-11-15 07:35:04.718 UTC: 	 Encoded data for curl request: subresource=version
DEBUG 2023-11-15 07:35:04.800 UTC: 	 CRABClient version: v3.231010
DEBUG 2023-11-15 07:35:04.800 UTC: 	 Instance is prod
DEBUG 2023-11-15 07:35:04.800 UTC: 	 Server base url is cmsweb.cern.ch
DEBUG 2023-11-15 07:35:04.800 UTC: 	 Command api workflow
DEBUG 2023-11-15 07:35:04.800 UTC: 	 Encoded data for curl request: subresource=search&workflow=231114_184855%3Alfavilla_crab_ZJetsToNuNu_HT2500ToInf_2018
DEBUG 2023-11-15 07:35:04.945 UTC: 	 Got information from server oracle database: {'desc': {'columns': ['tm_taskname', 'tm_activity', 'panda_jobset_id', 'tm_task_status', 'tm_task_command', 'tm_start_time', 'tm_start_injection', 'tm_end_injection', 'tm_task_failure', 'tm_job_sw', 'tm_job_arch', 'tm_input_dataset', 'tm_nonvalid_input_dataset', 'tm_use_parent', 'tm_site_whitelist', 'tm_site_blacklist', 'tm_split_algo', 'tm_split_args', 'tm_user_sandbox', 'tm_cache_url', 'tm_username', 'tm_user_dn', 'tm_user_vo', 'tm_user_role', 'tm_user_group', 'tm_publish_name', 'tm_publish_groupname', 'tm_asyncdest', 'tm_dbs_url', 'tm_publish_dbs_url', 'tm_publication', 'tm_outfiles', 'tm_tfile_outfiles', 'tm_edm_outfiles', 'tm_job_type', 'tm_generator', 'tm_events_per_lumi', 'tm_arguments', 'panda_resubmitted_jobs', 'tm_save_logs', 'tw_name', 'tm_user_infiles', 'tm_maxjobruntime', 'tm_numcores', 'tm_maxmemory', 'tm_priority', 'tm_output_dataset', 'tm_task_warnings', 'tm_user_webdir', 'tm_scriptexe', 'tm_scriptargs', 'tm_extrajdl', 'tm_asourl', 'tm_collector', 'tm_schedd', 'tm_dry_run', 'tm_user_files', 'tm_transfer_outputs', 'tm_output_lfn', 'tm_ignore_locality', 'tm_fail_limit', 'tm_one_event_mode', 'tm_secondary_input_dataset', 'tm_primary_dataset', 'tm_last_publication', 'tm_debug_files', 'clusterid', 'tm_asodb', 'tm_ignore_global_blacklist', 'tm_submitter_ip_addr', 'tm_totalunits', 'tm_ddm_reqid', 'tm_user_config', 'tm_transfer_container', 'tm_transfer_rule', 'tm_publish_rule']}, 'result': ['231114_184855:lfavilla_crab_ZJetsToNuNu_HT2500ToInf_2018', 'None', 'None', 'SUBMITTED', 'SUBMIT', '2023-11-14 18:48:55.944799', 'None', '2023-11-14 18:50:02.459030', 'None', 'CMSSW_12_6_0', 'slc7_amd64_gcc10', '/ZJetsToNuNu_HT-2500ToInf_TuneCP5_13TeV-madgraphMLM-pythia8/RunIISummer20UL18NanoAODv9-106X_upgrade2018_realistic_v16_L1v1-v1/NANOAODSIM', 'T', '0', '[]', '[]', 'FileBased', "{'halt_job_on_file_boundaries': False, 'splitOnRun': False, 'files_per_job': 1, 'runs': [], 'lumis': []}", '7352e21212b7c260f4584c4e914c397e1005859596efaad49ab4108588eb2130.tar.gz', 'https://cmsweb.cern.ch/S3/crabcache_prod', 'lfavilla', '/DC=ch/DC=cern/OU=Organic Units/OU=Users/CN=lfavilla/CN=867090/CN=Leonardo Favilla', 'cms', 'None', 'None', 'ZJetsToNuNu_HT2500ToInf_2018-00000000000000000000000000000000', 'F', 'T2_IT_Pisa', 'https://cmsweb.cern.ch/dbs/prod/global/DBSReader', 'https://cmsweb.cern.ch/dbs/prod/phys03/DBSWriter', 'F', '[]', '[]', "['tree_hadd.root']", 'Analysis', 'pythia', 'None', '{}', 'None', 'T', 'crab-prod-tw01', '[]', '2700', '1', '2000', '10', "['/ZJetsToNuNu_HT-2500ToInf_TuneCP5_13TeV-madgraphMLM-pythia8/lfavilla-ZJetsToNuNu_HT2500ToInf_2018-00000000000000000000000000000000/USER']", '[]', 'http://vocms0197.cern.ch/mon/lfavilla/231114_184855:lfavilla_crab_ZJetsToNuNu_HT2500ToInf_2018', 'crab_script.sh', '[]', '[]', 'None', 'cmsgwms-collector-global.cern.ch:9620,cmsgwms-collector-global.fnal.gov:9620', 'crab3@vocms0197.cern.ch', 'F', '[]', 'T', '/store/user/lfavilla/DM_v0', 'F', 'None', 'F', 'None', 'ZJetsToNuNu_HT-2500ToInf_TuneCP5_13TeV-madgraphMLM-pythia8', 'None', '42b91849ecd044a7d543ad5ce9daf7bb84e68afee9d706fbad2aa675884811a4.tar.gz', '97205578', 'None', 'F', '137.138.154.184', '0.0', 'None', '{"partialdataset": false, "requireaccelerator": false, "acceleratorparams": null, "inputblocks": null}', 'None', 'None', 'None']}
INFO 2023-11-15 07:35:04.945 UTC: 	 CRAB project directory:		/afs/cern.ch/user/l/lfavilla/CMSSW_12_6_0/src/PhysicsTools/NanoAODTools/crab/crab_ZJetsToNuNu_HT2500ToInf_2018
INFO 2023-11-15 07:35:04.946 UTC: 	 Task name:			231114_184855:lfavilla_crab_ZJetsToNuNu_HT2500ToInf_2018
INFO 2023-11-15 07:35:04.946 UTC: 	 Grid scheduler - Task Worker:	crab3@vocms0197.cern.ch - crab-prod-tw01
INFO 2023-11-15 07:35:04.946 UTC: 	 Status on the CRAB server:	SUBMITTED
INFO 2023-11-15 07:35:04.947 UTC: 	 Task URL to use for HELP:	https://cmsweb.cern.ch/crabserver/ui/task/231114_184855%3Alfavilla_crab_ZJetsToNuNu_HT2500ToInf_2018
INFO 2023-11-15 07:35:04.969 UTC: 	 Dashboard monitoring URL:	https://monit-grafana.cern.ch/d/cmsTMDetail/cms-task-monitoring-task-view?orgId=11&var-user=lfavilla&var-task=231114_184855%3Alfavilla_crab_ZJetsToNuNu_HT2500ToInf_2018&from=1699984135000&to=now
DEBUG 2023-11-15 07:35:04.969 UTC: 	 The CRAB server submitted your task to the Grid scheduler (cluster ID: 97205578)
DEBUG 2023-11-15 07:35:04.969 UTC: 	 Webdir is located at http://vocms0197.cern.ch/mon/lfavilla/231114_184855:lfavilla_crab_ZJetsToNuNu_HT2500ToInf_2018
DEBUG 2023-11-15 07:35:04.969 UTC: 	 Encoded data for curl request: subresource=webdirprx&workflow=231114_184855%3Alfavilla_crab_ZJetsToNuNu_HT2500ToInf_2018
DEBUG 2023-11-15 07:35:05.085 UTC: 	 Proxied webdir is located at https://cmsweb.cern.ch:8443/scheddmon/0197/lfavilla/231114_184855:lfavilla_crab_ZJetsToNuNu_HT2500ToInf_2018
DEBUG 2023-11-15 07:35:05.086 UTC: 	 Retrieving 'status_cache' file from https://cmsweb.cern.ch:8443/scheddmon/0197/lfavilla/231114_184855:lfavilla_crab_ZJetsToNuNu_HT2500ToInf_2018/status_cache.pkl
DEBUG 2023-11-15 07:35:05.086 UTC: 	 Will execute:
curl -sS --capath /etc/grid-security/certificates --cert /tmp/x509up_u159320 --key /tmp/x509up_u159320 -o /tmp/crab_status-cache-ule0cpws.pkl -w %"{http_code}" "https://cmsweb.cern.ch:8443/scheddmon/0197/lfavilla/231114_184855:lfavilla_crab_ZJetsToNuNu_HT2500ToInf_2018/status_cache.pkl"
DEBUG 2023-11-15 07:35:05.086 UTC: 	 Executing command :
 curl -sS --capath /etc/grid-security/certificates --cert /tmp/x509up_u159320 --key /tmp/x509up_u159320 -o /tmp/crab_status-cache-ule0cpws.pkl -w %"{http_code}" "https://cmsweb.cern.ch:8443/scheddmon/0197/lfavilla/231114_184855:lfavilla_crab_ZJetsToNuNu_HT2500ToInf_2018/status_cache.pkl"
DEBUG 2023-11-15 07:35:05.167 UTC: 	 output : 200
 error: 
 retcode : 0
DEBUG 2023-11-15 07:35:05.168 UTC: 	 exitcode: 0
stdout: 200
stderr: 
error details: 
DEBUG 2023-11-15 07:35:05.168 UTC: 	 Got information from status cache file: {'1': {'Retries': 0, 'Restarts': 0, 'SiteHistory': ['Unknown', 'T2_US_MIT', 'T2_US_MIT'], 'ResidentSetSize': [773276], 'SubmitTimes': [1699987812.0], 'StartTimes': [1699993218.0], 'EndTimes': [1699997255.0], 'TotalUserCpuTimeHistory': [3901], 'TotalSysCpuTimeHistory': [568], 'WallDurations': [8.0, 58.35862755775452, 4037.0], 'JobIds': ['97205580.0'], 'State': 'finished', 'RecordedSite': True}, '2': {'Retries': 0, 'Restarts': 0, 'SiteHistory': ['Unknown', 'T2_UK_SGrid_RALPP', 'T2_UK_SGrid_RALPP'], 'ResidentSetSize': [904444], 'SubmitTimes': [1699987812.0], 'StartTimes': [1699987963.0], 'EndTimes': [1700027242.0], 'TotalUserCpuTimeHistory': [41082.0], 'TotalSysCpuTimeHistory': [14294.0], 'WallDurations': [8.0, 210.0636122226715, 39279.0], 'JobIds': ['97205581.0'], 'State': 'finished', 'RecordedSite': True}, '3': {'Retries': 2, 'Restarts': 0, 'SiteHistory': ['Unknown', 'T2_DE_DESY', 'T2_DE_DESY', 'Unknown', 'T2_DE_DESY', 'T2_DE_DESY', 'T2_DE_DESY', 'T2_DE_DESY'], 'ResidentSetSize': [12312, 30000, 29988], 'SubmitTimes': [1699987812.0, 1699988596.0, 1699989143.0], 'StartTimes': [1699988456.0, 1699988955.0, 1699989209.0], 'EndTimes': [1699988527.0, 1699989017.0, 1699989271.0], 'TotalUserCpuTimeHistory': [4, 8, 13], 'TotalSysCpuTimeHistory': [0, 0, 0], 'WallDurations': [9.0, 17.262810230255127, 71.0, 62.0, 118.65333390235901, 118.65333390235901, 62.0, 164.84161615371704], 'JobIds': ['97205582.0', '97205853.0', '97206222.0'], 'State': 'failed', 'RecordedSite': True, 'Error': [50115, 'BadFWJRXML', {}]}}
INFO 2023-11-15 07:35:05.168 UTC: 	 Status on the scheduler:	FAILED
INFO 2023-11-15 07:35:05.169 UTC: 	 
Jobs status:                    failed       		 33.3% (1/3)
INFO 2023-11-15 07:35:05.169 UTC: 	 				finished     		 66.7% (2/3)
INFO 2023-11-15 07:35:05.169 UTC: 	 
No publication information (publication has been disabled in the CRAB configuration file)
INFO 2023-11-15 07:35:05.169 UTC: 	 
Error Summary: (use crab status --verboseErrors for details about the errors)

1 jobs failed with exit code 50115

Have a look at https://twiki.cern.ch/twiki/bin/viewauth/CMSPublic/JobExitCodes for a description of the exit codes.
INFO 2023-11-15 07:35:05.169 UTC: 	 
Warning: the max jobs runtime is less than 30% of the task requested value (2700 min), please consider to request a lower value for failed jobs (allowed through crab resubmit) and/or improve the jobs splitting (e.g. config.Data.splitting = 'Automatic') in a new task.
INFO 2023-11-15 07:35:05.169 UTC: 	 
Summary of run jobs:
 * Memory: 29MB min, 883MB max, 556MB ave
 * Runtime: 0:02:44 min, 10:54:39 max, 4:01:33 ave
 * CPU eff: 8% min, 141% max, 138% ave
 * Waste: 0:12:22 (2% of total)

INFO 2023-11-15 07:35:05.181 UTC: 	 Log file is /afs/cern.ch/user/l/lfavilla/CMSSW_12_6_0/src/PhysicsTools/NanoAODTools/crab/crab_ZJetsToNuNu_HT2500ToInf_2018/crab.log
DEBUG 2023-11-15 11:06:00.575 UTC: 	 CRAB Client version: v3.231010
DEBUG 2023-11-15 11:06:00.576 UTC: 	 Running on: Linux lxplus743.cern.ch 3.10.0-1160.95.1.el7.x86_64 #1 SMP Mon Jul 24 13:59:37 UTC 2023 x86_64 x86_64 x86_64 GNU/Linux - CentOS Linux 7 (Core)
DEBUG 2023-11-15 11:06:00.576 UTC: 	 Executing command: 'status'
DEBUG 2023-11-15 11:06:00.576 UTC: 	 Found CRAB cache file /afs/cern.ch/user/l/lfavilla/.crab3
DEBUG 2023-11-15 11:06:00.643 UTC: 	 Checking credentials
DEBUG 2023-11-15 11:06:00.643 UTC: 	 Found proxy file /tmp/x509up_u159320
DEBUG 2023-11-15 11:06:00.643 UTC: 	 Making sure it has proper VOMS extension
DEBUG 2023-11-15 11:06:00.643 UTC: 	 Executing command :
 voms-proxy-info --vo --file /tmp/x509up_u159320
DEBUG 2023-11-15 11:06:01.063 UTC: 	 output : cms

 error: 
 retcode : 0
DEBUG 2023-11-15 11:06:01.064 UTC: 	 Getting proxy life time left
DEBUG 2023-11-15 11:06:01.064 UTC: 	 Executing command :
 voms-proxy-info --actimeleft --timeleft --file /tmp/x509up_u159320
DEBUG 2023-11-15 11:06:01.462 UTC: 	 output : 42785
42785

 error: 
 retcode : 0
DEBUG 2023-11-15 11:06:01.463 UTC: 	 Proxy valid for 11:53:05 hours
DEBUG 2023-11-15 11:06:01.481 UTC: 	 Encoded data for curl request: subresource=delegatedn
DEBUG 2023-11-15 11:06:01.531 UTC: 	 Registering user credentials on myproxy for /DC=ch/DC=cern/OU=computers/CN=crab-(preprod|prod|dev)-tw(01|02|03).cern.ch|/DC=ch/DC=cern/OU=computers/CN=stefanov(m|m2).cern.ch|/DC=ch/DC=cern/OU=computers/CN=dciangot-tw.cern.ch
DEBUG 2023-11-15 11:06:01.531 UTC: 	 Executing command :
 voms-proxy-info --identity --file /tmp/x509up_u159320
DEBUG 2023-11-15 11:06:01.946 UTC: 	 output : /DC=ch/DC=cern/OU=Organic Units/OU=Users/CN=lfavilla/CN=867090/CN=Leonardo Favilla

 error: 
 retcode : 0
DEBUG 2023-11-15 11:06:01.946 UTC: 	 Getting myproxy life time left for 70284ad9de3a40585c76dbf527363be004fcbd17
DEBUG 2023-11-15 11:06:01.946 UTC: 	 Executing command :
 myproxy-info -s myproxy.cern.ch -l 70284ad9de3a40585c76dbf527363be004fcbd17
DEBUG 2023-11-15 11:06:02.307 UTC: 	 output : username: 70284ad9de3a40585c76dbf527363be004fcbd17
owner: /DC=ch/DC=cern/OU=Organic Units/OU=Users/CN=lfavilla/CN=867090/CN=Leonardo Favilla
  renewal policy: /DC=ch/DC=cern/OU=computers/CN=crab-(preprod|prod|dev)-tw(01|02|03).cern.ch|/DC=ch/DC=cern/OU=computers/CN=stefanov(m|m2).cern.ch|/DC=ch/DC=cern/OU=computers/CN=dciangot-tw.cern.ch
  trusted retrieval policy: /DC=ch/DC=cern/OU=computers/CN=crab-(preprod|prod|dev)-tw(01|02|03).cern.ch|/DC=ch/DC=cern/OU=computers/CN=stefanov(m|m2).cern.ch|/DC=ch/DC=cern/OU=computers/CN=dciangot-tw.cern.ch
  timeleft: 383:38:18  (16.0 days)

 error: 
 retcode : 0
DEBUG 2023-11-15 11:06:02.307 UTC: 	 Myproxy is valid: 1381080
DEBUG 2023-11-15 11:06:02.307 UTC: 	 Result of myproxy credential check:
  Credential exists on myproxy: username: 70284ad9de3a40585c76dbf527363be004fcbd17  - validity: 15 days, 23:38:00
DEBUG 2023-11-15 11:06:02.308 UTC: 	 Command use: status
DEBUG 2023-11-15 11:06:02.308 UTC: 	 Options use: ['-d', 'crab_ZJetsToNuNu_HT2500ToInf_2018']
DEBUG 2023-11-15 11:06:02.308 UTC: 	 Encoded data for curl request: subresource=version
DEBUG 2023-11-15 11:06:02.418 UTC: 	 CRABClient version: v3.231010
DEBUG 2023-11-15 11:06:02.418 UTC: 	 Instance is prod
DEBUG 2023-11-15 11:06:02.418 UTC: 	 Server base url is cmsweb.cern.ch
DEBUG 2023-11-15 11:06:02.418 UTC: 	 Command api workflow
DEBUG 2023-11-15 11:06:02.418 UTC: 	 Encoded data for curl request: subresource=search&workflow=231114_184855%3Alfavilla_crab_ZJetsToNuNu_HT2500ToInf_2018
DEBUG 2023-11-15 11:06:02.557 UTC: 	 Got information from server oracle database: {'desc': {'columns': ['tm_taskname', 'tm_activity', 'panda_jobset_id', 'tm_task_status', 'tm_task_command', 'tm_start_time', 'tm_start_injection', 'tm_end_injection', 'tm_task_failure', 'tm_job_sw', 'tm_job_arch', 'tm_input_dataset', 'tm_nonvalid_input_dataset', 'tm_use_parent', 'tm_site_whitelist', 'tm_site_blacklist', 'tm_split_algo', 'tm_split_args', 'tm_user_sandbox', 'tm_cache_url', 'tm_username', 'tm_user_dn', 'tm_user_vo', 'tm_user_role', 'tm_user_group', 'tm_publish_name', 'tm_publish_groupname', 'tm_asyncdest', 'tm_dbs_url', 'tm_publish_dbs_url', 'tm_publication', 'tm_outfiles', 'tm_tfile_outfiles', 'tm_edm_outfiles', 'tm_job_type', 'tm_generator', 'tm_events_per_lumi', 'tm_arguments', 'panda_resubmitted_jobs', 'tm_save_logs', 'tw_name', 'tm_user_infiles', 'tm_maxjobruntime', 'tm_numcores', 'tm_maxmemory', 'tm_priority', 'tm_output_dataset', 'tm_task_warnings', 'tm_user_webdir', 'tm_scriptexe', 'tm_scriptargs', 'tm_extrajdl', 'tm_asourl', 'tm_collector', 'tm_schedd', 'tm_dry_run', 'tm_user_files', 'tm_transfer_outputs', 'tm_output_lfn', 'tm_ignore_locality', 'tm_fail_limit', 'tm_one_event_mode', 'tm_secondary_input_dataset', 'tm_primary_dataset', 'tm_last_publication', 'tm_debug_files', 'clusterid', 'tm_asodb', 'tm_ignore_global_blacklist', 'tm_submitter_ip_addr', 'tm_totalunits', 'tm_ddm_reqid', 'tm_user_config', 'tm_transfer_container', 'tm_transfer_rule', 'tm_publish_rule']}, 'result': ['231114_184855:lfavilla_crab_ZJetsToNuNu_HT2500ToInf_2018', 'None', 'None', 'SUBMITTED', 'SUBMIT', '2023-11-14 18:48:55.944799', 'None', '2023-11-14 18:50:02.459030', 'None', 'CMSSW_12_6_0', 'slc7_amd64_gcc10', '/ZJetsToNuNu_HT-2500ToInf_TuneCP5_13TeV-madgraphMLM-pythia8/RunIISummer20UL18NanoAODv9-106X_upgrade2018_realistic_v16_L1v1-v1/NANOAODSIM', 'T', '0', '[]', '[]', 'FileBased', "{'halt_job_on_file_boundaries': False, 'splitOnRun': False, 'files_per_job': 1, 'runs': [], 'lumis': []}", '7352e21212b7c260f4584c4e914c397e1005859596efaad49ab4108588eb2130.tar.gz', 'https://cmsweb.cern.ch/S3/crabcache_prod', 'lfavilla', '/DC=ch/DC=cern/OU=Organic Units/OU=Users/CN=lfavilla/CN=867090/CN=Leonardo Favilla', 'cms', 'None', 'None', 'ZJetsToNuNu_HT2500ToInf_2018-00000000000000000000000000000000', 'F', 'T2_IT_Pisa', 'https://cmsweb.cern.ch/dbs/prod/global/DBSReader', 'https://cmsweb.cern.ch/dbs/prod/phys03/DBSWriter', 'F', '[]', '[]', "['tree_hadd.root']", 'Analysis', 'pythia', 'None', '{}', 'None', 'T', 'crab-prod-tw01', '[]', '2700', '1', '2000', '10', "['/ZJetsToNuNu_HT-2500ToInf_TuneCP5_13TeV-madgraphMLM-pythia8/lfavilla-ZJetsToNuNu_HT2500ToInf_2018-00000000000000000000000000000000/USER']", '[]', 'http://vocms0197.cern.ch/mon/lfavilla/231114_184855:lfavilla_crab_ZJetsToNuNu_HT2500ToInf_2018', 'crab_script.sh', '[]', '[]', 'None', 'cmsgwms-collector-global.cern.ch:9620,cmsgwms-collector-global.fnal.gov:9620', 'crab3@vocms0197.cern.ch', 'F', '[]', 'T', '/store/user/lfavilla/DM_v0', 'F', 'None', 'F', 'None', 'ZJetsToNuNu_HT-2500ToInf_TuneCP5_13TeV-madgraphMLM-pythia8', 'None', '42b91849ecd044a7d543ad5ce9daf7bb84e68afee9d706fbad2aa675884811a4.tar.gz', '97205578', 'None', 'F', '137.138.154.184', '0.0', 'None', '{"partialdataset": false, "requireaccelerator": false, "acceleratorparams": null, "inputblocks": null}', 'None', 'None', 'None']}
INFO 2023-11-15 11:06:02.557 UTC: 	 CRAB project directory:		/afs/cern.ch/user/l/lfavilla/CMSSW_12_6_0/src/PhysicsTools/NanoAODTools/crab/crab_ZJetsToNuNu_HT2500ToInf_2018
INFO 2023-11-15 11:06:02.557 UTC: 	 Task name:			231114_184855:lfavilla_crab_ZJetsToNuNu_HT2500ToInf_2018
INFO 2023-11-15 11:06:02.558 UTC: 	 Grid scheduler - Task Worker:	crab3@vocms0197.cern.ch - crab-prod-tw01
INFO 2023-11-15 11:06:02.558 UTC: 	 Status on the CRAB server:	SUBMITTED
INFO 2023-11-15 11:06:02.558 UTC: 	 Task URL to use for HELP:	https://cmsweb.cern.ch/crabserver/ui/task/231114_184855%3Alfavilla_crab_ZJetsToNuNu_HT2500ToInf_2018
INFO 2023-11-15 11:06:02.564 UTC: 	 Dashboard monitoring URL:	https://monit-grafana.cern.ch/d/cmsTMDetail/cms-task-monitoring-task-view?orgId=11&var-user=lfavilla&var-task=231114_184855%3Alfavilla_crab_ZJetsToNuNu_HT2500ToInf_2018&from=1699984135000&to=now
DEBUG 2023-11-15 11:06:02.564 UTC: 	 The CRAB server submitted your task to the Grid scheduler (cluster ID: 97205578)
DEBUG 2023-11-15 11:06:02.564 UTC: 	 Webdir is located at http://vocms0197.cern.ch/mon/lfavilla/231114_184855:lfavilla_crab_ZJetsToNuNu_HT2500ToInf_2018
DEBUG 2023-11-15 11:06:02.564 UTC: 	 Encoded data for curl request: subresource=webdirprx&workflow=231114_184855%3Alfavilla_crab_ZJetsToNuNu_HT2500ToInf_2018
DEBUG 2023-11-15 11:06:02.636 UTC: 	 Proxied webdir is located at https://cmsweb.cern.ch:8443/scheddmon/0197/lfavilla/231114_184855:lfavilla_crab_ZJetsToNuNu_HT2500ToInf_2018
DEBUG 2023-11-15 11:06:02.638 UTC: 	 Retrieving 'status_cache' file from https://cmsweb.cern.ch:8443/scheddmon/0197/lfavilla/231114_184855:lfavilla_crab_ZJetsToNuNu_HT2500ToInf_2018/status_cache.pkl
DEBUG 2023-11-15 11:06:02.638 UTC: 	 Will execute:
curl -sS --capath /etc/grid-security/certificates --cert /tmp/x509up_u159320 --key /tmp/x509up_u159320 -o /tmp/crab_status-cache-_633dhm7.pkl -w %"{http_code}" "https://cmsweb.cern.ch:8443/scheddmon/0197/lfavilla/231114_184855:lfavilla_crab_ZJetsToNuNu_HT2500ToInf_2018/status_cache.pkl"
DEBUG 2023-11-15 11:06:02.638 UTC: 	 Executing command :
 curl -sS --capath /etc/grid-security/certificates --cert /tmp/x509up_u159320 --key /tmp/x509up_u159320 -o /tmp/crab_status-cache-_633dhm7.pkl -w %"{http_code}" "https://cmsweb.cern.ch:8443/scheddmon/0197/lfavilla/231114_184855:lfavilla_crab_ZJetsToNuNu_HT2500ToInf_2018/status_cache.pkl"
DEBUG 2023-11-15 11:06:02.668 UTC: 	 output : 200
 error: 
 retcode : 0
DEBUG 2023-11-15 11:06:02.668 UTC: 	 exitcode: 0
stdout: 200
stderr: 
error details: 
DEBUG 2023-11-15 11:06:02.668 UTC: 	 Got information from status cache file: {'1': {'Retries': 0, 'Restarts': 0, 'SiteHistory': ['Unknown', 'T2_US_MIT', 'T2_US_MIT'], 'ResidentSetSize': [773276], 'SubmitTimes': [1699987812.0], 'StartTimes': [1699993218.0], 'EndTimes': [1699997255.0], 'TotalUserCpuTimeHistory': [3901], 'TotalSysCpuTimeHistory': [568], 'WallDurations': [8.0, 58.35862755775452, 4037.0], 'JobIds': ['97205580.0'], 'State': 'finished', 'RecordedSite': True}, '2': {'Retries': 0, 'Restarts': 0, 'SiteHistory': ['Unknown', 'T2_UK_SGrid_RALPP', 'T2_UK_SGrid_RALPP'], 'ResidentSetSize': [904444], 'SubmitTimes': [1699987812.0], 'StartTimes': [1699987963.0], 'EndTimes': [1700027242.0], 'TotalUserCpuTimeHistory': [41082.0], 'TotalSysCpuTimeHistory': [14294.0], 'WallDurations': [8.0, 210.0636122226715, 39279.0], 'JobIds': ['97205581.0'], 'State': 'finished', 'RecordedSite': True}, '3': {'Retries': 2, 'Restarts': 0, 'SiteHistory': ['Unknown', 'T2_DE_DESY', 'T2_DE_DESY', 'Unknown', 'T2_DE_DESY', 'T2_DE_DESY', 'T2_DE_DESY', 'T2_DE_DESY'], 'ResidentSetSize': [12312, 30000, 29988], 'SubmitTimes': [1699987812.0, 1699988596.0, 1699989143.0], 'StartTimes': [1699988456.0, 1699988955.0, 1699989209.0], 'EndTimes': [1699988527.0, 1699989017.0, 1699989271.0], 'TotalUserCpuTimeHistory': [4, 8, 13], 'TotalSysCpuTimeHistory': [0, 0, 0], 'WallDurations': [9.0, 17.262810230255127, 71.0, 62.0, 118.65333390235901, 118.65333390235901, 62.0, 164.84161615371704], 'JobIds': ['97205582.0', '97205853.0', '97206222.0'], 'State': 'failed', 'RecordedSite': True, 'Error': [50115, 'BadFWJRXML', {}]}}
INFO 2023-11-15 11:06:02.668 UTC: 	 Status on the scheduler:	FAILED
INFO 2023-11-15 11:06:02.668 UTC: 	 
Jobs status:                    failed       		 33.3% (1/3)
INFO 2023-11-15 11:06:02.668 UTC: 	 				finished     		 66.7% (2/3)
INFO 2023-11-15 11:06:02.669 UTC: 	 
No publication information (publication has been disabled in the CRAB configuration file)
INFO 2023-11-15 11:06:02.669 UTC: 	 
Error Summary: (use crab status --verboseErrors for details about the errors)

1 jobs failed with exit code 50115

Have a look at https://twiki.cern.ch/twiki/bin/viewauth/CMSPublic/JobExitCodes for a description of the exit codes.
INFO 2023-11-15 11:06:02.669 UTC: 	 
Warning: the max jobs runtime is less than 30% of the task requested value (2700 min), please consider to request a lower value for failed jobs (allowed through crab resubmit) and/or improve the jobs splitting (e.g. config.Data.splitting = 'Automatic') in a new task.
INFO 2023-11-15 11:06:02.669 UTC: 	 
Summary of run jobs:
 * Memory: 29MB min, 883MB max, 556MB ave
 * Runtime: 0:02:44 min, 10:54:39 max, 4:01:33 ave
 * CPU eff: 8% min, 141% max, 138% ave
 * Waste: 0:12:22 (2% of total)

INFO 2023-11-15 11:06:02.693 UTC: 	 Log file is /afs/cern.ch/user/l/lfavilla/CMSSW_12_6_0/src/PhysicsTools/NanoAODTools/crab/crab_ZJetsToNuNu_HT2500ToInf_2018/crab.log
DEBUG 2023-11-15 13:39:27.963 UTC: 	 CRAB Client version: v3.231010
DEBUG 2023-11-15 13:39:27.963 UTC: 	 Running on: Linux lxplus743.cern.ch 3.10.0-1160.95.1.el7.x86_64 #1 SMP Mon Jul 24 13:59:37 UTC 2023 x86_64 x86_64 x86_64 GNU/Linux - CentOS Linux 7 (Core)
DEBUG 2023-11-15 13:39:27.963 UTC: 	 Executing command: 'status'
DEBUG 2023-11-15 13:39:27.963 UTC: 	 Found CRAB cache file /afs/cern.ch/user/l/lfavilla/.crab3
DEBUG 2023-11-15 13:39:27.989 UTC: 	 Checking credentials
DEBUG 2023-11-15 13:39:27.989 UTC: 	 Found proxy file /tmp/x509up_u159320
DEBUG 2023-11-15 13:39:27.989 UTC: 	 Making sure it has proper VOMS extension
DEBUG 2023-11-15 13:39:27.989 UTC: 	 Executing command :
 voms-proxy-info --vo --file /tmp/x509up_u159320
DEBUG 2023-11-15 13:39:28.391 UTC: 	 output : cms

 error: 
 retcode : 0
DEBUG 2023-11-15 13:39:28.391 UTC: 	 Getting proxy life time left
DEBUG 2023-11-15 13:39:28.391 UTC: 	 Executing command :
 voms-proxy-info --actimeleft --timeleft --file /tmp/x509up_u159320
DEBUG 2023-11-15 13:39:28.782 UTC: 	 output : 33578
33578

 error: 
 retcode : 0
DEBUG 2023-11-15 13:39:28.782 UTC: 	 Proxy valid for 09:19:38 hours
DEBUG 2023-11-15 13:39:28.797 UTC: 	 Encoded data for curl request: subresource=delegatedn
DEBUG 2023-11-15 13:39:28.839 UTC: 	 Registering user credentials on myproxy for /DC=ch/DC=cern/OU=computers/CN=crab-(preprod|prod|dev)-tw(01|02|03).cern.ch|/DC=ch/DC=cern/OU=computers/CN=stefanov(m|m2).cern.ch|/DC=ch/DC=cern/OU=computers/CN=dciangot-tw.cern.ch
DEBUG 2023-11-15 13:39:28.840 UTC: 	 Executing command :
 voms-proxy-info --identity --file /tmp/x509up_u159320
DEBUG 2023-11-15 13:39:29.254 UTC: 	 output : /DC=ch/DC=cern/OU=Organic Units/OU=Users/CN=lfavilla/CN=867090/CN=Leonardo Favilla

 error: 
 retcode : 0
DEBUG 2023-11-15 13:39:29.254 UTC: 	 Getting myproxy life time left for 70284ad9de3a40585c76dbf527363be004fcbd17
DEBUG 2023-11-15 13:39:29.254 UTC: 	 Executing command :
 myproxy-info -s myproxy.cern.ch -l 70284ad9de3a40585c76dbf527363be004fcbd17
DEBUG 2023-11-15 13:39:29.524 UTC: 	 output : username: 70284ad9de3a40585c76dbf527363be004fcbd17
owner: /DC=ch/DC=cern/OU=Organic Units/OU=Users/CN=lfavilla/CN=867090/CN=Leonardo Favilla
  renewal policy: /DC=ch/DC=cern/OU=computers/CN=crab-(preprod|prod|dev)-tw(01|02|03).cern.ch|/DC=ch/DC=cern/OU=computers/CN=stefanov(m|m2).cern.ch|/DC=ch/DC=cern/OU=computers/CN=dciangot-tw.cern.ch
  trusted retrieval policy: /DC=ch/DC=cern/OU=computers/CN=crab-(preprod|prod|dev)-tw(01|02|03).cern.ch|/DC=ch/DC=cern/OU=computers/CN=stefanov(m|m2).cern.ch|/DC=ch/DC=cern/OU=computers/CN=dciangot-tw.cern.ch
  timeleft: 381:04:51  (15.9 days)

 error: 
 retcode : 0
DEBUG 2023-11-15 13:39:29.524 UTC: 	 Myproxy is valid: 1371840
DEBUG 2023-11-15 13:39:29.524 UTC: 	 Result of myproxy credential check:
  Credential exists on myproxy: username: 70284ad9de3a40585c76dbf527363be004fcbd17  - validity: 15 days, 21:04:00
DEBUG 2023-11-15 13:39:29.525 UTC: 	 Command use: status
DEBUG 2023-11-15 13:39:29.525 UTC: 	 Options use: ['-d', 'crab_ZJetsToNuNu_HT2500ToInf_2018']
DEBUG 2023-11-15 13:39:29.525 UTC: 	 Encoded data for curl request: subresource=version
DEBUG 2023-11-15 13:39:29.565 UTC: 	 CRABClient version: v3.231010
DEBUG 2023-11-15 13:39:29.565 UTC: 	 Instance is prod
DEBUG 2023-11-15 13:39:29.565 UTC: 	 Server base url is cmsweb.cern.ch
DEBUG 2023-11-15 13:39:29.565 UTC: 	 Command api workflow
DEBUG 2023-11-15 13:39:29.565 UTC: 	 Encoded data for curl request: subresource=search&workflow=231114_184855%3Alfavilla_crab_ZJetsToNuNu_HT2500ToInf_2018
DEBUG 2023-11-15 13:39:29.608 UTC: 	 Got information from server oracle database: {'desc': {'columns': ['tm_taskname', 'tm_activity', 'panda_jobset_id', 'tm_task_status', 'tm_task_command', 'tm_start_time', 'tm_start_injection', 'tm_end_injection', 'tm_task_failure', 'tm_job_sw', 'tm_job_arch', 'tm_input_dataset', 'tm_nonvalid_input_dataset', 'tm_use_parent', 'tm_site_whitelist', 'tm_site_blacklist', 'tm_split_algo', 'tm_split_args', 'tm_user_sandbox', 'tm_cache_url', 'tm_username', 'tm_user_dn', 'tm_user_vo', 'tm_user_role', 'tm_user_group', 'tm_publish_name', 'tm_publish_groupname', 'tm_asyncdest', 'tm_dbs_url', 'tm_publish_dbs_url', 'tm_publication', 'tm_outfiles', 'tm_tfile_outfiles', 'tm_edm_outfiles', 'tm_job_type', 'tm_generator', 'tm_events_per_lumi', 'tm_arguments', 'panda_resubmitted_jobs', 'tm_save_logs', 'tw_name', 'tm_user_infiles', 'tm_maxjobruntime', 'tm_numcores', 'tm_maxmemory', 'tm_priority', 'tm_output_dataset', 'tm_task_warnings', 'tm_user_webdir', 'tm_scriptexe', 'tm_scriptargs', 'tm_extrajdl', 'tm_asourl', 'tm_collector', 'tm_schedd', 'tm_dry_run', 'tm_user_files', 'tm_transfer_outputs', 'tm_output_lfn', 'tm_ignore_locality', 'tm_fail_limit', 'tm_one_event_mode', 'tm_secondary_input_dataset', 'tm_primary_dataset', 'tm_last_publication', 'tm_debug_files', 'clusterid', 'tm_asodb', 'tm_ignore_global_blacklist', 'tm_submitter_ip_addr', 'tm_totalunits', 'tm_ddm_reqid', 'tm_user_config', 'tm_transfer_container', 'tm_transfer_rule', 'tm_publish_rule']}, 'result': ['231114_184855:lfavilla_crab_ZJetsToNuNu_HT2500ToInf_2018', 'None', 'None', 'SUBMITTED', 'SUBMIT', '2023-11-14 18:48:55.944799', 'None', '2023-11-14 18:50:02.459030', 'None', 'CMSSW_12_6_0', 'slc7_amd64_gcc10', '/ZJetsToNuNu_HT-2500ToInf_TuneCP5_13TeV-madgraphMLM-pythia8/RunIISummer20UL18NanoAODv9-106X_upgrade2018_realistic_v16_L1v1-v1/NANOAODSIM', 'T', '0', '[]', '[]', 'FileBased', "{'halt_job_on_file_boundaries': False, 'splitOnRun': False, 'files_per_job': 1, 'runs': [], 'lumis': []}", '7352e21212b7c260f4584c4e914c397e1005859596efaad49ab4108588eb2130.tar.gz', 'https://cmsweb.cern.ch/S3/crabcache_prod', 'lfavilla', '/DC=ch/DC=cern/OU=Organic Units/OU=Users/CN=lfavilla/CN=867090/CN=Leonardo Favilla', 'cms', 'None', 'None', 'ZJetsToNuNu_HT2500ToInf_2018-00000000000000000000000000000000', 'F', 'T2_IT_Pisa', 'https://cmsweb.cern.ch/dbs/prod/global/DBSReader', 'https://cmsweb.cern.ch/dbs/prod/phys03/DBSWriter', 'F', '[]', '[]', "['tree_hadd.root']", 'Analysis', 'pythia', 'None', '{}', 'None', 'T', 'crab-prod-tw01', '[]', '2700', '1', '2000', '10', "['/ZJetsToNuNu_HT-2500ToInf_TuneCP5_13TeV-madgraphMLM-pythia8/lfavilla-ZJetsToNuNu_HT2500ToInf_2018-00000000000000000000000000000000/USER']", '[]', 'http://vocms0197.cern.ch/mon/lfavilla/231114_184855:lfavilla_crab_ZJetsToNuNu_HT2500ToInf_2018', 'crab_script.sh', '[]', '[]', 'None', 'cmsgwms-collector-global.cern.ch:9620,cmsgwms-collector-global.fnal.gov:9620', 'crab3@vocms0197.cern.ch', 'F', '[]', 'T', '/store/user/lfavilla/DM_v0', 'F', 'None', 'F', 'None', 'ZJetsToNuNu_HT-2500ToInf_TuneCP5_13TeV-madgraphMLM-pythia8', 'None', '42b91849ecd044a7d543ad5ce9daf7bb84e68afee9d706fbad2aa675884811a4.tar.gz', '97205578', 'None', 'F', '137.138.154.184', '0.0', 'None', '{"partialdataset": false, "requireaccelerator": false, "acceleratorparams": null, "inputblocks": null}', 'None', 'None', 'None']}
INFO 2023-11-15 13:39:29.608 UTC: 	 CRAB project directory:		/afs/cern.ch/user/l/lfavilla/CMSSW_12_6_0/src/PhysicsTools/NanoAODTools/crab/crab_ZJetsToNuNu_HT2500ToInf_2018
INFO 2023-11-15 13:39:29.608 UTC: 	 Task name:			231114_184855:lfavilla_crab_ZJetsToNuNu_HT2500ToInf_2018
INFO 2023-11-15 13:39:29.608 UTC: 	 Grid scheduler - Task Worker:	crab3@vocms0197.cern.ch - crab-prod-tw01
INFO 2023-11-15 13:39:29.608 UTC: 	 Status on the CRAB server:	SUBMITTED
INFO 2023-11-15 13:39:29.608 UTC: 	 Task URL to use for HELP:	https://cmsweb.cern.ch/crabserver/ui/task/231114_184855%3Alfavilla_crab_ZJetsToNuNu_HT2500ToInf_2018
INFO 2023-11-15 13:39:29.615 UTC: 	 Dashboard monitoring URL:	https://monit-grafana.cern.ch/d/cmsTMDetail/cms-task-monitoring-task-view?orgId=11&var-user=lfavilla&var-task=231114_184855%3Alfavilla_crab_ZJetsToNuNu_HT2500ToInf_2018&from=1699984135000&to=now
DEBUG 2023-11-15 13:39:29.615 UTC: 	 The CRAB server submitted your task to the Grid scheduler (cluster ID: 97205578)
DEBUG 2023-11-15 13:39:29.615 UTC: 	 Webdir is located at http://vocms0197.cern.ch/mon/lfavilla/231114_184855:lfavilla_crab_ZJetsToNuNu_HT2500ToInf_2018
DEBUG 2023-11-15 13:39:29.615 UTC: 	 Encoded data for curl request: subresource=webdirprx&workflow=231114_184855%3Alfavilla_crab_ZJetsToNuNu_HT2500ToInf_2018
DEBUG 2023-11-15 13:39:29.694 UTC: 	 Proxied webdir is located at https://cmsweb.cern.ch:8443/scheddmon/0197/lfavilla/231114_184855:lfavilla_crab_ZJetsToNuNu_HT2500ToInf_2018
DEBUG 2023-11-15 13:39:29.708 UTC: 	 Retrieving 'status_cache' file from https://cmsweb.cern.ch:8443/scheddmon/0197/lfavilla/231114_184855:lfavilla_crab_ZJetsToNuNu_HT2500ToInf_2018/status_cache.pkl
DEBUG 2023-11-15 13:39:29.708 UTC: 	 Will execute:
curl -sS --capath /etc/grid-security/certificates --cert /tmp/x509up_u159320 --key /tmp/x509up_u159320 -o /tmp/crab_status-cache-962j9t3g.pkl -w %"{http_code}" "https://cmsweb.cern.ch:8443/scheddmon/0197/lfavilla/231114_184855:lfavilla_crab_ZJetsToNuNu_HT2500ToInf_2018/status_cache.pkl"
DEBUG 2023-11-15 13:39:29.708 UTC: 	 Executing command :
 curl -sS --capath /etc/grid-security/certificates --cert /tmp/x509up_u159320 --key /tmp/x509up_u159320 -o /tmp/crab_status-cache-962j9t3g.pkl -w %"{http_code}" "https://cmsweb.cern.ch:8443/scheddmon/0197/lfavilla/231114_184855:lfavilla_crab_ZJetsToNuNu_HT2500ToInf_2018/status_cache.pkl"
DEBUG 2023-11-15 13:39:29.742 UTC: 	 output : 200
 error: 
 retcode : 0
DEBUG 2023-11-15 13:39:29.743 UTC: 	 exitcode: 0
stdout: 200
stderr: 
error details: 
DEBUG 2023-11-15 13:39:29.743 UTC: 	 Got information from status cache file: {'1': {'Retries': 0, 'Restarts': 0, 'SiteHistory': ['Unknown', 'T2_US_MIT', 'T2_US_MIT'], 'ResidentSetSize': [773276], 'SubmitTimes': [1699987812.0], 'StartTimes': [1699993218.0], 'EndTimes': [1699997255.0], 'TotalUserCpuTimeHistory': [3901], 'TotalSysCpuTimeHistory': [568], 'WallDurations': [8.0, 58.35862755775452, 4037.0], 'JobIds': ['97205580.0'], 'State': 'finished', 'RecordedSite': True}, '2': {'Retries': 0, 'Restarts': 0, 'SiteHistory': ['Unknown', 'T2_UK_SGrid_RALPP', 'T2_UK_SGrid_RALPP'], 'ResidentSetSize': [904444], 'SubmitTimes': [1699987812.0], 'StartTimes': [1699987963.0], 'EndTimes': [1700027242.0], 'TotalUserCpuTimeHistory': [41082.0], 'TotalSysCpuTimeHistory': [14294.0], 'WallDurations': [8.0, 210.0636122226715, 39279.0], 'JobIds': ['97205581.0'], 'State': 'finished', 'RecordedSite': True}, '3': {'Retries': 2, 'Restarts': 0, 'SiteHistory': ['Unknown', 'T2_DE_DESY', 'T2_DE_DESY', 'Unknown', 'T2_DE_DESY', 'T2_DE_DESY', 'T2_DE_DESY', 'T2_DE_DESY'], 'ResidentSetSize': [12312, 30000, 29988], 'SubmitTimes': [1699987812.0, 1699988596.0, 1699989143.0], 'StartTimes': [1699988456.0, 1699988955.0, 1699989209.0], 'EndTimes': [1699988527.0, 1699989017.0, 1699989271.0], 'TotalUserCpuTimeHistory': [4, 8, 13], 'TotalSysCpuTimeHistory': [0, 0, 0], 'WallDurations': [9.0, 17.262810230255127, 71.0, 62.0, 118.65333390235901, 118.65333390235901, 62.0, 164.84161615371704], 'JobIds': ['97205582.0', '97205853.0', '97206222.0'], 'State': 'failed', 'RecordedSite': True, 'Error': [50115, 'BadFWJRXML', {}]}}
INFO 2023-11-15 13:39:29.743 UTC: 	 Status on the scheduler:	FAILED
INFO 2023-11-15 13:39:29.743 UTC: 	 
Jobs status:                    failed       		 33.3% (1/3)
INFO 2023-11-15 13:39:29.743 UTC: 	 				finished     		 66.7% (2/3)
INFO 2023-11-15 13:39:29.743 UTC: 	 
No publication information (publication has been disabled in the CRAB configuration file)
INFO 2023-11-15 13:39:29.743 UTC: 	 
Error Summary: (use crab status --verboseErrors for details about the errors)

1 jobs failed with exit code 50115

Have a look at https://twiki.cern.ch/twiki/bin/viewauth/CMSPublic/JobExitCodes for a description of the exit codes.
INFO 2023-11-15 13:39:29.743 UTC: 	 
Warning: the max jobs runtime is less than 30% of the task requested value (2700 min), please consider to request a lower value for failed jobs (allowed through crab resubmit) and/or improve the jobs splitting (e.g. config.Data.splitting = 'Automatic') in a new task.
INFO 2023-11-15 13:39:29.743 UTC: 	 
Summary of run jobs:
 * Memory: 29MB min, 883MB max, 556MB ave
 * Runtime: 0:02:44 min, 10:54:39 max, 4:01:33 ave
 * CPU eff: 8% min, 141% max, 138% ave
 * Waste: 0:12:22 (2% of total)

INFO 2023-11-15 13:39:29.761 UTC: 	 Log file is /afs/cern.ch/user/l/lfavilla/CMSSW_12_6_0/src/PhysicsTools/NanoAODTools/crab/crab_ZJetsToNuNu_HT2500ToInf_2018/crab.log
DEBUG 2023-11-15 14:58:52.353 UTC: 	 CRAB Client version: v3.231010
DEBUG 2023-11-15 14:58:52.353 UTC: 	 Running on: Linux lxplus743.cern.ch 3.10.0-1160.95.1.el7.x86_64 #1 SMP Mon Jul 24 13:59:37 UTC 2023 x86_64 x86_64 x86_64 GNU/Linux - CentOS Linux 7 (Core)
DEBUG 2023-11-15 14:58:52.353 UTC: 	 Executing command: 'getoutput'
DEBUG 2023-11-15 14:58:52.353 UTC: 	 Found CRAB cache file /afs/cern.ch/user/l/lfavilla/.crab3
DEBUG 2023-11-15 14:58:52.379 UTC: 	 Using VO group '' and VO role 'NULL' as written in the request cache file for this task.
DEBUG 2023-11-15 14:58:52.390 UTC: 	 Checking credentials
DEBUG 2023-11-15 14:58:52.390 UTC: 	 Found proxy file /tmp/x509up_u159320
DEBUG 2023-11-15 14:58:52.390 UTC: 	 Making sure it has proper VOMS extension
DEBUG 2023-11-15 14:58:52.390 UTC: 	 Executing command :
 voms-proxy-info --vo --file /tmp/x509up_u159320
DEBUG 2023-11-15 14:58:52.869 UTC: 	 output : cms

 error: 
 retcode : 0
DEBUG 2023-11-15 14:58:52.869 UTC: 	 Getting proxy life time left
DEBUG 2023-11-15 14:58:52.869 UTC: 	 Executing command :
 voms-proxy-info --actimeleft --timeleft --file /tmp/x509up_u159320
DEBUG 2023-11-15 14:58:53.365 UTC: 	 output : 28813
28813

 error: 
 retcode : 0
DEBUG 2023-11-15 14:58:53.365 UTC: 	 Proxy valid for 08:00:13 hours
DEBUG 2023-11-15 14:58:53.404 UTC: 	 Encoded data for curl request: subresource=delegatedn
DEBUG 2023-11-15 14:58:53.447 UTC: 	 Registering user credentials on myproxy for /DC=ch/DC=cern/OU=computers/CN=crab-(preprod|prod|dev)-tw(01|02|03).cern.ch|/DC=ch/DC=cern/OU=computers/CN=stefanov(m|m2).cern.ch|/DC=ch/DC=cern/OU=computers/CN=dciangot-tw.cern.ch
DEBUG 2023-11-15 14:58:53.447 UTC: 	 Executing command :
 voms-proxy-info --identity --file /tmp/x509up_u159320
DEBUG 2023-11-15 14:58:53.867 UTC: 	 output : /DC=ch/DC=cern/OU=Organic Units/OU=Users/CN=lfavilla/CN=867090/CN=Leonardo Favilla

 error: 
 retcode : 0
DEBUG 2023-11-15 14:58:53.868 UTC: 	 Getting myproxy life time left for 70284ad9de3a40585c76dbf527363be004fcbd17
DEBUG 2023-11-15 14:58:53.868 UTC: 	 Executing command :
 myproxy-info -s myproxy.cern.ch -l 70284ad9de3a40585c76dbf527363be004fcbd17
DEBUG 2023-11-15 14:58:54.075 UTC: 	 output : username: 70284ad9de3a40585c76dbf527363be004fcbd17
owner: /DC=ch/DC=cern/OU=Organic Units/OU=Users/CN=lfavilla/CN=867090/CN=Leonardo Favilla
  renewal policy: /DC=ch/DC=cern/OU=computers/CN=crab-(preprod|prod|dev)-tw(01|02|03).cern.ch|/DC=ch/DC=cern/OU=computers/CN=stefanov(m|m2).cern.ch|/DC=ch/DC=cern/OU=computers/CN=dciangot-tw.cern.ch
  trusted retrieval policy: /DC=ch/DC=cern/OU=computers/CN=crab-(preprod|prod|dev)-tw(01|02|03).cern.ch|/DC=ch/DC=cern/OU=computers/CN=stefanov(m|m2).cern.ch|/DC=ch/DC=cern/OU=computers/CN=dciangot-tw.cern.ch
  timeleft: 379:45:26  (15.8 days)

 error: 
 retcode : 0
DEBUG 2023-11-15 14:58:54.075 UTC: 	 Myproxy is valid: 1367100
DEBUG 2023-11-15 14:58:54.075 UTC: 	 Result of myproxy credential check:
  Credential exists on myproxy: username: 70284ad9de3a40585c76dbf527363be004fcbd17  - validity: 15 days, 19:45:00
DEBUG 2023-11-15 14:58:54.076 UTC: 	 Command use: getoutput
DEBUG 2023-11-15 14:58:54.076 UTC: 	 Options use: ['--xrootd', '-d', './crab_ZJetsToNuNu_HT2500ToInf_2018/']
DEBUG 2023-11-15 14:58:54.076 UTC: 	 Encoded data for curl request: subresource=version
DEBUG 2023-11-15 14:58:54.134 UTC: 	 CRABClient version: v3.231010
DEBUG 2023-11-15 14:58:54.134 UTC: 	 Instance is prod
DEBUG 2023-11-15 14:58:54.134 UTC: 	 Server base url is cmsweb.cern.ch
DEBUG 2023-11-15 14:58:54.134 UTC: 	 Command api workflow
DEBUG 2023-11-15 14:58:54.135 UTC: 	 Encoded data for curl request: subresource=search&workflow=231114_184855%3Alfavilla_crab_ZJetsToNuNu_HT2500ToInf_2018
DEBUG 2023-11-15 14:58:54.186 UTC: 	 Server result: {'desc': {'columns': ['tm_taskname', 'tm_activity', 'panda_jobset_id', 'tm_task_status', 'tm_task_command', 'tm_start_time', 'tm_start_injection', 'tm_end_injection', 'tm_task_failure', 'tm_job_sw', 'tm_job_arch', 'tm_input_dataset', 'tm_nonvalid_input_dataset', 'tm_use_parent', 'tm_site_whitelist', 'tm_site_blacklist', 'tm_split_algo', 'tm_split_args', 'tm_user_sandbox', 'tm_cache_url', 'tm_username', 'tm_user_dn', 'tm_user_vo', 'tm_user_role', 'tm_user_group', 'tm_publish_name', 'tm_publish_groupname', 'tm_asyncdest', 'tm_dbs_url', 'tm_publish_dbs_url', 'tm_publication', 'tm_outfiles', 'tm_tfile_outfiles', 'tm_edm_outfiles', 'tm_job_type', 'tm_generator', 'tm_events_per_lumi', 'tm_arguments', 'panda_resubmitted_jobs', 'tm_save_logs', 'tw_name', 'tm_user_infiles', 'tm_maxjobruntime', 'tm_numcores', 'tm_maxmemory', 'tm_priority', 'tm_output_dataset', 'tm_task_warnings', 'tm_user_webdir', 'tm_scriptexe', 'tm_scriptargs', 'tm_extrajdl', 'tm_asourl', 'tm_collector', 'tm_schedd', 'tm_dry_run', 'tm_user_files', 'tm_transfer_outputs', 'tm_output_lfn', 'tm_ignore_locality', 'tm_fail_limit', 'tm_one_event_mode', 'tm_secondary_input_dataset', 'tm_primary_dataset', 'tm_last_publication', 'tm_debug_files', 'clusterid', 'tm_asodb', 'tm_ignore_global_blacklist', 'tm_submitter_ip_addr', 'tm_totalunits', 'tm_ddm_reqid', 'tm_user_config', 'tm_transfer_container', 'tm_transfer_rule', 'tm_publish_rule']}, 'result': ['231114_184855:lfavilla_crab_ZJetsToNuNu_HT2500ToInf_2018', 'None', 'None', 'SUBMITTED', 'SUBMIT', '2023-11-14 18:48:55.944799', 'None', '2023-11-14 18:50:02.459030', 'None', 'CMSSW_12_6_0', 'slc7_amd64_gcc10', '/ZJetsToNuNu_HT-2500ToInf_TuneCP5_13TeV-madgraphMLM-pythia8/RunIISummer20UL18NanoAODv9-106X_upgrade2018_realistic_v16_L1v1-v1/NANOAODSIM', 'T', '0', '[]', '[]', 'FileBased', "{'halt_job_on_file_boundaries': False, 'splitOnRun': False, 'files_per_job': 1, 'runs': [], 'lumis': []}", '7352e21212b7c260f4584c4e914c397e1005859596efaad49ab4108588eb2130.tar.gz', 'https://cmsweb.cern.ch/S3/crabcache_prod', 'lfavilla', '/DC=ch/DC=cern/OU=Organic Units/OU=Users/CN=lfavilla/CN=867090/CN=Leonardo Favilla', 'cms', 'None', 'None', 'ZJetsToNuNu_HT2500ToInf_2018-00000000000000000000000000000000', 'F', 'T2_IT_Pisa', 'https://cmsweb.cern.ch/dbs/prod/global/DBSReader', 'https://cmsweb.cern.ch/dbs/prod/phys03/DBSWriter', 'F', '[]', '[]', "['tree_hadd.root']", 'Analysis', 'pythia', 'None', '{}', 'None', 'T', 'crab-prod-tw01', '[]', '2700', '1', '2000', '10', "['/ZJetsToNuNu_HT-2500ToInf_TuneCP5_13TeV-madgraphMLM-pythia8/lfavilla-ZJetsToNuNu_HT2500ToInf_2018-00000000000000000000000000000000/USER']", '[]', 'http://vocms0197.cern.ch/mon/lfavilla/231114_184855:lfavilla_crab_ZJetsToNuNu_HT2500ToInf_2018', 'crab_script.sh', '[]', '[]', 'None', 'cmsgwms-collector-global.cern.ch:9620,cmsgwms-collector-global.fnal.gov:9620', 'crab3@vocms0197.cern.ch', 'F', '[]', 'T', '/store/user/lfavilla/DM_v0', 'F', 'None', 'F', 'None', 'ZJetsToNuNu_HT-2500ToInf_TuneCP5_13TeV-madgraphMLM-pythia8', 'None', '42b91849ecd044a7d543ad5ce9daf7bb84e68afee9d706fbad2aa675884811a4.tar.gz', '97205578', 'None', 'F', '137.138.154.184', '0.0', 'None', '{"partialdataset": false, "requireaccelerator": false, "acceleratorparams": null, "inputblocks": null}', 'None', 'None', 'None']}
DEBUG 2023-11-15 14:58:54.200 UTC: 	 CRAB Client version: v3.231010
DEBUG 2023-11-15 14:58:54.201 UTC: 	 Running on: Linux lxplus743.cern.ch 3.10.0-1160.95.1.el7.x86_64 #1 SMP Mon Jul 24 13:59:37 UTC 2023 x86_64 x86_64 x86_64 GNU/Linux - CentOS Linux 7 (Core)
DEBUG 2023-11-15 14:58:54.201 UTC: 	 Executing command: 'status'
DEBUG 2023-11-15 14:58:54.201 UTC: 	 Found CRAB cache file /afs/cern.ch/user/l/lfavilla/.crab3
DEBUG 2023-11-15 14:58:54.208 UTC: 	 Checking credentials
DEBUG 2023-11-15 14:58:54.208 UTC: 	 Found proxy file /tmp/x509up_u159320
DEBUG 2023-11-15 14:58:54.208 UTC: 	 Making sure it has proper VOMS extension
DEBUG 2023-11-15 14:58:54.208 UTC: 	 Executing command :
 voms-proxy-info --vo --file /tmp/x509up_u159320
DEBUG 2023-11-15 14:58:54.687 UTC: 	 output : cms

 error: 
 retcode : 0
DEBUG 2023-11-15 14:58:54.687 UTC: 	 Getting proxy life time left
DEBUG 2023-11-15 14:58:54.687 UTC: 	 Executing command :
 voms-proxy-info --actimeleft --timeleft --file /tmp/x509up_u159320
DEBUG 2023-11-15 14:58:55.102 UTC: 	 output : 28811
28811

 error: 
 retcode : 0
DEBUG 2023-11-15 14:58:55.103 UTC: 	 Proxy valid for 08:00:11 hours
DEBUG 2023-11-15 14:58:55.103 UTC: 	 Encoded data for curl request: subresource=delegatedn
DEBUG 2023-11-15 14:58:55.191 UTC: 	 Registering user credentials on myproxy for /DC=ch/DC=cern/OU=computers/CN=crab-(preprod|prod|dev)-tw(01|02|03).cern.ch|/DC=ch/DC=cern/OU=computers/CN=stefanov(m|m2).cern.ch|/DC=ch/DC=cern/OU=computers/CN=dciangot-tw.cern.ch
DEBUG 2023-11-15 14:58:55.191 UTC: 	 Executing command :
 voms-proxy-info --identity --file /tmp/x509up_u159320
DEBUG 2023-11-15 14:58:55.622 UTC: 	 output : /DC=ch/DC=cern/OU=Organic Units/OU=Users/CN=lfavilla/CN=867090/CN=Leonardo Favilla

 error: 
 retcode : 0
DEBUG 2023-11-15 14:58:55.622 UTC: 	 Getting myproxy life time left for 70284ad9de3a40585c76dbf527363be004fcbd17
DEBUG 2023-11-15 14:58:55.622 UTC: 	 Executing command :
 myproxy-info -s myproxy.cern.ch -l 70284ad9de3a40585c76dbf527363be004fcbd17
DEBUG 2023-11-15 14:58:55.830 UTC: 	 output : username: 70284ad9de3a40585c76dbf527363be004fcbd17
owner: /DC=ch/DC=cern/OU=Organic Units/OU=Users/CN=lfavilla/CN=867090/CN=Leonardo Favilla
  renewal policy: /DC=ch/DC=cern/OU=computers/CN=crab-(preprod|prod|dev)-tw(01|02|03).cern.ch|/DC=ch/DC=cern/OU=computers/CN=stefanov(m|m2).cern.ch|/DC=ch/DC=cern/OU=computers/CN=dciangot-tw.cern.ch
  trusted retrieval policy: /DC=ch/DC=cern/OU=computers/CN=crab-(preprod|prod|dev)-tw(01|02|03).cern.ch|/DC=ch/DC=cern/OU=computers/CN=stefanov(m|m2).cern.ch|/DC=ch/DC=cern/OU=computers/CN=dciangot-tw.cern.ch
  timeleft: 379:45:25  (15.8 days)

 error: 
 retcode : 0
DEBUG 2023-11-15 14:58:55.830 UTC: 	 Myproxy is valid: 1367100
DEBUG 2023-11-15 14:58:55.831 UTC: 	 Result of myproxy credential check:
  Credential exists on myproxy: username: 70284ad9de3a40585c76dbf527363be004fcbd17  - validity: 15 days, 19:45:00
DEBUG 2023-11-15 14:58:55.831 UTC: 	 Command use: status
DEBUG 2023-11-15 14:58:55.831 UTC: 	 Options use: []
DEBUG 2023-11-15 14:58:55.831 UTC: 	 Encoded data for curl request: subresource=version
DEBUG 2023-11-15 14:58:55.871 UTC: 	 CRABClient version: v3.231010
DEBUG 2023-11-15 14:58:55.871 UTC: 	 Instance is prod
DEBUG 2023-11-15 14:58:55.871 UTC: 	 Server base url is cmsweb.cern.ch
DEBUG 2023-11-15 14:58:55.871 UTC: 	 Command api workflow
DEBUG 2023-11-15 14:58:55.871 UTC: 	 Encoded data for curl request: subresource=search&workflow=231114_184855%3Alfavilla_crab_ZJetsToNuNu_HT2500ToInf_2018
DEBUG 2023-11-15 14:58:55.949 UTC: 	 Got information from server oracle database: {'desc': {'columns': ['tm_taskname', 'tm_activity', 'panda_jobset_id', 'tm_task_status', 'tm_task_command', 'tm_start_time', 'tm_start_injection', 'tm_end_injection', 'tm_task_failure', 'tm_job_sw', 'tm_job_arch', 'tm_input_dataset', 'tm_nonvalid_input_dataset', 'tm_use_parent', 'tm_site_whitelist', 'tm_site_blacklist', 'tm_split_algo', 'tm_split_args', 'tm_user_sandbox', 'tm_cache_url', 'tm_username', 'tm_user_dn', 'tm_user_vo', 'tm_user_role', 'tm_user_group', 'tm_publish_name', 'tm_publish_groupname', 'tm_asyncdest', 'tm_dbs_url', 'tm_publish_dbs_url', 'tm_publication', 'tm_outfiles', 'tm_tfile_outfiles', 'tm_edm_outfiles', 'tm_job_type', 'tm_generator', 'tm_events_per_lumi', 'tm_arguments', 'panda_resubmitted_jobs', 'tm_save_logs', 'tw_name', 'tm_user_infiles', 'tm_maxjobruntime', 'tm_numcores', 'tm_maxmemory', 'tm_priority', 'tm_output_dataset', 'tm_task_warnings', 'tm_user_webdir', 'tm_scriptexe', 'tm_scriptargs', 'tm_extrajdl', 'tm_asourl', 'tm_collector', 'tm_schedd', 'tm_dry_run', 'tm_user_files', 'tm_transfer_outputs', 'tm_output_lfn', 'tm_ignore_locality', 'tm_fail_limit', 'tm_one_event_mode', 'tm_secondary_input_dataset', 'tm_primary_dataset', 'tm_last_publication', 'tm_debug_files', 'clusterid', 'tm_asodb', 'tm_ignore_global_blacklist', 'tm_submitter_ip_addr', 'tm_totalunits', 'tm_ddm_reqid', 'tm_user_config', 'tm_transfer_container', 'tm_transfer_rule', 'tm_publish_rule']}, 'result': ['231114_184855:lfavilla_crab_ZJetsToNuNu_HT2500ToInf_2018', 'None', 'None', 'SUBMITTED', 'SUBMIT', '2023-11-14 18:48:55.944799', 'None', '2023-11-14 18:50:02.459030', 'None', 'CMSSW_12_6_0', 'slc7_amd64_gcc10', '/ZJetsToNuNu_HT-2500ToInf_TuneCP5_13TeV-madgraphMLM-pythia8/RunIISummer20UL18NanoAODv9-106X_upgrade2018_realistic_v16_L1v1-v1/NANOAODSIM', 'T', '0', '[]', '[]', 'FileBased', "{'halt_job_on_file_boundaries': False, 'splitOnRun': False, 'files_per_job': 1, 'runs': [], 'lumis': []}", '7352e21212b7c260f4584c4e914c397e1005859596efaad49ab4108588eb2130.tar.gz', 'https://cmsweb.cern.ch/S3/crabcache_prod', 'lfavilla', '/DC=ch/DC=cern/OU=Organic Units/OU=Users/CN=lfavilla/CN=867090/CN=Leonardo Favilla', 'cms', 'None', 'None', 'ZJetsToNuNu_HT2500ToInf_2018-00000000000000000000000000000000', 'F', 'T2_IT_Pisa', 'https://cmsweb.cern.ch/dbs/prod/global/DBSReader', 'https://cmsweb.cern.ch/dbs/prod/phys03/DBSWriter', 'F', '[]', '[]', "['tree_hadd.root']", 'Analysis', 'pythia', 'None', '{}', 'None', 'T', 'crab-prod-tw01', '[]', '2700', '1', '2000', '10', "['/ZJetsToNuNu_HT-2500ToInf_TuneCP5_13TeV-madgraphMLM-pythia8/lfavilla-ZJetsToNuNu_HT2500ToInf_2018-00000000000000000000000000000000/USER']", '[]', 'http://vocms0197.cern.ch/mon/lfavilla/231114_184855:lfavilla_crab_ZJetsToNuNu_HT2500ToInf_2018', 'crab_script.sh', '[]', '[]', 'None', 'cmsgwms-collector-global.cern.ch:9620,cmsgwms-collector-global.fnal.gov:9620', 'crab3@vocms0197.cern.ch', 'F', '[]', 'T', '/store/user/lfavilla/DM_v0', 'F', 'None', 'F', 'None', 'ZJetsToNuNu_HT-2500ToInf_TuneCP5_13TeV-madgraphMLM-pythia8', 'None', '42b91849ecd044a7d543ad5ce9daf7bb84e68afee9d706fbad2aa675884811a4.tar.gz', '97205578', 'None', 'F', '137.138.154.184', '0.0', 'None', '{"partialdataset": false, "requireaccelerator": false, "acceleratorparams": null, "inputblocks": null}', 'None', 'None', 'None']}
INFO 2023-11-15 14:58:55.949 UTC: 	 CRAB project directory:		/afs/cern.ch/user/l/lfavilla/CMSSW_12_6_0/src/PhysicsTools/NanoAODTools/crab/crab_ZJetsToNuNu_HT2500ToInf_2018
INFO 2023-11-15 14:58:55.949 UTC: 	 Task name:			231114_184855:lfavilla_crab_ZJetsToNuNu_HT2500ToInf_2018
INFO 2023-11-15 14:58:55.949 UTC: 	 Grid scheduler - Task Worker:	crab3@vocms0197.cern.ch - crab-prod-tw01
INFO 2023-11-15 14:58:55.949 UTC: 	 Status on the CRAB server:	SUBMITTED
INFO 2023-11-15 14:58:55.950 UTC: 	 Task URL to use for HELP:	https://cmsweb.cern.ch/crabserver/ui/task/231114_184855%3Alfavilla_crab_ZJetsToNuNu_HT2500ToInf_2018
INFO 2023-11-15 14:58:55.956 UTC: 	 Dashboard monitoring URL:	https://monit-grafana.cern.ch/d/cmsTMDetail/cms-task-monitoring-task-view?orgId=11&var-user=lfavilla&var-task=231114_184855%3Alfavilla_crab_ZJetsToNuNu_HT2500ToInf_2018&from=1699984135000&to=now
DEBUG 2023-11-15 14:58:55.956 UTC: 	 The CRAB server submitted your task to the Grid scheduler (cluster ID: 97205578)
DEBUG 2023-11-15 14:58:55.956 UTC: 	 Webdir is located at http://vocms0197.cern.ch/mon/lfavilla/231114_184855:lfavilla_crab_ZJetsToNuNu_HT2500ToInf_2018
DEBUG 2023-11-15 14:58:55.956 UTC: 	 Encoded data for curl request: subresource=webdirprx&workflow=231114_184855%3Alfavilla_crab_ZJetsToNuNu_HT2500ToInf_2018
DEBUG 2023-11-15 14:58:56.011 UTC: 	 Proxied webdir is located at https://cmsweb.cern.ch:8443/scheddmon/0197/lfavilla/231114_184855:lfavilla_crab_ZJetsToNuNu_HT2500ToInf_2018
DEBUG 2023-11-15 14:58:56.012 UTC: 	 Retrieving 'status_cache' file from https://cmsweb.cern.ch:8443/scheddmon/0197/lfavilla/231114_184855:lfavilla_crab_ZJetsToNuNu_HT2500ToInf_2018/status_cache.pkl
DEBUG 2023-11-15 14:58:56.012 UTC: 	 Will execute:
curl -sS --capath /etc/grid-security/certificates --cert /tmp/x509up_u159320 --key /tmp/x509up_u159320 -o /tmp/crab_status-cache-55ka63l1.pkl -w %"{http_code}" "https://cmsweb.cern.ch:8443/scheddmon/0197/lfavilla/231114_184855:lfavilla_crab_ZJetsToNuNu_HT2500ToInf_2018/status_cache.pkl"
DEBUG 2023-11-15 14:58:56.012 UTC: 	 Executing command :
 curl -sS --capath /etc/grid-security/certificates --cert /tmp/x509up_u159320 --key /tmp/x509up_u159320 -o /tmp/crab_status-cache-55ka63l1.pkl -w %"{http_code}" "https://cmsweb.cern.ch:8443/scheddmon/0197/lfavilla/231114_184855:lfavilla_crab_ZJetsToNuNu_HT2500ToInf_2018/status_cache.pkl"
DEBUG 2023-11-15 14:58:56.047 UTC: 	 output : 200
 error: 
 retcode : 0
DEBUG 2023-11-15 14:58:56.047 UTC: 	 exitcode: 0
stdout: 200
stderr: 
error details: 
DEBUG 2023-11-15 14:58:56.048 UTC: 	 Got information from status cache file: {'1': {'Retries': 0, 'Restarts': 0, 'SiteHistory': ['Unknown', 'T2_US_MIT', 'T2_US_MIT'], 'ResidentSetSize': [773276], 'SubmitTimes': [1699987812.0], 'StartTimes': [1699993218.0], 'EndTimes': [1699997255.0], 'TotalUserCpuTimeHistory': [3901], 'TotalSysCpuTimeHistory': [568], 'WallDurations': [8.0, 58.35862755775452, 4037.0], 'JobIds': ['97205580.0'], 'State': 'finished', 'RecordedSite': True}, '2': {'Retries': 0, 'Restarts': 0, 'SiteHistory': ['Unknown', 'T2_UK_SGrid_RALPP', 'T2_UK_SGrid_RALPP'], 'ResidentSetSize': [904444], 'SubmitTimes': [1699987812.0], 'StartTimes': [1699987963.0], 'EndTimes': [1700027242.0], 'TotalUserCpuTimeHistory': [41082.0], 'TotalSysCpuTimeHistory': [14294.0], 'WallDurations': [8.0, 210.0636122226715, 39279.0], 'JobIds': ['97205581.0'], 'State': 'finished', 'RecordedSite': True}, '3': {'Retries': 2, 'Restarts': 0, 'SiteHistory': ['Unknown', 'T2_DE_DESY', 'T2_DE_DESY', 'Unknown', 'T2_DE_DESY', 'T2_DE_DESY', 'T2_DE_DESY', 'T2_DE_DESY'], 'ResidentSetSize': [12312, 30000, 29988], 'SubmitTimes': [1699987812.0, 1699988596.0, 1699989143.0], 'StartTimes': [1699988456.0, 1699988955.0, 1699989209.0], 'EndTimes': [1699988527.0, 1699989017.0, 1699989271.0], 'TotalUserCpuTimeHistory': [4, 8, 13], 'TotalSysCpuTimeHistory': [0, 0, 0], 'WallDurations': [9.0, 17.262810230255127, 71.0, 62.0, 118.65333390235901, 118.65333390235901, 62.0, 164.84161615371704], 'JobIds': ['97205582.0', '97205853.0', '97206222.0'], 'State': 'failed', 'RecordedSite': True, 'Error': [50115, 'BadFWJRXML', {}]}}
INFO 2023-11-15 14:58:56.048 UTC: 	 Status on the scheduler:	FAILED
INFO 2023-11-15 14:58:56.048 UTC: 	 
Jobs status:                    failed       		 33.3% (1/3)
INFO 2023-11-15 14:58:56.048 UTC: 	 				finished     		 66.7% (2/3)
INFO 2023-11-15 14:58:56.048 UTC: 	 
No publication information (publication has been disabled in the CRAB configuration file)
INFO 2023-11-15 14:58:56.048 UTC: 	 
Error Summary: (use crab status --verboseErrors for details about the errors)

1 jobs failed with exit code 50115

Have a look at https://twiki.cern.ch/twiki/bin/viewauth/CMSPublic/JobExitCodes for a description of the exit codes.
INFO 2023-11-15 14:58:56.048 UTC: 	 
Warning: the max jobs runtime is less than 30% of the task requested value (2700 min), please consider to request a lower value for failed jobs (allowed through crab resubmit) and/or improve the jobs splitting (e.g. config.Data.splitting = 'Automatic') in a new task.
INFO 2023-11-15 14:58:56.048 UTC: 	 
Summary of run jobs:
 * Memory: 29MB min, 883MB max, 556MB ave
 * Runtime: 0:02:44 min, 10:54:39 max, 4:01:33 ave
 * CPU eff: 8% min, 141% max, 138% ave
 * Waste: 0:12:22 (2% of total)

DEBUG 2023-11-15 14:58:56.048 UTC: 	 Retrieving locations for task 231114_184855:lfavilla_crab_ZJetsToNuNu_HT2500ToInf_2018
DEBUG 2023-11-15 14:58:56.048 UTC: 	 Retrieving all file locations
DEBUG 2023-11-15 14:58:56.048 UTC: 	 Retrieving jobs [('jobids', '1'), ('jobids', '2'), ('jobids', '3')]
DEBUG 2023-11-15 14:58:56.049 UTC: 	 Encoded data for curl request: workflow=231114_184855%3Alfavilla_crab_ZJetsToNuNu_HT2500ToInf_2018&subresource=data2&limit=-1&jobids=1&jobids=2&jobids=3
DEBUG 2023-11-15 14:58:56.091 UTC: 	 Server result: {'result': [{'jobid': '2', 'lfn': '/store/user/lfavilla/DM_v0/ZJetsToNuNu_HT-2500ToInf_TuneCP5_13TeV-madgraphMLM-pythia8/ZJetsToNuNu_HT2500ToInf_2018/231114_184855/0000/tree_hadd_2.root', 'site': 'T2_IT_Pisa', 'tmplfn': '/store/user/lfavilla/DM_v0/ZJetsToNuNu_HT-2500ToInf_TuneCP5_13TeV-madgraphMLM-pythia8/ZJetsToNuNu_HT2500ToInf_2018/231114_184855/0000/tree_hadd_2.root', 'tmpsite': 'T2_UK_SGrid_RALPP', 'directstageout': 'F', 'size': 589009491, 'checksum': {'cksum': 3043090989, 'md5': '59ac0484', 'adler32': '59ac0484'}}, {'jobid': '1', 'lfn': '/store/user/lfavilla/DM_v0/ZJetsToNuNu_HT-2500ToInf_TuneCP5_13TeV-madgraphMLM-pythia8/ZJetsToNuNu_HT2500ToInf_2018/231114_184855/0000/tree_hadd_1.root', 'site': 'T2_IT_Pisa', 'tmplfn': '/store/user/lfavilla/DM_v0/ZJetsToNuNu_HT-2500ToInf_TuneCP5_13TeV-madgraphMLM-pythia8/ZJetsToNuNu_HT2500ToInf_2018/231114_184855/0000/tree_hadd_1.root', 'tmpsite': 'T2_US_MIT', 'directstageout': 'F', 'size': 65680585, 'checksum': {'cksum': 3837401016, 'md5': '4732d99c', 'adler32': '4732d99c'}}]}
DEBUG 2023-11-15 14:58:56.091 UTC: 	 Getting url info
DEBUG 2023-11-15 14:58:56.091 UTC: 	 XRootD urls are requested
INFO 2023-11-15 14:58:56.091 UTC: 	 root://cms-xrd-global.cern.ch//store/user/lfavilla/DM_v0/ZJetsToNuNu_HT-2500ToInf_TuneCP5_13TeV-madgraphMLM-pythia8/ZJetsToNuNu_HT2500ToInf_2018/231114_184855/0000/tree_hadd_2.root
root://cms-xrd-global.cern.ch//store/user/lfavilla/DM_v0/ZJetsToNuNu_HT-2500ToInf_TuneCP5_13TeV-madgraphMLM-pythia8/ZJetsToNuNu_HT2500ToInf_2018/231114_184855/0000/tree_hadd_1.root
DEBUG 2023-11-15 14:58:56.116 UTC: 	 Log file is /afs/cern.ch/user/l/lfavilla/CMSSW_12_6_0/src/PhysicsTools/NanoAODTools/crab/crab_ZJetsToNuNu_HT2500ToInf_2018/crab.log
