Processing dataset: TT_2018
		component: TT_Mtt_700to1000_2018
		component: TT_Mtt_1000toInf_2018
		component: TT_semilep_2018
		component: TT_hadr_2018
Processing dataset: QCD_2018
		component: QCD_HT100to200_2018
		component: QCD_HT200to300_2018
		component: QCD_HT300to500_2018
		component: QCD_HT500to700_2018
		component: QCD_HT700to1000_2018
		component: QCD_HT1000to1500_2018
		component: QCD_HT1500to2000_2018
		component: QCD_HT2000toInf_2018
Processing dataset: ZJetsToNuNu_2018
		component: ZJetsToNuNu_HT100To200_2018
		component: ZJetsToNuNu_HT200To400_2018
		component: ZJetsToNuNu_HT400To600_2018
		component: ZJetsToNuNu_HT600To800_2018
		component: ZJetsToNuNu_HT800To1200_2018
		component: ZJetsToNuNu_HT1200To2500_2018
		component: ZJetsToNuNu_HT2500ToInf_2018
Processing dataset: WJets_2018
		component: WJetsHT70to100_2018
		component: WJetsHT100to200_2018
		component: WJetsHT200to400_2018
		component: WJetsHT400to600_2018
		component: WJetsHT600to800_2018
		component: WJetsHT800to1200_2018
		component: WJetsHT1200to2500_2018
		component: WJetsHT2500toInf_2018
Processing dataset: TprimeToTZ_700_2018
		component: TprimeToTZ_700_2018
Processing dataset: TprimeToTZ_1000_2018
		component: TprimeToTZ_1000_2018
Processing dataset: TprimeToTZ_1800_2018
		component: TprimeToTZ_1800_2018
