000 (9128239.000.000) 12/08 10:36:55 Job submitted from host: <188.184.90.62:9618?addrs=188.184.90.62-9618+[2001-1458-201-e4--100-238]-9618&alias=bigbird16.cern.ch&noUDP&sock=schedd_4073970_23e3>
...
000 (9128240.000.000) 12/08 10:36:55 Job submitted from host: <188.184.90.62:9618?addrs=188.184.90.62-9618+[2001-1458-201-e4--100-238]-9618&alias=bigbird16.cern.ch&noUDP&sock=schedd_4073970_23e3>
...
040 (9128239.000.000) 12/08 10:37:09 Started transferring input files
	Transferring to host: <188.184.165.117:9618?addrs=188.184.165.117-9618+[2001-1458-301-51--100-70]-9618&alias=b9s14p0025.cern.ch&noUDP&sock=slot1_34_7428_72a7_17713>
...
040 (9128239.000.000) 12/08 10:37:09 Finished transferring input files
...
040 (9128240.000.000) 12/08 10:37:10 Started transferring input files
	Transferring to host: <128.142.194.200:9618?addrs=128.142.194.200-9618+[2001-1458-301-13--100-48]-9618&alias=b9g30p9028.cern.ch&noUDP&sock=slot1_31_147354_f921_78753>
...
040 (9128240.000.000) 12/08 10:37:10 Finished transferring input files
...
001 (9128239.000.000) 12/08 10:37:10 Job executing on host: <188.184.165.117:9618?addrs=188.184.165.117-9618+[2001-1458-301-51--100-70]-9618&alias=b9s14p0025.cern.ch&noUDP&sock=startd_6851_cb6d>
...
001 (9128240.000.000) 12/08 10:37:11 Job executing on host: <128.142.194.200:9618?addrs=128.142.194.200-9618+[2001-1458-301-13--100-48]-9618&alias=b9g30p9028.cern.ch&noUDP&sock=startd_136150_276c>
...
006 (9128239.000.000) 12/08 10:37:11 Image size of job updated: 256
	1  -  MemoryUsage of job (MB)
	8  -  ResidentSetSize of job (KB)
...
040 (9128239.000.000) 12/08 10:37:11 Started transferring output files
...
040 (9128239.000.000) 12/08 10:37:11 Finished transferring output files
...
005 (9128239.000.000) 12/08 10:37:11 Job terminated.
	(1) Normal termination (return value 1)
		Usr 0 00:00:00, Sys 0 00:00:00  -  Run Remote Usage
		Usr 0 00:00:00, Sys 0 00:00:00  -  Run Local Usage
		Usr 0 00:00:00, Sys 0 00:00:00  -  Total Remote Usage
		Usr 0 00:00:00, Sys 0 00:00:00  -  Total Local Usage
	582  -  Run Bytes Sent By Job
	11182  -  Run Bytes Received By Job
	582  -  Total Bytes Sent By Job
	11182  -  Total Bytes Received By Job
	Partitionable Resources :    Usage  Request Allocated 
	   Cpus                 :                 1         1 
	   Disk (KB)            :       29       12   2969238 
	   Memory (MB)          :        1     2000      2000 

	Job terminated of its own accord at 2023-12-08T09:37:11Z.
...
006 (9128240.000.000) 12/08 10:37:11 Image size of job updated: 168
	1  -  MemoryUsage of job (MB)
	168  -  ResidentSetSize of job (KB)
...
040 (9128240.000.000) 12/08 10:37:11 Started transferring output files
...
040 (9128240.000.000) 12/08 10:37:12 Finished transferring output files
...
005 (9128240.000.000) 12/08 10:37:12 Job terminated.
	(1) Normal termination (return value 1)
		Usr 0 00:00:00, Sys 0 00:00:00  -  Run Remote Usage
		Usr 0 00:00:00, Sys 0 00:00:00  -  Run Local Usage
		Usr 0 00:00:00, Sys 0 00:00:00  -  Total Remote Usage
		Usr 0 00:00:00, Sys 0 00:00:00  -  Total Local Usage
	542  -  Run Bytes Sent By Job
	11182  -  Run Bytes Received By Job
	542  -  Total Bytes Sent By Job
	11182  -  Total Bytes Received By Job
	Partitionable Resources :    Usage  Request Allocated 
	   Cpus                 :                 1         1 
	   Disk (KB)            :       28       12   2761153 
	   Memory (MB)          :        1     2000      2000 

	Job terminated of its own accord at 2023-12-08T09:37:11Z.
...
