000 (9128248.000.000) 12/08 10:40:38 Job submitted from host: <188.184.90.62:9618?addrs=188.184.90.62-9618+[2001-1458-201-e4--100-238]-9618&alias=bigbird16.cern.ch&noUDP&sock=schedd_4073970_23e3>
...
040 (9128248.000.000) 12/08 10:42:01 Started transferring input files
	Transferring to host: <128.142.248.214:9618?addrs=128.142.248.214-9618+[2001-1458-301-73--100-d5]-9618&alias=b9g23p2447.cern.ch&noUDP&sock=slot1_17_132447_a4a3_4975>
...
040 (9128248.000.000) 12/08 10:42:01 Finished transferring input files
...
001 (9128248.000.000) 12/08 10:42:02 Job executing on host: <128.142.248.214:9618?addrs=128.142.248.214-9618+[2001-1458-301-73--100-d5]-9618&alias=b9g23p2447.cern.ch&noUDP&sock=startd_118463_57d8>
...
006 (9128248.000.000) 12/08 10:42:03 Image size of job updated: 102800
	1  -  MemoryUsage of job (MB)
	304  -  ResidentSetSize of job (KB)
...
040 (9128248.000.000) 12/08 10:42:03 Started transferring output files
...
040 (9128248.000.000) 12/08 10:42:03 Finished transferring output files
...
005 (9128248.000.000) 12/08 10:42:04 Job terminated.
	(1) Normal termination (return value 1)
		Usr 0 00:00:01, Sys 0 00:00:00  -  Run Remote Usage
		Usr 0 00:00:00, Sys 0 00:00:00  -  Run Local Usage
		Usr 0 00:00:01, Sys 0 00:00:00  -  Total Remote Usage
		Usr 0 00:00:00, Sys 0 00:00:00  -  Total Local Usage
	574  -  Run Bytes Sent By Job
	11174  -  Run Bytes Received By Job
	574  -  Total Bytes Sent By Job
	11174  -  Total Bytes Received By Job
	Partitionable Resources :    Usage  Request Allocated 
	   Cpus                 :                 1         1 
	   Disk (KB)            :       29       12   3225845 
	   Memory (MB)          :        1     2000      2000 

	Job terminated of its own accord at 2023-12-08T09:42:03Z.
...
000 (9128251.000.000) 12/08 10:43:27 Job submitted from host: <188.184.90.62:9618?addrs=188.184.90.62-9618+[2001-1458-201-e4--100-238]-9618&alias=bigbird16.cern.ch&noUDP&sock=schedd_4073970_23e3>
...
040 (9128251.000.000) 12/08 10:50:02 Started transferring input files
	Transferring to host: <128.142.248.214:9618?addrs=128.142.248.214-9618+[2001-1458-301-73--100-d5]-9618&alias=b9g23p2447.cern.ch&noUDP&sock=slot1_13_132447_a4a3_4980>
...
040 (9128251.000.000) 12/08 10:50:02 Finished transferring input files
...
001 (9128251.000.000) 12/08 10:50:03 Job executing on host: <128.142.248.214:9618?addrs=128.142.248.214-9618+[2001-1458-301-73--100-d5]-9618&alias=b9g23p2447.cern.ch&noUDP&sock=startd_118463_57d8>
...
006 (9128251.000.000) 12/08 10:50:05 Image size of job updated: 102928
	1  -  MemoryUsage of job (MB)
	356  -  ResidentSetSize of job (KB)
...
040 (9128251.000.000) 12/08 10:50:05 Started transferring output files
...
040 (9128251.000.000) 12/08 10:50:05 Finished transferring output files
...
005 (9128251.000.000) 12/08 10:50:05 Job terminated.
	(1) Normal termination (return value 1)
		Usr 0 00:00:01, Sys 0 00:00:00  -  Run Remote Usage
		Usr 0 00:00:00, Sys 0 00:00:00  -  Run Local Usage
		Usr 0 00:00:01, Sys 0 00:00:00  -  Total Remote Usage
		Usr 0 00:00:00, Sys 0 00:00:00  -  Total Local Usage
	574  -  Run Bytes Sent By Job
	11174  -  Run Bytes Received By Job
	574  -  Total Bytes Sent By Job
	11174  -  Total Bytes Received By Job
	Partitionable Resources :    Usage  Request Allocated 
	   Cpus                 :                 1         1 
	   Disk (KB)            :       29       12   3223151 
	   Memory (MB)          :        1     2000      2000 

	Job terminated of its own accord at 2023-12-08T09:50:05Z.
...
000 (9128257.000.000) 12/08 10:56:26 Job submitted from host: <188.184.90.62:9618?addrs=188.184.90.62-9618+[2001-1458-201-e4--100-238]-9618&alias=bigbird16.cern.ch&noUDP&sock=schedd_4073970_23e3>
...
040 (9128257.000.000) 12/08 10:57:02 Started transferring input files
	Transferring to host: <128.142.192.148:9618?addrs=128.142.192.148-9618+[2001-1458-301-56--100-10]-9618&alias=b9g18p7256.cern.ch&noUDP&sock=slot1_1_8179_9866_207>
...
040 (9128257.000.000) 12/08 10:57:02 Finished transferring input files
...
001 (9128257.000.000) 12/08 10:57:03 Job executing on host: <128.142.192.148:9618?addrs=128.142.192.148-9618+[2001-1458-301-56--100-10]-9618&alias=b9g18p7256.cern.ch&noUDP&sock=startd_8116_7abb>
...
006 (9128257.000.000) 12/08 10:57:05 Image size of job updated: 256
	1  -  MemoryUsage of job (MB)
	8  -  ResidentSetSize of job (KB)
...
040 (9128257.000.000) 12/08 10:57:05 Started transferring output files
...
040 (9128257.000.000) 12/08 10:57:05 Finished transferring output files
...
005 (9128257.000.000) 12/08 10:57:05 Job terminated.
	(1) Normal termination (return value 1)
		Usr 0 00:00:00, Sys 0 00:00:00  -  Run Remote Usage
		Usr 0 00:00:00, Sys 0 00:00:00  -  Run Local Usage
		Usr 0 00:00:00, Sys 0 00:00:00  -  Total Remote Usage
		Usr 0 00:00:00, Sys 0 00:00:00  -  Total Local Usage
	542  -  Run Bytes Sent By Job
	11174  -  Run Bytes Received By Job
	542  -  Total Bytes Sent By Job
	11174  -  Total Bytes Received By Job
	Partitionable Resources :    Usage  Request Allocated 
	   Cpus                 :                 1         1 
	   Disk (KB)            :       28       12   3057471 
	   Memory (MB)          :        1     2000      2000 

	Job terminated of its own accord at 2023-12-08T09:57:05Z.
...
000 (9129288.000.000) 12/08 11:55:05 Job submitted from host: <188.184.90.62:9618?addrs=188.184.90.62-9618+[2001-1458-201-e4--100-238]-9618&alias=bigbird16.cern.ch&noUDP&sock=schedd_4073970_23e3>
...
040 (9129288.000.000) 12/08 11:55:08 Started transferring input files
	Transferring to host: <188.184.164.224:9618?addrs=188.184.164.224-9618+[2001-1458-301-4e--100-da]-9618&alias=b9s13p1773.cern.ch&noUDP&sock=slot1_1_6781_93ed_265>
...
040 (9129288.000.000) 12/08 11:55:08 Finished transferring input files
...
001 (9129288.000.000) 12/08 11:55:09 Job executing on host: <188.184.164.224:9618?addrs=188.184.164.224-9618+[2001-1458-301-4e--100-da]-9618&alias=b9s13p1773.cern.ch&noUDP&sock=startd_6027_9963>
...
006 (9129288.000.000) 12/08 11:55:11 Image size of job updated: 256
	1  -  MemoryUsage of job (MB)
	8  -  ResidentSetSize of job (KB)
...
040 (9129288.000.000) 12/08 11:55:11 Started transferring output files
...
040 (9129288.000.000) 12/08 11:55:11 Finished transferring output files
...
005 (9129288.000.000) 12/08 11:55:11 Job terminated.
	(1) Normal termination (return value 1)
		Usr 0 00:00:00, Sys 0 00:00:00  -  Run Remote Usage
		Usr 0 00:00:00, Sys 0 00:00:00  -  Run Local Usage
		Usr 0 00:00:00, Sys 0 00:00:00  -  Total Remote Usage
		Usr 0 00:00:00, Sys 0 00:00:00  -  Total Local Usage
	542  -  Run Bytes Sent By Job
	11174  -  Run Bytes Received By Job
	542  -  Total Bytes Sent By Job
	11174  -  Total Bytes Received By Job
	Partitionable Resources :    Usage  Request Allocated 
	   Cpus                 :                 1         1 
	   Disk (KB)            :       28       12   2978702 
	   Memory (MB)          :        1     2000      2000 

	Job terminated of its own accord at 2023-12-08T10:55:11Z.
...
000 (9129292.000.000) 12/08 11:57:36 Job submitted from host: <188.184.90.62:9618?addrs=188.184.90.62-9618+[2001-1458-201-e4--100-238]-9618&alias=bigbird16.cern.ch&noUDP&sock=schedd_4073970_23e3>
...
040 (9129292.000.000) 12/08 12:01:24 Started transferring input files
	Transferring to host: <128.142.61.145:9618?addrs=128.142.61.145-9618&alias=b7s06p8186.cern.ch&noUDP&sock=slot1_37_3918_55d8_111519>
...
040 (9129292.000.000) 12/08 12:01:24 Finished transferring input files
...
001 (9129292.000.000) 12/08 12:01:25 Job executing on host: <128.142.61.145:9618?addrs=128.142.61.145-9618&alias=b7s06p8186.cern.ch&noUDP&sock=startd_2764_73dc>
...
006 (9129292.000.000) 12/08 12:01:33 Image size of job updated: 717180
	146  -  MemoryUsage of job (MB)
	149140  -  ResidentSetSize of job (KB)
...
006 (9129292.000.000) 12/08 12:02:21 Image size of job updated: 1304060
	146  -  MemoryUsage of job (MB)
	149140  -  ResidentSetSize of job (KB)
...
040 (9129292.000.000) 12/08 12:02:21 Started transferring output files
...
040 (9129292.000.000) 12/08 12:02:22 Finished transferring output files
...
005 (9129292.000.000) 12/08 12:02:23 Job terminated.
	(1) Normal termination (return value 0)
		Usr 0 00:00:13, Sys 0 00:00:01  -  Run Remote Usage
		Usr 0 00:00:00, Sys 0 00:00:00  -  Run Local Usage
		Usr 0 00:00:13, Sys 0 00:00:01  -  Total Remote Usage
		Usr 0 00:00:00, Sys 0 00:00:00  -  Total Local Usage
	5617  -  Run Bytes Sent By Job
	11174  -  Run Bytes Received By Job
	5617  -  Total Bytes Sent By Job
	11174  -  Total Bytes Received By Job
	Partitionable Resources :    Usage  Request Allocated 
	   Cpus                 :                 1         1 
	   Disk (KB)            :       30       12   1216806 
	   Memory (MB)          :      146     2000      2000 

	Job terminated of its own accord at 2023-12-08T11:02:21Z.
...
