000 (9128197.000.000) 12/08 10:33:31 Job submitted from host: <188.184.90.62:9618?addrs=188.184.90.62-9618+[2001-1458-201-e4--100-238]-9618&alias=bigbird16.cern.ch&noUDP&sock=schedd_4073970_23e3>
...
009 (9128197.000.000) 12/08 10:33:41 Job was aborted.
	via condor_rm (by user lfavilla)
...
000 (9128201.000.000) 12/08 10:34:50 Job submitted from host: <188.184.90.62:9618?addrs=188.184.90.62-9618+[2001-1458-201-e4--100-238]-9618&alias=bigbird16.cern.ch&noUDP&sock=schedd_4073970_23e3>
...
000 (9128202.000.000) 12/08 10:34:51 Job submitted from host: <188.184.90.62:9618?addrs=188.184.90.62-9618+[2001-1458-201-e4--100-238]-9618&alias=bigbird16.cern.ch&noUDP&sock=schedd_4073970_23e3>
...
009 (9128201.000.000) 12/08 10:34:57 Job was aborted.
	via condor_rm (by user lfavilla)
...
009 (9128202.000.000) 12/08 10:34:57 Job was aborted.
	via condor_rm (by user lfavilla)
...
000 (9128204.000.000) 12/08 10:35:20 Job submitted from host: <188.184.90.62:9618?addrs=188.184.90.62-9618+[2001-1458-201-e4--100-238]-9618&alias=bigbird16.cern.ch&noUDP&sock=schedd_4073970_23e3>
...
009 (9128204.000.000) 12/08 10:36:13 Job was aborted.
	via condor_rm (by user lfavilla)
...
000 (9128231.000.000) 12/08 10:36:34 Job submitted from host: <188.184.90.62:9618?addrs=188.184.90.62-9618+[2001-1458-201-e4--100-238]-9618&alias=bigbird16.cern.ch&noUDP&sock=schedd_4073970_23e3>
...
040 (9128231.000.000) 12/08 10:37:10 Started transferring input files
	Transferring to host: <128.142.33.225:9618?addrs=128.142.33.225-9618+[2001-1458-301-39--100-1e]-9618&alias=b9g24p1582.cern.ch&noUDP&sock=slot1_22_145239_c3ab_79428>
...
040 (9128231.000.000) 12/08 10:37:10 Finished transferring input files
...
001 (9128231.000.000) 12/08 10:37:11 Job executing on host: <128.142.33.225:9618?addrs=128.142.33.225-9618+[2001-1458-301-39--100-1e]-9618&alias=b9g24p1582.cern.ch&noUDP&sock=startd_134615_458c>
...
006 (9128231.000.000) 12/08 10:37:11 Image size of job updated: 8
	1  -  MemoryUsage of job (MB)
	8  -  ResidentSetSize of job (KB)
...
040 (9128231.000.000) 12/08 10:37:11 Started transferring output files
...
040 (9128231.000.000) 12/08 10:37:11 Finished transferring output files
...
005 (9128231.000.000) 12/08 10:37:11 Job terminated.
	(1) Normal termination (return value 1)
		Usr 0 00:00:00, Sys 0 00:00:00  -  Run Remote Usage
		Usr 0 00:00:00, Sys 0 00:00:00  -  Run Local Usage
		Usr 0 00:00:00, Sys 0 00:00:00  -  Total Remote Usage
		Usr 0 00:00:00, Sys 0 00:00:00  -  Total Local Usage
	542  -  Run Bytes Sent By Job
	11177  -  Run Bytes Received By Job
	542  -  Total Bytes Sent By Job
	11177  -  Total Bytes Received By Job
	Partitionable Resources :    Usage  Request Allocated 
	   Cpus                 :                 1         1 
	   Disk (KB)            :       28       12   2940253 
	   Memory (MB)          :        1     2000      2000 

	Job terminated of its own accord at 2023-12-08T09:37:11Z.
...
000 (9128247.000.000) 12/08 10:40:36 Job submitted from host: <188.184.90.62:9618?addrs=188.184.90.62-9618+[2001-1458-201-e4--100-238]-9618&alias=bigbird16.cern.ch&noUDP&sock=schedd_4073970_23e3>
...
040 (9128247.000.000) 12/08 10:42:01 Started transferring input files
	Transferring to host: <128.142.248.42:9618?addrs=128.142.248.42-9618+[2001-1458-301-73--100-11a]-9618&alias=b9g23p2144.cern.ch&noUDP&sock=slot1_16_128247_5cf8_5118>
...
040 (9128247.000.000) 12/08 10:42:01 Finished transferring input files
...
001 (9128247.000.000) 12/08 10:42:02 Job executing on host: <128.142.248.42:9618?addrs=128.142.248.42-9618+[2001-1458-301-73--100-11a]-9618&alias=b9g23p2144.cern.ch&noUDP&sock=startd_118633_f2f2>
...
006 (9128247.000.000) 12/08 10:42:04 Image size of job updated: 132532
	30  -  MemoryUsage of job (MB)
	29816  -  ResidentSetSize of job (KB)
...
040 (9128247.000.000) 12/08 10:42:05 Started transferring output files
...
040 (9128247.000.000) 12/08 10:42:05 Finished transferring output files
...
005 (9128247.000.000) 12/08 10:42:05 Job terminated.
	(1) Normal termination (return value 1)
		Usr 0 00:00:01, Sys 0 00:00:00  -  Run Remote Usage
		Usr 0 00:00:00, Sys 0 00:00:00  -  Run Local Usage
		Usr 0 00:00:01, Sys 0 00:00:00  -  Total Remote Usage
		Usr 0 00:00:00, Sys 0 00:00:00  -  Total Local Usage
	577  -  Run Bytes Sent By Job
	11177  -  Run Bytes Received By Job
	577  -  Total Bytes Sent By Job
	11177  -  Total Bytes Received By Job
	Partitionable Resources :    Usage  Request Allocated 
	   Cpus                 :                 1         1 
	   Disk (KB)            :       29       12   3210232 
	   Memory (MB)          :       30     2000      2000 

	Job terminated of its own accord at 2023-12-08T09:42:04Z.
...
000 (9128252.000.000) 12/08 10:43:28 Job submitted from host: <188.184.90.62:9618?addrs=188.184.90.62-9618+[2001-1458-201-e4--100-238]-9618&alias=bigbird16.cern.ch&noUDP&sock=schedd_4073970_23e3>
...
040 (9128252.000.000) 12/08 10:50:03 Started transferring input files
	Transferring to host: <128.142.248.42:9618?addrs=128.142.248.42-9618+[2001-1458-301-73--100-11a]-9618&alias=b9g23p2144.cern.ch&noUDP&sock=slot1_16_128247_5cf8_5123>
...
040 (9128252.000.000) 12/08 10:50:03 Finished transferring input files
...
001 (9128252.000.000) 12/08 10:50:04 Job executing on host: <128.142.248.42:9618?addrs=128.142.248.42-9618+[2001-1458-301-73--100-11a]-9618&alias=b9g23p2144.cern.ch&noUDP&sock=startd_118633_f2f2>
...
006 (9128252.000.000) 12/08 10:50:06 Image size of job updated: 256
	1  -  MemoryUsage of job (MB)
	8  -  ResidentSetSize of job (KB)
...
040 (9128252.000.000) 12/08 10:50:06 Started transferring output files
...
040 (9128252.000.000) 12/08 10:50:06 Finished transferring output files
...
005 (9128252.000.000) 12/08 10:50:06 Job terminated.
	(1) Normal termination (return value 1)
		Usr 0 00:00:00, Sys 0 00:00:00  -  Run Remote Usage
		Usr 0 00:00:00, Sys 0 00:00:00  -  Run Local Usage
		Usr 0 00:00:00, Sys 0 00:00:00  -  Total Remote Usage
		Usr 0 00:00:00, Sys 0 00:00:00  -  Total Local Usage
	577  -  Run Bytes Sent By Job
	11177  -  Run Bytes Received By Job
	577  -  Total Bytes Sent By Job
	11177  -  Total Bytes Received By Job
	Partitionable Resources :    Usage  Request Allocated 
	   Cpus                 :                 1         1 
	   Disk (KB)            :       29       12   3203285 
	   Memory (MB)          :        1     2000      2000 

	Job terminated of its own accord at 2023-12-08T09:50:06Z.
...
000 (9128255.000.000) 12/08 10:56:24 Job submitted from host: <188.184.90.62:9618?addrs=188.184.90.62-9618+[2001-1458-201-e4--100-238]-9618&alias=bigbird16.cern.ch&noUDP&sock=schedd_4073970_23e3>
...
000 (9128256.000.000) 12/08 10:56:25 Job submitted from host: <188.184.90.62:9618?addrs=188.184.90.62-9618+[2001-1458-201-e4--100-238]-9618&alias=bigbird16.cern.ch&noUDP&sock=schedd_4073970_23e3>
...
040 (9128255.000.000) 12/08 10:57:02 Started transferring input files
	Transferring to host: <128.142.192.181:9618?addrs=128.142.192.181-9618+[2001-1458-301-56--100-31]-9618&alias=b9g18p8042.cern.ch&noUDP&sock=slot1_1_10807_4251_54007>
...
040 (9128255.000.000) 12/08 10:57:02 Finished transferring input files
...
040 (9128256.000.000) 12/08 10:57:03 Started transferring input files
	Transferring to host: <128.142.192.155:9618?addrs=128.142.192.155-9618+[2001-1458-301-56--100-17]-9618&alias=b9g18p4752.cern.ch&noUDP&sock=slot1_2_6524_7f82_219>
...
040 (9128256.000.000) 12/08 10:57:03 Finished transferring input files
...
001 (9128255.000.000) 12/08 10:57:03 Job executing on host: <128.142.192.181:9618?addrs=128.142.192.181-9618+[2001-1458-301-56--100-31]-9618&alias=b9g18p8042.cern.ch&noUDP&sock=startd_9655_1afc>
...
001 (9128256.000.000) 12/08 10:57:04 Job executing on host: <128.142.192.155:9618?addrs=128.142.192.155-9618+[2001-1458-301-56--100-17]-9618&alias=b9g18p4752.cern.ch&noUDP&sock=startd_5736_ff54>
...
006 (9128255.000.000) 12/08 10:57:05 Image size of job updated: 8
	1  -  MemoryUsage of job (MB)
	8  -  ResidentSetSize of job (KB)
...
006 (9128256.000.000) 12/08 10:57:05 Image size of job updated: 256
	1  -  MemoryUsage of job (MB)
	8  -  ResidentSetSize of job (KB)
...
040 (9128255.000.000) 12/08 10:57:05 Started transferring output files
...
040 (9128255.000.000) 12/08 10:57:05 Finished transferring output files
...
005 (9128255.000.000) 12/08 10:57:05 Job terminated.
	(1) Normal termination (return value 1)
		Usr 0 00:00:00, Sys 0 00:00:00  -  Run Remote Usage
		Usr 0 00:00:00, Sys 0 00:00:00  -  Run Local Usage
		Usr 0 00:00:00, Sys 0 00:00:00  -  Total Remote Usage
		Usr 0 00:00:00, Sys 0 00:00:00  -  Total Local Usage
	542  -  Run Bytes Sent By Job
	11177  -  Run Bytes Received By Job
	542  -  Total Bytes Sent By Job
	11177  -  Total Bytes Received By Job
	Partitionable Resources :    Usage  Request Allocated 
	   Cpus                 :                 1         1 
	   Disk (KB)            :       28       12   2912936 
	   Memory (MB)          :        1     2000      2000 

	Job terminated of its own accord at 2023-12-08T09:57:05Z.
...
040 (9128256.000.000) 12/08 10:57:05 Started transferring output files
...
040 (9128256.000.000) 12/08 10:57:05 Finished transferring output files
...
005 (9128256.000.000) 12/08 10:57:06 Job terminated.
	(1) Normal termination (return value 1)
		Usr 0 00:00:00, Sys 0 00:00:00  -  Run Remote Usage
		Usr 0 00:00:00, Sys 0 00:00:00  -  Run Local Usage
		Usr 0 00:00:00, Sys 0 00:00:00  -  Total Remote Usage
		Usr 0 00:00:00, Sys 0 00:00:00  -  Total Local Usage
	542  -  Run Bytes Sent By Job
	11177  -  Run Bytes Received By Job
	542  -  Total Bytes Sent By Job
	11177  -  Total Bytes Received By Job
	Partitionable Resources :    Usage  Request Allocated 
	   Cpus                 :                 1         1 
	   Disk (KB)            :       28       12   3037259 
	   Memory (MB)          :        1     2000      2000 

	Job terminated of its own accord at 2023-12-08T09:57:05Z.
...
000 (9129277.000.000) 12/08 11:49:46 Job submitted from host: <188.184.90.62:9618?addrs=188.184.90.62-9618+[2001-1458-201-e4--100-238]-9618&alias=bigbird16.cern.ch&noUDP&sock=schedd_4073970_23e3>
...
009 (9129277.000.000) 12/08 11:54:40 Job was aborted.
	via condor_rm (by user lfavilla)
...
000 (9129287.000.000) 12/08 11:55:04 Job submitted from host: <188.184.90.62:9618?addrs=188.184.90.62-9618+[2001-1458-201-e4--100-238]-9618&alias=bigbird16.cern.ch&noUDP&sock=schedd_4073970_23e3>
...
040 (9129287.000.000) 12/08 11:55:09 Started transferring input files
	Transferring to host: <188.184.163.111:9618?addrs=188.184.163.111-9618+[2001-1458-301-4d--100-69]-9618&alias=b9s12p1518.cern.ch&noUDP&sock=slot1_11_13532_449f_21284>
...
040 (9129287.000.000) 12/08 11:55:09 Finished transferring input files
...
001 (9129287.000.000) 12/08 11:55:10 Job executing on host: <188.184.163.111:9618?addrs=188.184.163.111-9618+[2001-1458-301-4d--100-69]-9618&alias=b9s12p1518.cern.ch&noUDP&sock=startd_11962_83f9>
...
006 (9129287.000.000) 12/08 11:55:11 Image size of job updated: 256
	1  -  MemoryUsage of job (MB)
	8  -  ResidentSetSize of job (KB)
...
040 (9129287.000.000) 12/08 11:55:12 Started transferring output files
...
040 (9129287.000.000) 12/08 11:55:12 Finished transferring output files
...
005 (9129287.000.000) 12/08 11:55:12 Job terminated.
	(1) Normal termination (return value 1)
		Usr 0 00:00:00, Sys 0 00:00:00  -  Run Remote Usage
		Usr 0 00:00:00, Sys 0 00:00:00  -  Run Local Usage
		Usr 0 00:00:00, Sys 0 00:00:00  -  Total Remote Usage
		Usr 0 00:00:00, Sys 0 00:00:00  -  Total Local Usage
	577  -  Run Bytes Sent By Job
	11177  -  Run Bytes Received By Job
	577  -  Total Bytes Sent By Job
	11177  -  Total Bytes Received By Job
	Partitionable Resources :    Usage  Request Allocated 
	   Cpus                 :                 1         1 
	   Disk (KB)            :       29       12   2964933 
	   Memory (MB)          :        1     2000      2000 

	Job terminated of its own accord at 2023-12-08T10:55:11Z.
...
000 (9129291.000.000) 12/08 11:57:34 Job submitted from host: <188.184.90.62:9618?addrs=188.184.90.62-9618+[2001-1458-201-e4--100-238]-9618&alias=bigbird16.cern.ch&noUDP&sock=schedd_4073970_23e3>
...
040 (9129291.000.000) 12/08 12:01:23 Started transferring input files
	Transferring to host: <128.142.57.108:9618?addrs=128.142.57.108-9618+[2001-1458-301-7--100-6b]-9618&alias=b7s02p5477.cern.ch&noUDP&sock=slot1_2_4481_050f_179687>
...
040 (9129291.000.000) 12/08 12:01:23 Finished transferring input files
...
001 (9129291.000.000) 12/08 12:01:24 Job executing on host: <128.142.57.108:9618?addrs=128.142.57.108-9618+[2001-1458-301-7--100-6b]-9618&alias=b7s02p5477.cern.ch&noUDP&sock=startd_3206_a0b8>
...
006 (9129291.000.000) 12/08 12:01:32 Image size of job updated: 831304
	147  -  MemoryUsage of job (MB)
	150208  -  ResidentSetSize of job (KB)
...
006 (9129291.000.000) 12/08 12:06:32 Image size of job updated: 1307072
	229  -  MemoryUsage of job (MB)
	233800  -  ResidentSetSize of job (KB)
...
006 (9129291.000.000) 12/08 12:11:33 Image size of job updated: 1307072
	229  -  MemoryUsage of job (MB)
	233828  -  ResidentSetSize of job (KB)
...
006 (9129291.000.000) 12/08 12:16:33 Image size of job updated: 1307072
	229  -  MemoryUsage of job (MB)
	233852  -  ResidentSetSize of job (KB)
...
006 (9129291.000.000) 12/08 12:21:33 Image size of job updated: 1307072
	229  -  MemoryUsage of job (MB)
	233880  -  ResidentSetSize of job (KB)
...
040 (9129291.000.000) 12/08 12:22:16 Started transferring output files
...
040 (9129291.000.000) 12/08 12:22:16 Finished transferring output files
...
005 (9129291.000.000) 12/08 12:22:16 Job terminated.
	(1) Normal termination (return value 0)
		Usr 0 00:09:11, Sys 0 00:00:05  -  Run Remote Usage
		Usr 0 00:00:00, Sys 0 00:00:00  -  Run Local Usage
		Usr 0 00:09:11, Sys 0 00:00:05  -  Total Remote Usage
		Usr 0 00:00:00, Sys 0 00:00:00  -  Total Local Usage
	12281  -  Run Bytes Sent By Job
	11177  -  Run Bytes Received By Job
	12281  -  Total Bytes Sent By Job
	11177  -  Total Bytes Received By Job
	Partitionable Resources :    Usage  Request Allocated 
	   Cpus                 :     0.38        1         1 
	   Disk (KB)            :    44          12   1275149 
	   Memory (MB)          :   229        2000      2000 

	Job terminated of its own accord at 2023-12-08T11:22:16Z.
...
